Scenario - 
Logfile written - 03/09/2016 11:37:21

Subject	Trial	Event Type	Code	Time	TTime	Uncertainty	Duration	Uncertainty	ReqTime	ReqDur	Stim Type	Pair Index

SEE_02_64_M	1	Response	0	190311	190161	1
SEE_02_64_M	4	Picture	+	230661	0	1	63832	1	0	next	other	0
SEE_02_64_M	5	Sound	hi097a	230662	0	1			0		other	0
SEE_02_64_M	6	Picture	500+	294492	0	1	5167	1	0	5000	other	0
SEE_02_64_M	7	Picture	low_P168	299659	0	1	30166	1	0	30000	other	0
SEE_02_64_M	8	Picture	+	329825	0	1	59165	1	0	next	other	0
SEE_02_64_M	9	Sound	hi097b	329825	0	1			0		other	0
SEE_02_64_M	10	Picture	500+	388990	0	1	5167	1	0	5000	other	0
SEE_02_64_M	11	Picture	hi_O132	394157	0	1	30166	1	0	30000	other	0
SEE_02_64_M	12	Picture	+	424489	0	1	20166	1	0	32670	other	0
SEE_02_64_M	13	Picture	hi_P144	444655	0	1	30166	1	0	30000	other	0
SEE_02_64_M	14	Picture	+	474988	0	1	20166	1	0	43630	other	0
SEE_02_64_M	15	Picture	low_A090	495154	0	1	30166	1	0	30000	other	0
SEE_02_64_M	16	Picture	+	525487	0	1	87831	1	0	next	other	0
SEE_02_64_M	17	Sound	low149a	545487	0	1			0		other	0
SEE_02_64_M	18	Picture	500+	613318	0	1	5167	1	0	5000	other	0
SEE_02_64_M	19	Picture	low_A221	618484	0	1	30166	1	0	30000	other	0
SEE_02_64_M	20	Picture	+	648817	0	1	65998	1	0	next	other	0
SEE_02_64_M	21	Sound	low149b	648817	0	2			0		other	0
SEE_02_64_M	22	Picture	500+	714815	0	1	5167	1	0	5000	other	0
SEE_02_64_M	23	Picture	hi_F158	719982	0	1	30166	1	0	30000	other	0
SEE_02_64_M	24	Picture	+	750314	0	1	20166	1	0	32150	other	0
SEE_02_64_M	25	Picture	hi_A063	770480	0	1	30166	1	0	30000	other	0
SEE_02_64_M	26	Picture	+	800813	0	1	20166	1	0	41790	other	0
SEE_02_64_M	27	Picture	low_A139	820979	0	1	30166	1	0	30000	other	0
SEE_02_64_M	28	Picture	+	851312	0	1	76332	1	0	next	other	0
SEE_02_64_M	29	Sound	hi010a	871312	0	1			0		other	0
SEE_02_64_M	30	Picture	500+	927643	0	1	5167	1	0	5000	other	0
SEE_02_64_M	31	Picture	low_P152	932810	0	1	30166	1	0	30000	other	0
SEE_02_64_M	32	Picture	+	962976	0	1	58165	1	0	next	other	0
SEE_02_64_M	33	Sound	hi010b	962976	0	1			0		other	0
SEE_02_64_M	34	Picture	500+	1021141	0	1	5167	1	0	5000	other	0
SEE_02_64_M	35	Picture	hi_P132	1026307	0	1	30166	1	0	30000	other	0
SEE_02_64_M	36	Picture	+	1056640	0	1	20166	1	0	31570	other	0
SEE_02_64_M	37	Picture	hi_O001	1076806	0	1	30166	1	0	30000	other	0
SEE_02_64_M	38	Picture	+	1107139	0	1	20166	1	0	39860	other	0
SEE_02_64_M	39	Picture	low_F045	1127305	0	1	30166	1	0	30000	other	0
SEE_02_64_M	40	Picture	+	1157637	0	1	89831	1	0	next	other	0
SEE_02_64_M	41	Sound	low049a	1177638	0	2			0		other	0
SEE_02_64_M	42	Picture	500+	1247468	0	1	5167	1	0	5000	other	0
SEE_02_64_M	43	Picture	low_O326	1252635	0	1	30166	1	0	30000	other	0
SEE_02_64_M	44	Picture	+	1282801	0	1	59498	1	0	next	other	0
SEE_02_64_M	45	Sound	low049b	1282801	0	1			0		other	0
SEE_02_64_M	46	Picture	500+	1342299	0	1	5167	1	0	5000	other	0
SEE_02_64_M	47	Picture	hi_F010	1347633	0	1	30166	1	0	30000	other	0
SEE_02_64_M	48	Picture	+	1377965	0	1	20166	1	0	38010	other	0
SEE_02_64_M	49	Picture	low_L128	1398131	0	1	30166	1	0	30000	other	0
SEE_02_64_M	50	Picture	+	1428464	0	1	20166	1	0	35610	other	0
SEE_02_64_M	51	Picture	hi_P022	1448630	0	1	30166	1	0	30000	other	0
SEE_02_64_M	52	Picture	+	1478963	0	1	79998	1	0	next	other	0
SEE_02_64_M	53	Sound	hi249a	1498963	0	1			0		other	0
SEE_02_64_M	54	Picture	500+	1558961	0	1	5167	1	0	5000	other	0
SEE_02_64_M	55	Picture	hi_F174	1564127	0	1	30166	1	0	30000	other	0
SEE_02_64_M	56	Picture	+	1594293	0	1	63665	1	0	next	other	0
SEE_02_64_M	57	Sound	hi249b	1594294	0	1			0		other	0
SEE_02_64_M	58	Picture	500+	1657958	0	1	5167	1	0	5000	other	0
SEE_02_64_M	59	Picture	low_L064	1663125	0	1	30166	1	0	30000	other	0
SEE_02_64_M	60	Picture	+	1693457	0	1	20166	1	0	33480	other	0
SEE_02_64_M	61	Picture	hi_O202	1713623	0	1	30166	1	0	30000	other	0
SEE_02_64_M	62	Picture	+	1743956	0	1	20166	1	0	30770	other	0
SEE_02_64_M	63	Picture	low_A136	1764122	0	1	30166	1	0	30000	other	0
SEE_02_64_M	64	Picture	+	1794455	0	1	81998	1	0	next	other	0
SEE_02_64_M	65	Sound	low038a	1814455	0	1			0		other	0
SEE_02_64_M	66	Picture	500+	1876453	0	1	5167	1	0	5000	other	0
SEE_02_64_M	67	Picture	hi_P216	1881619	0	1	30166	1	0	30000	other	0
SEE_02_64_M	68	Picture	+	1911785	0	1	59999	1	0	next	other	0
SEE_02_64_M	69	Sound	low038b	1911786	0	1			0		other	0
SEE_02_64_M	70	Picture	500+	1971784	0	1	5167	1	0	5000	other	0
SEE_02_64_M	71	Picture	low_F125	1976950	0	1	30166	1	0	30000	other	0
SEE_02_64_M	72	Picture	+	2007283	0	1	20166	1	0	33160	other	0
SEE_02_64_M	73	Picture	low_F129	2027449	0	1	30166	1	0	30000	other	0
SEE_02_64_M	74	Picture	+	2057781	0	1	20166	1	0	44600	other	0
SEE_02_64_M	75	Picture	hi_P008	2077948	0	1	30166	1	0	30000	other	0
SEE_02_64_M	76	Picture	+	2108280	0	1	76165	1	0	next	other	0
SEE_02_64_M	77	Sound	hi243a	2128281	0	1			0		other	0
SEE_02_64_M	78	Picture	500+	2184445	0	1	5167	1	0	5000	other	0
SEE_02_64_M	79	Picture	hi_P238	2189611	0	1	30166	1	0	30000	other	0
SEE_02_64_M	80	Picture	+	2219944	0	1	65165	1	0	next	other	0
SEE_02_64_M	81	Sound	hi243b	2219945	0	1			0		other	0
SEE_02_64_M	82	Picture	500+	2285109	0	1	5167	1	0	5000	other	0
SEE_02_64_M	83	Picture	low_L054	2290442	0	1	30166	1	0	30000	other	0
SEE_02_64_M	84	Picture	+	2320775	0	1	20166	1	0	42270	other	0
SEE_02_64_M	85	Picture	low_P179	2340941	0	1	30166	1	0	30000	other	0
SEE_02_64_M	86	Picture	+	2371273	0	1	20166	1	0	32850	other	0
SEE_02_64_M	87	Picture	hi_A048	2391440	0	1	30166	1	0	30000	other	0
SEE_02_64_M	88	Picture	+	2421772	0	1	82665	1	0	next	other	0
SEE_02_64_M	89	Sound	hi103a	2441773	0	1			0		other	0
SEE_02_64_M	90	Picture	500+	2504437	0	1	5167	1	0	5000	other	0
SEE_02_64_M	91	Picture	hi_A054	2509603	0	1	30166	1	0	30000	other	0
SEE_02_64_M	92	Picture	+	2539769	0	1	55999	1	0	next	other	0
SEE_02_64_M	93	Sound	hi103b	2539770	0	1			0		other	0
SEE_02_64_M	94	Picture	500+	2595768	0	1	5167	1	0	5000	other	0
SEE_02_64_M	95	Picture	low_L148	2600934	0	1	30166	1	0	30000	other	0
SEE_02_64_M	96	Picture	+	2631267	0	1	20166	1	0	39170	other	0
SEE_02_64_M	97	Picture	hi_A050	2651433	0	1	30166	1	0	30000	other	0
SEE_02_64_M	98	Picture	+	2681766	0	1	20166	1	0	37340	other	0
SEE_02_64_M	99	Picture	low_A113	2701932	0	1	30166	1	0	30000	other	0
SEE_02_64_M	100	Picture	+	2732264	0	1	85998	1	0	next	other	0
SEE_02_64_M	101	Sound	low087a	2752265	0	1			0		other	0
SEE_02_64_M	102	Picture	500+	2818262	0	1	5167	1	0	5000	other	0
SEE_02_64_M	103	Picture	low_F089	2823429	0	1	30166	1	0	30000	other	0
SEE_02_64_M	104	Picture	+	2853595	0	1	64665	1	0	next	other	0
SEE_02_64_M	105	Sound	low087b	2853595	0	1			0		other	0
SEE_02_64_M	106	Picture	500+	2918260	0	1	5167	1	0	5000	other	0
SEE_02_64_M	107	Picture	hi_P016	2923426	0	1	30166	1	0	30000	other	0
SEE_02_64_M	108	Picture	+	2953759	0	1	20166	1	0	33270	other	0
SEE_02_64_M	109	Picture	low_L018	2973925	0	1	30166	1	0	30000	other	0
SEE_02_64_M	110	Picture	+	3004258	0	1	20166	1	0	32270	other	0
SEE_02_64_M	111	Picture	hi_P040	3024424	0	1	30166	1	0	30000	other	0
SEE_02_64_M	112	Picture	+	3054756	0	1	77498	1	0	next	other	0
SEE_02_64_M	113	Sound	low118a	3074757	0	1			0		other	0
SEE_02_64_M	114	Picture	500+	3132254	0	1	5167	1	0	5000	other	0
SEE_02_64_M	115	Picture	low_L119	3137421	0	1	30166	1	0	30000	other	0
SEE_02_64_M	116	Picture	+	3167587	0	1	57665	1	0	next	other	0
SEE_02_64_M	117	Sound	low118b	3167587	0	1			0		other	0
SEE_02_64_M	118	Picture	500+	3225252	0	1	5167	1	0	5000	other	0
SEE_02_64_M	119	Picture	hi_P017	3230419	0	1	30166	1	0	30000	other	0
SEE_02_64_M	120	Picture	+	3260751	0	1	20166	1	0	33880	other	0
SEE_02_64_M	121	Picture	hi_O013	3280917	0	1	30166	1	0	30000	other	0
SEE_02_64_M	122	Picture	+	3311250	0	1	20166	1	0	33110	other	0
SEE_02_64_M	123	Picture	low_L094	3331416	0	1	30166	1	0	30000	other	0
SEE_02_64_M	124	Picture	+	3361749	0	1	79665	1	0	next	other	0
SEE_02_64_M	125	Sound	low050a	3381749	0	1			0		other	0
SEE_02_64_M	126	Picture	500+	3441413	0	1	5167	1	0	5000	other	0
SEE_02_64_M	127	Picture	hi_A019	3446580	0	1	30166	1	0	30000	other	0
SEE_02_64_M	128	Picture	+	3476746	0	1	68998	1	0	next	other	0
SEE_02_64_M	129	Sound	low050b	3476746	0	1			0		other	0
SEE_02_64_M	130	Picture	500+	3545744	0	1	5167	1	0	5000	other	0
SEE_02_64_M	131	Picture	low_P109	3551077	0	1	30166	1	0	30000	other	0
SEE_02_64_M	132	Picture	+	3581410	0	1	20166	1	0	32560	other	0
SEE_02_64_M	133	Picture	hi_F270	3601576	0	1	30166	1	0	30000	other	0
SEE_02_64_M	134	Picture	+	3631909	0	1	20166	1	0	39800	other	0
SEE_02_64_M	135	Picture	low_L072	3652075	0	1	30166	1	0	30000	other	0
SEE_02_64_M	136	Picture	+	3682407	0	1	84165	1	0	next	other	0
SEE_02_64_M	137	Sound	hi214a	3702408	0	1			0		other	0
SEE_02_64_M	138	Picture	500+	3766572	0	1	5167	1	0	5000	other	0
SEE_02_64_M	139	Picture	low_F324	3771738	0	1	30166	1	0	30000	other	0
SEE_02_64_M	140	Picture	+	3801904	0	1	66498	1	0	next	other	0
SEE_02_64_M	141	Sound	hi214b	3801905	0	1			0		other	0
SEE_02_64_M	142	Picture	500+	3868403	0	1	5167	1	0	5000	other	0
SEE_02_64_M	143	Picture	hi_F164	3873736	0	1	30166	1	0	30000	other	0
SEE_02_64_M	144	Picture	+	3904068	0	1	20166	1	0	39670	other	0
SEE_02_64_M	145	Picture	low_L134	3924235	0	1	30166	1	0	30000	other	0
SEE_02_64_M	146	Picture	+	3954567	0	1	20166	1	0	34420	other	0
SEE_02_64_M	147	Picture	hi_A013	3974733	0	1	30166	1	0	30000	other	0
SEE_02_64_M	148	Picture	+	4005066	0	1	87831	1	0	next	other	0
SEE_02_64_M	149	Sound	low351a	4025067	0	1			0		other	0
SEE_02_64_M	150	Picture	500+	4092897	0	1	5167	1	0	5000	other	0
SEE_02_64_M	151	Picture	hi_A056	4098063	0	1	30166	1	0	30000	other	0
SEE_02_64_M	152	Picture	+	4128229	0	1	66665	1	0	next	other	0
SEE_02_64_M	153	Sound	low351b	4128230	0	1			0		other	0
SEE_02_64_M	154	Picture	500+	4194894	0	1	5167	1	0	5000	other	0
SEE_02_64_M	155	Picture	low_L162	4200061	0	1	30166	1	0	30000	other	0
SEE_02_64_M	156	Picture	+	4230394	0	1	20166	1	0	40330	other	0
SEE_02_64_M	157	Picture	low_F098	4250560	0	1	30166	1	0	30000	other	0
SEE_02_64_M	158	Picture	+	4280892	0	1	20166	1	0	34540	other	0
SEE_02_64_M	159	Picture	hi_F293	4301058	0	1	30166	1	0	30000	other	0
SEE_02_64_M	160	Picture	+	4331391	0	1	84498	1	0	next	other	0
SEE_02_64_M	161	Sound	hi158a	4351392	0	1			0		other	0
SEE_02_64_M	162	Picture	500+	4415889	0	1	5167	1	0	5000	other	0
SEE_02_64_M	163	Picture	hi_F284	4421055	0	1	30166	1	0	30000	other	0
SEE_02_64_M	164	Picture	+	4451388	0	1	63332	1	0	next	other	0
SEE_02_64_M	165	Sound	hi158b	4451389	0	1			0		other	0
SEE_02_64_M	166	Picture	500+	4514720	0	1	5167	1	0	5000	other	0
SEE_02_64_M	167	Picture	low_L166	4520053	0	1	30166	1	0	30000	other	0
SEE_02_64_M	168	Picture	+	4550385	0	1	20166	1	0	38860	other	0
SEE_02_64_M	169	Picture	low_F203	4570552	0	1	30166	1	0	30000	other	0
SEE_02_64_M	170	Picture	+	4600884	0	1	20166	1	0	32170	other	0
SEE_02_64_M	171	Picture	hi_F265	4621050	0	1	30166	1	0	30000	other	0
SEE_02_64_M	172	Picture	+	4651383	0	1	75665	1	0	next	other	0
SEE_02_64_M	173	Sound	low358a	4671384	0	1			0		other	0
SEE_02_64_M	174	Picture	500+	4727048	0	1	5167	1	0	5000	other	0
SEE_02_64_M	175	Picture	low_L176	4732214	0	1	30166	1	0	30000	other	0
SEE_02_64_M	176	Picture	+	4762380	0	1	57332	1	0	next	other	0
SEE_02_64_M	177	Sound	low358b	4762381	0	1			0		other	0
SEE_02_64_M	178	Picture	500+	4819712	0	1	5167	1	0	5000	other	0
SEE_02_64_M	179	Picture	hi_F272	4824879	0	1	30166	1	0	30000	other	0
SEE_02_64_M	180	Picture	+	4855211	0	1	20166	1	0	33710	other	0
SEE_02_64_M	181	Picture	low_L016	4875377	0	1	30166	1	0	30000	other	0
SEE_02_64_M	182	Picture	+	4905710	0	1	20166	1	0	35440	other	0
SEE_02_64_M	183	Picture	hi_A077	4925876	0	1	30166	1	0	30000	other	0
SEE_02_64_M	184	Picture	+	4956209	0	1	83665	1	0	next	other	0
SEE_02_64_M	185	Sound	low281a	4976210	0	1			0		other	0
SEE_02_64_M	186	Picture	500+	5039873	0	1	5167	1	0	5000	other	0
SEE_02_64_M	187	Picture	hi_P147	5045040	0	1	30166	1	0	30000	other	0
SEE_02_64_M	188	Picture	+	5075372	0	1	67498	1	0	next	other	0
SEE_02_64_M	189	Sound	low281b	5075373	0	2			0		other	0
SEE_02_64_M	190	Picture	500+	5142871	0	1	5167	1	0	5000	other	0
SEE_02_64_M	191	Picture	low_L138	5148037	0	1	30166	1	0	30000	other	0
SEE_02_64_M	192	Picture	+	5178370	0	1	20166	1	0	33050	other	0
SEE_02_64_M	193	Picture	hi_O148	5198536	0	1	30166	1	0	30000	other	0
SEE_02_64_M	194	Picture	+	5228868	0	1	20166	1	0	44150	other	0
SEE_02_64_M	195	Picture	low_A115	5249035	0	1	30166	1	0	30000	other	0
SEE_02_64_M	196	Picture	+	5279367	0	1	85331	1	0	next	other	0
SEE_02_64_M	197	Sound	hi123a	5299368	0	1			0		other	0
SEE_02_64_M	198	Picture	500+	5364698	0	1	5167	1	0	5000	other	0
SEE_02_64_M	199	Picture	hi_P217	5369865	0	1	30166	1	0	30000	other	0
SEE_02_64_M	200	Picture	+	5400031	0	1	57332	1	0	next	other	0
SEE_02_64_M	201	Sound	hi123b	5400031	0	1			0		other	0
SEE_02_64_M	202	Picture	500+	5457363	0	1	5167	1	0	5000	other	0
SEE_02_64_M	203	Picture	low_L050	5462529	0	1	30166	1	0	30000	other	0
SEE_02_64_M	204	Picture	+	5492862	0	1	20166	1	0	40190	other	0
SEE_02_64_M	205	Picture	hi_L007	5513028	0	1	30166	1	0	30000	other	0
SEE_02_64_M	206	Picture	+	5543361	0	1	20166	1	0	31110	other	0
SEE_02_64_M	207	Picture	low_P055	5563527	0	1	30166	1	0	30000	other	0
SEE_02_64_M	208	Picture	+	5593859	0	1	82331	1	0	next	other	0
SEE_02_64_M	209	Sound	hi319a	5613860	0	1			0		other	0
SEE_02_64_M	210	Picture	500+	5676191	0	1	5167	1	0	5000	other	0
SEE_02_64_M	211	Picture	low_F052	5681357	0	1	30166	1	0	30000	other	0
SEE_02_64_M	212	Picture	+	5711523	0	1	66165	1	0	next	other	0
SEE_02_64_M	213	Sound	hi319b	5711524	0	1			0		other	0
SEE_02_64_M	214	Picture	500+	5777688	0	1	5167	1	0	5000	other	0
SEE_02_64_M	215	Picture	hi_P215	5782855	0	1	30166	1	0	30000	other	0
SEE_02_64_M	216	Picture	+	5813187	0	1	20166	1	0	40180	other	0
SEE_02_64_M	217	Picture	low_P048	5833353	0	1	30166	1	0	30000	other	0
SEE_02_64_M	218	Picture	+	5863686	0	1	20166	1	0	37870	other	0
SEE_02_64_M	219	Picture	hi_F172	5883852	0	1	30166	1	0	30000	other	0
SEE_02_64_M	220	Picture	+	5914185	0	1	79331	1	0	next	other	0
SEE_02_64_M	221	Sound	hi128a	5934186	0	1			0		other	0
SEE_02_64_M	222	Picture	500+	5993516	0	1	5167	1	0	5000	other	0
SEE_02_64_M	223	Picture	hi_P058	5998683	0	1	30166	1	0	30000	other	0
SEE_02_64_M	224	Picture	+	6028848	0	1	56665	1	0	next	other	0
SEE_02_64_M	225	Sound	hi128b	6028849	0	1			0		other	0
SEE_02_64_M	226	Picture	500+	6085514	0	1	5167	1	0	5000	other	0
SEE_02_64_M	227	Picture	low_A152	6090680	0	1	30166	1	0	30000	other	0
SEE_02_64_M	228	Picture	+	6121013	0	1	20166	1	0	41120	other	0
SEE_02_64_M	229	Picture	hi_P230	6141179	0	1	30166	1	0	30000	other	0
SEE_02_64_M	230	Picture	+	6171512	0	1	20166	1	0	35130	other	0
SEE_02_64_M	231	Picture	low_A156	6191678	0	1	30166	1	0	30000	other	0
SEE_02_64_M	232	Picture	+	6222010	0	1	88164	1	0	next	other	0
SEE_02_64_M	233	Sound	hi013a	6242011	0	2			0		other	0
SEE_02_64_M	234	Picture	500+	6310175	0	1	5167	1	0	5000	other	0
SEE_02_64_M	235	Picture	low_L075	6315341	0	1	30166	1	0	30000	other	0
SEE_02_64_M	236	Picture	+	6345507	0	1	69165	1	0	next	other	0
SEE_02_64_M	237	Sound	hi013b	6345508	0	1			0		other	0
SEE_02_64_M	238	Picture	500+	6414672	0	1	5167	1	0	5000	other	0
SEE_02_64_M	239	Picture	hi_P143	6419839	0	1	30166	1	0	30000	other	0
SEE_02_64_M	240	Picture	+	6450171	0	1	20166	1	0	37820	other	0
SEE_02_64_M	241	Picture	hi_F170	6470337	0	1	30166	1	0	30000	other	0
SEE_02_64_M	242	Picture	+	6500670	0	1	20166	1	0	34930	other	0
SEE_02_64_M	243	Picture	low_L137	6520836	0	1	30166	1	0	30000	other	0
SEE_02_64_M	244	Picture	+	6551169	0	1	82998	1	0	next	other	0
SEE_02_64_M	245	Sound	hi252a	6571170	0	1			0		other	0
SEE_02_64_M	246	Picture	500+	6634167	0	1	5166	1	0	5000	other	0
SEE_02_64_M	247	Picture	low_P064	6639333	0	1	30166	1	0	30000	other	0
SEE_02_64_M	248	Picture	+	6669499	0	1	58332	1	0	next	other	0
SEE_02_64_M	249	Sound	hi252b	6669500	0	1			0		other	0
SEE_02_64_M	250	Picture	500+	6727831	0	1	5166	1	0	5000	other	0
SEE_02_64_M	251	Picture	hi_P071	6732997	0	1	30166	1	0	30000	other	0
SEE_02_64_M	252	Picture	+	6763330	0	1	20166	1	0	39840	other	0
SEE_02_64_M	253	Picture	low_P108	6783496	0	1	30166	1	0	30000	other	0
SEE_02_64_M	254	Picture	+	6813829	0	1	20166	1	0	34840	other	0
SEE_02_64_M	255	Picture	hi_A058	6833995	0	1	30166	1	0	30000	other	0
SEE_02_64_M	256	Picture	+	6864328	0	1	84998	1	0	next	other	0
SEE_02_64_M	257	Sound	low197a	6884328	0	1			0		other	0
SEE_02_64_M	258	Picture	500+	6949325	0	1	5167	1	0	5000	other	0
SEE_02_64_M	259	Picture	hi_L002	6954492	0	1	30166	1	0	30000	other	0
SEE_02_64_M	260	Picture	+	6984658	0	1	62998	1	0	next	other	0
SEE_02_64_M	261	Sound	low197b	6984659	0	1			0		other	0
SEE_02_64_M	262	Picture	500+	7047656	0	1	5167	1	0	5000	other	0
SEE_02_64_M	263	Picture	low_F123	7052823	0	1	30166	1	0	30000	other	0
SEE_02_64_M	264	Picture	+	7083155	0	1	20166	1	0	42280	other	0
SEE_02_64_M	265	Picture	hi_P098	7103322	0	1	30166	1	0	30000	other	0
SEE_02_64_M	266	Picture	+	7133654	0	1	20166	1	0	42560	other	0
SEE_02_64_M	267	Picture	low_L034	7153820	0	1	30166	1	0	30000	other	0
SEE_02_64_M	268	Picture	+	7184153	0	1	84165	1	0	next	other	0
SEE_02_64_M	269	Sound	low330a	7204154	0	1			0		other	0
SEE_02_64_M	270	Picture	500+	7268317	0	1	5167	1	0	5000	other	0
SEE_02_64_M	271	Picture	low_A140	7273484	0	1	30166	1	0	30000	other	0
SEE_02_64_M	272	Picture	+	7303817	0	1	56332	1	0	next	other	0
SEE_02_64_M	273	Sound	low330b	7303817	0	1			0		other	0
SEE_02_64_M	274	Picture	500+	7360148	0	1	5167	1	0	5000	other	0
SEE_02_64_M	275	Picture	hi_F152	7365482	0	1	30166	1	0	30000	other	0
SEE_02_64_M	276	Picture	+	7395814	0	1	20166	1	0	30830	other	0
SEE_02_64_M	277	Picture	hi_O004	7415980	0	1	30166	1	0	30000	other	0
SEE_02_64_M	278	Picture	+	7446313	0	1	20166	1	0	42200	other	0
SEE_02_64_M	279	Picture	low_A100	7466479	0	1	30166	1	0	30000	other	0
SEE_02_64_M	280	Picture	+	7496812	0	1	88164	1	0	next	other	0
SEE_02_64_M	281	Sound	low341a	7516813	0	1			0		other	0
SEE_02_64_M	282	Picture	500+	7584976	0	1	5167	1	0	5000	other	0
SEE_02_64_M	283	Picture	hi_A025	7590143	0	1	30166	1	0	30000	other	0
SEE_02_64_M	284	Picture	+	7620309	0	1	68165	1	0	next	other	0
SEE_02_64_M	285	Sound	low341b	7620309	0	1			0		other	0
SEE_02_64_M	286	Picture	500+	7688474	0	1	5167	1	0	5000	other	0
SEE_02_64_M	287	Picture	low_L141	7693640	0	1	30166	1	0	30000	other	0
SEE_02_64_M	288	Picture	+	7723973	0	1	20166	1	0	40650	other	0
SEE_02_64_M	289	Picture	low_L142	7744139	0	1	30166	1	0	30000	other	0
SEE_02_64_M	290	Picture	+	7774471	0	1	20166	1	0	30200	other	0
SEE_02_64_M	291	Picture	hi_A011	7794638	0	1	30166	1	0	30000	other	0
SEE_02_64_M	292	Picture	+	7824970	0	1	89831	1	0	next	other	0
SEE_02_64_M	293	Sound	hi001a	7844971	0	1			0		other	0
SEE_02_64_M	294	Picture	500+	7914801	0	1	5167	1	0	5000	other	0
SEE_02_64_M	295	Picture	low_L098	7919968	0	1	30166	1	0	30000	other	0
SEE_02_64_M	296	Picture	+	7950300	0	1	55499	1	0	next	other	0
SEE_02_64_M	297	Sound	hi001b	7950301	0	1			0		other	0
SEE_02_64_M	298	Picture	500+	8005799	0	1	5167	1	0	5000	other	0
SEE_02_64_M	299	Picture	hi_A041	8010966	0	1	30166	1	0	30000	other	0
SEE_02_64_M	300	Picture	+	8041298	0	1	20166	1	0	32420	other	0
SEE_02_64_M	301	Picture	low_F343	8061464	0	1	30166	1	0	30000	other	0
SEE_02_64_M	302	Picture	+	8091797	0	1	20166	1	0	40070	other	0
SEE_02_64_M	303	Picture	hi_A059	8111963	0	1	30166	1	0	30000	other	0
SEE_02_64_M	304	Picture	+	8142296	0	1	79331	1	0	next	other	0
SEE_02_64_M	305	Sound	low053a	8162296	0	1			0		other	0
SEE_02_64_M	306	Picture	500+	8221627	0	1	5166	1	0	5000	other	0
SEE_02_64_M	307	Picture	low_L096	8226793	0	1	30166	1	0	30000	other	0
SEE_02_64_M	308	Picture	+	8256959	0	1	66498	1	0	next	other	0
SEE_02_64_M	309	Sound	low053b	8256960	0	1			0		other	0
SEE_02_64_M	310	Picture	500+	8323458	0	1	5167	1	0	5000	other	0
SEE_02_64_M	311	Picture	hi_P234	8328624	0	1	30166	1	0	30000	other	0
SEE_02_64_M	312	Picture	+	8358957	0	1	20166	1	0	43340	other	0
SEE_02_64_M	313	Picture	low_L107	8379123	0	1	30166	1	0	30000	other	0
SEE_02_64_M	314	Picture	+	8409456	0	1	20166	1	0	39300	other	0
SEE_02_64_M	315	Picture	hi_P009	8429622	0	1	30166	1	0	30000	other	0
SEE_02_64_M	316	Picture	+	8459954	0	1	80165	1	0	next	other	0
SEE_02_64_M	317	Sound	hi172a	8479955	0	1			0		other	0
SEE_02_64_M	318	Picture	500+	8540119	0	1	5167	1	0	5000	other	0
SEE_02_64_M	319	Picture	low_P149	8545286	0	1	30166	1	0	30000	other	0
SEE_02_64_M	320	Picture	+	8575451	0	1	61332	1	0	next	other	0
SEE_02_64_M	321	Sound	hi172b	8575452	0	1			0		other	0
SEE_02_64_M	322	Picture	500+	8636783	0	1	5166	1	0	5000	other	0
SEE_02_64_M	323	Picture	hi_O002	8642116	0	1	30166	1	0	30000	other	0
SEE_02_64_M	324	Picture	+	8672449	0	1	20166	1	0	40290	other	0
SEE_02_64_M	325	Picture	hi_O022	8692615	0	1	30166	1	0	30000	other	0
SEE_02_64_M	326	Picture	+	8722948	0	1	20166	1	0	44680	other	0
SEE_02_64_M	327	Picture	low_F056	8743114	0	1	30166	1	0	30000	other	0
SEE_02_64_M	328	Picture	+	8773447	0	1	76498	1	0	next	other	0
SEE_02_64_M	329	Sound	hi245a	8793448	0	1			0		other	0
SEE_02_64_M	330	Picture	500+	8849945	0	1	5167	1	0	5000	other	0
SEE_02_64_M	331	Picture	low_O220	8855111	0	1	30166	1	0	30000	other	0
SEE_02_64_M	332	Picture	+	8885444	0	1	58165	1	0	next	other	0
SEE_02_64_M	333	Sound	hi245b	8885444	0	1			0		other	0
SEE_02_64_M	334	Picture	500+	8943609	0	1	5167	1	0	5000	other	0
SEE_02_64_M	335	Picture	hi_O149	8948775	0	1	30166	1	0	30000	other	0
SEE_02_64_M	336	Picture	+	8979108	0	1	20166	1	0	33440	other	0
SEE_02_64_M	337	Picture	low_L127	8999274	0	1	30166	1	0	30000	other	0
SEE_02_64_M	338	Picture	+	9029607	0	1	20166	1	0	41190	other	0
SEE_02_64_M	339	Picture	hi_F163	9049773	0	1	30166	1	0	30000	other	0
SEE_02_64_M	340	Picture	+	9080106	0	1	81331	1	0	next	other	0
SEE_02_64_M	341	Sound	hi310a	9100106	0	1			0		other	0
SEE_02_64_M	342	Picture	500+	9161437	0	1	5167	1	0	5000	other	0
SEE_02_64_M	343	Picture	low_L111	9166603	0	1	30166	1	0	30000	other	0
SEE_02_64_M	344	Picture	+	9196936	0	1	55665	1	0	next	other	0
SEE_02_64_M	345	Sound	hi310b	9196937	0	1			0		other	0
SEE_02_64_M	346	Picture	500+	9252601	0	1	5167	1	0	5000	other	0
SEE_02_64_M	347	Picture	hi_P212	9257768	0	1	30166	1	0	30000	other	0
SEE_02_64_M	348	Picture	+	9288100	0	1	20166	1	0	37180	other	0
SEE_02_64_M	349	Picture	hi_A207	9308266	0	1	30166	1	0	30000	other	0
SEE_02_64_M	350	Picture	+	9338599	0	1	20166	1	0	31900	other	0
SEE_02_64_M	351	Picture	low_L109	9358765	0	1	30166	1	0	30000	other	0
SEE_02_64_M	352	Picture	+	9389098	0	1	85998	1	0	next	other	0
SEE_02_64_M	353	Sound	hi251a	9409098	0	1			0		other	0
SEE_02_64_M	354	Picture	500+	9475096	0	1	5166	1	0	5000	other	0
SEE_02_64_M	355	Picture	low_A160	9480429	0	1	30166	1	0	30000	other	0
SEE_02_64_M	356	Picture	+	9510761	0	1	56499	1	0	next	other	0
SEE_02_64_M	357	Sound	hi251b	9510762	0	1			0		other	0
SEE_02_64_M	358	Picture	500+	9567260	0	1	5167	1	0	5000	other	0
SEE_02_64_M	359	Picture	hi_P240	9572593	0	1	30166	1	0	30000	other	0
SEE_02_64_M	360	Picture	+	9602926	0	1	20166	1	0	36110	other	0
SEE_02_64_M	361	Picture	low_L174	9623092	0	1	30166	1	0	30000	other	0
SEE_02_64_M	362	Picture	+	9653424	0	1	20166	1	0	44480	other	0
SEE_02_64_M	363	Picture	hi_F019	9673591	0	1	30166	1	0	30000	other	0
SEE_02_64_M	364	Picture	+	9703923	0	1	86998	1	0	next	other	0
SEE_02_64_M	365	Sound	low042a	9723924	0	1			0		other	0
SEE_02_64_M	366	Picture	500+	9790921	0	1	5167	1	0	5000	other	0
SEE_02_64_M	367	Picture	low_O327	9796088	0	1	30166	1	0	30000	other	0
SEE_02_64_M	368	Picture	+	9826253	0	1	69665	1	0	next	other	0
SEE_02_64_M	369	Sound	low042b	9826254	0	1			0		other	0
SEE_02_64_M	370	Picture	500+	9895918	0	1	5167	1	0	5000	other	0
SEE_02_64_M	371	Picture	hi_P020	9901252	0	1	30166	1	0	30000	other	0
SEE_02_64_M	372	Picture	+	9931584	0	1	20166	1	0	30350	other	0
SEE_02_64_M	373	Picture	hi_A020	9951750	0	1	30166	1	0	30000	other	0
SEE_02_64_M	374	Picture	+	9982083	0	1	20166	1	0	37100	other	0
SEE_02_64_M	375	Picture	low_L130	10002249	0	1	30166	1	0	30000	other	0
SEE_02_64_M	376	Picture	+	10032582	0	1	77665	1	0	next	other	0
SEE_02_64_M	377	Sound	low084a	10052583	0	1			0		other	0
SEE_02_64_M	378	Picture	500+	10110246	0	1	5167	1	0	5000	other	0
SEE_02_64_M	379	Picture	low_L161	10115580	0	1	30166	1	0	30000	other	0
SEE_02_64_M	380	Picture	+	10145912	0	1	62832	1	0	next	other	0
SEE_02_64_M	381	Sound	low084b	10145913	0	1			0		other	0
SEE_02_64_M	382	Picture	500+	10208744	0	1	5167	1	0	5000	other	0
SEE_02_64_M	383	Picture	hi_F146	10213911	0	1	30166	1	0	30000	other	0
SEE_02_64_M	384	Picture	+	10244243	0	1	20166	1	0	37420	other	0
SEE_02_64_M	385	Picture	low_P169	10264409	0	1	30166	1	0	30000	other	0
SEE_02_64_M	386	Picture	+	10294742	0	1	20166	1	0	31020	other	0
SEE_02_64_M	387	Picture	hi_O126	10314908	0	1	30166	1	0	30000	other	0
SEE_02_64_M	388	Picture	+	10345241	0	1	87831	1	0	next	other	0
SEE_02_64_M	389	Sound	low088a	10365241	0	1			0		other	0
SEE_02_64_M	390	Picture	500+	10433072	0	1	5167	1	0	5000	other	0
SEE_02_64_M	391	Picture	low_L121	10438238	0	1	30166	1	0	30000	other	0
SEE_02_64_M	392	Picture	+	10468404	0	1	65998	1	0	next	other	0
SEE_02_64_M	393	Sound	low088b	10468405	0	1			0		other	0
SEE_02_64_M	394	Picture	500+	10534402	0	1	5167	1	0	5000	other	0
SEE_02_64_M	395	Picture	hi_P223	10539569	0	1	30166	1	0	30000	other	0
SEE_02_64_M	396	Picture	+	10569902	0	1	20166	1	0	31710	other	0
SEE_02_64_M	397	Picture	low_A099	10590068	0	1	30166	1	0	30000	other	0
SEE_02_64_M	398	Picture	+	10620400	0	1	20166	1	0	44490	other	0
SEE_02_64_M	399	Picture	hi_P235	10640566	0	1	30166	1	0	30000	other	0
SEE_02_64_M	400	Picture	+	10670899	0	1	87664	1	0	next	other	0
SEE_02_64_M	401	Sound	hi254a	10690900	0	1			0		other	0
SEE_02_64_M	402	Picture	500+	10758564	0	1	5167	1	0	5000	other	0
SEE_02_64_M	403	Picture	low_P113	10763730	0	1	30166	1	0	30000	other	0
SEE_02_64_M	404	Picture	+	10793896	0	1	60998	1	0	next	other	0
SEE_02_64_M	405	Sound	hi254b	10793897	0	1			0		other	0
SEE_02_64_M	406	Picture	500+	10854894	0	1	5167	1	0	5000	other	0
SEE_02_64_M	407	Picture	hi_P004	10860061	0	1	30166	1	0	30000	other	0
SEE_02_64_M	408	Picture	+	10890394	0	1	20166	1	0	31100	other	0
SEE_02_64_M	409	Picture	hi_F370	10910560	0	1	30166	1	0	30000	other	0
SEE_02_64_M	410	Picture	+	10940892	0	1	20166	1	0	42430	other	0
SEE_02_64_M	411	Picture	low_P153	10961058	0	1	30166	1	0	30000	other	0
SEE_02_64_M	412	Picture	+	10991391	0	1	79665	1	0	next	other	0
SEE_02_64_M	413	Sound	hi004a	11011392	0	1			0		other	0
SEE_02_64_M	414	Picture	500+	11071056	0	1	5166	1	0	5000	other	0
SEE_02_64_M	415	Picture	hi_F287	11076389	0	1	30166	1	0	30000	other	0
SEE_02_64_M	416	Picture	+	11106555	0	1	62165	1	0	next	other	0
SEE_02_64_M	417	Sound	hi004b	11106556	0	1			0		other	0
SEE_02_64_M	418	Picture	500+	11168720	0	1	5166	1	0	5000	other	0
SEE_02_64_M	419	Picture	low_F333	11174053	0	1	30166	1	0	30000	other	0
SEE_02_64_M	420	Picture	+	11204386	0	1	20166	1	0	34960	other	0
SEE_02_64_M	421	Picture	hi_A030	11224552	0	1	30166	1	0	30000	other	0
SEE_02_64_M	422	Picture	+	11254885	0	1	20166	1	0	34660	other	0
SEE_02_64_M	423	Picture	low_F115	11275051	0	1	30166	1	0	30000	other	0
SEE_02_64_M	424	Picture	+	11305383	0	1	84165	1	0	next	other	0
SEE_02_64_M	425	Sound	low345a	11325384	0	1			0		other	0
SEE_02_64_M	426	Picture	500+	11389548	0	1	5167	1	0	5000	other	0
SEE_02_64_M	427	Picture	hi_F021	11394714	0	1	30166	1	0	30000	other	0
SEE_02_64_M	428	Picture	+	11424880	0	1	67498	1	0	next	other	0
SEE_02_64_M	429	Sound	low345b	11424881	0	1			0		other	0
SEE_02_64_M	430	Picture	500+	11492379	0	1	5166	1	0	5000	other	0
SEE_02_64_M	431	Picture	low_P104	11497545	0	1	30166	1	0	30000	other	0
SEE_02_64_M	432	Picture	+	11527878	0	1	20166	1	0	39400	other	0
SEE_02_64_M	433	Picture	low_L147	11548044	0	1	30166	1	0	30000	other	0
SEE_02_64_M	434	Picture	+	11578376	0	1	20166	1	0	41950	other	0
SEE_02_64_M	435	Picture	hi_F159	11598543	0	1	30166	1	0	30000	other	0
SEE_02_64_M	436	Picture	+	11628875	0	1	77165	1	0	next	other	0
SEE_02_64_M	437	Sound	hi110a	11648876	0	1			0		other	0
SEE_02_64_M	438	Picture	500+	11706040	0	1	5167	1	0	5000	other	0
SEE_02_64_M	439	Picture	hi_P226	11711373	0	1	30166	1	0	30000	other	0
SEE_02_64_M	440	Picture	+	11741706	0	1	66332	1	0	next	other	0
SEE_02_64_M	441	Sound	hi110b	11741706	0	1			0		other	0
SEE_02_64_M	442	Picture	500+	11808037	0	1	5166	1	0	5000	other	0
SEE_02_64_M	443	Picture	low_O219	11813371	0	1	30166	1	0	30000	other	0
SEE_02_64_M	444	Picture	+	11843703	0	1	20166	1	0	43080	other	0
SEE_02_64_M	445	Picture	hi_L177	11863869	0	1	30166	1	0	30000	other	0
SEE_02_64_M	446	Picture	+	11894202	0	1	20166	1	0	37850	other	0
SEE_02_64_M	447	Picture	low_O190	11914368	0	1	30166	1	0	30000	other	0
SEE_02_64_M	448	Picture	+	11944701	0	1	78331	1	0	next	other	0
SEE_02_64_M	449	Sound	hi002a	11964701	0	1			0		other	0
SEE_02_64_M	450	Picture	500+	12023032	0	1	5167	1	0	5000	other	0
SEE_02_64_M	451	Picture	low_L049	12028199	0	1	30166	1	0	30000	other	0
SEE_02_64_M	452	Picture	+	12058364	0	1	60998	1	0	next	other	0
SEE_02_64_M	453	Sound	hi002b	12058365	0	1			0		other	0
SEE_02_64_M	454	Picture	500+	12119363	0	1	5167	1	0	5000	other	0
SEE_02_64_M	455	Picture	hi_O154	12124529	0	1	30166	1	0	30000	other	0
SEE_02_64_M	456	Picture	+	12154862	0	1	20166	1	0	38740	other	0
SEE_02_64_M	457	Picture	hi_A074	12175028	0	1	30166	1	0	30000	other	0
SEE_02_64_M	458	Picture	+	12205361	0	1	20166	1	0	37300	other	0
SEE_02_64_M	459	Picture	low_L065	12225527	0	1	30166	1	0	30000	other	0
SEE_02_64_M	460	Picture	+	12255859	0	1	77331	1	0	next	other	0
SEE_02_64_M	461	Sound	hi217a	12275860	0	2			0		other	0
SEE_02_64_M	462	Picture	500+	12333191	0	1	5167	1	0	5000	other	0
SEE_02_64_M	463	Picture	hi_A073	12338357	0	1	30166	1	0	30000	other	0
SEE_02_64_M	464	Picture	+	12368690	0	1	67998	1	0	next	other	0
SEE_02_64_M	465	Sound	hi217b	12368691	0	1			0		other	0
SEE_02_64_M	466	Picture	500+	12436688	0	1	5167	1	0	5000	other	0
SEE_02_64_M	467	Picture	low_F001	12441855	0	1	30166	1	0	30000	other	0
SEE_02_64_M	468	Picture	+	12472187	0	1	20166	1	0	34720	other	0
SEE_02_64_M	469	Picture	hi_A007	12492354	0	1	30166	1	0	30000	other	0
SEE_02_64_M	470	Picture	+	12522686	0	1	20166	1	0	40990	other	0
SEE_02_64_M	471	Picture	low_P107	12542852	0	1	30166	1	0	30000	other	0
SEE_02_64_M	472	Picture	+	12573185	0	1	75331	1	0	next	other	0
SEE_02_64_M	473	Sound	low031a	12593186	0	2			0		other	0
SEE_02_64_M	474	Picture	500+	12648516	0	1	5167	1	0	5000	other	0
SEE_02_64_M	475	Picture	low_A217	12653849	0	1	30166	1	0	30000	other	0
SEE_02_64_M	476	Picture	+	12684015	0	1	67165	1	0	next	other	0
SEE_02_64_M	477	Sound	low031b	12684016	0	1			0		other	0
SEE_02_64_M	478	Picture	500+	12751180	0	1	5167	1	0	5000	other	0
SEE_02_64_M	479	Picture	hi_O328	12756347	0	1	30166	1	0	30000	other	0
SEE_02_64_M	480	Picture	+	12786680	0	1	20166	1	0	43170	other	0
SEE_02_64_M	481	Picture	low_A182	12806846	0	1	30166	1	0	30000	other	0
SEE_02_64_M	482	Picture	+	12837178	0	1	20166	1	0	42020	other	0
SEE_02_64_M	483	Picture	hi_A078	12857344	0	1	30166	1	0	30000	other	0
SEE_02_64_M	484	Picture	+	12887677	0	1	83831	1	0	next	other	0
SEE_02_64_M	485	Sound	low277a	12907678	0	1			0		other	0
SEE_02_64_M	486	Picture	500+	12971508	0	1	5167	1	0	5000	other	0
SEE_02_64_M	487	Picture	low_F066	12976675	0	1	30166	1	0	30000	other	0
SEE_02_64_M	488	Picture	+	13007007	0	1	60165	1	0	next	other	0
SEE_02_64_M	489	Sound	low277b	13007008	0	2			0		other	0
SEE_02_64_M	490	Picture	500+	13067173	0	1	5167	1	0	5000	other	0
SEE_02_64_M	491	Picture	hi_F280	13072339	0	1	30166	1	0	30000	other	0
SEE_02_64_M	492	Picture	+	13102672	0	1	20166	1	0	36520	other	0
SEE_02_64_M	493	Picture	hi_P028	13122838	0	1	30166	1	0	30000	other	0
SEE_02_64_M	494	Picture	+	13153170	0	1	20166	1	0	31710	other	0
SEE_02_64_M	495	Picture	low_A128	13173337	0	1	30166	1	0	30000	other	0
SEE_02_64_M	496	Picture	+	13203669	0	1	79831	1	0	next	other	0
SEE_02_64_M	497	Sound	low171a	13223670	0	1			0		other	0
SEE_02_64_M	498	Picture	500+	13283500	0	1	5167	1	0	5000	other	0
SEE_02_64_M	499	Picture	low_F130	13288667	0	1	30166	1	0	30000	other	0
SEE_02_64_M	500	Picture	+	13318833	0	1	64498	1	0	next	other	0
SEE_02_64_M	501	Sound	low171b	13318833	0	1			0		other	0
SEE_02_64_M	502	Picture	500+	13383331	0	1	5167	1	0	5000	other	0
SEE_02_64_M	503	Picture	hi_O285	13388498	0	1	30166	1	0	30000	other	0
SEE_02_64_M	504	Picture	+	13418830	0	1	20166	1	0	37270	other	0
SEE_02_64_M	505	Picture	low_F067	13438997	0	1	30166	1	0	30000	other	0
SEE_02_64_M	506	Picture	+	13469329	0	1	20166	1	0	36260	other	0
SEE_02_64_M	507	Picture	hi_F009	13489495	0	1	30166	1	0	30000	other	0
SEE_02_64_M	508	Picture	+	13519828	0	1	89831	1	0	next	other	0
SEE_02_64_M	509	Sound	low037a	13539829	0	1			0		other	0
SEE_02_64_M	510	Picture	500+	13609659	0	1	5167	1	0	5000	other	0
SEE_02_64_M	511	Picture	low_L179	13614826	0	1	30166	1	0	30000	other	0
SEE_02_64_M	512	Picture	+	13645158	0	1	55165	1	0	next	other	0
SEE_02_64_M	513	Sound	low037b	13645159	0	1			0		other	0
SEE_02_64_M	514	Picture	500+	13700323	0	1	5166	1	0	5000	other	0
SEE_02_64_M	515	Picture	hi_L005	13705490	0	1	30166	1	0	30000	other	0
SEE_02_64_M	516	Picture	+	13735822	0	1	20166	1	0	36200	other	0
SEE_02_64_M	517	Picture	low_P115	13755989	0	1	30166	1	0	30000	other	0
SEE_02_64_M	518	Picture	+	13786321	0	1	20166	1	0	43040	other	0
SEE_02_64_M	519	Picture	hi_A068	13806487	0	1	30166	1	0	30000	other	0
SEE_02_64_M	520	Picture	+	13836820	0	1	75998	1	0	next	other	0
SEE_02_64_M	521	Sound	hi308a	13856821	0	1			0		other	0
SEE_02_64_M	522	Picture	500+	13912818	0	1	5167	1	0	5000	other	0
SEE_02_64_M	523	Picture	low_L146	13917985	0	1	30166	1	0	30000	other	0
SEE_02_64_M	524	Picture	+	13948151	0	1	68165	1	0	next	other	0
SEE_02_64_M	525	Sound	hi308b	13948151	0	2			0		other	0
SEE_02_64_M	526	Picture	500+	14016315	0	1	5167	1	0	5000	other	0
SEE_02_64_M	527	Picture	hi_A018	14021482	0	1	30166	1	0	30000	other	0
SEE_02_64_M	528	Picture	+	14051815	0	1	20166	1	0	44460	other	0
SEE_02_64_M	529	Picture	hi_P222	14071981	0	1	30166	1	0	30000	other	0
SEE_02_64_M	530	Picture	+	14102313	0	1	20166	1	0	37670	other	0
SEE_02_64_M	531	Picture	low_F111	14122479	0	1	30166	1	0	30000	other	0
SEE_02_64_M	532	Picture	+	14152812	0	1	82998	1	0	next	other	0
SEE_02_64_M	533	Sound	low275a	14172813	0	1			0		other	0
SEE_02_64_M	534	Picture	500+	14235810	0	1	5167	1	0	5000	other	0
SEE_02_64_M	535	Picture	low_L104	14240977	0	1	30166	1	0	30000	other	0
SEE_02_64_M	536	Picture	+	14271142	0	1	64165	1	0	next	other	0
SEE_02_64_M	537	Sound	low275b	14271143	0	1			0		other	0
SEE_02_64_M	538	Picture	500+	14335307	0	1	5167	1	0	5000	other	0
SEE_02_64_M	539	Picture	hi_P229	14340474	0	1	30166	1	0	30000	other	0
SEE_02_64_M	540	Picture	+	14370807	0	1	20166	1	0	41210	other	0
SEE_02_64_M	541	Picture	hi_A037	14390973	0	1	30166	1	0	30000	other	0
SEE_02_64_M	542	Picture	+	14421305	0	1	20166	1	0	39980	other	0
SEE_02_64_M	543	Picture	low_F061	14441472	0	1	30166	1	0	30000	other	0
SEE_02_64_M	544	Picture	+	14471804	0	1	82498	1	0	next	other	0
SEE_02_64_M	545	Sound	low284a	14491805	0	1			0		other	0
SEE_02_64_M	546	Picture	500+	14554302	0	1	5167	1	0	5000	other	0
SEE_02_64_M	547	Picture	hi_A060	14559469	0	1	30166	1	0	30000	other	0
SEE_02_64_M	548	Picture	+	14589634	0	1	60498	1	0	next	other	0
SEE_02_64_M	549	Sound	low284b	14589635	0	1			0		other	0
SEE_02_64_M	550	Picture	500+	14650133	0	1	5167	1	0	5000	other	0
SEE_02_64_M	551	Picture	low_L183	14655300	0	1	30166	1	0	30000	other	0
SEE_02_64_M	552	Picture	+	14685632	0	1	20166	1	0	40260	other	0
SEE_02_64_M	553	Picture	low_L062	14705798	0	1	30166	1	0	30000	other	0
SEE_02_64_M	554	Picture	+	14736131	0	1	20166	1	0	32080	other	0
SEE_02_64_M	555	Picture	hi_P037	14756297	0	1	30166	1	0	30000	other	0
SEE_02_64_M	556	Picture	+	14786630	0	1	89498	1	0	next	other	0
SEE_02_64_M	557	Sound	low280a	14806630	0	1			0		other	0
SEE_02_64_M	558	Picture	500+	14876127	0	1	5167	1	0	5000	other	0
SEE_02_64_M	559	Picture	hi_F013	14881461	0	1	30166	1	0	30000	other	0
SEE_02_64_M	560	Picture	+	14911626	0	1	65165	1	0	next	other	0
SEE_02_64_M	561	Sound	low280b	14911627	0	1			0		other	0
SEE_02_64_M	562	Picture	500+	14976791	0	1	5167	1	0	5000	other	0
SEE_02_64_M	563	Picture	low_A146	14981958	0	1	30166	1	0	30000	other	0
SEE_02_64_M	564	Picture	+	15012291	0	1	20166	1	0	38310	other	0
SEE_02_64_M	565	Picture	low_F138	15032457	0	1	30166	1	0	30000	other	0
SEE_02_64_M	566	Picture	+	15062789	0	1	20166	1	0	41080	other	0
SEE_02_64_M	567	Picture	hi_A071	15082956	0	1	30166	1	0	30000	other	0
SEE_02_64_M	568	Picture	+	15113288	0	1	77498	1	0	next	other	0
SEE_02_64_M	569	Sound	low044a	15133289	0	1			0		other	0
SEE_02_64_M	570	Picture	500+	15190786	0	1	5167	1	0	5000	other	0
SEE_02_64_M	571	Picture	low_A193	15195953	0	1	30166	1	0	30000	other	0
SEE_02_64_M	572	Picture	+	15226285	0	1	56832	1	0	next	other	0
SEE_02_64_M	573	Sound	low044b	15226286	0	1			0		other	0
SEE_02_64_M	574	Picture	500+	15283117	0	1	5167	1	0	5000	other	0
SEE_02_64_M	575	Picture	hi_P228	15288284	0	1	30166	1	0	30000	other	0
SEE_02_64_M	576	Picture	+	15318616	0	1	20166	1	0	41080	other	0
SEE_02_64_M	577	Picture	hi_A075	15338782	0	1	30166	1	0	30000	other	0
SEE_02_64_M	578	Picture	+	15369115	0	1	20166	1	0	41960	other	0
SEE_02_64_M	579	Picture	low_L173	15389281	0	1	30166	1	0	30000	other	0
SEE_02_64_M	580	Picture	+	15419614	0	1	86331	1	0	next	other	0
SEE_02_64_M	581	Sound	hi169a	15439615	0	1			0		other	0
SEE_02_64_M	582	Picture	500+	15505945	0	1	5167	1	0	5000	other	0
SEE_02_64_M	583	Picture	low_P044	15511112	0	1	30166	1	0	30000	other	0
SEE_02_64_M	584	Picture	+	15541277	0	1	67165	1	0	next	other	0
SEE_02_64_M	585	Sound	hi169b	15541278	0	1			0		other	0
SEE_02_64_M	586	Picture	500+	15608442	0	1	5167	1	0	5000	other	0
SEE_02_64_M	587	Picture	hi_O006	15613609	0	1	30166	1	0	30000	other	0
SEE_02_64_M	588	Picture	+	15643942	0	1	20166	1	0	30350	other	0
SEE_02_64_M	589	Picture	low_L038	15664108	0	1	30166	1	0	30000	other	0
SEE_02_64_M	590	Picture	+	15694440	0	1	20166	1	0	43400	other	0
SEE_02_64_M	591	Picture	hi_F028	15714606	0	1	30166	1	0	30000	other	0
SEE_02_64_M	592	Picture	+	15744939	0	1	81665	1	0	next	other	0
SEE_02_64_M	593	Sound	low030a	15764940	0	1			0		other	0
SEE_02_64_M	594	Picture	500+	15826604	0	1	5167	1	0	5000	other	0
SEE_02_64_M	595	Picture	hi_P239	15831770	0	1	30166	1	0	30000	other	0
SEE_02_64_M	596	Picture	+	15861936	0	1	64332	1	0	next	other	0
SEE_02_64_M	597	Sound	low030b	15861937	0	1			0		other	0
SEE_02_64_M	598	Picture	500+	15926268	0	1	5167	1	0	5000	other	0
SEE_02_64_M	599	Picture	low_O043	15931434	0	1	30166	1	0	30000	other	0
SEE_02_64_M	600	Picture	+	15961767	0	1	20166	1	0	42850	other	0
SEE_02_64_M	601	Picture	low_O325	15981933	0	1	30166	1	0	30000	other	0
SEE_02_64_M	602	Picture	+	16012266	0	1	20166	1	0	42540	other	0
SEE_02_64_M	603	Picture	hi_O300	16032432	0	1	30166	1	0	30000	other	0
SEE_02_64_M	604	Picture	+	16062764	0	1	80498	1	0	next	other	0
SEE_02_64_M	605	Sound	low276a	16082765	0	1			0		other	0
SEE_02_64_M	606	Picture	500+	16143262	0	1	5167	1	0	5000	other	0
SEE_02_64_M	607	Picture	low_A091	16148429	0	1	30166	1	0	30000	other	0
SEE_02_64_M	608	Picture	+	16178761	0	1	62498	1	0	next	other	0
SEE_02_64_M	609	Sound	low276b	16178762	0	1			0		other	0
SEE_02_64_M	610	Picture	500+	16241260	0	1	5167	1	0	5000	other	0
SEE_02_64_M	611	Picture	hi_A024	16246426	0	1	30166	1	0	30000	other	0
SEE_02_64_M	612	Picture	+	16276759	0	1	20166	1	0	30680	other	0
SEE_02_64_M	613	Picture	low_A194	16296925	0	1	30166	1	0	30000	other	0
SEE_02_64_M	614	Picture	+	16327258	0	1	20166	1	0	43180	other	0
SEE_02_64_M	615	Picture	hi_P006	16347424	0	1	30166	1	0	30000	other	0
SEE_02_64_M	616	Picture	+	16377757	0	1	89831	1	0	next	other	0
SEE_02_64_M	617	Sound	low036a	16397757	0	1			0		other	0
SEE_02_64_M	618	Picture	500+	16467588	0	1	5167	1	0	5000	other	0
SEE_02_64_M	619	Picture	hi_P005	16472754	0	1	30166	1	0	30000	other	0
SEE_02_64_M	620	Picture	+	16502920	0	1	63998	1	0	next	other	0
SEE_02_64_M	621	Sound	low036b	16502921	0	1			0		other	0
SEE_02_64_M	622	Picture	500+	16566918	0	1	5167	1	0	5000	other	0
SEE_02_64_M	623	Picture	low_A132	16572085	0	1	30166	1	0	30000	other	0
SEE_02_64_M	624	Picture	+	16602418	0	1	20166	1	0	41120	other	0
SEE_02_64_M	625	Picture	low_A126	16622584	0	1	30166	1	0	30000	other	0
SEE_02_64_M	626	Picture	+	16652916	0	1	20166	1	0	34340	other	0
SEE_02_64_M	627	Picture	hi_P133	16673083	0	1	30166	1	0	30000	other	0
SEE_02_64_M	628	Picture	+	16703415	0	1	89498	1	0	next	other	0
SEE_02_64_M	629	Sound	hi014a	16723416	0	1			0		other	0
SEE_02_64_M	630	Picture	500+	16792913	0	1	5167	1	0	5000	other	0
SEE_02_64_M	631	Picture	low_F345	16798079	0	1	30166	1	0	30000	other	0
SEE_02_64_M	632	Picture	+	16828245	0	1	55165	1	0	next	other	0
SEE_02_64_M	633	Sound	hi014b	16828246	0	2			0		other	0
SEE_02_64_M	634	Picture	500+	16883411	0	1	5166	1	0	5000	other	0
SEE_02_64_M	635	Picture	hi_P175	16888744	0	1	30166	1	0	30000	other	0
SEE_02_64_M	636	Picture	+	16919076	0	1	20166	1	0	35490	other	0
SEE_02_64_M	637	Picture	low_L157	16939243	0	1	30166	1	0	30000	other	0
SEE_02_64_M	638	Picture	+	16969575	0	1	20166	1	0	35860	other	0
SEE_02_64_M	639	Picture	hi_P241	16989741	0	1	30166	1	0	30000	other	0
SEE_02_64_M	640	Picture	+	17020074	0	1	75165	1	0	next	other	0
SEE_02_64_M	641	Sound	hi314a	17040075	0	1			0		other	0
SEE_02_64_M	642	Picture	500+	17095239	0	1	5167	1	0	5000	other	0
SEE_02_64_M	643	Picture	low_P054	17100405	0	1	30166	1	0	30000	other	0
SEE_02_64_M	644	Picture	+	17130738	0	1	67665	1	0	next	other	0
SEE_02_64_M	645	Sound	hi314b	17130738	0	1			0		other	0
SEE_02_64_M	646	Picture	500+	17198403	0	1	5167	1	0	5000	other	0
SEE_02_64_M	647	Picture	hi_P208	17203736	0	1	30166	1	0	30000	other	0
SEE_02_64_M	648	Picture	+	17234068	0	1	20166	1	0	41240	other	0
SEE_02_64_M	649	Picture	low_L165	17254235	0	1	30166	1	0	30000	other	0
SEE_02_64_M	650	Picture	+	17284567	0	1	20166	1	0	34930	other	0
SEE_02_64_M	651	Picture	hi_A027	17304733	0	1	30166	1	0	30000	other	0
SEE_02_64_M	652	Picture	+	17335066	0	1	84165	1	0	next	other	0
SEE_02_64_M	653	Sound	hi247a	17355067	0	1			0		other	0
SEE_02_64_M	654	Picture	500+	17419231	0	1	5167	1	0	5000	other	0
SEE_02_64_M	655	Picture	low_A167	17424397	0	1	30166	1	0	30000	other	0
SEE_02_64_M	656	Picture	+	17454730	0	1	59498	1	0	next	other	0
SEE_02_64_M	657	Sound	hi247b	17454730	0	1			0		other	0
SEE_02_64_M	658	Picture	500+	17514228	0	1	5167	1	0	5000	other	0
SEE_02_64_M	659	Picture	hi_P003	17519395	0	1	30166	1	0	30000	other	0
SEE_02_64_M	660	Picture	+	17549727	0	1	20166	1	0	30100	other	0
SEE_02_64_M	661	Picture	low_L041	17569893	0	1	30166	1	0	30000	other	0
SEE_02_64_M	662	Picture	+	17600226	0	1	20166	1	0	30540	other	0
SEE_02_64_M	663	Picture	hi_P011	17620392	0	1	30166	1	0	30000	other	0
SEE_02_64_M	664	Picture	+	17650725	0	1	77665	1	0	next	other	0
SEE_02_64_M	665	Sound	hi018a	17670725	0	1			0		other	0
SEE_02_64_M	666	Picture	500+	17728389	0	1	5167	1	0	5000	other	0
SEE_02_64_M	667	Picture	low_L151	17733723	0	1	30166	1	0	30000	other	0
SEE_02_64_M	668	Picture	+	17763889	0	1	62665	1	0	next	other	0
SEE_02_64_M	669	Sound	hi018b	17763889	0	1			0		other	0
SEE_02_64_M	670	Picture	500+	17826554	0	1	5167	1	0	5000	other	0
SEE_02_64_M	671	Picture	hi_A021	17831720	0	1	30166	1	0	30000	other	0
SEE_02_64_M	672	Picture	+	17862053	0	1	20166	1	0	42190	other	0
SEE_02_64_M	673	Picture	hi_F283	17882219	0	1	30166	1	0	30000	other	0
SEE_02_64_M	674	Picture	+	17912552	0	1	20166	1	0	33130	other	0
SEE_02_64_M	675	Picture	low_L180	17932718	0	1	30166	1	0	30000	other	0
SEE_02_64_M	676	Picture	+	17963050	0	1	89998	1	0	next	other	0
SEE_02_64_M	677	Sound	hi003a	17983051	0	1			0		other	0
SEE_02_64_M	678	Picture	500+	18053048	0	1	5167	1	0	5000	other	0
SEE_02_64_M	679	Picture	hi_A038	18058215	0	1	30166	1	0	30000	other	0
SEE_02_64_M	680	Picture	+	18088380	0	1	65332	1	0	next	other	0
SEE_02_64_M	681	Sound	hi003b	18088381	0	1			0		other	0
SEE_02_64_M	682	Picture	500+	18153712	0	1	5167	1	0	5000	other	0
SEE_02_64_M	683	Picture	low_L152	18158879	0	1	30166	1	0	30000	other	0
SEE_02_64_M	684	Picture	+	18189211	0	1	20166	1	0	44740	other	0
SEE_02_64_M	685	Picture	hi_P125	18209377	0	1	30166	1	0	30000	other	0
SEE_02_64_M	686	Picture	+	18239710	0	1	20166	1	0	38260	other	0
SEE_02_64_M	687	Picture	low_L085	18259876	0	1	30166	1	0	30000	other	0
SEE_02_64_M	688	Picture	+	18290209	0	1	78498	1	0	next	other	0
SEE_02_64_M	689	Sound	hi162a	18310210	0	1			0		other	0
SEE_02_64_M	690	Picture	500+	18368707	0	1	5167	1	0	5000	other	0
SEE_02_64_M	691	Picture	low_L184	18374040	0	1	30166	1	0	30000	other	0
SEE_02_64_M	692	Picture	+	18404206	0	1	66165	1	0	next	other	0
SEE_02_64_M	693	Sound	hi162b	18404207	0	1			0		other	0
SEE_02_64_M	694	Picture	500+	18470371	0	1	5167	1	0	5000	other	0
SEE_02_64_M	695	Picture	hi_P023	18475537	0	1	30166	1	0	30000	other	0
SEE_02_64_M	696	Picture	+	18505870	0	1	20166	1	0	39380	other	0
SEE_02_64_M	697	Picture	low_L167	18526036	0	1	30166	1	0	30000	other	0
SEE_02_64_M	698	Picture	+	18556369	0	1	20166	1	0	35680	other	0
SEE_02_64_M	699	Picture	hi_P231	18576535	0	1	30166	1	0	30000	other	0
SEE_02_64_M	700	Picture	+	18606868	0	1	85165	1	0	next	other	0
SEE_02_64_M	701	Sound	low282a	18626868	0	1			0		other	0
SEE_02_64_M	702	Picture	500+	18692032	0	1	5167	1	0	5000	other	0
SEE_02_64_M	703	Picture	low_A201	18697199	0	1	30166	1	0	30000	other	0
SEE_02_64_M	704	Picture	+	18727365	0	1	59665	1	0	next	other	0
SEE_02_64_M	705	Sound	low282b	18727365	0	1			0		other	0
SEE_02_64_M	706	Picture	500+	18787030	0	1	5167	1	0	5000	other	0
SEE_02_64_M	707	Picture	hi_P237	18792363	0	1	30166	1	0	30000	other	0
SEE_02_64_M	708	Picture	+	18822695	0	1	20166	1	0	44680	other	0
SEE_02_64_M	709	Picture	low_P186	18842862	0	1	30166	1	0	30000	other	0
SEE_02_64_M	710	Picture	+	18873194	0	1	20166	1	0	39830	other	0
SEE_02_64_M	711	Picture	hi_A032	18893360	0	1	30166	1	0	30000	other	0
SEE_02_64_M	712	Picture	+	18923693	0	1	83165	1	0	next	other	0
SEE_02_64_M	713	Sound	low350a	18943694	0	1			0		other	0
SEE_02_64_M	714	Picture	500+	19006858	0	1	5167	1	0	5000	other	0
SEE_02_64_M	715	Picture	hi_A001	19012191	0	1	30166	1	0	30000	other	0
SEE_02_64_M	716	Picture	+	19042523	0	1	64832	1	0	next	other	0
SEE_02_64_M	717	Sound	low350b	19042524	0	1			0		other	0
SEE_02_64_M	718	Picture	500+	19107355	0	1	5167	1	0	5000	other	0
SEE_02_64_M	719	Picture	low_F099	19112522	0	1	30166	1	0	30000	other	0
SEE_02_64_M	720	Picture	+	19142854	0	1	20166	1	0	31650	other	0
SEE_02_64_M	721	Picture	hi_O283	19163020	0	1	30166	1	0	30000	other	0
SEE_02_64_M	722	Picture	+	19193353	0	1	20166	1	0	37470	other	0
SEE_02_64_M	723	Picture	low_A119	19213519	0	1	30166	1	0	30000	other	0
SEE_02_64_M	724	Picture	+	19243852	0	1	85998	1	0	next	other	0
SEE_02_64_M	725	Sound	low279a	19263852	0	1			0		other	0
SEE_02_64_M	726	Picture	500+	19329850	0	1	5167	1	0	5000	other	0
SEE_02_64_M	727	Picture	low_A158	19335016	0	1	30166	1	0	30000	other	0
SEE_02_64_M	728	Picture	+	19365182	0	1	62165	1	0	next	other	0
SEE_02_64_M	729	Sound	low279b	19365183	0	1			0		other	0
SEE_02_64_M	730	Picture	500+	19427347	0	1	5166	1	0	5000	other	0
SEE_02_64_M	731	Picture	hi_P221	19432514	0	1	30166	1	0	30000	other	0
SEE_02_64_M	732	Picture	+	19462846	0	1	20166	1	0	35720	other	0
SEE_02_64_M	733	Picture	low_F121	19483012	0	1	30166	1	0	30000	other	0
SEE_02_64_M	734	Picture	+	19513345	0	1	20166	1	0	44660	other	0
SEE_02_64_M	735	Picture	hi_F277	19533511	0	1	30166	1	0	30000	other	0
SEE_02_64_M	736	Picture	+	19563844	0	1	79665	1	0	next	other	0
SEE_02_64_M	737	Sound	hi142a	19583844	0	1			0		other	0
SEE_02_64_M	738	Picture	500+	19643508	0	1	5167	1	0	5000	other	0
SEE_02_64_M	739	Picture	hi_P010	19648675	0	1	30166	1	0	30000	other	0
SEE_02_64_M	740	Picture	+	19678841	0	1	67665	1	0	next	other	0
SEE_02_64_M	741	Sound	hi142b	19678841	0	1			0		other	0
SEE_02_64_M	742	Picture	500+	19746506	0	1	5167	1	0	5000	other	0
SEE_02_64_M	743	Picture	low_L123	19751839	0	1	30166	1	0	30000	other	0
SEE_02_64_M	744	Picture	+	19782172	0	1	20166	1	0	34930	other	0
SEE_02_64_M	745	Picture	hi_P202	19802338	0	1	30166	1	0	30000	other	0
SEE_02_64_M	746	Picture	+	19832670	0	1	20166	1	0	39220	other	0
SEE_02_64_M	747	Picture	low_A170	19852836	0	1	30166	1	0	30000	other	0
SEE_02_64_M	748	Picture	+	19883169	0	1	89498	1	0	next	other	0
SEE_02_64_M	749	Sound	hi007a	19903170	0	1			0		other	0
SEE_02_64_M	750	Picture	500+	19972667	0	1	5167	1	0	5000	other	0
SEE_02_64_M	751	Picture	low_A219	19977833	0	1	30166	1	0	30000	other	0
SEE_02_64_M	752	Picture	+	20007999	0	1	64498	1	0	next	other	0
SEE_02_64_M	753	Sound	hi007b	20008000	0	1			0		other	0
SEE_02_64_M	754	Picture	500+	20072498	0	1	5167	1	0	5000	other	0
SEE_02_64_M	755	Picture	hi_P033	20077664	0	1	30166	1	0	30000	other	0
SEE_02_64_M	756	Picture	+	20107997	0	1	20166	1	0	42770	other	0
SEE_02_64_M	757	Picture	low_P176	20128163	0	1	30166	1	0	30000	other	0
SEE_02_64_M	758	Picture	+	20158495	0	1	20166	1	0	38220	other	0
SEE_02_64_M	759	Picture	hi_O125	20178662	0	1	30166	1	0	30000	other	0
SEE_02_64_M	760	Picture	+	20208994	0	1	88164	1	0	next	other	0
SEE_02_64_M	761	Sound	hi242a	20228995	0	1			0		other	0
SEE_02_64_M	762	Picture	500+	20297159	0	1	5167	1	0	5000	other	0
SEE_02_64_M	763	Picture	low_O192	20302492	0	1	30166	1	0	30000	other	0
SEE_02_64_M	764	Picture	+	20332658	0	1	66832	1	0	next	other	0
SEE_02_64_M	765	Sound	hi242b	20332659	0	1			0		other	0
SEE_02_64_M	766	Picture	500+	20399489	0	1	5167	1	0	5000	other	0
SEE_02_64_M	767	Picture	hi_A143	20404656	0	1	30166	1	0	30000	other	0
SEE_02_64_M	768	Picture	+	20434989	0	1	20166	1	0	43330	other	0
SEE_02_64_M	769	Picture	low_L158	20455155	0	1	30166	1	0	30000	other	0
SEE_02_64_M	770	Picture	+	20485487	0	1	20166	1	0	41630	other	0
SEE_02_64_M	771	Picture	hi_F367	20505653	0	1	30166	1	0	30000	other	0
SEE_02_64_M	772	Picture	+	20535986	0	1	88998	1	0	next	other	0
SEE_02_64_M	773	Sound	hi011a	20555987	0	1			0		other	0
SEE_02_64_M	774	Picture	500+	20624984	0	1	5166	1	0	5000	other	0
SEE_02_64_M	775	Picture	hi_F274	20630317	0	1	30166	1	0	30000	other	0
SEE_02_64_M	776	Picture	+	20660483	0	1	67165	1	0	next	other	0
SEE_02_64_M	777	Sound	hi011b	20660484	0	1			0		other	0
SEE_02_64_M	778	Picture	500+	20727648	0	1	5167	1	0	5000	other	0
SEE_02_64_M	779	Picture	low_A131	20732815	0	1	30166	1	0	30000	other	0
SEE_02_64_M	780	Picture	+	20763147	0	1	20166	1	0	42350	other	0
SEE_02_64_M	781	Picture	hi_A062	20783313	0	1	30166	1	0	30000	other	0
SEE_02_64_M	782	Picture	+	20813646	0	1	20166	1	0	31100	other	0
SEE_02_64_M	783	Picture	low_P045	20833812	0	1	30166	1	0	30000	other	0
SEE_02_64_M	784	Picture	+	20864145	0	1	83665	1	0	next	other	0
SEE_02_64_M	785	Sound	hi159a	20884145	0	1			0		other	0
SEE_02_64_M	786	Picture	500+	20947809	0	1	5167	1	0	5000	other	0
SEE_02_64_M	787	Picture	hi_P032	20953142	0	1	30166	1	0	30000	other	0
SEE_02_64_M	788	Picture	+	20983475	0	1	62498	1	0	next	other	0
SEE_02_64_M	789	Sound	hi159b	20983475	0	2			0		other	0
SEE_02_64_M	790	Picture	500+	21045973	0	1	5167	1	0	5000	other	0
SEE_02_64_M	791	Picture	low_L175	21051140	0	1	30166	1	0	30000	other	0
SEE_02_64_M	792	Picture	+	21081472	0	1	20166	1	0	36280	other	0
SEE_02_64_M	793	Picture	hi_A016	21101639	0	1	30166	1	0	30000	other	0
SEE_02_64_M	794	Picture	+	21131971	0	1	20166	1	0	33620	other	0
SEE_02_64_M	795	Picture	low_A161	21152137	0	1	30166	1	0	30000	other	0
SEE_02_64_M	796	Picture	+	21182470	0	1	79498	1	0	next	other	0
SEE_02_64_M	797	Sound	hi127a	21202471	0	1			0		other	0
SEE_02_64_M	798	Picture	500+	21261968	0	1	5167	1	0	5000	other	0
SEE_02_64_M	799	Picture	hi_F298	21267301	0	1	30166	1	0	30000	other	0
SEE_02_64_M	800	Picture	+	21297467	0	1	66498	1	0	next	other	0
SEE_02_64_M	801	Sound	hi127b	21297468	0	1			0		other	0
SEE_02_64_M	802	Picture	500+	21363965	0	1	5167	1	0	5000	other	0
SEE_02_64_M	803	Picture	low_A097	21369132	0	1	30166	1	0	30000	other	0
SEE_02_64_M	804	Picture	+	21399464	0	1	20166	1	0	36710	other	0
SEE_02_64_M	805	Picture	hi_P214	21419631	0	1	30166	1	0	30000	other	0
SEE_02_64_M	806	Picture	+	21449963	0	1	20166	1	0	34640	other	0
SEE_02_64_M	807	Picture	low_L131	21470129	0	1	30166	1	0	30000	other	0
SEE_02_64_M	808	Picture	+	21500462	0	1	88998	1	0	next	other	0
SEE_02_64_M	809	Sound	low079a	21520463	0	1			0		other	0
SEE_02_64_M	810	Picture	500+	21589460	0	1	5167	1	0	5000	other	0
SEE_02_64_M	811	Picture	hi_F271	21594793	0	1	30166	1	0	30000	other	0
SEE_02_64_M	812	Picture	+	21624959	0	1	64665	1	0	next	other	0
SEE_02_64_M	813	Sound	low079b	21624960	0	2			0		other	0
SEE_02_64_M	814	Picture	500+	21689624	0	1	5166	1	0	5000	other	0
SEE_02_64_M	815	Picture	low_L051	21694957	0	1	30166	1	0	30000	other	0
SEE_02_64_M	816	Picture	+	21725290	0	1	20166	1	0	30970	other	0
SEE_02_64_M	817	Picture	hi_P140	21745456	0	1	30166	1	0	30000	other	0
SEE_02_64_M	818	Picture	+	21775788	0	1	20166	1	0	35200	other	0
SEE_02_64_M	819	Picture	low_L083	21795955	0	1	30166	1	0	30000	other	0
SEE_02_64_M	820	Picture	+	21826287	0	1	78665	1	0	next	other	0
SEE_02_64_M	821	Sound	low071a	21846288	0	1			0		other	0
SEE_02_64_M	822	Picture	500+	21904952	0	1	5167	1	0	5000	other	0
SEE_02_64_M	823	Picture	hi_O007	21910118	0	1	30166	1	0	30000	other	0
SEE_02_64_M	824	Picture	+	21940284	0	1	58499	1	0	next	other	0
SEE_02_64_M	825	Sound	low071b	21940285	0	1			0		other	0
SEE_02_64_M	826	Picture	500+	21998783	0	1	5167	1	0	5000	other	0
SEE_02_64_M	827	Picture	low_A188	22003949	0	1	30166	1	0	30000	other	0
SEE_02_64_M	828	Picture	+	22034282	0	1	20166	1	0	31640	other	0
SEE_02_64_M	829	Picture	hi_P029	22054448	0	1	30166	1	0	30000	other	0
SEE_02_64_M	830	Picture	+	22084781	0	1	20166	1	0	41990	other	0
SEE_02_64_M	831	Picture	low_F214	22104947	0	1	30166	1	0	30000	other	0
SEE_02_64_M	832	Picture	+	22135279	0	1	81665	1	0	next	other	0
SEE_02_64_M	833	Sound	hi301a	22155280	0	1			0		other	0
SEE_02_64_M	834	Picture	500+	22216944	0	1	5167	1	0	5000	other	0
SEE_02_64_M	835	Picture	low_P154	22222111	0	1	30166	1	0	30000	other	0
SEE_02_64_M	836	Picture	+	22252277	0	1	61832	1	0	next	other	0
SEE_02_64_M	837	Sound	hi301b	22252277	0	1			0		other	0
SEE_02_64_M	838	Picture	500+	22314108	0	1	5167	1	0	5000	other	0
SEE_02_64_M	839	Picture	hi_F297	22319442	0	1	30166	1	0	30000	other	0
SEE_02_64_M	840	Picture	+	22349774	0	1	20166	1	0	33400	other	0
SEE_02_64_M	841	Picture	hi_P220	22369940	0	1	30166	1	0	30000	other	0
SEE_02_64_M	842	Picture	+	22400273	0	1	20166	1	0	35570	other	0
SEE_02_64_M	843	Picture	low_P110	22420439	0	1	30166	1	0	30000	other	0
SEE_02_64_M	844	Picture	+	22450772	0	1	88998	1	0	next	other	0
SEE_02_64_M	845	Sound	low085a	22470772	0	1			0		other	0
SEE_02_64_M	846	Picture	500+	22539769	0	1	5167	1	0	5000	other	0
SEE_02_64_M	847	Picture	hi_P128	22544936	0	1	30166	1	0	30000	other	0
SEE_02_64_M	848	Picture	+	22575102	0	1	68165	1	0	next	other	0
SEE_02_64_M	849	Sound	low085b	22575102	0	1			0		other	0
SEE_02_64_M	850	Picture	500+	22643267	0	1	5167	1	0	5000	other	0
SEE_02_64_M	851	Picture	low_L089	22648433	0	1	30166	1	0	30000	other	0
SEE_02_64_M	852	Picture	+	22678766	0	1	20166	1	0	36070	other	0
SEE_02_64_M	853	Picture	hi_P021	22698932	0	1	30166	1	0	30000	other	0
SEE_02_64_M	854	Picture	+	22729265	0	1	20166	1	0	37610	other	0
SEE_02_64_M	855	Picture	low_F244	22749431	0	1	30166	1	0	30000	other	0
SEE_02_64_M	856	Picture	+	22779763	0	1	79331	1	0	next	other	0
SEE_02_64_M	857	Sound	hi244a	22799764	0	1			0		other	0
SEE_02_64_M	858	Picture	500+	22859095	0	1	5167	1	0	5000	other	0
SEE_02_64_M	859	Picture	low_L163	22864261	0	1	30166	1	0	30000	other	0
SEE_02_64_M	860	Picture	+	22894427	0	1	69832	1	0	next	other	0
SEE_02_64_M	861	Sound	hi244b	22894428	0	1			0		other	0
SEE_02_64_M	862	Picture	500+	22964259	0	1	5167	1	0	5000	other	0
SEE_02_64_M	863	Picture	hi_P243	22969425	0	1	30166	1	0	30000	other	0
SEE_02_64_M	864	Picture	+	22999758	0	1	20166	1	0	38450	other	0
SEE_02_64_M	865	Picture	low_O214	23019924	0	1	30166	1	0	30000	other	0
SEE_02_64_M	866	Picture	+	23050257	0	1	20166	1	0	39140	other	0
SEE_02_64_M	867	Picture	hi_F041	23070423	0	1	30166	1	0	30000	other	0
SEE_02_64_M	868	Picture	+	23100755	0	1	82998	1	0	next	other	0
SEE_02_64_M	869	Sound	low034a	23120756	0	1			0		other	0
SEE_02_64_M	870	Picture	500+	23183753	0	1	5166	1	0	5000	other	0
SEE_02_64_M	871	Picture	low_L132	23188920	0	1	30166	1	0	30000	other	0
SEE_02_64_M	872	Picture	+	23219086	0	1	62998	1	0	next	other	0
SEE_02_64_M	873	Sound	low034b	23219086	0	1			0		other	0
SEE_02_64_M	874	Picture	500+	23282084	0	1	5167	1	0	5000	other	0
SEE_02_64_M	875	Picture	hi_O105	23287251	0	1	30166	1	0	30000	other	0
SEE_02_64_M	876	Picture	+	23317583	0	1	20166	1	0	40740	other	0
SEE_02_64_M	877	Picture	low_A114	23337749	0	1	30166	1	0	30000	other	0
SEE_02_64_M	878	Picture	+	23368082	0	1	20166	1	0	32440	other	0
SEE_02_64_M	879	Picture	hi_F321	23388248	0	1	30166	1	0	30000	other	0
SEE_02_64_M	880	Picture	+	23418581	0	1	83665	1	0	next	other	0
SEE_02_64_M	881	Sound	hi012a	23438582	0	1			0		other	0
SEE_02_64_M	882	Picture	500+	23502245	0	1	5167	1	0	5000	other	0
SEE_02_64_M	883	Picture	hi_F003	23507412	0	1	30166	1	0	30000	other	0
SEE_02_64_M	884	Picture	+	23537578	0	1	60165	1	0	next	other	0
SEE_02_64_M	885	Sound	hi012b	23537578	0	1			0		other	0
SEE_02_64_M	886	Picture	500+	23597743	0	1	5167	1	0	5000	other	0
SEE_02_64_M	887	Picture	low_L154	23603076	0	1	30166	1	0	30000	other	0
SEE_02_64_M	888	Picture	+	23633409	0	1	20166	1	0	39850	other	0
SEE_02_64_M	889	Picture	low_A095	23653575	0	1	30166	1	0	30000	other	0
SEE_02_64_M	890	Picture	+	23683908	0	1	20166	1	0	41340	other	0
SEE_02_64_M	891	Picture	hi_F290	23704074	0	1	30166	1	0	30000	other	0
SEE_02_64_M	892	Picture	+	23734406	0	1	83498	1	0	next	other	0
SEE_02_64_M	893	Sound	low063a	23754407	0	1			0		other	0
SEE_02_64_M	894	Picture	500+	23817904	0	1	5167	1	0	5000	other	0
SEE_02_64_M	895	Picture	low_L071	23823071	0	1	30166	1	0	30000	other	0
SEE_02_64_M	896	Picture	+	23853403	0	1	69332	1	0	next	other	0
SEE_02_64_M	897	Sound	low063b	23853404	0	1			0		other	0
SEE_02_64_M	898	Picture	500+	23922735	0	1	5166	1	0	5000	other	0
SEE_02_64_M	899	Picture	hi_F032	23927901	0	1	30166	1	0	30000	other	0
SEE_02_64_M	900	Picture	+	23958234	0	1	20166	1	0	34870	other	0
SEE_02_64_M	901	Picture	hi_F366	23978400	0	1	30166	1	0	30000	other	0
SEE_02_64_M	902	Picture	+	24008733	0	1	20166	1	0	42970	other	0
SEE_02_64_M	903	Picture	low_L100	24028899	0	1	30166	1	0	30000	other	0
SEE_02_64_M	904	Picture	+	24059231	0	1	84165	1	0	next	other	0
SEE_02_64_M	905	Sound	low274a	24079232	0	2			0		other	0
SEE_02_64_M	906	Picture	500+	24143396	0	1	5167	1	0	5000	other	0
SEE_02_64_M	907	Picture	hi_P200	24148563	0	1	30166	1	0	30000	other	0
SEE_02_64_M	908	Picture	+	24178729	0	1	69498	1	0	next	other	0
SEE_02_64_M	909	Sound	low274b	24178729	0	2			0		other	0
SEE_02_64_M	910	Picture	500+	24248227	0	1	5167	1	0	5000	other	0
SEE_02_64_M	911	Picture	low_A123	24253393	0	1	30166	1	0	30000	other	0
SEE_02_64_M	912	Picture	+	24283726	0	1	20166	1	0	35930	other	0
SEE_02_64_M	913	Picture	low_P112	24303892	0	1	30166	1	0	30000	other	0
SEE_02_64_M	914	Picture	+	24334225	0	1	20166	1	0	31640	other	0
SEE_02_64_M	915	Picture	hi_P224	24354391	0	1	30166	1	0	30000	other	0
SEE_02_64_M	916	Picture	+	24384723	0	1	87998	1	0	next	other	0
SEE_02_64_M	917	Sound	low032a	24404724	0	1			0		other	0
SEE_02_64_M	918	Picture	500+	24472721	0	1	5167	1	0	5000	other	0
SEE_02_64_M	919	Picture	low_A159	24477888	0	1	30166	1	0	30000	other	0
SEE_02_64_M	920	Picture	+	24508054	0	1	68165	1	0	next	other	0
SEE_02_64_M	921	Sound	low032b	24508054	0	1			0		other	0
SEE_02_64_M	922	Picture	500+	24576219	0	1	5167	1	0	5000	other	0
SEE_02_64_M	923	Picture	hi_F034	24581385	0	1	30166	1	0	30000	other	0
SEE_02_64_M	924	Picture	+	24611718	0	1	20166	1	0	36110	other	0
SEE_02_64_M	925	Picture	hi_L022	24631884	0	1	30166	1	0	30000	other	0
SEE_02_64_M	926	Picture	+	24662216	0	1	20166	1	0	32170	other	0
SEE_02_64_M	927	Picture	low_L149	24682383	0	1	30166	1	0	30000	other	0
SEE_02_64_M	928	Picture	+	24712715	0	1	86831	1	0	next	other	0
SEE_02_64_M	929	Sound	low271a	24732716	0	1			0		other	0
SEE_02_64_M	930	Picture	500+	24799546	0	1	5167	1	0	5000	other	0
SEE_02_64_M	931	Picture	low_L055	24804713	0	1	30166	1	0	30000	other	0
SEE_02_64_M	932	Picture	+	24834879	0	1	63665	1	0	next	other	0
SEE_02_64_M	933	Sound	low271b	24834879	0	1			0		other	0
SEE_02_64_M	934	Picture	500+	24898544	0	1	5167	1	0	5000	other	0
SEE_02_64_M	935	Picture	hi_O291	24903877	0	1	30166	1	0	30000	other	0
SEE_02_64_M	936	Picture	+	24934210	0	1	20166	1	0	39190	other	0
SEE_02_64_M	937	Picture	hi_P227	24954376	0	1	30166	1	0	30000	other	0
SEE_02_64_M	938	Picture	+	24984708	0	1	20166	1	0	37810	other	0
SEE_02_64_M	939	Picture	low_O256	25004875	0	1	30166	1	0	30000	other	0
SEE_02_64_M	940	Picture	+	25035207	0	1	85665	1	0	next	other	0
SEE_02_64_M	941	Sound	hi154a	25055208	0	2			0		other	0
SEE_02_64_M	942	Picture	500+	25120872	0	1	5167	1	0	5000	other	0
SEE_02_64_M	943	Picture	hi_P124	25126038	0	1	30166	1	0	30000	other	0
SEE_02_64_M	944	Picture	+	25156371	0	1	60832	1	0	next	other	0
SEE_02_64_M	945	Sound	hi154b	25156371	0	1			0		other	0
SEE_02_64_M	946	Picture	500+	25217203	0	1	5167	1	0	5000	other	0
SEE_02_64_M	947	Picture	low_P116	25222369	0	1	30166	1	0	30000	other	0
SEE_02_64_M	948	Picture	+	25252702	0	1	20166	1	0	38570	other	0
SEE_02_64_M	949	Picture	hi_P233	25272868	0	1	30166	1	0	30000	other	0
SEE_02_64_M	950	Picture	+	25303200	0	1	20166	1	0	44420	other	0
SEE_02_64_M	951	Picture	low_A108	25323367	0	1	30166	1	0	30000	other	0
SEE_02_64_M	952	Picture	+	25353699	0	1	81831	1	0	next	other	0
SEE_02_64_M	953	Sound	low278a	25373700	0	1			0		other	0
SEE_02_64_M	954	Picture	500+	25435530	0	1	5167	1	0	5000	other	0
SEE_02_64_M	955	Picture	hi_L026	25440697	0	1	30166	1	0	30000	other	0
SEE_02_64_M	956	Picture	+	25470863	0	1	63832	1	0	next	other	0
SEE_02_64_M	957	Sound	low278b	25470864	0	2			0		other	0
SEE_02_64_M	958	Picture	500+	25534695	0	1	5167	1	0	5000	other	0
SEE_02_64_M	959	Picture	low_L021	25539861	0	1	30166	1	0	30000	other	0
SEE_02_64_M	960	Picture	+	25570194	0	1	20166	1	0	36070	other	0
SEE_02_64_M	961	Picture	low_F087	25590360	0	1	30166	1	0	30000	other	0
SEE_02_64_M	962	Picture	+	25620693	0	1	20166	1	0	37710	other	0
SEE_02_64_M	963	Picture	hi_F291	25640859	0	1	30166	1	0	30000	other	0
SEE_02_64_M	964	Picture	+	25671191	0	1	83998	1	0	next	other	0
SEE_02_64_M	965	Sound	low057a	25691192	0	1			0		other	0
SEE_02_64_M	966	Picture	500+	25755189	0	1	5167	1	0	5000	other	0
SEE_02_64_M	967	Picture	hi_F007	25760356	0	1	30166	1	0	30000	other	0
SEE_02_64_M	968	Picture	+	25790522	0	1	58832	1	0	next	other	0
SEE_02_64_M	969	Sound	low057b	25790522	0	1			0		other	0
SEE_02_64_M	970	Picture	500+	25849354	0	1	5167	1	0	5000	other	0
SEE_02_64_M	971	Picture	low_L124	25854520	0	1	30166	1	0	30000	other	0
SEE_02_64_M	972	Picture	+	25884853	0	1	20166	1	0	39760	other	0
SEE_02_64_M	973	Picture	hi_P038	25905019	0	1	30166	1	0	30000	other	0
SEE_02_64_M	974	Picture	+	25935351	0	1	20166	1	0	40710	other	0
SEE_02_64_M	975	Picture	low_P046	25955518	0	1	30166	1	0	30000	other	0
SEE_02_64_M	976	Picture	+	25985850	0	1	82998	1	0	next	other	0
SEE_02_64_M	977	Sound	hi009a	26005851	0	1			0		other	0
SEE_02_64_M	978	Picture	500+	26068848	0	1	5167	1	0	5000	other	0
SEE_02_64_M	979	Picture	low_P105	26074181	0	1	30166	1	0	30000	other	0
SEE_02_64_M	980	Picture	+	26104347	0	1	65498	1	0	next	other	0
SEE_02_64_M	981	Sound	hi009b	26104348	0	1			0		other	0
SEE_02_64_M	982	Picture	500+	26169845	0	1	5167	1	0	5000	other	0
SEE_02_64_M	983	Picture	hi_A069	26175179	0	1	30166	1	0	30000	other	0
SEE_02_64_M	984	Picture	+	26205511	0	1	20166	1	0	32310	other	0
SEE_02_64_M	985	Picture	hi_L139	26225677	0	1	30166	1	0	30000	other	0
SEE_02_64_M	986	Picture	+	26256010	0	1	20166	1	0	38760	other	0
SEE_02_64_M	987	Picture	low_A192	26276176	0	1	30166	1	0	30000	other	0
SEE_02_64_M	988	Picture	+	26306509	0	1	81165	1	0	next	other	0
SEE_02_64_M	989	Sound	hi246a	26326509	0	1			0		other	0
SEE_02_64_M	990	Picture	500+	26387673	0	1	5167	1	0	5000	other	0
SEE_02_64_M	991	Picture	hi_A061	26392840	0	1	30166	1	0	30000	other	0
SEE_02_64_M	992	Picture	+	26423173	0	1	57665	1	0	next	other	0
SEE_02_64_M	993	Sound	hi246b	26423173	0	1			0		other	0
SEE_02_64_M	994	Picture	500+	26480838	0	1	5166	1	0	5000	other	0
SEE_02_64_M	995	Picture	low_F228	26486171	0	1	30166	1	0	30000	other	0
SEE_02_64_M	996	Picture	+	26516504	0	1	20166	1	0	40970	other	0
SEE_02_64_M	997	Picture	low_A104	26536670	0	1	30166	1	0	30000	other	0
SEE_02_64_M	998	Picture	+	26567002	0	1	20166	1	0	38030	other	0
SEE_02_64_M	999	Picture	hi_F016	26587168	0	1	30166	1	0	30000	other	0
SEE_02_64_M	1000	Picture	+	26617501	0	1	75831	1	0	next	other	0
SEE_02_64_M	1001	Sound	hi206a	26637502	0	1			0		other	0
SEE_02_64_M	1002	Picture	500+	26693333	0	1	5167	1	0	5000	other	0
SEE_02_64_M	1003	Picture	low_L133	26698499	0	1	30166	1	0	30000	other	0
SEE_02_64_M	1004	Picture	+	26728665	0	1	58332	1	0	next	other	0
SEE_02_64_M	1005	Sound	hi206b	26728666	0	1			0		other	0
SEE_02_64_M	1006	Picture	500+	26786997	0	1	5167	1	0	5000	other	0
SEE_02_64_M	1007	Picture	hi_P139	26792163	0	1	30166	1	0	30000	other	0
SEE_02_64_M	1008	Picture	+	26822496	0	1	20166	1	0	35740	other	0
SEE_02_64_M	1009	Picture	hi_P086	26842662	0	1	30166	1	0	30000	other	0
SEE_02_64_M	1010	Picture	+	26872995	0	1	20166	1	0	32200	other	0
SEE_02_64_M	1011	Picture	low_P047	26893161	0	1	30166	1	0	30000	other	0
SEE_02_64_M	1012	Picture	+	26923493	0	1	81165	1	0	next	other	0
SEE_02_64_M	1013	Sound	low273a	26943494	0	1			0		other	0
SEE_02_64_M	1014	Picture	500+	27004658	0	1	5167	1	0	5000	other	0
SEE_02_64_M	1015	Picture	hi_P225	27009825	0	1	30166	1	0	30000	other	0
SEE_02_64_M	1016	Picture	+	27039991	0	1	68665	1	0	next	other	0
SEE_02_64_M	1017	Sound	low273b	27039991	0	1			0		other	0
SEE_02_64_M	1018	Picture	500+	27108655	0	1	5167	1	0	5000	other	0
SEE_02_64_M	1019	Picture	low_A185	27113822	0	1	30166	1	0	30000	other	0
SEE_02_64_M	1020	Picture	+	27144155	0	1	20166	1	0	33250	other	0
SEE_02_64_M	1021	Picture	low_F047	27164321	0	1	30166	1	0	30000	other	0
SEE_02_64_M	1022	Picture	+	27194653	0	1	20166	1	0	36570	other	0
SEE_02_64_M	1023	Picture	hi_P007	27214819	0	1	30166	1	0	30000	other	0
SEE_02_64_M	1024	Picture	+	27245152	0	1	75331	1	0	next	other	0
SEE_02_64_M	1025	Sound	hi250a	27265153	0	1			0		other	0
SEE_02_64_M	1026	Picture	500+	27320484	0	1	5167	1	0	5000	other	0
SEE_02_64_M	1027	Picture	hi_F014	27325817	0	1	30166	1	0	30000	other	0
SEE_02_64_M	1028	Picture	+	27355983	0	1	61165	1	0	next	other	0
SEE_02_64_M	1029	Sound	hi250b	27355983	0	1			0		other	0
SEE_02_64_M	1030	Picture	500+	27417148	0	1	5166	1	0	5000	other	0
SEE_02_64_M	1031	Picture	low_L125	27422481	0	1	30166	1	0	30000	other	0
SEE_02_64_M	1032	Picture	+	27452814	0	1	20166	1	0	43060	other	0
SEE_02_64_M	1033	Picture	low_P138	27472980	0	1	30166	1	0	30000	other	0
SEE_02_64_M	1034	Picture	+	27503312	0	1	20166	1	0	30250	other	0
SEE_02_64_M	1035	Picture	hi_P232	27523478	0	1	30166	1	0	30000	other	0
SEE_02_64_M	1036	Picture	+	27553811	0	1	75165	1	0	next	other	0
SEE_02_64_M	1037	Sound	low179a	27573812	0	1			0		other	0
SEE_02_64_M	1038	Picture	500+	27628976	0	1	5167	1	0	5000	other	0
SEE_02_64_M	1039	Picture	low_L009	27634142	0	1	30166	1	0	30000	other	0
SEE_02_64_M	1040	Picture	+	27664475	0	1	56332	1	0	next	other	0
SEE_02_64_M	1041	Sound	low179b	27664476	0	1			0		other	0
SEE_02_64_M	1042	Picture	500+	27720807	0	1	5167	1	0	5000	other	0
SEE_02_64_M	1043	Picture	hi_O139	27726140	0	1	30166	1	0	30000	other	0
SEE_02_64_M	1044	Picture	+	27756473	0	1	20166	1	0	42180	other	0
SEE_02_64_M	1045	Picture	low_A169	27776639	0	1	30166	1	0	30000	other	0
SEE_02_64_M	1046	Picture	+	27806971	0	1	20166	1	0	32030	other	0
SEE_02_64_M	1047	Picture	hi_P084	27827138	0	1	30166	1	0	30000	other	0
SEE_02_64_M	1048	Picture	+	27857470	0	1	83831	1	0	next	other	0
SEE_02_64_M	1049	Sound	low035a	27877471	0	1			0		other	0
SEE_02_64_M	1050	Picture	500+	27941301	0	1	5167	1	0	5000	other	0
SEE_02_64_M	1051	Picture	hi_A085	27946468	0	1	30166	1	0	30000	other	0
SEE_02_64_M	1052	Picture	+	27976800	0	1	62665	1	0	next	other	0
SEE_02_64_M	1053	Sound	low035b	27976801	0	2			0		other	0
SEE_02_64_M	1054	Picture	500+	28039466	0	1	5167	1	0	5000	other	0
SEE_02_64_M	1055	Picture	low_F042	28044632	0	1	30166	1	0	30000	other	0
SEE_02_64_M	1056	Picture	+	28074965	0	1	20166	1	0	43980	other	0
SEE_02_64_M	1057	Picture	low_L178	28095131	0	1	30166	1	0	30000	other	0
SEE_02_64_M	1058	Picture	+	28125463	0	1	20166	1	0	42370	other	0
SEE_02_64_M	1059	Picture	hi_A034	28145630	0	1	30166	1	0	30000	other	0
SEE_02_64_M	1060	Picture	+	28175962	0	1	84498	1	0	next	other	0
SEE_02_64_M	1061	Sound	low048a	28195963	0	2			0		other	0
SEE_02_64_M	1062	Picture	500+	28260460	0	1	5167	1	0	5000	other	0
SEE_02_64_M	1063	Picture	low_L117	28265627	0	1	30166	1	0	30000	other	0
SEE_02_64_M	1064	Picture	+	28295959	0	1	67832	1	0	next	other	0
SEE_02_64_M	1065	Sound	low048b	28295960	0	1			0		other	0
SEE_02_64_M	1066	Picture	500+	28363791	0	1	5167	1	0	5000	other	0
SEE_02_64_M	1067	Picture	hi_A042	28369124	0	1	30166	1	0	30000	other	0
SEE_02_64_M	1068	Picture	+	28399457	0	1	20166	1	0	38390	other	0
SEE_02_64_M	1069	Picture	low_A184	28419623	0	1	30166	1	0	30000	other	0
SEE_02_64_M	1070	Picture	+	28449955	0	1	20166	1	0	31390	other	0
SEE_02_64_M	1071	Picture	hi_A033	28470121	0	1	30166	1	0	30000	other	0
SEE_02_64_M	1072	Picture	+	28500454	0	1	83165	1	0	next	other	0
SEE_02_64_M	1073	Sound	hi139a	28520455	0	1			0		other	0
SEE_02_64_M	1074	Picture	500+	28583619	0	1	5167	1	0	5000	other	0
SEE_02_64_M	1075	Picture	low_O099	28588785	0	1	30166	1	0	30000	other	0
SEE_02_64_M	1076	Picture	+	28618951	0	1	62998	1	0	next	other	0
SEE_02_64_M	1077	Sound	hi139b	28618952	0	1			0		other	0
SEE_02_64_M	1078	Picture	500+	28681950	0	1	5167	1	0	5000	other	0
SEE_02_64_M	1079	Picture	hi_F038	28687116	0	1	30166	1	0	30000	other	0
SEE_02_64_M	1080	Picture	+	28717449	0	1	20166	1	0	40670	other	0
SEE_02_64_M	1081	Picture	hi_A072	28737615	0	1	30166	1	0	30000	other	0
SEE_02_64_M	1082	Picture	+	28767947	0	1	20166	1	0	41690	other	0
SEE_02_64_M	1083	Picture	low_L168	28788114	0	1	30166	1	0	30000	other	0
SEE_02_64_M	1084	Picture	+	28818446	0	1	86664	1	0	next	other	0
SEE_02_64_M	1085	Sound	low283a	28838447	0	2			0		other	0
SEE_02_64_M	1086	Picture	500+	28905111	0	1	5167	1	0	5000	other	0
SEE_02_64_M	1087	Picture	hi_P206	28910444	0	1	30166	1	0	30000	other	0
SEE_02_64_M	1088	Picture	+	28940610	0	1	61332	1	0	next	other	0
SEE_02_64_M	1089	Sound	low283b	28940610	0	1			0		other	0
SEE_02_64_M	1090	Picture	500+	29001942	0	1	5167	1	0	5000	other	0
SEE_02_64_M	1091	Picture	low_F124	29007108	0	1	30166	1	0	30000	other	0
SEE_02_64_M	1092	Picture	+	29037441	0	1	20166	1	0	41620	other	0
SEE_02_64_M	1093	Picture	hi_P001	29057607	0	1	30166	1	0	30000	other	0
SEE_02_64_M	1094	Picture	+	29087939	0	1	20166	1	0	34710	other	0
SEE_02_64_M	1095	Picture	low_A214	29108106	0	1	30166	1	0	30000	other	0
SEE_02_64_M	1096	Picture	+	29138438	0	1	75498	1	0	next	other	0
SEE_02_64_M	1097	Sound	low089a	29158439	0	1			0		other	0
SEE_02_64_M	1098	Picture	500+	29213936	0	1	5167	1	0	5000	other	0
SEE_02_64_M	1099	Picture	hi_P123	29219270	0	1	30166	1	0	30000	other	0
SEE_02_64_M	1100	Picture	+	29249435	0	1	66832	1	0	next	other	0
SEE_02_64_M	1101	Sound	low089b	29249436	0	1			0		other	0
SEE_02_64_M	1102	Picture	500+	29316267	0	1	5167	1	0	5000	other	0
SEE_02_64_M	1103	Picture	low_P250	29321600	0	1	30166	1	0	30000	other	0
SEE_02_64_M	1104	Picture	+	29351933	0	1	20166	1	0	35830	other	0
SEE_02_64_M	1105	Picture	low_L143	29372099	0	1	30166	1	0	30000	other	0
SEE_02_64_M	1106	Picture	+	29402432	0	1	20166	1	0	35850	other	0
SEE_02_64_M	1107	Picture	hi_O003	29422598	0	1	30166	1	0	30000	other	0
SEE_02_64_M	1108	Picture	+	29452930	0	1	84998	1	0	next	other	0
SEE_02_64_M	1109	Sound	low024a	29472931	0	1			0		other	0
SEE_02_64_M	1110	Picture	500+	29537928	0	1	5167	1	0	5000	other	0
SEE_02_64_M	1111	Picture	hi_A045	29543095	0	1	30166	1	0	30000	other	0
SEE_02_64_M	1112	Picture	+	29573261	0	1	55999	1	0	next	other	0
SEE_02_64_M	1113	Sound	low024b	29573261	0	1			0		other	0
SEE_02_64_M	1114	Picture	500+	29629259	0	1	5167	1	0	5000	other	0
SEE_02_64_M	1115	Picture	low_F079	29634426	0	1	30166	1	0	30000	other	0
SEE_02_64_M	1116	Picture	+	29664758	0	1	20166	1	0	31200	other	0
SEE_02_64_M	1117	Picture	low_P103	29684925	0	1	30166	1	0	30000	other	0
SEE_02_64_M	1118	Picture	+	29715257	0	1	20166	1	0	42160	other	0
SEE_02_64_M	1119	Picture	hi_A012	29735423	0	1	30166	1	0	30000	other	0
SEE_02_64_M	1120	Picture	+	29765756	0	1	83665	1	0	next	other	0
SEE_02_64_M	1121	Sound	low344a	29785757	0	1			0		other	0
SEE_02_64_M	1122	Picture	500+	29849420	0	1	5167	1	0	5000	other	0
SEE_02_64_M	1123	Picture	hi_P034	29854587	0	1	30166	1	0	30000	other	0
SEE_02_64_M	1124	Picture	+	29884920	0	1	58332	1	0	next	other	0
SEE_02_64_M	1125	Sound	low344b	29884920	0	1			0		other	0
SEE_02_64_M	1126	Picture	500+	29943251	0	1	5167	1	0	5000	other	0
SEE_02_64_M	1127	Picture	low_L153	29948418	0	1	30166	1	0	30000	other	0
SEE_02_64_M	1128	Picture	+	29978751	0	1	20166	1	0	37760	other	0
SEE_02_64_M	1129	Picture	low_L113	29998917	0	1	30166	1	0	30000	other	0
SEE_02_64_M	1130	Picture	+	30029249	0	1	20166	1	0	33100	other	0
SEE_02_64_M	1131	Picture	hi_F018	30049415	0	1	30166	1	0	30000	other	0
SEE_02_64_M	1132	Picture	+	30079748	0	1	82331	1	0	next	other	0
SEE_02_64_M	1133	Sound	hi253a	30099749	0	1			0		other	0
SEE_02_64_M	1134	Picture	500+	30162079	0	1	5167	1	0	5000	other	0
SEE_02_64_M	1135	Picture	hi_F025	30167246	0	1	30166	1	0	30000	other	0
SEE_02_64_M	1136	Picture	+	30197412	0	1	57999	1	0	next	other	0
SEE_02_64_M	1137	Sound	hi253b	30197412	0	1			0		other	0
SEE_02_64_M	1138	Picture	500+	30255410	0	1	5167	1	0	5000	other	0
SEE_02_64_M	1139	Picture	low_L102	30260577	0	1	30166	1	0	30000	other	0
SEE_02_64_M	1140	Picture	+	30290910	0	1	20166	1	0	39580	other	0
SEE_02_64_M	1141	Picture	low_L172	30311076	0	1	30166	1	0	30000	other	0
SEE_02_64_M	1142	Picture	+	30341408	0	1	20166	1	0	31350	other	0
SEE_02_64_M	1143	Picture	hi_F295	30361574	0	1	30166	1	0	30000	other	0
SEE_02_64_M	1144	Picture	+	30391907	0	1	82498	1	0	next	other	0
SEE_02_64_M	1145	Sound	hi202a	30411908	0	1			0		other	0
SEE_02_64_M	1146	Picture	500+	30474405	0	1	5167	1	0	5000	other	0
SEE_02_64_M	1147	Picture	hi_F273	30479571	0	1	30166	1	0	30000	other	0
SEE_02_64_M	1148	Picture	+	30509904	0	1	56832	1	0	next	other	0
SEE_02_64_M	1149	Sound	hi202b	30509905	0	1			0		other	0
SEE_02_64_M	1150	Picture	500+	30566736	0	1	5167	1	0	5000	other	0
SEE_02_64_M	1151	Picture	low_L046	30572069	0	1	30166	1	0	30000	other	0
SEE_02_64_M	1152	Picture	+	30602402	0	1	20166	1	0	31980	other	0
SEE_02_64_M	1153	Picture	low_A157	30622568	0	1	30166	1	0	30000	other	0
SEE_02_64_M	1154	Picture	+	30652900	0	1	20166	1	0	33890	other	0
SEE_02_64_M	1155	Picture	hi_P246	30673067	0	1	30166	1	0	30000	other	0
SEE_02_64_M	1156	Picture	+	30703399	0	1	78331	1	0	next	other	0
SEE_02_64_M	1157	Sound	low272a	30723400	0	1			0		other	0
SEE_02_64_M	1158	Picture	500+	30781731	0	1	5167	1	0	5000	other	0
SEE_02_64_M	1159	Picture	hi_P018	30786897	0	1	30166	1	0	30000	other	0
SEE_02_64_M	1160	Picture	+	30817063	0	1	58832	1	0	next	other	0
SEE_02_64_M	1161	Sound	low272b	30817064	0	1			0		other	0
SEE_02_64_M	1162	Picture	500+	30875895	0	1	5167	1	0	5000	other	0
SEE_02_64_M	1163	Picture	low_P195	30881061	0	1	30166	1	0	30000	other	0
SEE_02_64_M	1164	Picture	+	30911394	0	1	20166	1	0	32250	other	0
SEE_02_64_M	1165	Picture	low_L126	30931560	0	1	30166	1	0	30000	other	0
SEE_02_64_M	1166	Picture	+	30961893	0	1	20166	1	0	35480	other	0
SEE_02_64_M	1167	Picture	hi_P198	30982059	0	1	30166	1	0	30000	other	0
SEE_02_64_M	1168	Picture	+	31012392	0	1	87998	1	0	next	other	0
SEE_02_64_M	1169	Sound	hi248a	31032392	0	1			0		other	0
SEE_02_64_M	1170	Picture	500+	31100389	0	1	5166	1	0	5000	other	0
SEE_02_64_M	1171	Picture	low_L164	31105556	0	1	30166	1	0	30000	other	0
SEE_02_64_M	1172	Picture	+	31135722	0	1	62332	1	0	next	other	0
SEE_02_64_M	1173	Sound	hi248b	31135722	0	1			0		other	0
SEE_02_64_M	1174	Picture	500+	31198054	0	1	5167	1	0	5000	other	0
SEE_02_64_M	1175	Picture	hi_A039	31203220	0	1	30166	1	0	30000	other	0
SEE_02_64_M	1176	Picture	+	31233553	0	1	20166	1	0	40070	other	0
SEE_02_64_M	1177	Picture	low_L048	31253719	0	1	30166	1	0	30000	other	0
SEE_02_64_M	1178	Picture	+	31284051	0	1	20166	1	0	37140	other	0
SEE_02_64_M	1179	Picture	hi_A221	31304218	0	1	30166	1	0	30000	other	0
SEE_02_64_M	1180	Picture	+	31334550	0	1	87831	1	0	next	other	0
SEE_02_64_M	1181	Sound	hi326a	31354551	0	1			0		other	0
SEE_02_64_M	1182	Picture	500+	31422381	0	1	5166	1	0	5000	other	0
SEE_02_64_M	1183	Picture	low_F358	31427548	0	1	30166	1	0	30000	other	0
SEE_02_64_M	1184	Picture	+	31457714	0	1	55165	1	0	next	other	0
SEE_02_64_M	1185	Sound	hi326b	31457714	0	1			0		other	0
SEE_02_64_M	1186	Picture	500+	31512879	0	1	5167	1	0	5000	other	0
SEE_02_64_M	1187	Picture	hi_F299	31518046	0	1	30166	1	0	30000	other	0
SEE_02_64_M	1188	Picture	+	31548378	0	1	20166	1	0	34720	other	0
SEE_02_64_M	1189	Picture	low_L090	31568544	0	1	30166	1	0	30000	other	0
SEE_02_64_M	1190	Picture	+	31598877	0	1	20166	1	0	31670	other	0
SEE_02_64_M	1191	Picture	hi_P015	31619043	0	1	30166	1	0	30000	other	0
SEE_02_64_M	1192	Picture	+	31649376	0	1	80831	1	0	next	other	0
SEE_02_64_M	1193	Sound	hi241a	31669376	0	1			0		other	0
SEE_02_64_M	1194	Picture	500+	31730207	0	1	5166	1	0	5000	other	0
SEE_02_64_M	1195	Picture	hi_F368	31735373	0	1	30166	1	0	30000	other	0
SEE_02_64_M	1196	Picture	+	31765539	0	1	68165	1	0	next	other	0
SEE_02_64_M	1197	Sound	hi241b	31765540	0	1			0		other	0
SEE_02_64_M	1198	Picture	500+	31833704	0	1	5167	1	0	5000	other	0
SEE_02_64_M	1199	Picture	low_F224	31838871	0	1	30166	1	0	30000	other	0
SEE_02_64_M	1200	Picture	+	31869203	0	1	20166	1	0	37720	other	0
SEE_02_64_M	1201	Picture	hi_P127	31889370	0	1	30166	1	0	30000	other	0
SEE_02_64_M	1202	Picture	+	31919702	0	1	20166	1	0	31520	other	0
SEE_02_64_M	1203	Picture	low_L169	31939868	0	1	30166	1	0	30000	other	0
SEE_02_64_M	1204	Picture	+	31970201	0	1	20166	1	0	next	other	0
