Scenario - 
Logfile written - 04/04/2016 17:13:26

Subject	Trial	Event Type	Code	Time	TTime	Uncertainty	Duration	Uncertainty	ReqTime	ReqDur	Stim Type	Pair Index

SEE_11_64_FR	1	Response	0	2816979	2816830	1
SEE_11_64_FR	4	Picture	+	2857744	0	1	63331	1	0	next	other	0
SEE_11_64_FR	5	Sound	low049a	2857745	0	1			0		other	0
SEE_11_64_FR	6	Picture	500+	2921075	0	1	5167	1	0	5000	other	0
SEE_11_64_FR	7	Picture	hi_A042	2926242	0	1	30166	1	0	30000	other	0
SEE_11_64_FR	8	Picture	+	2956407	0	1	62331	1	0	next	other	0
SEE_11_64_FR	9	Sound	low049b	2956408	0	1			0		other	0
SEE_11_64_FR	10	Picture	500+	3018739	0	1	5167	1	0	5000	other	0
SEE_11_64_FR	11	Picture	low_A100	3023905	0	1	30166	1	0	30000	other	0
SEE_11_64_FR	12	Picture	+	3054238	0	1	20166	1	0	38010	other	0
SEE_11_64_FR	13	Picture	low_A115	3074404	0	1	30166	1	0	30000	other	0
SEE_11_64_FR	14	Picture	+	3104736	0	1	20166	1	0	44760	other	0
SEE_11_64_FR	15	Picture	hi_F170	3124902	0	1	30166	1	0	30000	other	0
SEE_11_64_FR	16	Picture	+	3155234	0	1	75331	1	0	next	other	0
SEE_11_64_FR	17	Sound	hi310a	3175235	0	1			0		other	0
SEE_11_64_FR	18	Picture	500+	3230565	0	1	5166	1	0	5000	other	0
SEE_11_64_FR	19	Picture	low_L119	3235899	0	1	30166	1	0	30000	other	0
SEE_11_64_FR	20	Picture	+	3266064	0	1	63498	1	0	next	other	0
SEE_11_64_FR	21	Sound	hi310b	3266065	0	1			0		other	0
SEE_11_64_FR	22	Picture	500+	3329562	0	1	5167	1	0	5000	other	0
SEE_11_64_FR	23	Picture	hi_A032	3334895	0	1	30166	1	0	30000	other	0
SEE_11_64_FR	24	Picture	+	3365228	0	1	20166	1	0	38860	other	0
SEE_11_64_FR	25	Picture	hi_P212	3385394	0	1	30166	1	0	30000	other	0
SEE_11_64_FR	26	Picture	+	3415726	0	1	20166	1	0	39880	other	0
SEE_11_64_FR	27	Picture	low_L113	3435892	0	1	30166	1	0	30000	other	0
SEE_11_64_FR	28	Picture	+	3466225	0	1	83331	1	0	next	other	0
SEE_11_64_FR	29	Sound	low278a	3486226	0	1			0		other	0
SEE_11_64_FR	30	Picture	500+	3549555	0	1	5166	1	0	5000	other	0
SEE_11_64_FR	31	Picture	hi_A207	3554722	0	1	30166	1	0	30000	other	0
SEE_11_64_FR	32	Picture	+	3584888	0	1	64998	1	0	next	other	0
SEE_11_64_FR	33	Sound	low278b	3584888	0	1			0		other	0
SEE_11_64_FR	34	Picture	500+	3649886	0	1	5167	1	0	5000	other	0
SEE_11_64_FR	35	Picture	low_L094	3655219	0	1	30166	1	0	30000	other	0
SEE_11_64_FR	36	Picture	+	3685551	0	1	20166	1	0	31210	other	0
SEE_11_64_FR	37	Picture	hi_O291	3705717	0	1	30166	1	0	30000	other	0
SEE_11_64_FR	38	Picture	+	3736050	0	1	20166	1	0	34500	other	0
SEE_11_64_FR	39	Picture	low_L055	3756216	0	1	30166	1	0	30000	other	0
SEE_11_64_FR	40	Picture	+	3786548	0	1	87831	1	0	next	other	0
SEE_11_64_FR	41	Sound	low031a	3806549	0	1			0		other	0
SEE_11_64_FR	42	Picture	500+	3874379	0	1	5167	1	0	5000	other	0
SEE_11_64_FR	43	Picture	low_O326	3879545	0	1	30166	1	0	30000	other	0
SEE_11_64_FR	44	Picture	+	3909711	0	1	69831	1	0	next	other	0
SEE_11_64_FR	45	Sound	low031b	3909711	0	1			0		other	0
SEE_11_64_FR	46	Picture	500+	3979542	0	1	5167	1	0	5000	other	0
SEE_11_64_FR	47	Picture	hi_F290	3984709	0	1	30166	1	0	30000	other	0
SEE_11_64_FR	48	Picture	+	4015041	0	1	20166	1	0	37500	other	0
SEE_11_64_FR	49	Picture	low_L064	4035207	0	1	30166	1	0	30000	other	0
SEE_11_64_FR	50	Picture	+	4065539	0	1	20166	1	0	39360	other	0
SEE_11_64_FR	51	Picture	hi_A025	4085705	0	1	30166	1	0	30000	other	0
SEE_11_64_FR	52	Picture	+	4116038	0	1	89997	1	0	next	other	0
SEE_11_64_FR	53	Sound	low351a	4136038	0	1			0		other	0
SEE_11_64_FR	54	Picture	500+	4206035	0	1	5167	1	0	5000	other	0
SEE_11_64_FR	55	Picture	hi_P223	4211201	0	1	30166	1	0	30000	other	0
SEE_11_64_FR	56	Picture	+	4241534	0	1	67331	1	0	next	other	0
SEE_11_64_FR	57	Sound	low351b	4241534	0	1			0		other	0
SEE_11_64_FR	58	Picture	500+	4308865	0	1	5166	1	0	5000	other	0
SEE_11_64_FR	59	Picture	low_L151	4314031	0	1	30166	1	0	30000	other	0
SEE_11_64_FR	60	Picture	+	4344364	0	1	20166	1	0	30430	other	0
SEE_11_64_FR	61	Picture	hi_F009	4364530	0	1	30166	1	0	30000	other	0
SEE_11_64_FR	62	Picture	+	4394862	0	1	20166	1	0	37980	other	0
SEE_11_64_FR	63	Picture	low_L149	4415028	0	1	30166	1	0	30000	other	0
SEE_11_64_FR	64	Picture	+	4445361	0	1	82831	1	0	next	other	0
SEE_11_64_FR	65	Sound	low118a	4465362	0	1			0		other	0
SEE_11_64_FR	66	Picture	500+	4528192	0	1	5166	1	0	5000	other	0
SEE_11_64_FR	67	Picture	low_L166	4533358	0	1	30166	1	0	30000	other	0
SEE_11_64_FR	68	Picture	+	4563524	0	1	59665	1	0	next	other	0
SEE_11_64_FR	69	Sound	low118b	4563524	0	1			0		other	0
SEE_11_64_FR	70	Picture	500+	4623189	0	1	5166	1	0	5000	other	0
SEE_11_64_FR	71	Picture	hi_O001	4628355	0	1	30166	1	0	30000	other	0
SEE_11_64_FR	72	Picture	+	4658687	0	1	20166	1	0	30580	other	0
SEE_11_64_FR	73	Picture	low_A099	4678853	0	1	30166	1	0	30000	other	0
SEE_11_64_FR	74	Picture	+	4709186	0	1	20166	1	0	34450	other	0
SEE_11_64_FR	75	Picture	hi_F272	4729352	0	1	30166	1	0	30000	other	0
SEE_11_64_FR	76	Picture	+	4759684	0	1	77164	1	0	next	other	0
SEE_11_64_FR	77	Sound	low274a	4779685	0	1			0		other	0
SEE_11_64_FR	78	Picture	500+	4836849	0	1	5166	1	0	5000	other	0
SEE_11_64_FR	79	Picture	hi_F368	4842015	0	1	30166	1	0	30000	other	0
SEE_11_64_FR	80	Picture	+	4872181	0	1	59498	1	0	next	other	0
SEE_11_64_FR	81	Sound	low274b	4872181	0	1			0		other	0
SEE_11_64_FR	82	Picture	500+	4931679	0	1	5167	1	0	5000	other	0
SEE_11_64_FR	83	Picture	low_L065	4937012	0	1	30166	1	0	30000	other	0
SEE_11_64_FR	84	Picture	+	4967344	0	1	20166	1	0	35960	other	0
SEE_11_64_FR	85	Picture	hi_P038	4987511	0	1	30166	1	0	30000	other	0
SEE_11_64_FR	86	Picture	+	5017843	0	1	20166	1	0	39490	other	0
SEE_11_64_FR	87	Picture	low_L133	5038009	0	1	30166	1	0	30000	other	0
SEE_11_64_FR	88	Picture	+	5068341	0	1	80997	1	0	next	other	0
SEE_11_64_FR	89	Sound	hi250a	5088342	0	1			0		other	0
SEE_11_64_FR	90	Picture	500+	5149339	0	1	5166	1	0	5000	other	0
SEE_11_64_FR	91	Picture	hi_A077	5154672	0	1	30166	1	0	30000	other	0
SEE_11_64_FR	92	Picture	+	5184838	0	1	58165	1	0	next	other	0
SEE_11_64_FR	93	Sound	hi250b	5184838	0	1			0		other	0
SEE_11_64_FR	94	Picture	500+	5243002	0	1	5167	1	0	5000	other	0
SEE_11_64_FR	95	Picture	low_F111	5248336	0	1	30166	1	0	30000	other	0
SEE_11_64_FR	96	Picture	+	5278668	0	1	20166	1	0	44860	other	0
SEE_11_64_FR	97	Picture	hi_P001	5298834	0	1	30166	1	0	30000	other	0
SEE_11_64_FR	98	Picture	+	5329166	0	1	20166	1	0	37980	other	0
SEE_11_64_FR	99	Picture	low_O327	5349333	0	1	30166	1	0	30000	other	0
SEE_11_64_FR	100	Picture	+	5379665	0	1	76998	1	0	next	other	0
SEE_11_64_FR	101	Sound	low272a	5399666	0	1			0		other	0
SEE_11_64_FR	102	Picture	500+	5456662	0	1	5167	1	0	5000	other	0
SEE_11_64_FR	103	Picture	hi_P016	5461996	0	1	30166	1	0	30000	other	0
SEE_11_64_FR	104	Picture	+	5492328	0	1	56165	1	0	next	other	0
SEE_11_64_FR	105	Sound	low272b	5492329	0	1			0		other	0
SEE_11_64_FR	106	Picture	500+	5548493	0	1	5166	1	0	5000	other	0
SEE_11_64_FR	107	Picture	low_A104	5553826	0	1	30166	1	0	30000	other	0
SEE_11_64_FR	108	Picture	+	5584159	0	1	20166	1	0	36250	other	0
SEE_11_64_FR	109	Picture	hi_A039	5604325	0	1	30166	1	0	30000	other	0
SEE_11_64_FR	110	Picture	+	5634657	0	1	20166	1	0	35770	other	0
SEE_11_64_FR	111	Picture	low_F066	5654823	0	1	30166	1	0	30000	other	0
SEE_11_64_FR	112	Picture	+	5685155	0	1	77998	1	0	next	other	0
SEE_11_64_FR	113	Sound	hi251a	5705156	0	1			0		other	0
SEE_11_64_FR	114	Picture	500+	5763153	0	1	5167	1	0	5000	other	0
SEE_11_64_FR	115	Picture	low_A194	5768319	0	1	30166	1	0	30000	other	0
SEE_11_64_FR	116	Picture	+	5798485	0	1	57665	1	0	next	other	0
SEE_11_64_FR	117	Sound	hi251b	5798486	0	1			0		other	0
SEE_11_64_FR	118	Picture	500+	5856150	0	1	5166	1	0	5000	other	0
SEE_11_64_FR	119	Picture	hi_A021	5861317	0	1	30166	1	0	30000	other	0
SEE_11_64_FR	120	Picture	+	5891649	0	1	20166	1	0	43140	other	0
SEE_11_64_FR	121	Picture	low_L071	5911815	0	1	30166	1	0	30000	other	0
SEE_11_64_FR	122	Picture	+	5942147	0	1	20166	1	0	36790	other	0
SEE_11_64_FR	123	Picture	hi_F293	5962313	0	1	30166	1	0	30000	other	0
SEE_11_64_FR	124	Picture	+	5992646	0	1	83497	1	0	next	other	0
SEE_11_64_FR	125	Sound	low350a	6012647	0	1			0		other	0
SEE_11_64_FR	126	Picture	500+	6076143	0	1	5167	1	0	5000	other	0
SEE_11_64_FR	127	Picture	hi_F298	6081310	0	1	30166	1	0	30000	other	0
SEE_11_64_FR	128	Picture	+	6111475	0	1	67831	1	0	next	other	0
SEE_11_64_FR	129	Sound	low350b	6111476	0	1			0		other	0
SEE_11_64_FR	130	Picture	500+	6179307	0	1	5167	1	0	5000	other	0
SEE_11_64_FR	131	Picture	low_F124	6184473	0	1	30166	1	0	30000	other	0
SEE_11_64_FR	132	Picture	+	6214805	0	1	20166	1	0	32970	other	0
SEE_11_64_FR	133	Picture	low_F343	6234972	0	1	30166	1	0	30000	other	0
SEE_11_64_FR	134	Picture	+	6265304	0	1	20166	1	0	32430	other	0
SEE_11_64_FR	135	Picture	hi_P008	6285470	0	1	30166	1	0	30000	other	0
SEE_11_64_FR	136	Picture	+	6315802	0	1	88664	1	0	next	other	0
SEE_11_64_FR	137	Sound	low037a	6335803	0	1			0		other	0
SEE_11_64_FR	138	Picture	500+	6404466	0	1	5166	1	0	5000	other	0
SEE_11_64_FR	139	Picture	hi_P011	6409633	0	1	30166	1	0	30000	other	0
SEE_11_64_FR	140	Picture	+	6439798	0	1	66331	1	0	next	other	0
SEE_11_64_FR	141	Sound	low037b	6439799	0	1			0		other	0
SEE_11_64_FR	142	Picture	500+	6506130	0	1	5166	1	0	5000	other	0
SEE_11_64_FR	143	Picture	low_A152	6511296	0	1	30166	1	0	30000	other	0
SEE_11_64_FR	144	Picture	+	6541629	0	1	20166	1	0	42840	other	0
SEE_11_64_FR	145	Picture	hi_L002	6561795	0	1	30166	1	0	30000	other	0
SEE_11_64_FR	146	Picture	+	6592127	0	1	20166	1	0	33080	other	0
SEE_11_64_FR	147	Picture	low_F001	6612293	0	1	30166	1	0	30000	other	0
SEE_11_64_FR	148	Picture	+	6642625	0	1	81497	1	0	next	other	0
SEE_11_64_FR	149	Sound	hi246a	6662626	0	1			0		other	0
SEE_11_64_FR	150	Picture	500+	6724123	0	1	5167	1	0	5000	other	0
SEE_11_64_FR	151	Picture	hi_P018	6729289	0	1	30166	1	0	30000	other	0
SEE_11_64_FR	152	Picture	+	6759455	0	1	59165	1	0	next	other	0
SEE_11_64_FR	153	Sound	hi246b	6759456	0	1			0		other	0
SEE_11_64_FR	154	Picture	500+	6818620	0	1	5166	1	0	5000	other	0
SEE_11_64_FR	155	Picture	low_A158	6823786	0	1	30166	1	0	30000	other	0
SEE_11_64_FR	156	Picture	+	6854119	0	1	20166	1	0	36380	other	0
SEE_11_64_FR	157	Picture	hi_A045	6874285	0	1	30166	1	0	30000	other	0
SEE_11_64_FR	158	Picture	+	6904617	0	1	20166	1	0	30730	other	0
SEE_11_64_FR	159	Picture	low_L153	6924783	0	1	30166	1	0	30000	other	0
SEE_11_64_FR	160	Picture	+	6955116	0	1	88831	1	0	next	other	0
SEE_11_64_FR	161	Sound	hi012a	6975117	0	1			0		other	0
SEE_11_64_FR	162	Picture	500+	7043946	0	1	5167	1	0	5000	other	0
SEE_11_64_FR	163	Picture	hi_A012	7049279	0	1	30166	1	0	30000	other	0
SEE_11_64_FR	164	Picture	+	7079445	0	1	56332	1	0	next	other	0
SEE_11_64_FR	165	Sound	hi012b	7079446	0	1			0		other	0
SEE_11_64_FR	166	Picture	500+	7135777	0	1	5167	1	0	5000	other	0
SEE_11_64_FR	167	Picture	low_L154	7140943	0	1	30166	1	0	30000	other	0
SEE_11_64_FR	168	Picture	+	7171276	0	1	20166	1	0	33080	other	0
SEE_11_64_FR	169	Picture	low_L049	7191442	0	1	30166	1	0	30000	other	0
SEE_11_64_FR	170	Picture	+	7221774	0	1	20166	1	0	43000	other	0
SEE_11_64_FR	171	Picture	hi_A059	7241940	0	1	30166	1	0	30000	other	0
SEE_11_64_FR	172	Picture	+	7272272	0	1	82331	1	0	next	other	0
SEE_11_64_FR	173	Sound	hi097a	7292273	0	1			0		other	0
SEE_11_64_FR	174	Picture	500+	7354603	0	1	5167	1	0	5000	other	0
SEE_11_64_FR	175	Picture	low_L174	7359770	0	1	30166	1	0	30000	other	0
SEE_11_64_FR	176	Picture	+	7389935	0	1	69665	1	0	next	other	0
SEE_11_64_FR	177	Sound	hi097b	7389936	0	1			0		other	0
SEE_11_64_FR	178	Picture	500+	7459600	0	1	5166	1	0	5000	other	0
SEE_11_64_FR	179	Picture	hi_F297	7464766	0	1	30166	1	0	30000	other	0
SEE_11_64_FR	180	Picture	+	7495099	0	1	20166	1	0	39160	other	0
SEE_11_64_FR	181	Picture	low_A192	7515265	0	1	30166	1	0	30000	other	0
SEE_11_64_FR	182	Picture	+	7545597	0	1	20166	1	0	37780	other	0
SEE_11_64_FR	183	Picture	hi_A056	7565763	0	1	30166	1	0	30000	other	0
SEE_11_64_FR	184	Picture	+	7596096	0	1	82164	1	0	next	other	0
SEE_11_64_FR	185	Sound	hi014a	7616097	0	1			0		other	0
SEE_11_64_FR	186	Picture	500+	7678260	0	1	5166	1	0	5000	other	0
SEE_11_64_FR	187	Picture	low_F087	7683426	0	1	30166	1	0	30000	other	0
SEE_11_64_FR	188	Picture	+	7713592	0	1	61165	1	0	next	other	0
SEE_11_64_FR	189	Sound	hi014b	7713593	0	1			0		other	0
SEE_11_64_FR	190	Picture	500+	7774757	0	1	5167	1	0	5000	other	0
SEE_11_64_FR	191	Picture	hi_P009	7780090	0	1	30166	1	0	30000	other	0
SEE_11_64_FR	192	Picture	+	7810422	0	1	20166	1	0	30520	other	0
SEE_11_64_FR	193	Picture	low_L072	7830588	0	1	30166	1	0	30000	other	0
SEE_11_64_FR	194	Picture	+	7860921	0	1	20166	1	0	32810	other	0
SEE_11_64_FR	195	Picture	hi_P034	7881087	0	1	30166	1	0	30000	other	0
SEE_11_64_FR	196	Picture	+	7911419	0	1	87997	1	0	next	other	0
SEE_11_64_FR	197	Sound	low344a	7931420	0	1			0		other	0
SEE_11_64_FR	198	Picture	500+	7999416	0	1	5167	1	0	5000	other	0
SEE_11_64_FR	199	Picture	low_F042	8004750	0	1	30166	1	0	30000	other	0
SEE_11_64_FR	200	Picture	+	8034915	0	1	62331	1	0	next	other	0
SEE_11_64_FR	201	Sound	low344b	8034916	0	1			0		other	0
SEE_11_64_FR	202	Picture	500+	8097247	0	1	5167	1	0	5000	other	0
SEE_11_64_FR	203	Picture	hi_O004	8102413	0	1	30166	1	0	30000	other	0
SEE_11_64_FR	204	Picture	+	8132746	0	1	20166	1	0	36700	other	0
SEE_11_64_FR	205	Picture	low_F244	8152912	0	1	30166	1	0	30000	other	0
SEE_11_64_FR	206	Picture	+	8183244	0	1	20166	1	0	40790	other	0
SEE_11_64_FR	207	Picture	hi_P238	8203410	0	1	30166	1	0	30000	other	0
SEE_11_64_FR	208	Picture	+	8233742	0	1	88997	1	0	next	other	0
SEE_11_64_FR	209	Sound	low280a	8253743	0	1			0		other	0
SEE_11_64_FR	210	Picture	500+	8322740	0	1	5166	1	0	5000	other	0
SEE_11_64_FR	211	Picture	hi_O132	8327906	0	1	30166	1	0	30000	other	0
SEE_11_64_FR	212	Picture	+	8358239	0	1	60665	1	0	next	other	0
SEE_11_64_FR	213	Sound	low280b	8358239	0	1			0		other	0
SEE_11_64_FR	214	Picture	500+	8418903	0	1	5167	1	0	5000	other	0
SEE_11_64_FR	215	Picture	low_P048	8424070	0	1	30166	1	0	30000	other	0
SEE_11_64_FR	216	Picture	+	8454402	0	1	20166	1	0	34950	other	0
SEE_11_64_FR	217	Picture	low_F115	8474568	0	1	30166	1	0	30000	other	0
SEE_11_64_FR	218	Picture	+	8504901	0	1	20166	1	0	39270	other	0
SEE_11_64_FR	219	Picture	hi_P239	8525067	0	1	30166	1	0	30000	other	0
SEE_11_64_FR	220	Picture	+	8555399	0	1	83497	1	0	next	other	0
SEE_11_64_FR	221	Sound	hi245a	8575400	0	1			0		other	0
SEE_11_64_FR	222	Picture	500+	8638897	0	1	5166	1	0	5000	other	0
SEE_11_64_FR	223	Picture	hi_A020	8644063	0	1	30166	1	0	30000	other	0
SEE_11_64_FR	224	Picture	+	8674395	0	1	67165	1	0	next	other	0
SEE_11_64_FR	225	Sound	hi245b	8674396	0	1			0		other	0
SEE_11_64_FR	226	Picture	500+	8741560	0	1	5166	1	0	5000	other	0
SEE_11_64_FR	227	Picture	low_L176	8746726	0	1	30166	1	0	30000	other	0
SEE_11_64_FR	228	Picture	+	8777059	0	1	20166	1	0	39160	other	0
SEE_11_64_FR	229	Picture	low_L085	8797225	0	1	30166	1	0	30000	other	0
SEE_11_64_FR	230	Picture	+	8827557	0	1	20166	1	0	42640	other	0
SEE_11_64_FR	231	Picture	hi_P143	8847723	0	1	30166	1	0	30000	other	0
SEE_11_64_FR	232	Picture	+	8878056	0	1	88164	1	0	next	other	0
SEE_11_64_FR	233	Sound	hi206a	8898057	0	2			0		other	0
SEE_11_64_FR	234	Picture	500+	8966220	0	1	5167	1	0	5000	other	0
SEE_11_64_FR	235	Picture	low_L046	8971386	0	1	30166	1	0	30000	other	0
SEE_11_64_FR	236	Picture	+	9001552	0	1	60165	1	0	next	other	0
SEE_11_64_FR	237	Sound	hi206b	9001552	0	1			0		other	0
SEE_11_64_FR	238	Picture	500+	9061717	0	1	5167	1	0	5000	other	0
SEE_11_64_FR	239	Picture	hi_F163	9066883	0	1	30166	1	0	30000	other	0
SEE_11_64_FR	240	Picture	+	9097216	0	1	20166	1	0	38240	other	0
SEE_11_64_FR	241	Picture	hi_P124	9117382	0	1	30166	1	0	30000	other	0
SEE_11_64_FR	242	Picture	+	9147714	0	1	20166	1	0	40150	other	0
SEE_11_64_FR	243	Picture	low_L107	9167880	0	1	30166	1	0	30000	other	0
SEE_11_64_FR	244	Picture	+	9198212	0	1	83664	1	0	next	other	0
SEE_11_64_FR	245	Sound	low032a	9218213	0	1			0		other	0
SEE_11_64_FR	246	Picture	500+	9281876	0	1	5166	1	0	5000	other	0
SEE_11_64_FR	247	Picture	low_P168	9287043	0	1	30166	1	0	30000	other	0
SEE_11_64_FR	248	Picture	+	9317209	0	1	59998	1	0	next	other	0
SEE_11_64_FR	249	Sound	low032b	9317209	0	1			0		other	0
SEE_11_64_FR	250	Picture	500+	9377207	0	1	5167	1	0	5000	other	0
SEE_11_64_FR	251	Picture	hi_A048	9382373	0	1	30166	1	0	30000	other	0
SEE_11_64_FR	252	Picture	+	9412706	0	1	20166	1	0	42470	other	0
SEE_11_64_FR	253	Picture	hi_P033	9432872	0	1	30166	1	0	30000	other	0
SEE_11_64_FR	254	Picture	+	9463204	0	1	20166	1	0	38220	other	0
SEE_11_64_FR	255	Picture	low_L018	9483370	0	1	30166	1	0	30000	other	0
SEE_11_64_FR	256	Picture	+	9513703	0	1	82331	1	0	next	other	0
SEE_11_64_FR	257	Sound	low341a	9533703	0	1			0		other	0
SEE_11_64_FR	258	Picture	500+	9596033	0	1	5167	1	0	5000	other	0
SEE_11_64_FR	259	Picture	hi_A062	9601366	0	1	30166	1	0	30000	other	0
SEE_11_64_FR	260	Picture	+	9631699	0	1	69998	1	0	next	other	0
SEE_11_64_FR	261	Sound	low341b	9631699	0	1			0		other	0
SEE_11_64_FR	262	Picture	500+	9701697	0	1	5166	1	0	5000	other	0
SEE_11_64_FR	263	Picture	low_L162	9706863	0	1	30166	1	0	30000	other	0
SEE_11_64_FR	264	Picture	+	9737196	0	1	20166	1	0	43580	other	0
SEE_11_64_FR	265	Picture	low_L104	9757362	0	1	30166	1	0	30000	other	0
SEE_11_64_FR	266	Picture	+	9787694	0	1	20166	1	0	30170	other	0
SEE_11_64_FR	267	Picture	hi_P231	9807860	0	1	30166	1	0	30000	other	0
SEE_11_64_FR	268	Picture	+	9838192	0	1	84164	1	0	next	other	0
SEE_11_64_FR	269	Sound	low030a	9858193	0	1			0		other	0
SEE_11_64_FR	270	Picture	500+	9922356	0	1	5166	1	0	5000	other	0
SEE_11_64_FR	271	Picture	hi_P200	9927523	0	1	30166	1	0	30000	other	0
SEE_11_64_FR	272	Picture	+	9957855	0	1	66498	1	0	next	other	0
SEE_11_64_FR	273	Sound	low030b	9957856	0	1			0		other	0
SEE_11_64_FR	274	Picture	500+	10024353	0	1	5167	1	0	5000	other	0
SEE_11_64_FR	275	Picture	low_F045	10029520	0	1	30166	1	0	30000	other	0
SEE_11_64_FR	276	Picture	+	10059852	0	1	20166	1	0	32210	other	0
SEE_11_64_FR	277	Picture	hi_P023	10080018	0	1	30166	1	0	30000	other	0
SEE_11_64_FR	278	Picture	+	10110351	0	1	20166	1	0	43270	other	0
SEE_11_64_FR	279	Picture	low_A188	10130517	0	1	30166	1	0	30000	other	0
SEE_11_64_FR	280	Picture	+	10160849	0	1	81331	1	0	next	other	0
SEE_11_64_FR	281	Sound	hi169a	10180850	0	2			0		other	0
SEE_11_64_FR	282	Picture	500+	10242180	0	1	5167	1	0	5000	other	0
SEE_11_64_FR	283	Picture	hi_P017	10247346	0	1	30166	1	0	30000	other	0
SEE_11_64_FR	284	Picture	+	10277512	0	1	63165	1	0	next	other	0
SEE_11_64_FR	285	Sound	hi169b	10277513	0	1			0		other	0
SEE_11_64_FR	286	Picture	500+	10340677	0	1	5166	1	0	5000	other	0
SEE_11_64_FR	287	Picture	low_A091	10346010	0	1	30166	1	0	30000	other	0
SEE_11_64_FR	288	Picture	+	10376342	0	1	20166	1	0	36430	other	0
SEE_11_64_FR	289	Picture	hi_F010	10396508	0	1	30166	1	0	30000	other	0
SEE_11_64_FR	290	Picture	+	10426841	0	1	20166	1	0	31740	other	0
SEE_11_64_FR	291	Picture	low_F079	10447007	0	1	30166	1	0	30000	other	0
SEE_11_64_FR	292	Picture	+	10477339	0	1	82331	1	0	next	other	0
SEE_11_64_FR	293	Sound	low079a	10497340	0	1			0		other	0
SEE_11_64_FR	294	Picture	500+	10559670	0	1	5166	1	0	5000	other	0
SEE_11_64_FR	295	Picture	low_O214	10564836	0	1	30166	1	0	30000	other	0
SEE_11_64_FR	296	Picture	+	10595002	0	1	61331	1	0	next	other	0
SEE_11_64_FR	297	Sound	low079b	10595003	0	1			0		other	0
SEE_11_64_FR	298	Picture	500+	10656334	0	1	5166	1	0	5000	other	0
SEE_11_64_FR	299	Picture	hi_P246	10661500	0	1	30166	1	0	30000	other	0
SEE_11_64_FR	300	Picture	+	10691832	0	1	20166	1	0	44970	other	0
SEE_11_64_FR	301	Picture	hi_F271	10711998	0	1	30166	1	0	30000	other	0
SEE_11_64_FR	302	Picture	+	10742331	0	1	20166	1	0	38260	other	0
SEE_11_64_FR	303	Picture	low_L130	10762497	0	1	30166	1	0	30000	other	0
SEE_11_64_FR	304	Picture	+	10792829	0	1	80498	1	0	next	other	0
SEE_11_64_FR	305	Sound	low271a	10812830	0	1			0		other	0
SEE_11_64_FR	306	Picture	500+	10873327	0	1	5167	1	0	5000	other	0
SEE_11_64_FR	307	Picture	low_A126	10878493	0	1	30166	1	0	30000	other	0
SEE_11_64_FR	308	Picture	+	10908659	0	1	60331	1	0	next	other	0
SEE_11_64_FR	309	Sound	low271b	10908660	0	1			0		other	0
SEE_11_64_FR	310	Picture	500+	10968990	0	1	5167	1	0	5000	other	0
SEE_11_64_FR	311	Picture	hi_F277	10974324	0	1	30166	1	0	30000	other	0
SEE_11_64_FR	312	Picture	+	11004656	0	1	20166	1	0	44640	other	0
SEE_11_64_FR	313	Picture	hi_A054	11024822	0	1	30166	1	0	30000	other	0
SEE_11_64_FR	314	Picture	+	11055154	0	1	20166	1	0	34660	other	0
SEE_11_64_FR	315	Picture	low_L123	11075320	0	1	30166	1	0	30000	other	0
SEE_11_64_FR	316	Picture	+	11105653	0	1	81164	1	0	next	other	0
SEE_11_64_FR	317	Sound	hi244a	11125654	0	1			0		other	0
SEE_11_64_FR	318	Picture	500+	11186817	0	1	5167	1	0	5000	other	0
SEE_11_64_FR	319	Picture	hi_F366	11191983	0	1	30166	1	0	30000	other	0
SEE_11_64_FR	320	Picture	+	11222149	0	1	56332	1	0	next	other	0
SEE_11_64_FR	321	Sound	hi244b	11222150	0	1			0		other	0
SEE_11_64_FR	322	Picture	500+	11278481	0	1	5166	1	0	5000	other	0
SEE_11_64_FR	323	Picture	low_L109	11283647	0	1	30166	1	0	30000	other	0
SEE_11_64_FR	324	Picture	+	11313980	0	1	20166	1	0	33460	other	0
SEE_11_64_FR	325	Picture	low_L178	11334146	0	1	30166	1	0	30000	other	0
SEE_11_64_FR	326	Picture	+	11364478	0	1	20166	1	0	36380	other	0
SEE_11_64_FR	327	Picture	hi_F280	11384644	0	1	30166	1	0	30000	other	0
SEE_11_64_FR	328	Picture	+	11414977	0	1	86497	1	0	next	other	0
SEE_11_64_FR	329	Sound	low048a	11434978	0	1			0		other	0
SEE_11_64_FR	330	Picture	500+	11501474	0	1	5167	1	0	5000	other	0
SEE_11_64_FR	331	Picture	hi_F291	11506640	0	1	30166	1	0	30000	other	0
SEE_11_64_FR	332	Picture	+	11536973	0	1	60665	1	0	next	other	0
SEE_11_64_FR	333	Sound	low048b	11536973	0	1			0		other	0
SEE_11_64_FR	334	Picture	500+	11597638	0	1	5167	1	0	5000	other	0
SEE_11_64_FR	335	Picture	low_L038	11602971	0	1	30166	1	0	30000	other	0
SEE_11_64_FR	336	Picture	+	11633303	0	1	20166	1	0	30360	other	0
SEE_11_64_FR	337	Picture	low_P046	11653469	0	1	30166	1	0	30000	other	0
SEE_11_64_FR	338	Picture	+	11683801	0	1	20166	1	0	34210	other	0
SEE_11_64_FR	339	Picture	hi_P032	11703968	0	1	30166	1	0	30000	other	0
SEE_11_64_FR	340	Picture	+	11734300	0	1	80831	1	0	next	other	0
SEE_11_64_FR	341	Sound	low275a	11754301	0	1			0		other	0
SEE_11_64_FR	342	Picture	500+	11815131	0	1	5167	1	0	5000	other	0
SEE_11_64_FR	343	Picture	low_P116	11820297	0	1	30166	1	0	30000	other	0
SEE_11_64_FR	344	Picture	+	11850463	0	1	60998	1	0	next	other	0
SEE_11_64_FR	345	Sound	low275b	11850464	0	1			0		other	0
SEE_11_64_FR	346	Picture	500+	11911461	0	1	5167	1	0	5000	other	0
SEE_11_64_FR	347	Picture	hi_A033	11916628	0	1	30166	1	0	30000	other	0
SEE_11_64_FR	348	Picture	+	11946960	0	1	20166	1	0	41440	other	0
SEE_11_64_FR	349	Picture	hi_P022	11967126	0	1	30166	1	0	30000	other	0
SEE_11_64_FR	350	Picture	+	11997458	0	1	20166	1	0	38320	other	0
SEE_11_64_FR	351	Picture	low_F130	12017624	0	1	30166	1	0	30000	other	0
SEE_11_64_FR	352	Picture	+	12047957	0	1	76998	1	0	next	other	0
SEE_11_64_FR	353	Sound	hi252a	12067957	0	1			0		other	0
SEE_11_64_FR	354	Picture	500+	12124954	0	1	5167	1	0	5000	other	0
SEE_11_64_FR	355	Picture	hi_A024	12130288	0	1	30166	1	0	30000	other	0
SEE_11_64_FR	356	Picture	+	12160620	0	1	59665	1	0	next	other	0
SEE_11_64_FR	357	Sound	hi252b	12160620	0	1			0		other	0
SEE_11_64_FR	358	Picture	500+	12220285	0	1	5166	1	0	5000	other	0
SEE_11_64_FR	359	Picture	low_L143	12225451	0	1	30166	1	0	30000	other	0
SEE_11_64_FR	360	Picture	+	12255784	0	1	20166	1	0	43150	other	0
SEE_11_64_FR	361	Picture	low_F056	12275950	0	1	30166	1	0	30000	other	0
SEE_11_64_FR	362	Picture	+	12306282	0	1	20166	1	0	40320	other	0
SEE_11_64_FR	363	Picture	hi_P123	12326448	0	1	30166	1	0	30000	other	0
SEE_11_64_FR	364	Picture	+	12356781	0	1	77998	1	0	next	other	0
SEE_11_64_FR	365	Sound	hi162a	12376781	0	1			0		other	0
SEE_11_64_FR	366	Picture	500+	12434778	0	1	5167	1	0	5000	other	0
SEE_11_64_FR	367	Picture	hi_P029	12439945	0	1	30166	1	0	30000	other	0
SEE_11_64_FR	368	Picture	+	12470110	0	1	61831	1	0	next	other	0
SEE_11_64_FR	369	Sound	hi162b	12470111	0	1			0		other	0
SEE_11_64_FR	370	Picture	500+	12531942	0	1	5167	1	0	5000	other	0
SEE_11_64_FR	371	Picture	low_A139	12537108	0	1	30166	1	0	30000	other	0
SEE_11_64_FR	372	Picture	+	12567434	0	8	20173	8	0	30330	other	0
SEE_11_64_FR	373	Picture	low_L111	12587607	0	1	30166	1	0	30000	other	0
SEE_11_64_FR	374	Picture	+	12617939	0	1	20166	1	0	42500	other	0
SEE_11_64_FR	375	Picture	hi_P214	12638105	0	1	30166	1	0	30000	other	0
SEE_11_64_FR	376	Picture	+	12668437	0	1	86497	1	0	next	other	0
SEE_11_64_FR	377	Sound	low089a	12688438	0	2			0		other	0
SEE_11_64_FR	378	Picture	500+	12754935	0	1	5166	1	0	5000	other	0
SEE_11_64_FR	379	Picture	hi_P007	12760101	0	1	30166	1	0	30000	other	0
SEE_11_64_FR	380	Picture	+	12790267	0	1	65331	1	0	next	other	0
SEE_11_64_FR	381	Sound	low089b	12790268	0	1			0		other	0
SEE_11_64_FR	382	Picture	500+	12855598	0	1	5167	1	0	5000	other	0
SEE_11_64_FR	383	Picture	low_L161	12860765	0	1	30166	1	0	30000	other	0
SEE_11_64_FR	384	Picture	+	12891097	0	1	20166	1	0	38160	other	0
SEE_11_64_FR	385	Picture	hi_A041	12911263	0	1	30166	1	0	30000	other	0
SEE_11_64_FR	386	Picture	+	12941596	0	1	20166	1	0	42230	other	0
SEE_11_64_FR	387	Picture	low_A159	12961762	0	1	30166	1	0	30000	other	0
SEE_11_64_FR	388	Picture	+	12992094	0	1	88831	1	0	next	other	0
SEE_11_64_FR	389	Sound	low053a	13012095	0	1			0		other	0
SEE_11_64_FR	390	Picture	500+	13080925	0	1	5167	1	0	5000	other	0
SEE_11_64_FR	391	Picture	low_A185	13086091	0	1	30166	1	0	30000	other	0
SEE_11_64_FR	392	Picture	+	13116257	0	1	69664	1	0	next	other	0
SEE_11_64_FR	393	Sound	low053b	13116257	0	1			0		other	0
SEE_11_64_FR	394	Picture	500+	13185921	0	1	5167	1	0	5000	other	0
SEE_11_64_FR	395	Picture	hi_P208	13191088	0	1	30166	1	0	30000	other	0
SEE_11_64_FR	396	Picture	+	13221420	0	1	20166	1	0	34580	other	0
SEE_11_64_FR	397	Picture	hi_O125	13241586	0	1	30166	1	0	30000	other	0
SEE_11_64_FR	398	Picture	+	13271919	0	1	20166	1	0	40410	other	0
SEE_11_64_FR	399	Picture	low_P154	13292085	0	1	30166	1	0	30000	other	0
SEE_11_64_FR	400	Picture	+	13322417	0	1	87331	1	0	next	other	0
SEE_11_64_FR	401	Sound	low345a	13342418	0	1			0		other	0
SEE_11_64_FR	402	Picture	500+	13409748	0	1	5167	1	0	5000	other	0
SEE_11_64_FR	403	Picture	low_P186	13414914	0	1	30166	1	0	30000	other	0
SEE_11_64_FR	404	Picture	+	13445080	0	1	60665	1	0	next	other	0
SEE_11_64_FR	405	Sound	low345b	13445080	0	1			0		other	0
SEE_11_64_FR	406	Picture	500+	13505745	0	1	5166	1	0	5000	other	0
SEE_11_64_FR	407	Picture	hi_P147	13510911	0	1	30166	1	0	30000	other	0
SEE_11_64_FR	408	Picture	+	13541243	0	1	20166	1	0	39980	other	0
SEE_11_64_FR	409	Picture	low_P110	13561410	0	1	30166	1	0	30000	other	0
SEE_11_64_FR	410	Picture	+	13591742	0	1	20166	1	0	43940	other	0
SEE_11_64_FR	411	Picture	hi_P005	13611908	0	1	30166	1	0	30000	other	0
SEE_11_64_FR	412	Picture	+	13642240	0	1	88664	1	0	next	other	0
SEE_11_64_FR	413	Sound	hi301a	13662241	0	1			0		other	0
SEE_11_64_FR	414	Picture	500+	13730904	0	1	5167	1	0	5000	other	0
SEE_11_64_FR	415	Picture	hi_A011	13736071	0	1	30166	1	0	30000	other	0
SEE_11_64_FR	416	Picture	+	13766403	0	1	64665	1	0	next	other	0
SEE_11_64_FR	417	Sound	hi301b	13766404	0	1			0		other	0
SEE_11_64_FR	418	Picture	500+	13831068	0	1	5166	1	0	5000	other	0
SEE_11_64_FR	419	Picture	low_P152	13836401	0	1	30166	1	0	30000	other	0
SEE_11_64_FR	420	Picture	+	13866733	0	1	20166	1	0	34810	other	0
SEE_11_64_FR	421	Picture	hi_P133	13886899	0	1	30166	1	0	30000	other	0
SEE_11_64_FR	422	Picture	+	13917232	0	1	20166	1	0	30060	other	0
SEE_11_64_FR	423	Picture	low_P108	13937398	0	1	30166	1	0	30000	other	0
SEE_11_64_FR	424	Picture	+	13967730	0	1	84664	1	0	next	other	0
SEE_11_64_FR	425	Sound	low024a	13987731	0	2			0		other	0
SEE_11_64_FR	426	Picture	500+	14052394	0	1	5166	1	0	5000	other	0
SEE_11_64_FR	427	Picture	low_O043	14057561	0	1	30166	1	0	30000	other	0
SEE_11_64_FR	428	Picture	+	14087893	0	1	63498	1	0	next	other	0
SEE_11_64_FR	429	Sound	low024b	14087894	0	1			0		other	0
SEE_11_64_FR	430	Picture	500+	14151391	0	1	5167	1	0	5000	other	0
SEE_11_64_FR	431	Picture	hi_F016	14156724	0	1	30166	1	0	30000	other	0
SEE_11_64_FR	432	Picture	+	14187057	0	1	20166	1	0	41660	other	0
SEE_11_64_FR	433	Picture	low_L016	14207223	0	1	30166	1	0	30000	other	0
SEE_11_64_FR	434	Picture	+	14237555	0	1	20166	1	0	33640	other	0
SEE_11_64_FR	435	Picture	hi_F321	14257721	0	1	30166	1	0	30000	other	0
SEE_11_64_FR	436	Picture	+	14288054	0	1	86497	1	0	next	other	0
SEE_11_64_FR	437	Sound	hi248a	14308054	0	2			0		other	0
SEE_11_64_FR	438	Picture	500+	14374551	0	1	5166	1	0	5000	other	0
SEE_11_64_FR	439	Picture	low_A123	14379717	0	1	30166	1	0	30000	other	0
SEE_11_64_FR	440	Picture	+	14409883	0	1	68664	1	0	next	other	0
SEE_11_64_FR	441	Sound	hi248b	14409884	0	1			0		other	0
SEE_11_64_FR	442	Picture	500+	14478548	0	1	5167	1	0	5000	other	0
SEE_11_64_FR	443	Picture	hi_P071	14483714	0	1	30166	1	0	30000	other	0
SEE_11_64_FR	444	Picture	+	14514046	0	1	20166	1	0	40670	other	0
SEE_11_64_FR	445	Picture	hi_P037	14534212	0	1	30166	1	0	30000	other	0
SEE_11_64_FR	446	Picture	+	14564545	0	1	20166	1	0	34110	other	0
SEE_11_64_FR	447	Picture	low_F061	14584711	0	1	30166	1	0	30000	other	0
SEE_11_64_FR	448	Picture	+	14615043	0	1	81164	1	0	next	other	0
SEE_11_64_FR	449	Sound	low330a	14635044	0	1			0		other	0
SEE_11_64_FR	450	Picture	500+	14696207	0	1	5167	1	0	5000	other	0
SEE_11_64_FR	451	Picture	low_A169	14701541	0	1	30166	1	0	30000	other	0
SEE_11_64_FR	452	Picture	+	14731706	0	1	66665	1	0	next	other	0
SEE_11_64_FR	453	Sound	low330b	14731707	0	1			0		other	0
SEE_11_64_FR	454	Picture	500+	14798371	0	1	5167	1	0	5000	other	0
SEE_11_64_FR	455	Picture	hi_A050	14803537	0	1	30166	1	0	30000	other	0
SEE_11_64_FR	456	Picture	+	14833870	0	1	20166	1	0	37970	other	0
SEE_11_64_FR	457	Picture	low_L168	14854036	0	1	30166	1	0	30000	other	0
SEE_11_64_FR	458	Picture	+	14884368	0	1	20166	1	0	43410	other	0
SEE_11_64_FR	459	Picture	hi_F146	14904534	0	1	30166	1	0	30000	other	0
SEE_11_64_FR	460	Picture	+	14934867	0	1	86997	1	0	next	other	0
SEE_11_64_FR	461	Sound	low358a	14954867	0	1			0		other	0
SEE_11_64_FR	462	Picture	500+	15021864	0	1	5166	1	0	5000	other	0
SEE_11_64_FR	463	Picture	hi_P243	15027030	0	1	30166	1	0	30000	other	0
SEE_11_64_FR	464	Picture	+	15057196	0	1	59331	1	0	next	other	0
SEE_11_64_FR	465	Sound	low358b	15057197	0	1			0		other	0
SEE_11_64_FR	466	Picture	500+	15116528	0	1	5166	1	0	5000	other	0
SEE_11_64_FR	467	Picture	low_P153	15121694	0	1	30166	1	0	30000	other	0
SEE_11_64_FR	468	Picture	+	15152026	0	1	20166	1	0	31820	other	0
SEE_11_64_FR	469	Picture	low_F047	15172193	0	1	30166	1	0	30000	other	0
SEE_11_64_FR	470	Picture	+	15202525	0	1	20166	1	0	37620	other	0
SEE_11_64_FR	471	Picture	hi_F270	15222691	0	1	30166	1	0	30000	other	0
SEE_11_64_FR	472	Picture	+	15253023	0	1	85831	1	0	next	other	0
SEE_11_64_FR	473	Sound	hi314a	15273024	0	2			0		other	0
SEE_11_64_FR	474	Picture	500+	15338854	0	1	5167	1	0	5000	other	0
SEE_11_64_FR	475	Picture	hi_A038	15344021	0	1	30166	1	0	30000	other	0
SEE_11_64_FR	476	Picture	+	15374186	0	1	62498	1	0	next	other	0
SEE_11_64_FR	477	Sound	hi314b	15374187	0	1			0		other	0
SEE_11_64_FR	478	Picture	500+	15436684	0	1	5167	1	0	5000	other	0
SEE_11_64_FR	479	Picture	low_O192	15441851	0	1	30166	1	0	30000	other	0
SEE_11_64_FR	480	Picture	+	15472183	0	1	20166	1	0	39690	other	0
SEE_11_64_FR	481	Picture	hi_P128	15492349	0	1	30166	1	0	30000	other	0
SEE_11_64_FR	482	Picture	+	15522682	0	1	20166	1	0	42250	other	0
SEE_11_64_FR	483	Picture	low_A156	15542848	0	1	30166	1	0	30000	other	0
SEE_11_64_FR	484	Picture	+	15573180	0	1	80831	1	0	next	other	0
SEE_11_64_FR	485	Sound	low282a	15593181	0	2			0		other	0
SEE_11_64_FR	486	Picture	500+	15654011	0	1	5167	1	0	5000	other	0
SEE_11_64_FR	487	Picture	hi_P086	15659177	0	1	30166	1	0	30000	other	0
SEE_11_64_FR	488	Picture	+	15689510	0	1	69998	1	0	next	other	0
SEE_11_64_FR	489	Sound	low282b	15689510	0	1			0		other	0
SEE_11_64_FR	490	Picture	500+	15759508	0	1	5166	1	0	5000	other	0
SEE_11_64_FR	491	Picture	low_L062	15764674	0	1	30166	1	0	30000	other	0
SEE_11_64_FR	492	Picture	+	15795006	0	1	20166	1	0	31580	other	0
SEE_11_64_FR	493	Picture	low_L137	15815173	0	1	30166	1	0	30000	other	0
SEE_11_64_FR	494	Picture	+	15845505	0	1	20166	1	0	33170	other	0
SEE_11_64_FR	495	Picture	hi_O002	15865671	0	1	30166	1	0	30000	other	0
SEE_11_64_FR	496	Picture	+	15896003	0	1	85664	1	0	next	other	0
SEE_11_64_FR	497	Sound	low084a	15916004	0	1			0		other	0
SEE_11_64_FR	498	Picture	500+	15981667	0	1	5166	1	0	5000	other	0
SEE_11_64_FR	499	Picture	low_L034	15987000	0	1	30166	1	0	30000	other	0
SEE_11_64_FR	500	Picture	+	16017166	0	1	55832	1	0	next	other	0
SEE_11_64_FR	501	Sound	low084b	16017167	0	1			0		other	0
SEE_11_64_FR	502	Picture	500+	16072998	0	1	5166	1	0	5000	other	0
SEE_11_64_FR	503	Picture	hi_A072	16078331	0	1	30166	1	0	30000	other	0
SEE_11_64_FR	504	Picture	+	16108663	0	1	20166	1	0	42350	other	0
SEE_11_64_FR	505	Picture	hi_A068	16128829	0	1	30166	1	0	30000	other	0
SEE_11_64_FR	506	Picture	+	16159162	0	1	20166	1	0	36140	other	0
SEE_11_64_FR	507	Picture	low_L131	16179328	0	1	30166	1	0	30000	other	0
SEE_11_64_FR	508	Picture	+	16209660	0	1	85331	1	0	next	other	0
SEE_11_64_FR	509	Sound	low071a	16229661	0	1			0		other	0
SEE_11_64_FR	510	Picture	500+	16294991	0	1	5167	1	0	5000	other	0
SEE_11_64_FR	511	Picture	hi_P227	16300324	0	1	30166	1	0	30000	other	0
SEE_11_64_FR	512	Picture	+	16330656	0	1	63331	1	0	next	other	0
SEE_11_64_FR	513	Sound	low071b	16330657	0	1			0		other	0
SEE_11_64_FR	514	Picture	500+	16393988	0	1	5167	1	0	5000	other	0
SEE_11_64_FR	515	Picture	low_F214	16399154	0	1	30166	1	0	30000	other	0
SEE_11_64_FR	516	Picture	+	16429487	0	1	20166	1	0	35670	other	0
SEE_11_64_FR	517	Picture	hi_F018	16449653	0	1	30166	1	0	30000	other	0
SEE_11_64_FR	518	Picture	+	16479985	0	1	20166	1	0	39730	other	0
SEE_11_64_FR	519	Picture	low_L125	16500151	0	1	30166	1	0	30000	other	0
SEE_11_64_FR	520	Picture	+	16530483	0	1	77664	1	0	next	other	0
SEE_11_64_FR	521	Sound	hi172a	16550484	0	1			0		other	0
SEE_11_64_FR	522	Picture	500+	16608148	0	1	5167	1	0	5000	other	0
SEE_11_64_FR	523	Picture	hi_F284	16613314	0	1	30166	1	0	30000	other	0
SEE_11_64_FR	524	Picture	+	16643480	0	1	57165	1	0	next	other	0
SEE_11_64_FR	525	Sound	hi172b	16643481	0	1			0		other	0
SEE_11_64_FR	526	Picture	500+	16700645	0	1	5167	1	0	5000	other	0
SEE_11_64_FR	527	Picture	low_L157	16705978	0	1	30166	1	0	30000	other	0
SEE_11_64_FR	528	Picture	+	16736310	0	1	20166	1	0	32610	other	0
SEE_11_64_FR	529	Picture	hi_A078	16756476	0	1	30166	1	0	30000	other	0
SEE_11_64_FR	530	Picture	+	16786809	0	1	20166	1	0	31290	other	0
SEE_11_64_FR	531	Picture	low_A170	16806975	0	1	30166	1	0	30000	other	0
SEE_11_64_FR	532	Picture	+	16837307	0	1	82831	1	0	next	other	0
SEE_11_64_FR	533	Sound	hi214a	16857308	0	1			0		other	0
SEE_11_64_FR	534	Picture	500+	16920138	0	1	5166	1	0	5000	other	0
SEE_11_64_FR	535	Picture	hi_P224	16925304	0	1	30166	1	0	30000	other	0
SEE_11_64_FR	536	Picture	+	16955470	0	1	57665	1	0	next	other	0
SEE_11_64_FR	537	Sound	hi214b	16955471	0	1			0		other	0
SEE_11_64_FR	538	Picture	500+	17013135	0	1	5167	1	0	5000	other	0
SEE_11_64_FR	539	Picture	low_P138	17018468	0	1	30166	1	0	30000	other	0
SEE_11_64_FR	540	Picture	+	17048801	0	1	20166	1	0	42850	other	0
SEE_11_64_FR	541	Picture	hi_P040	17068967	0	1	30166	1	0	30000	other	0
SEE_11_64_FR	542	Picture	+	17099299	0	1	20166	1	0	36470	other	0
SEE_11_64_FR	543	Picture	low_A131	17119465	0	1	30166	1	0	30000	other	0
SEE_11_64_FR	544	Picture	+	17149797	0	1	89331	1	0	next	other	0
SEE_11_64_FR	545	Sound	hi326a	17169798	0	1			0		other	0
SEE_11_64_FR	546	Picture	500+	17239128	0	1	5166	1	0	5000	other	0
SEE_11_64_FR	547	Picture	hi_F021	17244461	0	1	30166	1	0	30000	other	0
SEE_11_64_FR	548	Picture	+	17274794	0	1	56498	1	0	next	other	0
SEE_11_64_FR	549	Sound	hi326b	17274794	0	1			0		other	0
SEE_11_64_FR	550	Picture	500+	17331292	0	1	5167	1	0	5000	other	0
SEE_11_64_FR	551	Picture	low_O256	17336625	0	1	30166	1	0	30000	other	0
SEE_11_64_FR	552	Picture	+	17366957	0	1	20166	1	0	43310	other	0
SEE_11_64_FR	553	Picture	low_O219	17387123	0	1	30166	1	0	30000	other	0
SEE_11_64_FR	554	Picture	+	17417456	0	1	20166	1	0	40460	other	0
SEE_11_64_FR	555	Picture	hi_F152	17437622	0	1	30166	1	0	30000	other	0
SEE_11_64_FR	556	Picture	+	17467954	0	1	77998	1	0	next	other	0
SEE_11_64_FR	557	Sound	low057a	17487955	0	1			0		other	0
SEE_11_64_FR	558	Picture	500+	17545952	0	1	5166	1	0	5000	other	0
SEE_11_64_FR	559	Picture	hi_L177	17551118	0	1	30166	1	0	30000	other	0
SEE_11_64_FR	560	Picture	+	17581284	0	1	56165	1	0	next	other	0
SEE_11_64_FR	561	Sound	low057b	17581285	0	1			0		other	0
SEE_11_64_FR	562	Picture	500+	17637449	0	1	5166	1	0	5000	other	0
SEE_11_64_FR	563	Picture	low_L165	17642615	0	1	30166	1	0	30000	other	0
SEE_11_64_FR	564	Picture	+	17672948	0	1	20166	1	0	33800	other	0
SEE_11_64_FR	565	Picture	low_P103	17693114	0	1	30166	1	0	30000	other	0
SEE_11_64_FR	566	Picture	+	17723446	0	1	20166	1	0	36100	other	0
SEE_11_64_FR	567	Picture	hi_A058	17743612	0	1	30166	1	0	30000	other	0
SEE_11_64_FR	568	Picture	+	17773945	0	1	84997	1	0	next	other	0
SEE_11_64_FR	569	Sound	hi002a	17793946	0	1			0		other	0
SEE_11_64_FR	570	Picture	500+	17858942	0	1	5166	1	0	5000	other	0
SEE_11_64_FR	571	Picture	low_P179	17864275	0	1	30166	1	0	30000	other	0
SEE_11_64_FR	572	Picture	+	17894441	0	1	68331	1	0	next	other	0
SEE_11_64_FR	573	Sound	hi002b	17894442	0	2			0		other	0
SEE_11_64_FR	574	Picture	500+	17962772	0	1	5167	1	0	5000	other	0
SEE_11_64_FR	575	Picture	hi_P144	17968105	0	1	30166	1	0	30000	other	0
SEE_11_64_FR	576	Picture	+	17998438	0	1	20166	1	0	30130	other	0
SEE_11_64_FR	577	Picture	hi_P240	18018604	0	1	30166	1	0	30000	other	0
SEE_11_64_FR	578	Picture	+	18048936	0	1	20166	1	0	36940	other	0
SEE_11_64_FR	579	Picture	low_L163	18069102	0	1	30166	1	0	30000	other	0
SEE_11_64_FR	580	Picture	+	18099435	0	1	80164	1	0	next	other	0
SEE_11_64_FR	581	Sound	hi241a	18119435	0	1			0		other	0
SEE_11_64_FR	582	Picture	500+	18179599	0	1	5167	1	0	5000	other	0
SEE_11_64_FR	583	Picture	hi_F025	18184765	0	1	30166	1	0	30000	other	0
SEE_11_64_FR	584	Picture	+	18215098	0	1	60498	1	0	next	other	0
SEE_11_64_FR	585	Sound	hi241b	18215098	0	1			0		other	0
SEE_11_64_FR	586	Picture	500+	18275596	0	1	5167	1	0	5000	other	0
SEE_11_64_FR	587	Picture	low_A157	18280762	0	1	30166	1	0	30000	other	0
SEE_11_64_FR	588	Picture	+	18311095	0	1	20166	1	0	37530	other	0
SEE_11_64_FR	589	Picture	hi_P202	18331261	0	1	30166	1	0	30000	other	0
SEE_11_64_FR	590	Picture	+	18361593	0	1	20166	1	0	32330	other	0
SEE_11_64_FR	591	Picture	low_L167	18381759	0	1	30166	1	0	30000	other	0
SEE_11_64_FR	592	Picture	+	18412091	0	1	80664	1	0	next	other	0
SEE_11_64_FR	593	Sound	low197a	18432092	0	1			0		other	0
SEE_11_64_FR	594	Picture	500+	18492756	0	1	5167	1	0	5000	other	0
SEE_11_64_FR	595	Picture	low_L169	18498089	0	1	30166	1	0	30000	other	0
SEE_11_64_FR	596	Picture	+	18528254	0	1	66665	1	0	next	other	0
SEE_11_64_FR	597	Sound	low197b	18528255	0	1			0		other	0
SEE_11_64_FR	598	Picture	500+	18594919	0	1	5167	1	0	5000	other	0
SEE_11_64_FR	599	Picture	hi_F003	18600086	0	1	30166	1	0	30000	other	0
SEE_11_64_FR	600	Picture	+	18630418	0	1	20166	1	0	40800	other	0
SEE_11_64_FR	601	Picture	low_L050	18650584	0	1	30166	1	0	30000	other	0
SEE_11_64_FR	602	Picture	+	18680916	0	1	20166	1	0	43990	other	0
SEE_11_64_FR	603	Picture	hi_O006	18701082	0	1	30166	1	0	30000	other	0
SEE_11_64_FR	604	Picture	+	18731415	0	1	80831	1	0	next	other	0
SEE_11_64_FR	605	Sound	low283a	18751416	0	1			0		other	0
SEE_11_64_FR	606	Picture	500+	18812246	0	1	5167	1	0	5000	other	0
SEE_11_64_FR	607	Picture	low_P149	18817579	0	1	30166	1	0	30000	other	0
SEE_11_64_FR	608	Picture	+	18847745	0	1	67331	1	0	next	other	0
SEE_11_64_FR	609	Sound	low283b	18847745	0	1			0		other	0
SEE_11_64_FR	610	Picture	500+	18915076	0	1	5167	1	0	5000	other	0
SEE_11_64_FR	611	Picture	hi_P220	18920409	0	1	30166	1	0	30000	other	0
SEE_11_64_FR	612	Picture	+	18950741	0	1	20166	1	0	41080	other	0
SEE_11_64_FR	613	Picture	low_F333	18970907	0	1	30166	1	0	30000	other	0
SEE_11_64_FR	614	Picture	+	19001240	0	1	20166	1	0	43580	other	0
SEE_11_64_FR	615	Picture	hi_P004	19021406	0	1	30166	1	0	30000	other	0
SEE_11_64_FR	616	Picture	+	19051738	0	1	81497	1	0	next	other	0
SEE_11_64_FR	617	Sound	hi202a	19071739	0	2			0		other	0
SEE_11_64_FR	618	Picture	500+	19133236	0	1	5167	1	0	5000	other	0
SEE_11_64_FR	619	Picture	hi_O007	19138402	0	1	30166	1	0	30000	other	0
SEE_11_64_FR	620	Picture	+	19168568	0	1	60498	1	0	next	other	0
SEE_11_64_FR	621	Sound	hi202b	19168568	0	1			0		other	0
SEE_11_64_FR	622	Picture	500+	19229066	0	1	5166	1	0	5000	other	0
SEE_11_64_FR	623	Picture	low_A136	19234232	0	1	30166	1	0	30000	other	0
SEE_11_64_FR	624	Picture	+	19264565	0	1	20166	1	0	40340	other	0
SEE_11_64_FR	625	Picture	low_A108	19284731	0	1	30166	1	0	30000	other	0
SEE_11_64_FR	626	Picture	+	19315063	0	1	20166	1	0	42300	other	0
SEE_11_64_FR	627	Picture	hi_A001	19335229	0	1	30166	1	0	30000	other	0
SEE_11_64_FR	628	Picture	+	19365562	0	1	75664	1	0	next	other	0
SEE_11_64_FR	629	Sound	hi127a	19385563	0	1			0		other	0
SEE_11_64_FR	630	Picture	500+	19441226	0	1	5167	1	0	5000	other	0
SEE_11_64_FR	631	Picture	low_A219	19446393	0	1	30166	1	0	30000	other	0
SEE_11_64_FR	632	Picture	+	19476558	0	1	56832	1	0	next	other	0
SEE_11_64_FR	633	Sound	hi127b	19476559	0	1			0		other	0
SEE_11_64_FR	634	Picture	500+	19533390	0	1	5166	1	0	5000	other	0
SEE_11_64_FR	635	Picture	hi_A019	19538723	0	1	30166	1	0	30000	other	0
SEE_11_64_FR	636	Picture	+	19569055	0	1	20166	1	0	35280	other	0
SEE_11_64_FR	637	Picture	hi_P125	19589221	0	1	30166	1	0	30000	other	0
SEE_11_64_FR	638	Picture	+	19619554	0	1	20166	1	0	43480	other	0
SEE_11_64_FR	639	Picture	low_A119	19639720	0	1	30166	1	0	30000	other	0
SEE_11_64_FR	640	Picture	+	19670052	0	1	75498	1	0	next	other	0
SEE_11_64_FR	641	Sound	hi217a	19690053	0	1			0		other	0
SEE_11_64_FR	642	Picture	500+	19745550	0	1	5167	1	0	5000	other	0
SEE_11_64_FR	643	Picture	low_F228	19750716	0	1	30166	1	0	30000	other	0
SEE_11_64_FR	644	Picture	+	19780882	0	1	69998	1	0	next	other	0
SEE_11_64_FR	645	Sound	hi217b	19780883	0	1			0		other	0
SEE_11_64_FR	646	Picture	500+	19850880	0	1	5166	1	0	5000	other	0
SEE_11_64_FR	647	Picture	hi_P232	19856213	0	1	30166	1	0	30000	other	0
SEE_11_64_FR	648	Picture	+	19886546	0	1	20166	1	0	44590	other	0
SEE_11_64_FR	649	Picture	low_A182	19906712	0	1	30166	1	0	30000	other	0
SEE_11_64_FR	650	Picture	+	19937044	0	1	20166	1	0	35590	other	0
SEE_11_64_FR	651	Picture	hi_F019	19957210	0	1	30127	41	0	30000	other	0
SEE_11_64_FR	652	Picture	+	19987542	0	1	79998	1	0	next	other	0
SEE_11_64_FR	653	Sound	hi007a	20007543	0	1			0		other	0
SEE_11_64_FR	654	Picture	500+	20067540	0	1	5167	1	0	5000	other	0
SEE_11_64_FR	655	Picture	hi_P140	20072706	0	1	30166	1	0	30000	other	0
SEE_11_64_FR	656	Picture	+	20102872	0	1	62665	1	0	next	other	0
SEE_11_64_FR	657	Sound	hi007b	20102873	0	1			0		other	0
SEE_11_64_FR	658	Picture	500+	20165537	0	1	5167	1	0	5000	other	0
SEE_11_64_FR	659	Picture	low_L172	20170703	0	1	30166	1	0	30000	other	0
SEE_11_64_FR	660	Picture	+	20201036	0	1	20166	1	0	33700	other	0
SEE_11_64_FR	661	Picture	low_A090	20221202	0	1	30166	1	0	30000	other	0
SEE_11_64_FR	662	Picture	+	20251534	0	1	20166	1	0	30920	other	0
SEE_11_64_FR	663	Picture	hi_F172	20271700	0	1	30166	1	0	30000	other	0
SEE_11_64_FR	664	Picture	+	20302033	0	1	83164	1	0	next	other	0
SEE_11_64_FR	665	Sound	hi123a	20322034	0	1			0		other	0
SEE_11_64_FR	666	Picture	500+	20385197	0	1	5166	1	0	5000	other	0
SEE_11_64_FR	667	Picture	hi_F265	20390530	0	1	30166	1	0	30000	other	0
SEE_11_64_FR	668	Picture	+	20420696	0	1	61331	1	0	next	other	0
SEE_11_64_FR	669	Sound	hi123b	20420696	0	1			0		other	0
SEE_11_64_FR	670	Picture	500+	20482027	0	1	5166	1	0	5000	other	0
SEE_11_64_FR	671	Picture	low_A128	20487193	0	1	30166	1	0	30000	other	0
SEE_11_64_FR	672	Picture	+	20517526	0	1	20166	1	0	37590	other	0
SEE_11_64_FR	673	Picture	low_A214	20537692	0	1	30166	1	0	30000	other	0
SEE_11_64_FR	674	Picture	+	20568024	0	1	20166	1	0	43390	other	0
SEE_11_64_FR	675	Picture	hi_F014	20588190	0	1	30166	1	0	30000	other	0
SEE_11_64_FR	676	Picture	+	20618523	0	1	88331	1	0	next	other	0
SEE_11_64_FR	677	Sound	low279a	20638523	0	1			0		other	0
SEE_11_64_FR	678	Picture	500+	20706853	0	1	5166	1	0	5000	other	0
SEE_11_64_FR	679	Picture	hi_P226	20712020	0	1	30166	1	0	30000	other	0
SEE_11_64_FR	680	Picture	+	20742186	0	1	57165	1	0	next	other	0
SEE_11_64_FR	681	Sound	low279b	20742186	0	1			0		other	0
SEE_11_64_FR	682	Picture	500+	20799350	0	1	5166	1	0	5000	other	0
SEE_11_64_FR	683	Picture	low_F138	20804684	0	1	30166	1	0	30000	other	0
SEE_11_64_FR	684	Picture	+	20835016	0	1	20166	1	0	31130	other	0
SEE_11_64_FR	685	Picture	hi_L022	20855182	0	1	30166	1	0	30000	other	0
SEE_11_64_FR	686	Picture	+	20885514	0	1	20166	1	0	39100	other	0
SEE_11_64_FR	687	Picture	low_L173	20905680	0	1	30166	1	0	30000	other	0
SEE_11_64_FR	688	Picture	+	20936013	0	1	76331	1	0	next	other	0
SEE_11_64_FR	689	Sound	hi249a	20956014	0	1			0		other	0
SEE_11_64_FR	690	Picture	500+	21012344	0	1	5167	1	0	5000	other	0
SEE_11_64_FR	691	Picture	low_F121	21017510	0	1	30166	1	0	30000	other	0
SEE_11_64_FR	692	Picture	+	21047676	0	1	63498	1	0	next	other	0
SEE_11_64_FR	693	Sound	hi249b	21047677	0	1			0		other	0
SEE_11_64_FR	694	Picture	500+	21111174	0	1	5166	1	0	5000	other	0
SEE_11_64_FR	695	Picture	hi_A221	21116341	0	1	30166	1	0	30000	other	0
SEE_11_64_FR	696	Picture	+	21146673	0	1	20166	1	0	42340	other	0
SEE_11_64_FR	697	Picture	low_P112	21166839	0	1	30166	1	0	30000	other	0
SEE_11_64_FR	698	Picture	+	21197171	0	1	20166	1	0	39430	other	0
SEE_11_64_FR	699	Picture	hi_P233	21217337	0	1	30166	1	0	30000	other	0
SEE_11_64_FR	700	Picture	+	21247670	0	1	83831	1	0	next	other	0
SEE_11_64_FR	701	Sound	hi011a	21267670	0	1			0		other	0
SEE_11_64_FR	702	Picture	500+	21331500	0	1	5166	1	0	5000	other	0
SEE_11_64_FR	703	Picture	hi_F028	21336667	0	1	30166	1	0	30000	other	0
SEE_11_64_FR	704	Picture	+	21366833	0	1	65998	1	0	next	other	0
SEE_11_64_FR	705	Sound	hi011b	21366833	0	1			0		other	0
SEE_11_64_FR	706	Picture	500+	21432831	0	1	5167	1	0	5000	other	0
SEE_11_64_FR	707	Picture	low_L090	21437997	0	1	30166	1	0	30000	other	0
SEE_11_64_FR	708	Picture	+	21468330	0	1	20166	1	0	40170	other	0
SEE_11_64_FR	709	Picture	low_L083	21488496	0	1	30166	1	0	30000	other	0
SEE_11_64_FR	710	Picture	+	21518828	0	1	20166	1	0	31760	other	0
SEE_11_64_FR	711	Picture	hi_O283	21538994	0	1	30166	1	0	30000	other	0
SEE_11_64_FR	712	Picture	+	21569326	0	1	82831	1	0	next	other	0
SEE_11_64_FR	713	Sound	low149a	21589327	0	1			0		other	0
SEE_11_64_FR	714	Picture	500+	21652157	0	1	5166	1	0	5000	other	0
SEE_11_64_FR	715	Picture	hi_F274	21657324	0	1	30166	1	0	30000	other	0
SEE_11_64_FR	716	Picture	+	21687656	0	1	69665	1	0	next	other	0
SEE_11_64_FR	717	Sound	low149b	21687657	0	1			0		other	0
SEE_11_64_FR	718	Picture	500+	21757321	0	1	5167	1	0	5000	other	0
SEE_11_64_FR	719	Picture	low_L142	21762487	0	1	30166	1	0	30000	other	0
SEE_11_64_FR	720	Picture	+	21792819	0	1	20166	1	0	39840	other	0
SEE_11_64_FR	721	Picture	low_O190	21812986	0	1	30166	1	0	30000	other	0
SEE_11_64_FR	722	Picture	+	21843318	0	1	20166	1	0	36040	other	0
SEE_11_64_FR	723	Picture	hi_P230	21863484	0	1	30166	1	0	30000	other	0
SEE_11_64_FR	724	Picture	+	21893816	0	1	83831	1	0	next	other	0
SEE_11_64_FR	725	Sound	low276a	21913817	0	1			0		other	0
SEE_11_64_FR	726	Picture	500+	21977647	0	1	5166	1	0	5000	other	0
SEE_11_64_FR	727	Picture	low_L164	21982813	0	1	30166	1	0	30000	other	0
SEE_11_64_FR	728	Picture	+	22013146	0	1	66998	1	0	next	other	0
SEE_11_64_FR	729	Sound	low276b	22013146	0	1			0		other	0
SEE_11_64_FR	730	Picture	500+	22080144	0	1	5166	1	0	5000	other	0
SEE_11_64_FR	731	Picture	hi_A030	22085310	0	1	30166	1	0	30000	other	0
SEE_11_64_FR	732	Picture	+	22115643	0	1	20166	1	0	42270	other	0
SEE_11_64_FR	733	Picture	hi_P003	22135809	0	1	30166	1	0	30000	other	0
SEE_11_64_FR	734	Picture	+	22166141	0	1	20166	1	0	39110	other	0
SEE_11_64_FR	735	Picture	low_P107	22186307	0	1	30166	1	0	30000	other	0
SEE_11_64_FR	736	Picture	+	22216640	0	1	76664	1	0	next	other	0
SEE_11_64_FR	737	Sound	low281a	22236640	0	1			0		other	0
SEE_11_64_FR	738	Picture	500+	22293304	0	1	5167	1	0	5000	other	0
SEE_11_64_FR	739	Picture	low_L048	22298470	0	1	30166	1	0	30000	other	0
SEE_11_64_FR	740	Picture	+	22328636	0	1	56498	1	0	next	other	0
SEE_11_64_FR	741	Sound	low281b	22328637	0	1			0		other	0
SEE_11_64_FR	742	Picture	500+	22385134	0	1	5167	1	0	5000	other	0
SEE_11_64_FR	743	Picture	hi_O003	22390301	0	1	30166	1	0	30000	other	0
SEE_11_64_FR	744	Picture	+	22420633	0	1	20166	1	0	33400	other	0
SEE_11_64_FR	745	Picture	hi_P028	22440799	0	1	30166	1	0	30000	other	0
SEE_11_64_FR	746	Picture	+	22471132	0	1	20166	1	0	41960	other	0
SEE_11_64_FR	747	Picture	low_L132	22491298	0	1	30166	1	0	30000	other	0
SEE_11_64_FR	748	Picture	+	22521630	0	1	87497	1	0	next	other	0
SEE_11_64_FR	749	Sound	low179a	22541631	0	1			0		other	0
SEE_11_64_FR	750	Picture	500+	22609127	0	1	5167	1	0	5000	other	0
SEE_11_64_FR	751	Picture	hi_A034	22614294	0	1	30166	1	0	30000	other	0
SEE_11_64_FR	752	Picture	+	22644460	0	1	64998	1	0	next	other	0
SEE_11_64_FR	753	Sound	low179b	22644460	0	1			0		other	0
SEE_11_64_FR	754	Picture	500+	22709458	0	1	5167	1	0	5000	other	0
SEE_11_64_FR	755	Picture	low_L127	22714791	0	1	30166	1	0	30000	other	0
SEE_11_64_FR	756	Picture	+	22745123	0	1	20166	1	0	43740	other	0
SEE_11_64_FR	757	Picture	hi_F159	22765289	0	1	30166	1	0	30000	other	0
SEE_11_64_FR	758	Picture	+	22795622	0	1	20166	1	0	44660	other	0
SEE_11_64_FR	759	Picture	low_F099	22815788	0	1	30166	1	0	30000	other	0
SEE_11_64_FR	760	Picture	+	22846120	0	1	77831	1	0	next	other	0
SEE_11_64_FR	761	Sound	hi110a	22866121	0	1			0		other	0
SEE_11_64_FR	762	Picture	500+	22923951	0	1	5167	1	0	5000	other	0
SEE_11_64_FR	763	Picture	hi_A027	22929117	0	1	30166	1	0	30000	other	0
SEE_11_64_FR	764	Picture	+	22959450	0	1	55498	1	0	next	other	0
SEE_11_64_FR	765	Sound	hi110b	22959450	0	1			0		other	0
SEE_11_64_FR	766	Picture	500+	23014948	0	1	5166	1	0	5000	other	0
SEE_11_64_FR	767	Picture	low_L152	23020115	0	1	30166	1	0	30000	other	0
SEE_11_64_FR	768	Picture	+	23050447	0	1	20166	1	0	31980	other	0
SEE_11_64_FR	769	Picture	low_L138	23070613	0	1	30166	1	0	30000	other	0
SEE_11_64_FR	770	Picture	+	23100945	0	1	20166	1	0	31450	other	0
SEE_11_64_FR	771	Picture	hi_O154	23121111	0	1	30166	1	0	30000	other	0
SEE_11_64_FR	772	Picture	+	23151444	0	1	85997	1	0	next	other	0
SEE_11_64_FR	773	Sound	hi142a	23171445	0	2			0		other	0
SEE_11_64_FR	774	Picture	500+	23237441	0	1	5167	1	0	5000	other	0
SEE_11_64_FR	775	Picture	hi_L026	23242608	0	1	30166	1	0	30000	other	0
SEE_11_64_FR	776	Picture	+	23272773	0	1	56665	1	0	next	other	0
SEE_11_64_FR	777	Sound	hi142b	23272774	0	1			0		other	0
SEE_11_64_FR	778	Picture	500+	23329438	0	1	5167	1	0	5000	other	0
SEE_11_64_FR	779	Picture	low_P115	23334605	0	1	30166	1	0	30000	other	0
SEE_11_64_FR	780	Picture	+	23364937	0	1	20166	1	0	38760	other	0
SEE_11_64_FR	781	Picture	hi_P225	23385103	0	1	30166	1	0	30000	other	0
SEE_11_64_FR	782	Picture	+	23415436	0	1	20166	1	0	34160	other	0
SEE_11_64_FR	783	Picture	low_A167	23435602	0	1	30166	1	0	30000	other	0
SEE_11_64_FR	784	Picture	+	23465934	0	1	84331	1	0	next	other	0
SEE_11_64_FR	785	Sound	low035a	23485935	0	1			0		other	0
SEE_11_64_FR	786	Picture	500+	23550265	0	1	5167	1	0	5000	other	0
SEE_11_64_FR	787	Picture	hi_A060	23555431	0	1	30166	1	0	30000	other	0
SEE_11_64_FR	788	Picture	+	23585597	0	1	64498	1	0	next	other	0
SEE_11_64_FR	789	Sound	low035b	23585598	0	1			0		other	0
SEE_11_64_FR	790	Picture	500+	23650095	0	1	5167	1	0	5000	other	0
SEE_11_64_FR	791	Picture	low_P109	23655261	0	1	30166	1	0	30000	other	0
SEE_11_64_FR	792	Picture	+	23685594	0	1	20166	1	0	33490	other	0
SEE_11_64_FR	793	Picture	low_A114	23705760	0	1	30166	1	0	30000	other	0
SEE_11_64_FR	794	Picture	+	23736092	0	1	20166	1	0	33790	other	0
SEE_11_64_FR	795	Picture	hi_A016	23756258	0	1	30166	1	0	30000	other	0
SEE_11_64_FR	796	Picture	+	23786591	0	1	82664	1	0	next	other	0
SEE_11_64_FR	797	Sound	hi003a	23806591	0	1			0		other	0
SEE_11_64_FR	798	Picture	500+	23869255	0	1	5167	1	0	5000	other	0
SEE_11_64_FR	799	Picture	low_L075	23874421	0	1	30166	1	0	30000	other	0
SEE_11_64_FR	800	Picture	+	23904587	0	1	58165	1	0	next	other	0
SEE_11_64_FR	801	Sound	hi003b	23904588	0	1			0		other	0
SEE_11_64_FR	802	Picture	500+	23962752	0	1	5166	1	0	5000	other	0
SEE_11_64_FR	803	Picture	hi_O149	23967918	0	1	30166	1	0	30000	other	0
SEE_11_64_FR	804	Picture	+	23998251	0	1	20166	1	0	40460	other	0
SEE_11_64_FR	805	Picture	hi_P058	24018417	0	1	30166	1	0	30000	other	0
SEE_11_64_FR	806	Picture	+	24048749	0	1	20166	1	0	38070	other	0
SEE_11_64_FR	807	Picture	low_L089	24068915	0	1	30166	1	0	30000	other	0
SEE_11_64_FR	808	Picture	+	24099248	0	1	86997	1	0	next	other	0
SEE_11_64_FR	809	Sound	hi253a	24119248	0	1			0		other	0
SEE_11_64_FR	810	Picture	500+	24186245	0	1	5167	1	0	5000	other	0
SEE_11_64_FR	811	Picture	low_L126	24191411	0	1	30166	1	0	30000	other	0
SEE_11_64_FR	812	Picture	+	24221577	0	1	67165	1	0	next	other	0
SEE_11_64_FR	813	Sound	hi253b	24221578	0	1			0		other	0
SEE_11_64_FR	814	Picture	500+	24288742	0	1	5167	1	0	5000	other	0
SEE_11_64_FR	815	Picture	hi_F013	24294075	0	1	30166	1	0	30000	other	0
SEE_11_64_FR	816	Picture	+	24324407	0	1	20166	1	0	33910	other	0
SEE_11_64_FR	817	Picture	low_P169	24344573	0	1	30166	1	0	30000	other	0
SEE_11_64_FR	818	Picture	+	24374906	0	1	20166	1	0	38580	other	0
SEE_11_64_FR	819	Picture	hi_P021	24395072	0	1	30166	1	0	30000	other	0
SEE_11_64_FR	820	Picture	+	24425404	0	1	87997	1	0	next	other	0
SEE_11_64_FR	821	Sound	hi103a	24445405	0	1			0		other	0
SEE_11_64_FR	822	Picture	500+	24513401	0	1	5166	1	0	5000	other	0
SEE_11_64_FR	823	Picture	hi_F295	24518568	0	1	30166	1	0	30000	other	0
SEE_11_64_FR	824	Picture	+	24548734	0	1	58998	1	0	next	other	0
SEE_11_64_FR	825	Sound	hi103b	24548734	0	1			0		other	0
SEE_11_64_FR	826	Picture	500+	24607732	0	1	5167	1	0	5000	other	0
SEE_11_64_FR	827	Picture	low_L098	24612898	0	1	30166	1	0	30000	other	0
SEE_11_64_FR	828	Picture	+	24643231	0	1	20166	1	0	37890	other	0
SEE_11_64_FR	829	Picture	low_L117	24663397	0	1	30166	1	0	30000	other	0
SEE_11_64_FR	830	Picture	+	24693729	0	1	20166	1	0	39000	other	0
SEE_11_64_FR	831	Picture	hi_A013	24713895	0	1	30166	1	0	30000	other	0
SEE_11_64_FR	832	Picture	+	24744228	0	1	75831	1	0	next	other	0
SEE_11_64_FR	833	Sound	hi018a	24764228	0	1			0		other	0
SEE_11_64_FR	834	Picture	500+	24820059	0	1	5166	1	0	5000	other	0
SEE_11_64_FR	835	Picture	low_F129	24825225	0	1	30166	1	0	30000	other	0
SEE_11_64_FR	836	Picture	+	24855391	0	1	60665	1	0	next	other	0
SEE_11_64_FR	837	Sound	hi018b	24855391	0	1			0		other	0
SEE_11_64_FR	838	Picture	500+	24916055	0	1	5167	1	0	5000	other	0
SEE_11_64_FR	839	Picture	hi_P020	24921222	0	1	30166	1	0	30000	other	0
SEE_11_64_FR	840	Picture	+	24951554	0	1	20166	1	0	34280	other	0
SEE_11_64_FR	841	Picture	low_L054	24971720	0	1	30166	1	0	30000	other	0
SEE_11_64_FR	842	Picture	+	25002053	0	1	20166	1	0	41940	other	0
SEE_11_64_FR	843	Picture	hi_F032	25022219	0	1	30166	1	0	30000	other	0
SEE_11_64_FR	844	Picture	+	25052551	0	1	82164	1	0	next	other	0
SEE_11_64_FR	845	Sound	hi319a	25072552	0	1			0		other	0
SEE_11_64_FR	846	Picture	500+	25134715	0	1	5167	1	0	5000	other	0
SEE_11_64_FR	847	Picture	hi_F007	25140049	0	1	30166	1	0	30000	other	0
SEE_11_64_FR	848	Picture	+	25170214	0	1	55332	1	0	next	other	0
SEE_11_64_FR	849	Sound	hi319b	25170215	0	1			0		other	0
SEE_11_64_FR	850	Picture	500+	25225546	0	1	5166	1	0	5000	other	0
SEE_11_64_FR	851	Picture	low_O325	25230712	0	1	30166	1	0	30000	other	0
SEE_11_64_FR	852	Picture	+	25261045	0	1	20166	1	0	31170	other	0
SEE_11_64_FR	853	Picture	hi_P206	25281211	0	1	30166	1	0	30000	other	0
SEE_11_64_FR	854	Picture	+	25311543	0	1	20166	1	0	35480	other	0
SEE_11_64_FR	855	Picture	low_A132	25331709	0	1	30166	1	0	30000	other	0
SEE_11_64_FR	856	Picture	+	25362042	0	1	83831	1	0	next	other	0
SEE_11_64_FR	857	Sound	hi158a	25382042	0	1			0		other	0
SEE_11_64_FR	858	Picture	500+	25445872	0	1	5166	1	0	5000	other	0
SEE_11_64_FR	859	Picture	low_L051	25451039	0	1	30166	1	0	30000	other	0
SEE_11_64_FR	860	Picture	+	25481205	0	1	60331	1	0	next	other	0
SEE_11_64_FR	861	Sound	hi158b	25481205	0	2			0		other	0
SEE_11_64_FR	862	Picture	500+	25541536	0	1	5167	1	0	5000	other	0
SEE_11_64_FR	863	Picture	hi_F299	25546702	0	1	30166	1	0	30000	other	0
SEE_11_64_FR	864	Picture	+	25577035	0	1	20166	1	0	31230	other	0
SEE_11_64_FR	865	Picture	hi_P006	25597201	0	1	30166	1	0	30000	other	0
SEE_11_64_FR	866	Picture	+	25627533	0	1	20166	1	0	44850	other	0
SEE_11_64_FR	867	Picture	low_A097	25647699	0	1	30166	1	0	30000	other	0
SEE_11_64_FR	868	Picture	+	25678032	0	1	80998	1	0	next	other	0
SEE_11_64_FR	869	Sound	hi154a	25698033	0	2			0		other	0
SEE_11_64_FR	870	Picture	500+	25759029	0	1	5167	1	0	5000	other	0
SEE_11_64_FR	871	Picture	low_L175	25764196	0	1	30166	1	0	30000	other	0
SEE_11_64_FR	872	Picture	+	25794528	0	1	63498	1	0	next	other	0
SEE_11_64_FR	873	Sound	hi154b	25794529	0	1			0		other	0
SEE_11_64_FR	874	Picture	500+	25858026	0	1	5167	1	0	5000	other	0
SEE_11_64_FR	875	Picture	hi_F041	25863193	0	1	30166	1	0	30000	other	0
SEE_11_64_FR	876	Picture	+	25893525	0	1	20166	1	0	40840	other	0
SEE_11_64_FR	877	Picture	low_F052	25913691	0	1	30166	1	0	30000	other	0
SEE_11_64_FR	878	Picture	+	25944023	0	1	20166	1	0	41990	other	0
SEE_11_64_FR	879	Picture	hi_P198	25964190	0	1	30166	1	0	30000	other	0
SEE_11_64_FR	880	Picture	+	25994522	0	1	83997	1	0	next	other	0
SEE_11_64_FR	881	Sound	low042a	26014523	0	1			0		other	0
SEE_11_64_FR	882	Picture	500+	26078519	0	1	5166	1	0	5000	other	0
SEE_11_64_FR	883	Picture	low_F324	26083852	0	1	30166	1	0	30000	other	0
SEE_11_64_FR	884	Picture	+	26114018	0	1	57998	1	0	next	other	0
SEE_11_64_FR	885	Sound	low042b	26114019	0	1			0		other	0
SEE_11_64_FR	886	Picture	500+	26172016	0	1	5167	1	0	5000	other	0
SEE_11_64_FR	887	Picture	hi_L005	26177183	0	1	30166	1	0	30000	other	0
SEE_11_64_FR	888	Picture	+	26207515	0	1	20166	1	0	31010	other	0
SEE_11_64_FR	889	Picture	hi_L139	26227681	0	1	30166	1	0	30000	other	0
SEE_11_64_FR	890	Picture	+	26258014	0	1	20166	1	0	31990	other	0
SEE_11_64_FR	891	Picture	low_L041	26278180	0	1	30166	1	0	30000	other	0
SEE_11_64_FR	892	Picture	+	26308512	0	1	85331	1	0	next	other	0
SEE_11_64_FR	893	Sound	hi159a	26328513	0	1			0		other	0
SEE_11_64_FR	894	Picture	500+	26393843	0	1	5166	1	0	5000	other	0
SEE_11_64_FR	895	Picture	hi_O285	26399009	0	1	30166	1	0	30000	other	0
SEE_11_64_FR	896	Picture	+	26429342	0	1	65165	1	0	next	other	0
SEE_11_64_FR	897	Sound	hi159b	26429342	0	1			0		other	0
SEE_11_64_FR	898	Picture	500+	26494506	0	1	5167	1	0	5000	other	0
SEE_11_64_FR	899	Picture	low_L121	26499673	0	1	30166	1	0	30000	other	0
SEE_11_64_FR	900	Picture	+	26530005	0	1	20166	1	0	42590	other	0
SEE_11_64_FR	901	Picture	hi_P132	26550171	0	1	30166	1	0	30000	other	0
SEE_11_64_FR	902	Picture	+	26580504	0	1	20166	1	0	38080	other	0
SEE_11_64_FR	903	Picture	low_L096	26600670	0	1	30166	1	0	30000	other	0
SEE_11_64_FR	904	Picture	+	26631002	0	1	75331	1	0	next	other	0
SEE_11_64_FR	905	Sound	low063a	26651003	0	1			0		other	0
SEE_11_64_FR	906	Picture	500+	26706333	0	1	5167	1	0	5000	other	0
SEE_11_64_FR	907	Picture	hi_F038	26711666	0	1	30166	1	0	30000	other	0
SEE_11_64_FR	908	Picture	+	26741832	0	1	62498	1	0	next	other	0
SEE_11_64_FR	909	Sound	low063b	26741833	0	1			0		other	0
SEE_11_64_FR	910	Picture	500+	26804330	0	1	5166	1	0	5000	other	0
SEE_11_64_FR	911	Picture	low_L183	26809497	0	1	30166	1	0	30000	other	0
SEE_11_64_FR	912	Picture	+	26839829	0	1	20166	1	0	32030	other	0
SEE_11_64_FR	913	Picture	low_L179	26859995	0	1	30166	1	0	30000	other	0
SEE_11_64_FR	914	Picture	+	26890327	0	1	20166	1	0	34310	other	0
SEE_11_64_FR	915	Picture	hi_F370	26910493	0	1	30166	1	0	30000	other	0
SEE_11_64_FR	916	Picture	+	26940826	0	1	75331	1	0	next	other	0
SEE_11_64_FR	917	Sound	low273a	26960827	0	1			0		other	0
SEE_11_64_FR	918	Picture	500+	27016157	0	1	5166	1	0	5000	other	0
SEE_11_64_FR	919	Picture	low_F098	27021323	0	1	30166	1	0	30000	other	0
SEE_11_64_FR	920	Picture	+	27051489	0	1	62165	1	0	next	other	0
SEE_11_64_FR	921	Sound	low273b	27051490	0	1			0		other	0
SEE_11_64_FR	922	Picture	500+	27113654	0	1	5167	1	0	5000	other	0
SEE_11_64_FR	923	Picture	hi_P229	27118820	0	1	30166	1	0	30000	other	0
SEE_11_64_FR	924	Picture	+	27149153	0	1	20166	1	0	44710	other	0
SEE_11_64_FR	925	Picture	low_L134	27169319	0	1	30166	1	0	30000	other	0
SEE_11_64_FR	926	Picture	+	27199651	0	1	20166	1	0	41140	other	0
SEE_11_64_FR	927	Picture	hi_A143	27219817	0	1	30166	1	0	30000	other	0
SEE_11_64_FR	928	Picture	+	27250149	0	1	78331	1	0	next	other	0
SEE_11_64_FR	929	Sound	low085a	27270150	0	2			0		other	0
SEE_11_64_FR	930	Picture	500+	27328480	0	1	5167	1	0	5000	other	0
SEE_11_64_FR	931	Picture	hi_P228	27333647	0	1	30166	1	0	30000	other	0
SEE_11_64_FR	932	Picture	+	27363813	0	1	58165	1	0	next	other	0
SEE_11_64_FR	933	Sound	low085b	27363813	0	1			0		other	0
SEE_11_64_FR	934	Picture	500+	27421977	0	1	5166	1	0	5000	other	0
SEE_11_64_FR	935	Picture	low_L147	27427144	0	1	30166	1	0	30000	other	0
SEE_11_64_FR	936	Picture	+	27457476	0	1	20166	1	0	30790	other	0
SEE_11_64_FR	937	Picture	low_A221	27477642	0	1	30166	1	0	30000	other	0
SEE_11_64_FR	938	Picture	+	27507975	0	1	20166	1	0	41030	other	0
SEE_11_64_FR	939	Picture	hi_A063	27528141	0	1	30166	1	0	30000	other	0
SEE_11_64_FR	940	Picture	+	27558473	0	1	89331	1	0	next	other	0
SEE_11_64_FR	941	Sound	low088a	27578474	0	1			0		other	0
SEE_11_64_FR	942	Picture	500+	27647804	0	1	5166	1	0	5000	other	0
SEE_11_64_FR	943	Picture	hi_O139	27653137	0	1	30166	1	0	30000	other	0
SEE_11_64_FR	944	Picture	+	27683303	0	1	62165	1	0	next	other	0
SEE_11_64_FR	945	Sound	low088b	27683303	0	1			0		other	0
SEE_11_64_FR	946	Picture	500+	27745467	0	1	5167	1	0	5000	other	0
SEE_11_64_FR	947	Picture	low_P105	27750634	0	1	30166	1	0	30000	other	0
SEE_11_64_FR	948	Picture	+	27780966	0	1	20166	1	0	35180	other	0
SEE_11_64_FR	949	Picture	hi_P139	27801132	0	1	30166	1	0	30000	other	0
SEE_11_64_FR	950	Picture	+	27831465	0	1	20166	1	0	31660	other	0
SEE_11_64_FR	951	Picture	low_F067	27851631	0	1	30166	1	0	30000	other	0
SEE_11_64_FR	952	Picture	+	27881963	0	1	84997	1	0	next	other	0
SEE_11_64_FR	953	Sound	hi254a	27901964	0	1			0		other	0
SEE_11_64_FR	954	Picture	500+	27966960	0	1	5167	1	0	5000	other	0
SEE_11_64_FR	955	Picture	low_O220	27972127	0	1	30166	1	0	30000	other	0
SEE_11_64_FR	956	Picture	+	28002293	0	1	56832	1	0	next	other	0
SEE_11_64_FR	957	Sound	hi254b	28002293	0	1			0		other	0
SEE_11_64_FR	958	Picture	500+	28059124	0	1	5166	1	0	5000	other	0
SEE_11_64_FR	959	Picture	hi_P241	28064291	0	1	30166	1	0	30000	other	0
SEE_11_64_FR	960	Picture	+	28094623	0	1	20166	1	0	37030	other	0
SEE_11_64_FR	961	Picture	hi_P098	28114789	0	1	30166	1	0	30000	other	0
SEE_11_64_FR	962	Picture	+	28145122	0	1	20166	1	0	37680	other	0
SEE_11_64_FR	963	Picture	low_A146	28165288	0	1	30166	1	0	30000	other	0
SEE_11_64_FR	964	Picture	+	28195620	0	1	86164	1	0	next	other	0
SEE_11_64_FR	965	Sound	hi004a	28215621	0	1			0		other	0
SEE_11_64_FR	966	Picture	500+	28281784	0	1	5166	1	0	5000	other	0
SEE_11_64_FR	967	Picture	hi_F164	28286950	0	1	30166	1	0	30000	other	0
SEE_11_64_FR	968	Picture	+	28317116	0	1	57665	1	0	next	other	0
SEE_11_64_FR	969	Sound	hi004b	28317117	0	1			0		other	0
SEE_11_64_FR	970	Picture	500+	28374781	0	1	5166	1	0	5000	other	0
SEE_11_64_FR	971	Picture	low_P104	28380114	0	1	30166	1	0	30000	other	0
SEE_11_64_FR	972	Picture	+	28410447	0	1	20166	1	0	32790	other	0
SEE_11_64_FR	973	Picture	hi_O328	28430613	0	1	30166	1	0	30000	other	0
SEE_11_64_FR	974	Picture	+	28460945	0	1	20166	1	0	30600	other	0
SEE_11_64_FR	975	Picture	low_P195	28481111	0	1	30166	1	0	30000	other	0
SEE_11_64_FR	976	Picture	+	28511443	0	1	83997	1	0	next	other	0
SEE_11_64_FR	977	Sound	hi010a	28531444	0	1			0		other	0
SEE_11_64_FR	978	Picture	500+	28595441	0	1	5167	1	0	5000	other	0
SEE_11_64_FR	979	Picture	low_L021	28600774	0	1	30166	1	0	30000	other	0
SEE_11_64_FR	980	Picture	+	28630940	0	1	57165	1	0	next	other	0
SEE_11_64_FR	981	Sound	hi010b	28630940	0	1			0		other	0
SEE_11_64_FR	982	Picture	500+	28688105	0	1	5167	1	0	5000	other	0
SEE_11_64_FR	983	Picture	hi_P084	28693271	0	1	30166	1	0	30000	other	0
SEE_11_64_FR	984	Picture	+	28723604	0	1	20166	1	0	40390	other	0
SEE_11_64_FR	985	Picture	low_A140	28743770	0	1	30166	1	0	30000	other	0
SEE_11_64_FR	986	Picture	+	28774102	0	1	20166	1	0	33020	other	0
SEE_11_64_FR	987	Picture	hi_P175	28794268	0	1	30166	1	0	30000	other	0
SEE_11_64_FR	988	Picture	+	28824600	0	1	86164	1	0	next	other	0
SEE_11_64_FR	989	Sound	low034a	28844601	0	1			0		other	0
SEE_11_64_FR	990	Picture	500+	28910764	0	1	5167	1	0	5000	other	0
SEE_11_64_FR	991	Picture	hi_A069	28915931	0	1	30166	1	0	30000	other	0
SEE_11_64_FR	992	Picture	+	28946263	0	1	58165	1	0	next	other	0
SEE_11_64_FR	993	Sound	low034b	28946264	0	1			0		other	0
SEE_11_64_FR	994	Picture	500+	29004428	0	1	5166	1	0	5000	other	0
SEE_11_64_FR	995	Picture	low_P064	29009595	0	1	30166	1	0	30000	other	0
SEE_11_64_FR	996	Picture	+	29039927	0	1	20166	1	0	36860	other	0
SEE_11_64_FR	997	Picture	hi_O126	29060093	0	1	30166	1	0	30000	other	0
SEE_11_64_FR	998	Picture	+	29090425	0	1	20166	1	0	42500	other	0
SEE_11_64_FR	999	Picture	low_A095	29110591	0	1	30166	1	0	30000	other	0
SEE_11_64_FR	1000	Picture	+	29140924	0	1	80164	1	0	next	other	0
SEE_11_64_FR	1001	Sound	low171a	29160925	0	1			0		other	0
SEE_11_64_FR	1002	Picture	500+	29221088	0	1	5167	1	0	5000	other	0
SEE_11_64_FR	1003	Picture	hi_F273	29226255	0	1	30166	1	0	30000	other	0
SEE_11_64_FR	1004	Picture	+	29256420	0	1	67665	1	0	next	other	0
SEE_11_64_FR	1005	Sound	low171b	29256421	0	1			0		other	0
SEE_11_64_FR	1006	Picture	500+	29324085	0	1	5167	1	0	5000	other	0
SEE_11_64_FR	1007	Picture	low_L158	29329251	0	1	30166	1	0	30000	other	0
SEE_11_64_FR	1008	Picture	+	29359584	0	1	20166	1	0	44770	other	0
SEE_11_64_FR	1009	Picture	hi_P237	29379750	0	1	30166	1	0	30000	other	0
SEE_11_64_FR	1010	Picture	+	29410082	0	1	20166	1	0	40100	other	0
SEE_11_64_FR	1011	Picture	low_L009	29430248	0	1	30166	1	0	30000	other	0
SEE_11_64_FR	1012	Picture	+	29460581	0	1	83331	1	0	next	other	0
SEE_11_64_FR	1013	Sound	hi001a	29480581	0	1			0		other	0
SEE_11_64_FR	1014	Picture	500+	29543911	0	1	5166	1	0	5000	other	0
SEE_11_64_FR	1015	Picture	hi_P234	29549078	0	1	30166	1	0	30000	other	0
SEE_11_64_FR	1016	Picture	+	29579244	0	1	63498	1	0	next	other	0
SEE_11_64_FR	1017	Sound	hi001b	29579244	0	1			0		other	0
SEE_11_64_FR	1018	Picture	500+	29642742	0	1	5166	1	0	5000	other	0
SEE_11_64_FR	1019	Picture	low_P113	29648075	0	1	30166	1	0	30000	other	0
SEE_11_64_FR	1020	Picture	+	29678407	0	1	20166	1	0	39080	other	0
SEE_11_64_FR	1021	Picture	low_P250	29698573	0	1	30166	1	0	30000	other	0
SEE_11_64_FR	1022	Picture	+	29728906	0	1	20166	1	0	37530	other	0
SEE_11_64_FR	1023	Picture	hi_P010	29749072	0	1	30166	1	0	30000	other	0
SEE_11_64_FR	1024	Picture	+	29779404	0	1	88997	1	0	next	other	0
SEE_11_64_FR	1025	Sound	low038a	29799405	0	1			0		other	0
SEE_11_64_FR	1026	Picture	500+	29868401	0	1	5167	1	0	5000	other	0
SEE_11_64_FR	1027	Picture	hi_F287	29873734	0	1	30166	1	0	30000	other	0
SEE_11_64_FR	1028	Picture	+	29904067	0	1	67665	1	0	next	other	0
SEE_11_64_FR	1029	Sound	low038b	29904067	0	1			0		other	0
SEE_11_64_FR	1030	Picture	500+	29971731	0	1	5167	1	0	5000	other	0
SEE_11_64_FR	1031	Picture	low_L100	29976898	0	1	30166	1	0	30000	other	0
SEE_11_64_FR	1032	Picture	+	30007230	0	1	20166	1	0	43610	other	0
SEE_11_64_FR	1033	Picture	hi_A061	30027396	0	1	30165	1	0	30000	other	0
SEE_11_64_FR	1034	Picture	+	30057729	0	1	20166	1	0	41410	other	0
SEE_11_64_FR	1035	Picture	low_F345	30077895	0	1	30166	1	0	30000	other	0
SEE_11_64_FR	1036	Picture	+	30108227	0	1	86497	1	0	next	other	0
SEE_11_64_FR	1037	Sound	hi247a	30128228	0	1			0		other	0
SEE_11_64_FR	1038	Picture	500+	30194724	0	1	5167	1	0	5000	other	0
SEE_11_64_FR	1039	Picture	low_P045	30200058	0	1	30166	1	0	30000	other	0
SEE_11_64_FR	1040	Picture	+	30230390	0	1	66831	1	0	next	other	0
SEE_11_64_FR	1041	Sound	hi247b	30230391	0	1			0		other	0
SEE_11_64_FR	1042	Picture	500+	30297221	0	1	5167	1	0	5000	other	0
SEE_11_64_FR	1043	Picture	hi_P235	30302388	0	1	30166	1	0	30000	other	0
SEE_11_64_FR	1044	Picture	+	30332720	0	1	20166	1	0	39860	other	0
SEE_11_64_FR	1045	Picture	low_F358	30352886	0	1	30166	1	0	30000	other	0
SEE_11_64_FR	1046	Picture	+	30383219	0	1	20166	1	0	42270	other	0
SEE_11_64_FR	1047	Picture	hi_P221	30403385	0	1	30166	1	0	30000	other	0
SEE_11_64_FR	1048	Picture	+	30433717	0	1	86664	1	0	next	other	0
SEE_11_64_FR	1049	Sound	low087a	30453718	0	1			0		other	0
SEE_11_64_FR	1050	Picture	500+	30520381	0	1	5166	1	0	5000	other	0
SEE_11_64_FR	1051	Picture	low_P044	30525714	0	1	30166	1	0	30000	other	0
SEE_11_64_FR	1052	Picture	+	30556046	0	1	67331	1	0	next	other	0
SEE_11_64_FR	1053	Sound	low087b	30556047	0	1			0		other	0
SEE_11_64_FR	1054	Picture	500+	30623378	0	1	5166	1	0	5000	other	0
SEE_11_64_FR	1055	Picture	hi_A085	30628544	0	1	30166	1	0	30000	other	0
SEE_11_64_FR	1056	Picture	+	30658877	0	1	20166	1	0	44600	other	0
SEE_11_64_FR	1057	Picture	low_F203	30679043	0	1	30166	1	0	30000	other	0
SEE_11_64_FR	1058	Picture	+	30709375	0	1	20166	1	0	32200	other	0
SEE_11_64_FR	1059	Picture	hi_O148	30729541	0	1	30166	1	0	30000	other	0
SEE_11_64_FR	1060	Picture	+	30759873	0	1	88497	1	0	next	other	0
SEE_11_64_FR	1061	Sound	low284a	30779874	0	1			0		other	0
SEE_11_64_FR	1062	Picture	500+	30848371	0	1	5166	1	0	5000	other	0
SEE_11_64_FR	1063	Picture	low_A160	30853537	0	1	30166	1	0	30000	other	0
SEE_11_64_FR	1064	Picture	+	30883703	0	1	65665	1	0	next	other	0
SEE_11_64_FR	1065	Sound	low284b	30883704	0	1			0		other	0
SEE_11_64_FR	1066	Picture	500+	30949368	0	1	5166	1	0	5000	other	0
SEE_11_64_FR	1067	Picture	hi_P222	30954534	0	1	30166	1	0	30000	other	0
SEE_11_64_FR	1068	Picture	+	30984867	0	1	20166	1	0	43810	other	0
SEE_11_64_FR	1069	Picture	hi_F174	31005033	0	1	30166	1	0	30000	other	0
SEE_11_64_FR	1070	Picture	+	31035365	0	1	20166	1	0	32830	other	0
SEE_11_64_FR	1071	Picture	low_L124	31055531	0	1	30166	1	0	30000	other	0
SEE_11_64_FR	1072	Picture	+	31085863	0	1	80497	1	0	next	other	0
SEE_11_64_FR	1073	Sound	hi243a	31105864	0	2			0		other	0
SEE_11_64_FR	1074	Picture	500+	31166361	0	1	5167	1	0	5000	other	0
SEE_11_64_FR	1075	Picture	low_P055	31171527	0	1	30166	1	0	30000	other	0
SEE_11_64_FR	1076	Picture	+	31201693	0	1	55665	1	0	next	other	0
SEE_11_64_FR	1077	Sound	hi243b	31201694	0	1			0		other	0
SEE_11_64_FR	1078	Picture	500+	31257358	0	1	5167	1	0	5000	other	0
SEE_11_64_FR	1079	Picture	hi_F034	31262524	0	1	30166	1	0	30000	other	0
SEE_11_64_FR	1080	Picture	+	31292857	0	1	20166	1	0	31480	other	0
SEE_11_64_FR	1081	Picture	hi_A037	31313023	0	1	30166	1	0	30000	other	0
SEE_11_64_FR	1082	Picture	+	31343355	0	1	20166	1	0	40850	other	0
SEE_11_64_FR	1083	Picture	low_A113	31363521	0	1	30166	1	0	30000	other	0
SEE_11_64_FR	1084	Picture	+	31393854	0	1	82331	1	0	next	other	0
SEE_11_64_FR	1085	Sound	low036a	31413855	0	1			0		other	0
SEE_11_64_FR	1086	Picture	500+	31476185	0	1	5167	1	0	5000	other	0
SEE_11_64_FR	1087	Picture	hi_O300	31481518	0	1	30166	1	0	30000	other	0
SEE_11_64_FR	1088	Picture	+	31511683	0	1	64331	1	0	next	other	0
SEE_11_64_FR	1089	Sound	low036b	31511684	0	1			0		other	0
SEE_11_64_FR	1090	Picture	500+	31576015	0	1	5166	1	0	5000	other	0
SEE_11_64_FR	1091	Picture	low_F123	31581348	0	1	30166	1	0	30000	other	0
SEE_11_64_FR	1092	Picture	+	31611680	0	1	20166	1	0	43900	other	0
SEE_11_64_FR	1093	Picture	hi_A075	31631846	0	1	30166	1	0	30000	other	0
SEE_11_64_FR	1094	Picture	+	31662179	0	1	20166	1	0	42630	other	0
SEE_11_64_FR	1095	Picture	low_P176	31682345	0	1	30166	1	0	30000	other	0
SEE_11_64_FR	1096	Picture	+	31712677	0	1	84497	1	0	next	other	0
SEE_11_64_FR	1097	Sound	hi128a	31732678	0	1			0		other	0
SEE_11_64_FR	1098	Picture	500+	31797175	0	1	5166	1	0	5000	other	0
SEE_11_64_FR	1099	Picture	hi_O105	31802508	0	1	30166	1	0	30000	other	0
SEE_11_64_FR	1100	Picture	+	31832673	0	1	58331	1	0	next	other	0
SEE_11_64_FR	1101	Sound	hi128b	31832674	0	1			0		other	0
SEE_11_64_FR	1102	Picture	500+	31891005	0	1	5167	1	0	5000	other	0
SEE_11_64_FR	1103	Picture	low_L102	31896338	0	1	30166	1	0	30000	other	0
SEE_11_64_FR	1104	Picture	+	31926671	0	1	20166	1	0	43020	other	0
SEE_11_64_FR	1105	Picture	hi_P216	31946837	0	1	30166	1	0	30000	other	0
SEE_11_64_FR	1106	Picture	+	31977169	0	1	20166	1	0	41380	other	0
SEE_11_64_FR	1107	Picture	low_A217	31997335	0	1	30166	1	0	30000	other	0
SEE_11_64_FR	1108	Picture	+	32027667	0	1	85497	1	0	next	other	0
SEE_11_64_FR	1109	Sound	hi009a	32047668	0	1			0		other	0
SEE_11_64_FR	1110	Picture	500+	32113165	0	1	5167	1	0	5000	other	0
SEE_11_64_FR	1111	Picture	low_L180	32118331	0	1	30166	1	0	30000	other	0
SEE_11_64_FR	1112	Picture	+	32148664	0	1	60665	1	0	next	other	0
SEE_11_64_FR	1113	Sound	hi009b	32148664	0	1			0		other	0
SEE_11_64_FR	1114	Picture	500+	32209328	0	1	5167	1	0	5000	other	0
SEE_11_64_FR	1115	Picture	hi_F283	32214661	0	1	30166	1	0	30000	other	0
SEE_11_64_FR	1116	Picture	+	32244994	0	1	20166	1	0	38240	other	0
SEE_11_64_FR	1117	Picture	low_L184	32265160	0	1	30166	1	0	30000	other	0
SEE_11_64_FR	1118	Picture	+	32295492	0	1	20166	1	0	39740	other	0
SEE_11_64_FR	1119	Picture	hi_A018	32315658	0	1	30166	1	0	30000	other	0
SEE_11_64_FR	1120	Picture	+	32345991	0	1	83831	1	0	next	other	0
SEE_11_64_FR	1121	Sound	low050a	32365992	0	1			0		other	0
SEE_11_64_FR	1122	Picture	500+	32429821	0	1	5167	1	0	5000	other	0
SEE_11_64_FR	1123	Picture	hi_A074	32434988	0	1	30166	1	0	30000	other	0
SEE_11_64_FR	1124	Picture	+	32465154	0	1	65831	1	0	next	other	0
SEE_11_64_FR	1125	Sound	low050b	32465154	0	1			0		other	0
SEE_11_64_FR	1126	Picture	500+	32530985	0	1	5167	1	0	5000	other	0
SEE_11_64_FR	1127	Picture	low_L141	32536152	0	1	30166	1	0	30000	other	0
SEE_11_64_FR	1128	Picture	+	32566484	0	1	20166	1	0	36010	other	0
SEE_11_64_FR	1129	Picture	hi_A007	32586650	0	1	30166	1	0	30000	other	0
SEE_11_64_FR	1130	Picture	+	32616982	0	1	20166	1	0	41370	other	0
SEE_11_64_FR	1131	Picture	low_A193	32637148	0	1	30166	1	0	30000	other	0
SEE_11_64_FR	1132	Picture	+	32667481	0	1	89164	1	0	next	other	0
SEE_11_64_FR	1133	Sound	low044a	32687481	0	1			0		other	0
SEE_11_64_FR	1134	Picture	500+	32756645	0	1	5166	1	0	5000	other	0
SEE_11_64_FR	1135	Picture	hi_P127	32761811	0	1	30166	1	0	30000	other	0
SEE_11_64_FR	1136	Picture	+	32792144	0	1	56165	1	0	next	other	0
SEE_11_64_FR	1137	Sound	low044b	32792144	0	1			0		other	0
SEE_11_64_FR	1138	Picture	500+	32848308	0	1	5167	1	0	5000	other	0
SEE_11_64_FR	1139	Picture	low_L148	32853642	0	1	30166	1	0	30000	other	0
SEE_11_64_FR	1140	Picture	+	32883974	0	1	20166	1	0	40990	other	0
SEE_11_64_FR	1141	Picture	low_O099	32904140	0	1	30166	1	0	30000	other	0
SEE_11_64_FR	1142	Picture	+	32934472	0	1	20166	1	0	38870	other	0
SEE_11_64_FR	1143	Picture	hi_L007	32954638	0	1	30166	1	0	30000	other	0
SEE_11_64_FR	1144	Picture	+	32984971	0	1	81664	1	0	next	other	0
SEE_11_64_FR	1145	Sound	hi242a	33004972	0	1			0		other	0
SEE_11_64_FR	1146	Picture	500+	33066635	0	1	5167	1	0	5000	other	0
SEE_11_64_FR	1147	Picture	hi_F158	33071801	0	1	30166	1	0	30000	other	0
SEE_11_64_FR	1148	Picture	+	33102134	0	1	55165	1	0	next	other	0
SEE_11_64_FR	1149	Sound	hi242b	33102135	0	2			0		other	0
SEE_11_64_FR	1150	Picture	500+	33157299	0	1	5167	1	0	5000	other	0
SEE_11_64_FR	1151	Picture	low_P054	33162465	0	1	30166	1	0	30000	other	0
SEE_11_64_FR	1152	Picture	+	33192798	0	1	20166	1	0	44470	other	0
SEE_11_64_FR	1153	Picture	low_L146	33212964	0	1	30166	1	0	30000	other	0
SEE_11_64_FR	1154	Picture	+	33243296	0	1	20166	1	0	42940	other	0
SEE_11_64_FR	1155	Picture	hi_P215	33263462	0	1	30166	1	0	30000	other	0
SEE_11_64_FR	1156	Picture	+	33293795	0	1	80498	1	0	next	other	0
SEE_11_64_FR	1157	Sound	hi013a	33313795	0	1			0		other	0
SEE_11_64_FR	1158	Picture	500+	33374292	0	1	5167	1	0	5000	other	0
SEE_11_64_FR	1159	Picture	hi_O013	33379625	0	1	30166	1	0	30000	other	0
SEE_11_64_FR	1160	Picture	+	33409791	0	1	62998	1	0	next	other	0
SEE_11_64_FR	1161	Sound	hi013b	33409792	0	1			0		other	0
SEE_11_64_FR	1162	Picture	500+	33472789	0	1	5166	1	0	5000	other	0
SEE_11_64_FR	1163	Picture	low_A161	33477955	0	1	30166	1	0	30000	other	0
SEE_11_64_FR	1164	Picture	+	33508288	0	1	20166	1	0	43800	other	0
SEE_11_64_FR	1165	Picture	low_A184	33528454	0	1	30166	1	0	30000	other	0
SEE_11_64_FR	1166	Picture	+	33558786	0	1	20166	1	0	31350	other	0
SEE_11_64_FR	1167	Picture	hi_F367	33578952	0	1	30166	1	0	30000	other	0
SEE_11_64_FR	1168	Picture	+	33609285	0	1	76664	1	0	next	other	0
SEE_11_64_FR	1169	Sound	low277a	33629285	0	1			0		other	0
SEE_11_64_FR	1170	Picture	500+	33685949	0	1	5167	1	0	5000	other	0
SEE_11_64_FR	1171	Picture	low_F125	33691116	0	1	30166	1	0	30000	other	0
SEE_11_64_FR	1172	Picture	+	33721281	0	1	56665	1	0	next	other	0
SEE_11_64_FR	1173	Sound	low277b	33721282	0	1			0		other	0
SEE_11_64_FR	1174	Picture	500+	33777946	0	1	5167	1	0	5000	other	0
SEE_11_64_FR	1175	Picture	hi_A073	33783113	0	1	30166	1	0	30000	other	0
SEE_11_64_FR	1176	Picture	+	33813445	0	1	20166	1	0	40840	other	0
SEE_11_64_FR	1177	Picture	low_L128	33833611	0	1	30166	1	0	30000	other	0
SEE_11_64_FR	1178	Picture	+	33863943	0	1	20166	1	0	32570	other	0
SEE_11_64_FR	1179	Picture	hi_P217	33884109	0	1	30166	1	0	30000	other	0
SEE_11_64_FR	1180	Picture	+	33914442	0	1	75498	1	0	next	other	0
SEE_11_64_FR	1181	Sound	hi308a	33934443	0	1			0		other	0
SEE_11_64_FR	1182	Picture	500+	33989940	0	1	5166	1	0	5000	other	0
SEE_11_64_FR	1183	Picture	low_A201	33995106	0	1	30166	1	0	30000	other	0
SEE_11_64_FR	1184	Picture	+	34025272	0	1	65164	1	0	next	other	0
SEE_11_64_FR	1185	Sound	hi308b	34025272	0	1			0		other	0
SEE_11_64_FR	1186	Picture	500+	34090436	0	1	5167	1	0	5000	other	0
SEE_11_64_FR	1187	Picture	hi_O022	34095603	0	1	30166	1	0	30000	other	0
SEE_11_64_FR	1188	Picture	+	34125935	0	1	20166	1	0	44800	other	0
SEE_11_64_FR	1189	Picture	low_F224	34146101	0	1	30166	1	0	30000	other	0
SEE_11_64_FR	1190	Picture	+	34176434	0	1	20166	1	0	44010	other	0
SEE_11_64_FR	1191	Picture	hi_P015	34196600	0	1	30166	1	0	30000	other	0
SEE_11_64_FR	1192	Picture	+	34226932	0	1	84164	1	0	next	other	0
SEE_11_64_FR	1193	Sound	hi139a	34246933	0	1			0		other	0
SEE_11_64_FR	1194	Picture	500+	34311096	0	1	5166	1	0	5000	other	0
SEE_11_64_FR	1195	Picture	hi_A071	34316263	0	1	30166	1	0	30000	other	0
SEE_11_64_FR	1196	Picture	+	34346428	0	1	59498	1	0	next	other	0
SEE_11_64_FR	1197	Sound	hi139b	34346429	0	1			0		other	0
SEE_11_64_FR	1198	Picture	500+	34405927	0	1	5166	1	0	5000	other	0
SEE_11_64_FR	1199	Picture	low_P047	34411093	0	1	30166	1	0	30000	other	0
SEE_11_64_FR	1200	Picture	+	34441425	0	1	20166	1	0	40660	other	0
SEE_11_64_FR	1201	Picture	low_F089	34461591	0	1	30166	1	0	30000	other	0
SEE_11_64_FR	1202	Picture	+	34491924	0	1	20166	1	0	43600	other	0
SEE_11_64_FR	1203	Picture	hi_O202	34512090	0	1	30166	1	0	30000	other	0
SEE_11_64_FR	1204	Picture	+	34542422	0	1	20166	1	0	next	other	0
