Scenario - 
Logfile written - 04/13/2016 08:54:04

Subject	Trial	Event Type	Code	Time	TTime	Uncertainty	Duration	Uncertainty	ReqTime	ReqDur	Stim Type	Pair Index

SEE_17_64_FR	1	Response	0	43719	43570	1
SEE_17_64_FR	4	Picture	+	83998	0	1	56165	1	0	next	other	0
SEE_17_64_FR	5	Sound	hi012a	83999	0	1			0		other	0
SEE_17_64_FR	6	Picture	500+	140163	0	1	5167	1	0	5000	other	0
SEE_17_64_FR	7	Picture	low_L154	145330	0	1	30166	1	0	30000	other	0
SEE_17_64_FR	8	Picture	+	175495	0	1	59498	1	0	next	other	0
SEE_17_64_FR	9	Sound	hi012b	175496	0	1			0		other	0
SEE_17_64_FR	10	Picture	500+	234994	0	1	5167	1	0	5000	other	0
SEE_17_64_FR	11	Picture	hi_A078	240160	0	1	30166	1	0	30000	other	0
SEE_17_64_FR	12	Picture	+	270493	0	1	20166	1	0	33620	other	0
SEE_17_64_FR	13	Picture	hi_A007	290659	0	1	30166	1	0	30000	other	0
SEE_17_64_FR	14	Picture	+	320992	0	1	20166	1	0	35780	other	0
SEE_17_64_FR	15	Picture	low_O099	341158	0	1	30166	1	0	30000	other	0
SEE_17_64_FR	16	Picture	+	371490	0	1	85831	1	0	next	other	0
SEE_17_64_FR	17	Sound	low281a	391491	0	1			0		other	0
SEE_17_64_FR	18	Picture	500+	457322	0	1	5167	1	0	5000	other	0
SEE_17_64_FR	19	Picture	low_A136	462488	0	1	30166	1	0	30000	other	0
SEE_17_64_FR	20	Picture	+	492654	0	1	64165	1	0	next	other	0
SEE_17_64_FR	21	Sound	low281b	492655	0	1			0		other	0
SEE_17_64_FR	22	Picture	500+	556819	0	1	5167	1	0	5000	other	0
SEE_17_64_FR	23	Picture	hi_F028	561986	0	1	30166	1	0	30000	other	0
SEE_17_64_FR	24	Picture	+	592318	0	1	20166	1	0	38270	other	0
SEE_17_64_FR	25	Picture	low_L117	612484	0	1	30166	1	0	30000	other	0
SEE_17_64_FR	26	Picture	+	642817	0	1	20166	1	0	34800	other	0
SEE_17_64_FR	27	Picture	hi_A077	662983	0	1	30166	1	0	30000	other	0
SEE_17_64_FR	28	Picture	+	693316	0	1	78998	1	0	next	other	0
SEE_17_64_FR	29	Sound	low283a	713317	0	1			0		other	0
SEE_17_64_FR	30	Picture	500+	772314	0	1	5167	1	0	5000	other	0
SEE_17_64_FR	31	Picture	low_L062	777647	0	1	30166	1	0	30000	other	0
SEE_17_64_FR	32	Picture	+	807980	0	1	65332	1	0	next	other	0
SEE_17_64_FR	33	Sound	low283b	807980	0	1			0		other	0
SEE_17_64_FR	34	Picture	500+	873311	0	1	5167	1	0	5000	other	0
SEE_17_64_FR	35	Picture	hi_A143	878644	0	1	30166	1	0	30000	other	0
SEE_17_64_FR	36	Picture	+	908977	0	1	20166	1	0	36180	other	0
SEE_17_64_FR	37	Picture	low_F343	929143	0	1	30166	1	0	30000	other	0
SEE_17_64_FR	38	Picture	+	959476	0	1	20166	1	0	42040	other	0
SEE_17_64_FR	39	Picture	hi_P123	979642	0	1	30166	1	0	30000	other	0
SEE_17_64_FR	40	Picture	+	1009974	0	1	82998	1	0	next	other	0
SEE_17_64_FR	41	Sound	hi249a	1029975	0	1			0		other	0
SEE_17_64_FR	42	Picture	500+	1092972	0	1	5167	1	0	5000	other	0
SEE_17_64_FR	43	Picture	hi_P038	1098306	0	1	30166	1	0	30000	other	0
SEE_17_64_FR	44	Picture	+	1128471	0	1	65165	1	0	next	other	0
SEE_17_64_FR	45	Sound	hi249b	1128472	0	1			0		other	0
SEE_17_64_FR	46	Picture	500+	1193636	0	1	5167	1	0	5000	other	0
SEE_17_64_FR	47	Picture	low_P149	1198970	0	1	30166	1	0	30000	other	0
SEE_17_64_FR	48	Picture	+	1229302	0	1	20166	1	0	44370	other	0
SEE_17_64_FR	49	Picture	low_P195	1249468	0	1	30166	1	0	30000	other	0
SEE_17_64_FR	50	Picture	+	1279801	0	1	20166	1	0	33260	other	0
SEE_17_64_FR	51	Picture	hi_P133	1299967	0	1	30166	1	0	30000	other	0
SEE_17_64_FR	52	Picture	+	1330300	0	1	75498	1	0	next	other	0
SEE_17_64_FR	53	Sound	low273a	1350301	0	1			0		other	0
SEE_17_64_FR	54	Picture	500+	1405798	0	1	5167	1	0	5000	other	0
SEE_17_64_FR	55	Picture	hi_O148	1410964	0	1	30166	1	0	30000	other	0
SEE_17_64_FR	56	Picture	+	1441130	0	1	62165	1	0	next	other	0
SEE_17_64_FR	57	Sound	low273b	1441131	0	1			0		other	0
SEE_17_64_FR	58	Picture	500+	1503295	0	1	5167	1	0	5000	other	0
SEE_17_64_FR	59	Picture	low_A104	1508462	0	1	30166	1	0	30000	other	0
SEE_17_64_FR	60	Picture	+	1538794	0	1	20166	1	0	43640	other	0
SEE_17_64_FR	61	Picture	low_L127	1558961	0	1	30166	1	0	30000	other	0
SEE_17_64_FR	62	Picture	+	1589293	0	1	20166	1	0	40370	other	0
SEE_17_64_FR	63	Picture	hi_P143	1609459	0	1	30166	1	0	30000	other	0
SEE_17_64_FR	64	Picture	+	1639792	0	1	81831	1	0	next	other	0
SEE_17_64_FR	65	Sound	low038a	1659793	0	1			0		other	0
SEE_17_64_FR	66	Picture	500+	1721623	0	1	5167	1	0	5000	other	0
SEE_17_64_FR	67	Picture	low_A152	1726790	0	1	30166	1	0	30000	other	0
SEE_17_64_FR	68	Picture	+	1756956	0	1	62332	1	0	next	other	0
SEE_17_64_FR	69	Sound	low038b	1756956	0	1			0		other	0
SEE_17_64_FR	70	Picture	500+	1819287	0	1	5167	1	0	5000	other	0
SEE_17_64_FR	71	Picture	hi_P006	1824454	0	1	30166	1	0	30000	other	0
SEE_17_64_FR	72	Picture	+	1854786	0	1	20166	1	0	37870	other	0
SEE_17_64_FR	73	Picture	hi_F003	1874953	0	1	30166	1	0	30000	other	0
SEE_17_64_FR	74	Picture	+	1905285	0	1	20166	1	0	32060	other	0
SEE_17_64_FR	75	Picture	low_P153	1925451	0	1	30166	1	0	30000	other	0
SEE_17_64_FR	76	Picture	+	1955784	0	1	83165	1	0	next	other	0
SEE_17_64_FR	77	Sound	low197a	1975785	0	1			0		other	0
SEE_17_64_FR	78	Picture	500+	2038949	0	1	5167	1	0	5000	other	0
SEE_17_64_FR	79	Picture	low_A219	2044115	0	1	30166	1	0	30000	other	0
SEE_17_64_FR	80	Picture	+	2074281	0	1	61498	1	0	next	other	0
SEE_17_64_FR	81	Sound	low197b	2074282	0	1			0		other	0
SEE_17_64_FR	82	Picture	500+	2135779	0	1	5167	1	0	5000	other	0
SEE_17_64_FR	83	Picture	hi_F018	2140946	0	1	30166	1	0	30000	other	0
SEE_17_64_FR	84	Picture	+	2171279	0	1	20166	1	0	42240	other	0
SEE_17_64_FR	85	Picture	low_L098	2191445	0	1	30166	1	0	30000	other	0
SEE_17_64_FR	86	Picture	+	2221777	0	1	20166	1	0	37760	other	0
SEE_17_64_FR	87	Picture	hi_F284	2241943	0	1	30166	1	0	30000	other	0
SEE_17_64_FR	88	Picture	+	2272276	0	1	77998	1	0	next	other	0
SEE_17_64_FR	89	Sound	low149a	2292277	0	1			0		other	0
SEE_17_64_FR	90	Picture	500+	2350274	0	1	5167	1	0	5000	other	0
SEE_17_64_FR	91	Picture	hi_F009	2355441	0	1	30166	1	0	30000	other	0
SEE_17_64_FR	92	Picture	+	2385606	0	1	58332	1	0	next	other	0
SEE_17_64_FR	93	Sound	low149b	2385607	0	2			0		other	0
SEE_17_64_FR	94	Picture	500+	2443938	0	1	5167	1	0	5000	other	0
SEE_17_64_FR	95	Picture	low_P103	2449105	0	1	30166	1	0	30000	other	0
SEE_17_64_FR	96	Picture	+	2479437	0	1	20166	1	0	40520	other	0
SEE_17_64_FR	97	Picture	hi_F010	2499604	0	1	30166	1	0	30000	other	0
SEE_17_64_FR	98	Picture	+	2529936	0	1	20166	1	0	33220	other	0
SEE_17_64_FR	99	Picture	low_F125	2550102	0	1	30166	1	0	30000	other	0
SEE_17_64_FR	100	Picture	+	2580435	0	1	83831	1	0	next	other	0
SEE_17_64_FR	101	Sound	hi245a	2600436	0	1			0		other	0
SEE_17_64_FR	102	Picture	500+	2664266	0	1	5167	1	0	5000	other	0
SEE_17_64_FR	103	Picture	low_P179	2669433	0	1	30166	1	0	30000	other	0
SEE_17_64_FR	104	Picture	+	2699599	0	1	65332	1	0	next	other	0
SEE_17_64_FR	105	Sound	hi245b	2699599	0	1			0		other	0
SEE_17_64_FR	106	Picture	500+	2764930	0	1	5167	1	0	5000	other	0
SEE_17_64_FR	107	Picture	hi_F291	2770097	0	1	30166	1	0	30000	other	0
SEE_17_64_FR	108	Picture	+	2800429	0	1	20166	1	0	39010	other	0
SEE_17_64_FR	109	Picture	hi_A054	2820596	0	1	30166	1	0	30000	other	0
SEE_17_64_FR	110	Picture	+	2850928	0	1	20166	1	0	43910	other	0
SEE_17_64_FR	111	Picture	low_P250	2871094	0	1	30166	1	0	30000	other	0
SEE_17_64_FR	112	Picture	+	2901427	0	1	81665	1	0	next	other	0
SEE_17_64_FR	113	Sound	hi011a	2921428	0	1			0		other	0
SEE_17_64_FR	114	Picture	500+	2983092	0	1	5167	1	0	5000	other	0
SEE_17_64_FR	115	Picture	hi_P175	2988258	0	1	30166	1	0	30000	other	0
SEE_17_64_FR	116	Picture	+	3018424	0	1	58832	1	0	next	other	0
SEE_17_64_FR	117	Sound	hi011b	3018425	0	1			0		other	0
SEE_17_64_FR	118	Picture	500+	3077256	0	1	5166	1	0	5000	other	0
SEE_17_64_FR	119	Picture	low_A214	3082422	0	1	30166	1	0	30000	other	0
SEE_17_64_FR	120	Picture	+	3112755	0	1	20166	1	0	32560	other	0
SEE_17_64_FR	121	Picture	low_A158	3132921	0	1	30166	1	0	30000	other	0
SEE_17_64_FR	122	Picture	+	3163254	0	1	20166	1	0	44140	other	0
SEE_17_64_FR	123	Picture	hi_F032	3183420	0	1	30166	1	0	30000	other	0
SEE_17_64_FR	124	Picture	+	3213752	0	1	85831	1	0	next	other	0
SEE_17_64_FR	125	Sound	low048a	3233753	0	1			0		other	0
SEE_17_64_FR	126	Picture	500+	3299584	0	1	5167	1	0	5000	other	0
SEE_17_64_FR	127	Picture	hi_F366	3304750	0	1	30166	1	0	30000	other	0
SEE_17_64_FR	128	Picture	+	3334916	0	1	59665	1	0	next	other	0
SEE_17_64_FR	129	Sound	low048b	3334917	0	1			0		other	0
SEE_17_64_FR	130	Picture	500+	3394581	0	1	5167	1	0	5000	other	0
SEE_17_64_FR	131	Picture	low_F129	3399748	0	1	30166	1	0	30000	other	0
SEE_17_64_FR	132	Picture	+	3430080	0	1	20166	1	0	43850	other	0
SEE_17_64_FR	133	Picture	hi_P021	3450246	0	1	30166	1	0	30000	other	0
SEE_17_64_FR	134	Picture	+	3480579	0	1	20166	1	0	42900	other	0
SEE_17_64_FR	135	Picture	low_F244	3500745	0	1	30166	1	0	30000	other	0
SEE_17_64_FR	136	Picture	+	3531078	0	1	80331	1	0	next	other	0
SEE_17_64_FR	137	Sound	low034a	3551078	0	1			0		other	0
SEE_17_64_FR	138	Picture	500+	3611409	0	1	5167	1	0	5000	other	0
SEE_17_64_FR	139	Picture	low_O219	3616576	0	1	30166	1	0	30000	other	0
SEE_17_64_FR	140	Picture	+	3646908	0	1	62498	1	0	next	other	0
SEE_17_64_FR	141	Sound	low034b	3646909	0	1			0		other	0
SEE_17_64_FR	142	Picture	500+	3709407	0	1	5167	1	0	5000	other	0
SEE_17_64_FR	143	Picture	hi_P098	3714573	0	1	30166	1	0	30000	other	0
SEE_17_64_FR	144	Picture	+	3744906	0	1	20166	1	0	40350	other	0
SEE_17_64_FR	145	Picture	low_L173	3765072	0	1	30166	1	0	30000	other	0
SEE_17_64_FR	146	Picture	+	3795404	0	1	20166	1	0	34340	other	0
SEE_17_64_FR	147	Picture	hi_A027	3815571	0	1	30166	1	0	30000	other	0
SEE_17_64_FR	148	Picture	+	3845903	0	1	83831	1	0	next	other	0
SEE_17_64_FR	149	Sound	low037a	3865904	0	1			0		other	0
SEE_17_64_FR	150	Picture	500+	3929734	0	1	5167	1	0	5000	other	0
SEE_17_64_FR	151	Picture	low_F111	3934901	0	1	30166	1	0	30000	other	0
SEE_17_64_FR	152	Picture	+	3965067	0	1	67165	1	0	next	other	0
SEE_17_64_FR	153	Sound	low037b	3965067	0	1			0		other	0
SEE_17_64_FR	154	Picture	500+	4032232	0	1	5167	1	0	5000	other	0
SEE_17_64_FR	155	Picture	hi_P217	4037565	0	1	30166	1	0	30000	other	0
SEE_17_64_FR	156	Picture	+	4067898	0	1	20166	1	0	35130	other	0
SEE_17_64_FR	157	Picture	low_L178	4088064	0	1	30166	1	0	30000	other	0
SEE_17_64_FR	158	Picture	+	4118396	0	1	20166	1	0	33890	other	0
SEE_17_64_FR	159	Picture	hi_A019	4138563	0	1	30166	1	0	30000	other	0
SEE_17_64_FR	160	Picture	+	4168895	0	1	77331	1	0	next	other	0
SEE_17_64_FR	161	Sound	low087a	4188896	0	1			0		other	0
SEE_17_64_FR	162	Picture	500+	4246226	0	1	5167	1	0	5000	other	0
SEE_17_64_FR	163	Picture	hi_A012	4251560	0	1	30166	1	0	30000	other	0
SEE_17_64_FR	164	Picture	+	4281892	0	1	63498	1	0	next	other	0
SEE_17_64_FR	165	Sound	low087b	4281893	0	1			0		other	0
SEE_17_64_FR	166	Picture	500+	4345391	0	1	5166	1	0	5000	other	0
SEE_17_64_FR	167	Picture	low_L121	4350557	0	1	30166	1	0	30000	other	0
SEE_17_64_FR	168	Picture	+	4380890	0	1	20166	1	0	36500	other	0
SEE_17_64_FR	169	Picture	low_L168	4401056	0	1	30166	1	0	30000	other	0
SEE_17_64_FR	170	Picture	+	4431389	0	1	20166	1	0	30870	other	0
SEE_17_64_FR	171	Picture	hi_P016	4451555	0	1	30166	1	0	30000	other	0
SEE_17_64_FR	172	Picture	+	4481887	0	1	85998	1	0	next	other	0
SEE_17_64_FR	173	Sound	hi326a	4501888	0	1			0		other	0
SEE_17_64_FR	174	Picture	500+	4567885	0	1	5167	1	0	5000	other	0
SEE_17_64_FR	175	Picture	hi_P058	4573052	0	1	30166	1	0	30000	other	0
SEE_17_64_FR	176	Picture	+	4603218	0	1	64665	1	0	next	other	0
SEE_17_64_FR	177	Sound	hi326b	4603218	0	1			0		other	0
SEE_17_64_FR	178	Picture	500+	4667883	0	1	5167	1	0	5000	other	0
SEE_17_64_FR	179	Picture	low_F138	4673216	0	1	30166	1	0	30000	other	0
SEE_17_64_FR	180	Picture	+	4703548	0	1	20166	1	0	35390	other	0
SEE_17_64_FR	181	Picture	hi_F272	4723715	0	1	30166	1	0	30000	other	0
SEE_17_64_FR	182	Picture	+	4754047	0	1	20166	1	0	34410	other	0
SEE_17_64_FR	183	Picture	low_A113	4774213	0	1	30166	1	0	30000	other	0
SEE_17_64_FR	184	Picture	+	4804546	0	1	83165	1	0	next	other	0
SEE_17_64_FR	185	Sound	low351a	4824547	0	1			0		other	0
SEE_17_64_FR	186	Picture	500+	4887710	0	1	5167	1	0	5000	other	0
SEE_17_64_FR	187	Picture	low_A132	4893044	0	1	30166	1	0	30000	other	0
SEE_17_64_FR	188	Picture	+	4923210	0	1	69665	1	0	next	other	0
SEE_17_64_FR	189	Sound	low351b	4923210	0	1			0		other	0
SEE_17_64_FR	190	Picture	500+	4992874	0	1	5167	1	0	5000	other	0
SEE_17_64_FR	191	Picture	hi_P144	4998041	0	1	30166	1	0	30000	other	0
SEE_17_64_FR	192	Picture	+	5028373	0	1	20166	1	0	39970	other	0
SEE_17_64_FR	193	Picture	low_L143	5048540	0	1	30166	1	0	30000	other	0
SEE_17_64_FR	194	Picture	+	5078872	0	1	20166	1	0	33940	other	0
SEE_17_64_FR	195	Picture	hi_P033	5099038	0	1	30166	1	0	30000	other	0
SEE_17_64_FR	196	Picture	+	5129371	0	1	83498	1	0	next	other	0
SEE_17_64_FR	197	Sound	low279a	5149372	0	1			0		other	0
SEE_17_64_FR	198	Picture	500+	5212869	0	1	5167	1	0	5000	other	0
SEE_17_64_FR	199	Picture	hi_P040	5218202	0	1	30166	1	0	30000	other	0
SEE_17_64_FR	200	Picture	+	5248368	0	1	68665	1	0	next	other	0
SEE_17_64_FR	201	Sound	low279b	5248369	0	1			0		other	0
SEE_17_64_FR	202	Picture	500+	5317033	0	1	5167	1	0	5000	other	0
SEE_17_64_FR	203	Picture	low_A157	5322200	0	1	30166	1	0	30000	other	0
SEE_17_64_FR	204	Picture	+	5352532	0	1	20166	1	0	35370	other	0
SEE_17_64_FR	205	Picture	hi_O126	5372698	0	1	30166	1	0	30000	other	0
SEE_17_64_FR	206	Picture	+	5403031	0	1	20166	1	0	35110	other	0
SEE_17_64_FR	207	Picture	low_F052	5423197	0	1	30166	1	0	30000	other	0
SEE_17_64_FR	208	Picture	+	5453530	0	1	81998	1	0	next	other	0
SEE_17_64_FR	209	Sound	low345a	5473530	0	1			0		other	0
SEE_17_64_FR	210	Picture	500+	5535527	0	1	5167	1	0	5000	other	0
SEE_17_64_FR	211	Picture	low_L090	5540694	0	1	30166	1	0	30000	other	0
SEE_17_64_FR	212	Picture	+	5570860	0	1	59832	1	0	next	other	0
SEE_17_64_FR	213	Sound	low345b	5570860	0	1			0		other	0
SEE_17_64_FR	214	Picture	500+	5630692	0	1	5167	1	0	5000	other	0
SEE_17_64_FR	215	Picture	hi_P124	5636025	0	1	30166	1	0	30000	other	0
SEE_17_64_FR	216	Picture	+	5666358	0	1	20166	1	0	30140	other	0
SEE_17_64_FR	217	Picture	hi_F021	5686524	0	1	30166	1	0	30000	other	0
SEE_17_64_FR	218	Picture	+	5716856	0	1	20166	1	0	41800	other	0
SEE_17_64_FR	219	Picture	low_P054	5737022	0	1	30166	1	0	30000	other	0
SEE_17_64_FR	220	Picture	+	5767355	0	1	75831	1	0	next	other	0
SEE_17_64_FR	221	Sound	hi319a	5787356	0	1			0		other	0
SEE_17_64_FR	222	Picture	500+	5843186	0	1	5167	1	0	5000	other	0
SEE_17_64_FR	223	Picture	hi_P084	5848353	0	1	30166	1	0	30000	other	0
SEE_17_64_FR	224	Picture	+	5878519	0	1	63165	1	0	next	other	0
SEE_17_64_FR	225	Sound	hi319b	5878520	0	1			0		other	0
SEE_17_64_FR	226	Picture	500+	5941684	0	1	5167	1	0	5000	other	0
SEE_17_64_FR	227	Picture	low_O220	5946851	0	1	30166	1	0	30000	other	0
SEE_17_64_FR	228	Picture	+	5977183	0	1	20166	1	0	42580	other	0
SEE_17_64_FR	229	Picture	low_L100	5997349	0	1	30166	1	0	30000	other	0
SEE_17_64_FR	230	Picture	+	6027682	0	1	20166	1	0	34690	other	0
SEE_17_64_FR	231	Picture	hi_P214	6047848	0	1	30166	1	0	30000	other	0
SEE_17_64_FR	232	Picture	+	6078181	0	1	78831	1	0	next	other	0
SEE_17_64_FR	233	Sound	hi217a	6098181	0	1			0		other	0
SEE_17_64_FR	234	Picture	500+	6157012	0	1	5167	1	0	5000	other	0
SEE_17_64_FR	235	Picture	low_L151	6162345	0	1	30166	1	0	30000	other	0
SEE_17_64_FR	236	Picture	+	6192511	0	1	62665	1	0	next	other	0
SEE_17_64_FR	237	Sound	hi217b	6192512	0	1			0		other	0
SEE_17_64_FR	238	Picture	500+	6255176	0	1	5167	1	0	5000	other	0
SEE_17_64_FR	239	Picture	hi_P231	6260343	0	1	30166	1	0	30000	other	0
SEE_17_64_FR	240	Picture	+	6290675	0	1	20166	1	0	32680	other	0
SEE_17_64_FR	241	Picture	hi_F368	6310841	0	1	30166	1	0	30000	other	0
SEE_17_64_FR	242	Picture	+	6341174	0	1	20166	1	0	30790	other	0
SEE_17_64_FR	243	Picture	low_P046	6361340	0	1	30166	1	0	30000	other	0
SEE_17_64_FR	244	Picture	+	6391673	0	1	84498	1	0	next	other	0
SEE_17_64_FR	245	Sound	hi154a	6411674	0	1			0		other	0
SEE_17_64_FR	246	Picture	500+	6476171	0	1	5167	1	0	5000	other	0
SEE_17_64_FR	247	Picture	hi_F163	6481337	0	1	30166	1	0	30000	other	0
SEE_17_64_FR	248	Picture	+	6511670	0	1	65332	1	0	next	other	0
SEE_17_64_FR	249	Sound	hi154b	6511670	0	1			0		other	0
SEE_17_64_FR	250	Picture	500+	6577001	0	1	5167	1	0	5000	other	0
SEE_17_64_FR	251	Picture	low_L133	6582168	0	1	30166	1	0	30000	other	0
SEE_17_64_FR	252	Picture	+	6612500	0	1	20166	1	0	39770	other	0
SEE_17_64_FR	253	Picture	hi_P008	6632667	0	1	30166	1	0	30000	other	0
SEE_17_64_FR	254	Picture	+	6662999	0	1	20166	1	0	35410	other	0
SEE_17_64_FR	255	Picture	low_O214	6683165	0	1	30166	1	0	30000	other	0
SEE_17_64_FR	256	Picture	+	6713498	0	1	89664	1	0	next	other	0
SEE_17_64_FR	257	Sound	low280a	6733499	0	1			0		other	0
SEE_17_64_FR	258	Picture	500+	6803162	0	1	5167	1	0	5000	other	0
SEE_17_64_FR	259	Picture	low_A192	6808329	0	1	30166	1	0	30000	other	0
SEE_17_64_FR	260	Picture	+	6838495	0	1	69998	1	0	next	other	0
SEE_17_64_FR	261	Sound	low280b	6838495	0	1			0		other	0
SEE_17_64_FR	262	Picture	500+	6908493	0	1	5167	1	0	5000	other	0
SEE_17_64_FR	263	Picture	hi_A060	6913660	0	1	30166	1	0	30000	other	0
SEE_17_64_FR	264	Picture	+	6943992	0	1	20166	1	0	39650	other	0
SEE_17_64_FR	265	Picture	hi_F146	6964158	0	1	30166	1	0	30000	other	0
SEE_17_64_FR	266	Picture	+	6994491	0	1	20166	1	0	43820	other	0
SEE_17_64_FR	267	Picture	low_L153	7014657	0	1	30166	1	0	30000	other	0
SEE_17_64_FR	268	Picture	+	7044990	0	1	77331	1	0	next	other	0
SEE_17_64_FR	269	Sound	low024a	7064990	0	1			0		other	0
SEE_17_64_FR	270	Picture	500+	7122321	0	1	5167	1	0	5000	other	0
SEE_17_64_FR	271	Picture	low_L018	7127654	0	1	30166	1	0	30000	other	0
SEE_17_64_FR	272	Picture	+	7157987	0	1	65332	1	0	next	other	0
SEE_17_64_FR	273	Sound	low024b	7157987	0	1			0		other	0
SEE_17_64_FR	274	Picture	500+	7223319	0	1	5167	1	0	5000	other	0
SEE_17_64_FR	275	Picture	hi_F298	7228652	0	1	30166	1	0	30000	other	0
SEE_17_64_FR	276	Picture	+	7258984	0	1	20166	1	0	39850	other	0
SEE_17_64_FR	277	Picture	hi_O007	7279150	0	1	30166	1	0	30000	other	0
SEE_17_64_FR	278	Picture	+	7309483	0	1	20166	1	0	41390	other	0
SEE_17_64_FR	279	Picture	low_L174	7329649	0	1	30166	1	0	30000	other	0
SEE_17_64_FR	280	Picture	+	7359982	0	1	84498	1	0	next	other	0
SEE_17_64_FR	281	Sound	hi001a	7379983	0	1			0		other	0
SEE_17_64_FR	282	Picture	500+	7444480	0	1	5167	1	0	5000	other	0
SEE_17_64_FR	283	Picture	low_F333	7449646	0	1	30166	1	0	30000	other	0
SEE_17_64_FR	284	Picture	+	7479812	0	1	57832	1	0	next	other	0
SEE_17_64_FR	285	Sound	hi001b	7479813	0	2			0		other	0
SEE_17_64_FR	286	Picture	500+	7537644	0	1	5167	1	0	5000	other	0
SEE_17_64_FR	287	Picture	hi_A020	7542811	0	1	30166	1	0	30000	other	0
SEE_17_64_FR	288	Picture	+	7573143	0	1	20166	1	0	39260	other	0
SEE_17_64_FR	289	Picture	low_L021	7593309	0	1	30166	1	0	30000	other	0
SEE_17_64_FR	290	Picture	+	7623642	0	1	20166	1	0	31240	other	0
SEE_17_64_FR	291	Picture	hi_P020	7643808	0	1	30166	1	0	30000	other	0
SEE_17_64_FR	292	Picture	+	7674141	0	1	79831	1	0	next	other	0
SEE_17_64_FR	293	Sound	hi123a	7694142	0	1			0		other	0
SEE_17_64_FR	294	Picture	500+	7753972	0	1	5166	1	0	5000	other	0
SEE_17_64_FR	295	Picture	hi_A221	7759305	0	1	30166	1	0	30000	other	0
SEE_17_64_FR	296	Picture	+	7789471	0	1	60332	1	0	next	other	0
SEE_17_64_FR	297	Sound	hi123b	7789472	0	1			0		other	0
SEE_17_64_FR	298	Picture	500+	7849803	0	1	5167	1	0	5000	other	0
SEE_17_64_FR	299	Picture	low_L162	7854969	0	1	30166	1	0	30000	other	0
SEE_17_64_FR	300	Picture	+	7885302	0	1	20166	1	0	44660	other	0
SEE_17_64_FR	301	Picture	hi_A075	7905468	0	1	30166	1	0	30000	other	0
SEE_17_64_FR	302	Picture	+	7935801	0	1	20166	1	0	36630	other	0
SEE_17_64_FR	303	Picture	low_P168	7955967	0	1	30166	1	0	30000	other	0
SEE_17_64_FR	304	Picture	+	7986299	0	1	81165	1	0	next	other	0
SEE_17_64_FR	305	Sound	hi202a	8006300	0	1			0		other	0
SEE_17_64_FR	306	Picture	500+	8067464	0	1	5167	1	0	5000	other	0
SEE_17_64_FR	307	Picture	hi_L139	8072631	0	1	30166	1	0	30000	other	0
SEE_17_64_FR	308	Picture	+	8102963	0	1	67832	1	0	next	other	0
SEE_17_64_FR	309	Sound	hi202b	8102964	0	1			0		other	0
SEE_17_64_FR	310	Picture	500+	8170795	0	1	5167	1	0	5000	other	0
SEE_17_64_FR	311	Picture	low_P138	8175961	0	1	30166	1	0	30000	other	0
SEE_17_64_FR	312	Picture	+	8206294	0	1	20166	1	0	31060	other	0
SEE_17_64_FR	313	Picture	low_F324	8226460	0	1	30166	1	0	30000	other	0
SEE_17_64_FR	314	Picture	+	8256793	0	1	20166	1	0	39790	other	0
SEE_17_64_FR	315	Picture	hi_P022	8276959	0	1	30166	1	0	30000	other	0
SEE_17_64_FR	316	Picture	+	8307291	0	1	87331	1	0	next	other	0
SEE_17_64_FR	317	Sound	low089a	8327292	0	1			0		other	0
SEE_17_64_FR	318	Picture	500+	8394623	0	1	5166	2	0	5000	other	0
SEE_17_64_FR	319	Picture	hi_P017	8399788	0	2	30167	2	0	30000	other	0
SEE_17_64_FR	320	Picture	+	8429955	0	1	58998	1	0	next	other	0
SEE_17_64_FR	321	Sound	low089b	8429956	0	1			0		other	0
SEE_17_64_FR	322	Picture	500+	8488953	0	1	5167	1	0	5000	other	0
SEE_17_64_FR	323	Picture	low_L130	8494120	0	1	30166	1	0	30000	other	0
SEE_17_64_FR	324	Picture	+	8524453	0	1	20166	1	0	36910	other	0
SEE_17_64_FR	325	Picture	low_A160	8544619	0	1	30166	1	0	30000	other	0
SEE_17_64_FR	326	Picture	+	8574951	0	1	20166	1	0	31630	other	0
SEE_17_64_FR	327	Picture	hi_P071	8595118	0	1	30166	1	0	30000	other	0
SEE_17_64_FR	328	Picture	+	8625450	0	1	89331	1	0	next	other	0
SEE_17_64_FR	329	Sound	hi010a	8645451	0	1			0		other	0
SEE_17_64_FR	330	Picture	500+	8714781	0	1	5167	1	0	5000	other	0
SEE_17_64_FR	331	Picture	hi_A063	8719948	0	1	30166	1	0	30000	other	0
SEE_17_64_FR	332	Picture	+	8750114	0	1	68498	1	0	next	other	0
SEE_17_64_FR	333	Sound	hi010b	8750114	0	1			0		other	0
SEE_17_64_FR	334	Picture	500+	8818612	0	1	5167	1	0	5000	other	0
SEE_17_64_FR	335	Picture	low_F124	8823778	0	1	30166	1	0	30000	other	0
SEE_17_64_FR	336	Picture	+	8854111	0	1	20166	1	0	40960	other	0
SEE_17_64_FR	337	Picture	hi_O125	8874277	0	1	30166	1	0	30000	other	0
SEE_17_64_FR	338	Picture	+	8904610	0	1	20166	1	0	32460	other	0
SEE_17_64_FR	339	Picture	low_L184	8924776	0	1	30166	1	0	30000	other	0
SEE_17_64_FR	340	Picture	+	8955109	0	1	88831	1	0	next	other	0
SEE_17_64_FR	341	Sound	low341a	8975109	0	2			0		other	0
SEE_17_64_FR	342	Picture	500+	9043940	0	1	5167	1	0	5000	other	0
SEE_17_64_FR	343	Picture	low_P107	9049106	0	1	30166	1	0	30000	other	0
SEE_17_64_FR	344	Picture	+	9079272	0	1	69498	1	0	next	other	0
SEE_17_64_FR	345	Sound	low341b	9079273	0	1			0		other	0
SEE_17_64_FR	346	Picture	500+	9148770	0	1	5167	1	0	5000	other	0
SEE_17_64_FR	347	Picture	hi_A068	9154104	0	1	30166	1	0	30000	other	0
SEE_17_64_FR	348	Picture	+	9184436	0	1	20166	1	0	41830	other	0
SEE_17_64_FR	349	Picture	hi_A074	9204602	0	1	30166	1	0	30000	other	0
SEE_17_64_FR	350	Picture	+	9234935	0	1	20166	1	0	41790	other	0
SEE_17_64_FR	351	Picture	low_L075	9255101	0	1	30166	1	0	30000	other	0
SEE_17_64_FR	352	Picture	+	9285434	0	1	80998	1	0	next	other	0
SEE_17_64_FR	353	Sound	hi127a	9305434	0	1			0		other	0
SEE_17_64_FR	354	Picture	500+	9366432	0	1	5167	1	0	5000	other	0
SEE_17_64_FR	355	Picture	low_A108	9371598	0	1	30166	1	0	30000	other	0
SEE_17_64_FR	356	Picture	+	9401764	0	1	68832	1	0	next	other	0
SEE_17_64_FR	357	Sound	hi127b	9401765	0	1			0		other	0
SEE_17_64_FR	358	Picture	500+	9470596	0	1	5167	1	0	5000	other	0
SEE_17_64_FR	359	Picture	hi_P028	9475762	0	1	30166	1	0	30000	other	0
SEE_17_64_FR	360	Picture	+	9506095	0	1	20166	1	0	30560	other	0
SEE_17_64_FR	361	Picture	low_A128	9526261	0	1	30166	1	0	30000	other	0
SEE_17_64_FR	362	Picture	+	9556593	0	1	20166	1	0	41320	other	0
SEE_17_64_FR	363	Picture	hi_P018	9576760	0	1	30166	1	0	30000	other	0
SEE_17_64_FR	364	Picture	+	9607092	0	1	83998	1	0	next	other	0
SEE_17_64_FR	365	Sound	hi301a	9627093	0	1			0		other	0
SEE_17_64_FR	366	Picture	500+	9691090	0	1	5167	1	0	5000	other	0
SEE_17_64_FR	367	Picture	low_F203	9696257	0	1	30166	1	0	30000	other	0
SEE_17_64_FR	368	Picture	+	9726423	0	1	65165	1	0	next	other	0
SEE_17_64_FR	369	Sound	hi301b	9726423	0	1			0		other	0
SEE_17_64_FR	370	Picture	500+	9791588	0	1	5167	1	0	5000	other	0
SEE_17_64_FR	371	Picture	hi_P202	9796921	0	1	30166	1	0	30000	other	0
SEE_17_64_FR	372	Picture	+	9827253	0	1	20166	1	0	33260	other	0
SEE_17_64_FR	373	Picture	low_L123	9847420	0	1	30166	1	0	30000	other	0
SEE_17_64_FR	374	Picture	+	9877752	0	1	20166	1	0	35390	other	0
SEE_17_64_FR	375	Picture	hi_L005	9897918	0	1	30166	1	0	30000	other	0
SEE_17_64_FR	376	Picture	+	9928251	0	1	83665	1	0	next	other	0
SEE_17_64_FR	377	Sound	hi206a	9948252	0	1			0		other	0
SEE_17_64_FR	378	Picture	500+	10011915	0	1	5167	1	0	5000	other	0
SEE_17_64_FR	379	Picture	low_A161	10017082	0	1	30166	1	0	30000	other	0
SEE_17_64_FR	380	Picture	+	10047415	0	1	55332	1	0	next	other	0
SEE_17_64_FR	381	Sound	hi206b	10047415	0	1			0		other	0
SEE_17_64_FR	382	Picture	500+	10102746	0	1	5167	1	0	5000	other	0
SEE_17_64_FR	383	Picture	hi_P125	10108080	0	1	30166	1	0	30000	other	0
SEE_17_64_FR	384	Picture	+	10138412	0	1	20166	1	0	37460	other	0
SEE_17_64_FR	385	Picture	low_L038	10158578	0	1	30166	1	0	30000	other	0
SEE_17_64_FR	386	Picture	+	10188911	0	1	20166	1	0	33850	other	0
SEE_17_64_FR	387	Picture	hi_P226	10209077	0	1	30166	1	0	30000	other	0
SEE_17_64_FR	388	Picture	+	10239410	0	1	86665	1	0	next	other	0
SEE_17_64_FR	389	Sound	low344a	10259411	0	1			0		other	0
SEE_17_64_FR	390	Picture	500+	10326074	0	1	5167	1	0	5000	other	0
SEE_17_64_FR	391	Picture	low_L064	10331241	0	1	30166	1	0	30000	other	0
SEE_17_64_FR	392	Picture	+	10361407	0	1	66998	1	0	next	other	0
SEE_17_64_FR	393	Sound	low344b	10361407	0	1			0		other	0
SEE_17_64_FR	394	Picture	500+	10428405	0	1	5167	1	0	5000	other	0
SEE_17_64_FR	395	Picture	hi_F025	10433572	0	1	30166	1	0	30000	other	0
SEE_17_64_FR	396	Picture	+	10463904	0	1	20166	1	0	42570	other	0
SEE_17_64_FR	397	Picture	hi_L022	10484070	0	1	30166	1	0	30000	other	0
SEE_17_64_FR	398	Picture	+	10514403	0	1	20166	1	0	30310	other	0
SEE_17_64_FR	399	Picture	low_F056	10534569	0	1	30166	1	0	30000	other	0
SEE_17_64_FR	400	Picture	+	10564902	0	1	84998	1	0	next	other	0
SEE_17_64_FR	401	Sound	low036a	10584902	0	1			0		other	0
SEE_17_64_FR	402	Picture	500+	10649899	0	1	5167	1	0	5000	other	0
SEE_17_64_FR	403	Picture	low_P112	10655233	0	1	30166	1	0	30000	other	0
SEE_17_64_FR	404	Picture	+	10685399	0	1	60499	1	0	next	other	0
SEE_17_64_FR	405	Sound	low036b	10685399	0	1			0		other	0
SEE_17_64_FR	406	Picture	500+	10745897	0	1	5167	1	0	5000	other	0
SEE_17_64_FR	407	Picture	hi_A037	10751064	0	1	30166	1	0	30000	other	0
SEE_17_64_FR	408	Picture	+	10781396	0	1	20166	1	0	41130	other	0
SEE_17_64_FR	409	Picture	hi_F164	10801562	0	1	30166	1	0	30000	other	0
SEE_17_64_FR	410	Picture	+	10831895	0	1	20166	1	0	30930	other	0
SEE_17_64_FR	411	Picture	low_F066	10852061	0	1	30166	1	0	30000	other	0
SEE_17_64_FR	412	Picture	+	10882394	0	1	88831	1	0	next	other	0
SEE_17_64_FR	413	Sound	low071a	10902394	0	1			0		other	0
SEE_17_64_FR	414	Picture	500+	10971225	0	1	5167	1	0	5000	other	0
SEE_17_64_FR	415	Picture	low_L050	10976558	0	1	30166	1	0	30000	other	0
SEE_17_64_FR	416	Picture	+	11006724	0	1	62498	1	0	next	other	0
SEE_17_64_FR	417	Sound	low071b	11006725	0	1			0		other	0
SEE_17_64_FR	418	Picture	500+	11069222	0	1	5167	1	0	5000	other	0
SEE_17_64_FR	419	Picture	hi_L177	11074556	0	1	30166	1	0	30000	other	0
SEE_17_64_FR	420	Picture	+	11104888	0	1	20166	1	0	40190	other	0
SEE_17_64_FR	421	Picture	low_A201	11125054	0	1	30166	1	0	30000	other	0
SEE_17_64_FR	422	Picture	+	11155387	0	1	20166	1	0	36820	other	0
SEE_17_64_FR	423	Picture	hi_F172	11175553	0	1	30166	1	0	30000	other	0
SEE_17_64_FR	424	Picture	+	11205886	0	1	81165	1	0	next	other	0
SEE_17_64_FR	425	Sound	hi169a	11225886	0	1			0		other	0
SEE_17_64_FR	426	Picture	500+	11287050	0	1	5167	1	0	5000	other	0
SEE_17_64_FR	427	Picture	low_L165	11292217	0	1	30166	1	0	30000	other	0
SEE_17_64_FR	428	Picture	+	11322383	0	1	59165	1	0	next	other	0
SEE_17_64_FR	429	Sound	hi169b	11322383	0	1			0		other	0
SEE_17_64_FR	430	Picture	500+	11381548	0	1	5167	1	0	5000	other	0
SEE_17_64_FR	431	Picture	hi_O300	11386881	0	1	30166	1	0	30000	other	0
SEE_17_64_FR	432	Picture	+	11417214	0	1	20166	1	0	32770	other	0
SEE_17_64_FR	433	Picture	low_L072	11437380	0	1	30166	1	0	30000	other	0
SEE_17_64_FR	434	Picture	+	11467712	0	1	20166	1	0	39860	other	0
SEE_17_64_FR	435	Picture	hi_F016	11487879	0	1	30166	1	0	30000	other	0
SEE_17_64_FR	436	Picture	+	11518211	0	1	81498	1	0	next	other	0
SEE_17_64_FR	437	Sound	hi242a	11538212	0	1			0		other	0
SEE_17_64_FR	438	Picture	500+	11599709	0	1	5167	1	0	5000	other	0
SEE_17_64_FR	439	Picture	hi_A041	11604876	0	1	30166	1	0	30000	other	0
SEE_17_64_FR	440	Picture	+	11635041	0	1	61665	1	0	next	other	0
SEE_17_64_FR	441	Sound	hi242b	11635042	0	1			0		other	0
SEE_17_64_FR	442	Picture	500+	11696707	0	1	5167	1	0	5000	other	0
SEE_17_64_FR	443	Picture	low_O190	11702040	0	1	30166	1	0	30000	other	0
SEE_17_64_FR	444	Picture	+	11732372	0	1	20166	1	0	35080	other	0
SEE_17_64_FR	445	Picture	hi_O022	11752539	0	1	30166	1	0	30000	other	0
SEE_17_64_FR	446	Picture	+	11782871	0	1	20166	1	0	33800	other	0
SEE_17_64_FR	447	Picture	low_L102	11803037	0	1	30166	1	0	30000	other	0
SEE_17_64_FR	448	Picture	+	11833370	0	1	76165	1	0	next	other	0
SEE_17_64_FR	449	Sound	hi252a	11853371	0	1			0		other	0
SEE_17_64_FR	450	Picture	500+	11909535	0	1	5167	1	0	5000	other	0
SEE_17_64_FR	451	Picture	hi_P128	11914701	0	1	30166	1	0	30000	other	0
SEE_17_64_FR	452	Picture	+	11944867	0	1	64665	1	0	next	other	0
SEE_17_64_FR	453	Sound	hi252b	11944868	0	1			0		other	0
SEE_17_64_FR	454	Picture	500+	12009532	0	1	5167	1	0	5000	other	0
SEE_17_64_FR	455	Picture	low_L142	12014699	0	1	30166	1	0	30000	other	0
SEE_17_64_FR	456	Picture	+	12045031	0	1	20166	1	0	34910	other	0
SEE_17_64_FR	457	Picture	low_F047	12065197	0	1	30166	1	0	30000	other	0
SEE_17_64_FR	458	Picture	+	12095530	0	1	20166	1	0	43600	other	0
SEE_17_64_FR	459	Picture	hi_O001	12115696	0	1	30166	1	0	30000	other	0
SEE_17_64_FR	460	Picture	+	12146029	0	1	83165	1	0	next	other	0
SEE_17_64_FR	461	Sound	low275a	12166030	0	1			0		other	0
SEE_17_64_FR	462	Picture	500+	12229193	0	1	5167	1	0	5000	other	0
SEE_17_64_FR	463	Picture	hi_A072	12234360	0	1	30166	1	0	30000	other	0
SEE_17_64_FR	464	Picture	+	12264526	0	1	61165	1	0	next	other	0
SEE_17_64_FR	465	Sound	low275b	12264526	0	2			0		other	0
SEE_17_64_FR	466	Picture	500+	12325691	0	1	5167	1	0	5000	other	0
SEE_17_64_FR	467	Picture	low_F087	12331024	0	1	30166	1	0	30000	other	0
SEE_17_64_FR	468	Picture	+	12361357	0	1	20166	1	0	30890	other	0
SEE_17_64_FR	469	Picture	low_A169	12381523	0	1	30166	1	0	30000	other	0
SEE_17_64_FR	470	Picture	+	12411855	0	1	20166	1	0	40040	other	0
SEE_17_64_FR	471	Picture	hi_A021	12432022	0	1	30166	1	0	30000	other	0
SEE_17_64_FR	472	Picture	+	12462354	0	1	82831	1	0	next	other	0
SEE_17_64_FR	473	Sound	hi253a	12482355	0	1			0		other	0
SEE_17_64_FR	474	Picture	500+	12545185	0	1	5167	1	0	5000	other	0
SEE_17_64_FR	475	Picture	low_O327	12550352	0	1	30166	1	0	30000	other	0
SEE_17_64_FR	476	Picture	+	12580518	0	1	66832	1	0	next	other	0
SEE_17_64_FR	477	Sound	hi253b	12580518	0	1			0		other	0
SEE_17_64_FR	478	Picture	500+	12647350	0	1	5167	1	0	5000	other	0
SEE_17_64_FR	479	Picture	hi_O105	12652516	0	1	30166	1	0	30000	other	0
SEE_17_64_FR	480	Picture	+	12682849	0	1	20166	1	0	44610	other	0
SEE_17_64_FR	481	Picture	low_A221	12703015	0	1	30166	1	0	30000	other	0
SEE_17_64_FR	482	Picture	+	12733347	0	1	20166	1	0	30420	other	0
SEE_17_64_FR	483	Picture	hi_P132	12753514	0	1	30166	1	0	30000	other	0
SEE_17_64_FR	484	Picture	+	12783846	0	1	75998	1	0	next	other	0
SEE_17_64_FR	485	Sound	low030a	12803847	0	1			0		other	0
SEE_17_64_FR	486	Picture	500+	12859844	0	1	5167	1	0	5000	other	0
SEE_17_64_FR	487	Picture	hi_L002	12865177	0	1	30166	1	0	30000	other	0
SEE_17_64_FR	488	Picture	+	12895343	0	1	58999	1	0	next	other	0
SEE_17_64_FR	489	Sound	low030b	12895344	0	1			0		other	0
SEE_17_64_FR	490	Picture	500+	12954342	0	1	5167	1	0	5000	other	0
SEE_17_64_FR	491	Picture	low_L157	12959508	0	1	30166	1	0	30000	other	0
SEE_17_64_FR	492	Picture	+	12989841	0	1	20166	1	0	31580	other	0
SEE_17_64_FR	493	Picture	low_A091	13010007	0	1	30166	1	0	30000	other	0
SEE_17_64_FR	494	Picture	+	13040340	0	1	20166	1	0	37600	other	0
SEE_17_64_FR	495	Picture	hi_F013	13060506	0	1	30166	1	0	30000	other	0
SEE_17_64_FR	496	Picture	+	13090838	0	1	84498	1	0	next	other	0
SEE_17_64_FR	497	Sound	hi250a	13110839	0	1			0		other	0
SEE_17_64_FR	498	Picture	500+	13175336	0	1	5167	1	0	5000	other	0
SEE_17_64_FR	499	Picture	hi_P243	13180503	0	1	30166	1	0	30000	other	0
SEE_17_64_FR	500	Picture	+	13210835	0	1	60832	1	0	next	other	0
SEE_17_64_FR	501	Sound	hi250b	13210836	0	1			0		other	0
SEE_17_64_FR	502	Picture	500+	13271667	0	1	5167	1	0	5000	other	0
SEE_17_64_FR	503	Picture	low_A156	13277000	0	1	30166	1	0	30000	other	0
SEE_17_64_FR	504	Picture	+	13307333	0	1	20166	1	0	32400	other	0
SEE_17_64_FR	505	Picture	hi_F014	13327499	0	1	30166	1	0	30000	other	0
SEE_17_64_FR	506	Picture	+	13357832	0	1	20166	1	0	38660	other	0
SEE_17_64_FR	507	Picture	low_A097	13377998	0	1	30166	1	0	30000	other	0
SEE_17_64_FR	508	Picture	+	13408331	0	1	76831	1	0	next	other	0
SEE_17_64_FR	509	Sound	low044a	13428331	0	1			0		other	0
SEE_17_64_FR	510	Picture	500+	13485162	0	1	5167	1	0	5000	other	0
SEE_17_64_FR	511	Picture	hi_P237	13490329	0	1	30166	1	0	30000	other	0
SEE_17_64_FR	512	Picture	+	13520494	0	1	65832	1	0	next	other	0
SEE_17_64_FR	513	Sound	low044b	13520495	0	1			0		other	0
SEE_17_64_FR	514	Picture	500+	13586326	0	1	5167	1	0	5000	other	0
SEE_17_64_FR	515	Picture	low_L048	13591493	0	1	30166	1	0	30000	other	0
SEE_17_64_FR	516	Picture	+	13621825	0	1	20166	1	0	32230	other	0
SEE_17_64_FR	517	Picture	hi_P200	13641991	0	1	30166	1	0	30000	other	0
SEE_17_64_FR	518	Picture	+	13672324	0	1	20166	1	0	44520	other	0
SEE_17_64_FR	519	Picture	low_P105	13692490	0	1	30166	1	0	30000	other	0
SEE_17_64_FR	520	Picture	+	13722823	0	1	83331	1	0	next	other	0
SEE_17_64_FR	521	Sound	low282a	13742823	0	1			0		other	0
SEE_17_64_FR	522	Picture	500+	13806154	0	1	5167	1	0	5000	other	0
SEE_17_64_FR	523	Picture	hi_P224	13811320	0	1	30166	1	0	30000	other	0
SEE_17_64_FR	524	Picture	+	13841486	0	1	67165	1	0	next	other	0
SEE_17_64_FR	525	Sound	low282b	13841487	0	1			0		other	0
SEE_17_64_FR	526	Picture	500+	13908651	0	1	5167	1	0	5000	other	0
SEE_17_64_FR	527	Picture	low_O256	13913985	0	1	30166	1	0	30000	other	0
SEE_17_64_FR	528	Picture	+	13944317	0	1	20166	1	0	39250	other	0
SEE_17_64_FR	529	Picture	hi_A059	13964483	0	1	30166	1	0	30000	other	0
SEE_17_64_FR	530	Picture	+	13994816	0	1	20166	1	0	39210	other	0
SEE_17_64_FR	531	Picture	low_F001	14014982	0	1	30166	1	0	30000	other	0
SEE_17_64_FR	532	Picture	+	14045315	0	1	84331	1	0	next	other	0
SEE_17_64_FR	533	Sound	hi162a	14065316	0	1			0		other	0
SEE_17_64_FR	534	Picture	500+	14129646	0	1	5167	1	0	5000	other	0
SEE_17_64_FR	535	Picture	low_L164	14134812	0	1	30166	1	0	30000	other	0
SEE_17_64_FR	536	Picture	+	14164978	0	1	65332	1	0	next	other	0
SEE_17_64_FR	537	Sound	hi162b	14164979	0	1			0		other	0
SEE_17_64_FR	538	Picture	500+	14230310	0	1	5167	1	0	5000	other	0
SEE_17_64_FR	539	Picture	hi_A025	14235477	0	1	30166	1	0	30000	other	0
SEE_17_64_FR	540	Picture	+	14265809	0	1	20166	1	0	38940	other	0
SEE_17_64_FR	541	Picture	low_P109	14285975	0	1	30166	1	0	30000	other	0
SEE_17_64_FR	542	Picture	+	14316308	0	1	20166	1	0	36000	other	0
SEE_17_64_FR	543	Picture	hi_A048	14336474	0	1	30166	1	0	30000	other	0
SEE_17_64_FR	544	Picture	+	14366807	0	1	80165	1	0	next	other	0
SEE_17_64_FR	545	Sound	hi097a	14386807	0	1			0		other	0
SEE_17_64_FR	546	Picture	500+	14446971	0	1	5167	1	0	5000	other	0
SEE_17_64_FR	547	Picture	hi_A033	14452138	0	1	30166	1	0	30000	other	0
SEE_17_64_FR	548	Picture	+	14482470	0	1	56999	1	0	next	other	0
SEE_17_64_FR	549	Sound	hi097b	14482471	0	1			0		other	0
SEE_17_64_FR	550	Picture	500+	14539469	0	1	5167	1	0	5000	other	0
SEE_17_64_FR	551	Picture	low_O325	14544635	0	1	30166	1	0	30000	other	0
SEE_17_64_FR	552	Picture	+	14574968	0	1	20166	1	0	38820	other	0
SEE_17_64_FR	553	Picture	hi_F174	14595134	0	1	30166	1	0	30000	other	0
SEE_17_64_FR	554	Picture	+	14625467	0	1	20166	1	0	42920	other	0
SEE_17_64_FR	555	Picture	low_P154	14645633	0	1	30166	1	0	30000	other	0
SEE_17_64_FR	556	Picture	+	14675966	0	1	85665	1	0	next	other	0
SEE_17_64_FR	557	Sound	low079a	14695966	0	1			0		other	0
SEE_17_64_FR	558	Picture	500+	14761630	0	1	5167	1	0	5000	other	0
SEE_17_64_FR	559	Picture	low_F224	14766797	0	1	30166	1	0	30000	other	0
SEE_17_64_FR	560	Picture	+	14797129	0	1	58998	1	0	next	other	0
SEE_17_64_FR	561	Sound	low079b	14797130	0	1			0		other	0
SEE_17_64_FR	562	Picture	500+	14856128	0	1	5167	1	0	5000	other	0
SEE_17_64_FR	563	Picture	hi_P240	14861461	0	1	30166	1	0	30000	other	0
SEE_17_64_FR	564	Picture	+	14891793	0	1	20166	1	0	39860	other	0
SEE_17_64_FR	565	Picture	low_L147	14911960	0	1	30166	1	0	30000	other	0
SEE_17_64_FR	566	Picture	+	14942292	0	1	20166	1	0	41810	other	0
SEE_17_64_FR	567	Picture	hi_F273	14962458	0	1	30166	1	0	30000	other	0
SEE_17_64_FR	568	Picture	+	14992791	0	1	76498	1	0	next	other	0
SEE_17_64_FR	569	Sound	low330a	15012792	0	1			0		other	0
SEE_17_64_FR	570	Picture	500+	15069289	0	1	5167	1	0	5000	other	0
SEE_17_64_FR	571	Picture	low_A090	15074456	0	1	30166	1	0	30000	other	0
SEE_17_64_FR	572	Picture	+	15104622	0	1	56665	1	0	next	other	0
SEE_17_64_FR	573	Sound	low330b	15104622	0	1			0		other	0
SEE_17_64_FR	574	Picture	500+	15161287	0	1	5167	1	0	5000	other	0
SEE_17_64_FR	575	Picture	hi_P220	15166453	0	1	30166	1	0	30000	other	0
SEE_17_64_FR	576	Picture	+	15196786	0	1	20166	1	0	40170	other	0
SEE_17_64_FR	577	Picture	hi_F270	15216952	0	1	30166	1	0	30000	other	0
SEE_17_64_FR	578	Picture	+	15247285	0	1	20166	1	0	42560	other	0
SEE_17_64_FR	579	Picture	low_L009	15267451	0	1	30166	1	0	30000	other	0
SEE_17_64_FR	580	Picture	+	15297783	0	1	80165	1	0	next	other	0
SEE_17_64_FR	581	Sound	hi142a	15317784	0	1			0		other	0
SEE_17_64_FR	582	Picture	500+	15377948	0	1	5167	1	0	5000	other	0
SEE_17_64_FR	583	Picture	hi_F034	15383115	0	1	30166	1	0	30000	other	0
SEE_17_64_FR	584	Picture	+	15413447	0	1	66832	1	0	next	other	0
SEE_17_64_FR	585	Sound	hi142b	15413448	0	1			0		other	0
SEE_17_64_FR	586	Picture	500+	15480279	0	1	5167	1	0	5000	other	0
SEE_17_64_FR	587	Picture	low_F099	15485445	0	1	30166	1	0	30000	other	0
SEE_17_64_FR	588	Picture	+	15515778	0	1	20166	1	0	42480	other	0
SEE_17_64_FR	589	Picture	low_L132	15535944	0	1	30166	1	0	30000	other	0
SEE_17_64_FR	590	Picture	+	15566277	0	1	20166	1	0	34320	other	0
SEE_17_64_FR	591	Picture	hi_P023	15586443	0	1	30166	1	0	30000	other	0
SEE_17_64_FR	592	Picture	+	15616775	0	1	75831	1	0	next	other	0
SEE_17_64_FR	593	Sound	low358a	15636776	0	1			0		other	0
SEE_17_64_FR	594	Picture	500+	15692607	0	1	5167	1	0	5000	other	0
SEE_17_64_FR	595	Picture	low_A095	15697940	0	1	30166	1	0	30000	other	0
SEE_17_64_FR	596	Picture	+	15728273	0	1	69665	1	0	next	other	0
SEE_17_64_FR	597	Sound	low358b	15728273	0	1			0		other	0
SEE_17_64_FR	598	Picture	500+	15797938	0	1	5167	1	0	5000	other	0
SEE_17_64_FR	599	Picture	hi_P225	15803104	0	1	30166	1	0	30000	other	0
SEE_17_64_FR	600	Picture	+	15833437	0	1	20166	1	0	41980	other	0
SEE_17_64_FR	601	Picture	hi_A018	15853603	0	1	30166	1	0	30000	other	0
SEE_17_64_FR	602	Picture	+	15883935	0	1	20166	1	0	44100	other	0
SEE_17_64_FR	603	Picture	low_L107	15904102	0	1	30166	1	0	30000	other	0
SEE_17_64_FR	604	Picture	+	15934434	0	1	82331	1	0	next	other	0
SEE_17_64_FR	605	Sound	hi007a	15954435	0	1			0		other	0
SEE_17_64_FR	606	Picture	500+	16016765	0	1	5167	1	0	5000	other	0
SEE_17_64_FR	607	Picture	hi_P233	16021932	0	1	30166	1	0	30000	other	0
SEE_17_64_FR	608	Picture	+	16052098	0	1	59332	1	0	next	other	0
SEE_17_64_FR	609	Sound	hi007b	16052098	0	1			0		other	0
SEE_17_64_FR	610	Picture	500+	16111430	0	1	5167	1	0	5000	other	0
SEE_17_64_FR	611	Picture	low_F067	16116763	0	1	30166	1	0	30000	other	0
SEE_17_64_FR	612	Picture	+	16147095	0	1	20166	1	0	35040	other	0
SEE_17_64_FR	613	Picture	hi_A062	16167262	0	1	30166	1	0	30000	other	0
SEE_17_64_FR	614	Picture	+	16197594	0	1	20166	1	0	37360	other	0
SEE_17_64_FR	615	Picture	low_A182	16217760	0	1	30166	1	0	30000	other	0
SEE_17_64_FR	616	Picture	+	16248093	0	1	78165	1	0	next	other	0
SEE_17_64_FR	617	Sound	low271a	16268094	0	1			0		other	0
SEE_17_64_FR	618	Picture	500+	16326258	0	1	5167	1	0	5000	other	0
SEE_17_64_FR	619	Picture	hi_A085	16331424	0	1	30166	1	0	30000	other	0
SEE_17_64_FR	620	Picture	+	16361757	0	1	67832	1	0	next	other	0
SEE_17_64_FR	621	Sound	low271b	16361757	0	1			0		other	0
SEE_17_64_FR	622	Picture	500+	16429588	0	1	5167	1	0	5000	other	0
SEE_17_64_FR	623	Picture	low_L034	16434755	0	1	30166	1	0	30000	other	0
SEE_17_64_FR	624	Picture	+	16465088	0	1	20166	1	0	33790	other	0
SEE_17_64_FR	625	Picture	low_O043	16485254	0	1	30166	1	0	30000	other	0
SEE_17_64_FR	626	Picture	+	16515586	0	1	20166	1	0	38040	other	0
SEE_17_64_FR	627	Picture	hi_A207	16535752	0	1	30166	1	0	30000	other	0
SEE_17_64_FR	628	Picture	+	16566085	0	1	86998	1	0	next	other	0
SEE_17_64_FR	629	Sound	low084a	16586086	0	1			0		other	0
SEE_17_64_FR	630	Picture	500+	16653083	0	1	5167	1	0	5000	other	0
SEE_17_64_FR	631	Picture	hi_P221	16658249	0	1	30166	1	0	30000	other	0
SEE_17_64_FR	632	Picture	+	16688415	0	1	60332	1	0	next	other	0
SEE_17_64_FR	633	Sound	low084b	16688416	0	1			0		other	0
SEE_17_64_FR	634	Picture	500+	16748747	0	1	5167	1	0	5000	other	0
SEE_17_64_FR	635	Picture	low_L146	16754080	0	1	30166	1	0	30000	other	0
SEE_17_64_FR	636	Picture	+	16784413	0	1	20166	1	0	37060	other	0
SEE_17_64_FR	637	Picture	low_L134	16804579	0	1	30166	1	0	30000	other	0
SEE_17_64_FR	638	Picture	+	16834912	0	1	20166	1	0	32380	other	0
SEE_17_64_FR	639	Picture	hi_A032	16855078	0	1	30166	1	0	30000	other	0
SEE_17_64_FR	640	Picture	+	16885410	0	1	76165	1	0	next	other	0
SEE_17_64_FR	641	Sound	low274a	16905411	0	1			0		other	0
SEE_17_64_FR	642	Picture	500+	16961575	0	1	5167	1	0	5000	other	0
SEE_17_64_FR	643	Picture	hi_O003	16966908	0	1	30166	1	0	30000	other	0
SEE_17_64_FR	644	Picture	+	16997074	0	1	63498	1	0	next	other	0
SEE_17_64_FR	645	Sound	low274b	16997075	0	1			0		other	0
SEE_17_64_FR	646	Picture	500+	17060573	0	1	5167	1	0	5000	other	0
SEE_17_64_FR	647	Picture	low_L109	17065906	0	1	30166	1	0	30000	other	0
SEE_17_64_FR	648	Picture	+	17096238	0	1	20166	1	0	43720	other	0
SEE_17_64_FR	649	Picture	low_F130	17116405	0	1	30166	1	0	30000	other	0
SEE_17_64_FR	650	Picture	+	17146737	0	1	20166	1	0	34290	other	0
SEE_17_64_FR	651	Picture	hi_F271	17166903	0	1	30166	1	0	30000	other	0
SEE_17_64_FR	652	Picture	+	17197236	0	1	75831	1	0	next	other	0
SEE_17_64_FR	653	Sound	low284a	17217237	0	1			0		other	0
SEE_17_64_FR	654	Picture	500+	17273067	0	1	5167	1	0	5000	other	0
SEE_17_64_FR	655	Picture	low_L104	17278234	0	1	30166	1	0	30000	other	0
SEE_17_64_FR	656	Picture	+	17308566	0	1	67998	1	0	next	other	0
SEE_17_64_FR	657	Sound	low284b	17308567	0	1			0		other	0
SEE_17_64_FR	658	Picture	500+	17376565	0	1	5167	1	0	5000	other	0
SEE_17_64_FR	659	Picture	hi_A013	17381731	0	1	30166	1	0	30000	other	0
SEE_17_64_FR	660	Picture	+	17412064	0	1	20166	1	0	42330	other	0
SEE_17_64_FR	661	Picture	hi_A071	17432230	0	1	30166	1	0	30000	other	0
SEE_17_64_FR	662	Picture	+	17462563	0	1	20166	1	0	43580	other	0
SEE_17_64_FR	663	Picture	low_L169	17482729	0	1	30166	1	0	30000	other	0
SEE_17_64_FR	664	Picture	+	17513061	0	1	85331	1	0	next	other	0
SEE_17_64_FR	665	Sound	low042a	17533062	0	1			0		other	0
SEE_17_64_FR	666	Picture	500+	17598393	0	1	5167	1	0	5000	other	0
SEE_17_64_FR	667	Picture	hi_P127	17603726	0	1	30166	1	0	30000	other	0
SEE_17_64_FR	668	Picture	+	17633892	0	1	58332	1	0	next	other	0
SEE_17_64_FR	669	Sound	low042b	17633892	0	1			0		other	0
SEE_17_64_FR	670	Picture	500+	17692224	0	1	5167	1	0	5000	other	0
SEE_17_64_FR	671	Picture	low_P044	17697390	0	1	30166	1	0	30000	other	0
SEE_17_64_FR	672	Picture	+	17727723	0	1	20166	1	0	36050	other	0
SEE_17_64_FR	673	Picture	hi_P216	17747889	0	1	30166	1	0	30000	other	0
SEE_17_64_FR	674	Picture	+	17778221	0	1	20166	1	0	41770	other	0
SEE_17_64_FR	675	Picture	low_A099	17798388	0	1	30166	1	0	30000	other	0
SEE_17_64_FR	676	Picture	+	17828720	0	1	83998	1	0	next	other	0
SEE_17_64_FR	677	Sound	low171a	17848721	0	1			0		other	0
SEE_17_64_FR	678	Picture	500+	17912718	0	1	5167	1	0	5000	other	0
SEE_17_64_FR	679	Picture	low_A123	17917885	0	1	30166	1	0	30000	other	0
SEE_17_64_FR	680	Picture	+	17948051	0	1	55332	1	0	next	other	0
SEE_17_64_FR	681	Sound	low171b	17948051	0	1			0		other	0
SEE_17_64_FR	682	Picture	500+	18003382	0	1	5166	1	0	5000	other	0
SEE_17_64_FR	683	Picture	hi_A016	18008549	0	1	30166	1	0	30000	other	0
SEE_17_64_FR	684	Picture	+	18038882	0	1	20166	1	0	43340	other	0
SEE_17_64_FR	685	Picture	hi_P009	18059048	0	1	30166	1	0	30000	other	0
SEE_17_64_FR	686	Picture	+	18089380	0	1	20166	1	0	30390	other	0
SEE_17_64_FR	687	Picture	low_L180	18109546	0	1	30166	1	0	30000	other	0
SEE_17_64_FR	688	Picture	+	18139879	0	1	86831	1	0	next	other	0
SEE_17_64_FR	689	Sound	hi243a	18159880	0	1			0		other	0
SEE_17_64_FR	690	Picture	500+	18226710	0	1	5167	1	0	5000	other	0
SEE_17_64_FR	691	Picture	low_A139	18231877	0	1	30166	1	0	30000	other	0
SEE_17_64_FR	692	Picture	+	18262043	0	1	56832	1	0	next	other	0
SEE_17_64_FR	693	Sound	hi243b	18262043	0	1			0		other	0
SEE_17_64_FR	694	Picture	500+	18318875	0	1	5167	1	0	5000	other	0
SEE_17_64_FR	695	Picture	hi_F297	18324041	0	1	30166	1	0	30000	other	0
SEE_17_64_FR	696	Picture	+	18354374	0	1	20166	1	0	30940	other	0
SEE_17_64_FR	697	Picture	hi_P246	18374540	0	1	30166	1	0	30000	other	0
SEE_17_64_FR	698	Picture	+	18404872	0	1	20166	1	0	35660	other	0
SEE_17_64_FR	699	Picture	low_P108	18425039	0	1	30166	1	0	30000	other	0
SEE_17_64_FR	700	Picture	+	18455371	0	1	83998	1	0	next	other	0
SEE_17_64_FR	701	Sound	hi158a	18475372	0	1			0		other	0
SEE_17_64_FR	702	Picture	500+	18539369	0	1	5167	1	0	5000	other	0
SEE_17_64_FR	703	Picture	low_L137	18544702	0	1	30166	1	0	30000	other	0
SEE_17_64_FR	704	Picture	+	18575035	0	1	64665	1	0	next	other	0
SEE_17_64_FR	705	Sound	hi158b	18575035	0	1			0		other	0
SEE_17_64_FR	706	Picture	500+	18639700	0	1	5167	1	0	5000	other	0
SEE_17_64_FR	707	Picture	hi_O283	18644866	0	1	30166	1	0	30000	other	0
SEE_17_64_FR	708	Picture	+	18675199	0	1	20166	1	0	44670	other	0
SEE_17_64_FR	709	Picture	low_L054	18695365	0	1	30166	1	0	30000	other	0
SEE_17_64_FR	710	Picture	+	18725698	0	1	20166	1	0	30680	other	0
SEE_17_64_FR	711	Picture	hi_P010	18745864	0	1	30166	1	0	30000	other	0
SEE_17_64_FR	712	Picture	+	18776196	0	1	81831	1	0	next	other	0
SEE_17_64_FR	713	Sound	hi159a	18796197	0	1			0		other	0
SEE_17_64_FR	714	Picture	500+	18858028	0	1	5167	1	0	5000	other	0
SEE_17_64_FR	715	Picture	low_P064	18863194	0	1	30166	1	0	30000	other	0
SEE_17_64_FR	716	Picture	+	18893360	0	1	67165	1	0	next	other	0
SEE_17_64_FR	717	Sound	hi159b	18893361	0	1			0		other	0
SEE_17_64_FR	718	Picture	500+	18960525	0	1	5167	1	0	5000	other	0
SEE_17_64_FR	719	Picture	hi_F152	18965692	0	1	30166	1	0	30000	other	0
SEE_17_64_FR	720	Picture	+	18996024	0	1	20166	1	0	31190	other	0
SEE_17_64_FR	721	Picture	hi_P239	19016190	0	1	30166	1	0	30000	other	0
SEE_17_64_FR	722	Picture	+	19046523	0	1	20166	1	0	31460	other	0
SEE_17_64_FR	723	Picture	low_L183	19066689	0	1	30166	1	0	30000	other	0
SEE_17_64_FR	724	Picture	+	19097022	0	1	82831	1	0	next	other	0
SEE_17_64_FR	725	Sound	low053a	19117023	0	1			0		other	0
SEE_17_64_FR	726	Picture	500+	19179853	0	1	5167	1	0	5000	other	0
SEE_17_64_FR	727	Picture	hi_P238	19185186	0	1	30166	1	0	30000	other	0
SEE_17_64_FR	728	Picture	+	19215352	0	1	56832	1	0	next	other	0
SEE_17_64_FR	729	Sound	low053b	19215353	0	1			0		other	0
SEE_17_64_FR	730	Picture	500+	19272184	0	1	5167	1	0	5000	other	0
SEE_17_64_FR	731	Picture	low_L089	19277351	0	1	30166	1	0	30000	other	0
SEE_17_64_FR	732	Picture	+	19307683	0	1	20166	1	0	33200	other	0
SEE_17_64_FR	733	Picture	low_L096	19327849	0	1	30166	1	0	30000	other	0
SEE_17_64_FR	734	Picture	+	19358182	0	1	20166	1	0	35370	other	0
SEE_17_64_FR	735	Picture	hi_P229	19378348	0	1	30166	1	0	30000	other	0
SEE_17_64_FR	736	Picture	+	19408681	0	1	86498	1	0	next	other	0
SEE_17_64_FR	737	Sound	hi004a	19428681	0	1			0		other	0
SEE_17_64_FR	738	Picture	500+	19495179	0	1	5167	1	0	5000	other	0
SEE_17_64_FR	739	Picture	hi_F007	19500512	0	1	30166	1	0	30000	other	0
SEE_17_64_FR	740	Picture	+	19530678	0	1	64998	1	0	next	other	0
SEE_17_64_FR	741	Sound	hi004b	19530678	0	1			0		other	0
SEE_17_64_FR	742	Picture	500+	19595676	0	1	5167	1	0	5000	other	0
SEE_17_64_FR	743	Picture	low_F358	19600843	0	1	30166	1	0	30000	other	0
SEE_17_64_FR	744	Picture	+	19631175	0	1	20166	1	0	43560	other	0
SEE_17_64_FR	745	Picture	low_F115	19651341	0	1	30166	1	0	30000	other	0
SEE_17_64_FR	746	Picture	+	19681674	0	1	20166	1	0	36300	other	0
SEE_17_64_FR	747	Picture	hi_P140	19701840	0	1	30166	1	0	30000	other	0
SEE_17_64_FR	748	Picture	+	19732173	0	1	85165	1	0	next	other	0
SEE_17_64_FR	749	Sound	hi139a	19752173	0	1			0		other	0
SEE_17_64_FR	750	Picture	500+	19817337	0	1	5167	1	0	5000	other	0
SEE_17_64_FR	751	Picture	low_F089	19822670	0	1	30166	1	0	30000	other	0
SEE_17_64_FR	752	Picture	+	19852836	0	1	64832	1	0	next	other	0
SEE_17_64_FR	753	Sound	hi139b	19852837	0	1			0		other	0
SEE_17_64_FR	754	Picture	500+	19917668	0	1	5166	1	0	5000	other	0
SEE_17_64_FR	755	Picture	hi_F277	19922835	0	1	30166	1	0	30000	other	0
SEE_17_64_FR	756	Picture	+	19953167	0	1	20166	1	0	40310	other	0
SEE_17_64_FR	757	Picture	low_F098	19973333	0	1	30166	1	0	30000	other	0
SEE_17_64_FR	758	Picture	+	20003666	0	1	20166	1	0	37540	other	0
SEE_17_64_FR	759	Picture	hi_F295	20023832	0	1	30166	1	0	30000	other	0
SEE_17_64_FR	760	Picture	+	20054165	0	1	87164	1	0	next	other	0
SEE_17_64_FR	761	Sound	low035a	20074165	0	1			0		other	0
SEE_17_64_FR	762	Picture	500+	20141329	0	1	5167	1	0	5000	other	0
SEE_17_64_FR	763	Picture	low_L175	20146496	0	1	30166	1	0	30000	other	0
SEE_17_64_FR	764	Picture	+	20176828	0	1	57832	1	0	next	other	0
SEE_17_64_FR	765	Sound	low035b	20176829	0	1			0		other	0
SEE_17_64_FR	766	Picture	500+	20234660	0	1	5166	1	0	5000	other	0
SEE_17_64_FR	767	Picture	hi_A042	20239827	0	1	30166	1	0	30000	other	0
SEE_17_64_FR	768	Picture	+	20270159	0	1	20166	1	0	44020	other	0
SEE_17_64_FR	769	Picture	low_L141	20290325	0	1	30166	1	0	30000	other	0
SEE_17_64_FR	770	Picture	+	20320658	0	1	20166	1	0	36220	other	0
SEE_17_64_FR	771	Picture	hi_O149	20340824	0	1	30166	1	0	30000	other	0
SEE_17_64_FR	772	Picture	+	20371157	0	1	85165	1	0	next	other	0
SEE_17_64_FR	773	Sound	low088a	20391158	0	1			0		other	0
SEE_17_64_FR	774	Picture	500+	20456321	0	1	5167	1	0	5000	other	0
SEE_17_64_FR	775	Picture	low_L094	20461488	0	1	30166	1	0	30000	other	0
SEE_17_64_FR	776	Picture	+	20491654	0	1	62832	1	0	next	other	0
SEE_17_64_FR	777	Sound	low088b	20491654	0	1			0		other	0
SEE_17_64_FR	778	Picture	500+	20554485	0	1	5167	1	0	5000	other	0
SEE_17_64_FR	779	Picture	hi_A038	20559652	0	1	30166	1	0	30000	other	0
SEE_17_64_FR	780	Picture	+	20589985	0	1	20166	1	0	30380	other	0
SEE_17_64_FR	781	Picture	hi_P222	20610151	0	1	30166	1	0	30000	other	0
SEE_17_64_FR	782	Picture	+	20640483	0	1	20166	1	0	34270	other	0
SEE_17_64_FR	783	Picture	low_L152	20660649	0	1	30166	1	0	30000	other	0
SEE_17_64_FR	784	Picture	+	20690982	0	1	84165	1	0	next	other	0
SEE_17_64_FR	785	Sound	hi002a	20710983	0	1			0		other	0
SEE_17_64_FR	786	Picture	500+	20775147	0	1	5167	1	0	5000	other	0
SEE_17_64_FR	787	Picture	low_A114	20780313	0	1	30166	1	0	30000	other	0
SEE_17_64_FR	788	Picture	+	20810479	0	1	66498	1	0	next	other	0
SEE_17_64_FR	789	Sound	hi002b	20810480	0	1			0		other	0
SEE_17_64_FR	790	Picture	500+	20876977	0	1	5167	1	0	5000	other	0
SEE_17_64_FR	791	Picture	hi_F041	20882144	0	1	30166	1	0	30000	other	0
SEE_17_64_FR	792	Picture	+	20912477	0	1	20166	1	0	30740	other	0
SEE_17_64_FR	793	Picture	hi_P228	20932643	0	1	30166	1	0	30000	other	0
SEE_17_64_FR	794	Picture	+	20962975	0	1	20166	1	0	32660	other	0
SEE_17_64_FR	795	Picture	low_L163	20983141	0	1	30166	1	0	30000	other	0
SEE_17_64_FR	796	Picture	+	21013474	0	1	78998	1	0	next	other	0
SEE_17_64_FR	797	Sound	low277a	21033475	0	1			0		other	0
SEE_17_64_FR	798	Picture	500+	21092472	0	1	5167	1	0	5000	other	0
SEE_17_64_FR	799	Picture	hi_L007	21097639	0	1	30166	1	0	30000	other	0
SEE_17_64_FR	800	Picture	+	21127804	0	1	59332	1	0	next	other	0
SEE_17_64_FR	801	Sound	low277b	21127805	0	1			0		other	0
SEE_17_64_FR	802	Picture	500+	21187136	0	1	5167	1	0	5000	other	0
SEE_17_64_FR	803	Picture	low_F345	21192469	0	1	30166	1	0	30000	other	0
SEE_17_64_FR	804	Picture	+	21222802	0	1	20166	1	0	35520	other	0
SEE_17_64_FR	805	Picture	hi_A061	21242968	0	1	30166	1	0	30000	other	0
SEE_17_64_FR	806	Picture	+	21273301	0	1	20166	1	0	41590	other	0
SEE_17_64_FR	807	Picture	low_L158	21293467	0	1	30166	1	0	30000	other	0
SEE_17_64_FR	808	Picture	+	21323800	0	1	76831	1	0	next	other	0
SEE_17_64_FR	809	Sound	hi246a	21343800	0	1			0		other	0
SEE_17_64_FR	810	Picture	500+	21400631	0	1	5167	1	0	5000	other	0
SEE_17_64_FR	811	Picture	hi_O154	21405797	0	1	30166	1	0	30000	other	0
SEE_17_64_FR	812	Picture	+	21435963	0	1	55332	1	0	next	other	0
SEE_17_64_FR	813	Sound	hi246b	21435964	0	1			0		other	0
SEE_17_64_FR	814	Picture	500+	21491295	0	1	5167	1	0	5000	other	0
SEE_17_64_FR	815	Picture	low_A194	21496629	0	1	30166	1	0	30000	other	0
SEE_17_64_FR	816	Picture	+	21526961	0	1	20166	1	0	37340	other	0
SEE_17_64_FR	817	Picture	low_P047	21547127	0	1	30166	1	0	30000	other	0
SEE_17_64_FR	818	Picture	+	21577460	0	1	20166	1	0	39320	other	0
SEE_17_64_FR	819	Picture	hi_P139	21597626	0	1	30166	1	0	30000	other	0
SEE_17_64_FR	820	Picture	+	21627959	0	1	82665	1	0	next	other	0
SEE_17_64_FR	821	Sound	hi110a	21647960	0	1			0		other	0
SEE_17_64_FR	822	Picture	500+	21710623	0	1	5167	1	0	5000	other	0
SEE_17_64_FR	823	Picture	hi_P086	21715790	0	1	30166	1	0	30000	other	0
SEE_17_64_FR	824	Picture	+	21745956	0	1	67498	1	0	next	other	0
SEE_17_64_FR	825	Sound	hi110b	21745956	0	1			0		other	0
SEE_17_64_FR	826	Picture	500+	21813454	0	1	5167	1	0	5000	other	0
SEE_17_64_FR	827	Picture	low_L179	21818787	0	1	30166	1	0	30000	other	0
SEE_17_64_FR	828	Picture	+	21849120	0	1	20166	1	0	31440	other	0
SEE_17_64_FR	829	Picture	low_L148	21869286	0	1	30166	1	0	30000	other	0
SEE_17_64_FR	830	Picture	+	21899619	0	1	20166	1	0	37610	other	0
SEE_17_64_FR	831	Picture	hi_P241	21919785	0	1	30166	1	0	30000	other	0
SEE_17_64_FR	832	Picture	+	21950117	0	1	85331	1	0	next	other	0
SEE_17_64_FR	833	Sound	hi308a	21970118	0	1			0		other	0
SEE_17_64_FR	834	Picture	500+	22035448	0	1	5167	1	0	5000	other	0
SEE_17_64_FR	835	Picture	hi_F370	22040615	0	1	30166	1	0	30000	other	0
SEE_17_64_FR	836	Picture	+	22070948	0	1	59999	1	0	next	other	0
SEE_17_64_FR	837	Sound	hi308b	22070948	0	1			0		other	0
SEE_17_64_FR	838	Picture	500+	22130946	0	1	5167	1	0	5000	other	0
SEE_17_64_FR	839	Picture	low_L172	22136113	0	1	30166	1	0	30000	other	0
SEE_17_64_FR	840	Picture	+	22166445	0	1	20166	1	0	32860	other	0
SEE_17_64_FR	841	Picture	low_P115	22186611	0	1	30166	1	0	30000	other	0
SEE_17_64_FR	842	Picture	+	22216944	0	1	20166	1	0	39290	other	0
SEE_17_64_FR	843	Picture	hi_F280	22237110	0	1	30166	1	0	30000	other	0
SEE_17_64_FR	844	Picture	+	22267443	0	1	76665	1	0	next	other	0
SEE_17_64_FR	845	Sound	hi013a	22287444	0	1			0		other	0
SEE_17_64_FR	846	Picture	500+	22344107	0	1	5167	1	0	5000	other	0
SEE_17_64_FR	847	Picture	hi_P001	22349274	0	1	30166	1	0	30000	other	0
SEE_17_64_FR	848	Picture	+	22379440	0	1	56665	1	0	next	other	0
SEE_17_64_FR	849	Sound	hi013b	22379441	0	1			0		other	0
SEE_17_64_FR	850	Picture	500+	22436105	0	1	5167	1	0	5000	other	0
SEE_17_64_FR	851	Picture	low_F121	22441272	0	1	30166	1	0	30000	other	0
SEE_17_64_FR	852	Picture	+	22471604	0	1	20166	1	0	30910	other	0
SEE_17_64_FR	853	Picture	low_A126	22491770	0	1	30166	1	0	30000	other	0
SEE_17_64_FR	854	Picture	+	22522103	0	1	20166	1	0	38660	other	0
SEE_17_64_FR	855	Picture	hi_A001	22542269	0	1	30166	1	0	30000	other	0
SEE_17_64_FR	856	Picture	+	22572602	0	1	79665	1	0	next	other	0
SEE_17_64_FR	857	Sound	low278a	22592603	0	1			0		other	0
SEE_17_64_FR	858	Picture	500+	22652266	0	1	5167	1	0	5000	other	0
SEE_17_64_FR	859	Picture	hi_P198	22657600	0	1	30166	1	0	30000	other	0
SEE_17_64_FR	860	Picture	+	22687932	0	1	62165	1	0	next	other	0
SEE_17_64_FR	861	Sound	low278b	22687933	0	1			0		other	0
SEE_17_64_FR	862	Picture	500+	22750097	0	1	5167	1	0	5000	other	0
SEE_17_64_FR	863	Picture	low_F214	22755264	0	1	30166	1	0	30000	other	0
SEE_17_64_FR	864	Picture	+	22785596	0	1	20166	1	0	32840	other	0
SEE_17_64_FR	865	Picture	low_L167	22805763	0	1	30166	1	0	30000	other	0
SEE_17_64_FR	866	Picture	+	22836095	0	1	20166	1	0	30370	other	0
SEE_17_64_FR	867	Picture	hi_A024	22856261	0	1	30166	1	0	30000	other	0
SEE_17_64_FR	868	Picture	+	22886594	0	1	82665	1	0	next	other	0
SEE_17_64_FR	869	Sound	low276a	22906595	0	1			0		other	0
SEE_17_64_FR	870	Picture	500+	22969259	0	1	5167	1	0	5000	other	0
SEE_17_64_FR	871	Picture	hi_F299	22974592	0	1	30166	1	0	30000	other	0
SEE_17_64_FR	872	Picture	+	23004924	0	1	65165	1	0	next	other	0
SEE_17_64_FR	873	Sound	low276b	23004925	0	1			0		other	0
SEE_17_64_FR	874	Picture	500+	23070089	0	1	5167	1	0	5000	other	0
SEE_17_64_FR	875	Picture	low_P055	23075256	0	1	30166	1	0	30000	other	0
SEE_17_64_FR	876	Picture	+	23105588	0	1	20166	1	0	33250	other	0
SEE_17_64_FR	877	Picture	hi_P234	23125755	0	1	30166	1	0	30000	other	0
SEE_17_64_FR	878	Picture	+	23156087	0	1	20166	1	0	35580	other	0
SEE_17_64_FR	879	Picture	low_A167	23176253	0	1	30166	1	0	30000	other	0
SEE_17_64_FR	880	Picture	+	23206586	0	1	88664	1	0	next	other	0
SEE_17_64_FR	881	Sound	hi314a	23226587	0	1			0		other	0
SEE_17_64_FR	882	Picture	500+	23295250	0	1	5167	1	0	5000	other	0
SEE_17_64_FR	883	Picture	low_L016	23300417	0	1	30166	1	0	30000	other	0
SEE_17_64_FR	884	Picture	+	23330749	0	1	69665	1	0	next	other	0
SEE_17_64_FR	885	Sound	hi314b	23330750	0	1			0		other	0
SEE_17_64_FR	886	Picture	500+	23400414	0	1	5167	1	0	5000	other	0
SEE_17_64_FR	887	Picture	hi_O132	23405748	0	1	30166	1	0	30000	other	0
SEE_17_64_FR	888	Picture	+	23436080	0	1	20166	1	0	43270	other	0
SEE_17_64_FR	889	Picture	low_P045	23456246	0	1	30166	1	0	30000	other	0
SEE_17_64_FR	890	Picture	+	23486579	0	1	20166	1	0	33980	other	0
SEE_17_64_FR	891	Picture	hi_F367	23506745	0	1	30166	1	0	30000	other	0
SEE_17_64_FR	892	Picture	+	23537078	0	1	83998	1	0	next	other	0
SEE_17_64_FR	893	Sound	low032a	23557079	0	1			0		other	0
SEE_17_64_FR	894	Picture	500+	23621076	0	1	5167	1	0	5000	other	0
SEE_17_64_FR	895	Picture	hi_O004	23626242	0	1	30166	1	0	30000	other	0
SEE_17_64_FR	896	Picture	+	23656408	0	1	62832	1	0	next	other	0
SEE_17_64_FR	897	Sound	low032b	23656409	0	1			0		other	0
SEE_17_64_FR	898	Picture	500+	23719240	0	1	5167	1	0	5000	other	0
SEE_17_64_FR	899	Picture	low_L041	23724573	0	1	30166	1	0	30000	other	0
SEE_17_64_FR	900	Picture	+	23754906	0	1	20166	1	0	40120	other	0
SEE_17_64_FR	901	Picture	hi_A039	23775072	0	1	30166	1	0	30000	other	0
SEE_17_64_FR	902	Picture	+	23805404	0	1	20166	1	0	38320	other	0
SEE_17_64_FR	903	Picture	low_F123	23825570	0	1	30166	1	0	30000	other	0
SEE_17_64_FR	904	Picture	+	23855903	0	1	80165	1	0	next	other	0
SEE_17_64_FR	905	Sound	hi244a	23875904	0	1			0		other	0
SEE_17_64_FR	906	Picture	500+	23936068	0	1	5167	1	0	5000	other	0
SEE_17_64_FR	907	Picture	hi_P034	23941234	0	1	30166	1	0	30000	other	0
SEE_17_64_FR	908	Picture	+	23971567	0	1	62665	1	0	next	other	0
SEE_17_64_FR	909	Sound	hi244b	23971567	0	1			0		other	0
SEE_17_64_FR	910	Picture	500+	24034232	0	1	5167	1	0	5000	other	0
SEE_17_64_FR	911	Picture	low_L149	24039398	0	1	30166	1	0	30000	other	0
SEE_17_64_FR	912	Picture	+	24069731	0	1	20166	1	0	36330	other	0
SEE_17_64_FR	913	Picture	low_P186	24089897	0	1	30166	1	0	30000	other	0
SEE_17_64_FR	914	Picture	+	24120230	0	1	20166	1	0	44950	other	0
SEE_17_64_FR	915	Picture	hi_F265	24140396	0	1	30166	1	0	30000	other	0
SEE_17_64_FR	916	Picture	+	24170729	0	1	84498	1	0	next	other	0
SEE_17_64_FR	917	Sound	hi310a	24190729	0	1			0		other	0
SEE_17_64_FR	918	Picture	500+	24255226	0	1	5167	1	0	5000	other	0
SEE_17_64_FR	919	Picture	low_F228	24260393	0	1	30166	1	0	30000	other	0
SEE_17_64_FR	920	Picture	+	24290726	0	1	65498	1	0	next	other	0
SEE_17_64_FR	921	Sound	hi310b	24290726	0	1			0		other	0
SEE_17_64_FR	922	Picture	500+	24356224	0	1	5167	1	0	5000	other	0
SEE_17_64_FR	923	Picture	hi_P230	24361390	0	1	30166	1	0	30000	other	0
SEE_17_64_FR	924	Picture	+	24391723	0	1	20166	1	0	32570	other	0
SEE_17_64_FR	925	Picture	hi_F038	24411889	0	1	30166	1	0	30000	other	0
SEE_17_64_FR	926	Picture	+	24442222	0	1	20166	1	0	43650	other	0
SEE_17_64_FR	927	Picture	low_P169	24462388	0	1	30166	1	0	30000	other	0
SEE_17_64_FR	928	Picture	+	24492720	0	1	85498	1	0	next	other	0
SEE_17_64_FR	929	Sound	hi103a	24512721	0	1			0		other	0
SEE_17_64_FR	930	Picture	500+	24578218	0	1	5167	1	0	5000	other	0
SEE_17_64_FR	931	Picture	hi_P232	24583552	0	1	30166	1	0	30000	other	0
SEE_17_64_FR	932	Picture	+	24613717	0	1	63665	1	0	next	other	0
SEE_17_64_FR	933	Sound	hi103b	24613718	0	1			0		other	0
SEE_17_64_FR	934	Picture	500+	24677383	0	1	5167	1	0	5000	other	0
SEE_17_64_FR	935	Picture	low_P110	24682549	0	1	30166	1	0	30000	other	0
SEE_17_64_FR	936	Picture	+	24712882	0	1	20166	1	0	42580	other	0
SEE_17_64_FR	937	Picture	hi_F287	24733048	0	1	30166	1	0	30000	other	0
SEE_17_64_FR	938	Picture	+	24763380	0	1	20166	1	0	44340	other	0
SEE_17_64_FR	939	Picture	low_A146	24783547	0	1	30166	1	0	30000	other	0
SEE_17_64_FR	940	Picture	+	24813879	0	1	84998	1	0	next	other	0
SEE_17_64_FR	941	Sound	low350a	24833880	0	1			0		other	0
SEE_17_64_FR	942	Picture	500+	24898877	0	1	5167	1	0	5000	other	0
SEE_17_64_FR	943	Picture	low_L049	24904044	0	1	30166	1	0	30000	other	0
SEE_17_64_FR	944	Picture	+	24934376	0	1	63498	1	0	next	other	0
SEE_17_64_FR	945	Sound	low350b	24934377	0	1			0		other	0
SEE_17_64_FR	946	Picture	500+	24997875	0	1	5167	1	0	5000	other	0
SEE_17_64_FR	947	Picture	hi_P212	25003041	0	1	30166	1	0	30000	other	0
SEE_17_64_FR	948	Picture	+	25033374	0	1	20166	1	0	40990	other	0
SEE_17_64_FR	949	Picture	hi_O002	25053540	0	1	30166	1	0	30000	other	0
SEE_17_64_FR	950	Picture	+	25083872	0	1	20166	1	0	40530	other	0
SEE_17_64_FR	951	Picture	low_L126	25104039	0	1	30166	1	0	30000	other	0
SEE_17_64_FR	952	Picture	+	25134371	0	1	77998	1	0	next	other	0
SEE_17_64_FR	953	Sound	low085a	25154372	0	1			0		other	0
SEE_17_64_FR	954	Picture	500+	25212369	0	1	5167	1	0	5000	other	0
SEE_17_64_FR	955	Picture	hi_O013	25217536	0	1	30166	1	0	30000	other	0
SEE_17_64_FR	956	Picture	+	25247868	0	1	61665	1	0	next	other	0
SEE_17_64_FR	957	Sound	low085b	25247869	0	1			0		other	0
SEE_17_64_FR	958	Picture	500+	25309533	0	1	5167	1	0	5000	other	0
SEE_17_64_FR	959	Picture	low_A170	25314867	0	1	30166	1	0	30000	other	0
SEE_17_64_FR	960	Picture	+	25345199	0	1	20166	1	0	32130	other	0
SEE_17_64_FR	961	Picture	hi_A056	25365365	0	1	30166	1	0	30000	other	0
SEE_17_64_FR	962	Picture	+	25395698	0	1	20166	1	0	34300	other	0
SEE_17_64_FR	963	Picture	low_L085	25415864	0	1	30166	1	0	30000	other	0
SEE_17_64_FR	964	Picture	+	25446197	0	1	84331	1	0	next	other	0
SEE_17_64_FR	965	Sound	low118a	25466198	0	2			0		other	0
SEE_17_64_FR	966	Picture	500+	25530528	0	1	5167	1	0	5000	other	0
SEE_17_64_FR	967	Picture	low_A140	25535694	0	1	30166	1	0	30000	other	0
SEE_17_64_FR	968	Picture	+	25566027	0	1	61165	1	0	next	other	0
SEE_17_64_FR	969	Sound	low118b	25566028	0	1			0		other	0
SEE_17_64_FR	970	Picture	500+	25627192	0	1	5167	1	0	5000	other	0
SEE_17_64_FR	971	Picture	hi_P208	25632359	0	1	30166	1	0	30000	other	0
SEE_17_64_FR	972	Picture	+	25662691	0	1	20166	1	0	41220	other	0
SEE_17_64_FR	973	Picture	hi_F290	25682857	0	1	30166	1	0	30000	other	0
SEE_17_64_FR	974	Picture	+	25713190	0	1	20166	1	0	30650	other	0
SEE_17_64_FR	975	Picture	low_L046	25733356	0	1	30166	1	0	30000	other	0
SEE_17_64_FR	976	Picture	+	25763689	0	1	80331	1	0	next	other	0
SEE_17_64_FR	977	Sound	hi018a	25783690	0	1			0		other	0
SEE_17_64_FR	978	Picture	500+	25844020	0	1	5167	1	0	5000	other	0
SEE_17_64_FR	979	Picture	low_O326	25849187	0	1	30166	1	0	30000	other	0
SEE_17_64_FR	980	Picture	+	25879519	0	1	64498	1	0	next	other	0
SEE_17_64_FR	981	Sound	hi018b	25879520	0	1			0		other	0
SEE_17_64_FR	982	Picture	500+	25944018	0	1	5167	1	0	5000	other	0
SEE_17_64_FR	983	Picture	hi_F158	25949184	0	1	30166	1	0	30000	other	0
SEE_17_64_FR	984	Picture	+	25979517	0	1	20166	1	0	43440	other	0
SEE_17_64_FR	985	Picture	hi_F170	25999683	0	1	30166	1	0	30000	other	0
SEE_17_64_FR	986	Picture	+	26030015	0	1	20166	1	0	40140	other	0
SEE_17_64_FR	987	Picture	low_F079	26050182	0	1	30166	1	0	30000	other	0
SEE_17_64_FR	988	Picture	+	26080514	0	1	77665	1	0	next	other	0
SEE_17_64_FR	989	Sound	hi003a	26100515	0	1			0		other	0
SEE_17_64_FR	990	Picture	500+	26158179	0	1	5167	1	0	5000	other	0
SEE_17_64_FR	991	Picture	hi_A069	26163345	0	1	30166	1	0	30000	other	0
SEE_17_64_FR	992	Picture	+	26193511	0	1	67332	1	0	next	other	0
SEE_17_64_FR	993	Sound	hi003b	26193512	0	1			0		other	0
SEE_17_64_FR	994	Picture	500+	26260843	0	1	5167	1	0	5000	other	0
SEE_17_64_FR	995	Picture	low_L124	26266010	0	1	30166	1	0	30000	other	0
SEE_17_64_FR	996	Picture	+	26296342	0	1	20166	1	0	39680	other	0
SEE_17_64_FR	997	Picture	hi_P015	26316508	0	1	30166	1	0	30000	other	0
SEE_17_64_FR	998	Picture	+	26346841	0	1	20166	1	0	44350	other	0
SEE_17_64_FR	999	Picture	low_O192	26367007	0	1	30166	1	0	30000	other	0
SEE_17_64_FR	1000	Picture	+	26397340	0	1	86164	1	0	next	other	0
SEE_17_64_FR	1001	Sound	hi172a	26417340	0	1			0		other	0
SEE_17_64_FR	1002	Picture	500+	26483504	0	1	5167	1	0	5000	other	0
SEE_17_64_FR	1003	Picture	hi_P005	26488671	0	1	30166	1	0	30000	other	0
SEE_17_64_FR	1004	Picture	+	26518837	0	1	68332	1	0	next	other	0
SEE_17_64_FR	1005	Sound	hi172b	26518837	0	1			0		other	0
SEE_17_64_FR	1006	Picture	500+	26587168	0	1	5167	1	0	5000	other	0
SEE_17_64_FR	1007	Picture	low_P116	26592501	0	1	30166	1	0	30000	other	0
SEE_17_64_FR	1008	Picture	+	26622834	0	1	20166	1	0	41300	other	0
SEE_17_64_FR	1009	Picture	low_A185	26643000	0	1	30166	1	0	30000	other	0
SEE_17_64_FR	1010	Picture	+	26673333	0	1	20166	1	0	37980	other	0
SEE_17_64_FR	1011	Picture	hi_P004	26693499	0	1	30166	1	0	30000	other	0
SEE_17_64_FR	1012	Picture	+	26723831	0	1	81165	1	0	next	other	0
SEE_17_64_FR	1013	Sound	hi214a	26743832	0	1			0		other	0
SEE_17_64_FR	1014	Picture	500+	26804996	0	1	5166	1	0	5000	other	0
SEE_17_64_FR	1015	Picture	low_A131	26810163	0	1	30166	1	0	30000	other	0
SEE_17_64_FR	1016	Picture	+	26840329	0	1	60998	1	0	next	other	0
SEE_17_64_FR	1017	Sound	hi214b	26840329	0	1			0		other	0
SEE_17_64_FR	1018	Picture	500+	26901327	0	1	5167	1	0	5000	other	0
SEE_17_64_FR	1019	Picture	hi_P215	26906494	0	1	30166	1	0	30000	other	0
SEE_17_64_FR	1020	Picture	+	26936826	0	1	20166	1	0	44100	other	0
SEE_17_64_FR	1021	Picture	hi_P223	26956992	0	1	30166	1	0	30000	other	0
SEE_17_64_FR	1022	Picture	+	26987325	0	1	20166	1	0	39700	other	0
SEE_17_64_FR	1023	Picture	low_A159	27007491	0	1	30166	1	0	30000	other	0
SEE_17_64_FR	1024	Picture	+	27037824	0	1	79998	1	0	next	other	0
SEE_17_64_FR	1025	Sound	low063a	27057824	0	1			0		other	0
SEE_17_64_FR	1026	Picture	500+	27117822	0	1	5167	1	0	5000	other	0
SEE_17_64_FR	1027	Picture	hi_P032	27122988	0	1	30166	1	0	30000	other	0
SEE_17_64_FR	1028	Picture	+	27153154	0	1	66165	1	0	next	other	0
SEE_17_64_FR	1029	Sound	low063b	27153155	0	1			0		other	0
SEE_17_64_FR	1030	Picture	500+	27219319	0	1	5167	1	0	5000	other	0
SEE_17_64_FR	1031	Picture	low_L138	27224652	0	1	30166	1	0	30000	other	0
SEE_17_64_FR	1032	Picture	+	27254985	0	1	20166	1	0	44880	other	0
SEE_17_64_FR	1033	Picture	hi_A058	27275151	0	1	30166	1	0	30000	other	0
SEE_17_64_FR	1034	Picture	+	27305484	0	1	20166	1	0	35550	other	0
SEE_17_64_FR	1035	Picture	low_L083	27325650	0	1	30166	1	0	30000	other	0
SEE_17_64_FR	1036	Picture	+	27355982	0	1	81831	1	0	next	other	0
SEE_17_64_FR	1037	Sound	hi248a	27375983	0	1			0		other	0
SEE_17_64_FR	1038	Picture	500+	27437814	0	1	5167	1	0	5000	other	0
SEE_17_64_FR	1039	Picture	low_L111	27443147	0	1	30166	1	0	30000	other	0
SEE_17_64_FR	1040	Picture	+	27473313	0	1	64332	1	0	next	other	0
SEE_17_64_FR	1041	Sound	hi248b	27473313	0	1			0		other	0
SEE_17_64_FR	1042	Picture	500+	27537644	0	1	5167	1	0	5000	other	0
SEE_17_64_FR	1043	Picture	hi_P206	27542811	0	1	30166	1	0	30000	other	0
SEE_17_64_FR	1044	Picture	+	27573144	0	1	20166	1	0	40460	other	0
SEE_17_64_FR	1045	Picture	hi_A073	27593310	0	1	30166	1	0	30000	other	0
SEE_17_64_FR	1046	Picture	+	27623642	0	1	20166	1	0	43940	other	0
SEE_17_64_FR	1047	Picture	low_F061	27643809	0	1	30166	1	0	30000	other	0
SEE_17_64_FR	1048	Picture	+	27674141	0	1	88831	1	0	next	other	0
SEE_17_64_FR	1049	Sound	hi014a	27694142	0	1			0		other	0
SEE_17_64_FR	1050	Picture	500+	27762972	0	1	5167	1	0	5000	other	0
SEE_17_64_FR	1051	Picture	low_L119	27768139	0	1	30166	1	0	30000	other	0
SEE_17_64_FR	1052	Picture	+	27798305	0	1	60832	1	0	next	other	0
SEE_17_64_FR	1053	Sound	hi014b	27798305	0	1			0		other	0
SEE_17_64_FR	1054	Picture	500+	27859136	0	1	5167	1	0	5000	other	0
SEE_17_64_FR	1055	Picture	hi_P007	27864303	0	1	30166	1	0	30000	other	0
SEE_17_64_FR	1056	Picture	+	27894636	0	1	20166	1	0	32490	other	0
SEE_17_64_FR	1057	Picture	low_L055	27914802	0	1	30166	1	0	30000	other	0
SEE_17_64_FR	1058	Picture	+	27945134	0	1	20166	1	0	44480	other	0
SEE_17_64_FR	1059	Picture	hi_P037	27965301	0	1	30166	1	0	30000	other	0
SEE_17_64_FR	1060	Picture	+	27995633	0	1	75498	1	0	next	other	0
SEE_17_64_FR	1061	Sound	hi247a	28015634	0	1			0		other	0
SEE_17_64_FR	1062	Picture	500+	28071131	0	1	5167	1	0	5000	other	0
SEE_17_64_FR	1063	Picture	hi_F159	28076298	0	1	30166	1	0	30000	other	0
SEE_17_64_FR	1064	Picture	+	28106464	0	1	60499	1	0	next	other	0
SEE_17_64_FR	1065	Sound	hi247b	28106464	0	1			0		other	0
SEE_17_64_FR	1066	Picture	500+	28166962	0	1	5167	1	0	5000	other	0
SEE_17_64_FR	1067	Picture	low_L051	28172129	0	1	30166	1	0	30000	other	0
SEE_17_64_FR	1068	Picture	+	28202461	0	1	20166	1	0	36010	other	0
SEE_17_64_FR	1069	Picture	low_A193	28222627	0	1	30166	1	0	30000	other	0
SEE_17_64_FR	1070	Picture	+	28252960	0	1	20166	1	0	43130	other	0
SEE_17_64_FR	1071	Picture	hi_O285	28273126	0	1	30166	1	0	30000	other	0
SEE_17_64_FR	1072	Picture	+	28303459	0	1	84498	1	0	next	other	0
SEE_17_64_FR	1073	Sound	hi128a	28323460	0	1			0		other	0
SEE_17_64_FR	1074	Picture	500+	28387957	0	1	5166	1	0	5000	other	0
SEE_17_64_FR	1075	Picture	hi_P029	28393123	0	1	30166	1	0	30000	other	0
SEE_17_64_FR	1076	Picture	+	28423289	0	1	68332	1	0	next	other	0
SEE_17_64_FR	1077	Sound	hi128b	28423290	0	1			0		other	0
SEE_17_64_FR	1078	Picture	500+	28491621	0	1	5167	1	0	5000	other	0
SEE_17_64_FR	1079	Picture	low_L161	28496787	0	1	30166	1	0	30000	other	0
SEE_17_64_FR	1080	Picture	+	28527120	0	1	20166	1	0	40790	other	0
SEE_17_64_FR	1081	Picture	low_A115	28547286	0	1	30166	1	0	30000	other	0
SEE_17_64_FR	1082	Picture	+	28577619	0	1	20166	1	0	30770	other	0
SEE_17_64_FR	1083	Picture	hi_O202	28597785	0	1	30166	1	0	30000	other	0
SEE_17_64_FR	1084	Picture	+	28628117	0	1	87998	1	0	next	other	0
SEE_17_64_FR	1085	Sound	low179a	28648118	0	1			0		other	0
SEE_17_64_FR	1086	Picture	500+	28716115	0	1	5167	1	0	5000	other	0
SEE_17_64_FR	1087	Picture	low_A100	28721282	0	1	30166	1	0	30000	other	0
SEE_17_64_FR	1088	Picture	+	28751614	0	1	63498	1	0	next	other	0
SEE_17_64_FR	1089	Sound	low179b	28751615	0	1			0		other	0
SEE_17_64_FR	1090	Picture	500+	28815113	0	1	5167	1	0	5000	other	0
SEE_17_64_FR	1091	Picture	hi_L026	28820446	0	1	30166	1	0	30000	other	0
SEE_17_64_FR	1092	Picture	+	28850778	0	1	20166	1	0	30040	other	0
SEE_17_64_FR	1093	Picture	hi_F321	28870945	0	1	30166	1	0	30000	other	0
SEE_17_64_FR	1094	Picture	+	28901277	0	1	20166	1	0	35740	other	0
SEE_17_64_FR	1095	Picture	low_F042	28921443	0	1	30166	1	0	30000	other	0
SEE_17_64_FR	1096	Picture	+	28951776	0	1	76331	1	0	next	other	0
SEE_17_64_FR	1097	Sound	low031a	28971777	0	1			0		other	0
SEE_17_64_FR	1098	Picture	500+	29028107	0	1	5167	1	0	5000	other	0
SEE_17_64_FR	1099	Picture	low_P113	29033441	0	1	30166	1	0	30000	other	0
SEE_17_64_FR	1100	Picture	+	29063606	0	1	69498	1	0	next	other	0
SEE_17_64_FR	1101	Sound	low031b	29063607	0	1			0		other	0
SEE_17_64_FR	1102	Picture	500+	29133105	0	1	5167	1	0	5000	other	0
SEE_17_64_FR	1103	Picture	hi_O291	29138271	0	1	30166	1	0	30000	other	0
SEE_17_64_FR	1104	Picture	+	29168604	0	1	20166	1	0	31880	other	0
SEE_17_64_FR	1105	Picture	hi_P011	29188770	0	1	30166	1	0	30000	other	0
SEE_17_64_FR	1106	Picture	+	29219102	0	1	20166	1	0	35550	other	0
SEE_17_64_FR	1107	Picture	low_L071	29239269	0	1	30166	1	0	30000	other	0
SEE_17_64_FR	1108	Picture	+	29269601	0	1	81998	1	0	next	other	0
SEE_17_64_FR	1109	Sound	low057a	29289602	0	1			0		other	0
SEE_17_64_FR	1110	Picture	500+	29351599	0	1	5167	1	0	5000	other	0
SEE_17_64_FR	1111	Picture	low_L125	29356766	0	1	30166	1	0	30000	other	0
SEE_17_64_FR	1112	Picture	+	29387098	0	1	58499	1	0	next	other	0
SEE_17_64_FR	1113	Sound	low057b	29387099	0	1			0		other	0
SEE_17_64_FR	1114	Picture	500+	29445597	0	1	5167	1	0	5000	other	0
SEE_17_64_FR	1115	Picture	hi_P003	29450763	0	1	30166	1	0	30000	other	0
SEE_17_64_FR	1116	Picture	+	29481096	0	1	20166	1	0	39390	other	0
SEE_17_64_FR	1117	Picture	hi_P227	29501262	0	1	30166	1	0	30000	other	0
SEE_17_64_FR	1118	Picture	+	29531595	0	1	20166	1	0	30120	other	0
SEE_17_64_FR	1119	Picture	low_L176	29551761	0	1	30166	1	0	30000	other	0
SEE_17_64_FR	1120	Picture	+	29582093	0	1	76831	1	0	next	other	0
SEE_17_64_FR	1121	Sound	low272a	29602094	0	1			0		other	0
SEE_17_64_FR	1122	Picture	500+	29658925	0	1	5167	1	0	5000	other	0
SEE_17_64_FR	1123	Picture	low_A217	29664091	0	1	30166	1	0	30000	other	0
SEE_17_64_FR	1124	Picture	+	29694257	0	1	69665	1	0	next	other	0
SEE_17_64_FR	1125	Sound	low272b	29694258	0	1			0		other	0
SEE_17_64_FR	1126	Picture	500+	29763922	0	1	5167	1	0	5000	other	0
SEE_17_64_FR	1127	Picture	hi_A045	29769255	0	1	30166	1	0	30000	other	0
SEE_17_64_FR	1128	Picture	+	29799588	0	1	20166	1	0	43510	other	0
SEE_17_64_FR	1129	Picture	hi_F274	29819754	0	1	30166	1	0	30000	other	0
SEE_17_64_FR	1130	Picture	+	29850087	0	1	20166	1	0	33810	other	0
SEE_17_64_FR	1131	Picture	low_A188	29870253	0	1	30166	1	0	30000	other	0
SEE_17_64_FR	1132	Picture	+	29900586	0	1	80998	1	0	next	other	0
SEE_17_64_FR	1133	Sound	low050a	29920586	0	1			0		other	0
SEE_17_64_FR	1134	Picture	500+	29981584	0	1	5167	1	0	5000	other	0
SEE_17_64_FR	1135	Picture	hi_A011	29986750	0	1	30166	1	0	30000	other	0
SEE_17_64_FR	1136	Picture	+	30016916	0	1	69665	1	0	next	other	0
SEE_17_64_FR	1137	Sound	low050b	30016917	0	1			0		other	0
SEE_17_64_FR	1138	Picture	500+	30086581	0	1	5167	1	0	5000	other	0
SEE_17_64_FR	1139	Picture	low_P176	30091914	0	1	30166	1	0	30000	other	0
SEE_17_64_FR	1140	Picture	+	30122247	0	1	20166	1	0	32440	other	0
SEE_17_64_FR	1141	Picture	low_A184	30142413	0	1	30166	1	0	30000	other	0
SEE_17_64_FR	1142	Picture	+	30172745	0	1	20166	1	0	31920	other	0
SEE_17_64_FR	1143	Picture	hi_O139	30192912	0	1	30166	1	0	30000	other	0
SEE_17_64_FR	1144	Picture	+	30223244	0	1	83165	1	0	next	other	0
SEE_17_64_FR	1145	Sound	low049a	30243245	0	1			0		other	0
SEE_17_64_FR	1146	Picture	500+	30306409	0	1	5167	1	0	5000	other	0
SEE_17_64_FR	1147	Picture	hi_A050	30311575	0	1	30166	1	0	30000	other	0
SEE_17_64_FR	1148	Picture	+	30341741	0	1	58665	1	0	next	other	0
SEE_17_64_FR	1149	Sound	low049b	30341742	0	1			0		other	0
SEE_17_64_FR	1150	Picture	500+	30400406	0	1	5167	1	0	5000	other	0
SEE_17_64_FR	1151	Picture	low_L166	30405573	0	1	30166	1	0	30000	other	0
SEE_17_64_FR	1152	Picture	+	30435905	0	1	20166	1	0	38560	other	0
SEE_17_64_FR	1153	Picture	low_L113	30456072	0	1	30166	1	0	30000	other	0
SEE_17_64_FR	1154	Picture	+	30486404	0	1	20166	1	0	35640	other	0
SEE_17_64_FR	1155	Picture	hi_O006	30506570	0	1	30166	1	0	30000	other	0
SEE_17_64_FR	1156	Picture	+	30536903	0	1	76831	1	0	next	other	0
SEE_17_64_FR	1157	Sound	hi254a	30556904	0	1			0		other	0
SEE_17_64_FR	1158	Picture	500+	30613734	0	1	5167	1	0	5000	other	0
SEE_17_64_FR	1159	Picture	low_P104	30618901	0	1	30166	1	0	30000	other	0
SEE_17_64_FR	1160	Picture	+	30649067	0	1	55332	1	0	next	other	0
SEE_17_64_FR	1161	Sound	hi254b	30649068	0	1			0		other	0
SEE_17_64_FR	1162	Picture	500+	30704399	0	1	5167	1	0	5000	other	0
SEE_17_64_FR	1163	Picture	hi_P235	30709565	0	1	30166	1	0	30000	other	0
SEE_17_64_FR	1164	Picture	+	30739898	0	1	20166	1	0	34980	other	0
SEE_17_64_FR	1165	Picture	low_L128	30760064	0	1	30166	1	0	30000	other	0
SEE_17_64_FR	1166	Picture	+	30790397	0	1	20166	1	0	30310	other	0
SEE_17_64_FR	1167	Picture	hi_F293	30810563	0	1	30166	1	0	30000	other	0
SEE_17_64_FR	1168	Picture	+	30840895	0	1	86998	1	0	next	other	0
SEE_17_64_FR	1169	Sound	hi251a	30860896	0	1			0		other	0
SEE_17_64_FR	1170	Picture	500+	30927893	0	1	5167	1	0	5000	other	0
SEE_17_64_FR	1171	Picture	hi_O328	30933226	0	1	30166	1	0	30000	other	0
SEE_17_64_FR	1172	Picture	+	30963392	0	1	61832	1	0	next	other	0
SEE_17_64_FR	1173	Sound	hi251b	30963393	0	1			0		other	0
SEE_17_64_FR	1174	Picture	500+	31025224	0	1	5167	1	0	5000	other	0
SEE_17_64_FR	1175	Picture	low_L065	31030391	0	1	30166	1	0	30000	other	0
SEE_17_64_FR	1176	Picture	+	31060723	0	1	20166	1	0	44670	other	0
SEE_17_64_FR	1177	Picture	low_P152	31080889	0	1	30166	1	0	30000	other	0
SEE_17_64_FR	1178	Picture	+	31111222	0	1	20166	1	0	36430	other	0
SEE_17_64_FR	1179	Picture	hi_A034	31131388	0	1	30166	1	0	30000	other	0
SEE_17_64_FR	1180	Picture	+	31161721	0	1	88831	1	0	next	other	0
SEE_17_64_FR	1181	Sound	hi009a	31181722	0	1			0		other	0
SEE_17_64_FR	1182	Picture	500+	31250552	0	1	5167	1	0	5000	other	0
SEE_17_64_FR	1183	Picture	low_L131	31255718	0	1	30166	1	0	30000	other	0
SEE_17_64_FR	1184	Picture	+	31285884	0	1	68832	1	0	next	other	0
SEE_17_64_FR	1185	Sound	hi009b	31285885	0	1			0		other	0
SEE_17_64_FR	1186	Picture	500+	31354716	0	1	5167	1	0	5000	other	0
SEE_17_64_FR	1187	Picture	hi_F019	31359882	0	1	30166	1	0	30000	other	0
SEE_17_64_FR	1188	Picture	+	31390215	0	1	20166	1	0	42090	other	0
SEE_17_64_FR	1189	Picture	hi_F283	31410381	0	1	30166	1	0	30000	other	0
SEE_17_64_FR	1190	Picture	+	31440714	0	1	20166	1	0	41050	other	0
SEE_17_64_FR	1191	Picture	low_A119	31460880	0	1	30166	1	0	30000	other	0
SEE_17_64_FR	1192	Picture	+	31491212	0	1	87331	1	0	next	other	0
SEE_17_64_FR	1193	Sound	hi241a	31511213	0	1			0		other	0
SEE_17_64_FR	1194	Picture	500+	31578544	0	1	5167	1	0	5000	other	0
SEE_17_64_FR	1195	Picture	low_F045	31583710	0	1	30166	1	0	30000	other	0
SEE_17_64_FR	1196	Picture	+	31613876	0	1	63998	1	0	next	other	0
SEE_17_64_FR	1197	Sound	hi241b	31613877	0	1			0		other	0
SEE_17_64_FR	1198	Picture	500+	31677874	0	1	5167	1	0	5000	other	0
SEE_17_64_FR	1199	Picture	hi_A030	31683041	0	1	30166	1	0	30000	other	0
SEE_17_64_FR	1200	Picture	+	31713374	0	1	20166	1	0	43110	other	0
SEE_17_64_FR	1201	Picture	hi_P147	31733540	0	1	30166	1	0	30000	other	0
SEE_17_64_FR	1202	Picture	+	31763872	0	1	20166	1	0	34490	other	0
SEE_17_64_FR	1203	Picture	low_P048	31784039	0	1	30166	1	0	30000	other	0
SEE_17_64_FR	1204	Picture	+	31814371	0	1	20166	1	0	next	other	0
