Scenario - 
Logfile written - 04/01/2016 09:33:35

Subject	Trial	Event Type	Code	Time	TTime	Uncertainty	Duration	Uncertainty	ReqTime	ReqDur	Stim Type	Pair Index

SEE_07_64_FR	1	Response	0	7120	6787	1
SEE_07_64_FR	4	Picture	+	47498	0	1	59998	1	0	next	other	0
SEE_07_64_FR	5	Sound	low030a	47499	0	1			0		other	0
SEE_07_64_FR	6	Picture	500+	107496	0	1	5166	1	0	5000	other	0
SEE_07_64_FR	7	Picture	hi_F295	112663	0	1	30166	1	0	30000	other	0
SEE_07_64_FR	8	Picture	+	142995	0	1	68331	1	0	next	other	0
SEE_07_64_FR	9	Sound	low030b	142996	0	1			0		other	0
SEE_07_64_FR	10	Picture	500+	211326	0	1	5167	1	0	5000	other	0
SEE_07_64_FR	11	Picture	low_P107	216492	0	1	30166	1	0	30000	other	0
SEE_07_64_FR	12	Picture	+	246825	0	1	20166	1	0	35840	other	0
SEE_07_64_FR	13	Picture	hi_P221	266991	0	1	30166	1	0	30000	other	0
SEE_07_64_FR	14	Picture	+	297323	0	1	20166	1	0	41570	other	0
SEE_07_64_FR	15	Picture	low_L167	317489	0	1	30166	1	0	30000	other	0
SEE_07_64_FR	16	Picture	+	347821	0	1	78831	1	0	next	other	0
SEE_07_64_FR	17	Sound	hi326a	367822	0	1			0		other	0
SEE_07_64_FR	18	Picture	500+	426652	0	1	5167	1	0	5000	other	0
SEE_07_64_FR	19	Picture	low_P153	431819	0	1	30166	1	0	30000	other	0
SEE_07_64_FR	20	Picture	+	461984	0	1	60498	1	0	next	other	0
SEE_07_64_FR	21	Sound	hi326b	461985	0	1			0		other	0
SEE_07_64_FR	22	Picture	500+	522482	0	1	5166	1	0	5000	other	0
SEE_07_64_FR	23	Picture	hi_O105	527649	0	1	30166	1	0	30000	other	0
SEE_07_64_FR	24	Picture	+	557981	0	1	20166	1	0	32540	other	0
SEE_07_64_FR	25	Picture	hi_F274	578147	0	1	30166	1	0	30000	other	0
SEE_07_64_FR	26	Picture	+	608479	0	1	20166	1	0	39650	other	0
SEE_07_64_FR	27	Picture	low_F042	628645	0	1	30166	1	0	30000	other	0
SEE_07_64_FR	28	Picture	+	658977	0	1	78331	1	0	next	other	0
SEE_07_64_FR	29	Sound	low049a	678978	0	1			0		other	0
SEE_07_64_FR	30	Picture	500+	737308	0	1	5166	1	0	5000	other	0
SEE_07_64_FR	31	Picture	hi_P198	742475	0	1	30166	1	0	30000	other	0
SEE_07_64_FR	32	Picture	+	772807	0	1	64498	1	0	next	other	0
SEE_07_64_FR	33	Sound	low049b	772808	0	1			0		other	0
SEE_07_64_FR	34	Picture	500+	837305	0	1	5167	1	0	5000	other	0
SEE_07_64_FR	35	Picture	low_O256	842638	0	1	30166	1	0	30000	other	0
SEE_07_64_FR	36	Picture	+	872970	0	1	20166	1	0	42180	other	0
SEE_07_64_FR	37	Picture	hi_P222	893136	0	1	30166	1	0	30000	other	0
SEE_07_64_FR	38	Picture	+	923468	0	1	20166	1	0	38980	other	0
SEE_07_64_FR	39	Picture	low_F047	943634	0	1	30166	1	0	30000	other	0
SEE_07_64_FR	40	Picture	+	973967	0	1	83164	1	0	next	other	0
SEE_07_64_FR	41	Sound	low042a	993967	0	1			0		other	0
SEE_07_64_FR	42	Picture	500+	1057131	0	1	5167	1	0	5000	other	0
SEE_07_64_FR	43	Picture	low_L158	1062464	0	1	30166	1	0	30000	other	0
SEE_07_64_FR	44	Picture	+	1092629	0	1	57665	1	0	next	other	0
SEE_07_64_FR	45	Sound	low042b	1092630	0	2			0		other	0
SEE_07_64_FR	46	Picture	500+	1150294	0	1	5167	1	0	5000	other	0
SEE_07_64_FR	47	Picture	hi_F370	1155461	0	1	30166	1	0	30000	other	0
SEE_07_64_FR	48	Picture	+	1185793	0	1	20166	1	0	39970	other	0
SEE_07_64_FR	49	Picture	low_A169	1205959	0	1	30166	1	0	30000	other	0
SEE_07_64_FR	50	Picture	+	1236291	0	1	20166	1	0	40220	other	0
SEE_07_64_FR	51	Picture	hi_F368	1256457	0	1	30166	1	0	30000	other	0
SEE_07_64_FR	52	Picture	+	1286789	0	1	81164	1	0	next	other	0
SEE_07_64_FR	53	Sound	low087a	1306790	0	1			0		other	0
SEE_07_64_FR	54	Picture	500+	1367953	0	1	5167	1	0	5000	other	0
SEE_07_64_FR	55	Picture	hi_F146	1373120	0	1	30166	1	0	30000	other	0
SEE_07_64_FR	56	Picture	+	1403452	0	1	69664	1	0	next	other	0
SEE_07_64_FR	57	Sound	low087b	1403453	0	1			0		other	0
SEE_07_64_FR	58	Picture	500+	1473116	0	1	5166	1	0	5000	other	0
SEE_07_64_FR	59	Picture	low_F125	1478283	0	1	30166	1	0	30000	other	0
SEE_07_64_FR	60	Picture	+	1508615	0	1	20166	1	0	30520	other	0
SEE_07_64_FR	61	Picture	hi_P228	1528781	0	1	30166	1	0	30000	other	0
SEE_07_64_FR	62	Picture	+	1559113	0	1	20166	1	0	33230	other	0
SEE_07_64_FR	63	Picture	low_P046	1579279	0	1	30166	1	0	30000	other	0
SEE_07_64_FR	64	Picture	+	1609612	0	1	78831	1	0	next	other	0
SEE_07_64_FR	65	Sound	hi001a	1629613	0	1			0		other	0
SEE_07_64_FR	66	Picture	500+	1688442	0	1	5167	1	0	5000	other	0
SEE_07_64_FR	67	Picture	hi_P215	1693609	0	1	30166	1	0	30000	other	0
SEE_07_64_FR	68	Picture	+	1723775	0	1	55331	1	0	next	other	0
SEE_07_64_FR	69	Sound	hi001b	1723775	0	1			0		other	0
SEE_07_64_FR	70	Picture	500+	1779106	0	1	5166	1	0	5000	other	0
SEE_07_64_FR	71	Picture	low_A159	1784272	0	1	30166	1	0	30000	other	0
SEE_07_64_FR	72	Picture	+	1814605	0	1	20166	1	0	44850	other	0
SEE_07_64_FR	73	Picture	low_L169	1834771	0	1	30166	1	0	30000	other	0
SEE_07_64_FR	74	Picture	+	1865103	0	1	20166	1	0	34380	other	0
SEE_07_64_FR	75	Picture	hi_P144	1885269	0	1	30166	1	0	30000	other	0
SEE_07_64_FR	76	Picture	+	1915601	0	1	86664	1	0	next	other	0
SEE_07_64_FR	77	Sound	low351a	1935602	0	1			0		other	0
SEE_07_64_FR	78	Picture	500+	2002265	0	1	5166	1	0	5000	other	0
SEE_07_64_FR	79	Picture	hi_P202	2007432	0	1	30166	1	0	30000	other	0
SEE_07_64_FR	80	Picture	+	2037597	0	1	62665	1	0	next	other	0
SEE_07_64_FR	81	Sound	low351b	2037598	0	1			0		other	0
SEE_07_64_FR	82	Picture	500+	2100262	0	1	5167	1	0	5000	other	0
SEE_07_64_FR	83	Picture	low_A146	2105428	0	1	30166	1	0	30000	other	0
SEE_07_64_FR	84	Picture	+	2135761	0	1	20166	1	0	38100	other	0
SEE_07_64_FR	85	Picture	hi_F287	2155927	0	1	30166	1	0	30000	other	0
SEE_07_64_FR	86	Picture	+	2186259	0	1	20166	1	0	40280	other	0
SEE_07_64_FR	87	Picture	low_L176	2206425	0	1	30166	1	0	30000	other	0
SEE_07_64_FR	88	Picture	+	2236757	0	1	80331	1	0	next	other	0
SEE_07_64_FR	89	Sound	low063a	2256758	0	1			0		other	0
SEE_07_64_FR	90	Picture	500+	2317088	0	1	5167	1	0	5000	other	0
SEE_07_64_FR	91	Picture	hi_A024	2322421	0	1	30166	1	0	30000	other	0
SEE_07_64_FR	92	Picture	+	2352586	0	1	63831	1	0	next	other	0
SEE_07_64_FR	93	Sound	low063b	2352587	0	1			0		other	0
SEE_07_64_FR	94	Picture	500+	2416418	0	1	5166	1	0	5000	other	0
SEE_07_64_FR	95	Picture	low_A091	2421751	0	1	30166	1	0	30000	other	0
SEE_07_64_FR	96	Picture	+	2452083	0	1	20166	1	0	36530	other	0
SEE_07_64_FR	97	Picture	low_A217	2472249	0	1	30166	1	0	30000	other	0
SEE_07_64_FR	98	Picture	+	2502581	0	1	20166	1	0	33120	other	0
SEE_07_64_FR	99	Picture	hi_A059	2522747	0	1	30166	1	0	30000	other	0
SEE_07_64_FR	100	Picture	+	2553080	0	1	82664	1	0	next	other	0
SEE_07_64_FR	101	Sound	hi314a	2573081	0	1			0		other	0
SEE_07_64_FR	102	Picture	500+	2635743	0	1	5167	1	0	5000	other	0
SEE_07_64_FR	103	Picture	low_L154	2641077	0	1	30166	1	0	30000	other	0
SEE_07_64_FR	104	Picture	+	2671242	0	1	65498	1	0	next	other	0
SEE_07_64_FR	105	Sound	hi314b	2671243	0	1			0		other	0
SEE_07_64_FR	106	Picture	500+	2736740	0	1	5166	1	0	5000	other	0
SEE_07_64_FR	107	Picture	hi_P128	2742073	0	1	30166	1	0	30000	other	0
SEE_07_64_FR	108	Picture	+	2772406	0	1	20166	1	0	30210	other	0
SEE_07_64_FR	109	Picture	hi_O328	2792571	0	1	30166	1	0	30000	other	0
SEE_07_64_FR	110	Picture	+	2822904	0	1	20166	1	0	31750	other	0
SEE_07_64_FR	111	Picture	low_L132	2843070	0	1	30166	1	0	30000	other	0
SEE_07_64_FR	112	Picture	+	2873402	0	1	75331	1	0	next	other	0
SEE_07_64_FR	113	Sound	low284a	2893403	0	1			0		other	0
SEE_07_64_FR	114	Picture	500+	2948733	0	1	5167	1	0	5000	other	0
SEE_07_64_FR	115	Picture	low_F001	2953899	0	1	30166	1	0	30000	other	0
SEE_07_64_FR	116	Picture	+	2984065	0	1	68664	1	0	next	other	0
SEE_07_64_FR	117	Sound	low284b	2984066	0	1			0		other	0
SEE_07_64_FR	118	Picture	500+	3052729	0	1	5167	1	0	5000	other	0
SEE_07_64_FR	119	Picture	hi_L007	3058062	0	1	30166	1	0	30000	other	0
SEE_07_64_FR	120	Picture	+	3088395	0	1	20166	1	0	31230	other	0
SEE_07_64_FR	121	Picture	hi_A034	3108561	0	1	30166	1	0	30000	other	0
SEE_07_64_FR	122	Picture	+	3138893	0	1	20166	1	0	40690	other	0
SEE_07_64_FR	123	Picture	low_P112	3159059	0	1	30166	1	0	30000	other	0
SEE_07_64_FR	124	Picture	+	3189391	0	1	76164	1	0	next	other	0
SEE_07_64_FR	125	Sound	hi010a	3209392	0	1			0		other	0
SEE_07_64_FR	126	Picture	500+	3265555	0	1	5166	1	0	5000	other	0
SEE_07_64_FR	127	Picture	hi_A060	3270722	0	1	30166	1	0	30000	other	0
SEE_07_64_FR	128	Picture	+	3300888	0	1	67998	1	0	next	other	0
SEE_07_64_FR	129	Sound	hi010b	3300888	0	1			0		other	0
SEE_07_64_FR	130	Picture	500+	3368885	0	1	5167	1	0	5000	other	0
SEE_07_64_FR	131	Picture	low_O220	3374218	0	1	30166	1	0	30000	other	0
SEE_07_64_FR	132	Picture	+	3404551	0	1	20166	1	0	38620	other	0
SEE_07_64_FR	133	Picture	low_L094	3424717	0	1	30166	1	0	30000	other	0
SEE_07_64_FR	134	Picture	+	3455049	0	1	20166	1	0	36460	other	0
SEE_07_64_FR	135	Picture	hi_A019	3475215	0	1	30166	1	0	30000	other	0
SEE_07_64_FR	136	Picture	+	3505547	0	1	79831	1	0	next	other	0
SEE_07_64_FR	137	Sound	hi252a	3525548	0	1			0		other	0
SEE_07_64_FR	138	Picture	500+	3585378	0	1	5167	1	0	5000	other	0
SEE_07_64_FR	139	Picture	low_P179	3590544	0	1	30166	1	0	30000	other	0
SEE_07_64_FR	140	Picture	+	3620710	0	1	62831	1	0	next	other	0
SEE_07_64_FR	141	Sound	hi252b	3620711	0	2			0		other	0
SEE_07_64_FR	142	Picture	500+	3683541	0	1	5167	1	0	5000	other	0
SEE_07_64_FR	143	Picture	hi_O007	3688874	0	1	30166	1	0	30000	other	0
SEE_07_64_FR	144	Picture	+	3719207	0	1	20166	1	0	32220	other	0
SEE_07_64_FR	145	Picture	low_A221	3739373	0	1	30166	1	0	30000	other	0
SEE_07_64_FR	146	Picture	+	3769705	0	1	20166	1	0	37820	other	0
SEE_07_64_FR	147	Picture	hi_F009	3789871	0	1	30166	1	0	30000	other	0
SEE_07_64_FR	148	Picture	+	3820203	0	1	75497	1	0	next	other	0
SEE_07_64_FR	149	Sound	low149a	3840204	0	2			0		other	0
SEE_07_64_FR	150	Picture	500+	3895701	0	1	5167	1	0	5000	other	0
SEE_07_64_FR	151	Picture	low_L148	3900867	0	1	30166	1	0	30000	other	0
SEE_07_64_FR	152	Picture	+	3931199	0	1	61165	1	0	next	other	0
SEE_07_64_FR	153	Sound	low149b	3931200	0	1			0		other	0
SEE_07_64_FR	154	Picture	500+	3992364	0	1	5167	1	0	5000	other	0
SEE_07_64_FR	155	Picture	hi_P147	3997531	0	1	30166	1	0	30000	other	0
SEE_07_64_FR	156	Picture	+	4027863	0	1	20166	1	0	38070	other	0
SEE_07_64_FR	157	Picture	hi_O002	4048029	0	1	30166	1	0	30000	other	0
SEE_07_64_FR	158	Picture	+	4078361	0	1	20166	1	0	40720	other	0
SEE_07_64_FR	159	Picture	low_F066	4098527	0	1	30166	1	0	30000	other	0
SEE_07_64_FR	160	Picture	+	4128859	0	1	86330	1	0	next	other	0
SEE_07_64_FR	161	Sound	low089a	4148860	0	1			0		other	0
SEE_07_64_FR	162	Picture	500+	4215190	0	1	5167	1	0	5000	other	0
SEE_07_64_FR	163	Picture	hi_A056	4220356	0	1	30166	1	0	30000	other	0
SEE_07_64_FR	164	Picture	+	4250522	0	1	61831	1	0	next	other	0
SEE_07_64_FR	165	Sound	low089b	4250522	0	1			0		other	0
SEE_07_64_FR	166	Picture	500+	4312353	0	1	5166	1	0	5000	other	0
SEE_07_64_FR	167	Picture	low_A114	4317520	0	1	30166	1	0	30000	other	0
SEE_07_64_FR	168	Picture	+	4347852	0	1	20166	1	0	37070	other	0
SEE_07_64_FR	169	Picture	hi_O300	4368018	0	1	30166	1	0	30000	other	0
SEE_07_64_FR	170	Picture	+	4398350	0	1	20166	1	0	34010	other	0
SEE_07_64_FR	171	Picture	low_A099	4418516	0	1	30166	1	0	30000	other	0
SEE_07_64_FR	172	Picture	+	4448849	0	1	77497	1	0	next	other	0
SEE_07_64_FR	173	Sound	hi007a	4468849	0	1			0		other	0
SEE_07_64_FR	174	Picture	500+	4526346	0	1	5166	1	0	5000	other	0
SEE_07_64_FR	175	Picture	hi_P009	4531512	0	1	30166	1	0	30000	other	0
SEE_07_64_FR	176	Picture	+	4561678	0	1	63998	1	0	next	other	0
SEE_07_64_FR	177	Sound	hi007b	4561679	0	1			0		other	0
SEE_07_64_FR	178	Picture	500+	4625676	0	1	5166	1	0	5000	other	0
SEE_07_64_FR	179	Picture	low_A136	4630842	0	1	30166	1	0	30000	other	0
SEE_07_64_FR	180	Picture	+	4661175	0	1	20166	1	0	44600	other	0
SEE_07_64_FR	181	Picture	low_A128	4681341	0	1	30166	1	0	30000	other	0
SEE_07_64_FR	182	Picture	+	4711673	0	1	20166	1	0	39000	other	0
SEE_07_64_FR	183	Picture	hi_P139	4731839	0	1	30166	1	0	30000	other	0
SEE_07_64_FR	184	Picture	+	4762171	0	1	75831	1	0	next	other	0
SEE_07_64_FR	185	Sound	low274a	4782172	0	1			0		other	0
SEE_07_64_FR	186	Picture	500+	4838002	0	1	5166	1	0	5000	other	0
SEE_07_64_FR	187	Picture	hi_F298	4843335	0	1	30166	1	0	30000	other	0
SEE_07_64_FR	188	Picture	+	4873501	0	1	66164	1	0	next	other	0
SEE_07_64_FR	189	Sound	low274b	4873501	0	1			0		other	0
SEE_07_64_FR	190	Picture	500+	4939665	0	1	5166	1	0	5000	other	0
SEE_07_64_FR	191	Picture	low_A152	4944832	0	1	30166	1	0	30000	other	0
SEE_07_64_FR	192	Picture	+	4975164	0	1	20166	1	0	43810	other	0
SEE_07_64_FR	193	Picture	low_A167	4995330	0	1	30166	1	0	30000	other	0
SEE_07_64_FR	194	Picture	+	5025662	0	1	20166	1	0	34200	other	0
SEE_07_64_FR	195	Picture	hi_P227	5045828	0	1	30166	1	0	30000	other	0
SEE_07_64_FR	196	Picture	+	5076160	0	1	82164	1	0	next	other	0
SEE_07_64_FR	197	Sound	low179a	5096161	0	1			0		other	0
SEE_07_64_FR	198	Picture	500+	5158324	0	1	5167	1	0	5000	other	0
SEE_07_64_FR	199	Picture	low_A158	5163491	0	1	30166	1	0	30000	other	0
SEE_07_64_FR	200	Picture	+	5193656	0	1	59165	1	0	next	other	0
SEE_07_64_FR	201	Sound	low179b	5193657	0	1			0		other	0
SEE_07_64_FR	202	Picture	500+	5252821	0	1	5167	1	0	5000	other	0
SEE_07_64_FR	203	Picture	hi_P004	5258154	0	1	30166	1	0	30000	other	0
SEE_07_64_FR	204	Picture	+	5288487	0	1	20166	1	0	32270	other	0
SEE_07_64_FR	205	Picture	hi_F021	5308653	0	1	30166	1	0	30000	other	0
SEE_07_64_FR	206	Picture	+	5338985	0	1	20166	1	0	39690	other	0
SEE_07_64_FR	207	Picture	low_A161	5359151	0	1	30166	1	0	30000	other	0
SEE_07_64_FR	208	Picture	+	5389483	0	1	84830	1	0	next	other	0
SEE_07_64_FR	209	Sound	hi243a	5409484	0	1			0		other	0
SEE_07_64_FR	210	Picture	500+	5474314	0	1	5167	1	0	5000	other	0
SEE_07_64_FR	211	Picture	low_P047	5479480	0	1	30166	1	0	30000	other	0
SEE_07_64_FR	212	Picture	+	5509646	0	1	66498	1	0	next	other	0
SEE_07_64_FR	213	Sound	hi243b	5509646	0	1			0		other	0
SEE_07_64_FR	214	Picture	500+	5576143	0	1	5166	1	0	5000	other	0
SEE_07_64_FR	215	Picture	hi_O013	5581477	0	1	30166	1	0	30000	other	0
SEE_07_64_FR	216	Picture	+	5611809	0	1	20166	1	0	40680	other	0
SEE_07_64_FR	217	Picture	low_P108	5631975	0	1	30166	1	0	30000	other	0
SEE_07_64_FR	218	Picture	+	5662307	0	1	20166	1	0	40470	other	0
SEE_07_64_FR	219	Picture	hi_F028	5682473	0	1	30166	1	0	30000	other	0
SEE_07_64_FR	220	Picture	+	5712806	0	1	81997	1	0	next	other	0
SEE_07_64_FR	221	Sound	hi110a	5732806	0	1			0		other	0
SEE_07_64_FR	222	Picture	500+	5794803	0	1	5167	1	0	5000	other	0
SEE_07_64_FR	223	Picture	hi_P214	5799969	0	1	30166	1	0	30000	other	0
SEE_07_64_FR	224	Picture	+	5830302	0	1	61498	1	0	next	other	0
SEE_07_64_FR	225	Sound	hi110b	5830302	0	1			0		other	0
SEE_07_64_FR	226	Picture	500+	5891799	0	1	5166	1	0	5000	other	0
SEE_07_64_FR	227	Picture	low_F087	5896966	0	1	30166	1	0	30000	other	0
SEE_07_64_FR	228	Picture	+	5927298	0	1	20166	1	0	38880	other	0
SEE_07_64_FR	229	Picture	hi_A030	5947464	0	1	30166	1	0	30000	other	0
SEE_07_64_FR	230	Picture	+	5977796	0	1	20166	1	0	37170	other	0
SEE_07_64_FR	231	Picture	low_O099	5997962	0	1	30166	1	0	30000	other	0
SEE_07_64_FR	232	Picture	+	6028295	0	1	86497	1	0	next	other	0
SEE_07_64_FR	233	Sound	low345a	6048296	0	1			0		other	0
SEE_07_64_FR	234	Picture	500+	6114792	0	1	5167	1	0	5000	other	0
SEE_07_64_FR	235	Picture	hi_A062	6119958	0	1	30166	1	0	30000	other	0
SEE_07_64_FR	236	Picture	+	6150291	0	1	64164	1	0	next	other	0
SEE_07_64_FR	237	Sound	low345b	6150291	0	1			0		other	0
SEE_07_64_FR	238	Picture	500+	6214455	0	1	5166	1	0	5000	other	0
SEE_07_64_FR	239	Picture	low_A131	6219622	0	1	30166	1	0	30000	other	0
SEE_07_64_FR	240	Picture	+	6249954	0	1	20166	1	0	34050	other	0
SEE_07_64_FR	241	Picture	hi_L022	6270120	0	1	30166	1	0	30000	other	0
SEE_07_64_FR	242	Picture	+	6300452	0	1	20166	1	0	36380	other	0
SEE_07_64_FR	243	Picture	low_F228	6320618	0	1	30166	1	0	30000	other	0
SEE_07_64_FR	244	Picture	+	6350951	0	1	87830	1	0	next	other	0
SEE_07_64_FR	245	Sound	hi202a	6370952	0	1			0		other	0
SEE_07_64_FR	246	Picture	500+	6438781	0	1	5166	1	0	5000	other	0
SEE_07_64_FR	247	Picture	low_A201	6443947	0	1	30166	1	0	30000	other	0
SEE_07_64_FR	248	Picture	+	6474113	0	1	58665	1	0	next	other	0
SEE_07_64_FR	249	Sound	hi202b	6474114	0	1			0		other	0
SEE_07_64_FR	250	Picture	500+	6532778	0	1	5166	1	0	5000	other	0
SEE_07_64_FR	251	Picture	hi_P034	6537944	0	1	30166	1	0	30000	other	0
SEE_07_64_FR	252	Picture	+	6568276	0	1	20166	1	0	37770	other	0
SEE_07_64_FR	253	Picture	hi_O126	6588442	0	1	30166	1	0	30000	other	0
SEE_07_64_FR	254	Picture	+	6618775	0	1	20166	1	0	38780	other	0
SEE_07_64_FR	255	Picture	low_P105	6638941	0	1	30166	1	0	30000	other	0
SEE_07_64_FR	256	Picture	+	6669273	0	1	76997	1	0	next	other	0
SEE_07_64_FR	257	Sound	low037a	6689274	0	2			0		other	0
SEE_07_64_FR	258	Picture	500+	6746270	0	1	5166	1	0	5000	other	0
SEE_07_64_FR	259	Picture	hi_A068	6751437	0	1	30166	1	0	30000	other	0
SEE_07_64_FR	260	Picture	+	6781603	0	1	60665	1	0	next	other	0
SEE_07_64_FR	261	Sound	low037b	6781603	0	1			0		other	0
SEE_07_64_FR	262	Picture	500+	6842267	0	1	5166	1	0	5000	other	0
SEE_07_64_FR	263	Picture	low_A090	6847434	0	1	30166	1	0	30000	other	0
SEE_07_64_FR	264	Picture	+	6877766	0	1	20166	1	0	38060	other	0
SEE_07_64_FR	265	Picture	hi_P224	6897932	0	1	30166	1	0	30000	other	0
SEE_07_64_FR	266	Picture	+	6928264	0	1	20166	1	0	34250	other	0
SEE_07_64_FR	267	Picture	low_F061	6948430	0	1	30166	1	0	30000	other	0
SEE_07_64_FR	268	Picture	+	6978762	0	1	81831	1	0	next	other	0
SEE_07_64_FR	269	Sound	hi012a	6998763	0	1			0		other	0
SEE_07_64_FR	270	Picture	500+	7060593	0	1	5166	1	0	5000	other	0
SEE_07_64_FR	271	Picture	hi_O125	7065760	0	1	30166	1	0	30000	other	0
SEE_07_64_FR	272	Picture	+	7095925	0	1	58331	1	0	next	other	0
SEE_07_64_FR	273	Sound	hi012b	7095926	0	1			0		other	0
SEE_07_64_FR	274	Picture	500+	7154257	0	1	5166	1	0	5000	other	0
SEE_07_64_FR	275	Picture	low_F123	7159590	0	1	30166	1	0	30000	other	0
SEE_07_64_FR	276	Picture	+	7189922	0	1	20166	1	0	30570	other	0
SEE_07_64_FR	277	Picture	low_L083	7210088	0	1	30166	1	0	30000	other	0
SEE_07_64_FR	278	Picture	+	7240420	0	1	20166	1	0	30720	other	0
SEE_07_64_FR	279	Picture	hi_A033	7260586	0	1	30166	1	0	30000	other	0
SEE_07_64_FR	280	Picture	+	7290919	0	1	80831	1	0	next	other	0
SEE_07_64_FR	281	Sound	low024a	7310919	0	1			0		other	0
SEE_07_64_FR	282	Picture	500+	7371749	0	1	5166	1	0	5000	other	0
SEE_07_64_FR	283	Picture	low_F343	7376916	0	1	30166	1	0	30000	other	0
SEE_07_64_FR	284	Picture	+	7407081	0	1	62998	1	0	next	other	0
SEE_07_64_FR	285	Sound	low024b	7407082	0	1			0		other	0
SEE_07_64_FR	286	Picture	500+	7470079	0	1	5167	1	0	5000	other	0
SEE_07_64_FR	287	Picture	hi_F018	7475246	0	1	30166	1	0	30000	other	0
SEE_07_64_FR	288	Picture	+	7505578	0	1	20166	1	0	33220	other	0
SEE_07_64_FR	289	Picture	low_F224	7525744	0	1	30166	1	0	30000	other	0
SEE_07_64_FR	290	Picture	+	7556076	0	1	20166	1	0	37610	other	0
SEE_07_64_FR	291	Picture	hi_O132	7576242	0	1	30166	1	0	30000	other	0
SEE_07_64_FR	292	Picture	+	7606574	0	1	86164	1	0	next	other	0
SEE_07_64_FR	293	Sound	hi003a	7626575	0	1			0		other	0
SEE_07_64_FR	294	Picture	500+	7692738	0	1	5166	1	0	5000	other	0
SEE_07_64_FR	295	Picture	hi_A077	7697905	0	1	30166	1	0	30000	other	0
SEE_07_64_FR	296	Picture	+	7728237	0	1	68164	1	0	next	other	0
SEE_07_64_FR	297	Sound	hi003b	7728238	0	1			0		other	0
SEE_07_64_FR	298	Picture	500+	7796401	0	1	5166	1	0	5000	other	0
SEE_07_64_FR	299	Picture	low_L157	7801735	0	1	30166	1	0	30000	other	0
SEE_07_64_FR	300	Picture	+	7832067	0	1	20166	1	0	37640	other	0
SEE_07_64_FR	301	Picture	hi_A073	7852233	0	1	30166	1	0	30000	other	0
SEE_07_64_FR	302	Picture	+	7882565	0	1	20166	1	0	33330	other	0
SEE_07_64_FR	303	Picture	low_A192	7902731	0	1	30166	1	0	30000	other	0
SEE_07_64_FR	304	Picture	+	7933063	0	1	87497	1	0	next	other	0
SEE_07_64_FR	305	Sound	low197a	7953064	0	1			0		other	0
SEE_07_64_FR	306	Picture	500+	8020560	0	1	5167	1	0	5000	other	0
SEE_07_64_FR	307	Picture	hi_P020	8025727	0	1	30166	1	0	30000	other	0
SEE_07_64_FR	308	Picture	+	8056059	0	1	60331	1	0	next	other	0
SEE_07_64_FR	309	Sound	low197b	8056060	0	1			0		other	0
SEE_07_64_FR	310	Picture	500+	8116390	0	1	5167	1	0	5000	other	0
SEE_07_64_FR	311	Picture	low_L009	8121557	0	1	30166	1	0	30000	other	0
SEE_07_64_FR	312	Picture	+	8151889	0	1	20166	1	0	33170	other	0
SEE_07_64_FR	313	Picture	low_L054	8172055	0	1	30166	1	0	30000	other	0
SEE_07_64_FR	314	Picture	+	8202388	0	1	20166	1	0	42160	other	0
SEE_07_64_FR	315	Picture	hi_P016	8222554	0	1	30166	1	0	30000	other	0
SEE_07_64_FR	316	Picture	+	8252886	0	1	78997	1	0	next	other	0
SEE_07_64_FR	317	Sound	low281a	8272887	0	1			0		other	0
SEE_07_64_FR	318	Picture	500+	8331883	0	1	5166	1	0	5000	other	0
SEE_07_64_FR	319	Picture	low_L133	8337050	0	1	30166	1	0	30000	other	0
SEE_07_64_FR	320	Picture	+	8367215	0	1	61498	1	0	next	other	0
SEE_07_64_FR	321	Sound	low281b	8367216	0	1			0		other	0
SEE_07_64_FR	322	Picture	500+	8428713	0	1	5166	1	0	5000	other	0
SEE_07_64_FR	323	Picture	hi_F291	8433880	0	1	30166	1	0	30000	other	0
SEE_07_64_FR	324	Picture	+	8464212	0	1	20166	1	0	36630	other	0
SEE_07_64_FR	325	Picture	low_O219	8484378	0	1	30166	1	0	30000	other	0
SEE_07_64_FR	326	Picture	+	8514710	0	1	20166	1	0	30180	other	0
SEE_07_64_FR	327	Picture	hi_F014	8534876	0	1	30166	1	0	30000	other	0
SEE_07_64_FR	328	Picture	+	8565209	0	1	84997	1	0	next	other	0
SEE_07_64_FR	329	Sound	low044a	8585209	0	1			0		other	0
SEE_07_64_FR	330	Picture	500+	8650206	0	1	5167	1	0	5000	other	0
SEE_07_64_FR	331	Picture	hi_P021	8655372	0	1	30166	1	0	30000	other	0
SEE_07_64_FR	332	Picture	+	8685538	0	1	62665	1	0	next	other	0
SEE_07_64_FR	333	Sound	low044b	8685538	0	1			0		other	0
SEE_07_64_FR	334	Picture	500+	8748202	0	1	5167	1	0	5000	other	0
SEE_07_64_FR	335	Picture	low_P064	8753369	0	1	30166	1	0	30000	other	0
SEE_07_64_FR	336	Picture	+	8783701	0	1	20166	1	0	31140	other	0
SEE_07_64_FR	337	Picture	hi_P086	8803867	0	1	30166	1	0	30000	other	0
SEE_07_64_FR	338	Picture	+	8834199	0	1	20166	1	0	30020	other	0
SEE_07_64_FR	339	Picture	low_L062	8854365	0	1	30166	1	0	30000	other	0
SEE_07_64_FR	340	Picture	+	8884698	0	1	77164	1	0	next	other	0
SEE_07_64_FR	341	Sound	hi127a	8904699	0	1			0		other	0
SEE_07_64_FR	342	Picture	500+	8961862	0	1	5166	1	0	5000	other	0
SEE_07_64_FR	343	Picture	low_P103	8967028	0	1	30166	1	0	30000	other	0
SEE_07_64_FR	344	Picture	+	8997194	0	1	66664	1	0	next	other	0
SEE_07_64_FR	345	Sound	hi127b	8997195	0	1			0		other	0
SEE_07_64_FR	346	Picture	500+	9063858	0	1	5166	1	0	5000	other	0
SEE_07_64_FR	347	Picture	hi_P216	9069025	0	1	30166	1	0	30000	other	0
SEE_07_64_FR	348	Picture	+	9099357	0	1	20166	1	0	39430	other	0
SEE_07_64_FR	349	Picture	low_A157	9119523	0	1	30166	1	0	30000	other	0
SEE_07_64_FR	350	Picture	+	9149855	0	1	20166	1	0	40670	other	0
SEE_07_64_FR	351	Picture	hi_P124	9170021	0	1	30166	1	0	30000	other	0
SEE_07_64_FR	352	Picture	+	9200354	0	1	89997	1	0	next	other	0
SEE_07_64_FR	353	Sound	low350a	9220354	0	1			0		other	0
SEE_07_64_FR	354	Picture	500+	9290351	0	1	5167	1	0	5000	other	0
SEE_07_64_FR	355	Picture	hi_F013	9295517	0	1	30166	1	0	30000	other	0
SEE_07_64_FR	356	Picture	+	9325683	0	1	57831	1	0	next	other	0
SEE_07_64_FR	357	Sound	low350b	9325683	0	1			0		other	0
SEE_07_64_FR	358	Picture	500+	9383514	0	1	5166	1	0	5000	other	0
SEE_07_64_FR	359	Picture	low_L089	9388681	0	1	30166	1	0	30000	other	0
SEE_07_64_FR	360	Picture	+	9419013	0	1	20166	1	0	38600	other	0
SEE_07_64_FR	361	Picture	hi_O148	9439179	0	1	30166	1	0	30000	other	0
SEE_07_64_FR	362	Picture	+	9469511	0	1	20166	1	0	42490	other	0
SEE_07_64_FR	363	Picture	low_L172	9489677	0	1	30166	1	0	30000	other	0
SEE_07_64_FR	364	Picture	+	9520009	0	1	78164	1	0	next	other	0
SEE_07_64_FR	365	Sound	hi241a	9540010	0	1			0		other	0
SEE_07_64_FR	366	Picture	500+	9598173	0	1	5167	1	0	5000	other	0
SEE_07_64_FR	367	Picture	low_O192	9603507	0	1	30166	1	0	30000	other	0
SEE_07_64_FR	368	Picture	+	9633839	0	1	63331	1	0	next	other	0
SEE_07_64_FR	369	Sound	hi241b	9633839	0	1			0		other	0
SEE_07_64_FR	370	Picture	500+	9697170	0	1	5166	1	0	5000	other	0
SEE_07_64_FR	371	Picture	hi_A041	9702337	0	1	30166	1	0	30000	other	0
SEE_07_64_FR	372	Picture	+	9732669	0	1	20166	1	0	42120	other	0
SEE_07_64_FR	373	Picture	hi_A058	9752835	0	1	30166	1	0	30000	other	0
SEE_07_64_FR	374	Picture	+	9783167	0	1	20166	1	0	44410	other	0
SEE_07_64_FR	375	Picture	low_A156	9803333	0	1	30166	1	0	30000	other	0
SEE_07_64_FR	376	Picture	+	9833665	0	1	77164	1	0	next	other	0
SEE_07_64_FR	377	Sound	hi014a	9853666	0	1			0		other	0
SEE_07_64_FR	378	Picture	500+	9910830	0	1	5167	1	0	5000	other	0
SEE_07_64_FR	379	Picture	hi_F159	9915996	0	1	30166	1	0	30000	other	0
SEE_07_64_FR	380	Picture	+	9946162	0	1	66998	1	0	next	other	0
SEE_07_64_FR	381	Sound	hi014b	9946162	0	1			0		other	0
SEE_07_64_FR	382	Picture	500+	10013159	0	1	5166	1	0	5000	other	0
SEE_07_64_FR	383	Picture	low_A104	10018326	0	1	30166	1	0	30000	other	0
SEE_07_64_FR	384	Picture	+	10048658	0	1	20166	1	0	44430	other	0
SEE_07_64_FR	385	Picture	low_L121	10068824	0	1	30166	1	0	30000	other	0
SEE_07_64_FR	386	Picture	+	10099156	0	1	20166	1	0	42480	other	0
SEE_07_64_FR	387	Picture	hi_P235	10119322	0	1	30166	1	0	30000	other	0
SEE_07_64_FR	388	Picture	+	10149655	0	1	81831	1	0	next	other	0
SEE_07_64_FR	389	Sound	hi128a	10169656	0	1			0		other	0
SEE_07_64_FR	390	Picture	500+	10231485	0	1	5167	1	0	5000	other	0
SEE_07_64_FR	391	Picture	low_F358	10236652	0	1	30166	1	0	30000	other	0
SEE_07_64_FR	392	Picture	+	10266817	0	1	56498	1	0	next	other	0
SEE_07_64_FR	393	Sound	hi128b	10266818	0	1			0		other	0
SEE_07_64_FR	394	Picture	500+	10323316	0	1	5166	1	0	5000	other	0
SEE_07_64_FR	395	Picture	hi_O291	10328482	0	1	30166	1	0	30000	other	0
SEE_07_64_FR	396	Picture	+	10358814	0	1	20166	1	0	32500	other	0
SEE_07_64_FR	397	Picture	low_L096	10378980	0	1	30166	1	0	30000	other	0
SEE_07_64_FR	398	Picture	+	10409313	0	1	20166	1	0	32500	other	0
SEE_07_64_FR	399	Picture	hi_F172	10429479	0	1	30166	1	0	30000	other	0
SEE_07_64_FR	400	Picture	+	10459811	0	1	77164	1	0	next	other	0
SEE_07_64_FR	401	Sound	hi142a	10479812	0	1			0		other	0
SEE_07_64_FR	402	Picture	500+	10536975	0	1	5167	1	0	5000	other	0
SEE_07_64_FR	403	Picture	low_L164	10542141	0	1	30166	1	0	30000	other	0
SEE_07_64_FR	404	Picture	+	10572474	0	1	66831	1	0	next	other	0
SEE_07_64_FR	405	Sound	hi142b	10572474	0	1			0		other	0
SEE_07_64_FR	406	Picture	500+	10639305	0	1	5167	1	0	5000	other	0
SEE_07_64_FR	407	Picture	hi_L002	10644471	0	1	30166	1	0	30000	other	0
SEE_07_64_FR	408	Picture	+	10674804	0	1	20166	1	0	38380	other	0
SEE_07_64_FR	409	Picture	hi_F158	10694970	0	1	30166	1	0	30000	other	0
SEE_07_64_FR	410	Picture	+	10725302	0	1	20166	1	0	37800	other	0
SEE_07_64_FR	411	Picture	low_L107	10745468	0	1	30166	1	0	30000	other	0
SEE_07_64_FR	412	Picture	+	10775800	0	1	76164	1	0	next	other	0
SEE_07_64_FR	413	Sound	hi214a	10795801	0	1			0		other	0
SEE_07_64_FR	414	Picture	500+	10851964	0	1	5166	1	0	5000	other	0
SEE_07_64_FR	415	Picture	low_L126	10857131	0	1	30166	1	0	30000	other	0
SEE_07_64_FR	416	Picture	+	10887296	0	1	56998	1	0	next	other	0
SEE_07_64_FR	417	Sound	hi214b	10887297	0	1			0		other	0
SEE_07_64_FR	418	Picture	500+	10944294	0	1	5166	1	0	5000	other	0
SEE_07_64_FR	419	Picture	hi_P220	10949461	0	1	30166	1	0	30000	other	0
SEE_07_64_FR	420	Picture	+	10979793	0	1	20166	1	0	39810	other	0
SEE_07_64_FR	421	Picture	low_P048	10999959	0	1	30166	1	0	30000	other	0
SEE_07_64_FR	422	Picture	+	11030291	0	1	20166	1	0	33650	other	0
SEE_07_64_FR	423	Picture	hi_A013	11050457	0	1	30166	1	0	30000	other	0
SEE_07_64_FR	424	Picture	+	11080790	0	1	81664	1	0	next	other	0
SEE_07_64_FR	425	Sound	low038a	11100791	0	1			0		other	0
SEE_07_64_FR	426	Picture	500+	11162454	0	1	5166	1	0	5000	other	0
SEE_07_64_FR	427	Picture	hi_F299	11167787	0	1	30166	1	0	30000	other	0
SEE_07_64_FR	428	Picture	+	11197952	0	1	55831	1	0	next	other	0
SEE_07_64_FR	429	Sound	low038b	11197953	0	1			0		other	0
SEE_07_64_FR	430	Picture	500+	11253784	0	1	5167	1	0	5000	other	0
SEE_07_64_FR	431	Picture	low_F138	11258950	0	1	30166	1	0	30000	other	0
SEE_07_64_FR	432	Picture	+	11289283	0	1	20166	1	0	37220	other	0
SEE_07_64_FR	433	Picture	low_L034	11309449	0	1	30166	1	0	30000	other	0
SEE_07_64_FR	434	Picture	+	11339781	0	1	20166	1	0	32130	other	0
SEE_07_64_FR	435	Picture	hi_P038	11359947	0	1	30166	1	0	30000	other	0
SEE_07_64_FR	436	Picture	+	11390279	0	1	81664	1	0	next	other	0
SEE_07_64_FR	437	Sound	low358a	11410280	0	1			0		other	0
SEE_07_64_FR	438	Picture	500+	11471943	0	1	5166	1	0	5000	other	0
SEE_07_64_FR	439	Picture	low_F098	11477110	0	1	30166	1	0	30000	other	0
SEE_07_64_FR	440	Picture	+	11507275	0	1	68498	1	0	next	other	0
SEE_07_64_FR	441	Sound	low358b	11507276	0	1			0		other	0
SEE_07_64_FR	442	Picture	500+	11575773	0	1	5166	1	0	5000	other	0
SEE_07_64_FR	443	Picture	hi_P003	11580939	0	1	30166	1	0	30000	other	0
SEE_07_64_FR	444	Picture	+	11611272	0	1	20166	1	0	35980	other	0
SEE_07_64_FR	445	Picture	low_L111	11631438	0	1	30166	1	0	30000	other	0
SEE_07_64_FR	446	Picture	+	11661770	0	1	20166	1	0	44570	other	0
SEE_07_64_FR	447	Picture	hi_L005	11681936	0	1	30166	1	0	30000	other	0
SEE_07_64_FR	448	Picture	+	11712268	0	1	75164	1	0	next	other	0
SEE_07_64_FR	449	Sound	low344a	11732269	0	1			0		other	0
SEE_07_64_FR	450	Picture	500+	11787432	0	1	5166	1	0	5000	other	0
SEE_07_64_FR	451	Picture	low_L128	11792599	0	1	30166	1	0	30000	other	0
SEE_07_64_FR	452	Picture	+	11822765	0	1	56665	1	0	next	other	0
SEE_07_64_FR	453	Sound	low344b	11822765	0	1			0		other	0
SEE_07_64_FR	454	Picture	500+	11879429	0	1	5166	1	0	5000	other	0
SEE_07_64_FR	455	Picture	hi_P008	11884596	0	1	30166	1	0	30000	other	0
SEE_07_64_FR	456	Picture	+	11914928	0	1	20166	1	0	30700	other	0
SEE_07_64_FR	457	Picture	hi_P022	11935094	0	1	30166	1	0	30000	other	0
SEE_07_64_FR	458	Picture	+	11965426	0	1	20166	1	0	37410	other	0
SEE_07_64_FR	459	Picture	low_L064	11985592	0	1	30166	1	0	30000	other	0
SEE_07_64_FR	460	Picture	+	12015925	0	1	79331	1	0	next	other	0
SEE_07_64_FR	461	Sound	hi162a	12035925	0	1			0		other	0
SEE_07_64_FR	462	Picture	500+	12095255	0	1	5166	1	0	5000	other	0
SEE_07_64_FR	463	Picture	low_L119	12100422	0	1	30166	1	0	30000	other	0
SEE_07_64_FR	464	Picture	+	12130587	0	1	68331	1	0	next	other	0
SEE_07_64_FR	465	Sound	hi162b	12130588	0	1			0		other	0
SEE_07_64_FR	466	Picture	500+	12198918	0	1	5166	1	0	5000	other	0
SEE_07_64_FR	467	Picture	hi_P234	12204252	0	1	30166	1	0	30000	other	0
SEE_07_64_FR	468	Picture	+	12234584	0	1	20166	1	0	30060	other	0
SEE_07_64_FR	469	Picture	low_F324	12254750	0	1	30166	1	0	30000	other	0
SEE_07_64_FR	470	Picture	+	12285082	0	1	20166	1	0	34890	other	0
SEE_07_64_FR	471	Picture	hi_A078	12305248	0	1	30166	1	0	30000	other	0
SEE_07_64_FR	472	Picture	+	12335581	0	1	89497	1	0	next	other	0
SEE_07_64_FR	473	Sound	low032a	12355581	0	1			0		other	0
SEE_07_64_FR	474	Picture	500+	12425077	0	1	5166	1	0	5000	other	0
SEE_07_64_FR	475	Picture	hi_P037	12430244	0	1	30166	1	0	30000	other	0
SEE_07_64_FR	476	Picture	+	12460576	0	1	62165	1	0	next	other	0
SEE_07_64_FR	477	Sound	low032b	12460577	0	1			0		other	0
SEE_07_64_FR	478	Picture	500+	12522741	0	1	5167	1	0	5000	other	0
SEE_07_64_FR	479	Picture	low_A115	12528074	0	1	30166	1	0	30000	other	0
SEE_07_64_FR	480	Picture	+	12558406	0	1	20166	1	0	38080	other	0
SEE_07_64_FR	481	Picture	hi_F290	12578572	0	1	30166	1	0	30000	other	0
SEE_07_64_FR	482	Picture	+	12608905	0	1	20166	1	0	30920	other	0
SEE_07_64_FR	483	Picture	low_A184	12629071	0	1	30166	1	0	30000	other	0
SEE_07_64_FR	484	Picture	+	12659403	0	1	84997	1	0	next	other	0
SEE_07_64_FR	485	Sound	low034a	12679404	0	1			0		other	0
SEE_07_64_FR	486	Picture	500+	12744400	0	1	5167	1	0	5000	other	0
SEE_07_64_FR	487	Picture	hi_F174	12749566	0	1	30166	1	0	30000	other	0
SEE_07_64_FR	488	Picture	+	12779899	0	1	57665	1	0	next	other	0
SEE_07_64_FR	489	Sound	low034b	12779899	0	1			0		other	0
SEE_07_64_FR	490	Picture	500+	12837563	0	1	5166	1	0	5000	other	0
SEE_07_64_FR	491	Picture	low_P116	12842730	0	1	30166	1	0	30000	other	0
SEE_07_64_FR	492	Picture	+	12873062	0	1	20166	1	0	43170	other	0
SEE_07_64_FR	493	Picture	hi_P006	12893228	0	1	30166	1	0	30000	other	0
SEE_07_64_FR	494	Picture	+	12923561	0	1	20166	1	0	30680	other	0
SEE_07_64_FR	495	Picture	low_A219	12943727	0	1	30166	1	0	30000	other	0
SEE_07_64_FR	496	Picture	+	12974059	0	1	78831	1	0	next	other	0
SEE_07_64_FR	497	Sound	low035a	12994060	0	1			0		other	0
SEE_07_64_FR	498	Picture	500+	13052889	0	1	5166	1	0	5000	other	0
SEE_07_64_FR	499	Picture	low_L113	13058056	0	1	30166	1	0	30000	other	0
SEE_07_64_FR	500	Picture	+	13088222	0	1	64664	1	0	next	other	0
SEE_07_64_FR	501	Sound	low035b	13088222	0	1			0		other	0
SEE_07_64_FR	502	Picture	500+	13152886	0	1	5167	1	0	5000	other	0
SEE_07_64_FR	503	Picture	hi_A001	13158219	0	1	30166	1	0	30000	other	0
SEE_07_64_FR	504	Picture	+	13188551	0	1	20166	1	0	38710	other	0
SEE_07_64_FR	505	Picture	low_A119	13208717	0	1	30166	1	0	30000	other	0
SEE_07_64_FR	506	Picture	+	13239050	0	1	20166	1	0	41900	other	0
SEE_07_64_FR	507	Picture	hi_P018	13259216	0	1	30166	1	0	30000	other	0
SEE_07_64_FR	508	Picture	+	13289548	0	1	75997	1	0	next	other	0
SEE_07_64_FR	509	Sound	hi172a	13309549	0	1			0		other	0
SEE_07_64_FR	510	Picture	500+	13365546	0	1	5166	1	0	5000	other	0
SEE_07_64_FR	511	Picture	low_L130	13370879	0	1	30166	1	0	30000	other	0
SEE_07_64_FR	512	Picture	+	13401044	0	1	62831	1	0	next	other	0
SEE_07_64_FR	513	Sound	hi172b	13401045	0	1			0		other	0
SEE_07_64_FR	514	Picture	500+	13463875	0	1	5167	1	0	5000	other	0
SEE_07_64_FR	515	Picture	hi_O006	13469209	0	1	30166	1	0	30000	other	0
SEE_07_64_FR	516	Picture	+	13499541	0	1	20166	1	0	37210	other	0
SEE_07_64_FR	517	Picture	hi_P032	13519707	0	1	30166	1	0	30000	other	0
SEE_07_64_FR	518	Picture	+	13550039	0	1	20166	1	0	37250	other	0
SEE_07_64_FR	519	Picture	low_P110	13570205	0	1	30166	1	0	30000	other	0
SEE_07_64_FR	520	Picture	+	13600537	0	1	85664	1	0	next	other	0
SEE_07_64_FR	521	Sound	hi009a	13620538	0	1			0		other	0
SEE_07_64_FR	522	Picture	500+	13686201	0	1	5167	1	0	5000	other	0
SEE_07_64_FR	523	Picture	hi_F284	13691534	0	1	30166	1	0	30000	other	0
SEE_07_64_FR	524	Picture	+	13721700	0	1	61498	1	0	next	other	0
SEE_07_64_FR	525	Sound	hi009b	13721701	0	1			0		other	0
SEE_07_64_FR	526	Picture	500+	13783198	0	1	5166	1	0	5000	other	0
SEE_07_64_FR	527	Picture	low_O043	13788364	0	1	30166	1	0	30000	other	0
SEE_07_64_FR	528	Picture	+	13818697	0	1	20166	1	0	32150	other	0
SEE_07_64_FR	529	Picture	low_L131	13838863	0	1	30166	1	0	30000	other	0
SEE_07_64_FR	530	Picture	+	13869195	0	1	20166	1	0	36820	other	0
SEE_07_64_FR	531	Picture	hi_P033	13889361	0	1	30166	1	0	30000	other	0
SEE_07_64_FR	532	Picture	+	13919693	0	1	86664	1	0	next	other	0
SEE_07_64_FR	533	Sound	hi319a	13939694	0	1			0		other	0
SEE_07_64_FR	534	Picture	500+	14006357	0	1	5166	1	0	5000	other	0
SEE_07_64_FR	535	Picture	hi_P208	14011524	0	1	30166	1	0	30000	other	0
SEE_07_64_FR	536	Picture	+	14041689	0	1	63831	1	0	next	other	0
SEE_07_64_FR	537	Sound	hi319b	14041690	0	1			0		other	0
SEE_07_64_FR	538	Picture	500+	14105520	0	1	5166	1	0	5000	other	0
SEE_07_64_FR	539	Picture	low_L123	14110687	0	1	30166	1	0	30000	other	0
SEE_07_64_FR	540	Picture	+	14141019	0	1	20166	1	0	42420	other	0
SEE_07_64_FR	541	Picture	low_L098	14161185	0	1	30166	1	0	30000	other	0
SEE_07_64_FR	542	Picture	+	14191517	0	1	20166	1	0	40450	other	0
SEE_07_64_FR	543	Picture	hi_F025	14211683	0	1	30166	1	0	30000	other	0
SEE_07_64_FR	544	Picture	+	14242016	0	1	78497	1	0	next	other	0
SEE_07_64_FR	545	Sound	hi248a	14262017	0	1			0		other	0
SEE_07_64_FR	546	Picture	500+	14320513	0	1	5166	1	0	5000	other	0
SEE_07_64_FR	547	Picture	hi_A085	14325680	0	1	30166	1	0	30000	other	0
SEE_07_64_FR	548	Picture	+	14355845	0	1	60831	1	0	next	other	0
SEE_07_64_FR	549	Sound	hi248b	14355846	0	1			0		other	0
SEE_07_64_FR	550	Picture	500+	14416676	0	1	5166	1	0	5000	other	0
SEE_07_64_FR	551	Picture	low_L138	14421843	0	1	30166	1	0	30000	other	0
SEE_07_64_FR	552	Picture	+	14452175	0	1	20166	1	0	42660	other	0
SEE_07_64_FR	553	Picture	hi_P238	14472341	0	1	30166	1	0	30000	other	0
SEE_07_64_FR	554	Picture	+	14502674	0	1	20166	1	0	36070	other	0
SEE_07_64_FR	555	Picture	low_P168	14522840	0	1	30166	1	0	30000	other	0
SEE_07_64_FR	556	Picture	+	14553172	0	1	75164	1	0	next	other	0
SEE_07_64_FR	557	Sound	low341a	14573173	0	1			0		other	0
SEE_07_64_FR	558	Picture	500+	14628336	0	1	5166	1	0	5000	other	0
SEE_07_64_FR	559	Picture	hi_F010	14633502	0	1	30166	1	0	30000	other	0
SEE_07_64_FR	560	Picture	+	14663835	0	1	69831	1	0	next	other	0
SEE_07_64_FR	561	Sound	low341b	14663835	0	1			0		other	0
SEE_07_64_FR	562	Picture	500+	14733666	0	1	5167	1	0	5000	other	0
SEE_07_64_FR	563	Picture	low_F067	14738999	0	1	30166	1	0	30000	other	0
SEE_07_64_FR	564	Picture	+	14769331	0	1	20166	1	0	42690	other	0
SEE_07_64_FR	565	Picture	low_P054	14789497	0	1	30166	1	0	30000	other	0
SEE_07_64_FR	566	Picture	+	14819829	0	1	20166	1	0	40060	other	0
SEE_07_64_FR	567	Picture	hi_A027	14839995	0	1	30166	1	0	30000	other	0
SEE_07_64_FR	568	Picture	+	14870328	0	1	76164	1	0	next	other	0
SEE_07_64_FR	569	Sound	hi250a	14890329	0	1			0		other	0
SEE_07_64_FR	570	Picture	500+	14946492	0	1	5166	1	0	5000	other	0
SEE_07_64_FR	571	Picture	low_P250	14951658	0	1	30166	1	0	30000	other	0
SEE_07_64_FR	572	Picture	+	14981824	0	1	57665	1	0	next	other	0
SEE_07_64_FR	573	Sound	hi250b	14981825	0	1			0		other	0
SEE_07_64_FR	574	Picture	500+	15039489	0	1	5166	1	0	5000	other	0
SEE_07_64_FR	575	Picture	hi_F038	15044655	0	1	30166	1	0	30000	other	0
SEE_07_64_FR	576	Picture	+	15074987	0	1	20166	1	0	40910	other	0
SEE_07_64_FR	577	Picture	hi_F170	15095153	0	1	30166	1	0	30000	other	0
SEE_07_64_FR	578	Picture	+	15125486	0	1	20166	1	0	35620	other	0
SEE_07_64_FR	579	Picture	low_A123	15145652	0	1	30166	1	0	30000	other	0
SEE_07_64_FR	580	Picture	+	15175984	0	1	86164	1	0	next	other	0
SEE_07_64_FR	581	Sound	hi159a	15195985	0	1			0		other	0
SEE_07_64_FR	582	Picture	500+	15262148	0	1	5167	1	0	5000	other	0
SEE_07_64_FR	583	Picture	hi_P226	15267481	0	1	30166	1	0	30000	other	0
SEE_07_64_FR	584	Picture	+	15297647	0	1	55165	1	0	next	other	0
SEE_07_64_FR	585	Sound	hi159b	15297647	0	1			0		other	0
SEE_07_64_FR	586	Picture	500+	15352811	0	1	5167	1	0	5000	other	0
SEE_07_64_FR	587	Picture	low_P149	15357978	0	1	30166	1	0	30000	other	0
SEE_07_64_FR	588	Picture	+	15388310	0	1	20166	1	0	32390	other	0
SEE_07_64_FR	589	Picture	low_L180	15408476	0	1	30166	1	0	30000	other	0
SEE_07_64_FR	590	Picture	+	15438808	0	1	20166	1	0	31030	other	0
SEE_07_64_FR	591	Picture	hi_F034	15458974	0	1	30166	1	0	30000	other	0
SEE_07_64_FR	592	Picture	+	15489307	0	1	89830	1	0	next	other	0
SEE_07_64_FR	593	Sound	hi158a	15509307	0	1			0		other	0
SEE_07_64_FR	594	Picture	500+	15579137	0	1	5166	1	0	5000	other	0
SEE_07_64_FR	595	Picture	low_F130	15584303	0	1	30166	1	0	30000	other	0
SEE_07_64_FR	596	Picture	+	15614469	0	1	67998	1	0	next	other	0
SEE_07_64_FR	597	Sound	hi158b	15614470	0	1			0		other	0
SEE_07_64_FR	598	Picture	500+	15682467	0	1	5167	1	0	5000	other	0
SEE_07_64_FR	599	Picture	hi_P200	15687633	0	1	30166	1	0	30000	other	0
SEE_07_64_FR	600	Picture	+	15717966	0	1	20166	1	0	37610	other	0
SEE_07_64_FR	601	Picture	low_L173	15738132	0	1	30166	1	0	30000	other	0
SEE_07_64_FR	602	Picture	+	15768464	0	1	20166	1	0	33850	other	0
SEE_07_64_FR	603	Picture	hi_P098	15788630	0	1	30166	1	0	30000	other	0
SEE_07_64_FR	604	Picture	+	15818962	0	1	82664	1	0	next	other	0
SEE_07_64_FR	605	Sound	hi169a	15838963	0	1			0		other	0
SEE_07_64_FR	606	Picture	500+	15901626	0	1	5167	1	0	5000	other	0
SEE_07_64_FR	607	Picture	low_O190	15906959	0	1	30166	1	0	30000	other	0
SEE_07_64_FR	608	Picture	+	15937125	0	1	62165	1	0	next	other	0
SEE_07_64_FR	609	Sound	hi169b	15937126	0	1			0		other	0
SEE_07_64_FR	610	Picture	500+	15999289	0	1	5166	1	0	5000	other	0
SEE_07_64_FR	611	Picture	hi_P225	16004623	0	1	30166	1	0	30000	other	0
SEE_07_64_FR	612	Picture	+	16034955	0	1	20166	1	0	31120	other	0
SEE_07_64_FR	613	Picture	low_L117	16055121	0	1	30166	1	0	30000	other	0
SEE_07_64_FR	614	Picture	+	16085453	0	1	20166	1	0	33260	other	0
SEE_07_64_FR	615	Picture	hi_O285	16105619	0	1	30166	1	0	30000	other	0
SEE_07_64_FR	616	Picture	+	16135951	0	1	87330	1	0	next	other	0
SEE_07_64_FR	617	Sound	low277a	16155952	0	1			0		other	0
SEE_07_64_FR	618	Picture	500+	16223282	0	1	5166	1	0	5000	other	0
SEE_07_64_FR	619	Picture	hi_P239	16228448	0	1	30166	1	0	30000	other	0
SEE_07_64_FR	620	Picture	+	16258614	0	1	55831	1	0	next	other	0
SEE_07_64_FR	621	Sound	low277b	16258615	0	1			0		other	0
SEE_07_64_FR	622	Picture	500+	16314445	0	1	5166	1	0	5000	other	0
SEE_07_64_FR	623	Picture	low_L046	16319612	0	1	30166	1	0	30000	other	0
SEE_07_64_FR	624	Picture	+	16349944	0	1	20166	1	0	44390	other	0
SEE_07_64_FR	625	Picture	low_A126	16370110	0	1	30166	1	0	30000	other	0
SEE_07_64_FR	626	Picture	+	16400442	0	1	20166	1	0	39460	other	0
SEE_07_64_FR	627	Picture	hi_P017	16420608	0	1	30166	1	0	30000	other	0
SEE_07_64_FR	628	Picture	+	16450941	0	1	83997	1	0	next	other	0
SEE_07_64_FR	629	Sound	low088a	16470942	0	1			0		other	0
SEE_07_64_FR	630	Picture	500+	16534938	0	1	5166	1	0	5000	other	0
SEE_07_64_FR	631	Picture	hi_P206	16540271	0	1	30166	1	0	30000	other	0
SEE_07_64_FR	632	Picture	+	16570437	0	1	58165	1	0	next	other	0
SEE_07_64_FR	633	Sound	low088b	16570437	0	1			0		other	0
SEE_07_64_FR	634	Picture	500+	16628601	0	1	5167	1	0	5000	other	0
SEE_07_64_FR	635	Picture	low_L137	16633935	0	1	30166	1	0	30000	other	0
SEE_07_64_FR	636	Picture	+	16664267	0	1	20166	1	0	42440	other	0
SEE_07_64_FR	637	Picture	low_L168	16684433	0	1	30166	1	0	30000	other	0
SEE_07_64_FR	638	Picture	+	16714765	0	1	20166	1	0	34100	other	0
SEE_07_64_FR	639	Picture	hi_A042	16734931	0	1	30166	1	0	30000	other	0
SEE_07_64_FR	640	Picture	+	16765263	0	1	78497	1	0	next	other	0
SEE_07_64_FR	641	Sound	low036a	16785264	0	1			0		other	0
SEE_07_64_FR	642	Picture	500+	16843761	0	1	5166	1	0	5000	other	0
SEE_07_64_FR	643	Picture	hi_F032	16848927	0	1	30166	1	0	30000	other	0
SEE_07_64_FR	644	Picture	+	16879093	0	1	62831	1	0	next	other	0
SEE_07_64_FR	645	Sound	low036b	16879093	0	1			0		other	0
SEE_07_64_FR	646	Picture	500+	16941924	0	1	5166	1	0	5000	other	0
SEE_07_64_FR	647	Picture	low_L151	16947257	0	1	30166	1	0	30000	other	0
SEE_07_64_FR	648	Picture	+	16977590	0	1	20166	1	0	40460	other	0
SEE_07_64_FR	649	Picture	hi_P071	16997755	0	1	30166	1	0	30000	other	0
SEE_07_64_FR	650	Picture	+	17028088	0	1	20166	1	0	44670	other	0
SEE_07_64_FR	651	Picture	low_L179	17048254	0	1	30166	1	0	30000	other	0
SEE_07_64_FR	652	Picture	+	17078586	0	1	88830	1	0	next	other	0
SEE_07_64_FR	653	Sound	low271a	17098587	0	1			0		other	0
SEE_07_64_FR	654	Picture	500+	17167416	0	1	5166	1	0	5000	other	0
SEE_07_64_FR	655	Picture	hi_F367	17172583	0	1	30166	1	0	30000	other	0
SEE_07_64_FR	656	Picture	+	17202749	0	1	60498	1	0	next	other	0
SEE_07_64_FR	657	Sound	low271b	17202749	0	1			0		other	0
SEE_07_64_FR	658	Picture	500+	17263246	0	1	5167	1	0	5000	other	0
SEE_07_64_FR	659	Picture	low_L124	17268413	0	1	30166	1	0	30000	other	0
SEE_07_64_FR	660	Picture	+	17298745	0	1	20166	1	0	34330	other	0
SEE_07_64_FR	661	Picture	hi_P241	17318911	0	1	30166	1	0	30000	other	0
SEE_07_64_FR	662	Picture	+	17349243	0	1	20166	1	0	34370	other	0
SEE_07_64_FR	663	Picture	low_A132	17369409	0	1	30166	1	0	30000	other	0
SEE_07_64_FR	664	Picture	+	17399742	0	1	87664	1	0	next	other	0
SEE_07_64_FR	665	Sound	low171a	17419743	0	1			0		other	0
SEE_07_64_FR	666	Picture	500+	17487406	0	1	5166	1	0	5000	other	0
SEE_07_64_FR	667	Picture	hi_A048	17492572	0	1	30166	1	0	30000	other	0
SEE_07_64_FR	668	Picture	+	17522738	0	1	60665	1	0	next	other	0
SEE_07_64_FR	669	Sound	low171b	17522738	0	1			0		other	0
SEE_07_64_FR	670	Picture	500+	17583402	0	1	5166	1	0	5000	other	0
SEE_07_64_FR	671	Picture	low_A185	17588735	0	1	30166	1	0	30000	other	0
SEE_07_64_FR	672	Picture	+	17619068	0	1	20166	1	0	44620	other	0
SEE_07_64_FR	673	Picture	hi_L177	17639234	0	1	30166	1	0	30000	other	0
SEE_07_64_FR	674	Picture	+	17669566	0	1	20166	1	0	44570	other	0
SEE_07_64_FR	675	Picture	low_A113	17689732	0	1	30166	1	0	30000	other	0
SEE_07_64_FR	676	Picture	+	17720064	0	1	88164	1	0	next	other	0
SEE_07_64_FR	677	Sound	low050a	17740065	0	1			0		other	0
SEE_07_64_FR	678	Picture	500+	17808228	0	1	5166	1	0	5000	other	0
SEE_07_64_FR	679	Picture	hi_F271	17813561	0	1	30166	1	0	30000	other	0
SEE_07_64_FR	680	Picture	+	17843727	0	1	63498	1	0	next	other	0
SEE_07_64_FR	681	Sound	low050b	17843727	0	1			0		other	0
SEE_07_64_FR	682	Picture	500+	17907225	0	1	5167	1	0	5000	other	0
SEE_07_64_FR	683	Picture	low_P195	17912391	0	1	30166	1	0	30000	other	0
SEE_07_64_FR	684	Picture	+	17942723	0	1	20166	1	0	34760	other	0
SEE_07_64_FR	685	Picture	hi_O003	17962889	0	1	30166	1	0	30000	other	0
SEE_07_64_FR	686	Picture	+	17993222	0	1	20166	1	0	41750	other	0
SEE_07_64_FR	687	Picture	low_A160	18013388	0	1	30166	1	0	30000	other	0
SEE_07_64_FR	688	Picture	+	18043720	0	1	89997	1	0	next	other	0
SEE_07_64_FR	689	Sound	low283a	18063721	0	1			0		other	0
SEE_07_64_FR	690	Picture	500+	18133717	0	1	5166	1	0	5000	other	0
SEE_07_64_FR	691	Picture	hi_A074	18138883	0	1	30166	1	0	30000	other	0
SEE_07_64_FR	692	Picture	+	18169049	0	1	64498	1	0	next	other	0
SEE_07_64_FR	693	Sound	low283b	18169050	0	1			0		other	0
SEE_07_64_FR	694	Picture	500+	18233547	0	1	5166	1	0	5000	other	0
SEE_07_64_FR	695	Picture	low_P055	18238713	0	1	30166	1	0	30000	other	0
SEE_07_64_FR	696	Picture	+	18269046	0	1	20166	1	0	39960	other	0
SEE_07_64_FR	697	Picture	low_L041	18289212	0	1	30166	1	0	30000	other	0
SEE_07_64_FR	698	Picture	+	18319544	0	1	20166	1	0	30950	other	0
SEE_07_64_FR	699	Picture	hi_A075	18339710	0	1	30166	1	0	30000	other	0
SEE_07_64_FR	700	Picture	+	18370042	0	1	78497	1	0	next	other	0
SEE_07_64_FR	701	Sound	hi123a	18390043	0	1			0		other	0
SEE_07_64_FR	702	Picture	500+	18448540	0	1	5166	1	0	5000	other	0
SEE_07_64_FR	703	Picture	low_A170	18453706	0	1	30166	1	0	30000	other	0
SEE_07_64_FR	704	Picture	+	18483872	0	1	62831	1	0	next	other	0
SEE_07_64_FR	705	Sound	hi123b	18483872	0	1			0		other	0
SEE_07_64_FR	706	Picture	500+	18546703	0	1	5167	1	0	5000	other	0
SEE_07_64_FR	707	Picture	hi_P240	18552036	0	1	30166	1	0	30000	other	0
SEE_07_64_FR	708	Picture	+	18582368	0	1	20166	1	0	37210	other	0
SEE_07_64_FR	709	Picture	hi_P229	18602534	0	1	30166	1	0	30000	other	0
SEE_07_64_FR	710	Picture	+	18632867	0	1	20166	1	0	32080	other	0
SEE_07_64_FR	711	Picture	low_P169	18653033	0	1	30166	1	0	30000	other	0
SEE_07_64_FR	712	Picture	+	18683365	0	1	80997	1	0	next	other	0
SEE_07_64_FR	713	Sound	hi247a	18703366	0	1			0		other	0
SEE_07_64_FR	714	Picture	500+	18764362	0	1	5166	1	0	5000	other	0
SEE_07_64_FR	715	Picture	low_L038	18769695	0	1	30166	1	0	30000	other	0
SEE_07_64_FR	716	Picture	+	18800028	0	1	58165	1	0	next	other	0
SEE_07_64_FR	717	Sound	hi247b	18800028	0	1			0		other	0
SEE_07_64_FR	718	Picture	500+	18858192	0	1	5166	1	0	5000	other	0
SEE_07_64_FR	719	Picture	hi_O004	18863359	0	1	30166	1	0	30000	other	0
SEE_07_64_FR	720	Picture	+	18893691	0	1	20166	1	0	33940	other	0
SEE_07_64_FR	721	Picture	hi_O149	18913857	0	1	30166	1	0	30000	other	0
SEE_07_64_FR	722	Picture	+	18944189	0	1	20166	1	0	31780	other	0
SEE_07_64_FR	723	Picture	low_L183	18964355	0	1	30166	1	0	30000	other	0
SEE_07_64_FR	724	Picture	+	18994688	0	1	82497	1	0	next	other	0
SEE_07_64_FR	725	Sound	hi254a	19014688	0	2			0		other	0
SEE_07_64_FR	726	Picture	500+	19077185	0	1	5167	1	0	5000	other	0
SEE_07_64_FR	727	Picture	hi_O202	19082351	0	1	30166	1	0	30000	other	0
SEE_07_64_FR	728	Picture	+	19112517	0	1	69331	1	0	next	other	0
SEE_07_64_FR	729	Sound	hi254b	19112518	0	1			0		other	0
SEE_07_64_FR	730	Picture	500+	19181848	0	1	5167	1	0	5000	other	0
SEE_07_64_FR	731	Picture	low_L152	19187014	0	1	30166	1	0	30000	other	0
SEE_07_64_FR	732	Picture	+	19217347	0	1	20166	1	0	31540	other	0
SEE_07_64_FR	733	Picture	hi_P143	19237513	0	1	30166	1	0	30000	other	0
SEE_07_64_FR	734	Picture	+	19267845	0	1	20166	1	0	41860	other	0
SEE_07_64_FR	735	Picture	low_L050	19288011	0	1	30166	1	0	30000	other	0
SEE_07_64_FR	736	Picture	+	19318343	0	1	88164	1	0	next	other	0
SEE_07_64_FR	737	Sound	low276a	19338344	0	1			0		other	0
SEE_07_64_FR	738	Picture	500+	19406507	0	1	5166	1	0	5000	other	0
SEE_07_64_FR	739	Picture	low_P044	19411673	0	1	30166	1	0	30000	other	0
SEE_07_64_FR	740	Picture	+	19441839	0	1	69498	1	0	next	other	0
SEE_07_64_FR	741	Sound	low276b	19441840	0	1			0		other	0
SEE_07_64_FR	742	Picture	500+	19511337	0	1	5166	1	0	5000	other	0
SEE_07_64_FR	743	Picture	hi_F163	19516503	0	1	30166	1	0	30000	other	0
SEE_07_64_FR	744	Picture	+	19546836	0	1	20166	1	0	37680	other	0
SEE_07_64_FR	745	Picture	low_F099	19567002	0	1	30166	1	0	30000	other	0
SEE_07_64_FR	746	Picture	+	19597334	0	1	20166	1	0	31610	other	0
SEE_07_64_FR	747	Picture	hi_A016	19617500	0	1	30166	1	0	30000	other	0
SEE_07_64_FR	748	Picture	+	19647832	0	1	84830	1	0	next	other	0
SEE_07_64_FR	749	Sound	hi139a	19667833	0	1			0		other	0
SEE_07_64_FR	750	Picture	500+	19732663	0	1	5167	1	0	5000	other	0
SEE_07_64_FR	751	Picture	low_L149	19737996	0	1	30166	1	0	30000	other	0
SEE_07_64_FR	752	Picture	+	19768161	0	1	55831	1	0	next	other	0
SEE_07_64_FR	753	Sound	hi139b	19768162	0	1			0		other	0
SEE_07_64_FR	754	Picture	500+	19823993	0	1	5167	1	0	5000	other	0
SEE_07_64_FR	755	Picture	hi_O022	19829326	0	1	30166	1	0	30000	other	0
SEE_07_64_FR	756	Picture	+	19859658	0	1	20166	1	0	35680	other	0
SEE_07_64_FR	757	Picture	low_A194	19879824	0	1	30166	1	0	30000	other	0
SEE_07_64_FR	758	Picture	+	19910157	0	1	20166	1	0	35660	other	0
SEE_07_64_FR	759	Picture	hi_A071	19930323	0	1	30166	1	0	30000	other	0
SEE_07_64_FR	760	Picture	+	19960655	0	1	83497	1	0	next	other	0
SEE_07_64_FR	761	Sound	low278a	19980656	0	1			0		other	0
SEE_07_64_FR	762	Picture	500+	20044152	0	1	5167	1	0	5000	other	0
SEE_07_64_FR	763	Picture	low_A188	20049319	0	1	30166	1	0	30000	other	0
SEE_07_64_FR	764	Picture	+	20079484	0	1	59165	1	0	next	other	0
SEE_07_64_FR	765	Sound	low278b	20079485	0	1			0		other	0
SEE_07_64_FR	766	Picture	500+	20138649	0	1	5166	1	0	5000	other	0
SEE_07_64_FR	767	Picture	hi_P040	20143815	0	1	30166	1	0	30000	other	0
SEE_07_64_FR	768	Picture	+	20174148	0	1	20166	1	0	41860	other	0
SEE_07_64_FR	769	Picture	hi_P212	20194314	0	1	30166	1	0	30000	other	0
SEE_07_64_FR	770	Picture	+	20224646	0	1	20166	1	0	37500	other	0
SEE_07_64_FR	771	Picture	low_F121	20244812	0	1	30166	1	0	30000	other	0
SEE_07_64_FR	772	Picture	+	20275144	0	1	81497	1	0	next	other	0
SEE_07_64_FR	773	Sound	low031a	20295145	0	2			0		other	0
SEE_07_64_FR	774	Picture	500+	20356641	0	1	5167	1	0	5000	other	0
SEE_07_64_FR	775	Picture	low_L178	20361974	0	1	30166	1	0	30000	other	0
SEE_07_64_FR	776	Picture	+	20392307	0	1	58498	1	0	next	other	0
SEE_07_64_FR	777	Sound	low031b	20392307	0	1			0		other	0
SEE_07_64_FR	778	Picture	500+	20450805	0	1	5166	1	0	5000	other	0
SEE_07_64_FR	779	Picture	hi_P011	20455971	0	1	30166	1	0	30000	other	0
SEE_07_64_FR	780	Picture	+	20486304	0	1	20166	1	0	34980	other	0
SEE_07_64_FR	781	Picture	hi_O283	20506470	0	1	30166	1	0	30000	other	0
SEE_07_64_FR	782	Picture	+	20536802	0	1	20166	1	0	42500	other	0
SEE_07_64_FR	783	Picture	low_F056	20556968	0	1	30166	1	0	30000	other	0
SEE_07_64_FR	784	Picture	+	20587300	0	1	75831	1	0	next	other	0
SEE_07_64_FR	785	Sound	low084a	20607301	0	1			0		other	0
SEE_07_64_FR	786	Picture	500+	20663131	0	1	5167	1	0	5000	other	0
SEE_07_64_FR	787	Picture	low_F244	20668298	0	1	30166	1	0	30000	other	0
SEE_07_64_FR	788	Picture	+	20698463	0	1	62665	1	0	next	other	0
SEE_07_64_FR	789	Sound	low084b	20698464	0	1			0		other	0
SEE_07_64_FR	790	Picture	500+	20761128	0	1	5167	1	0	5000	other	0
SEE_07_64_FR	791	Picture	hi_A221	20766461	0	1	30166	1	0	30000	other	0
SEE_07_64_FR	792	Picture	+	20796793	0	1	20166	1	0	41560	other	0
SEE_07_64_FR	793	Picture	low_L071	20816959	0	1	30166	1	0	30000	other	0
SEE_07_64_FR	794	Picture	+	20847291	0	1	20166	1	0	30750	other	0
SEE_07_64_FR	795	Picture	hi_A020	20867457	0	1	30166	1	0	30000	other	0
SEE_07_64_FR	796	Picture	+	20897790	0	1	89664	1	0	next	other	0
SEE_07_64_FR	797	Sound	low275a	20917790	0	1			0		other	0
SEE_07_64_FR	798	Picture	500+	20987453	0	1	5167	1	0	5000	other	0
SEE_07_64_FR	799	Picture	low_L166	20992620	0	1	30166	1	0	30000	other	0
SEE_07_64_FR	800	Picture	+	21022785	0	1	55831	1	0	next	other	0
SEE_07_64_FR	801	Sound	low275b	21022786	0	1			0		other	0
SEE_07_64_FR	802	Picture	500+	21078617	0	1	5166	1	0	5000	other	0
SEE_07_64_FR	803	Picture	hi_P029	21083950	0	1	30166	1	0	30000	other	0
SEE_07_64_FR	804	Picture	+	21114282	0	1	20166	1	0	37400	other	0
SEE_07_64_FR	805	Picture	hi_P243	21134448	0	1	30166	1	0	30000	other	0
SEE_07_64_FR	806	Picture	+	21164781	0	1	20166	1	0	37390	other	0
SEE_07_64_FR	807	Picture	low_A097	21184947	0	1	30166	1	0	30000	other	0
SEE_07_64_FR	808	Picture	+	21215279	0	1	76997	1	0	next	other	0
SEE_07_64_FR	809	Sound	hi244a	21235280	0	1			0		other	0
SEE_07_64_FR	810	Picture	500+	21292276	0	1	5166	1	0	5000	other	0
SEE_07_64_FR	811	Picture	low_L021	21297443	0	1	30166	1	0	30000	other	0
SEE_07_64_FR	812	Picture	+	21327775	0	1	59665	1	0	next	other	0
SEE_07_64_FR	813	Sound	hi244b	21327776	0	1			0		other	0
SEE_07_64_FR	814	Picture	500+	21387440	0	1	5167	1	0	5000	other	0
SEE_07_64_FR	815	Picture	hi_P175	21392773	0	1	30166	1	0	30000	other	0
SEE_07_64_FR	816	Picture	+	21423105	0	1	20166	1	0	34250	other	0
SEE_07_64_FR	817	Picture	low_L065	21443271	0	1	30166	1	0	30000	other	0
SEE_07_64_FR	818	Picture	+	21473603	0	1	20166	1	0	35720	other	0
SEE_07_64_FR	819	Picture	hi_P125	21493769	0	1	30166	1	0	30000	other	0
SEE_07_64_FR	820	Picture	+	21524102	0	1	87164	1	0	next	other	0
SEE_07_64_FR	821	Sound	hi249a	21544102	0	1			0		other	0
SEE_07_64_FR	822	Picture	500+	21611265	0	1	5166	1	0	5000	other	0
SEE_07_64_FR	823	Picture	hi_A018	21616599	0	1	30166	1	0	30000	other	0
SEE_07_64_FR	824	Picture	+	21646764	0	1	55665	1	0	next	other	0
SEE_07_64_FR	825	Sound	hi249b	21646765	0	1			0		other	0
SEE_07_64_FR	826	Picture	500+	21702429	0	1	5167	1	0	5000	other	0
SEE_07_64_FR	827	Picture	low_O214	21707596	0	1	30166	1	0	30000	other	0
SEE_07_64_FR	828	Picture	+	21737928	0	1	20166	1	0	41890	other	0
SEE_07_64_FR	829	Picture	low_O325	21758094	0	1	30166	1	0	30000	other	0
SEE_07_64_FR	830	Picture	+	21788426	0	1	20166	1	0	38490	other	0
SEE_07_64_FR	831	Picture	hi_A207	21808592	0	1	30166	1	0	30000	other	0
SEE_07_64_FR	832	Picture	+	21838924	0	1	75831	1	0	next	other	0
SEE_07_64_FR	833	Sound	hi154a	21858925	0	1			0		other	0
SEE_07_64_FR	834	Picture	500+	21914755	0	1	5166	1	0	5000	other	0
SEE_07_64_FR	835	Picture	low_L147	21919922	0	1	30166	1	0	30000	other	0
SEE_07_64_FR	836	Picture	+	21950087	0	1	69664	1	0	next	other	0
SEE_07_64_FR	837	Sound	hi154b	21950088	0	1			0		other	0
SEE_07_64_FR	838	Picture	500+	22019752	0	1	5167	1	0	5000	other	0
SEE_07_64_FR	839	Picture	hi_A012	22024918	0	1	30166	1	0	30000	other	0
SEE_07_64_FR	840	Picture	+	22055250	0	1	20166	1	0	40620	other	0
SEE_07_64_FR	841	Picture	low_F089	22075416	0	1	30166	1	0	30000	other	0
SEE_07_64_FR	842	Picture	+	22105749	0	1	20166	1	0	35880	other	0
SEE_07_64_FR	843	Picture	hi_P127	22125915	0	1	30166	1	0	30000	other	0
SEE_07_64_FR	844	Picture	+	22156247	0	1	80664	1	0	next	other	0
SEE_07_64_FR	845	Sound	hi002a	22176248	0	1			0		other	0
SEE_07_64_FR	846	Picture	500+	22236911	0	1	5166	1	0	5000	other	0
SEE_07_64_FR	847	Picture	low_F052	22242077	0	1	30166	1	0	30000	other	0
SEE_07_64_FR	848	Picture	+	22272243	0	1	55498	1	0	next	other	0
SEE_07_64_FR	849	Sound	hi002b	22272244	0	1			0		other	0
SEE_07_64_FR	850	Picture	500+	22327741	0	1	5167	1	0	5000	other	0
SEE_07_64_FR	851	Picture	hi_F164	22332908	0	1	30166	1	0	30000	other	0
SEE_07_64_FR	852	Picture	+	22363240	0	1	20166	1	0	42300	other	0
SEE_07_64_FR	853	Picture	low_F045	22383406	0	1	30166	1	0	30000	other	0
SEE_07_64_FR	854	Picture	+	22413738	0	1	20166	1	0	41080	other	0
SEE_07_64_FR	855	Picture	hi_F019	22433904	0	1	30166	1	0	30000	other	0
SEE_07_64_FR	856	Picture	+	22464236	0	1	79997	1	0	next	other	0
SEE_07_64_FR	857	Sound	hi097a	22484237	0	1			0		other	0
SEE_07_64_FR	858	Picture	500+	22544234	0	1	5166	1	0	5000	other	0
SEE_07_64_FR	859	Picture	low_L161	22549400	0	1	30166	1	0	30000	other	0
SEE_07_64_FR	860	Picture	+	22579566	0	1	67998	1	0	next	other	0
SEE_07_64_FR	861	Sound	hi097b	22579567	0	1			0		other	0
SEE_07_64_FR	862	Picture	500+	22647564	0	1	5166	1	0	5000	other	0
SEE_07_64_FR	863	Picture	hi_F007	22652730	0	1	30166	1	0	30000	other	0
SEE_07_64_FR	864	Picture	+	22683062	0	1	20166	1	0	37860	other	0
SEE_07_64_FR	865	Picture	low_P109	22703228	0	1	30166	1	0	30000	other	0
SEE_07_64_FR	866	Picture	+	22733561	0	1	20166	1	0	30640	other	0
SEE_07_64_FR	867	Picture	hi_F277	22753727	0	1	30166	1	0	30000	other	0
SEE_07_64_FR	868	Picture	+	22784059	0	1	86830	1	0	next	other	0
SEE_07_64_FR	869	Sound	low280a	22804060	0	1			0		other	0
SEE_07_64_FR	870	Picture	500+	22870889	0	1	5167	1	0	5000	other	0
SEE_07_64_FR	871	Picture	low_P138	22876056	0	1	30166	1	0	30000	other	0
SEE_07_64_FR	872	Picture	+	22906388	0	1	60165	1	0	next	other	0
SEE_07_64_FR	873	Sound	low280b	22906389	0	1			0		other	0
SEE_07_64_FR	874	Picture	500+	22966553	0	1	5166	1	0	5000	other	0
SEE_07_64_FR	875	Picture	hi_P084	22971886	0	1	30166	1	0	30000	other	0
SEE_07_64_FR	876	Picture	+	23002218	0	1	20166	1	0	31280	other	0
SEE_07_64_FR	877	Picture	hi_F283	23022384	0	1	30166	1	0	30000	other	0
SEE_07_64_FR	878	Picture	+	23052717	0	1	20166	1	0	37600	other	0
SEE_07_64_FR	879	Picture	low_P104	23072882	0	1	30166	1	0	30000	other	0
SEE_07_64_FR	880	Picture	+	23103215	0	1	76664	1	0	next	other	0
SEE_07_64_FR	881	Sound	hi206a	23123216	0	1			0		other	0
SEE_07_64_FR	882	Picture	500+	23179879	0	1	5167	1	0	5000	other	0
SEE_07_64_FR	883	Picture	low_A108	23185045	0	1	30166	1	0	30000	other	0
SEE_07_64_FR	884	Picture	+	23215211	0	1	55498	1	0	next	other	0
SEE_07_64_FR	885	Sound	hi206b	23215212	0	1			0		other	0
SEE_07_64_FR	886	Picture	500+	23270709	0	1	5166	1	0	5000	other	0
SEE_07_64_FR	887	Picture	hi_A061	23275876	0	1	30166	1	0	30000	other	0
SEE_07_64_FR	888	Picture	+	23306208	0	1	20166	1	0	37650	other	0
SEE_07_64_FR	889	Picture	low_L162	23326374	0	1	30166	1	0	30000	other	0
SEE_07_64_FR	890	Picture	+	23356706	0	1	20166	1	0	35600	other	0
SEE_07_64_FR	891	Picture	hi_A007	23376872	0	1	30166	1	0	30000	other	0
SEE_07_64_FR	892	Picture	+	23407204	0	1	78997	1	0	next	other	0
SEE_07_64_FR	893	Sound	hi004a	23427205	0	1			0		other	0
SEE_07_64_FR	894	Picture	500+	23486202	0	1	5166	1	0	5000	other	0
SEE_07_64_FR	895	Picture	low_A214	23491368	0	1	30166	1	0	30000	other	0
SEE_07_64_FR	896	Picture	+	23521534	0	1	63165	1	0	next	other	0
SEE_07_64_FR	897	Sound	hi004b	23521535	0	1			0		other	0
SEE_07_64_FR	898	Picture	500+	23584698	0	1	5166	1	0	5000	other	0
SEE_07_64_FR	899	Picture	hi_P028	23589865	0	1	30166	1	0	30000	other	0
SEE_07_64_FR	900	Picture	+	23620197	0	1	20166	1	0	38690	other	0
SEE_07_64_FR	901	Picture	hi_P217	23640363	0	1	30166	1	0	30000	other	0
SEE_07_64_FR	902	Picture	+	23670695	0	1	20166	1	0	34980	other	0
SEE_07_64_FR	903	Picture	low_P115	23690861	0	1	30166	1	0	30000	other	0
SEE_07_64_FR	904	Picture	+	23721194	0	1	86664	1	0	next	other	0
SEE_07_64_FR	905	Sound	low048a	23741195	0	1			0		other	0
SEE_07_64_FR	906	Picture	500+	23807858	0	1	5167	1	0	5000	other	0
SEE_07_64_FR	907	Picture	hi_P005	23813024	0	1	30166	1	0	30000	other	0
SEE_07_64_FR	908	Picture	+	23843190	0	1	59498	1	0	next	other	0
SEE_07_64_FR	909	Sound	low048b	23843190	0	1			0		other	0
SEE_07_64_FR	910	Picture	500+	23902688	0	1	5166	1	0	5000	other	0
SEE_07_64_FR	911	Picture	low_L085	23907854	0	1	30166	1	0	30000	other	0
SEE_07_64_FR	912	Picture	+	23938186	0	1	20166	1	0	32800	other	0
SEE_07_64_FR	913	Picture	hi_F273	23958352	0	1	30166	1	0	30000	other	0
SEE_07_64_FR	914	Picture	+	23988685	0	1	20166	1	0	41230	other	0
SEE_07_64_FR	915	Picture	low_F111	24008851	0	1	30166	1	0	30000	other	0
SEE_07_64_FR	916	Picture	+	24039183	0	1	84330	1	0	next	other	0
SEE_07_64_FR	917	Sound	hi011a	24059184	0	1			0		other	0
SEE_07_64_FR	918	Picture	500+	24123513	0	1	5167	1	0	5000	other	0
SEE_07_64_FR	919	Picture	hi_O001	24128680	0	1	30166	1	0	30000	other	0
SEE_07_64_FR	920	Picture	+	24158846	0	1	60665	1	0	next	other	0
SEE_07_64_FR	921	Sound	hi011b	24158846	0	1			0		other	0
SEE_07_64_FR	922	Picture	500+	24219510	0	1	5167	1	0	5000	other	0
SEE_07_64_FR	923	Picture	low_P176	24224677	0	1	30166	1	0	30000	other	0
SEE_07_64_FR	924	Picture	+	24255009	0	1	20166	1	0	41680	other	0
SEE_07_64_FR	925	Picture	low_F333	24275175	0	1	30166	1	0	30000	other	0
SEE_07_64_FR	926	Picture	+	24305507	0	1	20166	1	0	34280	other	0
SEE_07_64_FR	927	Picture	hi_F265	24325673	0	1	30166	1	0	30000	other	0
SEE_07_64_FR	928	Picture	+	24356006	0	1	81664	1	0	next	other	0
SEE_07_64_FR	929	Sound	low279a	24376007	0	2			0		other	0
SEE_07_64_FR	930	Picture	500+	24437669	0	1	5167	1	0	5000	other	0
SEE_07_64_FR	931	Picture	low_L102	24442836	0	1	30166	1	0	30000	other	0
SEE_07_64_FR	932	Picture	+	24473002	0	1	59498	1	0	next	other	0
SEE_07_64_FR	933	Sound	low279b	24473002	0	1			0		other	0
SEE_07_64_FR	934	Picture	500+	24532500	0	1	5166	1	0	5000	other	0
SEE_07_64_FR	935	Picture	hi_P231	24537666	0	1	30166	1	0	30000	other	0
SEE_07_64_FR	936	Picture	+	24567998	0	1	20166	1	0	32510	other	0
SEE_07_64_FR	937	Picture	low_L127	24588164	0	1	30166	1	0	30000	other	0
SEE_07_64_FR	938	Picture	+	24618497	0	1	20166	1	0	38750	other	0
SEE_07_64_FR	939	Picture	hi_A011	24638663	0	1	30166	1	0	30000	other	0
SEE_07_64_FR	940	Picture	+	24668995	0	1	79497	1	0	next	other	0
SEE_07_64_FR	941	Sound	hi103a	24688996	0	1			0		other	0
SEE_07_64_FR	942	Picture	500+	24748492	0	1	5167	1	0	5000	other	0
SEE_07_64_FR	943	Picture	hi_P010	24753825	0	1	30166	1	0	30000	other	0
SEE_07_64_FR	944	Picture	+	24784158	0	1	58665	1	0	next	other	0
SEE_07_64_FR	945	Sound	hi103b	24784158	0	1			0		other	0
SEE_07_64_FR	946	Picture	500+	24842822	0	1	5166	1	0	5000	other	0
SEE_07_64_FR	947	Picture	low_A095	24848156	0	1	30166	1	0	30000	other	0
SEE_07_64_FR	948	Picture	+	24878488	0	1	20166	1	0	38730	other	0
SEE_07_64_FR	949	Picture	hi_F297	24898654	0	1	30166	1	0	30000	other	0
SEE_07_64_FR	950	Picture	+	24928986	0	1	20166	1	0	31570	other	0
SEE_07_64_FR	951	Picture	low_F129	24949152	0	1	30166	1	0	30000	other	0
SEE_07_64_FR	952	Picture	+	24979484	0	1	77997	1	0	next	other	0
SEE_07_64_FR	953	Sound	hi301a	24999485	0	1			0		other	0
SEE_07_64_FR	954	Picture	500+	25057482	0	1	5166	1	0	5000	other	0
SEE_07_64_FR	955	Picture	hi_F280	25062815	0	1	30166	1	0	30000	other	0
SEE_07_64_FR	956	Picture	+	25092981	0	1	57831	1	0	next	other	0
SEE_07_64_FR	957	Sound	hi301b	25092981	0	1			0		other	0
SEE_07_64_FR	958	Picture	500+	25150812	0	1	5166	1	0	5000	other	0
SEE_07_64_FR	959	Picture	low_L090	25155978	0	1	30166	1	0	30000	other	0
SEE_07_64_FR	960	Picture	+	25186311	0	1	20166	1	0	41090	other	0
SEE_07_64_FR	961	Picture	low_F345	25206477	0	1	30166	1	0	30000	other	0
SEE_07_64_FR	962	Picture	+	25236809	0	1	20166	1	0	43060	other	0
SEE_07_64_FR	963	Picture	hi_A032	25256975	0	1	30166	1	0	30000	other	0
SEE_07_64_FR	964	Picture	+	25287307	0	1	81664	1	0	next	other	0
SEE_07_64_FR	965	Sound	low118a	25307308	0	1			0		other	0
SEE_07_64_FR	966	Picture	500+	25368971	0	1	5166	1	0	5000	other	0
SEE_07_64_FR	967	Picture	hi_P246	25374138	0	1	30166	1	0	30000	other	0
SEE_07_64_FR	968	Picture	+	25404303	0	1	62331	1	0	next	other	0
SEE_07_64_FR	969	Sound	low118b	25404304	0	1			0		other	0
SEE_07_64_FR	970	Picture	500+	25466635	0	1	5167	1	0	5000	other	0
SEE_07_64_FR	971	Picture	low_A100	25471801	0	1	30166	1	0	30000	other	0
SEE_07_64_FR	972	Picture	+	25502133	0	1	20166	1	0	37900	other	0
SEE_07_64_FR	973	Picture	hi_P223	25522299	0	1	30166	1	0	30000	other	0
SEE_07_64_FR	974	Picture	+	25552632	0	1	20166	1	0	33820	other	0
SEE_07_64_FR	975	Picture	low_A140	25572798	0	1	30166	1	0	30000	other	0
SEE_07_64_FR	976	Picture	+	25603130	0	1	82830	1	0	next	other	0
SEE_07_64_FR	977	Sound	hi245a	25623131	0	1			0		other	0
SEE_07_64_FR	978	Picture	500+	25685960	0	1	5166	1	0	5000	other	0
SEE_07_64_FR	979	Picture	hi_A025	25691127	0	1	30166	1	0	30000	other	0
SEE_07_64_FR	980	Picture	+	25721293	0	1	66498	1	0	next	other	0
SEE_07_64_FR	981	Sound	hi245b	25721293	0	1			0		other	0
SEE_07_64_FR	982	Picture	500+	25787790	0	1	5167	1	0	5000	other	0
SEE_07_64_FR	983	Picture	low_L075	25792957	0	1	30166	1	0	30000	other	0
SEE_07_64_FR	984	Picture	+	25823289	0	1	20166	1	0	37000	other	0
SEE_07_64_FR	985	Picture	hi_A050	25843455	0	1	30166	1	0	30000	other	0
SEE_07_64_FR	986	Picture	+	25873787	0	1	20166	1	0	32010	other	0
SEE_07_64_FR	987	Picture	low_O326	25893953	0	1	30166	1	0	30000	other	0
SEE_07_64_FR	988	Picture	+	25924286	0	1	81331	1	0	next	other	0
SEE_07_64_FR	989	Sound	hi217a	25944286	0	1			0		other	0
SEE_07_64_FR	990	Picture	500+	26005616	0	1	5167	1	0	5000	other	0
SEE_07_64_FR	991	Picture	hi_P232	26010949	0	1	30166	1	0	30000	other	0
SEE_07_64_FR	992	Picture	+	26041282	0	1	61831	1	0	next	other	0
SEE_07_64_FR	993	Sound	hi217b	26041282	0	1			0		other	0
SEE_07_64_FR	994	Picture	500+	26103113	0	1	5166	1	0	5000	other	0
SEE_07_64_FR	995	Picture	low_L018	26108279	0	1	30166	1	0	30000	other	0
SEE_07_64_FR	996	Picture	+	26138612	0	1	20166	1	0	44530	other	0
SEE_07_64_FR	997	Picture	hi_F152	26158778	0	1	30166	1	0	30000	other	0
SEE_07_64_FR	998	Picture	+	26189110	0	1	20166	1	0	32420	other	0
SEE_07_64_FR	999	Picture	low_L184	26209276	0	1	30166	1	0	30000	other	0
SEE_07_64_FR	1000	Picture	+	26239608	0	1	75497	1	0	next	other	0
SEE_07_64_FR	1001	Sound	low053a	26259609	0	1			0		other	0
SEE_07_64_FR	1002	Picture	500+	26315106	0	1	5167	1	0	5000	other	0
SEE_07_64_FR	1003	Picture	hi_A037	26320272	0	1	30166	1	0	30000	other	0
SEE_07_64_FR	1004	Picture	+	26350438	0	1	62498	1	0	next	other	0
SEE_07_64_FR	1005	Sound	low053b	26350439	0	1			0		other	0
SEE_07_64_FR	1006	Picture	500+	26412936	0	1	5166	1	0	5000	other	0
SEE_07_64_FR	1007	Picture	low_F203	26418102	0	1	30166	1	0	30000	other	0
SEE_07_64_FR	1008	Picture	+	26448435	0	1	20166	1	0	30140	other	0
SEE_07_64_FR	1009	Picture	low_L051	26468601	0	1	30166	1	0	30000	other	0
SEE_07_64_FR	1010	Picture	+	26498933	0	1	20166	1	0	38970	other	0
SEE_07_64_FR	1011	Picture	hi_F366	26519099	0	1	30166	1	0	30000	other	0
SEE_07_64_FR	1012	Picture	+	26549431	0	1	78664	1	0	next	other	0
SEE_07_64_FR	1013	Sound	hi251a	26569432	0	1			0		other	0
SEE_07_64_FR	1014	Picture	500+	26628095	0	1	5166	1	0	5000	other	0
SEE_07_64_FR	1015	Picture	low_F079	26633428	0	1	30166	1	0	30000	other	0
SEE_07_64_FR	1016	Picture	+	26663594	0	1	65498	1	0	next	other	0
SEE_07_64_FR	1017	Sound	hi251b	26663595	0	1			0		other	0
SEE_07_64_FR	1018	Picture	500+	26729092	0	1	5167	1	0	5000	other	0
SEE_07_64_FR	1019	Picture	hi_P233	26734258	0	1	30166	1	0	30000	other	0
SEE_07_64_FR	1020	Picture	+	26764591	0	1	20166	1	0	43660	other	0
SEE_07_64_FR	1021	Picture	hi_A039	26784756	0	1	30166	1	0	30000	other	0
SEE_07_64_FR	1022	Picture	+	26815089	0	1	20166	1	0	37790	other	0
SEE_07_64_FR	1023	Picture	low_L143	26835255	0	1	30166	1	0	30000	other	0
SEE_07_64_FR	1024	Picture	+	26865587	0	1	80997	1	0	next	other	0
SEE_07_64_FR	1025	Sound	low272a	26885588	0	1			0		other	0
SEE_07_64_FR	1026	Picture	500+	26946584	0	1	5167	1	0	5000	other	0
SEE_07_64_FR	1027	Picture	low_A182	26951751	0	1	30166	1	0	30000	other	0
SEE_07_64_FR	1028	Picture	+	26981916	0	1	60831	1	0	next	other	0
SEE_07_64_FR	1029	Sound	low272b	26981917	0	1			0		other	0
SEE_07_64_FR	1030	Picture	500+	27042748	0	1	5166	1	0	5000	other	0
SEE_07_64_FR	1031	Picture	hi_P058	27047914	0	1	30166	1	0	30000	other	0
SEE_07_64_FR	1032	Picture	+	27078247	0	1	20166	1	0	36200	other	0
SEE_07_64_FR	1033	Picture	low_L175	27098412	0	1	30166	1	0	30000	other	0
SEE_07_64_FR	1034	Picture	+	27128745	0	1	20166	1	0	32780	other	0
SEE_07_64_FR	1035	Picture	hi_A069	27148911	0	1	30166	1	0	30000	other	0
SEE_07_64_FR	1036	Picture	+	27179243	0	1	83664	1	0	next	other	0
SEE_07_64_FR	1037	Sound	hi310a	27199244	0	1			0		other	0
SEE_07_64_FR	1038	Picture	500+	27262907	0	1	5166	1	0	5000	other	0
SEE_07_64_FR	1039	Picture	low_L016	27268073	0	1	30166	1	0	30000	other	0
SEE_07_64_FR	1040	Picture	+	27298239	0	1	66998	1	0	next	other	0
SEE_07_64_FR	1041	Sound	hi310b	27298240	0	1			0		other	0
SEE_07_64_FR	1042	Picture	500+	27365237	0	1	5166	1	0	5000	other	0
SEE_07_64_FR	1043	Picture	hi_O154	27370403	0	1	30166	1	0	30000	other	0
SEE_07_64_FR	1044	Picture	+	27400736	0	1	20166	1	0	39560	other	0
SEE_07_64_FR	1045	Picture	low_O327	27420902	0	1	30166	1	0	30000	other	0
SEE_07_64_FR	1046	Picture	+	27451234	0	1	20166	1	0	41860	other	0
SEE_07_64_FR	1047	Picture	hi_P133	27471400	0	1	30166	1	0	30000	other	0
SEE_07_64_FR	1048	Picture	+	27501732	0	1	78664	1	0	next	other	0
SEE_07_64_FR	1049	Sound	low057a	27521733	0	1			0		other	0
SEE_07_64_FR	1050	Picture	500+	27580396	0	1	5167	1	0	5000	other	0
SEE_07_64_FR	1051	Picture	hi_F041	27585563	0	1	30166	1	0	30000	other	0
SEE_07_64_FR	1052	Picture	+	27615895	0	1	57165	1	0	next	other	0
SEE_07_64_FR	1053	Sound	low057b	27615895	0	1			0		other	0
SEE_07_64_FR	1054	Picture	500+	27673060	0	1	5166	1	0	5000	other	0
SEE_07_64_FR	1055	Picture	low_L165	27678226	0	1	30166	1	0	30000	other	0
SEE_07_64_FR	1056	Picture	+	27708558	0	1	20166	1	0	32920	other	0
SEE_07_64_FR	1057	Picture	low_P154	27728724	0	1	30166	1	0	30000	other	0
SEE_07_64_FR	1058	Picture	+	27759057	0	1	20166	1	0	34450	other	0
SEE_07_64_FR	1059	Picture	hi_A021	27779223	0	1	30166	1	0	30000	other	0
SEE_07_64_FR	1060	Picture	+	27809555	0	1	84664	1	0	next	other	0
SEE_07_64_FR	1061	Sound	hi013a	27829556	0	1			0		other	0
SEE_07_64_FR	1062	Picture	500+	27894219	0	1	5167	1	0	5000	other	0
SEE_07_64_FR	1063	Picture	hi_P230	27899552	0	1	30166	1	0	30000	other	0
SEE_07_64_FR	1064	Picture	+	27929884	0	1	59331	1	0	next	other	0
SEE_07_64_FR	1065	Sound	hi013b	27929885	0	1			0		other	0
SEE_07_64_FR	1066	Picture	500+	27989216	0	1	5167	1	0	5000	other	0
SEE_07_64_FR	1067	Picture	low_L125	27994382	0	1	30166	1	0	30000	other	0
SEE_07_64_FR	1068	Picture	+	28024714	0	1	20166	1	0	31460	other	0
SEE_07_64_FR	1069	Picture	low_L055	28044880	0	1	30166	1	0	30000	other	0
SEE_07_64_FR	1070	Picture	+	28075213	0	1	20166	1	0	38610	other	0
SEE_07_64_FR	1071	Picture	hi_F321	28095379	0	1	30166	1	0	30000	other	0
SEE_07_64_FR	1072	Picture	+	28125711	0	1	80831	1	0	next	other	0
SEE_07_64_FR	1073	Sound	hi246a	28145712	0	1			0		other	0
SEE_07_64_FR	1074	Picture	500+	28206542	0	1	5166	1	0	5000	other	0
SEE_07_64_FR	1075	Picture	hi_A143	28211875	0	1	30166	1	0	30000	other	0
SEE_07_64_FR	1076	Picture	+	28242040	0	1	65831	1	0	next	other	0
SEE_07_64_FR	1077	Sound	hi246b	28242041	0	1			0		other	0
SEE_07_64_FR	1078	Picture	500+	28307871	0	1	5166	1	0	5000	other	0
SEE_07_64_FR	1079	Picture	low_F115	28313038	0	1	30166	1	0	30000	other	0
SEE_07_64_FR	1080	Picture	+	28343370	0	1	20166	1	0	43780	other	0
SEE_07_64_FR	1081	Picture	hi_A038	28363536	0	1	30166	1	0	30000	other	0
SEE_07_64_FR	1082	Picture	+	28393869	0	1	20166	1	0	35210	other	0
SEE_07_64_FR	1083	Picture	low_A193	28414034	0	1	30166	1	0	30000	other	0
SEE_07_64_FR	1084	Picture	+	28444367	0	1	83997	1	0	next	other	0
SEE_07_64_FR	1085	Sound	hi018a	28464368	0	1			0		other	0
SEE_07_64_FR	1086	Picture	500+	28528364	0	1	5167	1	0	5000	other	0
SEE_07_64_FR	1087	Picture	hi_A072	28533697	0	1	30166	1	0	30000	other	0
SEE_07_64_FR	1088	Picture	+	28563863	0	1	69164	1	0	next	other	0
SEE_07_64_FR	1089	Sound	hi018b	28563863	0	1			0		other	0
SEE_07_64_FR	1090	Picture	500+	28633027	0	1	5167	1	0	5000	other	0
SEE_07_64_FR	1091	Picture	low_F214	28638194	0	1	30166	1	0	30000	other	0
SEE_07_64_FR	1092	Picture	+	28668526	0	1	20166	1	0	41640	other	0
SEE_07_64_FR	1093	Picture	low_L104	28688692	0	1	30166	1	0	30000	other	0
SEE_07_64_FR	1094	Picture	+	28719024	0	1	20166	1	0	37380	other	0
SEE_07_64_FR	1095	Picture	hi_F272	28739190	0	1	30166	1	0	30000	other	0
SEE_07_64_FR	1096	Picture	+	28769522	0	1	80331	1	0	next	other	0
SEE_07_64_FR	1097	Sound	low085a	28789523	0	1			0		other	0
SEE_07_64_FR	1098	Picture	500+	28849853	0	1	5167	1	0	5000	other	0
SEE_07_64_FR	1099	Picture	low_P186	28855020	0	1	30166	1	0	30000	other	0
SEE_07_64_FR	1100	Picture	+	28885185	0	1	58665	1	0	next	other	0
SEE_07_64_FR	1101	Sound	low085b	28885186	0	1			0		other	0
SEE_07_64_FR	1102	Picture	500+	28943850	0	1	5166	1	0	5000	other	0
SEE_07_64_FR	1103	Picture	hi_F270	28949016	0	1	30166	1	0	30000	other	0
SEE_07_64_FR	1104	Picture	+	28979349	0	1	20166	1	0	39770	other	0
SEE_07_64_FR	1105	Picture	hi_P132	28999515	0	1	30166	1	0	30000	other	0
SEE_07_64_FR	1106	Picture	+	29029847	0	1	20166	1	0	38540	other	0
SEE_07_64_FR	1107	Picture	low_L048	29050013	0	1	30166	1	0	30000	other	0
SEE_07_64_FR	1108	Picture	+	29080345	0	1	76997	1	0	next	other	0
SEE_07_64_FR	1109	Sound	hi242a	29100346	0	1			0		other	0
SEE_07_64_FR	1110	Picture	500+	29157343	0	1	5167	1	0	5000	other	0
SEE_07_64_FR	1111	Picture	hi_F293	29162676	0	1	30166	1	0	30000	other	0
SEE_07_64_FR	1112	Picture	+	29193008	0	1	62831	1	0	next	other	0
SEE_07_64_FR	1113	Sound	hi242b	29193009	0	1			0		other	0
SEE_07_64_FR	1114	Picture	500+	29255839	0	1	5166	1	0	5000	other	0
SEE_07_64_FR	1115	Picture	low_F124	29261172	0	1	30166	1	0	30000	other	0
SEE_07_64_FR	1116	Picture	+	29291505	0	1	20166	1	0	37710	other	0
SEE_07_64_FR	1117	Picture	hi_A045	29311671	0	1	30166	1	0	30000	other	0
SEE_07_64_FR	1118	Picture	+	29342003	0	1	20166	1	0	40750	other	0
SEE_07_64_FR	1119	Picture	low_A139	29362169	0	1	30166	1	0	30000	other	0
SEE_07_64_FR	1120	Picture	+	29392501	0	1	85164	1	0	next	other	0
SEE_07_64_FR	1121	Sound	low282a	29412502	0	1			0		other	0
SEE_07_64_FR	1122	Picture	500+	29477665	0	1	5166	1	0	5000	other	0
SEE_07_64_FR	1123	Picture	low_L134	29482832	0	1	30166	1	0	30000	other	0
SEE_07_64_FR	1124	Picture	+	29513164	0	1	69331	1	0	next	other	0
SEE_07_64_FR	1125	Sound	low282b	29513164	0	1			0		other	0
SEE_07_64_FR	1126	Picture	500+	29582495	0	1	5166	1	0	5000	other	0
SEE_07_64_FR	1127	Picture	hi_A054	29587661	0	1	30166	1	0	30000	other	0
SEE_07_64_FR	1128	Picture	+	29617994	0	1	20166	1	0	40060	other	0
SEE_07_64_FR	1129	Picture	low_L100	29638160	0	1	30166	1	0	30000	other	0
SEE_07_64_FR	1130	Picture	+	29668492	0	1	20166	1	0	33040	other	0
SEE_07_64_FR	1131	Picture	hi_P001	29688658	0	1	30166	1	0	30000	other	0
SEE_07_64_FR	1132	Picture	+	29718990	0	1	79331	1	0	next	other	0
SEE_07_64_FR	1133	Sound	low273a	29738991	0	1			0		other	0
SEE_07_64_FR	1134	Picture	500+	29798321	0	1	5167	1	0	5000	other	0
SEE_07_64_FR	1135	Picture	low_L109	29803487	0	1	30166	1	0	30000	other	0
SEE_07_64_FR	1136	Picture	+	29833653	0	1	66331	1	0	next	other	0
SEE_07_64_FR	1137	Sound	low273b	29833654	0	1			0		other	0
SEE_07_64_FR	1138	Picture	500+	29899984	0	1	5166	1	0	5000	other	0
SEE_07_64_FR	1139	Picture	hi_P023	29905317	0	1	30166	1	0	30000	other	0
SEE_07_64_FR	1140	Picture	+	29935649	0	1	20166	1	0	41100	other	0
SEE_07_64_FR	1141	Picture	hi_P140	29955815	0	1	30166	1	0	30000	other	0
SEE_07_64_FR	1142	Picture	+	29986148	0	1	20166	1	0	42400	other	0
SEE_07_64_FR	1143	Picture	low_L146	30006314	0	1	30166	1	0	30000	other	0
SEE_07_64_FR	1144	Picture	+	30036646	0	1	80831	1	0	next	other	0
SEE_07_64_FR	1145	Sound	hi308a	30056647	0	1			0		other	0
SEE_07_64_FR	1146	Picture	500+	30117477	0	1	5167	1	0	5000	other	0
SEE_07_64_FR	1147	Picture	low_L072	30122643	0	1	30166	1	0	30000	other	0
SEE_07_64_FR	1148	Picture	+	30152975	0	1	64331	1	0	next	other	0
SEE_07_64_FR	1149	Sound	hi308b	30152976	0	1			0		other	0
SEE_07_64_FR	1150	Picture	500+	30217307	0	1	5167	1	0	5000	other	0
SEE_07_64_FR	1151	Picture	hi_P015	30222473	0	1	30166	1	0	30000	other	0
SEE_07_64_FR	1152	Picture	+	30252805	0	1	20166	1	0	38780	other	0
SEE_07_64_FR	1153	Picture	hi_P237	30272971	0	1	30166	1	0	30000	other	0
SEE_07_64_FR	1154	Picture	+	30303304	0	1	20166	1	0	38630	other	0
SEE_07_64_FR	1155	Picture	low_P045	30323470	0	1	30166	1	0	30000	other	0
SEE_07_64_FR	1156	Picture	+	30353802	0	1	88830	1	0	next	other	0
SEE_07_64_FR	1157	Sound	hi253a	30373803	0	1			0		other	0
SEE_07_64_FR	1158	Picture	500+	30442632	0	1	5166	1	0	5000	other	0
SEE_07_64_FR	1159	Picture	hi_L026	30447799	0	1	30166	1	0	30000	other	0
SEE_07_64_FR	1160	Picture	+	30478131	0	1	66331	1	0	next	other	0
SEE_07_64_FR	1161	Sound	hi253b	30478132	0	1			0		other	0
SEE_07_64_FR	1162	Picture	500+	30544462	0	1	5166	1	0	5000	other	0
SEE_07_64_FR	1163	Picture	low_L049	30549795	0	1	30166	1	0	30000	other	0
SEE_07_64_FR	1164	Picture	+	30580128	0	1	20166	1	0	33830	other	0
SEE_07_64_FR	1165	Picture	hi_P123	30600294	0	1	30166	1	0	30000	other	0
SEE_07_64_FR	1166	Picture	+	30630626	0	1	20166	1	0	38040	other	0
SEE_07_64_FR	1167	Picture	low_L153	30650792	0	1	30166	1	0	30000	other	0
SEE_07_64_FR	1168	Picture	+	30681124	0	1	77664	1	0	next	other	0
SEE_07_64_FR	1169	Sound	low071a	30701125	0	1			0		other	0
SEE_07_64_FR	1170	Picture	500+	30758788	0	1	5166	1	0	5000	other	0
SEE_07_64_FR	1171	Picture	hi_F016	30763955	0	1	30166	1	0	30000	other	0
SEE_07_64_FR	1172	Picture	+	30794287	0	1	68331	1	0	next	other	0
SEE_07_64_FR	1173	Sound	low071b	30794288	0	1			0		other	0
SEE_07_64_FR	1174	Picture	500+	30862618	0	1	5166	1	0	5000	other	0
SEE_07_64_FR	1175	Picture	low_L163	30867785	0	1	30166	1	0	30000	other	0
SEE_07_64_FR	1176	Picture	+	30898117	0	1	20166	1	0	35890	other	0
SEE_07_64_FR	1177	Picture	low_P113	30918283	0	1	30166	1	0	30000	other	0
SEE_07_64_FR	1178	Picture	+	30948615	0	1	20166	1	0	30190	other	0
SEE_07_64_FR	1179	Picture	hi_F003	30968781	0	1	30166	1	0	30000	other	0
SEE_07_64_FR	1180	Picture	+	30999113	0	1	84331	1	0	next	other	0
SEE_07_64_FR	1181	Sound	low330a	31019114	0	1			0		other	0
SEE_07_64_FR	1182	Picture	500+	31083444	0	1	5166	1	0	5000	other	0
SEE_07_64_FR	1183	Picture	low_L142	31088777	0	1	30166	1	0	30000	other	0
SEE_07_64_FR	1184	Picture	+	31118943	0	1	59831	1	0	next	other	0
SEE_07_64_FR	1185	Sound	low330b	31118943	0	1			0		other	0
SEE_07_64_FR	1186	Picture	500+	31178774	0	1	5166	1	0	5000	other	0
SEE_07_64_FR	1187	Picture	hi_O139	31183940	0	1	30166	1	0	30000	other	0
SEE_07_64_FR	1188	Picture	+	31214273	0	1	20166	1	0	30500	other	0
SEE_07_64_FR	1189	Picture	hi_P007	31234439	0	1	30166	1	0	30000	other	0
SEE_07_64_FR	1190	Picture	+	31264771	0	1	20166	1	0	42900	other	0
SEE_07_64_FR	1191	Picture	low_P152	31284937	0	1	30166	1	0	30000	other	0
SEE_07_64_FR	1192	Picture	+	31315269	0	1	75831	1	0	next	other	0
SEE_07_64_FR	1193	Sound	low079a	31335270	0	1			0		other	0
SEE_07_64_FR	1194	Picture	500+	31391100	0	1	5167	1	0	5000	other	0
SEE_07_64_FR	1195	Picture	hi_A063	31396433	0	1	30166	1	0	30000	other	0
SEE_07_64_FR	1196	Picture	+	31426599	0	1	68498	1	0	next	other	0
SEE_07_64_FR	1197	Sound	low079b	31426600	0	1			0		other	0
SEE_07_64_FR	1198	Picture	500+	31495097	0	1	5166	1	0	5000	other	0
SEE_07_64_FR	1199	Picture	low_L141	31500263	0	1	30166	1	0	30000	other	0
SEE_07_64_FR	1200	Picture	+	31530595	0	1	20166	1	0	42690	other	0
SEE_07_64_FR	1201	Picture	low_L174	31550761	0	1	30166	1	0	30000	other	0
SEE_07_64_FR	1202	Picture	+	31581094	0	1	20166	1	0	41990	other	0
SEE_07_64_FR	1203	Picture	hi_L139	31601260	0	1	30166	1	0	30000	other	0
SEE_07_64_FR	1204	Picture	+	31631592	0	1	20166	1	0	next	other	0
