Scenario - 
Logfile written - 03/11/2016 11:31:42

Subject	Trial	Event Type	Code	Time	TTime	Uncertainty	Duration	Uncertainty	ReqTime	ReqDur	Stim Type	Pair Index

SEE_04_64_FL	1	Response	0	374824	374675	1
SEE_04_64_FL	4	Picture	+	415489	0	1	58832	1	0	next	other	0
SEE_04_64_FL	5	Sound	low271a	415491	0	1			0		other	0
SEE_04_64_FL	6	Picture	500+	474321	0	1	5167	1	0	5000	other	0
SEE_04_64_FL	7	Picture	low_A217	479488	0	1	30166	1	0	30000	other	0
SEE_04_64_FL	8	Picture	+	509654	0	1	68665	1	0	next	other	0
SEE_04_64_FL	9	Sound	low271b	509654	0	1			0		other	0
SEE_04_64_FL	10	Picture	500+	578319	0	1	5167	1	0	5000	other	0
SEE_04_64_FL	11	Picture	hi_A069	583485	0	1	30166	1	0	30000	other	0
SEE_04_64_FL	12	Picture	+	613818	0	1	20166	1	0	43080	other	0
SEE_04_64_FL	13	Picture	hi_A030	633984	0	1	30166	1	0	30000	other	0
SEE_04_64_FL	14	Picture	+	664317	0	1	20166	1	0	37310	other	0
SEE_04_64_FL	15	Picture	low_F333	684483	0	1	30166	1	0	30000	other	0
SEE_04_64_FL	16	Picture	+	714815	0	1	82998	1	0	next	other	0
SEE_04_64_FL	17	Sound	low034a	734816	0	1			0		other	0
SEE_04_64_FL	18	Picture	500+	797813	0	1	5167	1	0	5000	other	0
SEE_04_64_FL	19	Picture	hi_F321	803146	0	1	30166	1	0	30000	other	0
SEE_04_64_FL	20	Picture	+	833312	0	1	61332	1	0	next	other	0
SEE_04_64_FL	21	Sound	low034b	833313	0	1			0		other	0
SEE_04_64_FL	22	Picture	500+	894644	0	1	5167	1	0	5000	other	0
SEE_04_64_FL	23	Picture	low_F124	899811	0	1	30166	1	0	30000	other	0
SEE_04_64_FL	24	Picture	+	930143	0	1	20166	1	0	40650	other	0
SEE_04_64_FL	25	Picture	hi_F003	950309	0	1	30166	1	0	30000	other	0
SEE_04_64_FL	26	Picture	+	980642	0	1	20166	1	0	37450	other	0
SEE_04_64_FL	27	Picture	low_A128	1000808	0	1	30166	1	0	30000	other	0
SEE_04_64_FL	28	Picture	+	1031141	0	1	76665	1	0	next	other	0
SEE_04_64_FL	29	Sound	low278a	1051142	0	1			0		other	0
SEE_04_64_FL	30	Picture	500+	1107806	0	1	5167	1	0	5000	other	0
SEE_04_64_FL	31	Picture	hi_O285	1112972	0	1	30166	1	0	30000	other	0
SEE_04_64_FL	32	Picture	+	1143138	0	1	66165	1	0	next	other	0
SEE_04_64_FL	33	Sound	low278b	1143139	0	2			0		other	0
SEE_04_64_FL	34	Picture	500+	1209303	0	1	5167	1	0	5000	other	0
SEE_04_64_FL	35	Picture	low_P195	1214470	0	1	30166	1	0	30000	other	0
SEE_04_64_FL	36	Picture	+	1244802	0	1	20166	1	0	32800	other	0
SEE_04_64_FL	37	Picture	hi_A061	1264968	0	1	30166	1	0	30000	other	0
SEE_04_64_FL	38	Picture	+	1295301	0	1	20166	1	0	35500	other	0
SEE_04_64_FL	39	Picture	low_F115	1315467	0	1	30166	1	0	30000	other	0
SEE_04_64_FL	40	Picture	+	1345800	0	1	75165	1	0	next	other	0
SEE_04_64_FL	41	Sound	low053a	1365801	0	1			0		other	0
SEE_04_64_FL	42	Picture	500+	1420964	0	1	5167	1	0	5000	other	0
SEE_04_64_FL	43	Picture	hi_P235	1426131	0	1	30166	1	0	30000	other	0
SEE_04_64_FL	44	Picture	+	1456297	0	1	62998	1	0	next	other	0
SEE_04_64_FL	45	Sound	low053b	1456298	0	1			0		other	0
SEE_04_64_FL	46	Picture	500+	1519295	0	1	5167	1	0	5000	other	0
SEE_04_64_FL	47	Picture	low_L167	1524462	0	1	30166	1	0	30000	other	0
SEE_04_64_FL	48	Picture	+	1554794	0	1	20166	1	0	34480	other	0
SEE_04_64_FL	49	Picture	hi_P123	1574961	0	1	30166	1	0	30000	other	0
SEE_04_64_FL	50	Picture	+	1605293	0	1	20166	1	0	35030	other	0
SEE_04_64_FL	51	Picture	low_L142	1625459	0	1	30166	1	0	30000	other	0
SEE_04_64_FL	52	Picture	+	1655792	0	1	83998	1	0	next	other	0
SEE_04_64_FL	53	Sound	hi245a	1675793	0	1			0		other	0
SEE_04_64_FL	54	Picture	500+	1739790	0	1	5167	1	0	5000	other	0
SEE_04_64_FL	55	Picture	low_A113	1744956	0	1	30166	1	0	30000	other	0
SEE_04_64_FL	56	Picture	+	1775122	0	1	65165	1	0	next	other	0
SEE_04_64_FL	57	Sound	hi245b	1775123	0	1			0		other	0
SEE_04_64_FL	58	Picture	500+	1840287	0	1	5167	1	0	5000	other	0
SEE_04_64_FL	59	Picture	hi_O105	1845454	0	1	30166	1	0	30000	other	0
SEE_04_64_FL	60	Picture	+	1875786	0	1	20166	1	0	42200	other	0
SEE_04_64_FL	61	Picture	low_L125	1895953	0	1	30166	1	0	30000	other	0
SEE_04_64_FL	62	Picture	+	1926285	0	1	20166	1	0	30200	other	0
SEE_04_64_FL	63	Picture	hi_O202	1946451	0	1	30166	1	0	30000	other	0
SEE_04_64_FL	64	Picture	+	1976784	0	1	89831	1	0	next	other	0
SEE_04_64_FL	65	Sound	low330a	1996785	0	1			0		other	0
SEE_04_64_FL	66	Picture	500+	2066615	0	1	5167	1	0	5000	other	0
SEE_04_64_FL	67	Picture	low_O214	2071782	0	1	30166	1	0	30000	other	0
SEE_04_64_FL	68	Picture	+	2102114	0	1	57999	1	0	next	other	0
SEE_04_64_FL	69	Sound	low330b	2102115	0	1			0		other	0
SEE_04_64_FL	70	Picture	500+	2160113	0	1	5166	1	0	5000	other	0
SEE_04_64_FL	71	Picture	hi_F034	2165279	0	1	30166	1	0	30000	other	0
SEE_04_64_FL	72	Picture	+	2195612	0	1	20166	1	0	40930	other	0
SEE_04_64_FL	73	Picture	low_L050	2215778	0	1	30166	1	0	30000	other	0
SEE_04_64_FL	74	Picture	+	2246111	0	1	20166	1	0	33520	other	0
SEE_04_64_FL	75	Picture	hi_O003	2266277	0	1	30166	1	0	30000	other	0
SEE_04_64_FL	76	Picture	+	2296609	0	1	89498	1	0	next	other	0
SEE_04_64_FL	77	Sound	low274a	2316610	0	1			0		other	0
SEE_04_64_FL	78	Picture	500+	2386107	0	1	5167	1	0	5000	other	0
SEE_04_64_FL	79	Picture	low_L119	2391274	0	1	30166	1	0	30000	other	0
SEE_04_64_FL	80	Picture	+	2421440	0	1	61998	1	0	next	other	0
SEE_04_64_FL	81	Sound	low274b	2421440	0	1			0		other	0
SEE_04_64_FL	82	Picture	500+	2483438	0	1	5167	1	0	5000	other	0
SEE_04_64_FL	83	Picture	hi_P018	2488771	0	1	30166	1	0	30000	other	0
SEE_04_64_FL	84	Picture	+	2519104	0	1	20166	1	0	34190	other	0
SEE_04_64_FL	85	Picture	low_L157	2539270	0	1	30166	1	0	30000	other	0
SEE_04_64_FL	86	Picture	+	2569603	0	1	20166	1	0	40480	other	0
SEE_04_64_FL	87	Picture	hi_A048	2589769	0	1	30166	1	0	30000	other	0
SEE_04_64_FL	88	Picture	+	2620101	0	1	87165	1	0	next	other	0
SEE_04_64_FL	89	Sound	hi162a	2640102	0	1			0		other	0
SEE_04_64_FL	90	Picture	500+	2707266	0	1	5166	1	0	5000	other	0
SEE_04_64_FL	91	Picture	hi_A207	2712432	0	1	30166	1	0	30000	other	0
SEE_04_64_FL	92	Picture	+	2742765	0	1	69332	1	0	next	other	0
SEE_04_64_FL	93	Sound	hi162b	2742766	0	1			0		other	0
SEE_04_64_FL	94	Picture	500+	2812097	0	1	5167	1	0	5000	other	0
SEE_04_64_FL	95	Picture	low_P045	2817263	0	1	30166	1	0	30000	other	0
SEE_04_64_FL	96	Picture	+	2847596	0	1	20166	1	0	44430	other	0
SEE_04_64_FL	97	Picture	low_A161	2867762	0	1	30166	1	0	30000	other	0
SEE_04_64_FL	98	Picture	+	2898094	0	1	20166	1	0	41820	other	0
SEE_04_64_FL	99	Picture	hi_A020	2918261	0	1	30166	1	0	30000	other	0
SEE_04_64_FL	100	Picture	+	2948593	0	1	86164	1	0	next	other	0
SEE_04_64_FL	101	Sound	hi217a	2968594	0	1			0		other	0
SEE_04_64_FL	102	Picture	500+	3034758	0	1	5167	1	0	5000	other	0
SEE_04_64_FL	103	Picture	low_A201	3039924	0	1	30166	1	0	30000	other	0
SEE_04_64_FL	104	Picture	+	3070090	0	1	58165	1	0	next	other	0
SEE_04_64_FL	105	Sound	hi217b	3070091	0	1			0		other	0
SEE_04_64_FL	106	Picture	500+	3128255	0	1	5167	1	0	5000	other	0
SEE_04_64_FL	107	Picture	hi_F299	3133422	0	1	30166	1	0	30000	other	0
SEE_04_64_FL	108	Picture	+	3163754	0	1	20166	1	0	33580	other	0
SEE_04_64_FL	109	Picture	low_F087	3183921	0	1	30166	1	0	30000	other	0
SEE_04_64_FL	110	Picture	+	3214253	0	1	20166	1	0	34430	other	0
SEE_04_64_FL	111	Picture	hi_F018	3234419	0	1	30166	1	0	30000	other	0
SEE_04_64_FL	112	Picture	+	3264752	0	1	84165	1	0	next	other	0
SEE_04_64_FL	113	Sound	low341a	3284753	0	1			0		other	0
SEE_04_64_FL	114	Picture	500+	3348917	0	1	5167	1	0	5000	other	0
SEE_04_64_FL	115	Picture	low_L141	3354083	0	1	30166	1	0	30000	other	0
SEE_04_64_FL	116	Picture	+	3384249	0	1	64498	1	0	next	other	0
SEE_04_64_FL	117	Sound	low341b	3384250	0	1			0		other	0
SEE_04_64_FL	118	Picture	500+	3448747	0	1	5167	1	0	5000	other	0
SEE_04_64_FL	119	Picture	hi_A060	3453914	0	1	30166	1	0	30000	other	0
SEE_04_64_FL	120	Picture	+	3484247	0	1	20166	1	0	40670	other	0
SEE_04_64_FL	121	Picture	low_L146	3504413	0	1	30166	1	0	30000	other	0
SEE_04_64_FL	122	Picture	+	3534745	0	1	20166	1	0	36910	other	0
SEE_04_64_FL	123	Picture	hi_P010	3554911	0	1	30166	1	0	30000	other	0
SEE_04_64_FL	124	Picture	+	3585244	0	1	85498	1	0	next	other	0
SEE_04_64_FL	125	Sound	low284a	3605245	0	1			0		other	0
SEE_04_64_FL	126	Picture	500+	3670742	0	1	5167	1	0	5000	other	0
SEE_04_64_FL	127	Picture	hi_P226	3676075	0	1	30166	1	0	30000	other	0
SEE_04_64_FL	128	Picture	+	3706408	0	1	62499	1	0	next	other	0
SEE_04_64_FL	129	Sound	low284b	3706408	0	1			0		other	0
SEE_04_64_FL	130	Picture	500+	3768906	0	1	5167	1	0	5000	other	0
SEE_04_64_FL	131	Picture	low_L021	3774073	0	1	30166	1	0	30000	other	0
SEE_04_64_FL	132	Picture	+	3804405	0	1	20166	1	0	30530	other	0
SEE_04_64_FL	133	Picture	hi_F152	3824571	0	1	30166	1	0	30000	other	0
SEE_04_64_FL	134	Picture	+	3854904	0	1	20166	1	0	35630	other	0
SEE_04_64_FL	135	Picture	low_O192	3875070	0	1	30166	1	0	30000	other	0
SEE_04_64_FL	136	Picture	+	3905403	0	1	85831	1	0	next	other	0
SEE_04_64_FL	137	Sound	hi244a	3925404	0	1			0		other	0
SEE_04_64_FL	138	Picture	500+	3991234	0	1	5167	1	0	5000	other	0
SEE_04_64_FL	139	Picture	hi_A085	3996400	0	1	30166	1	0	30000	other	0
SEE_04_64_FL	140	Picture	+	4026733	0	1	69165	1	0	next	other	0
SEE_04_64_FL	141	Sound	hi244b	4026734	0	1			0		other	0
SEE_04_64_FL	142	Picture	500+	4095898	0	1	5167	1	0	5000	other	0
SEE_04_64_FL	143	Picture	low_L055	4101064	0	1	30166	1	0	30000	other	0
SEE_04_64_FL	144	Picture	+	4131397	0	1	20166	1	0	36330	other	0
SEE_04_64_FL	145	Picture	hi_P221	4151563	0	1	30166	1	0	30000	other	0
SEE_04_64_FL	146	Picture	+	4181896	0	1	20166	1	0	38340	other	0
SEE_04_64_FL	147	Picture	low_A193	4202062	0	1	30166	1	0	30000	other	0
SEE_04_64_FL	148	Picture	+	4232395	0	1	81165	1	0	next	other	0
SEE_04_64_FL	149	Sound	hi013a	4252395	0	1			0		other	0
SEE_04_64_FL	150	Picture	500+	4313559	0	1	5167	1	0	5000	other	0
SEE_04_64_FL	151	Picture	hi_F280	4318892	0	1	30166	1	0	30000	other	0
SEE_04_64_FL	152	Picture	+	4349058	0	1	69498	1	0	next	other	0
SEE_04_64_FL	153	Sound	hi013b	4349059	0	1			0		other	0
SEE_04_64_FL	154	Picture	500+	4418557	0	1	5167	1	0	5000	other	0
SEE_04_64_FL	155	Picture	low_P149	4423723	0	1	30166	1	0	30000	other	0
SEE_04_64_FL	156	Picture	+	4454056	0	1	20166	1	0	35530	other	0
SEE_04_64_FL	157	Picture	low_L168	4474222	0	1	30166	1	0	30000	other	0
SEE_04_64_FL	158	Picture	+	4504554	0	1	20166	1	0	43460	other	0
SEE_04_64_FL	159	Picture	hi_P133	4524721	0	1	30166	1	0	30000	other	0
SEE_04_64_FL	160	Picture	+	4555053	0	1	84331	1	0	next	other	0
SEE_04_64_FL	161	Sound	low089a	4575054	0	1			0		other	0
SEE_04_64_FL	162	Picture	500+	4639384	0	1	5167	1	0	5000	other	0
SEE_04_64_FL	163	Picture	hi_P238	4644551	0	1	30166	1	0	30000	other	0
SEE_04_64_FL	164	Picture	+	4674717	0	1	55665	1	0	next	other	0
SEE_04_64_FL	165	Sound	low089b	4674717	0	1			0		other	0
SEE_04_64_FL	166	Picture	500+	4730382	0	1	5167	1	0	5000	other	0
SEE_04_64_FL	167	Picture	low_A097	4735715	0	1	30166	1	0	30000	other	0
SEE_04_64_FL	168	Picture	+	4766048	0	1	20166	1	0	37660	other	0
SEE_04_64_FL	169	Picture	hi_A077	4786214	0	1	30166	1	0	30000	other	0
SEE_04_64_FL	170	Picture	+	4816547	0	1	20166	1	0	36700	other	0
SEE_04_64_FL	171	Picture	low_L041	4836713	0	1	30166	1	0	30000	other	0
SEE_04_64_FL	172	Picture	+	4867045	0	1	85165	1	0	next	other	0
SEE_04_64_FL	173	Sound	low350a	4887046	0	1			0		other	0
SEE_04_64_FL	174	Picture	500+	4952210	0	1	5167	1	0	5000	other	0
SEE_04_64_FL	175	Picture	low_A140	4957543	0	1	30166	1	0	30000	other	0
SEE_04_64_FL	176	Picture	+	4987709	0	1	57999	1	0	next	other	0
SEE_04_64_FL	177	Sound	low350b	4987710	0	1			0		other	0
SEE_04_64_FL	178	Picture	500+	5045708	0	1	5167	1	0	5000	other	0
SEE_04_64_FL	179	Picture	hi_F170	5051041	0	1	30166	1	0	30000	other	0
SEE_04_64_FL	180	Picture	+	5081373	0	1	20166	1	0	39140	other	0
SEE_04_64_FL	181	Picture	low_F079	5101539	0	1	30166	1	0	30000	other	0
SEE_04_64_FL	182	Picture	+	5131872	0	1	20166	1	0	39210	other	0
SEE_04_64_FL	183	Picture	hi_O004	5152038	0	1	30166	1	0	30000	other	0
SEE_04_64_FL	184	Picture	+	5182371	0	1	79498	1	0	next	other	0
SEE_04_64_FL	185	Sound	hi154a	5202372	0	1			0		other	0
SEE_04_64_FL	186	Picture	500+	5261869	0	1	5167	1	0	5000	other	0
SEE_04_64_FL	187	Picture	low_P250	5267035	0	1	30166	1	0	30000	other	0
SEE_04_64_FL	188	Picture	+	5297201	0	1	59332	1	0	next	other	0
SEE_04_64_FL	189	Sound	hi154b	5297202	0	1			0		other	0
SEE_04_64_FL	190	Picture	500+	5356533	0	1	5167	1	0	5000	other	0
SEE_04_64_FL	191	Picture	hi_P033	5361700	0	1	30166	1	0	30000	other	0
SEE_04_64_FL	192	Picture	+	5392032	0	1	20166	1	0	44490	other	0
SEE_04_64_FL	193	Picture	low_L094	5412199	0	1	30166	1	0	30000	other	0
SEE_04_64_FL	194	Picture	+	5442531	0	1	20166	1	0	40500	other	0
SEE_04_64_FL	195	Picture	hi_O126	5462697	0	1	30166	1	0	30000	other	0
SEE_04_64_FL	196	Picture	+	5493030	0	1	75331	1	0	next	other	0
SEE_04_64_FL	197	Sound	hi254a	5513031	0	1			0		other	0
SEE_04_64_FL	198	Picture	500+	5568361	0	1	5167	1	0	5000	other	0
SEE_04_64_FL	199	Picture	hi_P009	5573528	0	1	30166	1	0	30000	other	0
SEE_04_64_FL	200	Picture	+	5603694	0	1	55665	1	0	next	other	0
SEE_04_64_FL	201	Sound	hi254b	5603694	0	2			0		other	0
SEE_04_64_FL	202	Picture	500+	5659359	0	1	5167	1	0	5000	other	0
SEE_04_64_FL	203	Picture	low_A169	5664526	0	1	30166	1	0	30000	other	0
SEE_04_64_FL	204	Picture	+	5694858	0	1	20166	1	0	38860	other	0
SEE_04_64_FL	205	Picture	low_F111	5715024	0	1	30166	1	0	30000	other	0
SEE_04_64_FL	206	Picture	+	5745357	0	1	20166	1	0	31960	other	0
SEE_04_64_FL	207	Picture	hi_A019	5765523	0	1	30166	1	0	30000	other	0
SEE_04_64_FL	208	Picture	+	5795856	0	1	87998	1	0	next	other	0
SEE_04_64_FL	209	Sound	low048a	5815856	0	1			0		other	0
SEE_04_64_FL	210	Picture	500+	5883853	0	1	5167	1	0	5000	other	0
SEE_04_64_FL	211	Picture	low_A194	5889187	0	1	30166	1	0	30000	other	0
SEE_04_64_FL	212	Picture	+	5919353	0	1	55999	1	0	next	other	0
SEE_04_64_FL	213	Sound	low048b	5919353	0	1			0		other	0
SEE_04_64_FL	214	Picture	500+	5975351	0	1	5167	1	0	5000	other	0
SEE_04_64_FL	215	Picture	hi_P225	5980518	0	1	30166	1	0	30000	other	0
SEE_04_64_FL	216	Picture	+	6010850	0	1	20166	1	0	34500	other	0
SEE_04_64_FL	217	Picture	hi_F025	6031016	0	1	30166	1	0	30000	other	0
SEE_04_64_FL	218	Picture	+	6061349	0	1	20166	1	0	32480	other	0
SEE_04_64_FL	219	Picture	low_F358	6081515	0	1	30166	1	0	30000	other	0
SEE_04_64_FL	220	Picture	+	6111848	0	1	87665	1	0	next	other	0
SEE_04_64_FL	221	Sound	hi003a	6131849	0	1			0		other	0
SEE_04_64_FL	222	Picture	500+	6199512	0	1	5167	1	0	5000	other	0
SEE_04_64_FL	223	Picture	hi_F146	6204845	0	1	30166	1	0	30000	other	0
SEE_04_64_FL	224	Picture	+	6235178	0	1	64165	1	0	next	other	0
SEE_04_64_FL	225	Sound	hi003b	6235179	0	1			0		other	0
SEE_04_64_FL	226	Picture	500+	6299343	0	1	5167	1	0	5000	other	0
SEE_04_64_FL	227	Picture	low_L131	6304676	0	1	30166	1	0	30000	other	0
SEE_04_64_FL	228	Picture	+	6335009	0	1	20166	1	0	39980	other	0
SEE_04_64_FL	229	Picture	low_L175	6355175	0	1	30166	1	0	30000	other	0
SEE_04_64_FL	230	Picture	+	6385508	0	1	20166	1	0	41870	other	0
SEE_04_64_FL	231	Picture	hi_F032	6405674	0	1	30166	1	0	30000	other	0
SEE_04_64_FL	232	Picture	+	6436006	0	1	83498	1	0	next	other	0
SEE_04_64_FL	233	Sound	hi206a	6456007	0	2			0		other	0
SEE_04_64_FL	234	Picture	500+	6519504	0	1	5167	1	0	5000	other	0
SEE_04_64_FL	235	Picture	hi_P229	6524671	0	1	30166	1	0	30000	other	0
SEE_04_64_FL	236	Picture	+	6554837	0	1	66165	1	0	next	other	0
SEE_04_64_FL	237	Sound	hi206b	6554837	0	1			0		other	0
SEE_04_64_FL	238	Picture	500+	6621002	0	1	5167	1	0	5000	other	0
SEE_04_64_FL	239	Picture	low_A139	6626168	0	1	30166	1	0	30000	other	0
SEE_04_64_FL	240	Picture	+	6656501	0	1	20166	1	0	41730	other	0
SEE_04_64_FL	241	Picture	hi_A025	6676667	0	1	30166	1	0	30000	other	0
SEE_04_64_FL	242	Picture	+	6707000	0	1	20166	1	0	41070	other	0
SEE_04_64_FL	243	Picture	low_P168	6727166	0	1	30166	1	0	30000	other	0
SEE_04_64_FL	244	Picture	+	6757498	0	1	87998	1	0	next	other	0
SEE_04_64_FL	245	Sound	low276a	6777499	0	1			0		other	0
SEE_04_64_FL	246	Picture	500+	6845496	0	1	5167	1	0	5000	other	0
SEE_04_64_FL	247	Picture	hi_F163	6850829	0	1	30166	1	0	30000	other	0
SEE_04_64_FL	248	Picture	+	6880995	0	1	57832	1	0	next	other	0
SEE_04_64_FL	249	Sound	low276b	6880996	0	1			0		other	0
SEE_04_64_FL	250	Picture	500+	6938827	0	1	5167	1	0	5000	other	0
SEE_04_64_FL	251	Picture	low_O099	6944160	0	1	30166	1	0	30000	other	0
SEE_04_64_FL	252	Picture	+	6974493	0	1	20166	1	0	43940	other	0
SEE_04_64_FL	253	Picture	hi_F021	6994659	0	1	30166	1	0	30000	other	0
SEE_04_64_FL	254	Picture	+	7024992	0	1	20166	1	0	35630	other	0
SEE_04_64_FL	255	Picture	low_P110	7045158	0	1	30166	1	0	30000	other	0
SEE_04_64_FL	256	Picture	+	7075490	0	1	86165	1	0	next	other	0
SEE_04_64_FL	257	Sound	hi326a	7095491	0	1			0		other	0
SEE_04_64_FL	258	Picture	500+	7161655	0	1	5166	1	0	5000	other	0
SEE_04_64_FL	259	Picture	hi_P237	7166988	0	1	30166	1	0	30000	other	0
SEE_04_64_FL	260	Picture	+	7197321	0	1	68832	1	0	next	other	0
SEE_04_64_FL	261	Sound	hi326b	7197321	0	2			0		other	0
SEE_04_64_FL	262	Picture	500+	7266152	0	1	5167	1	0	5000	other	0
SEE_04_64_FL	263	Picture	low_F244	7271486	0	1	30166	1	0	30000	other	0
SEE_04_64_FL	264	Picture	+	7301818	0	1	20166	1	0	40240	other	0
SEE_04_64_FL	265	Picture	hi_F284	7321984	0	1	30166	1	0	30000	other	0
SEE_04_64_FL	266	Picture	+	7352317	0	1	20166	1	0	41950	other	0
SEE_04_64_FL	267	Picture	low_L158	7372483	0	1	30166	1	0	30000	other	0
SEE_04_64_FL	268	Picture	+	7402816	0	1	75665	1	0	next	other	0
SEE_04_64_FL	269	Sound	low063a	7422816	0	1			0		other	0
SEE_04_64_FL	270	Picture	500+	7478480	0	1	5167	1	0	5000	other	0
SEE_04_64_FL	271	Picture	hi_A018	7483647	0	1	30166	1	0	30000	other	0
SEE_04_64_FL	272	Picture	+	7513813	0	1	56165	1	0	next	other	0
SEE_04_64_FL	273	Sound	low063b	7513814	0	1			0		other	0
SEE_04_64_FL	274	Picture	500+	7569978	0	1	5167	1	0	5000	other	0
SEE_04_64_FL	275	Picture	low_O190	7575311	0	1	30166	1	0	30000	other	0
SEE_04_64_FL	276	Picture	+	7605644	0	1	20166	1	0	41890	other	0
SEE_04_64_FL	277	Picture	low_L149	7625810	0	1	30166	1	0	30000	other	0
SEE_04_64_FL	278	Picture	+	7656143	0	1	20166	1	0	38430	other	0
SEE_04_64_FL	279	Picture	hi_P029	7676309	0	1	30166	1	0	30000	other	0
SEE_04_64_FL	280	Picture	+	7706641	0	1	80665	1	0	next	other	0
SEE_04_64_FL	281	Sound	hi241a	7726642	0	1			0		other	0
SEE_04_64_FL	282	Picture	500+	7787306	0	1	5167	1	0	5000	other	0
SEE_04_64_FL	283	Picture	low_F129	7792639	0	1	30166	1	0	30000	other	0
SEE_04_64_FL	284	Picture	+	7822972	0	1	58832	1	0	next	other	0
SEE_04_64_FL	285	Sound	hi241b	7822972	0	1			0		other	0
SEE_04_64_FL	286	Picture	500+	7881804	0	1	5167	1	0	5000	other	0
SEE_04_64_FL	287	Picture	hi_P241	7886970	0	1	30166	1	0	30000	other	0
SEE_04_64_FL	288	Picture	+	7917303	0	1	20166	1	0	40360	other	0
SEE_04_64_FL	289	Picture	low_L102	7937469	0	1	30166	1	0	30000	other	0
SEE_04_64_FL	290	Picture	+	7967802	0	1	20166	1	0	36610	other	0
SEE_04_64_FL	291	Picture	hi_O148	7987968	0	1	30166	1	0	30000	other	0
SEE_04_64_FL	292	Picture	+	8018300	0	1	89998	1	0	next	other	0
SEE_04_64_FL	293	Sound	hi314a	8038301	0	1			0		other	0
SEE_04_64_FL	294	Picture	500+	8108298	0	1	5167	1	0	5000	other	0
SEE_04_64_FL	295	Picture	low_A146	8113465	0	1	30166	1	0	30000	other	0
SEE_04_64_FL	296	Picture	+	8143797	0	1	57332	1	0	next	other	0
SEE_04_64_FL	297	Sound	hi314b	8143798	0	1			0		other	0
SEE_04_64_FL	298	Picture	500+	8201129	0	1	5167	1	0	5000	other	0
SEE_04_64_FL	299	Picture	hi_O139	8206296	0	1	30166	1	0	30000	other	0
SEE_04_64_FL	300	Picture	+	8236628	0	1	20166	1	0	40580	other	0
SEE_04_64_FL	301	Picture	low_L176	8256794	0	1	30166	1	0	30000	other	0
SEE_04_64_FL	302	Picture	+	8287127	0	1	20166	1	0	44880	other	0
SEE_04_64_FL	303	Picture	hi_A078	8307293	0	1	30166	1	0	30000	other	0
SEE_04_64_FL	304	Picture	+	8337626	0	1	84998	1	0	next	other	0
SEE_04_64_FL	305	Sound	hi018a	8357627	0	1			0		other	0
SEE_04_64_FL	306	Picture	500+	8422624	0	1	5167	1	0	5000	other	0
SEE_04_64_FL	307	Picture	low_P109	8427790	0	1	30166	1	0	30000	other	0
SEE_04_64_FL	308	Picture	+	8457956	0	1	56832	1	0	next	other	0
SEE_04_64_FL	309	Sound	hi018b	8457957	0	1			0		other	0
SEE_04_64_FL	310	Picture	500+	8514788	0	1	5167	1	0	5000	other	0
SEE_04_64_FL	311	Picture	hi_P222	8519955	0	1	30166	1	0	30000	other	0
SEE_04_64_FL	312	Picture	+	8550287	0	1	20166	1	0	30970	other	0
SEE_04_64_FL	313	Picture	low_P055	8570453	0	1	30166	1	0	30000	other	0
SEE_04_64_FL	314	Picture	+	8600786	0	1	20166	1	0	36860	other	0
SEE_04_64_FL	315	Picture	hi_P128	8620952	0	1	30166	1	0	30000	other	0
SEE_04_64_FL	316	Picture	+	8651285	0	1	81331	1	0	next	other	0
SEE_04_64_FL	317	Sound	hi249a	8671285	0	1			0		other	0
SEE_04_64_FL	318	Picture	500+	8732616	0	1	5166	1	0	5000	other	0
SEE_04_64_FL	319	Picture	hi_F013	8737782	0	1	30166	1	0	30000	other	0
SEE_04_64_FL	320	Picture	+	8767948	0	1	56332	1	0	next	other	0
SEE_04_64_FL	321	Sound	hi249b	8767949	0	1			0		other	0
SEE_04_64_FL	322	Picture	500+	8824280	0	1	5167	1	0	5000	other	0
SEE_04_64_FL	323	Picture	low_L178	8829447	0	1	30166	1	0	30000	other	0
SEE_04_64_FL	324	Picture	+	8859779	0	1	20166	1	0	33370	other	0
SEE_04_64_FL	325	Picture	low_A152	8879946	0	1	30166	1	0	30000	other	0
SEE_04_64_FL	326	Picture	+	8910278	0	1	20166	1	0	30520	other	0
SEE_04_64_FL	327	Picture	hi_P021	8930444	0	1	30166	1	0	30000	other	0
SEE_04_64_FL	328	Picture	+	8960777	0	1	86165	1	0	next	other	0
SEE_04_64_FL	329	Sound	hi123a	8980778	0	1			0		other	0
SEE_04_64_FL	330	Picture	500+	9046941	0	1	5166	1	0	5000	other	0
SEE_04_64_FL	331	Picture	hi_F290	9052108	0	1	30166	1	0	30000	other	0
SEE_04_64_FL	332	Picture	+	9082274	0	1	63498	1	0	next	other	0
SEE_04_64_FL	333	Sound	hi123b	9082275	0	1			0		other	0
SEE_04_64_FL	334	Picture	500+	9145772	0	1	5167	1	0	5000	other	0
SEE_04_64_FL	335	Picture	low_A160	9150939	0	1	30166	1	0	30000	other	0
SEE_04_64_FL	336	Picture	+	9181271	0	1	20166	1	0	35570	other	0
SEE_04_64_FL	337	Picture	low_O326	9201438	0	1	30166	1	0	30000	other	0
SEE_04_64_FL	338	Picture	+	9231770	0	1	20166	1	0	38220	other	0
SEE_04_64_FL	339	Picture	hi_F287	9251936	0	1	30166	1	0	30000	other	0
SEE_04_64_FL	340	Picture	+	9282269	0	1	83665	1	0	next	other	0
SEE_04_64_FL	341	Sound	low032a	9302270	0	1			0		other	0
SEE_04_64_FL	342	Picture	500+	9365933	0	1	5167	1	0	5000	other	0
SEE_04_64_FL	343	Picture	low_L172	9371267	0	1	30166	1	0	30000	other	0
SEE_04_64_FL	344	Picture	+	9401433	0	1	59165	1	0	next	other	0
SEE_04_64_FL	345	Sound	low032b	9401433	0	1			0		other	0
SEE_04_64_FL	346	Picture	500+	9460598	0	1	5167	1	0	5000	other	0
SEE_04_64_FL	347	Picture	hi_P071	9465764	0	1	30166	1	0	30000	other	0
SEE_04_64_FL	348	Picture	+	9496097	0	1	20166	1	0	34970	other	0
SEE_04_64_FL	349	Picture	low_P115	9516263	0	1	30166	1	0	30000	other	0
SEE_04_64_FL	350	Picture	+	9546596	0	1	20166	1	0	38200	other	0
SEE_04_64_FL	351	Picture	hi_F016	9566762	0	1	30166	1	0	30000	other	0
SEE_04_64_FL	352	Picture	+	9597094	0	1	86331	1	0	next	other	0
SEE_04_64_FL	353	Sound	low282a	9617095	0	1			0		other	0
SEE_04_64_FL	354	Picture	500+	9683426	0	1	5167	1	0	5000	other	0
SEE_04_64_FL	355	Picture	low_L163	9688592	0	1	30166	1	0	30000	other	0
SEE_04_64_FL	356	Picture	+	9718758	0	1	68998	1	0	next	other	0
SEE_04_64_FL	357	Sound	low282b	9718759	0	1			0		other	0
SEE_04_64_FL	358	Picture	500+	9787756	0	1	5167	1	0	5000	other	0
SEE_04_64_FL	359	Picture	hi_A027	9792923	0	1	30166	1	0	30000	other	0
SEE_04_64_FL	360	Picture	+	9823255	0	1	20166	1	0	32600	other	0
SEE_04_64_FL	361	Picture	low_L133	9843422	0	1	30166	1	0	30000	other	0
SEE_04_64_FL	362	Picture	+	9873754	0	1	20166	1	0	36180	other	0
SEE_04_64_FL	363	Picture	hi_F367	9893920	0	1	30166	1	0	30000	other	0
SEE_04_64_FL	364	Picture	+	9924253	0	1	88164	1	0	next	other	0
SEE_04_64_FL	365	Sound	hi248a	9944254	0	1			0		other	0
SEE_04_64_FL	366	Picture	500+	10012417	0	1	5167	1	0	5000	other	0
SEE_04_64_FL	367	Picture	low_F123	10017751	0	1	30166	1	0	30000	other	0
SEE_04_64_FL	368	Picture	+	10047916	0	1	56832	1	0	next	other	0
SEE_04_64_FL	369	Sound	hi248b	10047917	0	1			0		other	0
SEE_04_64_FL	370	Picture	500+	10104748	0	1	5167	1	0	5000	other	0
SEE_04_64_FL	371	Picture	hi_A034	10109915	0	1	30166	1	0	30000	other	0
SEE_04_64_FL	372	Picture	+	10140248	0	1	20166	1	0	42410	other	0
SEE_04_64_FL	373	Picture	low_L127	10160414	0	1	30166	1	0	30000	other	0
SEE_04_64_FL	374	Picture	+	10190746	0	1	20166	1	0	43750	other	0
SEE_04_64_FL	375	Picture	hi_A068	10210912	0	1	30166	1	0	30000	other	0
SEE_04_64_FL	376	Picture	+	10241245	0	1	81165	1	0	next	other	0
SEE_04_64_FL	377	Sound	hi011a	10261246	0	1			0		other	0
SEE_04_64_FL	378	Picture	500+	10322410	0	1	5167	1	0	5000	other	0
SEE_04_64_FL	379	Picture	low_F224	10327576	0	1	30166	1	0	30000	other	0
SEE_04_64_FL	380	Picture	+	10357742	0	1	59999	1	0	next	other	0
SEE_04_64_FL	381	Sound	hi011b	10357743	0	2			0		other	0
SEE_04_64_FL	382	Picture	500+	10417741	0	1	5167	1	0	5000	other	0
SEE_04_64_FL	383	Picture	hi_P125	10422907	0	1	30166	1	0	30000	other	0
SEE_04_64_FL	384	Picture	+	10453240	0	1	20166	1	0	38440	other	0
SEE_04_64_FL	385	Picture	low_L138	10473406	0	1	30166	1	0	30000	other	0
SEE_04_64_FL	386	Picture	+	10503738	0	1	20166	1	0	43230	other	0
SEE_04_64_FL	387	Picture	hi_O154	10523905	0	1	30166	1	0	30000	other	0
SEE_04_64_FL	388	Picture	+	10554237	0	1	89664	1	0	next	other	0
SEE_04_64_FL	389	Sound	low345a	10574238	0	1			0		other	0
SEE_04_64_FL	390	Picture	500+	10643902	0	1	5167	1	0	5000	other	0
SEE_04_64_FL	391	Picture	low_A114	10649235	0	1	30166	1	0	30000	other	0
SEE_04_64_FL	392	Picture	+	10679401	0	1	57165	1	0	next	other	0
SEE_04_64_FL	393	Sound	low345b	10679401	0	2			0		other	0
SEE_04_64_FL	394	Picture	500+	10736566	0	1	5167	1	0	5000	other	0
SEE_04_64_FL	395	Picture	hi_P246	10741733	0	1	30166	1	0	30000	other	0
SEE_04_64_FL	396	Picture	+	10772065	0	1	20166	1	0	31990	other	0
SEE_04_64_FL	397	Picture	low_L107	10792231	0	1	30166	1	0	30000	other	0
SEE_04_64_FL	398	Picture	+	10822564	0	1	20166	1	0	39970	other	0
SEE_04_64_FL	399	Picture	hi_P098	10842730	0	1	30166	1	0	30000	other	0
SEE_04_64_FL	400	Picture	+	10873063	0	1	78998	1	0	next	other	0
SEE_04_64_FL	401	Sound	low044a	10893063	0	1			0		other	0
SEE_04_64_FL	402	Picture	500+	10952061	0	1	5167	1	0	5000	other	0
SEE_04_64_FL	403	Picture	low_F052	10957227	0	1	30166	1	0	30000	other	0
SEE_04_64_FL	404	Picture	+	10987393	0	1	68665	1	0	next	other	0
SEE_04_64_FL	405	Sound	low044b	10987394	0	1			0		other	0
SEE_04_64_FL	406	Picture	500+	11056058	0	1	5167	1	0	5000	other	0
SEE_04_64_FL	407	Picture	hi_P038	11061391	0	1	30166	1	0	30000	other	0
SEE_04_64_FL	408	Picture	+	11091724	0	1	20166	1	0	36350	other	0
SEE_04_64_FL	409	Picture	low_A185	11111890	0	1	30166	1	0	30000	other	0
SEE_04_64_FL	410	Picture	+	11142223	0	1	20166	1	0	36710	other	0
SEE_04_64_FL	411	Picture	hi_O149	11162389	0	1	30166	1	0	30000	other	0
SEE_04_64_FL	412	Picture	+	11192721	0	1	77498	1	0	next	other	0
SEE_04_64_FL	413	Sound	low088a	11212722	0	1			0		other	0
SEE_04_64_FL	414	Picture	500+	11270219	0	1	5167	1	0	5000	other	0
SEE_04_64_FL	415	Picture	low_L034	11275386	0	1	30166	1	0	30000	other	0
SEE_04_64_FL	416	Picture	+	11305719	0	1	55499	1	0	next	other	0
SEE_04_64_FL	417	Sound	low088b	11305719	0	1			0		other	0
SEE_04_64_FL	418	Picture	500+	11361217	0	1	5167	1	0	5000	other	0
SEE_04_64_FL	419	Picture	hi_O291	11366550	0	1	30166	1	0	30000	other	0
SEE_04_64_FL	420	Picture	+	11396883	0	1	20166	1	0	43010	other	0
SEE_04_64_FL	421	Picture	low_P176	11417049	0	1	30166	1	0	30000	other	0
SEE_04_64_FL	422	Picture	+	11447382	0	1	20166	1	0	38390	other	0
SEE_04_64_FL	423	Picture	hi_A143	11467548	0	1	30166	1	0	30000	other	0
SEE_04_64_FL	424	Picture	+	11497880	0	1	75665	1	0	next	other	0
SEE_04_64_FL	425	Sound	hi310a	11517881	0	1			0		other	0
SEE_04_64_FL	426	Picture	500+	11573545	0	1	5167	1	0	5000	other	0
SEE_04_64_FL	427	Picture	hi_F293	11578712	0	1	30166	1	0	30000	other	0
SEE_04_64_FL	428	Picture	+	11608878	0	1	63498	1	0	next	other	0
SEE_04_64_FL	429	Sound	hi310b	11608878	0	1			0		other	0
SEE_04_64_FL	430	Picture	500+	11672376	0	1	5167	1	0	5000	other	0
SEE_04_64_FL	431	Picture	low_L048	11677543	0	1	30166	1	0	30000	other	0
SEE_04_64_FL	432	Picture	+	11707875	0	1	20166	1	0	30390	other	0
SEE_04_64_FL	433	Picture	hi_L007	11728041	0	1	30166	1	0	30000	other	0
SEE_04_64_FL	434	Picture	+	11758374	0	1	20166	1	0	37430	other	0
SEE_04_64_FL	435	Picture	low_P107	11778540	0	1	30166	1	0	30000	other	0
SEE_04_64_FL	436	Picture	+	11808873	0	1	84331	1	0	next	other	0
SEE_04_64_FL	437	Sound	hi014a	11828873	0	1			0		other	0
SEE_04_64_FL	438	Picture	500+	11893204	0	1	5167	1	0	5000	other	0
SEE_04_64_FL	439	Picture	hi_F272	11898370	0	1	30166	1	0	30000	other	0
SEE_04_64_FL	440	Picture	+	11928536	0	1	63998	1	0	next	other	0
SEE_04_64_FL	441	Sound	hi014b	11928537	0	1			0		other	0
SEE_04_64_FL	442	Picture	500+	11992535	0	1	5167	1	0	5000	other	0
SEE_04_64_FL	443	Picture	low_L085	11997868	0	1	30166	1	0	30000	other	0
SEE_04_64_FL	444	Picture	+	12028201	0	1	20166	1	0	31520	other	0
SEE_04_64_FL	445	Picture	low_P138	12048367	0	1	30166	1	0	30000	other	0
SEE_04_64_FL	446	Picture	+	12078699	0	1	20166	1	0	33030	other	0
SEE_04_64_FL	447	Picture	hi_P022	12098865	0	1	30166	1	0	30000	other	0
SEE_04_64_FL	448	Picture	+	12129198	0	1	82331	1	0	next	other	0
SEE_04_64_FL	449	Sound	low057a	12149199	0	1			0		other	0
SEE_04_64_FL	450	Picture	500+	12211529	0	1	5167	1	0	5000	other	0
SEE_04_64_FL	451	Picture	low_P169	12216863	0	1	30166	1	0	30000	other	0
SEE_04_64_FL	452	Picture	+	12247195	0	1	63998	1	0	next	other	0
SEE_04_64_FL	453	Sound	low057b	12247196	0	1			0		other	0
SEE_04_64_FL	454	Picture	500+	12311193	0	1	5167	1	0	5000	other	0
SEE_04_64_FL	455	Picture	hi_F368	12316360	0	1	30166	1	0	30000	other	0
SEE_04_64_FL	456	Picture	+	12346693	0	1	20166	1	0	35940	other	0
SEE_04_64_FL	457	Picture	low_L051	12366859	0	1	30166	1	0	30000	other	0
SEE_04_64_FL	458	Picture	+	12397191	0	1	20166	1	0	30530	other	0
SEE_04_64_FL	459	Picture	hi_F158	12417358	0	1	30166	1	0	30000	other	0
SEE_04_64_FL	460	Picture	+	12447690	0	1	79665	1	0	next	other	0
SEE_04_64_FL	461	Sound	hi251a	12467691	0	2			0		other	0
SEE_04_64_FL	462	Picture	500+	12527355	0	1	5167	1	0	5000	other	0
SEE_04_64_FL	463	Picture	low_O325	12532688	0	1	30166	1	0	30000	other	0
SEE_04_64_FL	464	Picture	+	12562854	0	1	65832	1	0	next	other	0
SEE_04_64_FL	465	Sound	hi251b	12562855	0	1			0		other	0
SEE_04_64_FL	466	Picture	500+	12628686	0	1	5167	1	0	5000	other	0
SEE_04_64_FL	467	Picture	hi_P234	12633852	0	1	30166	1	0	30000	other	0
SEE_04_64_FL	468	Picture	+	12664185	0	1	20166	1	0	32130	other	0
SEE_04_64_FL	469	Picture	low_P179	12684351	0	1	30166	1	0	30000	other	0
SEE_04_64_FL	470	Picture	+	12714683	0	1	20166	1	0	44930	other	0
SEE_04_64_FL	471	Picture	hi_F265	12734850	0	1	30166	1	0	30000	other	0
SEE_04_64_FL	472	Picture	+	12765182	0	1	81165	1	0	next	other	0
SEE_04_64_FL	473	Sound	hi172a	12785183	0	1			0		other	0
SEE_04_64_FL	474	Picture	500+	12846347	0	1	5167	1	0	5000	other	0
SEE_04_64_FL	475	Picture	hi_P020	12851513	0	1	30166	1	0	30000	other	0
SEE_04_64_FL	476	Picture	+	12881846	0	1	63498	1	0	next	other	0
SEE_04_64_FL	477	Sound	hi172b	12881847	0	1			0		other	0
SEE_04_64_FL	478	Picture	500+	12945344	0	1	5167	1	0	5000	other	0
SEE_04_64_FL	479	Picture	low_A184	12950511	0	1	30166	1	0	30000	other	0
SEE_04_64_FL	480	Picture	+	12980843	0	1	20166	1	0	34290	other	0
SEE_04_64_FL	481	Picture	hi_P008	13001010	0	1	30166	1	0	30000	other	0
SEE_04_64_FL	482	Picture	+	13031342	0	1	20166	1	0	40140	other	0
SEE_04_64_FL	483	Picture	low_A170	13051508	0	1	30166	1	0	30000	other	0
SEE_04_64_FL	484	Picture	+	13081841	0	1	76998	1	0	next	other	0
SEE_04_64_FL	485	Sound	hi007a	13101842	0	1			0		other	0
SEE_04_64_FL	486	Picture	500+	13158839	0	1	5167	1	0	5000	other	0
SEE_04_64_FL	487	Picture	low_L096	13164006	0	1	30166	1	0	30000	other	0
SEE_04_64_FL	488	Picture	+	13194338	0	1	63832	1	0	next	other	0
SEE_04_64_FL	489	Sound	hi007b	13194339	0	1			0		other	0
SEE_04_64_FL	490	Picture	500+	13258170	0	1	5167	1	0	5000	other	0
SEE_04_64_FL	491	Picture	hi_P124	13263337	0	1	30166	1	0	30000	other	0
SEE_04_64_FL	492	Picture	+	13293669	0	1	20166	1	0	44010	other	0
SEE_04_64_FL	493	Picture	low_F130	13313835	0	1	30166	1	0	30000	other	0
SEE_04_64_FL	494	Picture	+	13344168	0	1	20166	1	0	34800	other	0
SEE_04_64_FL	495	Picture	hi_O001	13364334	0	1	30166	1	0	30000	other	0
SEE_04_64_FL	496	Picture	+	13394667	0	1	75165	1	0	next	other	0
SEE_04_64_FL	497	Sound	hi247a	13414667	0	1			0		other	0
SEE_04_64_FL	498	Picture	500+	13469831	0	1	5167	1	0	5000	other	0
SEE_04_64_FL	499	Picture	low_L064	13474998	0	1	30166	1	0	30000	other	0
SEE_04_64_FL	500	Picture	+	13505164	0	1	63498	1	0	next	other	0
SEE_04_64_FL	501	Sound	hi247b	13505164	0	1			0		other	0
SEE_04_64_FL	502	Picture	500+	13568662	0	1	5167	1	0	5000	other	0
SEE_04_64_FL	503	Picture	hi_P208	13573829	0	1	30166	1	0	30000	other	0
SEE_04_64_FL	504	Picture	+	13604161	0	1	20166	1	0	33500	other	0
SEE_04_64_FL	505	Picture	low_F125	13624328	0	1	30166	1	0	30000	other	0
SEE_04_64_FL	506	Picture	+	13654660	0	1	20166	1	0	37450	other	0
SEE_04_64_FL	507	Picture	hi_L026	13674826	0	1	30166	1	0	30000	other	0
SEE_04_64_FL	508	Picture	+	13705159	0	1	89664	1	0	next	other	0
SEE_04_64_FL	509	Sound	low149a	13725160	0	1			0		other	0
SEE_04_64_FL	510	Picture	500+	13794823	0	1	5167	1	0	5000	other	0
SEE_04_64_FL	511	Picture	hi_P001	13799990	0	1	30166	1	0	30000	other	0
SEE_04_64_FL	512	Picture	+	13830322	0	1	57665	1	0	next	other	0
SEE_04_64_FL	513	Sound	low149b	13830323	0	1			0		other	0
SEE_04_64_FL	514	Picture	500+	13887988	0	1	5167	1	0	5000	other	0
SEE_04_64_FL	515	Picture	low_F001	13893321	0	1	30166	1	0	30000	other	0
SEE_04_64_FL	516	Picture	+	13923653	0	1	20166	1	0	40520	other	0
SEE_04_64_FL	517	Picture	low_L018	13943820	0	1	30166	1	0	30000	other	0
SEE_04_64_FL	518	Picture	+	13974152	0	1	20166	1	0	30280	other	0
SEE_04_64_FL	519	Picture	hi_F174	13994318	0	1	30166	1	0	30000	other	0
SEE_04_64_FL	520	Picture	+	14024651	0	1	88664	1	0	next	other	0
SEE_04_64_FL	521	Sound	hi243a	14044652	0	2			0		other	0
SEE_04_64_FL	522	Picture	500+	14113315	0	1	5166	1	0	5000	other	0
SEE_04_64_FL	523	Picture	low_A123	14118482	0	1	30166	1	0	30000	other	0
SEE_04_64_FL	524	Picture	+	14148648	0	1	61832	1	0	next	other	0
SEE_04_64_FL	525	Sound	hi243b	14148648	0	1			0		other	0
SEE_04_64_FL	526	Picture	500+	14210480	0	1	5167	1	0	5000	other	0
SEE_04_64_FL	527	Picture	hi_P032	14215813	0	1	30166	1	0	30000	other	0
SEE_04_64_FL	528	Picture	+	14246145	0	1	20166	1	0	38770	other	0
SEE_04_64_FL	529	Picture	hi_P175	14266312	0	1	30166	1	0	30000	other	0
SEE_04_64_FL	530	Picture	+	14296644	0	1	20166	1	0	37730	other	0
SEE_04_64_FL	531	Picture	low_A132	14316810	0	1	30166	1	0	30000	other	0
SEE_04_64_FL	532	Picture	+	14347143	0	1	86498	1	0	next	other	0
SEE_04_64_FL	533	Sound	hi252a	14367144	0	1			0		other	0
SEE_04_64_FL	534	Picture	500+	14433641	0	1	5167	1	0	5000	other	0
SEE_04_64_FL	535	Picture	hi_A063	14438807	0	1	30166	1	0	30000	other	0
SEE_04_64_FL	536	Picture	+	14468973	0	1	63832	1	0	next	other	0
SEE_04_64_FL	537	Sound	hi252b	14468974	0	1			0		other	0
SEE_04_64_FL	538	Picture	500+	14532805	0	1	5167	1	0	5000	other	0
SEE_04_64_FL	539	Picture	low_A136	14538138	0	1	30166	1	0	30000	other	0
SEE_04_64_FL	540	Picture	+	14568471	0	1	20166	1	0	36740	other	0
SEE_04_64_FL	541	Picture	low_P048	14588637	0	1	30166	1	0	30000	other	0
SEE_04_64_FL	542	Picture	+	14618969	0	1	20166	1	0	44320	other	0
SEE_04_64_FL	543	Picture	hi_P003	14639136	0	1	30166	1	0	30000	other	0
SEE_04_64_FL	544	Picture	+	14669468	0	1	88331	1	0	next	other	0
SEE_04_64_FL	545	Sound	low024a	14689469	0	1			0		other	0
SEE_04_64_FL	546	Picture	500+	14757799	0	1	5167	1	0	5000	other	0
SEE_04_64_FL	547	Picture	low_P108	14762966	0	1	30166	1	0	30000	other	0
SEE_04_64_FL	548	Picture	+	14793132	0	1	61498	1	0	next	other	0
SEE_04_64_FL	549	Sound	low024b	14793132	0	1			0		other	0
SEE_04_64_FL	550	Picture	500+	14854630	0	1	5167	1	0	5000	other	0
SEE_04_64_FL	551	Picture	hi_P223	14859797	0	1	30166	1	0	30000	other	0
SEE_04_64_FL	552	Picture	+	14890129	0	1	20166	1	0	37570	other	0
SEE_04_64_FL	553	Picture	low_L143	14910295	0	1	30166	1	0	30000	other	0
SEE_04_64_FL	554	Picture	+	14940628	0	1	20166	1	0	40760	other	0
SEE_04_64_FL	555	Picture	hi_A001	14960794	0	1	30166	1	0	30000	other	0
SEE_04_64_FL	556	Picture	+	14991127	0	1	82165	1	0	next	other	0
SEE_04_64_FL	557	Sound	hi010a	15011128	0	1			0		other	0
SEE_04_64_FL	558	Picture	500+	15073291	0	1	5166	1	0	5000	other	0
SEE_04_64_FL	559	Picture	hi_A016	15078458	0	1	30166	1	0	30000	other	0
SEE_04_64_FL	560	Picture	+	15108791	0	1	62998	1	0	next	other	0
SEE_04_64_FL	561	Sound	hi010b	15108791	0	1			0		other	0
SEE_04_64_FL	562	Picture	500+	15171789	0	1	5167	1	0	5000	other	0
SEE_04_64_FL	563	Picture	low_L065	15176956	0	1	30166	1	0	30000	other	0
SEE_04_64_FL	564	Picture	+	15207288	0	1	20166	1	0	31240	other	0
SEE_04_64_FL	565	Picture	hi_L005	15227454	0	1	30166	1	0	30000	other	0
SEE_04_64_FL	566	Picture	+	15257787	0	1	20166	1	0	43520	other	0
SEE_04_64_FL	567	Picture	low_A131	15277953	0	1	30166	1	0	30000	other	0
SEE_04_64_FL	568	Picture	+	15308286	0	1	86498	1	0	next	other	0
SEE_04_64_FL	569	Sound	hi169a	15328286	0	1			0		other	0
SEE_04_64_FL	570	Picture	500+	15394783	0	1	5167	1	0	5000	other	0
SEE_04_64_FL	571	Picture	low_A099	15399950	0	1	30166	1	0	30000	other	0
SEE_04_64_FL	572	Picture	+	15430116	0	1	65998	1	0	next	other	0
SEE_04_64_FL	573	Sound	hi169b	15430117	0	1			0		other	0
SEE_04_64_FL	574	Picture	500+	15496114	0	1	5167	1	0	5000	other	0
SEE_04_64_FL	575	Picture	hi_F291	15501281	0	1	30166	1	0	30000	other	0
SEE_04_64_FL	576	Picture	+	15531613	0	1	20166	1	0	34540	other	0
SEE_04_64_FL	577	Picture	low_L038	15551780	0	1	30166	1	0	30000	other	0
SEE_04_64_FL	578	Picture	+	15582112	0	1	20166	1	0	43840	other	0
SEE_04_64_FL	579	Picture	hi_P084	15602278	0	1	30166	1	0	30000	other	0
SEE_04_64_FL	580	Picture	+	15632611	0	1	84498	1	0	next	other	0
SEE_04_64_FL	581	Sound	hi142a	15652612	0	1			0		other	0
SEE_04_64_FL	582	Picture	500+	15717109	0	1	5167	1	0	5000	other	0
SEE_04_64_FL	583	Picture	hi_P004	15722442	0	1	30166	1	0	30000	other	0
SEE_04_64_FL	584	Picture	+	15752608	0	1	61665	1	0	next	other	0
SEE_04_64_FL	585	Sound	hi142b	15752608	0	1			0		other	0
SEE_04_64_FL	586	Picture	500+	15814273	0	1	5167	1	0	5000	other	0
SEE_04_64_FL	587	Picture	low_L049	15819606	0	1	30166	1	0	30000	other	0
SEE_04_64_FL	588	Picture	+	15849939	0	1	20166	1	0	39080	other	0
SEE_04_64_FL	589	Picture	hi_O300	15870105	0	1	30166	1	0	30000	other	0
SEE_04_64_FL	590	Picture	+	15900437	0	1	20166	1	0	33860	other	0
SEE_04_64_FL	591	Picture	low_O043	15920604	0	1	30166	1	0	30000	other	0
SEE_04_64_FL	592	Picture	+	15950936	0	1	76998	1	0	next	other	0
SEE_04_64_FL	593	Sound	hi253a	15970937	0	1			0		other	0
SEE_04_64_FL	594	Picture	500+	16027934	0	1	5167	1	0	5000	other	0
SEE_04_64_FL	595	Picture	hi_F271	16033101	0	1	30166	1	0	30000	other	0
SEE_04_64_FL	596	Picture	+	16063433	0	1	68498	1	0	next	other	0
SEE_04_64_FL	597	Sound	hi253b	16063434	0	1			0		other	0
SEE_04_64_FL	598	Picture	500+	16131932	0	1	5167	1	0	5000	other	0
SEE_04_64_FL	599	Picture	low_A095	16137265	0	1	30166	1	0	30000	other	0
SEE_04_64_FL	600	Picture	+	16167598	0	1	20166	1	0	32750	other	0
SEE_04_64_FL	601	Picture	low_L100	16187764	0	1	30166	1	0	30000	other	0
SEE_04_64_FL	602	Picture	+	16218096	0	1	20166	1	0	42160	other	0
SEE_04_64_FL	603	Picture	hi_P023	16238262	0	1	30166	1	0	30000	other	0
SEE_04_64_FL	604	Picture	+	16268595	0	1	89831	1	0	next	other	0
SEE_04_64_FL	605	Sound	hi127a	16288596	0	1			0		other	0
SEE_04_64_FL	606	Picture	500+	16358426	0	1	5167	1	0	5000	other	0
SEE_04_64_FL	607	Picture	low_L009	16363759	0	1	30166	1	0	30000	other	0
SEE_04_64_FL	608	Picture	+	16393925	0	1	68832	1	0	next	other	0
SEE_04_64_FL	609	Sound	hi127b	16393926	0	1			0		other	0
SEE_04_64_FL	610	Picture	500+	16462757	0	1	5167	1	0	5000	other	0
SEE_04_64_FL	611	Picture	hi_F295	16467923	0	1	30166	1	0	30000	other	0
SEE_04_64_FL	612	Picture	+	16498256	0	1	20166	1	0	37000	other	0
SEE_04_64_FL	613	Picture	low_A192	16518422	0	1	30166	1	0	30000	other	0
SEE_04_64_FL	614	Picture	+	16548755	0	1	20166	1	0	39310	other	0
SEE_04_64_FL	615	Picture	hi_P232	16568921	0	1	30166	1	0	30000	other	0
SEE_04_64_FL	616	Picture	+	16599253	0	1	76831	1	0	next	other	0
SEE_04_64_FL	617	Sound	low035a	16619254	0	1			0		other	0
SEE_04_64_FL	618	Picture	500+	16676085	0	1	5167	1	0	5000	other	0
SEE_04_64_FL	619	Picture	hi_P037	16681251	0	1	30166	1	0	30000	other	0
SEE_04_64_FL	620	Picture	+	16711417	0	1	58999	1	0	next	other	0
SEE_04_64_FL	621	Sound	low035b	16711418	0	1			0		other	0
SEE_04_64_FL	622	Picture	500+	16770416	0	1	5166	1	0	5000	other	0
SEE_04_64_FL	623	Picture	low_L166	16775749	0	1	30166	1	0	30000	other	0
SEE_04_64_FL	624	Picture	+	16806082	0	1	20166	1	0	32550	other	0
SEE_04_64_FL	625	Picture	low_F099	16826248	0	1	30166	1	0	30000	other	0
SEE_04_64_FL	626	Picture	+	16856580	0	1	20166	1	0	32010	other	0
SEE_04_64_FL	627	Picture	hi_A221	16876747	0	1	30166	1	0	30000	other	0
SEE_04_64_FL	628	Picture	+	16907079	0	1	78665	1	0	next	other	0
SEE_04_64_FL	629	Sound	low085a	16927080	0	1			0		other	0
SEE_04_64_FL	630	Picture	500+	16985744	0	1	5167	1	0	5000	other	0
SEE_04_64_FL	631	Picture	low_L075	16990910	0	1	30166	1	0	30000	other	0
SEE_04_64_FL	632	Picture	+	17021076	0	1	66998	1	0	next	other	0
SEE_04_64_FL	633	Sound	low085b	17021077	0	1			0		other	0
SEE_04_64_FL	634	Picture	500+	17088075	0	1	5167	1	0	5000	other	0
SEE_04_64_FL	635	Picture	hi_P217	17093241	0	1	30166	1	0	30000	other	0
SEE_04_64_FL	636	Picture	+	17123574	0	1	20166	1	0	36430	other	0
SEE_04_64_FL	637	Picture	low_L104	17143740	0	1	30166	1	0	30000	other	0
SEE_04_64_FL	638	Picture	+	17174072	0	1	20166	1	0	32100	other	0
SEE_04_64_FL	639	Picture	hi_A042	17194239	0	1	30166	1	0	30000	other	0
SEE_04_64_FL	640	Picture	+	17224571	0	1	84665	1	0	next	other	0
SEE_04_64_FL	641	Sound	hi097a	17244572	0	1			0		other	0
SEE_04_64_FL	642	Picture	500+	17309236	0	1	5167	1	0	5000	other	0
SEE_04_64_FL	643	Picture	hi_A033	17314402	0	1	30166	1	0	30000	other	0
SEE_04_64_FL	644	Picture	+	17344568	0	1	65332	1	0	next	other	0
SEE_04_64_FL	645	Sound	hi097b	17344569	0	1			0		other	0
SEE_04_64_FL	646	Picture	500+	17409900	0	1	5167	1	0	5000	other	0
SEE_04_64_FL	647	Picture	low_P046	17415066	0	1	30166	1	0	30000	other	0
SEE_04_64_FL	648	Picture	+	17445399	0	1	20166	1	0	43700	other	0
SEE_04_64_FL	649	Picture	hi_P227	17465565	0	1	30166	1	0	30000	other	0
SEE_04_64_FL	650	Picture	+	17495898	0	1	20166	1	0	33210	other	0
SEE_04_64_FL	651	Picture	low_A159	17516064	0	1	30166	1	0	30000	other	0
SEE_04_64_FL	652	Picture	+	17546396	0	1	80665	1	0	next	other	0
SEE_04_64_FL	653	Sound	low079a	17566397	0	2			0		other	0
SEE_04_64_FL	654	Picture	500+	17627061	0	1	5167	1	0	5000	other	0
SEE_04_64_FL	655	Picture	low_P153	17632228	0	1	30166	1	0	30000	other	0
SEE_04_64_FL	656	Picture	+	17662394	0	1	60665	1	0	next	other	0
SEE_04_64_FL	657	Sound	low079b	17662394	0	1			0		other	0
SEE_04_64_FL	658	Picture	500+	17723059	0	1	5167	1	0	5000	other	0
SEE_04_64_FL	659	Picture	hi_P017	17728225	0	1	30166	1	0	30000	other	0
SEE_04_64_FL	660	Picture	+	17758558	0	1	20166	1	0	37060	other	0
SEE_04_64_FL	661	Picture	hi_P147	17778724	0	1	30166	1	0	30000	other	0
SEE_04_64_FL	662	Picture	+	17809057	0	1	20166	1	0	37740	other	0
SEE_04_64_FL	663	Picture	low_L071	17829223	0	1	30166	1	0	30000	other	0
SEE_04_64_FL	664	Picture	+	17859555	0	1	86998	1	0	next	other	0
SEE_04_64_FL	665	Sound	hi242a	17879556	0	2			0		other	0
SEE_04_64_FL	666	Picture	500+	17946553	0	1	5167	1	0	5000	other	0
SEE_04_64_FL	667	Picture	low_A090	17951720	0	1	30166	1	0	30000	other	0
SEE_04_64_FL	668	Picture	+	17981886	0	1	63832	1	0	next	other	0
SEE_04_64_FL	669	Sound	hi242b	17981886	0	1			0		other	0
SEE_04_64_FL	670	Picture	500+	18045717	0	1	5167	1	0	5000	other	0
SEE_04_64_FL	671	Picture	hi_F038	18051051	0	1	30166	1	0	30000	other	0
SEE_04_64_FL	672	Picture	+	18081383	0	1	20166	1	0	39370	other	0
SEE_04_64_FL	673	Picture	hi_P139	18101549	0	1	30166	1	0	30000	other	0
SEE_04_64_FL	674	Picture	+	18131882	0	1	20166	1	0	39320	other	0
SEE_04_64_FL	675	Picture	low_A104	18152048	0	1	30166	1	0	30000	other	0
SEE_04_64_FL	676	Picture	+	18182381	0	1	78331	1	0	next	other	0
SEE_04_64_FL	677	Sound	low280a	18202381	0	1			0		other	0
SEE_04_64_FL	678	Picture	500+	18260712	0	1	5167	1	0	5000	other	0
SEE_04_64_FL	679	Picture	low_P113	18265879	0	1	30166	1	0	30000	other	0
SEE_04_64_FL	680	Picture	+	18296045	0	1	56332	1	0	next	other	0
SEE_04_64_FL	681	Sound	low280b	18296045	0	1			0		other	0
SEE_04_64_FL	682	Picture	500+	18352376	0	1	5167	1	0	5000	other	0
SEE_04_64_FL	683	Picture	hi_O002	18357710	0	1	30166	1	0	30000	other	0
SEE_04_64_FL	684	Picture	+	18388042	0	1	20166	1	0	33630	other	0
SEE_04_64_FL	685	Picture	low_L109	18408208	0	1	30166	1	0	30000	other	0
SEE_04_64_FL	686	Picture	+	18438541	0	1	20166	1	0	35140	other	0
SEE_04_64_FL	687	Picture	hi_A041	18458707	0	1	30166	1	0	30000	other	0
SEE_04_64_FL	688	Picture	+	18489040	0	1	83998	1	0	next	other	0
SEE_04_64_FL	689	Sound	low279a	18509041	0	1			0		other	0
SEE_04_64_FL	690	Picture	500+	18573038	0	1	5167	1	0	5000	other	0
SEE_04_64_FL	691	Picture	hi_P011	18578204	0	1	30166	1	0	30000	other	0
SEE_04_64_FL	692	Picture	+	18608370	0	1	66165	1	0	next	other	0
SEE_04_64_FL	693	Sound	low279b	18608371	0	1			0		other	0
SEE_04_64_FL	694	Picture	500+	18674535	0	1	5167	1	0	5000	other	0
SEE_04_64_FL	695	Picture	low_L123	18679868	0	1	30166	1	0	30000	other	0
SEE_04_64_FL	696	Picture	+	18710201	0	1	20166	1	0	31080	other	0
SEE_04_64_FL	697	Picture	hi_P016	18730367	0	1	30166	1	0	30000	other	0
SEE_04_64_FL	698	Picture	+	18760700	0	1	20166	1	0	37010	other	0
SEE_04_64_FL	699	Picture	low_P152	18780866	0	1	30166	1	0	30000	other	0
SEE_04_64_FL	700	Picture	+	18811198	0	1	86998	1	0	next	other	0
SEE_04_64_FL	701	Sound	low272a	18831199	0	1			0		other	0
SEE_04_64_FL	702	Picture	500+	18898196	0	1	5167	1	0	5000	other	0
SEE_04_64_FL	703	Picture	hi_F298	18903363	0	1	30166	1	0	30000	other	0
SEE_04_64_FL	704	Picture	+	18933529	0	1	66998	1	0	next	other	0
SEE_04_64_FL	705	Sound	low272b	18933529	0	1			0		other	0
SEE_04_64_FL	706	Picture	500+	19000527	0	1	5167	1	0	5000	other	0
SEE_04_64_FL	707	Picture	low_L062	19005694	0	1	30166	1	0	30000	other	0
SEE_04_64_FL	708	Picture	+	19036026	0	1	20166	1	0	37830	other	0
SEE_04_64_FL	709	Picture	hi_O006	19056192	0	1	30166	1	0	30000	other	0
SEE_04_64_FL	710	Picture	+	19086525	0	1	20166	1	0	38600	other	0
SEE_04_64_FL	711	Picture	low_L151	19106691	0	1	30166	1	0	30000	other	0
SEE_04_64_FL	712	Picture	+	19137024	0	1	81665	1	0	next	other	0
SEE_04_64_FL	713	Sound	low281a	19157025	0	1			0		other	0
SEE_04_64_FL	714	Picture	500+	19218688	0	1	5167	1	0	5000	other	0
SEE_04_64_FL	715	Picture	low_F098	19223855	0	1	30166	1	0	30000	other	0
SEE_04_64_FL	716	Picture	+	19254021	0	1	68498	1	0	next	other	0
SEE_04_64_FL	717	Sound	low281b	19254021	0	1			0		other	0
SEE_04_64_FL	718	Picture	500+	19322519	0	1	5167	1	0	5000	other	0
SEE_04_64_FL	719	Picture	hi_A021	19327686	0	1	30166	1	0	30000	other	0
SEE_04_64_FL	720	Picture	+	19358018	0	1	20166	1	0	42920	other	0
SEE_04_64_FL	721	Picture	hi_P058	19378184	0	1	30166	1	0	30000	other	0
SEE_04_64_FL	722	Picture	+	19408517	0	1	20166	1	0	32940	other	0
SEE_04_64_FL	723	Picture	low_L090	19428683	0	1	30166	1	0	30000	other	0
SEE_04_64_FL	724	Picture	+	19459016	0	1	86498	1	0	next	other	0
SEE_04_64_FL	725	Sound	low344a	19479016	0	2			0		other	0
SEE_04_64_FL	726	Picture	500+	19545513	0	1	5167	1	0	5000	other	0
SEE_04_64_FL	727	Picture	hi_F274	19550847	0	1	30166	1	0	30000	other	0
SEE_04_64_FL	728	Picture	+	19581013	0	1	63332	1	0	next	other	0
SEE_04_64_FL	729	Sound	low344b	19581013	0	1			0		other	0
SEE_04_64_FL	730	Picture	500+	19644344	0	1	5167	1	0	5000	other	0
SEE_04_64_FL	731	Picture	low_L054	19649511	0	1	30166	1	0	30000	other	0
SEE_04_64_FL	732	Picture	+	19679843	0	1	20166	1	0	43190	other	0
SEE_04_64_FL	733	Picture	hi_F019	19700010	0	1	30166	1	0	30000	other	0
SEE_04_64_FL	734	Picture	+	19730342	0	1	20166	1	0	30200	other	0
SEE_04_64_FL	735	Picture	low_P116	19750508	0	1	30166	1	0	30000	other	0
SEE_04_64_FL	736	Picture	+	19780841	0	1	79831	1	0	next	other	0
SEE_04_64_FL	737	Sound	low351a	19800842	0	1			0		other	0
SEE_04_64_FL	738	Picture	500+	19860672	0	1	5167	1	0	5000	other	0
SEE_04_64_FL	739	Picture	hi_P015	19865839	0	1	30166	1	0	30000	other	0
SEE_04_64_FL	740	Picture	+	19896005	0	1	62998	1	0	next	other	0
SEE_04_64_FL	741	Sound	low351b	19896005	0	1			0		other	0
SEE_04_64_FL	742	Picture	500+	19959003	0	1	5167	1	0	5000	other	0
SEE_04_64_FL	743	Picture	low_O327	19964170	0	1	30166	1	0	30000	other	0
SEE_04_64_FL	744	Picture	+	19994502	0	1	20166	1	0	40530	other	0
SEE_04_64_FL	745	Picture	low_L161	20014668	0	1	30166	1	0	30000	other	0
SEE_04_64_FL	746	Picture	+	20045001	0	1	20166	1	0	31500	other	0
SEE_04_64_FL	747	Picture	hi_F270	20065167	0	1	30166	1	0	30000	other	0
SEE_04_64_FL	748	Picture	+	20095500	0	1	89498	1	0	next	other	0
SEE_04_64_FL	749	Sound	low036a	20115501	0	1			0		other	0
SEE_04_64_FL	750	Picture	500+	20184997	0	1	5167	1	0	5000	other	0
SEE_04_64_FL	751	Picture	low_L121	20190331	0	1	30166	1	0	30000	other	0
SEE_04_64_FL	752	Picture	+	20220497	0	1	62998	1	0	next	other	0
SEE_04_64_FL	753	Sound	low036b	20220497	0	1			0		other	0
SEE_04_64_FL	754	Picture	500+	20283495	0	1	5167	1	0	5000	other	0
SEE_04_64_FL	755	Picture	hi_P239	20288662	0	1	30166	1	0	30000	other	0
SEE_04_64_FL	756	Picture	+	20318994	0	1	20166	1	0	35910	other	0
SEE_04_64_FL	757	Picture	low_A119	20339160	0	1	30166	1	0	30000	other	0
SEE_04_64_FL	758	Picture	+	20369493	0	1	20166	1	0	35380	other	0
SEE_04_64_FL	759	Picture	hi_O125	20389659	0	1	30166	1	0	30000	other	0
SEE_04_64_FL	760	Picture	+	20419992	0	1	87998	1	0	next	other	0
SEE_04_64_FL	761	Sound	low273a	20439993	0	1			0		other	0
SEE_04_64_FL	762	Picture	500+	20507989	0	1	5167	1	0	5000	other	0
SEE_04_64_FL	763	Picture	low_A167	20513156	0	1	30166	1	0	30000	other	0
SEE_04_64_FL	764	Picture	+	20543322	0	1	58499	1	0	next	other	0
SEE_04_64_FL	765	Sound	low273b	20543323	0	1			0		other	0
SEE_04_64_FL	766	Picture	500+	20601820	0	1	5167	1	0	5000	other	0
SEE_04_64_FL	767	Picture	hi_A038	20607154	0	1	30166	1	0	30000	other	0
SEE_04_64_FL	768	Picture	+	20637486	0	1	20166	1	0	43210	other	0
SEE_04_64_FL	769	Picture	low_L134	20657652	0	1	30166	1	0	30000	other	0
SEE_04_64_FL	770	Picture	+	20687985	0	1	20166	1	0	39790	other	0
SEE_04_64_FL	771	Picture	hi_L177	20708151	0	1	30166	1	0	30000	other	0
SEE_04_64_FL	772	Picture	+	20738484	0	1	86165	1	0	next	other	0
SEE_04_64_FL	773	Sound	hi159a	20758484	0	1			0		other	0
SEE_04_64_FL	774	Picture	500+	20824648	0	1	5167	1	0	5000	other	0
SEE_04_64_FL	775	Picture	hi_F159	20829981	0	1	30166	1	0	30000	other	0
SEE_04_64_FL	776	Picture	+	20860314	0	1	64832	1	0	next	other	0
SEE_04_64_FL	777	Sound	hi159b	20860315	0	1			0		other	0
SEE_04_64_FL	778	Picture	500+	20925146	0	1	5167	1	0	5000	other	0
SEE_04_64_FL	779	Picture	low_L111	20930312	0	1	30166	1	0	30000	other	0
SEE_04_64_FL	780	Picture	+	20960645	0	1	20166	1	0	32260	other	0
SEE_04_64_FL	781	Picture	low_L113	20980811	0	1	30166	1	0	30000	other	0
SEE_04_64_FL	782	Picture	+	21011144	0	1	20166	1	0	34380	other	0
SEE_04_64_FL	783	Picture	hi_A024	21031310	0	1	30166	1	0	30000	other	0
SEE_04_64_FL	784	Picture	+	21061642	0	1	89831	1	0	next	other	0
SEE_04_64_FL	785	Sound	low087a	21081643	0	1			0		other	0
SEE_04_64_FL	786	Picture	500+	21151473	0	1	5167	1	0	5000	other	0
SEE_04_64_FL	787	Picture	hi_A056	21156807	0	1	30166	1	0	30000	other	0
SEE_04_64_FL	788	Picture	+	21187139	0	1	65332	1	0	next	other	0
SEE_04_64_FL	789	Sound	low087b	21187140	0	1			0		other	0
SEE_04_64_FL	790	Picture	500+	21252471	0	1	5167	1	0	5000	other	0
SEE_04_64_FL	791	Picture	low_L089	21257638	0	1	30166	1	0	30000	other	0
SEE_04_64_FL	792	Picture	+	21287970	0	1	20166	1	0	42440	other	0
SEE_04_64_FL	793	Picture	low_P054	21308136	0	1	30166	1	0	30000	other	0
SEE_04_64_FL	794	Picture	+	21338469	0	1	20166	1	0	34210	other	0
SEE_04_64_FL	795	Picture	hi_A075	21358635	0	1	30166	1	0	30000	other	0
SEE_04_64_FL	796	Picture	+	21388968	0	1	77998	1	0	next	other	0
SEE_04_64_FL	797	Sound	low071a	21408968	0	1			0		other	0
SEE_04_64_FL	798	Picture	500+	21466966	0	1	5167	1	0	5000	other	0
SEE_04_64_FL	799	Picture	hi_F283	21472132	0	1	30166	1	0	30000	other	0
SEE_04_64_FL	800	Picture	+	21502298	0	1	65832	1	0	next	other	0
SEE_04_64_FL	801	Sound	low071b	21502299	0	1			0		other	0
SEE_04_64_FL	802	Picture	500+	21568130	0	1	5167	1	0	5000	other	0
SEE_04_64_FL	803	Picture	low_A158	21573296	0	1	30166	1	0	30000	other	0
SEE_04_64_FL	804	Picture	+	21603629	0	1	20166	1	0	38420	other	0
SEE_04_64_FL	805	Picture	hi_O013	21623795	0	1	30166	1	0	30000	other	0
SEE_04_64_FL	806	Picture	+	21654128	0	1	20166	1	0	37810	other	0
SEE_04_64_FL	807	Picture	low_A115	21674294	0	1	30166	1	0	30000	other	0
SEE_04_64_FL	808	Picture	+	21704626	0	1	80498	1	0	next	other	0
SEE_04_64_FL	809	Sound	hi308a	21724627	0	1			0		other	0
SEE_04_64_FL	810	Picture	500+	21785124	0	1	5167	1	0	5000	other	0
SEE_04_64_FL	811	Picture	hi_F297	21790291	0	1	30166	1	0	30000	other	0
SEE_04_64_FL	812	Picture	+	21820457	0	1	57999	1	0	next	other	0
SEE_04_64_FL	813	Sound	hi308b	21820457	0	1			0		other	0
SEE_04_64_FL	814	Picture	500+	21878455	0	1	5166	1	0	5000	other	0
SEE_04_64_FL	815	Picture	low_L130	21883622	0	1	30166	1	0	30000	other	0
SEE_04_64_FL	816	Picture	+	21913954	0	1	20166	1	0	39190	other	0
SEE_04_64_FL	817	Picture	hi_O328	21934121	0	1	30166	1	0	30000	other	0
SEE_04_64_FL	818	Picture	+	21964453	0	1	20166	1	0	34900	other	0
SEE_04_64_FL	819	Picture	low_O256	21984619	0	1	30166	1	0	30000	other	0
SEE_04_64_FL	820	Picture	+	22014952	0	1	75831	1	0	next	other	0
SEE_04_64_FL	821	Sound	low042a	22034953	0	1			0		other	0
SEE_04_64_FL	822	Picture	500+	22090783	0	1	5167	1	0	5000	other	0
SEE_04_64_FL	823	Picture	low_L117	22095950	0	1	30166	1	0	30000	other	0
SEE_04_64_FL	824	Picture	+	22126283	0	1	68832	1	0	next	other	0
SEE_04_64_FL	825	Sound	low042b	22126283	0	1			0		other	0
SEE_04_64_FL	826	Picture	500+	22195114	0	1	5167	1	0	5000	other	0
SEE_04_64_FL	827	Picture	hi_P214	22200281	0	1	30166	1	0	30000	other	0
SEE_04_64_FL	828	Picture	+	22230613	0	1	20166	1	0	36070	other	0
SEE_04_64_FL	829	Picture	hi_P132	22250779	0	1	30166	1	0	30000	other	0
SEE_04_64_FL	830	Picture	+	22281112	0	1	20166	1	0	40820	other	0
SEE_04_64_FL	831	Picture	low_P186	22301278	0	1	30166	1	0	30000	other	0
SEE_04_64_FL	832	Picture	+	22331611	0	1	80165	1	0	next	other	0
SEE_04_64_FL	833	Sound	hi139a	22351612	0	1			0		other	0
SEE_04_64_FL	834	Picture	500+	22411775	0	1	5167	1	0	5000	other	0
SEE_04_64_FL	835	Picture	hi_F273	22416942	0	1	30166	1	0	30000	other	0
SEE_04_64_FL	836	Picture	+	22447108	0	1	64665	1	0	next	other	0
SEE_04_64_FL	837	Sound	hi139b	22447109	0	1			0		other	0
SEE_04_64_FL	838	Picture	500+	22511773	0	1	5167	1	0	5000	other	0
SEE_04_64_FL	839	Picture	low_A182	22516939	0	1	30166	1	0	30000	other	0
SEE_04_64_FL	840	Picture	+	22547272	0	1	20166	1	0	37130	other	0
SEE_04_64_FL	841	Picture	low_F228	22567438	0	1	30166	1	0	30000	other	0
SEE_04_64_FL	842	Picture	+	22597771	0	1	20166	1	0	30730	other	0
SEE_04_64_FL	843	Picture	hi_P206	22617937	0	1	30166	1	0	30000	other	0
SEE_04_64_FL	844	Picture	+	22648270	0	1	85831	1	0	next	other	0
SEE_04_64_FL	845	Sound	hi246a	22668270	0	2			0		other	0
SEE_04_64_FL	846	Picture	500+	22734101	0	1	5167	1	0	5000	other	0
SEE_04_64_FL	847	Picture	low_F214	22739267	0	1	30166	1	0	30000	other	0
SEE_04_64_FL	848	Picture	+	22769433	0	1	61332	1	0	next	other	0
SEE_04_64_FL	849	Sound	hi246b	22769434	0	1			0		other	0
SEE_04_64_FL	850	Picture	500+	22830765	0	1	5167	1	0	5000	other	0
SEE_04_64_FL	851	Picture	hi_A074	22835932	0	1	30166	1	0	30000	other	0
SEE_04_64_FL	852	Picture	+	22866264	0	1	20166	1	0	33870	other	0
SEE_04_64_FL	853	Picture	low_A219	22886430	0	1	30166	1	0	30000	other	0
SEE_04_64_FL	854	Picture	+	22916763	0	1	20166	1	0	36340	other	0
SEE_04_64_FL	855	Picture	hi_A071	22936929	0	1	30166	1	0	30000	other	0
SEE_04_64_FL	856	Picture	+	22967262	0	1	75498	1	0	next	other	0
SEE_04_64_FL	857	Sound	hi202a	22987263	0	2			0		other	0
SEE_04_64_FL	858	Picture	500+	23042760	0	1	5167	1	0	5000	other	0
SEE_04_64_FL	859	Picture	hi_O007	23048093	0	1	30166	1	0	30000	other	0
SEE_04_64_FL	860	Picture	+	23078259	0	1	66332	1	0	next	other	0
SEE_04_64_FL	861	Sound	hi202b	23078259	0	1			0		other	0
SEE_04_64_FL	862	Picture	500+	23144591	0	1	5167	1	0	5000	other	0
SEE_04_64_FL	863	Picture	low_P103	23149757	0	1	30166	1	0	30000	other	0
SEE_04_64_FL	864	Picture	+	23180090	0	1	20166	1	0	40080	other	0
SEE_04_64_FL	865	Picture	low_A156	23200256	0	1	30166	1	0	30000	other	0
SEE_04_64_FL	866	Picture	+	23230588	0	1	20166	1	0	41340	other	0
SEE_04_64_FL	867	Picture	hi_A032	23250755	0	1	30166	1	0	30000	other	0
SEE_04_64_FL	868	Picture	+	23281087	0	1	75665	1	0	next	other	0
SEE_04_64_FL	869	Sound	low275a	23301088	0	1			0		other	0
SEE_04_64_FL	870	Picture	500+	23356752	0	1	5167	1	0	5000	other	0
SEE_04_64_FL	871	Picture	hi_A039	23362085	0	1	30166	1	0	30000	other	0
SEE_04_64_FL	872	Picture	+	23392418	0	1	61498	1	0	next	other	0
SEE_04_64_FL	873	Sound	low275b	23392418	0	1			0		other	0
SEE_04_64_FL	874	Picture	500+	23453916	0	1	5167	1	0	5000	other	0
SEE_04_64_FL	875	Picture	low_L083	23459083	0	1	30166	1	0	30000	other	0
SEE_04_64_FL	876	Picture	+	23489415	0	1	20166	1	0	30170	other	0
SEE_04_64_FL	877	Picture	hi_P127	23509581	0	1	30166	1	0	30000	other	0
SEE_04_64_FL	878	Picture	+	23539914	0	1	20166	1	0	35470	other	0
SEE_04_64_FL	879	Picture	low_A214	23560080	0	1	30166	1	0	30000	other	0
SEE_04_64_FL	880	Picture	+	23590413	0	1	86498	1	0	next	other	0
SEE_04_64_FL	881	Sound	low179a	23610414	0	1			0		other	0
SEE_04_64_FL	882	Picture	500+	23676911	0	1	5167	1	0	5000	other	0
SEE_04_64_FL	883	Picture	low_L153	23682077	0	1	30166	1	0	30000	other	0
SEE_04_64_FL	884	Picture	+	23712243	0	1	63665	1	0	next	other	0
SEE_04_64_FL	885	Sound	low179b	23712244	0	1			0		other	0
SEE_04_64_FL	886	Picture	500+	23775908	0	1	5167	1	0	5000	other	0
SEE_04_64_FL	887	Picture	hi_A059	23781075	0	1	30166	1	0	30000	other	0
SEE_04_64_FL	888	Picture	+	23811407	0	1	20166	1	0	42930	other	0
SEE_04_64_FL	889	Picture	low_L128	23831573	0	1	30166	1	0	30000	other	0
SEE_04_64_FL	890	Picture	+	23861906	0	1	20166	1	0	30130	other	0
SEE_04_64_FL	891	Picture	hi_P228	23882072	0	1	30166	1	0	30000	other	0
SEE_04_64_FL	892	Picture	+	23912405	0	1	75831	1	0	next	other	0
SEE_04_64_FL	893	Sound	low283a	23932406	0	1			0		other	0
SEE_04_64_FL	894	Picture	500+	23988236	0	1	5167	1	0	5000	other	0
SEE_04_64_FL	895	Picture	low_P044	23993403	0	1	30166	1	0	30000	other	0
SEE_04_64_FL	896	Picture	+	24023569	0	1	59165	1	0	next	other	0
SEE_04_64_FL	897	Sound	low283b	24023569	0	1			0		other	0
SEE_04_64_FL	898	Picture	500+	24082734	0	1	5167	1	0	5000	other	0
SEE_04_64_FL	899	Picture	hi_A072	24088067	0	1	30166	1	0	30000	other	0
SEE_04_64_FL	900	Picture	+	24118400	0	1	20166	1	0	36260	other	0
SEE_04_64_FL	901	Picture	hi_A058	24138566	0	1	30166	1	0	30000	other	0
SEE_04_64_FL	902	Picture	+	24168898	0	1	20166	1	0	31800	other	0
SEE_04_64_FL	903	Picture	low_L180	24189065	0	1	30166	1	0	30000	other	0
SEE_04_64_FL	904	Picture	+	24219397	0	1	82331	1	0	next	other	0
SEE_04_64_FL	905	Sound	hi110a	24239398	0	1			0		other	0
SEE_04_64_FL	906	Picture	500+	24301728	0	1	5167	1	0	5000	other	0
SEE_04_64_FL	907	Picture	low_P104	24306895	0	1	30166	1	0	30000	other	0
SEE_04_64_FL	908	Picture	+	24337061	0	1	62832	1	0	next	other	0
SEE_04_64_FL	909	Sound	hi110b	24337061	0	1			0		other	0
SEE_04_64_FL	910	Picture	500+	24399893	0	1	5167	1	0	5000	other	0
SEE_04_64_FL	911	Picture	hi_A011	24405059	0	1	30166	1	0	30000	other	0
SEE_04_64_FL	912	Picture	+	24435392	0	1	20166	1	0	34870	other	0
SEE_04_64_FL	913	Picture	hi_P007	24455558	0	1	30166	1	0	30000	other	0
SEE_04_64_FL	914	Picture	+	24485890	0	1	20166	1	0	30710	other	0
SEE_04_64_FL	915	Picture	low_F045	24506057	0	1	30166	1	0	30000	other	0
SEE_04_64_FL	916	Picture	+	24536389	0	1	87998	1	0	next	other	0
SEE_04_64_FL	917	Sound	low171a	24556390	0	1			0		other	0
SEE_04_64_FL	918	Picture	500+	24624387	0	1	5167	1	0	5000	other	0
SEE_04_64_FL	919	Picture	low_F047	24629554	0	1	30166	1	0	30000	other	0
SEE_04_64_FL	920	Picture	+	24659719	0	1	61998	1	0	next	other	0
SEE_04_64_FL	921	Sound	low171b	24659720	0	1			0		other	0
SEE_04_64_FL	922	Picture	500+	24721718	0	1	5167	1	0	5000	other	0
SEE_04_64_FL	923	Picture	hi_A062	24726885	0	1	30166	1	0	30000	other	0
SEE_04_64_FL	924	Picture	+	24757217	0	1	20166	1	0	30680	other	0
SEE_04_64_FL	925	Picture	low_L132	24777383	0	1	30166	1	0	30000	other	0
SEE_04_64_FL	926	Picture	+	24807716	0	1	20166	1	0	37930	other	0
SEE_04_64_FL	927	Picture	hi_O022	24827882	0	1	30166	1	0	30000	other	0
SEE_04_64_FL	928	Picture	+	24858215	0	1	79998	1	0	next	other	0
SEE_04_64_FL	929	Sound	hi103a	24878215	0	1			0		other	0
SEE_04_64_FL	930	Picture	500+	24938213	0	1	5167	1	0	5000	other	0
SEE_04_64_FL	931	Picture	low_L126	24943379	0	1	30166	1	0	30000	other	0
SEE_04_64_FL	932	Picture	+	24973545	0	1	62832	1	0	next	other	0
SEE_04_64_FL	933	Sound	hi103b	24973546	0	1			0		other	0
SEE_04_64_FL	934	Picture	500+	25036377	0	1	5167	1	0	5000	other	0
SEE_04_64_FL	935	Picture	hi_F014	25041543	0	1	30166	1	0	30000	other	0
SEE_04_64_FL	936	Picture	+	25071876	0	1	20166	1	0	42450	other	0
SEE_04_64_FL	937	Picture	hi_P220	25092042	0	1	30166	1	0	30000	other	0
SEE_04_64_FL	938	Picture	+	25122375	0	1	20166	1	0	39840	other	0
SEE_04_64_FL	939	Picture	low_F042	25142541	0	1	30166	1	0	30000	other	0
SEE_04_64_FL	940	Picture	+	25172873	0	1	88331	1	0	next	other	0
SEE_04_64_FL	941	Sound	hi128a	25192874	0	2			0		other	0
SEE_04_64_FL	942	Picture	500+	25261205	0	1	5166	1	0	5000	other	0
SEE_04_64_FL	943	Picture	low_F061	25266371	0	1	30166	1	0	30000	other	0
SEE_04_64_FL	944	Picture	+	25296537	0	1	65498	1	0	next	other	0
SEE_04_64_FL	945	Sound	hi128b	25296538	0	1			0		other	0
SEE_04_64_FL	946	Picture	500+	25362035	0	1	5166	1	0	5000	other	0
SEE_04_64_FL	947	Picture	hi_P140	25367202	0	1	30166	1	0	30000	other	0
SEE_04_64_FL	948	Picture	+	25397534	0	1	20166	1	0	33130	other	0
SEE_04_64_FL	949	Picture	low_L137	25417701	0	1	30166	1	0	30000	other	0
SEE_04_64_FL	950	Picture	+	25448033	0	1	20166	1	0	43320	other	0
SEE_04_64_FL	951	Picture	hi_P230	25468199	0	1	30166	1	0	30000	other	0
SEE_04_64_FL	952	Picture	+	25498532	0	1	82498	1	0	next	other	0
SEE_04_64_FL	953	Sound	low037a	25518533	0	1			0		other	0
SEE_04_64_FL	954	Picture	500+	25581030	0	1	5166	1	0	5000	other	0
SEE_04_64_FL	955	Picture	low_L162	25586196	0	1	30166	1	0	30000	other	0
SEE_04_64_FL	956	Picture	+	25616362	0	1	58165	1	0	next	other	0
SEE_04_64_FL	957	Sound	low037b	25616363	0	1			0		other	0
SEE_04_64_FL	958	Picture	500+	25674528	0	1	5167	1	0	5000	other	0
SEE_04_64_FL	959	Picture	hi_A054	25679694	0	1	30166	1	0	30000	other	0
SEE_04_64_FL	960	Picture	+	25710027	0	1	20166	1	0	31890	other	0
SEE_04_64_FL	961	Picture	hi_A012	25730193	0	1	30166	1	0	30000	other	0
SEE_04_64_FL	962	Picture	+	25760525	0	1	20166	1	0	36010	other	0
SEE_04_64_FL	963	Picture	low_P154	25780692	0	1	30166	1	0	30000	other	0
SEE_04_64_FL	964	Picture	+	25811024	0	1	80998	1	0	next	other	0
SEE_04_64_FL	965	Sound	hi214a	25831025	0	1			0		other	0
SEE_04_64_FL	966	Picture	500+	25892022	0	1	5167	1	0	5000	other	0
SEE_04_64_FL	967	Picture	hi_A013	25897189	0	1	30166	1	0	30000	other	0
SEE_04_64_FL	968	Picture	+	25927355	0	1	57332	1	0	next	other	0
SEE_04_64_FL	969	Sound	hi214b	25927355	0	1			0		other	0
SEE_04_64_FL	970	Picture	500+	25984687	0	1	5167	1	0	5000	other	0
SEE_04_64_FL	971	Picture	low_F067	25989853	0	1	30166	1	0	30000	other	0
SEE_04_64_FL	972	Picture	+	26020186	0	1	20166	1	0	32070	other	0
SEE_04_64_FL	973	Picture	low_L154	26040352	0	1	30166	1	0	30000	other	0
SEE_04_64_FL	974	Picture	+	26070684	0	1	20166	1	0	36100	other	0
SEE_04_64_FL	975	Picture	hi_P200	26090851	0	1	30166	1	0	30000	other	0
SEE_04_64_FL	976	Picture	+	26121183	0	1	89998	1	0	next	other	0
SEE_04_64_FL	977	Sound	hi319a	26141184	0	1			0		other	0
SEE_04_64_FL	978	Picture	500+	26211181	0	1	5167	1	0	5000	other	0
SEE_04_64_FL	979	Picture	hi_F009	26216347	0	1	30166	1	0	30000	other	0
SEE_04_64_FL	980	Picture	+	26246513	0	1	66332	1	0	next	other	0
SEE_04_64_FL	981	Sound	hi319b	26246514	0	1			0		other	0
SEE_04_64_FL	982	Picture	500+	26312845	0	1	5167	1	0	5000	other	0
SEE_04_64_FL	983	Picture	low_A100	26318012	0	1	30166	1	0	30000	other	0
SEE_04_64_FL	984	Picture	+	26348344	0	1	20166	1	0	36870	other	0
SEE_04_64_FL	985	Picture	low_L152	26368510	0	1	30166	1	0	30000	other	0
SEE_04_64_FL	986	Picture	+	26398843	0	1	20166	1	0	43020	other	0
SEE_04_64_FL	987	Picture	hi_F164	26419009	0	1	30166	1	0	30000	other	0
SEE_04_64_FL	988	Picture	+	26449342	0	1	86498	1	0	next	other	0
SEE_04_64_FL	989	Sound	hi158a	26469342	0	1			0		other	0
SEE_04_64_FL	990	Picture	500+	26535839	0	1	5167	1	0	5000	other	0
SEE_04_64_FL	991	Picture	hi_F370	26541006	0	1	30166	1	0	30000	other	0
SEE_04_64_FL	992	Picture	+	26571172	0	1	65998	1	0	next	other	0
SEE_04_64_FL	993	Sound	hi158b	26571173	0	2			0		other	0
SEE_04_64_FL	994	Picture	500+	26637170	0	1	5167	1	0	5000	other	0
SEE_04_64_FL	995	Picture	low_L165	26642337	0	1	30166	1	0	30000	other	0
SEE_04_64_FL	996	Picture	+	26672669	0	1	20166	1	0	37250	other	0
SEE_04_64_FL	997	Picture	hi_L002	26692836	0	1	30166	1	0	30000	other	0
SEE_04_64_FL	998	Picture	+	26723168	0	1	20166	1	0	31670	other	0
SEE_04_64_FL	999	Picture	low_L174	26743334	0	1	30166	1	0	30000	other	0
SEE_04_64_FL	1000	Picture	+	26773667	0	1	82665	1	0	next	other	0
SEE_04_64_FL	1001	Sound	hi301a	26793668	0	1			0		other	0
SEE_04_64_FL	1002	Picture	500+	26856331	0	1	5167	1	0	5000	other	0
SEE_04_64_FL	1003	Picture	low_A188	26861665	0	1	30166	1	0	30000	other	0
SEE_04_64_FL	1004	Picture	+	26891831	0	1	65998	1	0	next	other	0
SEE_04_64_FL	1005	Sound	hi301b	26891831	0	1			0		other	0
SEE_04_64_FL	1006	Picture	500+	26957829	0	1	5167	1	0	5000	other	0
SEE_04_64_FL	1007	Picture	hi_A050	26962996	0	1	30166	1	0	30000	other	0
SEE_04_64_FL	1008	Picture	+	26993328	0	1	20166	1	0	32290	other	0
SEE_04_64_FL	1009	Picture	low_P064	27013494	0	1	30166	1	0	30000	other	0
SEE_04_64_FL	1010	Picture	+	27043827	0	1	20166	1	0	37580	other	0
SEE_04_64_FL	1011	Picture	hi_L022	27063993	0	1	30166	1	0	30000	other	0
SEE_04_64_FL	1012	Picture	+	27094326	0	1	81331	1	0	next	other	0
SEE_04_64_FL	1013	Sound	hi009a	27114326	0	1			0		other	0
SEE_04_64_FL	1014	Picture	500+	27175657	0	1	5167	1	0	5000	other	0
SEE_04_64_FL	1015	Picture	low_O220	27180823	0	1	30166	1	0	30000	other	0
SEE_04_64_FL	1016	Picture	+	27211156	0	1	62499	1	0	next	other	0
SEE_04_64_FL	1017	Sound	hi009b	27211157	0	1			0		other	0
SEE_04_64_FL	1018	Picture	500+	27273654	0	1	5167	1	0	5000	other	0
SEE_04_64_FL	1019	Picture	hi_F041	27278821	0	1	30166	1	0	30000	other	0
SEE_04_64_FL	1020	Picture	+	27309154	0	1	20166	1	0	38930	other	0
SEE_04_64_FL	1021	Picture	hi_P202	27329320	0	1	30166	1	0	30000	other	0
SEE_04_64_FL	1022	Picture	+	27359652	0	1	20166	1	0	32200	other	0
SEE_04_64_FL	1023	Picture	low_L098	27379818	0	1	30166	1	0	30000	other	0
SEE_04_64_FL	1024	Picture	+	27410151	0	1	80831	1	0	next	other	0
SEE_04_64_FL	1025	Sound	low197a	27430152	0	1			0		other	0
SEE_04_64_FL	1026	Picture	500+	27490982	0	1	5167	1	0	5000	other	0
SEE_04_64_FL	1027	Picture	hi_L139	27496149	0	1	30166	1	0	30000	other	0
SEE_04_64_FL	1028	Picture	+	27526481	0	1	65998	1	0	next	other	0
SEE_04_64_FL	1029	Sound	low197b	27526482	0	1			0		other	0
SEE_04_64_FL	1030	Picture	500+	27592480	0	1	5166	1	0	5000	other	0
SEE_04_64_FL	1031	Picture	low_L147	27597646	0	1	30166	1	0	30000	other	0
SEE_04_64_FL	1032	Picture	+	27627979	0	1	20166	1	0	31600	other	0
SEE_04_64_FL	1033	Picture	low_F203	27648145	0	1	30166	1	0	30000	other	0
SEE_04_64_FL	1034	Picture	+	27678478	0	1	20166	1	0	36300	other	0
SEE_04_64_FL	1035	Picture	hi_A007	27698644	0	1	30166	1	0	30000	other	0
SEE_04_64_FL	1036	Picture	+	27728976	0	1	75831	1	0	next	other	0
SEE_04_64_FL	1037	Sound	low038a	27748977	0	1			0		other	0
SEE_04_64_FL	1038	Picture	500+	27804808	0	1	5167	1	0	5000	other	0
SEE_04_64_FL	1039	Picture	low_L016	27809974	0	1	30166	1	0	30000	other	0
SEE_04_64_FL	1040	Picture	+	27840140	0	1	61332	1	0	next	other	0
SEE_04_64_FL	1041	Sound	low038b	27840141	0	1			0		other	0
SEE_04_64_FL	1042	Picture	500+	27901472	0	1	5166	1	0	5000	other	0
SEE_04_64_FL	1043	Picture	hi_P028	27906639	0	1	30166	1	0	30000	other	0
SEE_04_64_FL	1044	Picture	+	27936971	0	1	20166	1	0	33090	other	0
SEE_04_64_FL	1045	Picture	low_L179	27957137	0	1	30166	1	0	30000	other	0
SEE_04_64_FL	1046	Picture	+	27987470	0	1	20166	1	0	44740	other	0
SEE_04_64_FL	1047	Picture	hi_P198	28007636	0	1	30166	1	0	30000	other	0
SEE_04_64_FL	1048	Picture	+	28037969	0	1	88164	1	0	next	other	0
SEE_04_64_FL	1049	Sound	hi004a	28057970	0	1			0		other	0
SEE_04_64_FL	1050	Picture	500+	28126133	0	1	5167	1	0	5000	other	0
SEE_04_64_FL	1051	Picture	low_P105	28131466	0	1	30166	1	0	30000	other	0
SEE_04_64_FL	1052	Picture	+	28161632	0	1	59165	1	0	next	other	0
SEE_04_64_FL	1053	Sound	hi004b	28161633	0	1			0		other	0
SEE_04_64_FL	1054	Picture	500+	28220798	0	1	5167	1	0	5000	other	0
SEE_04_64_FL	1055	Picture	hi_P240	28225964	0	1	30166	1	0	30000	other	0
SEE_04_64_FL	1056	Picture	+	28256297	0	1	20166	1	0	44610	other	0
SEE_04_64_FL	1057	Picture	hi_P215	28276463	0	1	30166	1	0	30000	other	0
SEE_04_64_FL	1058	Picture	+	28306795	0	1	20166	1	0	34460	other	0
SEE_04_64_FL	1059	Picture	low_A157	28326962	0	1	30166	1	0	30000	other	0
SEE_04_64_FL	1060	Picture	+	28357294	0	1	75165	1	0	next	other	0
SEE_04_64_FL	1061	Sound	hi002a	28377295	0	1			0		other	0
SEE_04_64_FL	1062	Picture	500+	28432459	0	1	5167	1	0	5000	other	0
SEE_04_64_FL	1063	Picture	low_L072	28437625	0	1	30166	1	0	30000	other	0
SEE_04_64_FL	1064	Picture	+	28467791	0	1	58832	1	0	next	other	0
SEE_04_64_FL	1065	Sound	hi002b	28467792	0	1			0		other	0
SEE_04_64_FL	1066	Picture	500+	28526623	0	1	5167	1	0	5000	other	0
SEE_04_64_FL	1067	Picture	hi_F366	28531790	0	1	30166	1	0	30000	other	0
SEE_04_64_FL	1068	Picture	+	28562122	0	1	20166	1	0	42980	other	0
SEE_04_64_FL	1069	Picture	hi_F010	28582289	0	1	30166	1	0	30000	other	0
SEE_04_64_FL	1070	Picture	+	28612621	0	1	20166	1	0	31880	other	0
SEE_04_64_FL	1071	Picture	low_F056	28632787	0	1	30166	1	0	30000	other	0
SEE_04_64_FL	1072	Picture	+	28663120	0	1	87664	1	0	next	other	0
SEE_04_64_FL	1073	Sound	hi001a	28683121	0	1			0		other	0
SEE_04_64_FL	1074	Picture	500+	28750784	0	1	5167	1	0	5000	other	0
SEE_04_64_FL	1075	Picture	low_L184	28756118	0	1	30166	1	0	30000	other	0
SEE_04_64_FL	1076	Picture	+	28786450	0	1	69332	1	0	next	other	0
SEE_04_64_FL	1077	Sound	hi001b	28786451	0	1			0		other	0
SEE_04_64_FL	1078	Picture	500+	28855782	0	1	5167	1	0	5000	other	0
SEE_04_64_FL	1079	Picture	hi_F007	28860948	0	1	30166	1	0	30000	other	0
SEE_04_64_FL	1080	Picture	+	28891281	0	1	20166	1	0	38070	other	0
SEE_04_64_FL	1081	Picture	low_L046	28911447	0	1	30166	1	0	30000	other	0
SEE_04_64_FL	1082	Picture	+	28941780	0	1	20166	1	0	35900	other	0
SEE_04_64_FL	1083	Picture	hi_P144	28961946	0	1	30166	1	0	30000	other	0
SEE_04_64_FL	1084	Picture	+	28992278	0	1	76165	1	0	next	other	0
SEE_04_64_FL	1085	Sound	hi250a	29012279	0	2			0		other	0
SEE_04_64_FL	1086	Picture	500+	29068443	0	1	5167	1	0	5000	other	0
SEE_04_64_FL	1087	Picture	low_F324	29073610	0	1	30166	1	0	30000	other	0
SEE_04_64_FL	1088	Picture	+	29103942	0	1	69498	1	0	next	other	0
SEE_04_64_FL	1089	Sound	hi250b	29103943	0	2			0		other	0
SEE_04_64_FL	1090	Picture	500+	29173440	0	1	5167	1	0	5000	other	0
SEE_04_64_FL	1091	Picture	hi_P143	29178774	0	1	30166	1	0	30000	other	0
SEE_04_64_FL	1092	Picture	+	29209106	0	1	20166	1	0	32000	other	0
SEE_04_64_FL	1093	Picture	hi_P034	29229272	0	1	30166	1	0	30000	other	0
SEE_04_64_FL	1094	Picture	+	29259605	0	1	20166	1	0	31800	other	0
SEE_04_64_FL	1095	Picture	low_A221	29279771	0	1	30166	1	0	30000	other	0
SEE_04_64_FL	1096	Picture	+	29310104	0	1	82498	1	0	next	other	0
SEE_04_64_FL	1097	Sound	low118a	29330105	0	2			0		other	0
SEE_04_64_FL	1098	Picture	500+	29392602	0	1	5167	1	0	5000	other	0
SEE_04_64_FL	1099	Picture	low_L148	29397768	0	1	30166	1	0	30000	other	0
SEE_04_64_FL	1100	Picture	+	29427934	0	1	58499	1	0	next	other	0
SEE_04_64_FL	1101	Sound	low118b	29427935	0	1			0		other	0
SEE_04_64_FL	1102	Picture	500+	29486433	0	1	5167	1	0	5000	other	0
SEE_04_64_FL	1103	Picture	hi_P216	29491599	0	1	30166	1	0	30000	other	0
SEE_04_64_FL	1104	Picture	+	29521932	0	1	20166	1	0	38690	other	0
SEE_04_64_FL	1105	Picture	low_P047	29542098	0	1	30166	1	0	30000	other	0
SEE_04_64_FL	1106	Picture	+	29572431	0	1	20166	1	0	33160	other	0
SEE_04_64_FL	1107	Picture	hi_P005	29592597	0	1	30166	1	0	30000	other	0
SEE_04_64_FL	1108	Picture	+	29622929	0	1	79998	1	0	next	other	0
SEE_04_64_FL	1109	Sound	low358a	29642930	0	1			0		other	0
SEE_04_64_FL	1110	Picture	500+	29702927	0	1	5167	1	0	5000	other	0
SEE_04_64_FL	1111	Picture	hi_P243	29708094	0	1	30166	1	0	30000	other	0
SEE_04_64_FL	1112	Picture	+	29738260	0	1	56499	1	0	next	other	0
SEE_04_64_FL	1113	Sound	low358b	29738260	0	1			0		other	0
SEE_04_64_FL	1114	Picture	500+	29794758	0	1	5167	1	0	5000	other	0
SEE_04_64_FL	1115	Picture	low_L164	29800092	0	1	30166	1	0	30000	other	0
SEE_04_64_FL	1116	Picture	+	29830424	0	1	20166	1	0	42260	other	0
SEE_04_64_FL	1117	Picture	hi_P224	29850590	0	1	30166	1	0	30000	other	0
SEE_04_64_FL	1118	Picture	+	29880923	0	1	20166	1	0	35260	other	0
SEE_04_64_FL	1119	Picture	low_L169	29901089	0	1	30166	1	0	30000	other	0
SEE_04_64_FL	1120	Picture	+	29931422	0	1	79498	1	0	next	other	0
SEE_04_64_FL	1121	Sound	hi012a	29951423	0	1			0		other	0
SEE_04_64_FL	1122	Picture	500+	30010920	0	1	5167	1	0	5000	other	0
SEE_04_64_FL	1123	Picture	hi_P086	30016253	0	1	30166	1	0	30000	other	0
SEE_04_64_FL	1124	Picture	+	30046419	0	1	61332	1	0	next	other	0
SEE_04_64_FL	1125	Sound	hi012b	30046419	0	1			0		other	0
SEE_04_64_FL	1126	Picture	500+	30107751	0	1	5167	1	0	5000	other	0
SEE_04_64_FL	1127	Picture	low_F343	30113084	0	1	30166	1	0	30000	other	0
SEE_04_64_FL	1128	Picture	+	30143416	0	1	20166	1	0	43880	other	0
SEE_04_64_FL	1129	Picture	low_F066	30163583	0	1	30166	1	0	30000	other	0
SEE_04_64_FL	1130	Picture	+	30193915	0	1	20166	1	0	38900	other	0
SEE_04_64_FL	1131	Picture	hi_P040	30214081	0	1	30166	1	0	30000	other	0
SEE_04_64_FL	1132	Picture	+	30244414	0	1	88998	1	0	next	other	0
SEE_04_64_FL	1133	Sound	low084a	30264415	0	1			0		other	0
SEE_04_64_FL	1134	Picture	500+	30333412	0	1	5167	1	0	5000	other	0
SEE_04_64_FL	1135	Picture	low_L124	30338578	0	1	30166	1	0	30000	other	0
SEE_04_64_FL	1136	Picture	+	30368744	0	1	58165	1	0	next	other	0
SEE_04_64_FL	1137	Sound	low084b	30368745	0	1			0		other	0
SEE_04_64_FL	1138	Picture	500+	30426909	0	1	5167	1	0	5000	other	0
SEE_04_64_FL	1139	Picture	hi_O283	30432076	0	1	30166	1	0	30000	other	0
SEE_04_64_FL	1140	Picture	+	30462408	0	1	20166	1	0	42640	other	0
SEE_04_64_FL	1141	Picture	hi_F028	30482575	0	1	30166	1	0	30000	other	0
SEE_04_64_FL	1142	Picture	+	30512907	0	1	20166	1	0	31130	other	0
SEE_04_64_FL	1143	Picture	low_F121	30533073	0	1	30166	1	0	30000	other	0
SEE_04_64_FL	1144	Picture	+	30563406	0	1	86831	1	0	next	other	0
SEE_04_64_FL	1145	Sound	low049a	30583407	0	2			0		other	0
SEE_04_64_FL	1146	Picture	500+	30650237	0	1	5167	1	0	5000	other	0
SEE_04_64_FL	1147	Picture	low_F138	30655404	0	1	30166	1	0	30000	other	0
SEE_04_64_FL	1148	Picture	+	30685569	0	1	61665	1	0	next	other	0
SEE_04_64_FL	1149	Sound	low049b	30685570	0	1			0		other	0
SEE_04_64_FL	1150	Picture	500+	30747235	0	1	5167	1	0	5000	other	0
SEE_04_64_FL	1151	Picture	hi_A037	30752401	0	1	30166	1	0	30000	other	0
SEE_04_64_FL	1152	Picture	+	30782734	0	1	20166	1	0	35750	other	0
SEE_04_64_FL	1153	Picture	hi_P212	30802900	0	1	30166	1	0	30000	other	0
SEE_04_64_FL	1154	Picture	+	30833233	0	1	20166	1	0	32690	other	0
SEE_04_64_FL	1155	Picture	low_F089	30853399	0	1	30166	1	0	30000	other	0
SEE_04_64_FL	1156	Picture	+	30883731	0	1	85165	1	0	next	other	0
SEE_04_64_FL	1157	Sound	low050a	30903732	0	1			0		other	0
SEE_04_64_FL	1158	Picture	500+	30968896	0	1	5167	1	0	5000	other	0
SEE_04_64_FL	1159	Picture	low_A126	30974062	0	1	30166	1	0	30000	other	0
SEE_04_64_FL	1160	Picture	+	31004228	0	1	57165	1	0	next	other	0
SEE_04_64_FL	1161	Sound	low050b	31004229	0	1			0		other	0
SEE_04_64_FL	1162	Picture	500+	31061394	0	1	5167	1	0	5000	other	0
SEE_04_64_FL	1163	Picture	hi_F277	31066560	0	1	30166	1	0	30000	other	0
SEE_04_64_FL	1164	Picture	+	31096893	0	1	20166	1	0	31860	other	0
SEE_04_64_FL	1165	Picture	low_L173	31117059	0	1	30166	1	0	30000	other	0
SEE_04_64_FL	1166	Picture	+	31147391	0	1	20166	1	0	43590	other	0
SEE_04_64_FL	1167	Picture	hi_P233	31167558	0	1	30166	1	0	30000	other	0
SEE_04_64_FL	1168	Picture	+	31197890	0	1	80665	1	0	next	other	0
SEE_04_64_FL	1169	Sound	low277a	31217891	0	1			0		other	0
SEE_04_64_FL	1170	Picture	500+	31278555	0	1	5166	1	0	5000	other	0
SEE_04_64_FL	1171	Picture	low_A108	31283721	0	1	30166	1	0	30000	other	0
SEE_04_64_FL	1172	Picture	+	31313887	0	1	65665	1	0	next	other	0
SEE_04_64_FL	1173	Sound	low277b	31313888	0	1			0		other	0
SEE_04_64_FL	1174	Picture	500+	31379552	0	1	5167	1	0	5000	other	0
SEE_04_64_FL	1175	Picture	hi_P231	31384719	0	1	30166	1	0	30000	other	0
SEE_04_64_FL	1176	Picture	+	31415051	0	1	20166	1	0	33840	other	0
SEE_04_64_FL	1177	Picture	hi_A045	31435218	0	1	30166	1	0	30000	other	0
SEE_04_64_FL	1178	Picture	+	31465550	0	1	20166	1	0	36020	other	0
SEE_04_64_FL	1179	Picture	low_F345	31485716	0	1	30166	1	0	30000	other	0
SEE_04_64_FL	1180	Picture	+	31516049	0	1	89498	1	0	next	other	0
SEE_04_64_FL	1181	Sound	low030a	31536050	0	2			0		other	0
SEE_04_64_FL	1182	Picture	500+	31605547	0	1	5166	1	0	5000	other	0
SEE_04_64_FL	1183	Picture	low_L183	31610713	0	1	30166	1	0	30000	other	0
SEE_04_64_FL	1184	Picture	+	31640879	0	1	66998	1	0	next	other	0
SEE_04_64_FL	1185	Sound	low030b	31640880	0	1			0		other	0
SEE_04_64_FL	1186	Picture	500+	31707877	0	1	5167	1	0	5000	other	0
SEE_04_64_FL	1187	Picture	hi_F172	31713044	0	1	30166	1	0	30000	other	0
SEE_04_64_FL	1188	Picture	+	31743377	0	1	20166	1	0	33000	other	0
SEE_04_64_FL	1189	Picture	hi_P006	31763543	0	1	30166	1	0	30000	other	0
SEE_04_64_FL	1190	Picture	+	31793875	0	1	20166	1	0	36980	other	0
SEE_04_64_FL	1191	Picture	low_P112	31814041	0	1	30166	1	0	30000	other	0
SEE_04_64_FL	1192	Picture	+	31844374	0	1	87165	1	0	next	other	0
SEE_04_64_FL	1193	Sound	low031a	31864375	0	1			0		other	0
SEE_04_64_FL	1194	Picture	500+	31931539	0	1	5167	1	0	5000	other	0
SEE_04_64_FL	1195	Picture	hi_A073	31936872	0	1	30166	1	0	30000	other	0
SEE_04_64_FL	1196	Picture	+	31967038	0	1	59499	1	0	next	other	0
SEE_04_64_FL	1197	Sound	low031b	31967038	0	1			0		other	0
SEE_04_64_FL	1198	Picture	500+	32026536	0	1	5166	1	0	5000	other	0
SEE_04_64_FL	1199	Picture	low_O219	32031703	0	1	30166	1	0	30000	other	0
SEE_04_64_FL	1200	Picture	+	32062035	0	1	20166	1	0	38190	other	0
SEE_04_64_FL	1201	Picture	hi_O132	32082201	0	1	30166	1	0	30000	other	0
SEE_04_64_FL	1202	Picture	+	32112534	0	1	20166	1	0	36290	other	0
SEE_04_64_FL	1203	Picture	low_A091	32132700	0	1	30166	1	0	30000	other	0
SEE_04_64_FL	1204	Picture	+	32163033	0	1	20166	1	0	next	other	0
