Scenario - 
Logfile written - 04/01/2016 13:21:16

Subject	Trial	Event Type	Code	Time	TTime	Uncertainty	Duration	Uncertainty	ReqTime	ReqDur	Stim Type	Pair Index

SEE_08_64_FR	1	Response	0	1170839	1170506	1
SEE_08_64_FR	4	Picture	+	1211292	0	1	56831	1	0	next	other	0
SEE_08_64_FR	5	Sound	low071a	1211293	0	1			0		other	0
SEE_08_64_FR	6	Picture	500+	1268123	0	1	5166	1	0	5000	other	0
SEE_08_64_FR	7	Picture	low_L050	1273456	0	1	30166	1	0	30000	other	0
SEE_08_64_FR	8	Picture	+	1303622	0	1	57831	1	0	next	other	0
SEE_08_64_FR	9	Sound	low071b	1303623	0	1			0		other	0
SEE_08_64_FR	10	Picture	500+	1361453	0	1	5167	1	0	5000	other	0
SEE_08_64_FR	11	Picture	hi_P206	1366786	0	1	30166	1	0	30000	other	0
SEE_08_64_FR	12	Picture	+	1397119	0	1	20166	1	0	33430	other	0
SEE_08_64_FR	13	Picture	hi_O022	1417285	0	1	30166	1	0	30000	other	0
SEE_08_64_FR	14	Picture	+	1447617	0	1	20166	1	0	32230	other	0
SEE_08_64_FR	15	Picture	low_F052	1467783	0	1	30166	1	0	30000	other	0
SEE_08_64_FR	16	Picture	+	1498115	0	1	84997	1	0	next	other	0
SEE_08_64_FR	17	Sound	hi202a	1518116	0	1			0		other	0
SEE_08_64_FR	18	Picture	500+	1583112	0	1	5166	1	0	5000	other	0
SEE_08_64_FR	19	Picture	low_L132	1588279	0	1	30166	1	0	30000	other	0
SEE_08_64_FR	20	Picture	+	1618444	0	1	68831	1	0	next	other	0
SEE_08_64_FR	21	Sound	hi202b	1618445	0	1			0		other	0
SEE_08_64_FR	22	Picture	500+	1687275	0	1	5167	1	0	5000	other	0
SEE_08_64_FR	23	Picture	hi_P098	1692442	0	1	30166	1	0	30000	other	0
SEE_08_64_FR	24	Picture	+	1722774	0	1	20166	1	0	35740	other	0
SEE_08_64_FR	25	Picture	hi_P011	1742940	0	1	30166	1	0	30000	other	0
SEE_08_64_FR	26	Picture	+	1773272	0	1	20166	1	0	33520	other	0
SEE_08_64_FR	27	Picture	low_A100	1793438	0	1	30166	1	0	30000	other	0
SEE_08_64_FR	28	Picture	+	1823771	0	1	76331	1	0	next	other	0
SEE_08_64_FR	29	Sound	hi158a	1843772	0	1			0		other	0
SEE_08_64_FR	30	Picture	500+	1900101	0	1	5166	1	0	5000	other	0
SEE_08_64_FR	31	Picture	low_P108	1905435	0	1	30166	1	0	30000	other	0
SEE_08_64_FR	32	Picture	+	1935600	0	1	57665	1	0	next	other	0
SEE_08_64_FR	33	Sound	hi158b	1935601	0	1			0		other	0
SEE_08_64_FR	34	Picture	500+	1993265	0	1	5167	1	0	5000	other	0
SEE_08_64_FR	35	Picture	hi_P023	1998431	0	1	30166	1	0	30000	other	0
SEE_08_64_FR	36	Picture	+	2028764	0	1	20166	1	0	30240	other	0
SEE_08_64_FR	37	Picture	low_L183	2048930	0	1	30166	1	0	30000	other	0
SEE_08_64_FR	38	Picture	+	2079262	0	1	20166	1	0	39300	other	0
SEE_08_64_FR	39	Picture	hi_P084	2099428	0	1	30166	1	0	30000	other	0
SEE_08_64_FR	40	Picture	+	2129760	0	1	84164	1	0	next	other	0
SEE_08_64_FR	41	Sound	hi003a	2149761	0	1			0		other	0
SEE_08_64_FR	42	Picture	500+	2213924	0	1	5166	1	0	5000	other	0
SEE_08_64_FR	43	Picture	hi_P217	2219091	0	1	30166	1	0	30000	other	0
SEE_08_64_FR	44	Picture	+	2249423	0	1	66664	1	0	next	other	0
SEE_08_64_FR	45	Sound	hi003b	2249423	0	1			0		other	0
SEE_08_64_FR	46	Picture	500+	2316087	0	1	5166	1	0	5000	other	0
SEE_08_64_FR	47	Picture	low_A132	2321254	0	1	30166	1	0	30000	other	0
SEE_08_64_FR	48	Picture	+	2351586	0	1	20166	1	0	43330	other	0
SEE_08_64_FR	49	Picture	low_L134	2371752	0	1	30166	1	0	30000	other	0
SEE_08_64_FR	50	Picture	+	2402084	0	1	20166	1	0	35270	other	0
SEE_08_64_FR	51	Picture	hi_O291	2422250	0	1	30166	1	0	30000	other	0
SEE_08_64_FR	52	Picture	+	2452583	0	1	77164	1	0	next	other	0
SEE_08_64_FR	53	Sound	hi245a	2472584	0	1			0		other	0
SEE_08_64_FR	54	Picture	500+	2529747	0	1	5166	1	0	5000	other	0
SEE_08_64_FR	55	Picture	hi_A078	2534913	0	1	30166	1	0	30000	other	0
SEE_08_64_FR	56	Picture	+	2565079	0	1	59331	1	0	next	other	0
SEE_08_64_FR	57	Sound	hi245b	2565079	0	1			0		other	0
SEE_08_64_FR	58	Picture	500+	2624410	0	1	5166	1	0	5000	other	0
SEE_08_64_FR	59	Picture	low_L143	2629743	0	1	30166	1	0	30000	other	0
SEE_08_64_FR	60	Picture	+	2660076	0	1	20166	1	0	34220	other	0
SEE_08_64_FR	61	Picture	hi_P124	2680242	0	1	30166	1	0	30000	other	0
SEE_08_64_FR	62	Picture	+	2710574	0	1	20166	1	0	42180	other	0
SEE_08_64_FR	63	Picture	low_L109	2730740	0	1	30166	1	0	30000	other	0
SEE_08_64_FR	64	Picture	+	2761072	0	1	81497	1	0	next	other	0
SEE_08_64_FR	65	Sound	hi319a	2781073	0	1			0		other	0
SEE_08_64_FR	66	Picture	500+	2842569	0	1	5167	1	0	5000	other	0
SEE_08_64_FR	67	Picture	hi_O013	2847736	0	1	30166	1	0	30000	other	0
SEE_08_64_FR	68	Picture	+	2878068	0	1	60331	1	0	next	other	0
SEE_08_64_FR	69	Sound	hi319b	2878069	0	1			0		other	0
SEE_08_64_FR	70	Picture	500+	2938399	0	1	5167	1	0	5000	other	0
SEE_08_64_FR	71	Picture	low_L154	2943733	0	1	30166	1	0	30000	other	0
SEE_08_64_FR	72	Picture	+	2974065	0	1	20166	1	0	36660	other	0
SEE_08_64_FR	73	Picture	hi_P020	2994231	0	1	30166	1	0	30000	other	0
SEE_08_64_FR	74	Picture	+	3024563	0	1	20166	1	0	36330	other	0
SEE_08_64_FR	75	Picture	low_A108	3044729	0	1	30166	1	0	30000	other	0
SEE_08_64_FR	76	Picture	+	3075061	0	1	84664	1	0	next	other	0
SEE_08_64_FR	77	Sound	low171a	3095062	0	1			0		other	0
SEE_08_64_FR	78	Picture	500+	3159725	0	1	5167	1	0	5000	other	0
SEE_08_64_FR	79	Picture	hi_L005	3164892	0	1	30166	1	0	30000	other	0
SEE_08_64_FR	80	Picture	+	3195057	0	1	62498	1	0	next	other	0
SEE_08_64_FR	81	Sound	low171b	3195058	0	1			0		other	0
SEE_08_64_FR	82	Picture	500+	3257555	0	1	5167	1	0	5000	other	0
SEE_08_64_FR	83	Picture	low_O325	3262722	0	1	30166	1	0	30000	other	0
SEE_08_64_FR	84	Picture	+	3293054	0	1	20166	1	0	39680	other	0
SEE_08_64_FR	85	Picture	low_L016	3313220	0	1	30166	1	0	30000	other	0
SEE_08_64_FR	86	Picture	+	3343552	0	1	20166	1	0	32630	other	0
SEE_08_64_FR	87	Picture	hi_P132	3363718	0	1	30166	1	0	30000	other	0
SEE_08_64_FR	88	Picture	+	3394051	0	1	80831	1	0	next	other	0
SEE_08_64_FR	89	Sound	low042a	3414051	0	1			0		other	0
SEE_08_64_FR	90	Picture	500+	3474881	0	1	5166	1	0	5000	other	0
SEE_08_64_FR	91	Picture	low_O192	3480047	0	1	30166	1	0	30000	other	0
SEE_08_64_FR	92	Picture	+	3510213	0	1	57331	1	0	next	other	0
SEE_08_64_FR	93	Sound	low042b	3510214	0	1			0		other	0
SEE_08_64_FR	94	Picture	500+	3567545	0	1	5166	1	0	5000	other	0
SEE_08_64_FR	95	Picture	hi_F287	3572711	0	1	30166	1	0	30000	other	0
SEE_08_64_FR	96	Picture	+	3603043	0	1	20166	1	0	36920	other	0
SEE_08_64_FR	97	Picture	low_A136	3623209	0	1	30166	1	0	30000	other	0
SEE_08_64_FR	98	Picture	+	3653542	0	1	20166	1	0	36950	other	0
SEE_08_64_FR	99	Picture	hi_A045	3673708	0	1	30166	1	0	30000	other	0
SEE_08_64_FR	100	Picture	+	3704040	0	1	88830	1	0	next	other	0
SEE_08_64_FR	101	Sound	hi012a	3724041	0	1			0		other	0
SEE_08_64_FR	102	Picture	500+	3792870	0	1	5166	1	0	5000	other	0
SEE_08_64_FR	103	Picture	hi_A063	3798203	0	1	30166	1	0	30000	other	0
SEE_08_64_FR	104	Picture	+	3828369	0	1	56165	1	0	next	other	0
SEE_08_64_FR	105	Sound	hi012b	3828370	0	1			0		other	0
SEE_08_64_FR	106	Picture	500+	3884534	0	1	5167	1	0	5000	other	0
SEE_08_64_FR	107	Picture	low_L164	3889700	0	1	30166	1	0	30000	other	0
SEE_08_64_FR	108	Picture	+	3920033	0	1	20166	1	0	39810	other	0
SEE_08_64_FR	109	Picture	low_A194	3940199	0	1	30166	1	0	30000	other	0
SEE_08_64_FR	110	Picture	+	3970531	0	1	20166	1	0	30050	other	0
SEE_08_64_FR	111	Picture	hi_P226	3990697	0	1	30166	1	0	30000	other	0
SEE_08_64_FR	112	Picture	+	4021029	0	1	77164	1	0	next	other	0
SEE_08_64_FR	113	Sound	hi250a	4041030	0	1			0		other	0
SEE_08_64_FR	114	Picture	500+	4098193	0	1	5166	1	0	5000	other	0
SEE_08_64_FR	115	Picture	low_F324	4103526	0	1	30166	1	0	30000	other	0
SEE_08_64_FR	116	Picture	+	4133859	0	1	64498	1	0	next	other	0
SEE_08_64_FR	117	Sound	hi250b	4133859	0	1			0		other	0
SEE_08_64_FR	118	Picture	500+	4198356	0	1	5167	1	0	5000	other	0
SEE_08_64_FR	119	Picture	hi_F021	4203523	0	1	30166	1	0	30000	other	0
SEE_08_64_FR	120	Picture	+	4233855	0	1	20166	1	0	41890	other	0
SEE_08_64_FR	121	Picture	hi_A042	4254021	0	1	30166	1	0	30000	other	0
SEE_08_64_FR	122	Picture	+	4284353	0	1	20166	1	0	41390	other	0
SEE_08_64_FR	123	Picture	low_L048	4304519	0	1	30166	1	0	30000	other	0
SEE_08_64_FR	124	Picture	+	4334852	0	1	85164	1	0	next	other	0
SEE_08_64_FR	125	Sound	low271a	4354853	0	1			0		other	0
SEE_08_64_FR	126	Picture	500+	4420015	0	1	5167	1	0	5000	other	0
SEE_08_64_FR	127	Picture	low_L065	4425182	0	1	30166	1	0	30000	other	0
SEE_08_64_FR	128	Picture	+	4455348	0	1	56331	1	0	next	other	0
SEE_08_64_FR	129	Sound	low271b	4455348	0	1			0		other	0
SEE_08_64_FR	130	Picture	500+	4511679	0	1	5166	1	0	5000	other	0
SEE_08_64_FR	131	Picture	hi_P143	4516846	0	1	30166	1	0	30000	other	0
SEE_08_64_FR	132	Picture	+	4547178	0	1	20166	1	0	37230	other	0
SEE_08_64_FR	133	Picture	low_L096	4567344	0	1	30166	1	0	30000	other	0
SEE_08_64_FR	134	Picture	+	4597676	0	1	20166	1	0	43530	other	0
SEE_08_64_FR	135	Picture	hi_A001	4617842	0	1	30166	1	0	30000	other	0
SEE_08_64_FR	136	Picture	+	4648174	0	1	87330	1	0	next	other	0
SEE_08_64_FR	137	Sound	low149a	4668175	0	1			0		other	0
SEE_08_64_FR	138	Picture	500+	4735505	0	1	5166	1	0	5000	other	0
SEE_08_64_FR	139	Picture	low_A201	4740671	0	1	30166	1	0	30000	other	0
SEE_08_64_FR	140	Picture	+	4770837	0	1	56831	1	0	next	other	0
SEE_08_64_FR	141	Sound	low149b	4770837	0	1			0		other	0
SEE_08_64_FR	142	Picture	500+	4827668	0	1	5167	1	0	5000	other	0
SEE_08_64_FR	143	Picture	hi_P034	4832835	0	1	30166	1	0	30000	other	0
SEE_08_64_FR	144	Picture	+	4863167	0	1	20166	1	0	36450	other	0
SEE_08_64_FR	145	Picture	low_L133	4883333	0	1	30166	1	0	30000	other	0
SEE_08_64_FR	146	Picture	+	4913665	0	1	20166	1	0	43190	other	0
SEE_08_64_FR	147	Picture	hi_A034	4933831	0	1	30166	1	0	30000	other	0
SEE_08_64_FR	148	Picture	+	4964164	0	1	85664	1	0	next	other	0
SEE_08_64_FR	149	Sound	hi308a	4984165	0	1			0		other	0
SEE_08_64_FR	150	Picture	500+	5049827	0	1	5167	1	0	5000	other	0
SEE_08_64_FR	151	Picture	low_F061	5054994	0	1	30166	1	0	30000	other	0
SEE_08_64_FR	152	Picture	+	5085326	0	1	60998	1	0	next	other	0
SEE_08_64_FR	153	Sound	hi308b	5085327	0	1			0		other	0
SEE_08_64_FR	154	Picture	500+	5146324	0	1	5166	1	0	5000	other	0
SEE_08_64_FR	155	Picture	hi_P239	5151491	0	1	30166	1	0	30000	other	0
SEE_08_64_FR	156	Picture	+	5181823	0	1	20166	1	0	42080	other	0
SEE_08_64_FR	157	Picture	hi_P237	5201989	0	1	30166	1	0	30000	other	0
SEE_08_64_FR	158	Picture	+	5232321	0	1	20166	1	0	44370	other	0
SEE_08_64_FR	159	Picture	low_L180	5252487	0	1	30166	1	0	30000	other	0
SEE_08_64_FR	160	Picture	+	5282819	0	1	79164	1	0	next	other	0
SEE_08_64_FR	161	Sound	low088a	5302820	0	1			0		other	0
SEE_08_64_FR	162	Picture	500+	5361983	0	1	5166	1	0	5000	other	0
SEE_08_64_FR	163	Picture	hi_P230	5367150	0	1	30166	1	0	30000	other	0
SEE_08_64_FR	164	Picture	+	5397316	0	1	69998	1	0	next	other	0
SEE_08_64_FR	165	Sound	low088b	5397316	0	1			0		other	0
SEE_08_64_FR	166	Picture	500+	5467313	0	1	5166	1	0	5000	other	0
SEE_08_64_FR	167	Picture	low_L009	5472480	0	1	30166	1	0	30000	other	0
SEE_08_64_FR	168	Picture	+	5502812	0	1	20166	1	0	31490	other	0
SEE_08_64_FR	169	Picture	hi_A021	5522978	0	1	30166	1	0	30000	other	0
SEE_08_64_FR	170	Picture	+	5553310	0	1	20166	1	0	40160	other	0
SEE_08_64_FR	171	Picture	low_L148	5573476	0	1	30166	1	0	30000	other	0
SEE_08_64_FR	172	Picture	+	5603808	0	1	84330	1	0	next	other	0
SEE_08_64_FR	173	Sound	hi301a	5623809	0	1			0		other	0
SEE_08_64_FR	174	Picture	500+	5688139	0	1	5167	1	0	5000	other	0
SEE_08_64_FR	175	Picture	hi_F152	5693305	0	1	30166	1	0	30000	other	0
SEE_08_64_FR	176	Picture	+	5723638	0	1	61165	1	0	next	other	0
SEE_08_64_FR	177	Sound	hi301b	5723638	0	1			0		other	0
SEE_08_64_FR	178	Picture	500+	5784802	0	1	5167	1	0	5000	other	0
SEE_08_64_FR	179	Picture	low_P169	5789969	0	1	30166	1	0	30000	other	0
SEE_08_64_FR	180	Picture	+	5820301	0	1	20166	1	0	35070	other	0
SEE_08_64_FR	181	Picture	low_F056	5840467	0	1	30166	1	0	30000	other	0
SEE_08_64_FR	182	Picture	+	5870799	0	1	20166	1	0	44630	other	0
SEE_08_64_FR	183	Picture	hi_P133	5890965	0	1	30166	1	0	30000	other	0
SEE_08_64_FR	184	Picture	+	5921298	0	1	81664	1	0	next	other	0
SEE_08_64_FR	185	Sound	hi159a	5941298	0	1			0		other	0
SEE_08_64_FR	186	Picture	500+	6002962	0	1	5167	1	0	5000	other	0
SEE_08_64_FR	187	Picture	hi_F028	6008128	0	1	30166	1	0	30000	other	0
SEE_08_64_FR	188	Picture	+	6038294	0	1	64664	1	0	next	other	0
SEE_08_64_FR	189	Sound	hi159b	6038294	0	1			0		other	0
SEE_08_64_FR	190	Picture	500+	6102958	0	1	5167	1	0	5000	other	0
SEE_08_64_FR	191	Picture	low_P055	6108125	0	1	30166	1	0	30000	other	0
SEE_08_64_FR	192	Picture	+	6138457	0	1	20166	1	0	38320	other	0
SEE_08_64_FR	193	Picture	hi_P246	6158623	0	1	30166	1	0	30000	other	0
SEE_08_64_FR	194	Picture	+	6188955	0	1	20166	1	0	30860	other	0
SEE_08_64_FR	195	Picture	low_L021	6209121	0	1	30166	1	0	30000	other	0
SEE_08_64_FR	196	Picture	+	6239454	0	1	89164	1	0	next	other	0
SEE_08_64_FR	197	Sound	hi244a	6259455	0	2			0		other	0
SEE_08_64_FR	198	Picture	500+	6328617	0	1	5167	1	0	5000	other	0
SEE_08_64_FR	199	Picture	low_L175	6333784	0	1	30166	1	0	30000	other	0
SEE_08_64_FR	200	Picture	+	6363949	0	1	58998	1	0	next	other	0
SEE_08_64_FR	201	Sound	hi244b	6363950	0	1			0		other	0
SEE_08_64_FR	202	Picture	500+	6422947	0	1	5167	1	0	5000	other	0
SEE_08_64_FR	203	Picture	hi_P212	6428114	0	1	30166	1	0	30000	other	0
SEE_08_64_FR	204	Picture	+	6458446	0	1	20166	1	0	39140	other	0
SEE_08_64_FR	205	Picture	low_F067	6478612	0	1	30166	1	0	30000	other	0
SEE_08_64_FR	206	Picture	+	6508944	0	1	20166	1	0	40410	other	0
SEE_08_64_FR	207	Picture	hi_O328	6529110	0	1	30166	1	0	30000	other	0
SEE_08_64_FR	208	Picture	+	6559443	0	1	80164	1	0	next	other	0
SEE_08_64_FR	209	Sound	low341a	6579443	0	1			0		other	0
SEE_08_64_FR	210	Picture	500+	6639607	0	1	5167	1	0	5000	other	0
SEE_08_64_FR	211	Picture	hi_A048	6644773	0	1	30166	1	0	30000	other	0
SEE_08_64_FR	212	Picture	+	6674939	0	1	66164	1	0	next	other	0
SEE_08_64_FR	213	Sound	low341b	6674939	0	1			0		other	0
SEE_08_64_FR	214	Picture	500+	6741103	0	1	5166	1	0	5000	other	0
SEE_08_64_FR	215	Picture	low_L098	6746270	0	1	30166	1	0	30000	other	0
SEE_08_64_FR	216	Picture	+	6776602	0	1	20166	1	0	38890	other	0
SEE_08_64_FR	217	Picture	hi_P139	6796768	0	1	30166	1	0	30000	other	0
SEE_08_64_FR	218	Picture	+	6827100	0	1	20166	1	0	35900	other	0
SEE_08_64_FR	219	Picture	low_L071	6847266	0	1	30166	1	0	30000	other	0
SEE_08_64_FR	220	Picture	+	6877599	0	1	83997	1	0	next	other	0
SEE_08_64_FR	221	Sound	hi009a	6897599	0	1			0		other	0
SEE_08_64_FR	222	Picture	500+	6961596	0	1	5166	1	0	5000	other	0
SEE_08_64_FR	223	Picture	low_L138	6966762	0	1	30166	1	0	30000	other	0
SEE_08_64_FR	224	Picture	+	6996928	0	1	57165	1	0	next	other	0
SEE_08_64_FR	225	Sound	hi009b	6996928	0	1			0		other	0
SEE_08_64_FR	226	Picture	500+	7054092	0	1	5167	1	0	5000	other	0
SEE_08_64_FR	227	Picture	hi_O202	7059259	0	1	30166	1	0	30000	other	0
SEE_08_64_FR	228	Picture	+	7089591	0	1	20166	1	0	30890	other	0
SEE_08_64_FR	229	Picture	hi_F007	7109757	0	1	30166	1	0	30000	other	0
SEE_08_64_FR	230	Picture	+	7140090	0	1	20166	1	0	31060	other	0
SEE_08_64_FR	231	Picture	low_P113	7160256	0	1	30166	1	0	30000	other	0
SEE_08_64_FR	232	Picture	+	7190588	0	1	81664	1	0	next	other	0
SEE_08_64_FR	233	Sound	hi251a	7210589	0	1			0		other	0
SEE_08_64_FR	234	Picture	500+	7272252	0	1	5167	1	0	5000	other	0
SEE_08_64_FR	235	Picture	low_P138	7277418	0	1	30166	1	0	30000	other	0
SEE_08_64_FR	236	Picture	+	7307584	0	1	62331	1	0	next	other	0
SEE_08_64_FR	237	Sound	hi251b	7307584	0	1			0		other	0
SEE_08_64_FR	238	Picture	500+	7369915	0	1	5166	1	0	5000	other	0
SEE_08_64_FR	239	Picture	hi_F280	7375082	0	1	30166	1	0	30000	other	0
SEE_08_64_FR	240	Picture	+	7405414	0	1	20166	1	0	31450	other	0
SEE_08_64_FR	241	Picture	low_P154	7425580	0	1	30166	1	0	30000	other	0
SEE_08_64_FR	242	Picture	+	7455912	0	1	20166	1	0	43830	other	0
SEE_08_64_FR	243	Picture	hi_P241	7476078	0	1	30166	1	0	30000	other	0
SEE_08_64_FR	244	Picture	+	7506410	0	1	79831	1	0	next	other	0
SEE_08_64_FR	245	Sound	hi011a	7526411	0	2			0		other	0
SEE_08_64_FR	246	Picture	500+	7586241	0	1	5166	1	0	5000	other	0
SEE_08_64_FR	247	Picture	hi_F016	7591407	0	1	30166	1	0	30000	other	0
SEE_08_64_FR	248	Picture	+	7621573	0	1	56998	1	0	next	other	0
SEE_08_64_FR	249	Sound	hi011b	7621574	0	1			0		other	0
SEE_08_64_FR	250	Picture	500+	7678571	0	1	5167	1	0	5000	other	0
SEE_08_64_FR	251	Picture	low_O043	7683738	0	1	30166	1	0	30000	other	0
SEE_08_64_FR	252	Picture	+	7714070	0	1	20166	1	0	33250	other	0
SEE_08_64_FR	253	Picture	low_L049	7734236	0	1	30166	1	0	30000	other	0
SEE_08_64_FR	254	Picture	+	7764568	0	1	20166	1	0	34990	other	0
SEE_08_64_FR	255	Picture	hi_F010	7784734	0	1	30166	1	0	30000	other	0
SEE_08_64_FR	256	Picture	+	7815067	0	1	84664	1	0	next	other	0
SEE_08_64_FR	257	Sound	low279a	7835067	0	1			0		other	0
SEE_08_64_FR	258	Picture	500+	7899730	0	1	5166	1	0	5000	other	0
SEE_08_64_FR	259	Picture	hi_P125	7905064	0	1	30166	1	0	30000	other	0
SEE_08_64_FR	260	Picture	+	7935229	0	1	60665	1	0	next	other	0
SEE_08_64_FR	261	Sound	low279b	7935230	0	1			0		other	0
SEE_08_64_FR	262	Picture	500+	7995894	0	1	5167	1	0	5000	other	0
SEE_08_64_FR	263	Picture	low_P176	8001060	0	1	30166	1	0	30000	other	0
SEE_08_64_FR	264	Picture	+	8031393	0	1	20166	1	0	41780	other	0
SEE_08_64_FR	265	Picture	low_F124	8051558	0	1	30166	1	0	30000	other	0
SEE_08_64_FR	266	Picture	+	8081891	0	1	20166	1	0	30010	other	0
SEE_08_64_FR	267	Picture	hi_F297	8102057	0	1	30166	1	0	30000	other	0
SEE_08_64_FR	268	Picture	+	8132389	0	1	75497	1	0	next	other	0
SEE_08_64_FR	269	Sound	low034a	8152390	0	1			0		other	0
SEE_08_64_FR	270	Picture	500+	8207887	0	1	5166	1	0	5000	other	0
SEE_08_64_FR	271	Picture	hi_A071	8213220	0	1	30166	1	0	30000	other	0
SEE_08_64_FR	272	Picture	+	8243385	0	1	64998	1	0	next	other	0
SEE_08_64_FR	273	Sound	low034b	8243386	0	1			0		other	0
SEE_08_64_FR	274	Picture	500+	8308383	0	1	5166	1	0	5000	other	0
SEE_08_64_FR	275	Picture	low_L137	8313716	0	1	30166	1	0	30000	other	0
SEE_08_64_FR	276	Picture	+	8344049	0	1	20166	1	0	36540	other	0
SEE_08_64_FR	277	Picture	hi_L177	8364215	0	1	30166	1	0	30000	other	0
SEE_08_64_FR	278	Picture	+	8394547	0	1	20166	1	0	36890	other	0
SEE_08_64_FR	279	Picture	low_L178	8414713	0	1	30166	1	0	30000	other	0
SEE_08_64_FR	280	Picture	+	8445045	0	1	86497	1	0	next	other	0
SEE_08_64_FR	281	Sound	low273a	8465046	0	1			0		other	0
SEE_08_64_FR	282	Picture	500+	8531542	0	1	5167	1	0	5000	other	0
SEE_08_64_FR	283	Picture	low_F333	8536709	0	1	30166	1	0	30000	other	0
SEE_08_64_FR	284	Picture	+	8567041	0	1	67331	1	0	next	other	0
SEE_08_64_FR	285	Sound	low273b	8567042	0	1			0		other	0
SEE_08_64_FR	286	Picture	500+	8634372	0	1	5166	1	0	5000	other	0
SEE_08_64_FR	287	Picture	hi_F366	8639538	0	1	30166	1	0	30000	other	0
SEE_08_64_FR	288	Picture	+	8669871	0	1	20166	1	0	44760	other	0
SEE_08_64_FR	289	Picture	low_P054	8690037	0	1	30166	1	0	30000	other	0
SEE_08_64_FR	290	Picture	+	8720369	0	1	20166	1	0	35170	other	0
SEE_08_64_FR	291	Picture	hi_P222	8740535	0	1	30166	1	0	30000	other	0
SEE_08_64_FR	292	Picture	+	8770867	0	1	87497	1	0	next	other	0
SEE_08_64_FR	293	Sound	low277a	8790868	0	1			0		other	0
SEE_08_64_FR	294	Picture	500+	8858364	0	1	5166	1	0	5000	other	0
SEE_08_64_FR	295	Picture	low_L153	8863531	0	1	30166	1	0	30000	other	0
SEE_08_64_FR	296	Picture	+	8893696	0	1	59498	1	0	next	other	0
SEE_08_64_FR	297	Sound	low277b	8893697	0	1			0		other	0
SEE_08_64_FR	298	Picture	500+	8953195	0	1	5166	1	0	5000	other	0
SEE_08_64_FR	299	Picture	hi_A039	8958361	0	1	30166	1	0	30000	other	0
SEE_08_64_FR	300	Picture	+	8988693	0	1	20166	1	0	39060	other	0
SEE_08_64_FR	301	Picture	low_A221	9008859	0	1	30166	1	0	30000	other	0
SEE_08_64_FR	302	Picture	+	9039192	0	1	20166	1	0	41800	other	0
SEE_08_64_FR	303	Picture	hi_F272	9059358	0	1	30166	1	0	30000	other	0
SEE_08_64_FR	304	Picture	+	9089690	0	1	83164	1	0	next	other	0
SEE_08_64_FR	305	Sound	hi217a	9109691	0	1			0		other	0
SEE_08_64_FR	306	Picture	500+	9172854	0	1	5167	1	0	5000	other	0
SEE_08_64_FR	307	Picture	hi_P223	9178020	0	1	30166	1	0	30000	other	0
SEE_08_64_FR	308	Picture	+	9208186	0	1	56331	1	0	next	other	0
SEE_08_64_FR	309	Sound	hi217b	9208186	0	1			0		other	0
SEE_08_64_FR	310	Picture	500+	9264517	0	1	5166	1	0	5000	other	0
SEE_08_64_FR	311	Picture	low_A185	9269684	0	1	30166	1	0	30000	other	0
SEE_08_64_FR	312	Picture	+	9300016	0	1	20166	1	0	44810	other	0
SEE_08_64_FR	313	Picture	low_P112	9320182	0	1	30166	1	0	30000	other	0
SEE_08_64_FR	314	Picture	+	9350514	0	1	20166	1	0	38350	other	0
SEE_08_64_FR	315	Picture	hi_F291	9370680	0	1	30166	1	0	30000	other	0
SEE_08_64_FR	316	Picture	+	9401013	0	1	81164	1	0	next	other	0
SEE_08_64_FR	317	Sound	hi246a	9421013	0	1			0		other	0
SEE_08_64_FR	318	Picture	500+	9482177	0	1	5166	1	0	5000	other	0
SEE_08_64_FR	319	Picture	low_O327	9487343	0	1	30166	1	0	30000	other	0
SEE_08_64_FR	320	Picture	+	9517509	0	1	69498	1	0	next	other	0
SEE_08_64_FR	321	Sound	hi246b	9517509	0	1			0		other	0
SEE_08_64_FR	322	Picture	500+	9587006	0	1	5166	1	0	5000	other	0
SEE_08_64_FR	323	Picture	hi_P037	9592173	0	1	30166	1	0	30000	other	0
SEE_08_64_FR	324	Picture	+	9622505	0	1	20166	1	0	35200	other	0
SEE_08_64_FR	325	Picture	low_P109	9642671	0	1	30166	1	0	30000	other	0
SEE_08_64_FR	326	Picture	+	9673003	0	1	20166	1	0	35990	other	0
SEE_08_64_FR	327	Picture	hi_P001	9693169	0	1	30166	1	0	30000	other	0
SEE_08_64_FR	328	Picture	+	9723502	0	1	80164	1	0	next	other	0
SEE_08_64_FR	329	Sound	hi142a	9743502	0	2			0		other	0
SEE_08_64_FR	330	Picture	500+	9803666	0	1	5167	1	0	5000	other	0
SEE_08_64_FR	331	Picture	hi_A061	9808832	0	1	30166	1	0	30000	other	0
SEE_08_64_FR	332	Picture	+	9839164	0	1	61498	1	0	next	other	0
SEE_08_64_FR	333	Sound	hi142b	9839165	0	1			0		other	0
SEE_08_64_FR	334	Picture	500+	9900662	0	1	5166	1	0	5000	other	0
SEE_08_64_FR	335	Picture	low_L104	9905829	0	1	30166	1	0	30000	other	0
SEE_08_64_FR	336	Picture	+	9936161	0	1	20166	1	0	39950	other	0
SEE_08_64_FR	337	Picture	low_A182	9956327	0	1	30166	1	0	30000	other	0
SEE_08_64_FR	338	Picture	+	9986659	0	1	20166	1	0	44330	other	0
SEE_08_64_FR	339	Picture	hi_P028	10006825	0	1	30166	1	0	30000	other	0
SEE_08_64_FR	340	Picture	+	10037158	0	1	89997	1	0	next	other	0
SEE_08_64_FR	341	Sound	hi242a	10057159	0	1			0		other	0
SEE_08_64_FR	342	Picture	500+	10127155	0	1	5167	1	0	5000	other	0
SEE_08_64_FR	343	Picture	hi_O004	10132321	0	1	30130	41	0	30000	other	0
SEE_08_64_FR	344	Picture	+	10162451	0	41	55367	41	0	next	other	0
SEE_08_64_FR	345	Sound	hi242b	10162492	0	1			0		other	0
SEE_08_64_FR	346	Picture	500+	10217818	0	1	5166	1	0	5000	other	0
SEE_08_64_FR	347	Picture	low_A170	10222985	0	1	30166	1	0	30000	other	0
SEE_08_64_FR	348	Picture	+	10253317	0	1	20166	1	0	41430	other	0
SEE_08_64_FR	349	Picture	low_A188	10273483	0	1	30166	1	0	30000	other	0
SEE_08_64_FR	350	Picture	+	10303815	0	1	20166	1	0	40470	other	0
SEE_08_64_FR	351	Picture	hi_P221	10323981	0	1	30166	1	0	30000	other	0
SEE_08_64_FR	352	Picture	+	10354313	0	1	86497	1	0	next	other	0
SEE_08_64_FR	353	Sound	low063a	10374314	0	1			0		other	0
SEE_08_64_FR	354	Picture	500+	10440811	0	1	5167	1	0	5000	other	0
SEE_08_64_FR	355	Picture	hi_A207	10445977	0	1	30166	1	0	30000	other	0
SEE_08_64_FR	356	Picture	+	10476143	0	1	65998	1	0	next	other	0
SEE_08_64_FR	357	Sound	low063b	10476143	0	1			0		other	0
SEE_08_64_FR	358	Picture	500+	10542140	0	1	5166	1	0	5000	other	0
SEE_08_64_FR	359	Picture	low_L064	10547307	0	1	30166	1	0	30000	other	0
SEE_08_64_FR	360	Picture	+	10577639	0	1	20166	1	0	33720	other	0
SEE_08_64_FR	361	Picture	low_L168	10597805	0	1	30166	1	0	30000	other	0
SEE_08_64_FR	362	Picture	+	10628138	0	1	20166	1	0	37220	other	0
SEE_08_64_FR	363	Picture	hi_A058	10648303	0	1	30166	1	0	30000	other	0
SEE_08_64_FR	364	Picture	+	10678636	0	1	78997	1	0	next	other	0
SEE_08_64_FR	365	Sound	low085a	10698637	0	1			0		other	0
SEE_08_64_FR	366	Picture	500+	10757633	0	1	5166	1	0	5000	other	0
SEE_08_64_FR	367	Picture	hi_P032	10762966	0	1	30166	1	0	30000	other	0
SEE_08_64_FR	368	Picture	+	10793132	0	1	68164	1	0	next	other	0
SEE_08_64_FR	369	Sound	low085b	10793133	0	1			0		other	0
SEE_08_64_FR	370	Picture	500+	10861296	0	1	5166	1	0	5000	other	0
SEE_08_64_FR	371	Picture	low_L121	10866463	0	1	30166	1	0	30000	other	0
SEE_08_64_FR	372	Picture	+	10896795	0	1	20166	1	0	32700	other	0
SEE_08_64_FR	373	Picture	hi_P215	10916961	0	1	30166	1	0	30000	other	0
SEE_08_64_FR	374	Picture	+	10947293	0	1	20166	1	0	40710	other	0
SEE_08_64_FR	375	Picture	low_A099	10967459	0	1	30166	1	0	30000	other	0
SEE_08_64_FR	376	Picture	+	10997792	0	1	79497	1	0	next	other	0
SEE_08_64_FR	377	Sound	low351a	11017792	0	1			0		other	0
SEE_08_64_FR	378	Picture	500+	11077289	0	1	5166	1	0	5000	other	0
SEE_08_64_FR	379	Picture	hi_O148	11082455	0	1	30166	1	0	30000	other	0
SEE_08_64_FR	380	Picture	+	11112621	0	1	68331	1	0	next	other	0
SEE_08_64_FR	381	Sound	low351b	11112622	0	1			0		other	0
SEE_08_64_FR	382	Picture	500+	11180952	0	1	5166	1	0	5000	other	0
SEE_08_64_FR	383	Picture	low_A158	11186119	0	1	30166	1	0	30000	other	0
SEE_08_64_FR	384	Picture	+	11216451	0	1	20166	1	0	41290	other	0
SEE_08_64_FR	385	Picture	low_L146	11236617	0	1	30166	1	0	30000	other	0
SEE_08_64_FR	386	Picture	+	11266949	0	1	20166	1	0	34250	other	0
SEE_08_64_FR	387	Picture	hi_F009	11287115	0	1	30166	1	0	30000	other	0
SEE_08_64_FR	388	Picture	+	11317447	0	1	86330	1	0	next	other	0
SEE_08_64_FR	389	Sound	hi139a	11337448	0	1			0		other	0
SEE_08_64_FR	390	Picture	500+	11403778	0	1	5167	1	0	5000	other	0
SEE_08_64_FR	391	Picture	low_F001	11409111	0	1	30166	1	0	30000	other	0
SEE_08_64_FR	392	Picture	+	11439443	0	1	67331	1	0	next	other	0
SEE_08_64_FR	393	Sound	hi139b	11439444	0	1			0		other	0
SEE_08_64_FR	394	Picture	500+	11506774	0	1	5166	1	0	5000	other	0
SEE_08_64_FR	395	Picture	hi_O285	11511941	0	1	30166	1	0	30000	other	0
SEE_08_64_FR	396	Picture	+	11542273	0	1	20166	1	0	30110	other	0
SEE_08_64_FR	397	Picture	low_F244	11562439	0	1	30166	1	0	30000	other	0
SEE_08_64_FR	398	Picture	+	11592771	0	1	20166	1	0	42080	other	0
SEE_08_64_FR	399	Picture	hi_O283	11612937	0	1	30166	1	0	30000	other	0
SEE_08_64_FR	400	Picture	+	11643270	0	1	81331	1	0	next	other	0
SEE_08_64_FR	401	Sound	low344a	11663271	0	1			0		other	0
SEE_08_64_FR	402	Picture	500+	11724600	0	1	5166	1	0	5000	other	0
SEE_08_64_FR	403	Picture	hi_P127	11729933	0	1	30166	1	0	30000	other	0
SEE_08_64_FR	404	Picture	+	11760099	0	1	58998	1	0	next	other	0
SEE_08_64_FR	405	Sound	low344b	11760100	0	1			0		other	0
SEE_08_64_FR	406	Picture	500+	11819097	0	1	5166	1	0	5000	other	0
SEE_08_64_FR	407	Picture	low_F087	11824263	0	1	30166	1	0	30000	other	0
SEE_08_64_FR	408	Picture	+	11854596	0	1	20166	1	0	43440	other	0
SEE_08_64_FR	409	Picture	low_P179	11874762	0	1	30166	1	0	30000	other	0
SEE_08_64_FR	410	Picture	+	11905094	0	1	20166	1	0	31390	other	0
SEE_08_64_FR	411	Picture	hi_F367	11925260	0	1	30166	1	0	30000	other	0
SEE_08_64_FR	412	Picture	+	11955592	0	1	82997	1	0	next	other	0
SEE_08_64_FR	413	Sound	hi247a	11975593	0	1			0		other	0
SEE_08_64_FR	414	Picture	500+	12038590	0	1	5167	1	0	5000	other	0
SEE_08_64_FR	415	Picture	low_P168	12043756	0	1	30166	1	0	30000	other	0
SEE_08_64_FR	416	Picture	+	12074088	0	1	67831	1	0	next	other	0
SEE_08_64_FR	417	Sound	hi247b	12074089	0	1			0		other	0
SEE_08_64_FR	418	Picture	500+	12141919	0	1	5166	1	0	5000	other	0
SEE_08_64_FR	419	Picture	hi_P007	12147252	0	1	30166	1	0	30000	other	0
SEE_08_64_FR	420	Picture	+	12177585	0	1	20166	1	0	34140	other	0
SEE_08_64_FR	421	Picture	hi_P202	12197751	0	1	30166	1	0	30000	other	0
SEE_08_64_FR	422	Picture	+	12228083	0	1	20166	1	0	43930	other	0
SEE_08_64_FR	423	Picture	low_L124	12248249	0	1	30166	1	0	30000	other	0
SEE_08_64_FR	424	Picture	+	12278581	0	1	77164	1	0	next	other	0
SEE_08_64_FR	425	Sound	low050a	12298582	0	1			0		other	0
SEE_08_64_FR	426	Picture	500+	12355745	0	1	5167	1	0	5000	other	0
SEE_08_64_FR	427	Picture	hi_F034	12361079	0	1	30166	1	0	30000	other	0
SEE_08_64_FR	428	Picture	+	12391244	0	1	65331	1	0	next	other	0
SEE_08_64_FR	429	Sound	low050b	12391245	0	1			0		other	0
SEE_08_64_FR	430	Picture	500+	12456575	0	1	5167	1	0	5000	other	0
SEE_08_64_FR	431	Picture	low_F066	12461909	0	1	30166	1	0	30000	other	0
SEE_08_64_FR	432	Picture	+	12492241	0	1	20166	1	0	30460	other	0
SEE_08_64_FR	433	Picture	hi_A041	12512407	0	1	30166	1	0	30000	other	0
SEE_08_64_FR	434	Picture	+	12542739	0	1	20166	1	0	42210	other	0
SEE_08_64_FR	435	Picture	low_A140	12562905	0	1	30166	1	0	30000	other	0
SEE_08_64_FR	436	Picture	+	12593237	0	1	80664	1	0	next	other	0
SEE_08_64_FR	437	Sound	hi241a	12613238	0	2			0		other	0
SEE_08_64_FR	438	Picture	500+	12673901	0	1	5167	1	0	5000	other	0
SEE_08_64_FR	439	Picture	low_F123	12679068	0	1	30166	1	0	30000	other	0
SEE_08_64_FR	440	Picture	+	12709233	0	1	58998	1	0	next	other	0
SEE_08_64_FR	441	Sound	hi241b	12709234	0	1			0		other	0
SEE_08_64_FR	442	Picture	500+	12768231	0	1	5166	1	0	5000	other	0
SEE_08_64_FR	443	Picture	hi_F018	12773565	0	1	30166	1	0	30000	other	0
SEE_08_64_FR	444	Picture	+	12803897	0	1	20166	1	0	38930	other	0
SEE_08_64_FR	445	Picture	hi_F159	12824063	0	1	30166	1	0	30000	other	0
SEE_08_64_FR	446	Picture	+	12854395	0	1	20166	1	0	37750	other	0
SEE_08_64_FR	447	Picture	low_F098	12874561	0	1	30166	1	0	30000	other	0
SEE_08_64_FR	448	Picture	+	12904893	0	1	89330	1	0	next	other	0
SEE_08_64_FR	449	Sound	hi243a	12924894	0	1			0		other	0
SEE_08_64_FR	450	Picture	500+	12994224	0	1	5167	1	0	5000	other	0
SEE_08_64_FR	451	Picture	hi_F283	12999390	0	1	30166	1	0	30000	other	0
SEE_08_64_FR	452	Picture	+	13029556	0	1	64998	1	0	next	other	0
SEE_08_64_FR	453	Sound	hi243b	13029556	0	1			0		other	0
SEE_08_64_FR	454	Picture	500+	13094554	0	1	5166	1	0	5000	other	0
SEE_08_64_FR	455	Picture	low_L102	13099887	0	1	30166	1	0	30000	other	0
SEE_08_64_FR	456	Picture	+	13130219	0	1	20166	1	0	31680	other	0
SEE_08_64_FR	457	Picture	hi_A019	13150385	0	1	30166	1	0	30000	other	0
SEE_08_64_FR	458	Picture	+	13180717	0	1	20166	1	0	43330	other	0
SEE_08_64_FR	459	Picture	low_O214	13200883	0	1	30166	1	0	30000	other	0
SEE_08_64_FR	460	Picture	+	13231216	0	1	81164	1	0	next	other	0
SEE_08_64_FR	461	Sound	low032a	13251217	0	1			0		other	0
SEE_08_64_FR	462	Picture	500+	13312380	0	1	5167	1	0	5000	other	0
SEE_08_64_FR	463	Picture	hi_O105	13317546	0	1	30166	1	0	30000	other	0
SEE_08_64_FR	464	Picture	+	13347878	0	1	55498	1	0	next	other	0
SEE_08_64_FR	465	Sound	low032b	13347879	0	1			0		other	0
SEE_08_64_FR	466	Picture	500+	13403376	0	1	5167	1	0	5000	other	0
SEE_08_64_FR	467	Picture	low_L034	13408710	0	1	30166	1	0	30000	other	0
SEE_08_64_FR	468	Picture	+	13439042	0	1	20166	1	0	40190	other	0
SEE_08_64_FR	469	Picture	hi_F299	13459208	0	1	30166	1	0	30000	other	0
SEE_08_64_FR	470	Picture	+	13489540	0	1	20166	1	0	43230	other	0
SEE_08_64_FR	471	Picture	low_L176	13509706	0	1	30166	1	0	30000	other	0
SEE_08_64_FR	472	Picture	+	13540038	0	1	76497	1	0	next	other	0
SEE_08_64_FR	473	Sound	hi253a	13560039	0	1			0		other	0
SEE_08_64_FR	474	Picture	500+	13616536	0	1	5166	1	0	5000	other	0
SEE_08_64_FR	475	Picture	hi_P228	13621702	0	1	30166	1	0	30000	other	0
SEE_08_64_FR	476	Picture	+	13651868	0	1	66164	1	0	next	other	0
SEE_08_64_FR	477	Sound	hi253b	13651869	0	1			0		other	0
SEE_08_64_FR	478	Picture	500+	13718032	0	1	5166	1	0	5000	other	0
SEE_08_64_FR	479	Picture	low_A156	13723199	0	1	30166	1	0	30000	other	0
SEE_08_64_FR	480	Picture	+	13753531	0	1	20166	1	0	30350	other	0
SEE_08_64_FR	481	Picture	hi_P231	13773697	0	1	30166	1	0	30000	other	0
SEE_08_64_FR	482	Picture	+	13804030	0	1	20166	1	0	40270	other	0
SEE_08_64_FR	483	Picture	low_A131	13824196	0	1	30166	1	0	30000	other	0
SEE_08_64_FR	484	Picture	+	13854528	0	1	81497	1	0	next	other	0
SEE_08_64_FR	485	Sound	hi154a	13874529	0	1			0		other	0
SEE_08_64_FR	486	Picture	500+	13936025	0	1	5167	1	0	5000	other	0
SEE_08_64_FR	487	Picture	hi_P225	13941192	0	1	30166	1	0	30000	other	0
SEE_08_64_FR	488	Picture	+	13971357	0	1	65498	1	0	next	other	0
SEE_08_64_FR	489	Sound	hi154b	13971358	0	1			0		other	0
SEE_08_64_FR	490	Picture	500+	14036855	0	1	5167	1	0	5000	other	0
SEE_08_64_FR	491	Picture	low_F130	14042188	0	1	30166	1	0	30000	other	0
SEE_08_64_FR	492	Picture	+	14072520	0	1	20166	1	0	41790	other	0
SEE_08_64_FR	493	Picture	low_A113	14092686	0	1	30166	1	0	30000	other	0
SEE_08_64_FR	494	Picture	+	14123019	0	1	20166	1	0	39440	other	0
SEE_08_64_FR	495	Picture	hi_A050	14143185	0	1	30166	1	0	30000	other	0
SEE_08_64_FR	496	Picture	+	14173517	0	1	81831	1	0	next	other	0
SEE_08_64_FR	497	Sound	low179a	14193518	0	1			0		other	0
SEE_08_64_FR	498	Picture	500+	14255348	0	1	5166	1	0	5000	other	0
SEE_08_64_FR	499	Picture	low_P107	14260514	0	1	30166	1	0	30000	other	0
SEE_08_64_FR	500	Picture	+	14290680	0	1	67664	1	0	next	other	0
SEE_08_64_FR	501	Sound	low179b	14290680	0	1			0		other	0
SEE_08_64_FR	502	Picture	500+	14358344	0	1	5167	1	0	5000	other	0
SEE_08_64_FR	503	Picture	hi_F170	14363511	0	1	30166	1	0	30000	other	0
SEE_08_64_FR	504	Picture	+	14393843	0	1	20166	1	0	40640	other	0
SEE_08_64_FR	505	Picture	low_O099	14414009	0	1	30166	1	0	30000	other	0
SEE_08_64_FR	506	Picture	+	14444341	0	1	20166	1	0	38690	other	0
SEE_08_64_FR	507	Picture	hi_L026	14464507	0	1	30166	1	0	30000	other	0
SEE_08_64_FR	508	Picture	+	14494839	0	1	87164	1	0	next	other	0
SEE_08_64_FR	509	Sound	low024a	14514840	0	1			0		other	0
SEE_08_64_FR	510	Picture	500+	14582003	0	1	5166	1	0	5000	other	0
SEE_08_64_FR	511	Picture	low_L169	14587170	0	1	30166	1	0	30000	other	0
SEE_08_64_FR	512	Picture	+	14617335	0	1	69664	1	0	next	other	0
SEE_08_64_FR	513	Sound	low024b	14617336	0	1			0		other	0
SEE_08_64_FR	514	Picture	500+	14687000	0	1	5166	1	0	5000	other	0
SEE_08_64_FR	515	Picture	hi_O006	14692333	0	1	30166	1	0	30000	other	0
SEE_08_64_FR	516	Picture	+	14722665	0	1	20166	1	0	43400	other	0
SEE_08_64_FR	517	Picture	low_A169	14742831	0	1	30166	1	0	30000	other	0
SEE_08_64_FR	518	Picture	+	14773163	0	1	20166	1	0	42550	other	0
SEE_08_64_FR	519	Picture	hi_A030	14793329	0	1	30166	1	0	30000	other	0
SEE_08_64_FR	520	Picture	+	14823661	0	1	85164	1	0	next	other	0
SEE_08_64_FR	521	Sound	hi002a	14843662	0	1			0		other	0
SEE_08_64_FR	522	Picture	500+	14908825	0	1	5167	1	0	5000	other	0
SEE_08_64_FR	523	Picture	low_F121	14913992	0	1	30166	1	0	30000	other	0
SEE_08_64_FR	524	Picture	+	14944157	0	1	56665	1	0	next	other	0
SEE_08_64_FR	525	Sound	hi002b	14944158	0	1			0		other	0
SEE_08_64_FR	526	Picture	500+	15000822	0	1	5166	1	0	5000	other	0
SEE_08_64_FR	527	Picture	hi_O132	15005989	0	1	30166	1	0	30000	other	0
SEE_08_64_FR	528	Picture	+	15036321	0	1	20166	1	0	40920	other	0
SEE_08_64_FR	529	Picture	hi_F158	15056487	0	1	30166	1	0	30000	other	0
SEE_08_64_FR	530	Picture	+	15086819	0	1	20166	1	0	42590	other	0
SEE_08_64_FR	531	Picture	low_P064	15106985	0	1	30166	1	0	30000	other	0
SEE_08_64_FR	532	Picture	+	15137317	0	1	87997	1	0	next	other	0
SEE_08_64_FR	533	Sound	low087a	15157318	0	1			0		other	0
SEE_08_64_FR	534	Picture	500+	15225315	0	1	5167	1	0	5000	other	0
SEE_08_64_FR	535	Picture	hi_F014	15230481	0	1	30166	1	0	30000	other	0
SEE_08_64_FR	536	Picture	+	15260647	0	1	64164	1	0	next	other	0
SEE_08_64_FR	537	Sound	low087b	15260647	0	1			0		other	0
SEE_08_64_FR	538	Picture	500+	15324811	0	1	5167	1	0	5000	other	0
SEE_08_64_FR	539	Picture	low_L072	15330144	0	1	30166	1	0	30000	other	0
SEE_08_64_FR	540	Picture	+	15360477	0	1	20166	1	0	30410	other	0
SEE_08_64_FR	541	Picture	low_P116	15380643	0	1	30166	1	0	30000	other	0
SEE_08_64_FR	542	Picture	+	15410975	0	1	20166	1	0	41320	other	0
SEE_08_64_FR	543	Picture	hi_F321	15431141	0	1	30166	1	0	30000	other	0
SEE_08_64_FR	544	Picture	+	15461473	0	1	84330	1	0	next	other	0
SEE_08_64_FR	545	Sound	low358a	15481474	0	1			0		other	0
SEE_08_64_FR	546	Picture	500+	15545804	0	1	5166	1	0	5000	other	0
SEE_08_64_FR	547	Picture	hi_A007	15551137	0	1	30166	1	0	30000	other	0
SEE_08_64_FR	548	Picture	+	15581302	0	1	59665	1	0	next	other	0
SEE_08_64_FR	549	Sound	low358b	15581303	0	1			0		other	0
SEE_08_64_FR	550	Picture	500+	15640967	0	1	5167	1	0	5000	other	0
SEE_08_64_FR	551	Picture	low_L179	15646300	0	1	30166	1	0	30000	other	0
SEE_08_64_FR	552	Picture	+	15676633	0	1	20166	1	0	31200	other	0
SEE_08_64_FR	553	Picture	low_P250	15696798	0	1	30166	1	0	30000	other	0
SEE_08_64_FR	554	Picture	+	15727131	0	1	20166	1	0	33360	other	0
SEE_08_64_FR	555	Picture	hi_F025	15747297	0	1	30166	1	0	30000	other	0
SEE_08_64_FR	556	Picture	+	15777629	0	1	82331	1	0	next	other	0
SEE_08_64_FR	557	Sound	hi314a	15797630	0	1			0		other	0
SEE_08_64_FR	558	Picture	500+	15859960	0	1	5166	1	0	5000	other	0
SEE_08_64_FR	559	Picture	hi_A038	15865126	0	1	30166	1	0	30000	other	0
SEE_08_64_FR	560	Picture	+	15895458	0	1	66331	1	0	next	other	0
SEE_08_64_FR	561	Sound	hi314b	15895459	0	1			0		other	0
SEE_08_64_FR	562	Picture	500+	15961790	0	1	5166	1	0	5000	other	0
SEE_08_64_FR	563	Picture	low_A114	15967123	0	1	30166	1	0	30000	other	0
SEE_08_64_FR	564	Picture	+	15997455	0	1	20166	1	0	42150	other	0
SEE_08_64_FR	565	Picture	hi_A033	16017621	0	1	30166	1	0	30000	other	0
SEE_08_64_FR	566	Picture	+	16047953	0	1	20166	1	0	39960	other	0
SEE_08_64_FR	567	Picture	low_O256	16068119	0	1	30166	1	0	30000	other	0
SEE_08_64_FR	568	Picture	+	16098451	0	1	85497	1	0	next	other	0
SEE_08_64_FR	569	Sound	low084a	16118452	0	1			0		other	0
SEE_08_64_FR	570	Picture	500+	16183949	0	1	5166	1	0	5000	other	0
SEE_08_64_FR	571	Picture	hi_O007	16189115	0	1	30166	1	0	30000	other	0
SEE_08_64_FR	572	Picture	+	16219447	0	1	64164	1	0	next	other	0
SEE_08_64_FR	573	Sound	low084b	16219448	0	1			0		other	0
SEE_08_64_FR	574	Picture	500+	16283612	0	1	5167	1	0	5000	other	0
SEE_08_64_FR	575	Picture	low_A219	16288945	0	1	30166	1	0	30000	other	0
SEE_08_64_FR	576	Picture	+	16319277	0	1	20166	1	0	44460	other	0
SEE_08_64_FR	577	Picture	hi_F032	16339443	0	1	30166	1	0	30000	other	0
SEE_08_64_FR	578	Picture	+	16369776	0	1	20166	1	0	44610	other	0
SEE_08_64_FR	579	Picture	low_L111	16389942	0	1	30166	1	0	30000	other	0
SEE_08_64_FR	580	Picture	+	16420274	0	1	84331	1	0	next	other	0
SEE_08_64_FR	581	Sound	low274a	16440275	0	1			0		other	0
SEE_08_64_FR	582	Picture	500+	16504604	0	1	5166	1	0	5000	other	0
SEE_08_64_FR	583	Picture	low_P046	16509771	0	1	30166	1	0	30000	other	0
SEE_08_64_FR	584	Picture	+	16540103	0	1	64998	1	0	next	other	0
SEE_08_64_FR	585	Sound	low274b	16540104	0	1			0		other	0
SEE_08_64_FR	586	Picture	500+	16605101	0	1	5166	1	0	5000	other	0
SEE_08_64_FR	587	Picture	hi_A068	16610267	0	1	30166	1	0	30000	other	0
SEE_08_64_FR	588	Picture	+	16640600	0	1	20166	1	0	41760	other	0
SEE_08_64_FR	589	Picture	low_L075	16660766	0	1	30166	1	0	30000	other	0
SEE_08_64_FR	590	Picture	+	16691098	0	1	20166	1	0	34540	other	0
SEE_08_64_FR	591	Picture	hi_F290	16711264	0	1	30166	1	0	30000	other	0
SEE_08_64_FR	592	Picture	+	16741596	0	1	79997	1	0	next	other	0
SEE_08_64_FR	593	Sound	low049a	16761597	0	1			0		other	0
SEE_08_64_FR	594	Picture	500+	16821594	0	1	5166	1	0	5000	other	0
SEE_08_64_FR	595	Picture	low_P105	16826927	0	1	30166	1	0	30000	other	0
SEE_08_64_FR	596	Picture	+	16857259	0	1	59665	1	0	next	other	0
SEE_08_64_FR	597	Sound	low049b	16857260	0	2			0		other	0
SEE_08_64_FR	598	Picture	500+	16916924	0	1	5166	1	0	5000	other	0
SEE_08_64_FR	599	Picture	hi_P022	16922257	0	1	30166	1	0	30000	other	0
SEE_08_64_FR	600	Picture	+	16952589	0	1	20166	1	0	33800	other	0
SEE_08_64_FR	601	Picture	hi_P021	16972755	0	1	30166	1	0	30000	other	0
SEE_08_64_FR	602	Picture	+	17003087	0	1	20166	1	0	40410	other	0
SEE_08_64_FR	603	Picture	low_L100	17023253	0	1	30166	1	0	30000	other	0
SEE_08_64_FR	604	Picture	+	17053586	0	1	77664	1	0	next	other	0
SEE_08_64_FR	605	Sound	low118a	17073587	0	1			0		other	0
SEE_08_64_FR	606	Picture	500+	17131250	0	1	5167	1	0	5000	other	0
SEE_08_64_FR	607	Picture	low_L041	17136416	0	1	30166	1	0	30000	other	0
SEE_08_64_FR	608	Picture	+	17166582	0	1	59831	1	0	next	other	0
SEE_08_64_FR	609	Sound	low118b	17166582	0	1			0		other	0
SEE_08_64_FR	610	Picture	500+	17226413	0	1	5166	1	0	5000	other	0
SEE_08_64_FR	611	Picture	hi_O125	17231580	0	1	30166	1	0	30000	other	0
SEE_08_64_FR	612	Picture	+	17261912	0	1	20166	1	0	36370	other	0
SEE_08_64_FR	613	Picture	hi_A024	17282078	0	1	30166	1	0	30000	other	0
SEE_08_64_FR	614	Picture	+	17312410	0	1	20166	1	0	32350	other	0
SEE_08_64_FR	615	Picture	low_L174	17332576	0	1	30166	1	0	30000	other	0
SEE_08_64_FR	616	Picture	+	17362909	0	1	85330	1	0	next	other	0
SEE_08_64_FR	617	Sound	low284a	17382909	0	1			0		other	0
SEE_08_64_FR	618	Picture	500+	17448239	0	1	5167	1	0	5000	other	0
SEE_08_64_FR	619	Picture	low_P115	17453405	0	1	30166	1	0	30000	other	0
SEE_08_64_FR	620	Picture	+	17483571	0	1	62498	1	0	next	other	0
SEE_08_64_FR	621	Sound	low284b	17483572	0	1			0		other	0
SEE_08_64_FR	622	Picture	500+	17546069	0	1	5167	1	0	5000	other	0
SEE_08_64_FR	623	Picture	hi_A072	17551235	0	1	30166	1	0	30000	other	0
SEE_08_64_FR	624	Picture	+	17581568	0	1	20166	1	0	34110	other	0
SEE_08_64_FR	625	Picture	low_L162	17601734	0	1	30166	1	0	30000	other	0
SEE_08_64_FR	626	Picture	+	17632066	0	1	20166	1	0	42070	other	0
SEE_08_64_FR	627	Picture	hi_A069	17652232	0	1	30166	1	0	30000	other	0
SEE_08_64_FR	628	Picture	+	17682564	0	1	75664	1	0	next	other	0
SEE_08_64_FR	629	Sound	low057a	17702565	0	1			0		other	0
SEE_08_64_FR	630	Picture	500+	17758228	0	1	5167	1	0	5000	other	0
SEE_08_64_FR	631	Picture	hi_P040	17763395	0	1	30166	1	0	30000	other	0
SEE_08_64_FR	632	Picture	+	17793561	0	1	65998	1	0	next	other	0
SEE_08_64_FR	633	Sound	low057b	17793561	0	1			0		other	0
SEE_08_64_FR	634	Picture	500+	17859558	0	1	5167	1	0	5000	other	0
SEE_08_64_FR	635	Picture	low_A184	17864725	0	1	30166	1	0	30000	other	0
SEE_08_64_FR	636	Picture	+	17895057	0	1	20166	1	0	44430	other	0
SEE_08_64_FR	637	Picture	low_L051	17915223	0	1	30166	1	0	30000	other	0
SEE_08_64_FR	638	Picture	+	17945555	0	1	20166	1	0	32610	other	0
SEE_08_64_FR	639	Picture	hi_F271	17965721	0	1	30166	1	0	30000	other	0
SEE_08_64_FR	640	Picture	+	17996054	0	1	88830	1	0	next	other	0
SEE_08_64_FR	641	Sound	hi128a	18016055	0	1			0		other	0
SEE_08_64_FR	642	Picture	500+	18084884	0	1	5167	1	0	5000	other	0
SEE_08_64_FR	643	Picture	hi_O149	18090050	0	1	30166	1	0	30000	other	0
SEE_08_64_FR	644	Picture	+	18120216	0	1	55331	1	0	next	other	0
SEE_08_64_FR	645	Sound	hi128b	18120217	0	1			0		other	0
SEE_08_64_FR	646	Picture	500+	18175548	0	1	5167	1	0	5000	other	0
SEE_08_64_FR	647	Picture	low_O326	18180714	0	1	30166	1	0	30000	other	0
SEE_08_64_FR	648	Picture	+	18211046	0	1	20166	1	0	37170	other	0
SEE_08_64_FR	649	Picture	hi_P238	18231212	0	1	30166	1	0	30000	other	0
SEE_08_64_FR	650	Picture	+	18261545	0	1	20166	1	0	30180	other	0
SEE_08_64_FR	651	Picture	low_L085	18281711	0	1	30166	1	0	30000	other	0
SEE_08_64_FR	652	Picture	+	18312043	0	1	83330	1	0	next	other	0
SEE_08_64_FR	653	Sound	low089a	18332044	0	1			0		other	0
SEE_08_64_FR	654	Picture	500+	18395373	0	1	5166	1	0	5000	other	0
SEE_08_64_FR	655	Picture	low_L055	18400540	0	1	30166	1	0	30000	other	0
SEE_08_64_FR	656	Picture	+	18430706	0	1	62331	1	0	next	other	0
SEE_08_64_FR	657	Sound	low089b	18430706	0	1			0		other	0
SEE_08_64_FR	658	Picture	500+	18493037	0	1	5167	1	0	5000	other	0
SEE_08_64_FR	659	Picture	hi_P233	18498203	0	1	30166	1	0	30000	other	0
SEE_08_64_FR	660	Picture	+	18528536	0	1	20166	1	0	41140	other	0
SEE_08_64_FR	661	Picture	hi_P144	18548702	0	1	30166	1	0	30000	other	0
SEE_08_64_FR	662	Picture	+	18579034	0	1	20166	1	0	41520	other	0
SEE_08_64_FR	663	Picture	low_A095	18599200	0	1	30166	1	0	30000	other	0
SEE_08_64_FR	664	Picture	+	18629532	0	1	78831	1	0	next	other	0
SEE_08_64_FR	665	Sound	hi103a	18649533	0	1			0		other	0
SEE_08_64_FR	666	Picture	500+	18708363	0	1	5167	1	0	5000	other	0
SEE_08_64_FR	667	Picture	hi_F270	18713529	0	1	30166	1	0	30000	other	0
SEE_08_64_FR	668	Picture	+	18743695	0	1	57998	1	0	next	other	0
SEE_08_64_FR	669	Sound	hi103b	18743696	0	1			0		other	0
SEE_08_64_FR	670	Picture	500+	18801693	0	1	5166	1	0	5000	other	0
SEE_08_64_FR	671	Picture	low_L126	18806859	0	1	30166	1	0	30000	other	0
SEE_08_64_FR	672	Picture	+	18837192	0	1	20166	1	0	43240	other	0
SEE_08_64_FR	673	Picture	low_L094	18857358	0	1	30166	1	0	30000	other	0
SEE_08_64_FR	674	Picture	+	18887690	0	1	20166	1	0	37650	other	0
SEE_08_64_FR	675	Picture	hi_P015	18907856	0	1	30166	1	0	30000	other	0
SEE_08_64_FR	676	Picture	+	18938188	0	1	76831	1	0	next	other	0
SEE_08_64_FR	677	Sound	low330a	18958190	0	1			0		other	0
SEE_08_64_FR	678	Picture	500+	19015019	0	1	5166	1	0	5000	other	0
SEE_08_64_FR	679	Picture	hi_F370	19020352	0	1	30166	1	0	30000	other	0
SEE_08_64_FR	680	Picture	+	19050685	0	1	60498	1	0	next	other	0
SEE_08_64_FR	681	Sound	low330b	19050685	0	1			0		other	0
SEE_08_64_FR	682	Picture	500+	19111182	0	1	5166	1	0	5000	other	0
SEE_08_64_FR	683	Picture	low_L123	19116516	0	1	30166	1	0	30000	other	0
SEE_08_64_FR	684	Picture	+	19146848	0	1	20166	1	0	42150	other	0
SEE_08_64_FR	685	Picture	hi_P224	19167014	0	1	30166	1	0	30000	other	0
SEE_08_64_FR	686	Picture	+	19197346	0	1	20166	1	0	32540	other	0
SEE_08_64_FR	687	Picture	low_P152	19217512	0	1	30166	1	0	30000	other	0
SEE_08_64_FR	688	Picture	+	19247845	0	1	85830	1	0	next	other	0
SEE_08_64_FR	689	Sound	low282a	19267845	0	1			0		other	0
SEE_08_64_FR	690	Picture	500+	19333675	0	1	5166	1	0	5000	other	0
SEE_08_64_FR	691	Picture	low_P104	19338841	0	1	30166	1	0	30000	other	0
SEE_08_64_FR	692	Picture	+	19369007	0	1	69831	1	0	next	other	0
SEE_08_64_FR	693	Sound	low282b	19369008	0	1			0		other	0
SEE_08_64_FR	694	Picture	500+	19438838	0	1	5167	1	0	5000	other	0
SEE_08_64_FR	695	Picture	hi_F163	19444171	0	1	30166	1	0	30000	other	0
SEE_08_64_FR	696	Picture	+	19474503	0	1	20166	1	0	40590	other	0
SEE_08_64_FR	697	Picture	low_P047	19494669	0	1	30166	1	0	30000	other	0
SEE_08_64_FR	698	Picture	+	19525002	0	1	20166	1	0	38620	other	0
SEE_08_64_FR	699	Picture	hi_P200	19545168	0	1	30166	1	0	30000	other	0
SEE_08_64_FR	700	Picture	+	19575500	0	1	83997	1	0	next	other	0
SEE_08_64_FR	701	Sound	low036a	19595501	0	1			0		other	0
SEE_08_64_FR	702	Picture	500+	19659497	0	1	5166	1	0	5000	other	0
SEE_08_64_FR	703	Picture	hi_P008	19664830	0	1	30166	1	0	30000	other	0
SEE_08_64_FR	704	Picture	+	19695163	0	1	69331	1	0	next	other	0
SEE_08_64_FR	705	Sound	low036b	19695163	0	1			0		other	0
SEE_08_64_FR	706	Picture	500+	19764494	0	1	5167	1	0	5000	other	0
SEE_08_64_FR	707	Picture	low_A139	19769660	0	1	30166	1	0	30000	other	0
SEE_08_64_FR	708	Picture	+	19799992	0	1	20166	1	0	40790	other	0
SEE_08_64_FR	709	Picture	hi_P005	19820158	0	1	30166	1	0	30000	other	0
SEE_08_64_FR	710	Picture	+	19850491	0	1	20166	1	0	35850	other	0
SEE_08_64_FR	711	Picture	low_F111	19870657	0	1	30166	1	0	30000	other	0
SEE_08_64_FR	712	Picture	+	19900989	0	1	77997	1	0	next	other	0
SEE_08_64_FR	713	Sound	low280a	19920990	0	1			0		other	0
SEE_08_64_FR	714	Picture	500+	19978986	0	1	5166	1	0	5000	other	0
SEE_08_64_FR	715	Picture	low_L151	19984319	0	1	30166	1	0	30000	other	0
SEE_08_64_FR	716	Picture	+	20014652	0	1	61665	1	0	next	other	0
SEE_08_64_FR	717	Sound	low280b	20014652	0	1			0		other	0
SEE_08_64_FR	718	Picture	500+	20076316	0	1	5166	1	0	5000	other	0
SEE_08_64_FR	719	Picture	hi_P086	20081483	0	1	30166	1	0	30000	other	0
SEE_08_64_FR	720	Picture	+	20111815	0	1	20166	1	0	30510	other	0
SEE_08_64_FR	721	Picture	low_A091	20131981	0	1	30166	1	0	30000	other	0
SEE_08_64_FR	722	Picture	+	20162313	0	1	20166	1	0	43600	other	0
SEE_08_64_FR	723	Picture	hi_O300	20182479	0	1	30166	1	0	30000	other	0
SEE_08_64_FR	724	Picture	+	20212812	0	1	79497	1	0	next	other	0
SEE_08_64_FR	725	Sound	hi252a	20232813	0	1			0		other	0
SEE_08_64_FR	726	Picture	500+	20292309	0	1	5166	1	0	5000	other	0
SEE_08_64_FR	727	Picture	hi_A221	20297475	0	1	30166	1	0	30000	other	0
SEE_08_64_FR	728	Picture	+	20327641	0	1	56498	1	0	next	other	0
SEE_08_64_FR	729	Sound	hi252b	20327642	0	1			0		other	0
SEE_08_64_FR	730	Picture	500+	20384139	0	1	5167	1	0	5000	other	0
SEE_08_64_FR	731	Picture	low_F129	20389306	0	1	30166	1	0	30000	other	0
SEE_08_64_FR	732	Picture	+	20419638	0	1	20166	1	0	35500	other	0
SEE_08_64_FR	733	Picture	hi_A018	20439804	0	1	30166	1	0	30000	other	0
SEE_08_64_FR	734	Picture	+	20470136	0	1	20166	1	0	40970	other	0
SEE_08_64_FR	735	Picture	low_A115	20490302	0	1	30166	1	0	30000	other	0
SEE_08_64_FR	736	Picture	+	20520635	0	1	75497	1	0	next	other	0
SEE_08_64_FR	737	Sound	hi010a	20540635	0	1			0		other	0
SEE_08_64_FR	738	Picture	500+	20596132	0	1	5166	1	0	5000	other	0
SEE_08_64_FR	739	Picture	hi_F172	20601298	0	1	30166	1	0	30000	other	0
SEE_08_64_FR	740	Picture	+	20631464	0	1	60665	1	0	next	other	0
SEE_08_64_FR	741	Sound	hi010b	20631465	0	1			0		other	0
SEE_08_64_FR	742	Picture	500+	20692129	0	1	5166	1	0	5000	other	0
SEE_08_64_FR	743	Picture	low_A152	20697295	0	1	30166	1	0	30000	other	0
SEE_08_64_FR	744	Picture	+	20727628	0	1	20166	1	0	31200	other	0
SEE_08_64_FR	745	Picture	hi_F019	20747794	0	1	30166	1	0	30000	other	0
SEE_08_64_FR	746	Picture	+	20778126	0	1	20166	1	0	40570	other	0
SEE_08_64_FR	747	Picture	low_A097	20798292	0	1	30166	1	0	30000	other	0
SEE_08_64_FR	748	Picture	+	20828624	0	1	84164	1	0	next	other	0
SEE_08_64_FR	749	Sound	hi014a	20848625	0	1			0		other	0
SEE_08_64_FR	750	Picture	500+	20912788	0	1	5167	1	0	5000	other	0
SEE_08_64_FR	751	Picture	hi_P147	20917954	0	1	30166	1	0	30000	other	0
SEE_08_64_FR	752	Picture	+	20948120	0	1	69164	1	0	next	other	0
SEE_08_64_FR	753	Sound	hi014b	20948121	0	1			0		other	0
SEE_08_64_FR	754	Picture	500+	21017284	0	1	5166	1	0	5000	other	0
SEE_08_64_FR	755	Picture	low_F125	21022451	0	1	30166	1	0	30000	other	0
SEE_08_64_FR	756	Picture	+	21052783	0	1	20166	1	0	34620	other	0
SEE_08_64_FR	757	Picture	low_L125	21072949	0	1	30166	1	0	30000	other	0
SEE_08_64_FR	758	Picture	+	21103281	0	1	20166	1	0	39180	other	0
SEE_08_64_FR	759	Picture	hi_A027	21123447	0	1	30166	1	0	30000	other	0
SEE_08_64_FR	760	Picture	+	21153780	0	1	76664	1	0	next	other	0
SEE_08_64_FR	761	Sound	hi169a	21173780	0	1			0		other	0
SEE_08_64_FR	762	Picture	500+	21230444	0	1	5166	1	0	5000	other	0
SEE_08_64_FR	763	Picture	hi_A020	21235610	0	1	30166	1	0	30000	other	0
SEE_08_64_FR	764	Picture	+	21265943	0	1	56331	1	0	next	other	0
SEE_08_64_FR	765	Sound	hi169b	21265943	0	1			0		other	0
SEE_08_64_FR	766	Picture	500+	21322274	0	1	5166	1	0	5000	other	0
SEE_08_64_FR	767	Picture	low_L141	21327440	0	1	30166	1	0	30000	other	0
SEE_08_64_FR	768	Picture	+	21357773	0	1	20166	1	0	43250	other	0
SEE_08_64_FR	769	Picture	hi_P198	21377939	0	1	30166	1	0	30000	other	0
SEE_08_64_FR	770	Picture	+	21408271	0	1	20166	1	0	31280	other	0
SEE_08_64_FR	771	Picture	low_P044	21428437	0	1	30166	1	0	30000	other	0
SEE_08_64_FR	772	Picture	+	21458769	0	1	77331	1	0	next	other	0
SEE_08_64_FR	773	Sound	low278a	21478770	0	1			0		other	0
SEE_08_64_FR	774	Picture	500+	21536100	0	1	5166	1	0	5000	other	0
SEE_08_64_FR	775	Picture	hi_O126	21541267	0	1	30166	1	0	30000	other	0
SEE_08_64_FR	776	Picture	+	21571432	0	1	60331	1	0	next	other	0
SEE_08_64_FR	777	Sound	low278b	21571433	0	1			0		other	0
SEE_08_64_FR	778	Picture	500+	21631763	0	1	5166	1	0	5000	other	0
SEE_08_64_FR	779	Picture	low_P149	21636930	0	1	30166	1	0	30000	other	0
SEE_08_64_FR	780	Picture	+	21667262	0	1	20166	1	0	32570	other	0
SEE_08_64_FR	781	Picture	low_P045	21687428	0	1	30166	1	0	30000	other	0
SEE_08_64_FR	782	Picture	+	21717761	0	1	20166	1	0	30540	other	0
SEE_08_64_FR	783	Picture	hi_F146	21737927	0	1	30166	1	0	30000	other	0
SEE_08_64_FR	784	Picture	+	21768259	0	1	84164	1	0	next	other	0
SEE_08_64_FR	785	Sound	low035a	21788260	0	1			0		other	0
SEE_08_64_FR	786	Picture	500+	21852423	0	1	5167	1	0	5000	other	0
SEE_08_64_FR	787	Picture	hi_P232	21857589	0	1	30166	1	0	30000	other	0
SEE_08_64_FR	788	Picture	+	21887755	0	1	60165	1	0	next	other	0
SEE_08_64_FR	789	Sound	low035b	21887755	0	1			0		other	0
SEE_08_64_FR	790	Picture	500+	21947919	0	1	5166	1	0	5000	other	0
SEE_08_64_FR	791	Picture	low_F203	21953253	0	1	30166	1	0	30000	other	0
SEE_08_64_FR	792	Picture	+	21983585	0	1	20166	1	0	34650	other	0
SEE_08_64_FR	793	Picture	low_P186	22003751	0	1	30166	1	0	30000	other	0
SEE_08_64_FR	794	Picture	+	22034083	0	1	20166	1	0	32360	other	0
SEE_08_64_FR	795	Picture	hi_P216	22054249	0	1	30166	1	0	30000	other	0
SEE_08_64_FR	796	Picture	+	22084581	0	1	85664	1	0	next	other	0
SEE_08_64_FR	797	Sound	low345a	22104582	0	1			0		other	0
SEE_08_64_FR	798	Picture	500+	22170245	0	1	5167	1	0	5000	other	0
SEE_08_64_FR	799	Picture	hi_P004	22175578	0	1	30166	1	0	30000	other	0
SEE_08_64_FR	800	Picture	+	22205911	0	1	62331	1	0	next	other	0
SEE_08_64_FR	801	Sound	low345b	22205911	0	1			0		other	0
SEE_08_64_FR	802	Picture	500+	22268242	0	1	5167	1	0	5000	other	0
SEE_08_64_FR	803	Picture	low_L119	22273408	0	1	30166	1	0	30000	other	0
SEE_08_64_FR	804	Picture	+	22303741	0	1	20166	1	0	33140	other	0
SEE_08_64_FR	805	Picture	hi_P071	22323907	0	1	30166	1	0	30000	other	0
SEE_08_64_FR	806	Picture	+	22354239	0	1	20166	1	0	32600	other	0
SEE_08_64_FR	807	Picture	low_P103	22374405	0	1	30166	1	0	30000	other	0
SEE_08_64_FR	808	Picture	+	22404737	0	1	81164	1	0	next	other	0
SEE_08_64_FR	809	Sound	low272a	22424738	0	1			0		other	0
SEE_08_64_FR	810	Picture	500+	22485901	0	1	5166	1	0	5000	other	0
SEE_08_64_FR	811	Picture	hi_O154	22491234	0	1	30166	1	0	30000	other	0
SEE_08_64_FR	812	Picture	+	22521400	0	1	67664	1	0	next	other	0
SEE_08_64_FR	813	Sound	low272b	22521401	0	1			0		other	0
SEE_08_64_FR	814	Picture	500+	22589064	0	1	5166	1	0	5000	other	0
SEE_08_64_FR	815	Picture	low_L167	22594231	0	1	30166	1	0	30000	other	0
SEE_08_64_FR	816	Picture	+	22624563	0	1	20166	1	0	39900	other	0
SEE_08_64_FR	817	Picture	hi_P018	22644729	0	1	30166	1	0	30000	other	0
SEE_08_64_FR	818	Picture	+	22675061	0	1	20166	1	0	35400	other	0
SEE_08_64_FR	819	Picture	low_F224	22695227	0	1	30166	1	0	30000	other	0
SEE_08_64_FR	820	Picture	+	22725560	0	1	88164	1	0	next	other	0
SEE_08_64_FR	821	Sound	hi013a	22745560	0	1			0		other	0
SEE_08_64_FR	822	Picture	500+	22813723	0	1	5166	1	0	5000	other	0
SEE_08_64_FR	823	Picture	low_L161	22818890	0	1	30166	1	0	30000	other	0
SEE_08_64_FR	824	Picture	+	22849222	0	1	68164	1	0	next	other	0
SEE_08_64_FR	825	Sound	hi013b	22849223	0	1			0		other	0
SEE_08_64_FR	826	Picture	500+	22917386	0	1	5166	1	0	5000	other	0
SEE_08_64_FR	827	Picture	hi_F295	22922553	0	1	30166	1	0	30000	other	0
SEE_08_64_FR	828	Picture	+	22952885	0	1	20166	1	0	33060	other	0
SEE_08_64_FR	829	Picture	low_L147	22973051	0	1	30166	1	0	30000	other	0
SEE_08_64_FR	830	Picture	+	23003384	0	1	20166	1	0	38550	other	0
SEE_08_64_FR	831	Picture	hi_O139	23023550	0	1	30166	1	0	30000	other	0
SEE_08_64_FR	832	Picture	+	23053882	0	1	82831	1	0	next	other	0
SEE_08_64_FR	833	Sound	low038a	23073883	0	1			0		other	0
SEE_08_64_FR	834	Picture	500+	23136712	0	1	5167	1	0	5000	other	0
SEE_08_64_FR	835	Picture	hi_P123	23142046	0	1	30166	1	0	30000	other	0
SEE_08_64_FR	836	Picture	+	23172211	0	1	59998	1	0	next	other	0
SEE_08_64_FR	837	Sound	low038b	23172212	0	1			0		other	0
SEE_08_64_FR	838	Picture	500+	23232209	0	1	5167	1	0	5000	other	0
SEE_08_64_FR	839	Picture	low_O219	23237542	0	1	30166	1	0	30000	other	0
SEE_08_64_FR	840	Picture	+	23267875	0	1	20166	1	0	35350	other	0
SEE_08_64_FR	841	Picture	low_A123	23288041	0	1	30166	1	0	30000	other	0
SEE_08_64_FR	842	Picture	+	23318373	0	1	20166	1	0	31860	other	0
SEE_08_64_FR	843	Picture	hi_A012	23338539	0	1	30166	1	0	30000	other	0
SEE_08_64_FR	844	Picture	+	23368871	0	1	81831	1	0	next	other	0
SEE_08_64_FR	845	Sound	hi310a	23388872	0	1			0		other	0
SEE_08_64_FR	846	Picture	500+	23450702	0	1	5167	1	0	5000	other	0
SEE_08_64_FR	847	Picture	low_F138	23455868	0	1	30166	1	0	30000	other	0
SEE_08_64_FR	848	Picture	+	23486200	0	1	62998	1	0	next	other	0
SEE_08_64_FR	849	Sound	hi310b	23486201	0	1			0		other	0
SEE_08_64_FR	850	Picture	500+	23549198	0	1	5166	1	0	5000	other	0
SEE_08_64_FR	851	Picture	hi_F013	23554365	0	1	30166	1	0	30000	other	0
SEE_08_64_FR	852	Picture	+	23584697	0	1	20166	1	0	33290	other	0
SEE_08_64_FR	853	Picture	low_F042	23604863	0	1	30166	1	0	30000	other	0
SEE_08_64_FR	854	Picture	+	23635195	0	1	20166	1	0	40460	other	0
SEE_08_64_FR	855	Picture	hi_A059	23655361	0	1	30166	1	0	30000	other	0
SEE_08_64_FR	856	Picture	+	23685694	0	1	82331	1	0	next	other	0
SEE_08_64_FR	857	Sound	hi007a	23705695	0	1			0		other	0
SEE_08_64_FR	858	Picture	500+	23768024	0	1	5166	1	0	5000	other	0
SEE_08_64_FR	859	Picture	low_F345	23773191	0	1	30166	1	0	30000	other	0
SEE_08_64_FR	860	Picture	+	23803356	0	1	68998	1	0	next	other	0
SEE_08_64_FR	861	Sound	hi007b	23803357	0	1			0		other	0
SEE_08_64_FR	862	Picture	500+	23872354	0	1	5166	1	0	5000	other	0
SEE_08_64_FR	863	Picture	hi_A037	23877521	0	1	30166	1	0	30000	other	0
SEE_08_64_FR	864	Picture	+	23907853	0	1	20166	1	0	35850	other	0
SEE_08_64_FR	865	Picture	low_L128	23928019	0	1	30166	1	0	30000	other	0
SEE_08_64_FR	866	Picture	+	23958351	0	1	20166	1	0	31910	other	0
SEE_08_64_FR	867	Picture	hi_O002	23978517	0	1	30166	1	0	30000	other	0
SEE_08_64_FR	868	Picture	+	24008849	0	1	82164	1	0	next	other	0
SEE_08_64_FR	869	Sound	low283a	24028850	0	1			0		other	0
SEE_08_64_FR	870	Picture	500+	24091013	0	1	5167	1	0	5000	other	0
SEE_08_64_FR	871	Picture	hi_F284	24096346	0	1	30166	1	0	30000	other	0
SEE_08_64_FR	872	Picture	+	24126512	0	1	63164	1	0	next	other	0
SEE_08_64_FR	873	Sound	low283b	24126513	0	1			0		other	0
SEE_08_64_FR	874	Picture	500+	24189676	0	1	5167	1	0	5000	other	0
SEE_08_64_FR	875	Picture	low_L149	24194843	0	1	30166	1	0	30000	other	0
SEE_08_64_FR	876	Picture	+	24225175	0	1	20166	1	0	41290	other	0
SEE_08_64_FR	877	Picture	low_A119	24245341	0	1	30166	1	0	30000	other	0
SEE_08_64_FR	878	Picture	+	24275674	0	1	20166	1	0	39680	other	0
SEE_08_64_FR	879	Picture	hi_A062	24295840	0	1	30166	1	0	30000	other	0
SEE_08_64_FR	880	Picture	+	24326172	0	1	80497	1	0	next	other	0
SEE_08_64_FR	881	Sound	low276a	24346173	0	1			0		other	0
SEE_08_64_FR	882	Picture	500+	24406669	0	1	5166	1	0	5000	other	0
SEE_08_64_FR	883	Picture	low_F047	24411836	0	1	30166	1	0	30000	other	0
SEE_08_64_FR	884	Picture	+	24442001	0	1	55831	1	0	next	other	0
SEE_08_64_FR	885	Sound	low276b	24442002	0	1			0		other	0
SEE_08_64_FR	886	Picture	500+	24497833	0	1	5167	1	0	5000	other	0
SEE_08_64_FR	887	Picture	hi_P017	24503166	0	1	30166	1	0	30000	other	0
SEE_08_64_FR	888	Picture	+	24533498	0	1	20166	1	0	34460	other	0
SEE_08_64_FR	889	Picture	low_L117	24553664	0	1	30166	1	0	30000	other	0
SEE_08_64_FR	890	Picture	+	24583997	0	1	20166	1	0	32320	other	0
SEE_08_64_FR	891	Picture	hi_A077	24604162	0	1	30166	1	0	30000	other	0
SEE_08_64_FR	892	Picture	+	24634495	0	1	83830	1	0	next	other	0
SEE_08_64_FR	893	Sound	hi206a	24654496	0	1			0		other	0
SEE_08_64_FR	894	Picture	500+	24718325	0	1	5166	1	0	5000	other	0
SEE_08_64_FR	895	Picture	low_A159	24723492	0	1	30166	1	0	30000	other	0
SEE_08_64_FR	896	Picture	+	24753657	0	1	63665	1	0	next	other	0
SEE_08_64_FR	897	Sound	hi206b	24753658	0	1			0		other	0
SEE_08_64_FR	898	Picture	500+	24817322	0	1	5167	1	0	5000	other	0
SEE_08_64_FR	899	Picture	hi_F041	24822488	0	1	30166	1	0	30000	other	0
SEE_08_64_FR	900	Picture	+	24852821	0	1	20166	1	0	34470	other	0
SEE_08_64_FR	901	Picture	low_P153	24872987	0	1	30166	1	0	30000	other	0
SEE_08_64_FR	902	Picture	+	24903319	0	1	20166	1	0	30820	other	0
SEE_08_64_FR	903	Picture	hi_L002	24923485	0	1	30166	1	0	30000	other	0
SEE_08_64_FR	904	Picture	+	24953817	0	1	80497	1	0	next	other	0
SEE_08_64_FR	905	Sound	low030a	24973818	0	1			0		other	0
SEE_08_64_FR	906	Picture	500+	25034315	0	1	5166	1	0	5000	other	0
SEE_08_64_FR	907	Picture	low_A157	25039648	0	1	30166	1	0	30000	other	0
SEE_08_64_FR	908	Picture	+	25069813	0	1	59165	1	0	next	other	0
SEE_08_64_FR	909	Sound	low030b	25069814	0	1			0		other	0
SEE_08_64_FR	910	Picture	500+	25128978	0	1	5166	1	0	5000	other	0
SEE_08_64_FR	911	Picture	hi_A143	25134144	0	1	30166	1	0	30000	other	0
SEE_08_64_FR	912	Picture	+	25164477	0	1	20166	1	0	41590	other	0
SEE_08_64_FR	913	Picture	hi_P128	25184643	0	1	30166	1	0	30000	other	0
SEE_08_64_FR	914	Picture	+	25214975	0	1	20166	1	0	35240	other	0
SEE_08_64_FR	915	Picture	low_A161	25235141	0	1	30166	1	0	30000	other	0
SEE_08_64_FR	916	Picture	+	25265473	0	1	87497	1	0	next	other	0
SEE_08_64_FR	917	Sound	hi214a	25285474	0	1			0		other	0
SEE_08_64_FR	918	Picture	500+	25352970	0	1	5166	1	0	5000	other	0
SEE_08_64_FR	919	Picture	low_A192	25358137	0	1	30166	1	0	30000	other	0
SEE_08_64_FR	920	Picture	+	25388303	0	1	60165	1	0	next	other	0
SEE_08_64_FR	921	Sound	hi214b	25388304	0	2			0		other	0
SEE_08_64_FR	922	Picture	500+	25448467	0	1	5166	1	0	5000	other	0
SEE_08_64_FR	923	Picture	hi_P227	25453634	0	1	30166	1	0	30000	other	0
SEE_08_64_FR	924	Picture	+	25483966	0	1	20166	1	0	44390	other	0
SEE_08_64_FR	925	Picture	hi_F273	25504132	0	1	30166	1	0	30000	other	0
SEE_08_64_FR	926	Picture	+	25534464	0	1	20166	1	0	37680	other	0
SEE_08_64_FR	927	Picture	low_L089	25554630	0	1	30166	1	0	30000	other	0
SEE_08_64_FR	928	Picture	+	25584963	0	1	84997	1	0	next	other	0
SEE_08_64_FR	929	Sound	low037a	25604963	0	1			0		other	0
SEE_08_64_FR	930	Picture	500+	25669960	0	1	5167	1	0	5000	other	0
SEE_08_64_FR	931	Picture	hi_F277	25675126	0	1	30166	1	0	30000	other	0
SEE_08_64_FR	932	Picture	+	25705292	0	1	66498	1	0	next	other	0
SEE_08_64_FR	933	Sound	low037b	25705292	0	1			0		other	0
SEE_08_64_FR	934	Picture	500+	25771790	0	1	5167	1	0	5000	other	0
SEE_08_64_FR	935	Picture	low_F214	25776956	0	1	30166	1	0	30000	other	0
SEE_08_64_FR	936	Picture	+	25807288	0	1	20166	1	0	32070	other	0
SEE_08_64_FR	937	Picture	low_L054	25827454	0	1	30166	1	0	30000	other	0
SEE_08_64_FR	938	Picture	+	25857787	0	1	20166	1	0	42910	other	0
SEE_08_64_FR	939	Picture	hi_P220	25877953	0	1	30166	1	0	30000	other	0
SEE_08_64_FR	940	Picture	+	25908285	0	1	75164	1	0	next	other	0
SEE_08_64_FR	941	Sound	low350a	25928286	0	1			0		other	0
SEE_08_64_FR	942	Picture	500+	25983449	0	1	5167	1	0	5000	other	0
SEE_08_64_FR	943	Picture	hi_A074	25988616	0	1	30166	1	0	30000	other	0
SEE_08_64_FR	944	Picture	+	26018781	0	1	58331	1	0	next	other	0
SEE_08_64_FR	945	Sound	low350b	26018782	0	1			0		other	0
SEE_08_64_FR	946	Picture	500+	26077112	0	1	5167	1	0	5000	other	0
SEE_08_64_FR	947	Picture	low_L130	26082279	0	1	30166	1	0	30000	other	0
SEE_08_64_FR	948	Picture	+	26112611	0	1	20166	1	0	36930	other	0
SEE_08_64_FR	949	Picture	low_L090	26132777	0	1	30166	1	0	30000	other	0
SEE_08_64_FR	950	Picture	+	26163110	0	1	20166	1	0	39850	other	0
SEE_08_64_FR	951	Picture	hi_A013	26183276	0	1	30166	1	0	30000	other	0
SEE_08_64_FR	952	Picture	+	26213608	0	1	80331	1	0	next	other	0
SEE_08_64_FR	953	Sound	low044a	26233609	0	1			0		other	0
SEE_08_64_FR	954	Picture	500+	26293938	0	1	5166	1	0	5000	other	0
SEE_08_64_FR	955	Picture	low_A090	26299105	0	1	30166	1	0	30000	other	0
SEE_08_64_FR	956	Picture	+	26329271	0	1	64331	1	0	next	other	0
SEE_08_64_FR	957	Sound	low044b	26329271	0	1			0		other	0
SEE_08_64_FR	958	Picture	500+	26393602	0	1	5166	1	0	5000	other	0
SEE_08_64_FR	959	Picture	hi_L139	26398768	0	1	30166	1	0	30000	other	0
SEE_08_64_FR	960	Picture	+	26429100	0	1	20166	1	0	44390	other	0
SEE_08_64_FR	961	Picture	low_F099	26449267	0	1	30166	1	0	30000	other	0
SEE_08_64_FR	962	Picture	+	26479599	0	1	20166	1	0	42190	other	0
SEE_08_64_FR	963	Picture	hi_A056	26499765	0	1	30166	1	0	30000	other	0
SEE_08_64_FR	964	Picture	+	26530097	0	1	82497	1	0	next	other	0
SEE_08_64_FR	965	Sound	hi097a	26550098	0	1			0		other	0
SEE_08_64_FR	966	Picture	500+	26612594	0	1	5167	1	0	5000	other	0
SEE_08_64_FR	967	Picture	low_F045	26617927	0	1	30166	1	0	30000	other	0
SEE_08_64_FR	968	Picture	+	26648260	0	1	67664	1	0	next	other	0
SEE_08_64_FR	969	Sound	hi097b	26648260	0	1			0		other	0
SEE_08_64_FR	970	Picture	500+	26715924	0	1	5167	1	0	5000	other	0
SEE_08_64_FR	971	Picture	hi_O001	26721091	0	1	30166	1	0	30000	other	0
SEE_08_64_FR	972	Picture	+	26751423	0	1	20166	1	0	43200	other	0
SEE_08_64_FR	973	Picture	low_L083	26771589	0	1	30166	1	0	30000	other	0
SEE_08_64_FR	974	Picture	+	26801921	0	1	20166	1	0	43910	other	0
SEE_08_64_FR	975	Picture	hi_P140	26822087	0	1	30166	1	0	30000	other	0
SEE_08_64_FR	976	Picture	+	26852419	0	1	78331	1	0	next	other	0
SEE_08_64_FR	977	Sound	hi249a	26872420	0	1			0		other	0
SEE_08_64_FR	978	Picture	500+	26930750	0	1	5167	1	0	5000	other	0
SEE_08_64_FR	979	Picture	hi_P058	26935917	0	1	30166	1	0	30000	other	0
SEE_08_64_FR	980	Picture	+	26966082	0	1	59998	1	0	next	other	0
SEE_08_64_FR	981	Sound	hi249b	26966083	0	1			0		other	0
SEE_08_64_FR	982	Picture	500+	27026080	0	1	5166	1	0	5000	other	0
SEE_08_64_FR	983	Picture	low_A104	27031413	0	1	30166	1	0	30000	other	0
SEE_08_64_FR	984	Picture	+	27061746	0	1	20166	1	0	43280	other	0
SEE_08_64_FR	985	Picture	low_L152	27081912	0	1	30166	1	0	30000	other	0
SEE_08_64_FR	986	Picture	+	27112244	0	1	20166	1	0	34990	other	0
SEE_08_64_FR	987	Picture	hi_F298	27132410	0	1	30166	1	0	30000	other	0
SEE_08_64_FR	988	Picture	+	27162742	0	1	77331	1	0	next	other	0
SEE_08_64_FR	989	Sound	hi127a	27182743	0	1			0		other	0
SEE_08_64_FR	990	Picture	500+	27240073	0	1	5167	1	0	5000	other	0
SEE_08_64_FR	991	Picture	low_A160	27245239	0	1	30166	1	0	30000	other	0
SEE_08_64_FR	992	Picture	+	27275405	0	1	61331	1	0	next	other	0
SEE_08_64_FR	993	Sound	hi127b	27275406	0	1			0		other	0
SEE_08_64_FR	994	Picture	500+	27336736	0	1	5167	1	0	5000	other	0
SEE_08_64_FR	995	Picture	hi_P240	27341903	0	1	30166	1	0	30000	other	0
SEE_08_64_FR	996	Picture	+	27372235	0	1	20166	1	0	34190	other	0
SEE_08_64_FR	997	Picture	hi_L007	27392401	0	1	30166	1	0	30000	other	0
SEE_08_64_FR	998	Picture	+	27422733	0	1	20166	1	0	31490	other	0
SEE_08_64_FR	999	Picture	low_F089	27442899	0	1	30166	1	0	30000	other	0
SEE_08_64_FR	1000	Picture	+	27473232	0	1	81497	1	0	next	other	0
SEE_08_64_FR	1001	Sound	low048a	27493233	0	1			0		other	0
SEE_08_64_FR	1002	Picture	500+	27554729	0	1	5166	1	0	5000	other	0
SEE_08_64_FR	1003	Picture	hi_P208	27559895	0	1	30166	1	0	30000	other	0
SEE_08_64_FR	1004	Picture	+	27590228	0	1	59998	1	0	next	other	0
SEE_08_64_FR	1005	Sound	low048b	27590228	0	1			0		other	0
SEE_08_64_FR	1006	Picture	500+	27650226	0	1	5166	1	0	5000	other	0
SEE_08_64_FR	1007	Picture	low_O220	27655392	0	1	30166	1	0	30000	other	0
SEE_08_64_FR	1008	Picture	+	27685724	0	1	20166	1	0	38720	other	0
SEE_08_64_FR	1009	Picture	hi_F368	27705890	0	1	30166	1	0	30000	other	0
SEE_08_64_FR	1010	Picture	+	27736223	0	1	20166	1	0	38440	other	0
SEE_08_64_FR	1011	Picture	low_L163	27756389	0	1	30166	1	0	30000	other	0
SEE_08_64_FR	1012	Picture	+	27786721	0	1	76831	1	0	next	other	0
SEE_08_64_FR	1013	Sound	hi162a	27806722	0	1			0		other	0
SEE_08_64_FR	1014	Picture	500+	27863552	0	1	5167	1	0	5000	other	0
SEE_08_64_FR	1015	Picture	low_L166	27868718	0	1	30166	1	0	30000	other	0
SEE_08_64_FR	1016	Picture	+	27898884	0	1	55831	1	0	next	other	0
SEE_08_64_FR	1017	Sound	hi162b	27898885	0	1			0		other	0
SEE_08_64_FR	1018	Picture	500+	27954715	0	1	5167	1	0	5000	other	0
SEE_08_64_FR	1019	Picture	hi_F038	27960049	0	1	30166	1	0	30000	other	0
SEE_08_64_FR	1020	Picture	+	27990381	0	1	20166	1	0	38240	other	0
SEE_08_64_FR	1021	Picture	low_P110	28010547	0	1	30166	1	0	30000	other	0
SEE_08_64_FR	1022	Picture	+	28040879	0	1	20166	1	0	34410	other	0
SEE_08_64_FR	1023	Picture	hi_P234	28061045	0	1	30166	1	0	30000	other	0
SEE_08_64_FR	1024	Picture	+	28091377	0	1	78997	1	0	next	other	0
SEE_08_64_FR	1025	Sound	hi123a	28111378	0	1			0		other	0
SEE_08_64_FR	1026	Picture	500+	28170375	0	1	5167	1	0	5000	other	0
SEE_08_64_FR	1027	Picture	low_L127	28175541	0	1	30166	1	0	30000	other	0
SEE_08_64_FR	1028	Picture	+	28205707	0	1	64831	1	0	next	other	0
SEE_08_64_FR	1029	Sound	hi123b	28205708	0	1			0		other	0
SEE_08_64_FR	1030	Picture	500+	28270538	0	1	5167	1	0	5000	other	0
SEE_08_64_FR	1031	Picture	hi_P033	28275704	0	1	30166	1	0	30000	other	0
SEE_08_64_FR	1032	Picture	+	28306037	0	1	20166	1	0	38920	other	0
SEE_08_64_FR	1033	Picture	hi_A085	28326203	0	1	30166	1	0	30000	other	0
SEE_08_64_FR	1034	Picture	+	28356535	0	1	20166	1	0	33310	other	0
SEE_08_64_FR	1035	Picture	low_F115	28376701	0	1	30166	1	0	30000	other	0
SEE_08_64_FR	1036	Picture	+	28407033	0	1	82497	1	0	next	other	0
SEE_08_64_FR	1037	Sound	low079a	28427034	0	1			0		other	0
SEE_08_64_FR	1038	Picture	500+	28489531	0	1	5167	1	0	5000	other	0
SEE_08_64_FR	1039	Picture	low_F358	28494697	0	1	30166	1	0	30000	other	0
SEE_08_64_FR	1040	Picture	+	28525029	0	1	62331	1	0	next	other	0
SEE_08_64_FR	1041	Sound	low079b	28525030	0	1			0		other	0
SEE_08_64_FR	1042	Picture	500+	28587361	0	1	5166	1	0	5000	other	0
SEE_08_64_FR	1043	Picture	hi_P029	28592527	0	1	30166	1	0	30000	other	0
SEE_08_64_FR	1044	Picture	+	28622859	0	1	20166	1	0	35780	other	0
SEE_08_64_FR	1045	Picture	hi_A011	28643025	0	1	30166	1	0	30000	other	0
SEE_08_64_FR	1046	Picture	+	28673358	0	1	20166	1	0	41030	other	0
SEE_08_64_FR	1047	Picture	low_A126	28693524	0	1	30166	1	0	30000	other	0
SEE_08_64_FR	1048	Picture	+	28723856	0	1	75664	1	0	next	other	0
SEE_08_64_FR	1049	Sound	low053a	28743857	0	1			0		other	0
SEE_08_64_FR	1050	Picture	500+	28799520	0	1	5167	1	0	5000	other	0
SEE_08_64_FR	1051	Picture	low_L131	28804687	0	1	30166	1	0	30000	other	0
SEE_08_64_FR	1052	Picture	+	28834852	0	1	65998	1	0	next	other	0
SEE_08_64_FR	1053	Sound	low053b	28834853	0	1			0		other	0
SEE_08_64_FR	1054	Picture	500+	28900850	0	1	5166	1	0	5000	other	0
SEE_08_64_FR	1055	Picture	hi_P235	28906183	0	1	30166	1	0	30000	other	0
SEE_08_64_FR	1056	Picture	+	28936515	0	1	20166	1	0	40700	other	0
SEE_08_64_FR	1057	Picture	low_L038	28956681	0	1	30166	1	0	30000	other	0
SEE_08_64_FR	1058	Picture	+	28987014	0	1	20166	1	0	43860	other	0
SEE_08_64_FR	1059	Picture	hi_F274	29007180	0	1	30166	1	0	30000	other	0
SEE_08_64_FR	1060	Picture	+	29037512	0	1	82997	1	0	next	other	0
SEE_08_64_FR	1061	Sound	low031a	29057513	0	1			0		other	0
SEE_08_64_FR	1062	Picture	500+	29120509	0	1	5166	1	0	5000	other	0
SEE_08_64_FR	1063	Picture	hi_P175	29125676	0	1	30166	1	0	30000	other	0
SEE_08_64_FR	1064	Picture	+	29155841	0	1	57165	1	0	next	other	0
SEE_08_64_FR	1065	Sound	low031b	29155842	0	1			0		other	0
SEE_08_64_FR	1066	Picture	500+	29213006	0	1	5166	1	0	5000	other	0
SEE_08_64_FR	1067	Picture	low_L172	29218172	0	1	30166	1	0	30000	other	0
SEE_08_64_FR	1068	Picture	+	29248505	0	1	20166	1	0	30070	other	0
SEE_08_64_FR	1069	Picture	low_L113	29268671	0	1	30166	1	0	30000	other	0
SEE_08_64_FR	1070	Picture	+	29299003	0	1	20166	1	0	40240	other	0
SEE_08_64_FR	1071	Picture	hi_A032	29319169	0	1	30166	1	0	30000	other	0
SEE_08_64_FR	1072	Picture	+	29349501	0	1	80331	1	0	next	other	0
SEE_08_64_FR	1073	Sound	low281a	29369502	0	2			0		other	0
SEE_08_64_FR	1074	Picture	500+	29429832	0	1	5167	1	0	5000	other	0
SEE_08_64_FR	1075	Picture	hi_O003	29434998	0	1	30166	1	0	30000	other	0
SEE_08_64_FR	1076	Picture	+	29465331	0	1	66331	1	0	next	other	0
SEE_08_64_FR	1077	Sound	low281b	29465331	0	1			0		other	0
SEE_08_64_FR	1078	Picture	500+	29531662	0	1	5166	1	0	5000	other	0
SEE_08_64_FR	1079	Picture	low_A128	29536828	0	1	30166	1	0	30000	other	0
SEE_08_64_FR	1080	Picture	+	29567161	0	1	20166	1	0	37690	other	0
SEE_08_64_FR	1081	Picture	hi_A054	29587327	0	1	30166	1	0	30000	other	0
SEE_08_64_FR	1082	Picture	+	29617659	0	1	20166	1	0	33060	other	0
SEE_08_64_FR	1083	Picture	low_P195	29637825	0	1	30166	1	0	30000	other	0
SEE_08_64_FR	1084	Picture	+	29668157	0	1	79831	1	0	next	other	0
SEE_08_64_FR	1085	Sound	hi018a	29688158	0	1			0		other	0
SEE_08_64_FR	1086	Picture	500+	29747988	0	1	5166	1	0	5000	other	0
SEE_08_64_FR	1087	Picture	hi_P003	29753154	0	1	30166	1	0	30000	other	0
SEE_08_64_FR	1088	Picture	+	29783320	0	1	58831	1	0	next	other	0
SEE_08_64_FR	1089	Sound	hi018b	29783321	0	1			0		other	0
SEE_08_64_FR	1090	Picture	500+	29842151	0	1	5167	1	0	5000	other	0
SEE_08_64_FR	1091	Picture	low_A217	29847318	0	1	30166	1	0	30000	other	0
SEE_08_64_FR	1092	Picture	+	29877650	0	1	20166	1	0	41930	other	0
SEE_08_64_FR	1093	Picture	hi_F164	29897816	0	1	30166	1	0	30000	other	0
SEE_08_64_FR	1094	Picture	+	29928148	0	1	20166	1	0	40450	other	0
SEE_08_64_FR	1095	Picture	low_L165	29948314	0	1	30166	1	0	30000	other	0
SEE_08_64_FR	1096	Picture	+	29978647	0	1	78164	1	0	next	other	0
SEE_08_64_FR	1097	Sound	hi172a	29998647	0	1			0		other	0
SEE_08_64_FR	1098	Picture	500+	30056811	0	1	5167	1	0	5000	other	0
SEE_08_64_FR	1099	Picture	low_A167	30062144	0	1	30166	1	0	30000	other	0
SEE_08_64_FR	1100	Picture	+	30092309	0	1	65998	1	0	next	other	0
SEE_08_64_FR	1101	Sound	hi172b	30092310	0	1			0		other	0
SEE_08_64_FR	1102	Picture	500+	30158307	0	1	5166	1	0	5000	other	0
SEE_08_64_FR	1103	Picture	hi_A073	30163474	0	1	30166	1	0	30000	other	0
SEE_08_64_FR	1104	Picture	+	30193806	0	1	20166	1	0	32980	other	0
SEE_08_64_FR	1105	Picture	low_L018	30213972	0	1	30166	1	0	30000	other	0
SEE_08_64_FR	1106	Picture	+	30244304	0	1	20166	1	0	37010	other	0
SEE_08_64_FR	1107	Picture	hi_A016	30264470	0	1	30166	1	0	30000	other	0
SEE_08_64_FR	1108	Picture	+	30294803	0	1	83830	1	0	next	other	0
SEE_08_64_FR	1109	Sound	hi004a	30314803	0	1			0		other	0
SEE_08_64_FR	1110	Picture	500+	30378633	0	1	5167	1	0	5000	other	0
SEE_08_64_FR	1111	Picture	hi_P016	30383800	0	1	30166	1	0	30000	other	0
SEE_08_64_FR	1112	Picture	+	30413965	0	1	66664	1	0	next	other	0
SEE_08_64_FR	1113	Sound	hi004b	30413966	0	1			0		other	0
SEE_08_64_FR	1114	Picture	500+	30480630	0	1	5167	1	0	5000	other	0
SEE_08_64_FR	1115	Picture	low_L142	30485963	0	1	30166	1	0	30000	other	0
SEE_08_64_FR	1116	Picture	+	30516295	0	1	20166	1	0	30880	other	0
SEE_08_64_FR	1117	Picture	hi_P038	30536461	0	1	30166	1	0	30000	other	0
SEE_08_64_FR	1118	Picture	+	30566793	0	1	20166	1	0	37270	other	0
SEE_08_64_FR	1119	Picture	low_L173	30586959	0	1	30166	1	0	30000	other	0
SEE_08_64_FR	1120	Picture	+	30617292	0	1	76164	1	0	next	other	0
SEE_08_64_FR	1121	Sound	hi001a	30637293	0	1			0		other	0
SEE_08_64_FR	1122	Picture	500+	30693456	0	1	5167	1	0	5000	other	0
SEE_08_64_FR	1123	Picture	hi_P009	30698789	0	1	30166	1	0	30000	other	0
SEE_08_64_FR	1124	Picture	+	30728954	0	1	64331	1	0	next	other	0
SEE_08_64_FR	1125	Sound	hi001b	30728955	0	1			0		other	0
SEE_08_64_FR	1126	Picture	500+	30793286	0	1	5167	1	0	5000	other	0
SEE_08_64_FR	1127	Picture	low_L158	30798452	0	1	30166	1	0	30000	other	0
SEE_08_64_FR	1128	Picture	+	30828784	0	1	20166	1	0	34570	other	0
SEE_08_64_FR	1129	Picture	low_O190	30848950	0	1	30166	1	0	30000	other	0
SEE_08_64_FR	1130	Picture	+	30879283	0	1	20166	1	0	39550	other	0
SEE_08_64_FR	1131	Picture	hi_L022	30899449	0	1	30166	1	0	30000	other	0
SEE_08_64_FR	1132	Picture	+	30929781	0	1	88330	1	0	next	other	0
SEE_08_64_FR	1133	Sound	hi326a	30949782	0	1			0		other	0
SEE_08_64_FR	1134	Picture	500+	31018111	0	1	5167	1	0	5000	other	0
SEE_08_64_FR	1135	Picture	hi_F293	31023278	0	1	30166	1	0	30000	other	0
SEE_08_64_FR	1136	Picture	+	31053443	0	1	57831	2	0	next	other	0
SEE_08_64_FR	1137	Sound	hi326b	31053444	0	1			0		other	0
SEE_08_64_FR	1138	Picture	500+	31111274	0	1	5167	2	0	5000	other	0
SEE_08_64_FR	1139	Picture	low_L046	31116608	0	1	30166	1	0	30000	other	0
SEE_08_64_FR	1140	Picture	+	31146940	0	1	20166	1	0	44240	other	0
SEE_08_64_FR	1141	Picture	low_L184	31167106	0	1	30166	1	0	30000	other	0
SEE_08_64_FR	1142	Picture	+	31197439	0	1	20166	1	0	37880	other	0
SEE_08_64_FR	1143	Picture	hi_P229	31217605	0	1	30166	1	0	30000	other	0
SEE_08_64_FR	1144	Picture	+	31247937	0	1	75664	1	0	next	other	0
SEE_08_64_FR	1145	Sound	hi110a	31267938	0	1			0		other	0
SEE_08_64_FR	1146	Picture	500+	31323601	0	1	5167	1	0	5000	other	0
SEE_08_64_FR	1147	Picture	low_A146	31328934	0	1	30166	1	0	30000	other	0
SEE_08_64_FR	1148	Picture	+	31359100	0	1	56831	1	0	next	other	0
SEE_08_64_FR	1149	Sound	hi110b	31359100	0	1			0		other	0
SEE_08_64_FR	1150	Picture	500+	31415931	0	1	5167	1	0	5000	other	0
SEE_08_64_FR	1151	Picture	hi_P243	31421098	0	1	30166	1	0	30000	other	0
SEE_08_64_FR	1152	Picture	+	31451430	0	1	20166	1	0	32490	other	0
SEE_08_64_FR	1153	Picture	low_P048	31471596	0	1	30166	1	0	30000	other	0
SEE_08_64_FR	1154	Picture	+	31501928	0	1	20166	1	0	37810	other	0
SEE_08_64_FR	1155	Picture	hi_F265	31522094	0	1	30166	1	0	30000	other	0
SEE_08_64_FR	1156	Picture	+	31552427	0	1	80664	1	0	next	other	0
SEE_08_64_FR	1157	Sound	low197a	31572427	0	1			0		other	0
SEE_08_64_FR	1158	Picture	500+	31633090	0	1	5167	1	0	5000	other	0
SEE_08_64_FR	1159	Picture	hi_P010	31638257	0	1	30166	1	0	30000	other	0
SEE_08_64_FR	1160	Picture	+	31668423	0	1	56998	1	0	next	other	0
SEE_08_64_FR	1161	Sound	low197b	31668423	0	1			0		other	0
SEE_08_64_FR	1162	Picture	500+	31725421	0	1	5167	1	0	5000	other	0
SEE_08_64_FR	1163	Picture	low_F343	31730754	0	1	30166	1	0	30000	other	0
SEE_08_64_FR	1164	Picture	+	31761086	0	1	20166	1	0	36850	other	0
SEE_08_64_FR	1165	Picture	hi_P006	31781252	0	1	30166	1	0	30000	other	0
SEE_08_64_FR	1166	Picture	+	31811584	0	1	20166	1	0	42810	other	0
SEE_08_64_FR	1167	Picture	low_F228	31831750	0	1	30166	1	0	30000	other	0
SEE_08_64_FR	1168	Picture	+	31862083	0	1	77664	1	0	next	other	0
SEE_08_64_FR	1169	Sound	low275a	31882084	0	1			0		other	0
SEE_08_64_FR	1170	Picture	500+	31939747	0	1	5167	1	0	5000	other	0
SEE_08_64_FR	1171	Picture	low_F079	31945080	0	1	30166	1	0	30000	other	0
SEE_08_64_FR	1172	Picture	+	31975245	0	1	69831	1	0	next	other	0
SEE_08_64_FR	1173	Sound	low275b	31975246	0	1			0		other	0
SEE_08_64_FR	1174	Picture	500+	32045076	0	1	5166	1	0	5000	other	0
SEE_08_64_FR	1175	Picture	hi_A025	32050243	0	1	30166	1	0	30000	other	0
SEE_08_64_FR	1176	Picture	+	32080575	0	1	20166	1	0	30550	other	0
SEE_08_64_FR	1177	Picture	low_A214	32100741	0	1	30166	1	0	30000	other	0
SEE_08_64_FR	1178	Picture	+	32131074	0	1	20166	1	0	37380	other	0
SEE_08_64_FR	1179	Picture	hi_A075	32151240	0	1	30166	1	0	30000	other	0
SEE_08_64_FR	1180	Picture	+	32181572	0	1	87330	1	0	next	other	0
SEE_08_64_FR	1181	Sound	hi254a	32201573	0	1			0		other	0
SEE_08_64_FR	1182	Picture	500+	32268902	0	1	5167	1	0	5000	other	0
SEE_08_64_FR	1183	Picture	hi_A060	32274069	0	1	30166	1	0	30000	other	0
SEE_08_64_FR	1184	Picture	+	32304401	0	1	57831	1	0	next	other	0
SEE_08_64_FR	1185	Sound	hi254b	32304402	0	1			0		other	0
SEE_08_64_FR	1186	Picture	500+	32362232	0	1	5167	1	0	5000	other	0
SEE_08_64_FR	1187	Picture	low_L062	32367399	0	1	30166	1	0	30000	other	0
SEE_08_64_FR	1188	Picture	+	32397731	0	1	20166	1	0	39900	other	0
SEE_08_64_FR	1189	Picture	low_L157	32417897	0	1	30166	1	0	30000	other	0
SEE_08_64_FR	1190	Picture	+	32448229	0	1	20166	1	0	39560	other	0
SEE_08_64_FR	1191	Picture	hi_P214	32468395	0	1	30166	1	0	30000	other	0
SEE_08_64_FR	1192	Picture	+	32498728	0	1	78331	1	0	next	other	0
SEE_08_64_FR	1193	Sound	hi248a	32518729	0	1			0		other	0
SEE_08_64_FR	1194	Picture	500+	32577058	0	1	5166	1	0	5000	other	0
SEE_08_64_FR	1195	Picture	hi_F003	32582392	0	1	30166	1	0	30000	other	0
SEE_08_64_FR	1196	Picture	+	32612557	0	1	63331	1	0	next	other	0
SEE_08_64_FR	1197	Sound	hi248b	32612558	0	1			0		other	0
SEE_08_64_FR	1198	Picture	500+	32675888	0	1	5167	1	0	5000	other	0
SEE_08_64_FR	1199	Picture	low_L107	32681055	0	1	30166	1	0	30000	other	0
SEE_08_64_FR	1200	Picture	+	32711387	0	1	20166	1	0	37390	other	0
SEE_08_64_FR	1201	Picture	low_A193	32731553	0	1	30166	1	0	30000	other	0
SEE_08_64_FR	1202	Picture	+	32761885	0	1	20166	1	0	31120	other	0
SEE_08_64_FR	1203	Picture	hi_F174	32782051	0	1	30166	1	0	30000	other	0
SEE_08_64_FR	1204	Picture	+	32812384	0	1	20166	1	0	next	other	0
