Scenario - 
Logfile written - 04/08/2016 14:42:48

Subject	Trial	Event Type	Code	Time	TTime	Uncertainty	Duration	Uncertainty	ReqTime	ReqDur	Stim Type	Pair Index

SEE_12_64_FR	1	Response	0	933192	933042	1
SEE_12_64_FR	4	Picture	+	973642	0	1	57665	1	0	next	other	0
SEE_12_64_FR	5	Sound	hi254a	973643	0	1			0		other	0
SEE_12_64_FR	6	Picture	500+	1031307	0	1	5167	1	0	5000	other	0
SEE_12_64_FR	7	Picture	hi_P004	1036640	0	1	30166	1	0	30000	other	0
SEE_12_64_FR	8	Picture	+	1066806	0	1	56665	1	0	next	other	0
SEE_12_64_FR	9	Sound	hi254b	1066807	0	1			0		other	0
SEE_12_64_FR	10	Picture	500+	1123472	0	1	5167	1	0	5000	other	0
SEE_12_64_FR	11	Picture	low_L085	1128805	0	1	30166	1	0	30000	other	0
SEE_12_64_FR	12	Picture	+	1159137	0	1	20166	1	0	36800	other	0
SEE_12_64_FR	13	Picture	hi_P008	1179303	0	1	30166	1	0	30000	other	0
SEE_12_64_FR	14	Picture	+	1209636	0	1	20166	1	0	39130	other	0
SEE_12_64_FR	15	Picture	low_F001	1229802	0	1	30166	1	0	30000	other	0
SEE_12_64_FR	16	Picture	+	1260135	0	1	86498	1	0	next	other	0
SEE_12_64_FR	17	Sound	hi251a	1280136	0	2			0		other	0
SEE_12_64_FR	18	Picture	500+	1346633	0	1	5167	1	0	5000	other	0
SEE_12_64_FR	19	Picture	low_L096	1351966	0	1	30166	1	0	30000	other	0
SEE_12_64_FR	20	Picture	+	1382298	0	1	69498	1	0	next	other	0
SEE_12_64_FR	21	Sound	hi251b	1382299	0	1			0		other	0
SEE_12_64_FR	22	Picture	500+	1451797	0	1	5167	1	0	5000	other	0
SEE_12_64_FR	23	Picture	hi_P139	1456963	0	1	30166	1	0	30000	other	0
SEE_12_64_FR	24	Picture	+	1487296	0	1	20166	1	0	42550	other	0
SEE_12_64_FR	25	Picture	hi_P206	1507462	0	1	30166	1	0	30000	other	0
SEE_12_64_FR	26	Picture	+	1537794	0	1	20166	1	0	42530	other	0
SEE_12_64_FR	27	Picture	low_L041	1557961	0	1	30166	1	0	30000	other	0
SEE_12_64_FR	28	Picture	+	1588293	0	1	79331	1	0	next	other	0
SEE_12_64_FR	29	Sound	hi123a	1608294	0	1			0		other	0
SEE_12_64_FR	30	Picture	500+	1667625	0	1	5167	1	0	5000	other	0
SEE_12_64_FR	31	Picture	hi_A041	1672791	0	1	30166	1	0	30000	other	0
SEE_12_64_FR	32	Picture	+	1703124	0	1	60999	1	0	next	other	0
SEE_12_64_FR	33	Sound	hi123b	1703124	0	1			0		other	0
SEE_12_64_FR	34	Picture	500+	1764122	0	1	5167	1	0	5000	other	0
SEE_12_64_FR	35	Picture	low_P047	1769289	0	1	30166	1	0	30000	other	0
SEE_12_64_FR	36	Picture	+	1799621	0	1	20166	1	0	33410	other	0
SEE_12_64_FR	37	Picture	low_F079	1819787	0	1	30166	1	0	30000	other	0
SEE_12_64_FR	38	Picture	+	1850120	0	1	20166	1	0	41580	other	0
SEE_12_64_FR	39	Picture	hi_A019	1870286	0	1	30166	1	0	30000	other	0
SEE_12_64_FR	40	Picture	+	1900619	0	1	90164	1	0	next	other	0
SEE_12_64_FR	41	Sound	hi172a	1920619	0	1			0		other	0
SEE_12_64_FR	42	Picture	500+	1990783	0	1	5167	1	0	5000	other	0
SEE_12_64_FR	43	Picture	hi_P228	1995950	0	1	30166	1	0	30000	other	0
SEE_12_64_FR	44	Picture	+	2026116	0	1	66498	1	0	next	other	0
SEE_12_64_FR	45	Sound	hi172b	2026116	0	1			0		other	0
SEE_12_64_FR	46	Picture	500+	2092614	0	1	5167	1	0	5000	other	0
SEE_12_64_FR	47	Picture	low_P250	2097780	0	1	30166	1	0	30000	other	0
SEE_12_64_FR	48	Picture	+	2128113	0	1	20166	1	0	33770	other	0
SEE_12_64_FR	49	Picture	hi_P123	2148279	0	1	30166	1	0	30000	other	0
SEE_12_64_FR	50	Picture	+	2178612	0	1	20166	1	0	42030	other	0
SEE_12_64_FR	51	Picture	low_L075	2198778	0	1	30166	1	0	30000	other	0
SEE_12_64_FR	52	Picture	+	2229110	0	1	87998	1	0	next	other	0
SEE_12_64_FR	53	Sound	hi159a	2249111	0	2			0		other	0
SEE_12_64_FR	54	Picture	500+	2317108	0	1	5167	1	0	5000	other	0
SEE_12_64_FR	55	Picture	hi_F280	2322275	0	1	30166	1	0	30000	other	0
SEE_12_64_FR	56	Picture	+	2352441	0	1	67332	1	0	next	other	0
SEE_12_64_FR	57	Sound	hi159b	2352441	0	1			0		other	0
SEE_12_64_FR	58	Picture	500+	2419772	0	1	5167	1	0	5000	other	0
SEE_12_64_FR	59	Picture	low_O327	2424939	0	1	30166	1	0	30000	other	0
SEE_12_64_FR	60	Picture	+	2455271	0	1	20166	1	0	37500	other	0
SEE_12_64_FR	61	Picture	low_L176	2475438	0	1	30166	1	0	30000	other	0
SEE_12_64_FR	62	Picture	+	2505770	0	1	20166	1	0	33360	other	0
SEE_12_64_FR	63	Picture	hi_O007	2525936	0	1	30166	1	0	30000	other	0
SEE_12_64_FR	64	Picture	+	2556269	0	1	85665	1	0	next	other	0
SEE_12_64_FR	65	Sound	hi097a	2576270	0	1			0		other	0
SEE_12_64_FR	66	Picture	500+	2641933	0	1	5167	1	0	5000	other	0
SEE_12_64_FR	67	Picture	low_L054	2647100	0	1	30166	1	0	30000	other	0
SEE_12_64_FR	68	Picture	+	2677433	0	1	56499	1	0	next	other	0
SEE_12_64_FR	69	Sound	hi097b	2677433	0	1			0		other	0
SEE_12_64_FR	70	Picture	500+	2733931	0	1	5167	1	0	5000	other	0
SEE_12_64_FR	71	Picture	hi_F271	2739098	0	1	30166	1	0	30000	other	0
SEE_12_64_FR	72	Picture	+	2769430	0	1	20166	1	0	30640	other	0
SEE_12_64_FR	73	Picture	hi_P033	2789596	0	1	30166	1	0	30000	other	0
SEE_12_64_FR	74	Picture	+	2819929	0	1	20166	1	0	34490	other	0
SEE_12_64_FR	75	Picture	low_L166	2840095	0	1	30166	1	0	30000	other	0
SEE_12_64_FR	76	Picture	+	2870428	0	1	76998	1	0	next	other	0
SEE_12_64_FR	77	Sound	low044a	2890428	0	1			0		other	0
SEE_12_64_FR	78	Picture	500+	2947426	0	1	5167	1	0	5000	other	0
SEE_12_64_FR	79	Picture	hi_A024	2952592	0	1	30166	1	0	30000	other	0
SEE_12_64_FR	80	Picture	+	2982758	0	1	69165	1	0	next	other	0
SEE_12_64_FR	81	Sound	low044b	2982759	0	1			0		other	0
SEE_12_64_FR	82	Picture	500+	3051923	0	1	5167	1	0	5000	other	0
SEE_12_64_FR	83	Picture	low_O220	3057256	0	1	30166	1	0	30000	other	0
SEE_12_64_FR	84	Picture	+	3087589	0	1	20166	1	0	33150	other	0
SEE_12_64_FR	85	Picture	hi_P017	3107755	0	1	30166	1	0	30000	other	0
SEE_12_64_FR	86	Picture	+	3138088	0	1	20166	1	0	33040	other	0
SEE_12_64_FR	87	Picture	low_L153	3158254	0	1	30166	1	0	30000	other	0
SEE_12_64_FR	88	Picture	+	3188586	0	1	81998	1	0	next	other	0
SEE_12_64_FR	89	Sound	low088a	3208587	0	1			0		other	0
SEE_12_64_FR	90	Picture	500+	3270584	0	1	5167	1	0	5000	other	0
SEE_12_64_FR	91	Picture	low_L184	3275751	0	1	30166	1	0	30000	other	0
SEE_12_64_FR	92	Picture	+	3305917	0	1	56499	1	0	next	other	0
SEE_12_64_FR	93	Sound	low088b	3305917	0	1			0		other	0
SEE_12_64_FR	94	Picture	500+	3362415	0	1	5167	1	0	5000	other	0
SEE_12_64_FR	95	Picture	hi_P018	3367582	0	1	30166	1	0	30000	other	0
SEE_12_64_FR	96	Picture	+	3397915	0	1	20166	1	0	33300	other	0
SEE_12_64_FR	97	Picture	low_O256	3418081	0	1	30166	1	0	30000	other	0
SEE_12_64_FR	98	Picture	+	3448413	0	1	20166	1	0	30070	other	0
SEE_12_64_FR	99	Picture	hi_O022	3468579	0	1	30166	1	0	30000	other	0
SEE_12_64_FR	100	Picture	+	3498912	0	1	86664	1	0	next	other	0
SEE_12_64_FR	101	Sound	low350a	3518913	0	1			0		other	0
SEE_12_64_FR	102	Picture	500+	3585576	0	1	5167	1	0	5000	other	0
SEE_12_64_FR	103	Picture	hi_L022	3590743	0	1	30166	1	0	30000	other	0
SEE_12_64_FR	104	Picture	+	3621076	0	1	67832	1	0	next	other	0
SEE_12_64_FR	105	Sound	low350b	3621076	0	1			0		other	0
SEE_12_64_FR	106	Picture	500+	3688907	0	1	5166	1	0	5000	other	0
SEE_12_64_FR	107	Picture	low_P110	3694074	0	1	30166	1	0	30000	other	0
SEE_12_64_FR	108	Picture	+	3724406	0	1	20166	1	0	30760	other	0
SEE_12_64_FR	109	Picture	hi_P224	3744572	0	1	30166	1	0	30000	other	0
SEE_12_64_FR	110	Picture	+	3774905	0	1	20166	1	0	39260	other	0
SEE_12_64_FR	111	Picture	low_F099	3795071	0	1	30166	1	0	30000	other	0
SEE_12_64_FR	112	Picture	+	3825404	0	1	78165	1	0	next	other	0
SEE_12_64_FR	113	Sound	hi246a	3845405	0	1			0		other	0
SEE_12_64_FR	114	Picture	500+	3903569	0	1	5167	1	0	5000	other	0
SEE_12_64_FR	115	Picture	low_O326	3908735	0	1	30166	1	0	30000	other	0
SEE_12_64_FR	116	Picture	+	3938901	0	1	57499	1	0	next	other	0
SEE_12_64_FR	117	Sound	hi246b	3938902	0	1			0		other	0
SEE_12_64_FR	118	Picture	500+	3996400	0	1	5167	1	0	5000	other	0
SEE_12_64_FR	119	Picture	hi_P020	4001566	0	1	30166	1	0	30000	other	0
SEE_12_64_FR	120	Picture	+	4031899	0	1	20166	1	0	34390	other	0
SEE_12_64_FR	121	Picture	low_A114	4052065	0	1	30166	1	0	30000	other	0
SEE_12_64_FR	122	Picture	+	4082397	0	1	20166	1	0	32570	other	0
SEE_12_64_FR	123	Picture	hi_A058	4102564	0	1	30166	1	0	30000	other	0
SEE_12_64_FR	124	Picture	+	4132896	0	1	87831	1	0	next	other	0
SEE_12_64_FR	125	Sound	low283a	4152897	0	1			0		other	0
SEE_12_64_FR	126	Picture	500+	4220727	0	1	5167	1	0	5000	other	0
SEE_12_64_FR	127	Picture	low_P153	4226060	0	1	30166	1	0	30000	other	0
SEE_12_64_FR	128	Picture	+	4256226	0	1	62832	1	0	next	other	0
SEE_12_64_FR	129	Sound	low283b	4256227	0	1			0		other	0
SEE_12_64_FR	130	Picture	500+	4319058	0	1	5167	1	0	5000	other	0
SEE_12_64_FR	131	Picture	hi_P021	4324225	0	1	30166	1	0	30000	other	0
SEE_12_64_FR	132	Picture	+	4354557	0	1	20166	1	0	44620	other	0
SEE_12_64_FR	133	Picture	low_O190	4374723	0	1	30166	1	0	30000	other	0
SEE_12_64_FR	134	Picture	+	4405056	0	1	20166	1	0	32700	other	0
SEE_12_64_FR	135	Picture	hi_P147	4425222	0	1	30166	1	0	30000	other	0
SEE_12_64_FR	136	Picture	+	4455555	0	1	81665	1	0	next	other	0
SEE_12_64_FR	137	Sound	low084a	4475555	0	1			0		other	0
SEE_12_64_FR	138	Picture	500+	4537219	0	1	5167	1	0	5000	other	0
SEE_12_64_FR	139	Picture	low_A099	4542553	0	1	30166	1	0	30000	other	0
SEE_12_64_FR	140	Picture	+	4572718	0	1	63498	1	0	next	other	0
SEE_12_64_FR	141	Sound	low084b	4572719	0	1			0		other	0
SEE_12_64_FR	142	Picture	500+	4636217	0	1	5167	1	0	5000	other	0
SEE_12_64_FR	143	Picture	hi_P239	4641550	0	1	30166	1	0	30000	other	0
SEE_12_64_FR	144	Picture	+	4671883	0	1	20166	1	0	38030	other	0
SEE_12_64_FR	145	Picture	hi_F284	4692049	0	1	30166	1	0	30000	other	0
SEE_12_64_FR	146	Picture	+	4722381	0	1	20166	1	0	35880	other	0
SEE_12_64_FR	147	Picture	low_F124	4742548	0	1	30166	1	0	30000	other	0
SEE_12_64_FR	148	Picture	+	4772880	0	1	80665	1	0	next	other	0
SEE_12_64_FR	149	Sound	low344a	4792881	0	1			0		other	0
SEE_12_64_FR	150	Picture	500+	4853545	0	1	5167	1	0	5000	other	0
SEE_12_64_FR	151	Picture	hi_A038	4858878	0	1	30166	1	0	30000	other	0
SEE_12_64_FR	152	Picture	+	4889044	0	1	64665	1	0	next	other	0
SEE_12_64_FR	153	Sound	low344b	4889044	0	1			0		other	0
SEE_12_64_FR	154	Picture	500+	4953709	0	1	5167	1	0	5000	other	0
SEE_12_64_FR	155	Picture	low_A132	4958875	0	1	30166	1	0	30000	other	0
SEE_12_64_FR	156	Picture	+	4989208	0	1	20166	1	0	36400	other	0
SEE_12_64_FR	157	Picture	low_P186	5009374	0	1	30166	1	0	30000	other	0
SEE_12_64_FR	158	Picture	+	5039707	0	1	20166	1	0	35240	other	0
SEE_12_64_FR	159	Picture	hi_F028	5059873	0	1	30166	1	0	30000	other	0
SEE_12_64_FR	160	Picture	+	5090206	0	1	86498	1	0	next	other	0
SEE_12_64_FR	161	Sound	hi009a	5110206	0	1			0		other	0
SEE_12_64_FR	162	Picture	500+	5176703	0	1	5167	1	0	5000	other	0
SEE_12_64_FR	163	Picture	hi_F274	5181870	0	1	30166	1	0	30000	other	0
SEE_12_64_FR	164	Picture	+	5212036	0	1	57665	1	0	next	other	0
SEE_12_64_FR	165	Sound	hi009b	5212036	0	1			0		other	0
SEE_12_64_FR	166	Picture	500+	5269701	0	1	5167	1	0	5000	other	0
SEE_12_64_FR	167	Picture	low_P169	5274868	0	1	30166	1	0	30000	other	0
SEE_12_64_FR	168	Picture	+	5305200	0	1	20166	1	0	44690	other	0
SEE_12_64_FR	169	Picture	low_P048	5325366	0	1	30166	1	0	30000	other	0
SEE_12_64_FR	170	Picture	+	5355699	0	1	20166	1	0	33290	other	0
SEE_12_64_FR	171	Picture	hi_P125	5375865	0	1	30166	1	0	30000	other	0
SEE_12_64_FR	172	Picture	+	5406198	0	1	80998	1	0	next	other	0
SEE_12_64_FR	173	Sound	hi127a	5426198	0	1			0		other	0
SEE_12_64_FR	174	Picture	500+	5487196	0	1	5167	1	0	5000	other	0
SEE_12_64_FR	175	Picture	low_F358	5492362	0	1	30166	1	0	30000	other	0
SEE_12_64_FR	176	Picture	+	5522528	0	1	58665	1	0	next	other	0
SEE_12_64_FR	177	Sound	hi127b	5522529	0	1			0		other	0
SEE_12_64_FR	178	Picture	500+	5581193	0	1	5167	1	0	5000	other	0
SEE_12_64_FR	179	Picture	hi_P217	5586526	0	1	30166	1	0	30000	other	0
SEE_12_64_FR	180	Picture	+	5616859	0	1	20166	1	0	43440	other	0
SEE_12_64_FR	181	Picture	low_O192	5637025	0	1	30166	1	0	30000	other	0
SEE_12_64_FR	182	Picture	+	5667358	0	1	20166	1	0	30400	other	0
SEE_12_64_FR	183	Picture	hi_F021	5687524	0	1	30166	1	0	30000	other	0
SEE_12_64_FR	184	Picture	+	5717856	0	1	84165	1	0	next	other	0
SEE_12_64_FR	185	Sound	hi308a	5737857	0	1			0		other	0
SEE_12_64_FR	186	Picture	500+	5802021	0	1	5167	1	0	5000	other	0
SEE_12_64_FR	187	Picture	hi_A221	5807354	0	1	30166	1	0	30000	other	0
SEE_12_64_FR	188	Picture	+	5837687	0	1	64498	1	0	next	other	0
SEE_12_64_FR	189	Sound	hi308b	5837687	0	1			0		other	0
SEE_12_64_FR	190	Picture	500+	5902185	0	1	5166	1	0	5000	other	0
SEE_12_64_FR	191	Picture	low_F228	5907518	0	1	30166	1	0	30000	other	0
SEE_12_64_FR	192	Picture	+	5937851	0	1	20166	1	0	38900	other	0
SEE_12_64_FR	193	Picture	hi_P124	5958017	0	1	30166	1	0	30000	other	0
SEE_12_64_FR	194	Picture	+	5988350	0	1	20166	1	0	37360	other	0
SEE_12_64_FR	195	Picture	low_L048	6008516	0	1	30166	1	0	30000	other	0
SEE_12_64_FR	196	Picture	+	6038848	0	1	82665	1	0	next	other	0
SEE_12_64_FR	197	Sound	hi247a	6058849	0	1			0		other	0
SEE_12_64_FR	198	Picture	500+	6121513	0	1	5167	1	0	5000	other	0
SEE_12_64_FR	199	Picture	hi_O148	6126680	0	1	30166	1	0	30000	other	0
SEE_12_64_FR	200	Picture	+	6156845	0	1	62165	1	0	next	other	0
SEE_12_64_FR	201	Sound	hi247b	6156846	0	1			0		other	0
SEE_12_64_FR	202	Picture	500+	6219011	0	1	5167	1	0	5000	other	0
SEE_12_64_FR	203	Picture	low_L021	6224177	0	1	30166	1	0	30000	other	0
SEE_12_64_FR	204	Picture	+	6254510	0	1	20166	1	0	34640	other	0
SEE_12_64_FR	205	Picture	low_F115	6274676	0	1	30166	1	0	30000	other	0
SEE_12_64_FR	206	Picture	+	6305008	0	1	20166	1	0	33420	other	0
SEE_12_64_FR	207	Picture	hi_F370	6325175	0	1	30166	1	0	30000	other	0
SEE_12_64_FR	208	Picture	+	6355507	0	1	87498	1	0	next	other	0
SEE_12_64_FR	209	Sound	low280a	6375508	0	1			0		other	0
SEE_12_64_FR	210	Picture	500+	6443005	0	1	5166	1	0	5000	other	0
SEE_12_64_FR	211	Picture	low_A157	6448171	0	1	30166	1	0	30000	other	0
SEE_12_64_FR	212	Picture	+	6478504	0	1	65498	1	0	next	other	0
SEE_12_64_FR	213	Sound	low280b	6478505	0	1			0		other	0
SEE_12_64_FR	214	Picture	500+	6544003	0	1	5167	1	0	5000	other	0
SEE_12_64_FR	215	Picture	hi_F158	6549336	0	1	30166	1	0	30000	other	0
SEE_12_64_FR	216	Picture	+	6579668	0	1	20166	1	0	30540	other	0
SEE_12_64_FR	217	Picture	hi_P175	6599834	0	1	30166	1	0	30000	other	0
SEE_12_64_FR	218	Picture	+	6630167	0	1	20166	1	0	41360	other	0
SEE_12_64_FR	219	Picture	low_L151	6650333	0	1	30166	1	0	30000	other	0
SEE_12_64_FR	220	Picture	+	6680666	0	1	75498	1	0	next	other	0
SEE_12_64_FR	221	Sound	hi001a	6700666	0	1			0		other	0
SEE_12_64_FR	222	Picture	500+	6756164	0	1	5167	1	0	5000	other	0
SEE_12_64_FR	223	Picture	hi_P028	6761330	0	1	30166	1	0	30000	other	0
SEE_12_64_FR	224	Picture	+	6791496	0	1	59665	1	0	next	other	0
SEE_12_64_FR	225	Sound	hi001b	6791497	0	1			0		other	0
SEE_12_64_FR	226	Picture	500+	6851161	0	1	5167	1	0	5000	other	0
SEE_12_64_FR	227	Picture	low_P105	6856328	0	1	30166	1	0	30000	other	0
SEE_12_64_FR	228	Picture	+	6886661	0	1	20166	1	0	44890	other	0
SEE_12_64_FR	229	Picture	low_F130	6906827	0	1	30166	1	0	30000	other	0
SEE_12_64_FR	230	Picture	+	6937159	0	1	20166	1	0	34120	other	0
SEE_12_64_FR	231	Picture	hi_P084	6957325	0	1	30166	1	0	30000	other	0
SEE_12_64_FR	232	Picture	+	6987658	0	1	83998	1	0	next	other	0
SEE_12_64_FR	233	Sound	hi245a	7007659	0	1			0		other	0
SEE_12_64_FR	234	Picture	500+	7071656	0	1	5167	1	0	5000	other	0
SEE_12_64_FR	235	Picture	hi_P133	7076823	0	1	30166	1	0	30000	other	0
SEE_12_64_FR	236	Picture	+	7107155	0	1	65665	1	0	next	other	0
SEE_12_64_FR	237	Sound	hi245b	7107156	0	1			0		other	0
SEE_12_64_FR	238	Picture	500+	7172820	0	1	5167	1	0	5000	other	0
SEE_12_64_FR	239	Picture	low_L121	7177987	0	1	30166	1	0	30000	other	0
SEE_12_64_FR	240	Picture	+	7208319	0	1	20166	1	0	34730	other	0
SEE_12_64_FR	241	Picture	low_L064	7228485	0	1	30166	1	0	30000	other	0
SEE_12_64_FR	242	Picture	+	7258818	0	1	20166	1	0	32650	other	0
SEE_12_64_FR	243	Picture	hi_P229	7278984	0	1	30166	1	0	30000	other	0
SEE_12_64_FR	244	Picture	+	7309317	0	1	83665	1	0	next	other	0
SEE_12_64_FR	245	Sound	low274a	7329317	0	1			0		other	0
SEE_12_64_FR	246	Picture	500+	7392981	0	1	5167	1	0	5000	other	0
SEE_12_64_FR	247	Picture	low_P176	7398148	0	1	30166	1	0	30000	other	0
SEE_12_64_FR	248	Picture	+	7428314	0	1	62498	1	0	next	other	0
SEE_12_64_FR	249	Sound	low274b	7428314	0	1			0		other	0
SEE_12_64_FR	250	Picture	500+	7490812	0	1	5167	1	0	5000	other	0
SEE_12_64_FR	251	Picture	hi_A074	7496145	0	1	30166	1	0	30000	other	0
SEE_12_64_FR	252	Picture	+	7526478	0	1	20166	1	0	42130	other	0
SEE_12_64_FR	253	Picture	hi_F297	7546644	0	1	30166	1	0	30000	other	0
SEE_12_64_FR	254	Picture	+	7576977	0	1	20166	1	0	43920	other	0
SEE_12_64_FR	255	Picture	low_L009	7597143	0	1	30166	1	0	30000	other	0
SEE_12_64_FR	256	Picture	+	7627475	0	1	76331	1	0	next	other	0
SEE_12_64_FR	257	Sound	low038a	7647476	0	1			0		other	0
SEE_12_64_FR	258	Picture	500+	7703807	0	1	5167	1	0	5000	other	0
SEE_12_64_FR	259	Picture	hi_O285	7708973	0	1	30166	1	0	30000	other	0
SEE_12_64_FR	260	Picture	+	7739306	0	1	56832	1	0	next	other	0
SEE_12_64_FR	261	Sound	low038b	7739307	0	1			0		other	0
SEE_12_64_FR	262	Picture	500+	7796138	0	1	5167	1	0	5000	other	0
SEE_12_64_FR	263	Picture	low_L168	7801304	0	1	30166	1	0	30000	other	0
SEE_12_64_FR	264	Picture	+	7831637	0	1	20166	1	0	40710	other	0
SEE_12_64_FR	265	Picture	low_A091	7851803	0	1	30166	1	0	30000	other	0
SEE_12_64_FR	266	Picture	+	7882136	0	1	20166	1	0	36820	other	0
SEE_12_64_FR	267	Picture	hi_P240	7902302	0	1	30166	1	0	30000	other	0
SEE_12_64_FR	268	Picture	+	7932634	0	1	85165	1	0	next	other	0
SEE_12_64_FR	269	Sound	hi003a	7952635	0	1			0		other	0
SEE_12_64_FR	270	Picture	500+	8017799	0	1	5167	1	0	5000	other	0
SEE_12_64_FR	271	Picture	hi_O013	8023132	0	1	30166	1	0	30000	other	0
SEE_12_64_FR	272	Picture	+	8053298	0	1	62165	1	0	next	other	0
SEE_12_64_FR	273	Sound	hi003b	8053299	0	1			0		other	0
SEE_12_64_FR	274	Picture	500+	8115463	0	1	5167	1	0	5000	other	0
SEE_12_64_FR	275	Picture	low_L138	8120796	0	1	30166	1	0	30000	other	0
SEE_12_64_FR	276	Picture	+	8151129	0	1	20166	1	0	36680	other	0
SEE_12_64_FR	277	Picture	low_L107	8171295	0	1	30166	1	0	30000	other	0
SEE_12_64_FR	278	Picture	+	8201628	0	1	20166	1	0	44160	other	0
SEE_12_64_FR	279	Picture	hi_A085	8221794	0	1	30166	1	0	30000	other	0
SEE_12_64_FR	280	Picture	+	8252126	0	1	79498	1	0	next	other	0
SEE_12_64_FR	281	Sound	low085a	8272127	0	1			0		other	0
SEE_12_64_FR	282	Picture	500+	8331624	0	1	5167	1	0	5000	other	0
SEE_12_64_FR	283	Picture	low_L038	8336791	0	1	30166	1	0	30000	other	0
SEE_12_64_FR	284	Picture	+	8366957	0	1	56499	1	0	next	other	0
SEE_12_64_FR	285	Sound	low085b	8366958	0	1			0		other	0
SEE_12_64_FR	286	Picture	500+	8423456	0	1	5166	1	0	5000	other	0
SEE_12_64_FR	287	Picture	hi_F164	8428622	0	1	30166	1	0	30000	other	0
SEE_12_64_FR	288	Picture	+	8458955	0	1	20166	1	0	32620	other	0
SEE_12_64_FR	289	Picture	hi_F041	8479121	0	1	30166	1	0	30000	other	0
SEE_12_64_FR	290	Picture	+	8509453	0	1	20166	1	0	33780	other	0
SEE_12_64_FR	291	Picture	low_L172	8529620	0	1	30166	1	0	30000	other	0
SEE_12_64_FR	292	Picture	+	8559952	0	1	77831	1	0	next	other	0
SEE_12_64_FR	293	Sound	low276a	8579953	0	1			0		other	0
SEE_12_64_FR	294	Picture	500+	8637783	0	1	5167	1	0	5000	other	0
SEE_12_64_FR	295	Picture	hi_A020	8643117	0	1	30166	1	0	30000	other	0
SEE_12_64_FR	296	Picture	+	8673283	0	1	60832	1	0	next	other	0
SEE_12_64_FR	297	Sound	low276b	8673283	0	1			0		other	0
SEE_12_64_FR	298	Picture	500+	8734114	0	1	5167	1	0	5000	other	0
SEE_12_64_FR	299	Picture	low_L162	8739281	0	1	30166	1	0	30000	other	0
SEE_12_64_FR	300	Picture	+	8769614	0	1	20166	1	0	41980	other	0
SEE_12_64_FR	301	Picture	hi_A011	8789780	0	1	30166	1	0	30000	other	0
SEE_12_64_FR	302	Picture	+	8820112	0	1	20166	1	0	43160	other	0
SEE_12_64_FR	303	Picture	low_A140	8840278	0	1	30166	1	0	30000	other	0
SEE_12_64_FR	304	Picture	+	8870611	0	1	88498	1	0	next	other	0
SEE_12_64_FR	305	Sound	hi319a	8890612	0	1			0		other	0
SEE_12_64_FR	306	Picture	500+	8959109	0	1	5167	1	0	5000	other	0
SEE_12_64_FR	307	Picture	low_A194	8964275	0	1	30166	1	0	30000	other	0
SEE_12_64_FR	308	Picture	+	8994441	0	1	55332	1	0	next	other	0
SEE_12_64_FR	309	Sound	hi319b	8994442	0	1			0		other	0
SEE_12_64_FR	310	Picture	500+	9049773	0	1	5167	1	0	5000	other	0
SEE_12_64_FR	311	Picture	hi_F010	9054940	0	1	30166	1	0	30000	other	0
SEE_12_64_FR	312	Picture	+	9085272	0	1	20166	1	0	36040	other	0
SEE_12_64_FR	313	Picture	hi_O291	9105438	0	1	30166	1	0	30000	other	0
SEE_12_64_FR	314	Picture	+	9135771	0	1	20166	1	0	40530	other	0
SEE_12_64_FR	315	Picture	low_A184	9155937	0	1	30166	1	0	30000	other	0
SEE_12_64_FR	316	Picture	+	9186270	0	1	76165	1	0	next	other	0
SEE_12_64_FR	317	Sound	hi242a	9206271	0	1			0		other	0
SEE_12_64_FR	318	Picture	500+	9262435	0	1	5167	1	0	5000	other	0
SEE_12_64_FR	319	Picture	hi_O149	9267601	0	1	30166	1	0	30000	other	0
SEE_12_64_FR	320	Picture	+	9297767	0	1	64998	1	0	next	other	0
SEE_12_64_FR	321	Sound	hi242b	9297768	0	1			0		other	0
SEE_12_64_FR	322	Picture	500+	9362765	0	1	5167	1	0	5000	other	0
SEE_12_64_FR	323	Picture	low_P044	9368099	0	1	30166	1	0	30000	other	0
SEE_12_64_FR	324	Picture	+	9398431	0	1	20166	1	0	36790	other	0
SEE_12_64_FR	325	Picture	hi_A037	9418597	0	1	30166	1	0	30000	other	0
SEE_12_64_FR	326	Picture	+	9448930	0	1	20166	1	0	34680	other	0
SEE_12_64_FR	327	Picture	low_L133	9469096	0	1	30166	1	0	30000	other	0
SEE_12_64_FR	328	Picture	+	9499429	0	1	89998	1	0	next	other	0
SEE_12_64_FR	329	Sound	hi013a	9519429	0	1			0		other	0
SEE_12_64_FR	330	Picture	500+	9589426	0	1	5167	1	0	5000	other	0
SEE_12_64_FR	331	Picture	hi_F014	9594593	0	1	30166	1	0	30000	other	0
SEE_12_64_FR	332	Picture	+	9624926	0	1	64165	1	0	next	other	0
SEE_12_64_FR	333	Sound	hi013b	9624926	0	1			0		other	0
SEE_12_64_FR	334	Picture	500+	9689091	0	1	5167	1	0	5000	other	0
SEE_12_64_FR	335	Picture	low_A123	9694257	0	1	30166	1	0	30000	other	0
SEE_12_64_FR	336	Picture	+	9724590	0	1	20166	1	0	40230	other	0
SEE_12_64_FR	337	Picture	hi_P011	9744756	0	1	30166	1	0	30000	other	0
SEE_12_64_FR	338	Picture	+	9775088	0	1	20166	1	0	38620	other	0
SEE_12_64_FR	339	Picture	low_L152	9795255	0	1	30166	1	0	30000	other	0
SEE_12_64_FR	340	Picture	+	9825587	0	1	79831	1	0	next	other	0
SEE_12_64_FR	341	Sound	low036a	9845588	0	2			0		other	0
SEE_12_64_FR	342	Picture	500+	9905419	0	1	5167	1	0	5000	other	0
SEE_12_64_FR	343	Picture	hi_L007	9910752	0	1	30166	1	0	30000	other	0
SEE_12_64_FR	344	Picture	+	9941084	0	1	56665	1	0	next	other	0
SEE_12_64_FR	345	Sound	low036b	9941085	0	1			0		other	0
SEE_12_64_FR	346	Picture	500+	9997750	0	1	5167	1	0	5000	other	0
SEE_12_64_FR	347	Picture	low_L018	10003083	0	1	30166	1	0	30000	other	0
SEE_12_64_FR	348	Picture	+	10033415	0	1	20166	1	0	40160	other	0
SEE_12_64_FR	349	Picture	hi_P098	10053581	0	1	30166	1	0	30000	other	0
SEE_12_64_FR	350	Picture	+	10083914	0	1	20166	1	0	42410	other	0
SEE_12_64_FR	351	Picture	low_A156	10104080	0	1	30166	1	0	30000	other	0
SEE_12_64_FR	352	Picture	+	10134413	0	1	83665	1	0	next	other	0
SEE_12_64_FR	353	Sound	low034a	10154414	0	1			0		other	0
SEE_12_64_FR	354	Picture	500+	10218077	0	1	5167	1	0	5000	other	0
SEE_12_64_FR	355	Picture	low_L055	10223411	0	1	30166	1	0	30000	other	0
SEE_12_64_FR	356	Picture	+	10253743	0	1	68832	1	0	next	other	0
SEE_12_64_FR	357	Sound	low034b	10253744	0	1			0		other	0
SEE_12_64_FR	358	Picture	500+	10322575	0	1	5167	1	0	5000	other	0
SEE_12_64_FR	359	Picture	hi_O126	10327741	0	1	30166	1	0	30000	other	0
SEE_12_64_FR	360	Picture	+	10358074	0	1	20166	1	0	33880	other	0
SEE_12_64_FR	361	Picture	hi_F009	10378240	0	1	30166	1	0	30000	other	0
SEE_12_64_FR	362	Picture	+	10408573	0	1	20166	1	0	38130	other	0
SEE_12_64_FR	363	Picture	low_F067	10428739	0	1	30166	1	0	30000	other	0
SEE_12_64_FR	364	Picture	+	10459071	0	1	83498	1	0	next	other	0
SEE_12_64_FR	365	Sound	low032a	10479072	0	1			0		other	0
SEE_12_64_FR	366	Picture	500+	10542569	0	1	5167	1	0	5000	other	0
SEE_12_64_FR	367	Picture	hi_P241	10547736	0	1	30166	1	0	30000	other	0
SEE_12_64_FR	368	Picture	+	10577902	0	1	63832	1	0	next	other	0
SEE_12_64_FR	369	Sound	low032b	10577902	0	1			0		other	0
SEE_12_64_FR	370	Picture	500+	10641733	0	1	5167	1	0	5000	other	0
SEE_12_64_FR	371	Picture	low_L161	10647067	0	1	30166	1	0	30000	other	0
SEE_12_64_FR	372	Picture	+	10677399	0	1	20166	1	0	37160	other	0
SEE_12_64_FR	373	Picture	hi_P214	10697565	0	1	30166	1	0	30000	other	0
SEE_12_64_FR	374	Picture	+	10727898	0	1	20166	1	0	33800	other	0
SEE_12_64_FR	375	Picture	low_P103	10748064	0	1	30166	1	0	30000	other	0
SEE_12_64_FR	376	Picture	+	10778397	0	1	81165	1	0	next	other	0
SEE_12_64_FR	377	Sound	hi310a	10798398	0	1			0		other	0
SEE_12_64_FR	378	Picture	500+	10859561	0	1	5167	1	0	5000	other	0
SEE_12_64_FR	379	Picture	low_L175	10864728	0	1	30166	1	0	30000	other	0
SEE_12_64_FR	380	Picture	+	10894894	0	1	64832	1	0	next	other	0
SEE_12_64_FR	381	Sound	hi310b	10894894	0	1			0		other	0
SEE_12_64_FR	382	Picture	500+	10959726	0	1	5167	1	0	5000	other	0
SEE_12_64_FR	383	Picture	hi_P001	10964892	0	1	30166	1	0	30000	other	0
SEE_12_64_FR	384	Picture	+	10995225	0	1	20166	1	0	34310	other	0
SEE_12_64_FR	385	Picture	low_F066	11015391	0	1	30166	1	0	30000	other	0
SEE_12_64_FR	386	Picture	+	11045723	0	1	20166	1	0	41430	other	0
SEE_12_64_FR	387	Picture	hi_A012	11065890	0	1	30166	1	0	30000	other	0
SEE_12_64_FR	388	Picture	+	11096222	0	1	79665	1	0	next	other	0
SEE_12_64_FR	389	Sound	hi128a	11116223	0	1			0		other	0
SEE_12_64_FR	390	Picture	500+	11175887	0	1	5167	1	0	5000	other	0
SEE_12_64_FR	391	Picture	hi_A032	11181220	0	1	30166	1	0	30000	other	0
SEE_12_64_FR	392	Picture	+	11211386	0	1	61998	1	0	next	other	0
SEE_12_64_FR	393	Sound	hi128b	11211387	0	1			0		other	0
SEE_12_64_FR	394	Picture	500+	11273384	0	1	5167	1	0	5000	other	0
SEE_12_64_FR	395	Picture	low_F129	11278551	0	1	30166	1	0	30000	other	0
SEE_12_64_FR	396	Picture	+	11308883	0	1	20166	1	0	44790	other	0
SEE_12_64_FR	397	Picture	hi_O004	11329050	0	1	30166	1	0	30000	other	0
SEE_12_64_FR	398	Picture	+	11359382	0	1	20166	1	0	42810	other	0
SEE_12_64_FR	399	Picture	low_A115	11379548	0	1	30166	1	0	30000	other	0
SEE_12_64_FR	400	Picture	+	11409881	0	1	78498	1	0	next	other	0
SEE_12_64_FR	401	Sound	hi248a	11429882	0	1			0		other	0
SEE_12_64_FR	402	Picture	500+	11488379	0	1	5167	1	0	5000	other	0
SEE_12_64_FR	403	Picture	hi_L026	11493712	0	1	30166	1	0	30000	other	0
SEE_12_64_FR	404	Picture	+	11524045	0	1	65998	1	0	next	other	0
SEE_12_64_FR	405	Sound	hi248b	11524045	0	1			0		other	0
SEE_12_64_FR	406	Picture	500+	11590043	0	1	5167	1	0	5000	other	0
SEE_12_64_FR	407	Picture	low_A119	11595210	0	1	30166	1	0	30000	other	0
SEE_12_64_FR	408	Picture	+	11625542	0	1	20166	1	0	39480	other	0
SEE_12_64_FR	409	Picture	low_A160	11645708	0	1	30166	1	0	30000	other	0
SEE_12_64_FR	410	Picture	+	11676041	0	1	20166	1	0	35900	other	0
SEE_12_64_FR	411	Picture	hi_A207	11696207	0	1	30166	1	0	30000	other	0
SEE_12_64_FR	412	Picture	+	11726540	0	1	78331	1	0	next	other	0
SEE_12_64_FR	413	Sound	low272a	11746540	0	1			0		other	0
SEE_12_64_FR	414	Picture	500+	11804871	0	1	5167	1	0	5000	other	0
SEE_12_64_FR	415	Picture	hi_P010	11810038	0	1	30166	1	0	30000	other	0
SEE_12_64_FR	416	Picture	+	11840204	0	1	69165	1	0	next	other	0
SEE_12_64_FR	417	Sound	low272b	11840204	0	1			0		other	0
SEE_12_64_FR	418	Picture	500+	11909368	0	1	5167	1	0	5000	other	0
SEE_12_64_FR	419	Picture	low_L071	11914535	0	1	30166	1	0	30000	other	0
SEE_12_64_FR	420	Picture	+	11944868	0	1	20166	1	0	34740	other	0
SEE_12_64_FR	421	Picture	hi_P071	11965034	0	1	30166	1	0	30000	other	0
SEE_12_64_FR	422	Picture	+	11995366	0	1	20166	1	0	34510	other	0
SEE_12_64_FR	423	Picture	low_L126	12015533	0	1	30166	1	0	30000	other	0
SEE_12_64_FR	424	Picture	+	12045865	0	1	77331	1	0	next	other	0
SEE_12_64_FR	425	Sound	hi326a	12065866	0	1			0		other	0
SEE_12_64_FR	426	Picture	500+	12123197	0	1	5166	1	0	5000	other	0
SEE_12_64_FR	427	Picture	hi_A033	12128363	0	1	30166	1	0	30000	other	0
SEE_12_64_FR	428	Picture	+	12158529	0	1	66332	1	0	next	other	0
SEE_12_64_FR	429	Sound	hi326b	12158530	0	1			0		other	0
SEE_12_64_FR	430	Picture	500+	12224861	0	1	5167	1	0	5000	other	0
SEE_12_64_FR	431	Picture	low_P045	12230194	0	1	30166	1	0	30000	other	0
SEE_12_64_FR	432	Picture	+	12260526	0	1	20166	1	0	42200	other	0
SEE_12_64_FR	433	Picture	hi_P231	12280693	0	1	30166	1	0	30000	other	0
SEE_12_64_FR	434	Picture	+	12311025	0	1	20166	1	0	30390	other	0
SEE_12_64_FR	435	Picture	low_L049	12331191	0	1	30166	1	0	30000	other	0
SEE_12_64_FR	436	Picture	+	12361524	0	1	89998	1	0	next	other	0
SEE_12_64_FR	437	Sound	hi162a	12381525	0	1			0		other	0
SEE_12_64_FR	438	Picture	500+	12451522	0	1	5167	1	0	5000	other	0
SEE_12_64_FR	439	Picture	hi_P022	12456688	0	1	30166	1	0	30000	other	0
SEE_12_64_FR	440	Picture	+	12486854	0	1	64165	1	0	next	other	0
SEE_12_64_FR	441	Sound	hi162b	12486855	0	1			0		other	0
SEE_12_64_FR	442	Picture	500+	12551019	0	1	5167	1	0	5000	other	0
SEE_12_64_FR	443	Picture	low_A090	12556352	0	1	30166	1	0	30000	other	0
SEE_12_64_FR	444	Picture	+	12586685	0	1	20166	1	0	44170	other	0
SEE_12_64_FR	445	Picture	hi_P128	12606851	0	1	30166	1	0	30000	other	0
SEE_12_64_FR	446	Picture	+	12637184	0	1	20166	1	0	30630	other	0
SEE_12_64_FR	447	Picture	low_A159	12657350	0	1	30166	1	0	30000	other	0
SEE_12_64_FR	448	Picture	+	12687682	0	1	86498	1	0	next	other	0
SEE_12_64_FR	449	Sound	hi252a	12707683	0	1			0		other	0
SEE_12_64_FR	450	Picture	500+	12774180	0	1	5167	1	0	5000	other	0
SEE_12_64_FR	451	Picture	low_F056	12779513	0	1	30166	1	0	30000	other	0
SEE_12_64_FR	452	Picture	+	12809679	0	1	59832	1	0	next	other	0
SEE_12_64_FR	453	Sound	hi252b	12809680	0	1			0		other	0
SEE_12_64_FR	454	Picture	500+	12869511	0	1	5167	1	0	5000	other	0
SEE_12_64_FR	455	Picture	hi_P016	12874678	0	1	30166	1	0	30000	other	0
SEE_12_64_FR	456	Picture	+	12905010	0	1	20166	1	0	35530	other	0
SEE_12_64_FR	457	Picture	low_L065	12925177	0	1	30166	1	0	30000	other	0
SEE_12_64_FR	458	Picture	+	12955509	0	1	20166	1	0	30860	other	0
SEE_12_64_FR	459	Picture	hi_F152	12975675	0	1	30166	1	0	30000	other	0
SEE_12_64_FR	460	Picture	+	13006008	0	1	79165	1	0	next	other	0
SEE_12_64_FR	461	Sound	low358a	13026009	0	1			0		other	0
SEE_12_64_FR	462	Picture	500+	13085173	0	1	5167	1	0	5000	other	0
SEE_12_64_FR	463	Picture	hi_A042	13090339	0	1	30166	1	0	30000	other	0
SEE_12_64_FR	464	Picture	+	13120505	0	1	59165	1	0	next	other	0
SEE_12_64_FR	465	Sound	low358b	13120506	0	1			0		other	0
SEE_12_64_FR	466	Picture	500+	13179670	0	1	5167	1	0	5000	other	0
SEE_12_64_FR	467	Picture	low_A152	13184837	0	1	30166	1	0	30000	other	0
SEE_12_64_FR	468	Picture	+	13215169	0	1	20166	1	0	31390	other	0
SEE_12_64_FR	469	Picture	hi_P003	13235335	0	1	30166	1	0	30000	other	0
SEE_12_64_FR	470	Picture	+	13265668	0	1	20166	1	0	41830	other	0
SEE_12_64_FR	471	Picture	low_O099	13285834	0	1	30166	1	0	30000	other	0
SEE_12_64_FR	472	Picture	+	13316167	0	1	81165	1	0	next	other	0
SEE_12_64_FR	473	Sound	hi018a	13336167	0	1			0		other	0
SEE_12_64_FR	474	Picture	500+	13397331	0	1	5166	1	0	5000	other	0
SEE_12_64_FR	475	Picture	low_L130	13402498	0	1	30166	1	0	30000	other	0
SEE_12_64_FR	476	Picture	+	13432664	0	1	64332	1	0	next	other	0
SEE_12_64_FR	477	Sound	hi018b	13432664	0	1			0		other	0
SEE_12_64_FR	478	Picture	500+	13496996	0	1	5167	1	0	5000	other	0
SEE_12_64_FR	479	Picture	hi_A143	13502162	0	1	30166	1	0	30000	other	0
SEE_12_64_FR	480	Picture	+	13532495	0	1	20166	1	0	38990	other	0
SEE_12_64_FR	481	Picture	low_P138	13552661	0	1	30166	1	0	30000	other	0
SEE_12_64_FR	482	Picture	+	13582993	0	1	20166	1	0	41420	other	0
SEE_12_64_FR	483	Picture	hi_A061	13603160	0	1	30166	1	0	30000	other	0
SEE_12_64_FR	484	Picture	+	13633492	0	1	84831	1	0	next	other	0
SEE_12_64_FR	485	Sound	low275a	13653493	0	1			0		other	0
SEE_12_64_FR	486	Picture	500+	13718323	0	1	5167	1	0	5000	other	0
SEE_12_64_FR	487	Picture	hi_A069	13723490	0	1	30166	1	0	30000	other	0
SEE_12_64_FR	488	Picture	+	13753823	0	1	59498	1	0	next	other	0
SEE_12_64_FR	489	Sound	low275b	13753823	0	1			0		other	0
SEE_12_64_FR	490	Picture	500+	13813321	0	1	5167	1	0	5000	other	0
SEE_12_64_FR	491	Picture	low_L154	13818488	0	1	30166	1	0	30000	other	0
SEE_12_64_FR	492	Picture	+	13848820	0	1	20166	1	0	41230	other	0
SEE_12_64_FR	493	Picture	low_L034	13868986	0	1	30166	1	0	30000	other	0
SEE_12_64_FR	494	Picture	+	13899319	0	1	20166	1	0	30660	other	0
SEE_12_64_FR	495	Picture	hi_P034	13919485	0	1	30166	1	0	30000	other	0
SEE_12_64_FR	496	Picture	+	13949818	0	1	83998	1	0	next	other	0
SEE_12_64_FR	497	Sound	low030a	13969819	0	1			0		other	0
SEE_12_64_FR	498	Picture	500+	14033816	0	1	5167	1	0	5000	other	0
SEE_12_64_FR	499	Picture	hi_O125	14038982	0	1	30166	1	0	30000	other	0
SEE_12_64_FR	500	Picture	+	14069148	0	1	68165	1	0	next	other	0
SEE_12_64_FR	501	Sound	low030b	14069149	0	1			0		other	0
SEE_12_64_FR	502	Picture	500+	14137313	0	1	5167	1	0	5000	other	0
SEE_12_64_FR	503	Picture	low_L178	14142646	0	1	30166	1	0	30000	other	0
SEE_12_64_FR	504	Picture	+	14172979	0	1	20166	1	0	44740	other	0
SEE_12_64_FR	505	Picture	low_P179	14193145	0	1	30166	1	0	30000	other	0
SEE_12_64_FR	506	Picture	+	14223477	0	1	20166	1	0	37630	other	0
SEE_12_64_FR	507	Picture	hi_P198	14243644	0	1	30166	1	0	30000	other	0
SEE_12_64_FR	508	Picture	+	14273976	0	1	89164	1	0	next	other	0
SEE_12_64_FR	509	Sound	hi011a	14293977	0	1			0		other	0
SEE_12_64_FR	510	Picture	500+	14363141	0	1	5167	1	0	5000	other	0
SEE_12_64_FR	511	Picture	hi_P023	14368474	0	1	30166	1	0	30000	other	0
SEE_12_64_FR	512	Picture	+	14398640	0	1	68832	1	0	next	other	0
SEE_12_64_FR	513	Sound	hi011b	14398640	0	1			0		other	0
SEE_12_64_FR	514	Picture	500+	14467471	0	1	5167	1	0	5000	other	0
SEE_12_64_FR	515	Picture	low_L128	14472638	0	1	30166	1	0	30000	other	0
SEE_12_64_FR	516	Picture	+	14502970	0	1	20166	1	0	39360	other	0
SEE_12_64_FR	517	Picture	hi_A013	14523137	0	1	30166	1	0	30000	other	0
SEE_12_64_FR	518	Picture	+	14553469	0	1	20166	1	0	44850	other	0
SEE_12_64_FR	519	Picture	low_A170	14573635	0	1	30166	1	0	30000	other	0
SEE_12_64_FR	520	Picture	+	14603968	0	1	82165	1	0	next	other	0
SEE_12_64_FR	521	Sound	hi202a	14623969	0	2			0		other	0
SEE_12_64_FR	522	Picture	500+	14686133	0	1	5167	1	0	5000	other	0
SEE_12_64_FR	523	Picture	hi_A068	14691299	0	1	30166	1	0	30000	other	0
SEE_12_64_FR	524	Picture	+	14721632	0	1	65832	1	0	next	other	0
SEE_12_64_FR	525	Sound	hi202b	14721632	0	1			0		other	0
SEE_12_64_FR	526	Picture	500+	14787463	0	1	5167	1	0	5000	other	0
SEE_12_64_FR	527	Picture	low_A113	14792630	0	1	30166	1	0	30000	other	0
SEE_12_64_FR	528	Picture	+	14822963	0	1	20166	1	0	40940	other	0
SEE_12_64_FR	529	Picture	hi_L139	14843129	0	1	30166	1	0	30000	other	0
SEE_12_64_FR	530	Picture	+	14873461	0	1	20166	1	0	38210	other	0
SEE_12_64_FR	531	Picture	low_F343	14893627	0	1	30166	1	0	30000	other	0
SEE_12_64_FR	532	Picture	+	14923960	0	1	77998	1	0	next	other	0
SEE_12_64_FR	533	Sound	low179a	14943961	0	1			0		other	0
SEE_12_64_FR	534	Picture	500+	15001958	0	1	5167	1	0	5000	other	0
SEE_12_64_FR	535	Picture	hi_P237	15007125	0	1	30166	1	0	30000	other	0
SEE_12_64_FR	536	Picture	+	15037290	0	1	61832	1	0	next	other	0
SEE_12_64_FR	537	Sound	low179b	15037291	0	1			0		other	0
SEE_12_64_FR	538	Picture	500+	15099122	0	1	5167	1	0	5000	other	0
SEE_12_64_FR	539	Picture	low_L167	15104455	0	1	30166	1	0	30000	other	0
SEE_12_64_FR	540	Picture	+	15134788	0	1	20166	1	0	35640	other	0
SEE_12_64_FR	541	Picture	hi_P212	15154954	0	1	30166	1	0	30000	other	0
SEE_12_64_FR	542	Picture	+	15185287	0	1	20166	1	0	32410	other	0
SEE_12_64_FR	543	Picture	low_O325	15205453	0	1	30166	1	0	30000	other	0
SEE_12_64_FR	544	Picture	+	15235786	0	1	78165	1	0	next	other	0
SEE_12_64_FR	545	Sound	hi243a	15255786	0	1			0		other	0
SEE_12_64_FR	546	Picture	500+	15313950	0	1	5167	1	0	5000	other	0
SEE_12_64_FR	547	Picture	hi_L002	15319117	0	1	30166	1	0	30000	other	0
SEE_12_64_FR	548	Picture	+	15349283	0	1	59832	1	0	next	other	0
SEE_12_64_FR	549	Sound	hi243b	15349283	0	1			0		other	0
SEE_12_64_FR	550	Picture	500+	15409114	0	1	5167	1	0	5000	other	0
SEE_12_64_FR	551	Picture	low_L127	15414281	0	1	30166	1	0	30000	other	0
SEE_12_64_FR	552	Picture	+	15444614	0	1	20166	1	0	42970	other	0
SEE_12_64_FR	553	Picture	low_L165	15464780	0	1	30166	1	0	30000	other	0
SEE_12_64_FR	554	Picture	+	15495112	0	1	20166	1	0	37000	other	0
SEE_12_64_FR	555	Picture	hi_A045	15515279	0	1	30166	1	0	30000	other	0
SEE_12_64_FR	556	Picture	+	15545611	0	1	87331	1	0	next	other	0
SEE_12_64_FR	557	Sound	hi154a	15565612	0	1			0		other	0
SEE_12_64_FR	558	Picture	500+	15632942	0	1	5167	1	0	5000	other	0
SEE_12_64_FR	559	Picture	low_L142	15638109	0	1	30166	1	0	30000	other	0
SEE_12_64_FR	560	Picture	+	15668275	0	1	66165	1	0	next	other	0
SEE_12_64_FR	561	Sound	hi154b	15668275	0	1			0		other	0
SEE_12_64_FR	562	Picture	500+	15734440	0	1	5167	1	0	5000	other	0
SEE_12_64_FR	563	Picture	hi_F272	15739606	0	1	30166	1	0	30000	other	0
SEE_12_64_FR	564	Picture	+	15769939	0	1	20166	1	0	35570	other	0
SEE_12_64_FR	565	Picture	low_L158	15790105	0	1	30166	1	0	30000	other	0
SEE_12_64_FR	566	Picture	+	15820438	0	1	20166	1	0	32160	other	0
SEE_12_64_FR	567	Picture	hi_F265	15840604	0	1	30166	1	0	30000	other	0
SEE_12_64_FR	568	Picture	+	15870936	0	1	85664	1	0	next	other	0
SEE_12_64_FR	569	Sound	hi253a	15890937	0	1			0		other	0
SEE_12_64_FR	570	Picture	500+	15956601	0	1	5167	1	0	5000	other	0
SEE_12_64_FR	571	Picture	hi_P225	15961767	0	1	30166	1	0	30000	other	0
SEE_12_64_FR	572	Picture	+	15991933	0	1	55999	1	0	next	other	0
SEE_12_64_FR	573	Sound	hi253b	15991934	0	1			0		other	0
SEE_12_64_FR	574	Picture	500+	16047932	0	1	5167	1	0	5000	other	0
SEE_12_64_FR	575	Picture	low_L141	16053265	0	1	30166	1	0	30000	other	0
SEE_12_64_FR	576	Picture	+	16083598	0	1	20166	1	0	36560	other	0
SEE_12_64_FR	577	Picture	hi_F025	16103764	0	1	30166	1	0	30000	other	0
SEE_12_64_FR	578	Picture	+	16134096	0	1	20166	1	0	32720	other	0
SEE_12_64_FR	579	Picture	low_F042	16154263	0	1	30166	1	0	30000	other	0
SEE_12_64_FR	580	Picture	+	16184595	0	1	82498	1	0	next	other	0
SEE_12_64_FR	581	Sound	low281a	16204596	0	1			0		other	0
SEE_12_64_FR	582	Picture	500+	16267093	0	1	5167	1	0	5000	other	0
SEE_12_64_FR	583	Picture	hi_F146	16272260	0	1	30166	1	0	30000	other	0
SEE_12_64_FR	584	Picture	+	16302426	0	1	55665	1	0	next	other	0
SEE_12_64_FR	585	Sound	low281b	16302426	0	1			0		other	0
SEE_12_64_FR	586	Picture	500+	16358091	0	1	5167	1	0	5000	other	0
SEE_12_64_FR	587	Picture	low_L109	16363257	0	1	30166	1	0	30000	other	0
SEE_12_64_FR	588	Picture	+	16393590	0	1	20166	1	0	38600	other	0
SEE_12_64_FR	589	Picture	low_L163	16413756	0	1	30166	1	0	30000	other	0
SEE_12_64_FR	590	Picture	+	16444089	0	1	20166	1	0	40470	other	0
SEE_12_64_FR	591	Picture	hi_F019	16464255	0	1	30166	1	0	30000	other	0
SEE_12_64_FR	592	Picture	+	16494587	0	1	78498	1	0	next	other	0
SEE_12_64_FR	593	Sound	hi010a	16514588	0	1			0		other	0
SEE_12_64_FR	594	Picture	500+	16573085	0	1	5167	1	0	5000	other	0
SEE_12_64_FR	595	Picture	hi_O105	16578419	0	1	30166	1	0	30000	other	0
SEE_12_64_FR	596	Picture	+	16608585	0	1	66998	1	0	next	other	0
SEE_12_64_FR	597	Sound	hi010b	16608585	0	1			0		other	0
SEE_12_64_FR	598	Picture	500+	16675583	0	1	5167	1	0	5000	other	0
SEE_12_64_FR	599	Picture	low_L123	16680749	0	1	30166	1	0	30000	other	0
SEE_12_64_FR	600	Picture	+	16711082	0	1	20166	1	0	35120	other	0
SEE_12_64_FR	601	Picture	hi_A039	16731248	0	1	30166	1	0	30000	other	0
SEE_12_64_FR	602	Picture	+	16761581	0	1	20166	1	0	30470	other	0
SEE_12_64_FR	603	Picture	low_L146	16781747	0	1	30166	1	0	30000	other	0
SEE_12_64_FR	604	Picture	+	16812080	0	1	75831	1	0	next	other	0
SEE_12_64_FR	605	Sound	hi241a	16832080	0	1			0		other	0
SEE_12_64_FR	606	Picture	500+	16887911	0	1	5167	1	0	5000	other	0
SEE_12_64_FR	607	Picture	hi_L177	16893077	0	1	30166	1	0	30000	other	0
SEE_12_64_FR	608	Picture	+	16923243	0	1	62498	1	0	next	other	0
SEE_12_64_FR	609	Sound	hi241b	16923244	0	1			0		other	0
SEE_12_64_FR	610	Picture	500+	16985742	0	1	5167	1	0	5000	other	0
SEE_12_64_FR	611	Picture	low_A131	16990908	0	1	30166	1	0	30000	other	0
SEE_12_64_FR	612	Picture	+	17021241	0	1	20166	1	0	43090	other	0
SEE_12_64_FR	613	Picture	hi_F290	17041407	0	1	30166	1	0	30000	other	0
SEE_12_64_FR	614	Picture	+	17071740	0	1	20166	1	0	31800	other	0
SEE_12_64_FR	615	Picture	low_L051	17091906	0	1	30166	1	0	30000	other	0
SEE_12_64_FR	616	Picture	+	17122238	0	1	87664	1	0	next	other	0
SEE_12_64_FR	617	Sound	low197a	17142239	0	1			0		other	0
SEE_12_64_FR	618	Picture	500+	17209903	0	1	5167	1	0	5000	other	0
SEE_12_64_FR	619	Picture	hi_F013	17215069	0	1	30166	1	0	30000	other	0
SEE_12_64_FR	620	Picture	+	17245235	0	1	61832	1	0	next	other	0
SEE_12_64_FR	621	Sound	low197b	17245236	0	1			0		other	0
SEE_12_64_FR	622	Picture	500+	17307067	0	1	5167	1	0	5000	other	0
SEE_12_64_FR	623	Picture	low_P109	17312234	0	1	30166	1	0	30000	other	0
SEE_12_64_FR	624	Picture	+	17342566	0	1	20166	1	0	36740	other	0
SEE_12_64_FR	625	Picture	hi_O283	17362732	0	1	30166	1	0	30000	other	0
SEE_12_64_FR	626	Picture	+	17393065	0	1	20166	1	0	39900	other	0
SEE_12_64_FR	627	Picture	low_A167	17413231	0	1	30166	1	0	30000	other	0
SEE_12_64_FR	628	Picture	+	17443564	0	1	86664	1	0	next	other	0
SEE_12_64_FR	629	Sound	hi004a	17463564	0	1			0		other	0
SEE_12_64_FR	630	Picture	500+	17530228	0	1	5167	1	0	5000	other	0
SEE_12_64_FR	631	Picture	hi_F159	17535395	0	1	30166	1	0	30000	other	0
SEE_12_64_FR	632	Picture	+	17565561	0	1	64665	1	0	next	other	0
SEE_12_64_FR	633	Sound	hi004b	17565561	0	1			0		other	0
SEE_12_64_FR	634	Picture	500+	17630226	0	1	5167	1	0	5000	other	0
SEE_12_64_FR	635	Picture	low_A108	17635392	0	1	30166	1	0	30000	other	0
SEE_12_64_FR	636	Picture	+	17665725	0	1	20166	1	0	42420	other	0
SEE_12_64_FR	637	Picture	low_F045	17685891	0	1	30166	1	0	30000	other	0
SEE_12_64_FR	638	Picture	+	17716224	0	1	20166	1	0	38260	other	0
SEE_12_64_FR	639	Picture	hi_A060	17736390	0	1	30166	1	0	30000	other	0
SEE_12_64_FR	640	Picture	+	17766722	0	1	76998	1	0	next	other	0
SEE_12_64_FR	641	Sound	low042a	17786723	0	1			0		other	0
SEE_12_64_FR	642	Picture	500+	17843720	0	1	5167	1	0	5000	other	0
SEE_12_64_FR	643	Picture	low_A128	17849054	0	1	30166	1	0	30000	other	0
SEE_12_64_FR	644	Picture	+	17879220	0	1	56832	1	0	next	other	0
SEE_12_64_FR	645	Sound	low042b	17879220	0	1			0		other	0
SEE_12_64_FR	646	Picture	500+	17936052	0	1	5167	1	0	5000	other	0
SEE_12_64_FR	647	Picture	hi_O006	17941385	0	1	30166	1	0	30000	other	0
SEE_12_64_FR	648	Picture	+	17971717	0	1	20166	1	0	30120	other	0
SEE_12_64_FR	649	Picture	hi_P009	17991883	0	1	30166	1	0	30000	other	0
SEE_12_64_FR	650	Picture	+	18022216	0	1	20166	1	0	35480	other	0
SEE_12_64_FR	651	Picture	low_P046	18042382	0	1	30166	1	0	30000	other	0
SEE_12_64_FR	652	Picture	+	18072715	0	1	79665	1	0	next	other	0
SEE_12_64_FR	653	Sound	low118a	18092716	0	1			0		other	0
SEE_12_64_FR	654	Picture	500+	18152379	0	1	5167	1	0	5000	other	0
SEE_12_64_FR	655	Picture	low_A221	18157546	0	1	30166	1	0	30000	other	0
SEE_12_64_FR	656	Picture	+	18187712	0	1	65332	1	0	next	other	0
SEE_12_64_FR	657	Sound	low118b	18187712	0	1			0		other	0
SEE_12_64_FR	658	Picture	500+	18253044	0	1	5167	1	0	5000	other	0
SEE_12_64_FR	659	Picture	hi_P226	18258210	0	1	30166	1	0	30000	other	0
SEE_12_64_FR	660	Picture	+	18288543	0	1	20166	1	0	32410	other	0
SEE_12_64_FR	661	Picture	hi_F299	18308709	0	1	30166	1	0	30000	other	0
SEE_12_64_FR	662	Picture	+	18339041	0	1	20166	1	0	38220	other	0
SEE_12_64_FR	663	Picture	low_L149	18359208	0	1	30166	1	0	30000	other	0
SEE_12_64_FR	664	Picture	+	18389540	0	1	89331	1	0	next	other	0
SEE_12_64_FR	665	Sound	low035a	18409541	0	1			0		other	0
SEE_12_64_FR	666	Picture	500+	18478871	0	1	5167	1	0	5000	other	0
SEE_12_64_FR	667	Picture	low_F333	18484038	0	1	30166	1	0	30000	other	0
SEE_12_64_FR	668	Picture	+	18514204	0	1	65332	1	0	next	other	0
SEE_12_64_FR	669	Sound	low035b	18514204	0	2			0		other	0
SEE_12_64_FR	670	Picture	500+	18579535	0	1	5167	1	0	5000	other	0
SEE_12_64_FR	671	Picture	hi_P006	18584702	0	1	30166	1	0	30000	other	0
SEE_12_64_FR	672	Picture	+	18615035	0	1	20166	1	0	31770	other	0
SEE_12_64_FR	673	Picture	low_L173	18635201	0	1	30166	1	0	30000	other	0
SEE_12_64_FR	674	Picture	+	18665533	0	1	20166	1	0	35540	other	0
SEE_12_64_FR	675	Picture	hi_A018	18685699	0	1	30166	1	0	30000	other	0
SEE_12_64_FR	676	Picture	+	18716032	0	1	86331	1	0	next	other	0
SEE_12_64_FR	677	Sound	hi169a	18736033	0	1			0		other	0
SEE_12_64_FR	678	Picture	500+	18802363	0	1	5167	1	0	5000	other	0
SEE_12_64_FR	679	Picture	low_P116	18807530	0	1	30166	1	0	30000	other	0
SEE_12_64_FR	680	Picture	+	18837696	0	1	67998	1	0	next	other	0
SEE_12_64_FR	681	Sound	hi169b	18837696	0	1			0		other	0
SEE_12_64_FR	682	Picture	500+	18905694	0	1	5167	1	0	5000	other	0
SEE_12_64_FR	683	Picture	hi_F321	18910860	0	1	30166	1	0	30000	other	0
SEE_12_64_FR	684	Picture	+	18941193	0	1	20166	1	0	33590	other	0
SEE_12_64_FR	685	Picture	hi_A001	18961359	0	1	30166	1	0	30000	other	0
SEE_12_64_FR	686	Picture	+	18991692	0	1	20166	1	0	34760	other	0
SEE_12_64_FR	687	Picture	low_P112	19011858	0	1	30166	1	0	30000	other	0
SEE_12_64_FR	688	Picture	+	19042191	0	1	86498	1	0	next	other	0
SEE_12_64_FR	689	Sound	low037a	19062191	0	1			0		other	0
SEE_12_64_FR	690	Picture	500+	19128688	0	1	5167	1	0	5000	other	0
SEE_12_64_FR	691	Picture	hi_A075	19133855	0	1	30166	1	0	30000	other	0
SEE_12_64_FR	692	Picture	+	19164188	0	1	61832	1	0	next	other	0
SEE_12_64_FR	693	Sound	low037b	19164188	0	1			0		other	0
SEE_12_64_FR	694	Picture	500+	19226019	0	1	5167	1	0	5000	other	0
SEE_12_64_FR	695	Picture	low_P108	19231186	0	1	30166	1	0	30000	other	0
SEE_12_64_FR	696	Picture	+	19261518	0	1	20166	1	0	44260	other	0
SEE_12_64_FR	697	Picture	low_L111	19281685	0	1	30166	1	0	30000	other	0
SEE_12_64_FR	698	Picture	+	19312017	0	1	20166	1	0	41840	other	0
SEE_12_64_FR	699	Picture	hi_F295	19332183	0	1	30166	1	0	30000	other	0
SEE_12_64_FR	700	Picture	+	19362516	0	1	89164	1	0	next	other	0
SEE_12_64_FR	701	Sound	low063a	19382517	0	1			0		other	0
SEE_12_64_FR	702	Picture	500+	19451680	0	1	5167	1	0	5000	other	0
SEE_12_64_FR	703	Picture	low_F244	19456847	0	1	30166	1	0	30000	other	0
SEE_12_64_FR	704	Picture	+	19487013	0	1	68998	1	0	next	other	0
SEE_12_64_FR	705	Sound	low063b	19487013	0	1			0		other	0
SEE_12_64_FR	706	Picture	500+	19556011	0	1	5167	1	0	5000	other	0
SEE_12_64_FR	707	Picture	hi_F287	19561344	0	1	30166	1	0	30000	other	0
SEE_12_64_FR	708	Picture	+	19591677	0	1	20166	1	0	38140	other	0
SEE_12_64_FR	709	Picture	hi_P230	19611843	0	1	30166	1	0	30000	other	0
SEE_12_64_FR	710	Picture	+	19642176	0	1	20166	1	0	39590	other	0
SEE_12_64_FR	711	Picture	low_A104	19662342	0	1	30166	1	0	30000	other	0
SEE_12_64_FR	712	Picture	+	19692674	0	1	75998	1	0	next	other	0
SEE_12_64_FR	713	Sound	hi217a	19712675	0	1			0		other	0
SEE_12_64_FR	714	Picture	500+	19768672	0	1	5167	1	0	5000	other	0
SEE_12_64_FR	715	Picture	hi_A059	19774006	0	1	30166	1	0	30000	other	0
SEE_12_64_FR	716	Picture	+	19804172	0	1	63165	1	0	next	other	0
SEE_12_64_FR	717	Sound	hi217b	19804172	0	1			0		other	0
SEE_12_64_FR	718	Picture	500+	19867337	0	1	5167	1	0	5000	other	0
SEE_12_64_FR	719	Picture	low_F061	19872503	0	1	30166	1	0	30000	other	0
SEE_12_64_FR	720	Picture	+	19902836	0	1	20166	1	0	37170	other	0
SEE_12_64_FR	721	Picture	hi_P208	19923002	0	1	30166	1	0	30000	other	0
SEE_12_64_FR	722	Picture	+	19953334	0	1	20166	1	0	35060	other	0
SEE_12_64_FR	723	Picture	low_A097	19973501	0	1	30166	1	0	30000	other	0
SEE_12_64_FR	724	Picture	+	20003833	0	1	81665	1	0	next	other	0
SEE_12_64_FR	725	Sound	low351a	20023834	0	1			0		other	0
SEE_12_64_FR	726	Picture	500+	20085498	0	1	5167	1	0	5000	other	0
SEE_12_64_FR	727	Picture	hi_A071	20090664	0	1	30166	1	0	30000	other	0
SEE_12_64_FR	728	Picture	+	20120997	0	1	65832	1	0	next	other	0
SEE_12_64_FR	729	Sound	low351b	20120998	0	1			0		other	0
SEE_12_64_FR	730	Picture	500+	20186829	0	1	5167	1	0	5000	other	0
SEE_12_64_FR	731	Picture	low_F324	20191995	0	1	30166	1	0	30000	other	0
SEE_12_64_FR	732	Picture	+	20222328	0	1	20166	1	0	36490	other	0
SEE_12_64_FR	733	Picture	hi_P058	20242494	0	1	30166	1	0	30000	other	0
SEE_12_64_FR	734	Picture	+	20272827	0	1	20166	1	0	36460	other	0
SEE_12_64_FR	735	Picture	low_P107	20292993	0	1	30166	1	0	30000	other	0
SEE_12_64_FR	736	Picture	+	20323325	0	1	89831	1	0	next	other	0
SEE_12_64_FR	737	Sound	hi301a	20343326	0	2			0		other	0
SEE_12_64_FR	738	Picture	500+	20413156	0	1	5167	1	0	5000	other	0
SEE_12_64_FR	739	Picture	hi_F298	20418323	0	1	30166	1	0	30000	other	0
SEE_12_64_FR	740	Picture	+	20448655	0	1	68165	1	0	next	other	0
SEE_12_64_FR	741	Sound	hi301b	20448656	0	1			0		other	0
SEE_12_64_FR	742	Picture	500+	20516820	0	1	5167	1	0	5000	other	0
SEE_12_64_FR	743	Picture	low_O043	20521987	0	1	30166	1	0	30000	other	0
SEE_12_64_FR	744	Picture	+	20552320	0	1	20166	1	0	35090	other	0
SEE_12_64_FR	745	Picture	low_P115	20572486	0	1	30166	1	0	30000	other	0
SEE_12_64_FR	746	Picture	+	20602818	0	1	20166	1	0	38930	other	0
SEE_12_64_FR	747	Picture	hi_O139	20622985	0	1	30166	1	0	30000	other	0
SEE_12_64_FR	748	Picture	+	20653317	0	1	87164	1	0	next	other	0
SEE_12_64_FR	749	Sound	low284a	20673318	0	1			0		other	0
SEE_12_64_FR	750	Picture	500+	20740482	0	1	5167	1	0	5000	other	0
SEE_12_64_FR	751	Picture	hi_P238	20745648	0	1	30166	1	0	30000	other	0
SEE_12_64_FR	752	Picture	+	20775814	0	1	56332	1	0	next	other	0
SEE_12_64_FR	753	Sound	low284b	20775815	0	1			0		other	0
SEE_12_64_FR	754	Picture	500+	20832146	0	1	5167	1	0	5000	other	0
SEE_12_64_FR	755	Picture	low_L174	20837312	0	1	30166	1	0	30000	other	0
SEE_12_64_FR	756	Picture	+	20867645	0	1	20166	1	0	36850	other	0
SEE_12_64_FR	757	Picture	hi_P037	20887811	0	1	30166	1	0	30000	other	0
SEE_12_64_FR	758	Picture	+	20918144	0	1	20166	1	0	43240	other	0
SEE_12_64_FR	759	Picture	low_F214	20938310	0	1	30166	1	0	30000	other	0
SEE_12_64_FR	760	Picture	+	20968643	0	1	78331	1	0	next	other	0
SEE_12_64_FR	761	Sound	low273a	20988643	0	1			0		other	0
SEE_12_64_FR	762	Picture	500+	21046974	0	1	5167	1	0	5000	other	0
SEE_12_64_FR	763	Picture	low_L098	21052140	0	1	30166	1	0	30000	other	0
SEE_12_64_FR	764	Picture	+	21082306	0	1	66165	1	0	next	other	0
SEE_12_64_FR	765	Sound	low273b	21082307	0	1			0		other	0
SEE_12_64_FR	766	Picture	500+	21148471	0	1	5166	1	0	5000	other	0
SEE_12_64_FR	767	Picture	hi_L005	21153638	0	1	30166	1	0	30000	other	0
SEE_12_64_FR	768	Picture	+	21183970	0	1	20166	1	0	42370	other	0
SEE_12_64_FR	769	Picture	hi_O001	21204137	0	1	30166	1	0	30000	other	0
SEE_12_64_FR	770	Picture	+	21234469	0	1	20166	1	0	32280	other	0
SEE_12_64_FR	771	Picture	low_F345	21254635	0	1	30166	1	0	30000	other	0
SEE_12_64_FR	772	Picture	+	21284968	0	1	78998	1	0	next	other	0
SEE_12_64_FR	773	Sound	low050a	21304969	0	1			0		other	0
SEE_12_64_FR	774	Picture	500+	21363966	0	1	5167	1	0	5000	other	0
SEE_12_64_FR	775	Picture	low_A158	21369133	0	1	30166	1	0	30000	other	0
SEE_12_64_FR	776	Picture	+	21399298	0	1	59499	1	0	next	other	0
SEE_12_64_FR	777	Sound	low050b	21399299	0	1			0		other	0
SEE_12_64_FR	778	Picture	500+	21458797	0	1	5167	1	0	5000	other	0
SEE_12_64_FR	779	Picture	hi_F163	21463964	0	1	30166	1	0	30000	other	0
SEE_12_64_FR	780	Picture	+	21494296	0	1	20166	1	0	34740	other	0
SEE_12_64_FR	781	Picture	low_P064	21514462	0	1	30166	1	0	30000	other	0
SEE_12_64_FR	782	Picture	+	21544795	0	1	20166	1	0	33110	other	0
SEE_12_64_FR	783	Picture	hi_P221	21564961	0	1	30166	1	0	30000	other	0
SEE_12_64_FR	784	Picture	+	21595294	0	1	81998	1	0	next	other	0
SEE_12_64_FR	785	Sound	low330a	21615295	0	1			0		other	0
SEE_12_64_FR	786	Picture	500+	21677291	0	1	5167	1	0	5000	other	0
SEE_12_64_FR	787	Picture	hi_A062	21682625	0	1	30166	1	0	30000	other	0
SEE_12_64_FR	788	Picture	+	21712791	0	1	65665	1	0	next	other	0
SEE_12_64_FR	789	Sound	low330b	21712791	0	1			0		other	0
SEE_12_64_FR	790	Picture	500+	21778456	0	1	5167	1	0	5000	other	0
SEE_12_64_FR	791	Picture	low_L050	21783622	0	1	30166	1	0	30000	other	0
SEE_12_64_FR	792	Picture	+	21813955	0	1	20166	1	0	43590	other	0
SEE_12_64_FR	793	Picture	low_L169	21834121	0	1	30166	1	0	30000	other	0
SEE_12_64_FR	794	Picture	+	21864454	0	1	20166	1	0	42180	other	0
SEE_12_64_FR	795	Picture	hi_P227	21884620	0	1	30166	1	0	30000	other	0
SEE_12_64_FR	796	Picture	+	21914952	0	1	84165	1	0	next	other	0
SEE_12_64_FR	797	Sound	hi142a	21934953	0	1			0		other	0
SEE_12_64_FR	798	Picture	500+	21999117	0	1	5167	1	0	5000	other	0
SEE_12_64_FR	799	Picture	hi_P029	22004450	0	1	30166	1	0	30000	other	0
SEE_12_64_FR	800	Picture	+	22034783	0	1	59165	1	0	next	other	0
SEE_12_64_FR	801	Sound	hi142b	22034783	0	1			0		other	0
SEE_12_64_FR	802	Picture	500+	22093948	0	1	5167	1	0	5000	other	0
SEE_12_64_FR	803	Picture	low_L094	22099114	0	1	30166	1	0	30000	other	0
SEE_12_64_FR	804	Picture	+	22129447	0	1	20166	1	0	40310	other	0
SEE_12_64_FR	805	Picture	low_A185	22149613	0	1	30166	1	0	30000	other	0
SEE_12_64_FR	806	Picture	+	22179946	0	1	20166	1	0	40130	other	0
SEE_12_64_FR	807	Picture	hi_P202	22200112	0	1	30166	1	0	30000	other	0
SEE_12_64_FR	808	Picture	+	22230444	0	1	88498	1	0	next	other	0
SEE_12_64_FR	809	Sound	low341a	22250445	0	1			0		other	0
SEE_12_64_FR	810	Picture	500+	22318942	0	1	5167	1	0	5000	other	0
SEE_12_64_FR	811	Picture	hi_F032	22324275	0	1	30166	1	0	30000	other	0
SEE_12_64_FR	812	Picture	+	22354608	0	1	64498	1	0	next	other	0
SEE_12_64_FR	813	Sound	low341b	22354609	0	1			0		other	0
SEE_12_64_FR	814	Picture	500+	22419106	0	1	5167	1	0	5000	other	0
SEE_12_64_FR	815	Picture	low_L137	22424440	0	1	30166	1	0	30000	other	0
SEE_12_64_FR	816	Picture	+	22454772	0	1	20166	1	0	42160	other	0
SEE_12_64_FR	817	Picture	low_L090	22474938	0	1	30166	1	0	30000	other	0
SEE_12_64_FR	818	Picture	+	22505271	0	1	20166	1	0	37740	other	0
SEE_12_64_FR	819	Picture	hi_F016	22525437	0	1	30166	1	0	30000	other	0
SEE_12_64_FR	820	Picture	+	22555770	0	1	89498	1	0	next	other	0
SEE_12_64_FR	821	Sound	hi249a	22575770	0	1			0		other	0
SEE_12_64_FR	822	Picture	500+	22645267	0	1	5167	1	0	5000	other	0
SEE_12_64_FR	823	Picture	low_L132	22650434	0	1	30166	1	0	30000	other	0
SEE_12_64_FR	824	Picture	+	22680600	0	1	64832	1	0	next	other	0
SEE_12_64_FR	825	Sound	hi249b	22680600	0	1			0		other	0
SEE_12_64_FR	826	Picture	500+	22745432	0	1	5167	1	0	5000	other	0
SEE_12_64_FR	827	Picture	hi_P007	22750598	0	1	30166	1	0	30000	other	0
SEE_12_64_FR	828	Picture	+	22780931	0	1	20166	1	0	40080	other	0
SEE_12_64_FR	829	Picture	hi_P015	22801097	0	1	30166	1	0	30000	other	0
SEE_12_64_FR	830	Picture	+	22831429	0	1	20166	1	0	31340	other	0
SEE_12_64_FR	831	Picture	low_A219	22851596	0	1	30166	1	0	30000	other	0
SEE_12_64_FR	832	Picture	+	22881928	0	1	81498	1	0	next	other	0
SEE_12_64_FR	833	Sound	hi314a	22901929	0	1			0		other	0
SEE_12_64_FR	834	Picture	500+	22963426	0	1	5167	1	0	5000	other	0
SEE_12_64_FR	835	Picture	low_A192	22968759	0	1	30166	1	0	30000	other	0
SEE_12_64_FR	836	Picture	+	22999092	0	1	65498	1	0	next	other	0
SEE_12_64_FR	837	Sound	hi314b	22999092	0	1			0		other	0
SEE_12_64_FR	838	Picture	500+	23064590	0	1	5167	1	0	5000	other	0
SEE_12_64_FR	839	Picture	hi_A050	23069757	0	1	30166	1	0	30000	other	0
SEE_12_64_FR	840	Picture	+	23100089	0	1	20166	1	0	35730	other	0
SEE_12_64_FR	841	Picture	low_L100	23120256	0	1	30166	1	0	30000	other	0
SEE_12_64_FR	842	Picture	+	23150588	0	1	20166	1	0	35090	other	0
SEE_12_64_FR	843	Picture	hi_O154	23170754	0	1	30166	1	0	30000	other	0
SEE_12_64_FR	844	Picture	+	23201087	0	1	78831	1	0	next	other	0
SEE_12_64_FR	845	Sound	hi012a	23221088	0	1			0		other	0
SEE_12_64_FR	846	Picture	500+	23279918	0	1	5167	1	0	5000	other	0
SEE_12_64_FR	847	Picture	hi_P215	23285085	0	1	30166	1	0	30000	other	0
SEE_12_64_FR	848	Picture	+	23315417	0	1	59332	1	0	next	other	0
SEE_12_64_FR	849	Sound	hi012b	23315418	0	1			0		other	0
SEE_12_64_FR	850	Picture	500+	23374749	0	1	5167	1	0	5000	other	0
SEE_12_64_FR	851	Picture	low_A188	23379916	0	1	30166	1	0	30000	other	0
SEE_12_64_FR	852	Picture	+	23410248	0	1	20166	1	0	38710	other	0
SEE_12_64_FR	853	Picture	hi_F293	23430414	0	1	30166	1	0	30000	other	0
SEE_12_64_FR	854	Picture	+	23460747	0	1	20166	1	0	37050	other	0
SEE_12_64_FR	855	Picture	low_A193	23480913	0	1	30166	1	0	30000	other	0
SEE_12_64_FR	856	Picture	+	23511246	0	1	78998	1	0	next	other	0
SEE_12_64_FR	857	Sound	low049a	23531247	0	1			0		other	0
SEE_12_64_FR	858	Picture	500+	23590244	0	1	5167	1	0	5000	other	0
SEE_12_64_FR	859	Picture	low_L183	23595410	0	1	30166	1	0	30000	other	0
SEE_12_64_FR	860	Picture	+	23625576	0	1	63998	1	0	next	other	0
SEE_12_64_FR	861	Sound	low049b	23625577	0	1			0		other	0
SEE_12_64_FR	862	Picture	500+	23689575	0	1	5167	1	0	5000	other	0
SEE_12_64_FR	863	Picture	hi_O202	23694741	0	1	30166	1	0	30000	other	0
SEE_12_64_FR	864	Picture	+	23725074	0	1	20166	1	0	34720	other	0
SEE_12_64_FR	865	Picture	hi_A077	23745240	0	1	30166	1	0	30000	other	0
SEE_12_64_FR	866	Picture	+	23775572	0	1	20166	1	0	39930	other	0
SEE_12_64_FR	867	Picture	low_L131	23795739	0	1	30166	1	0	30000	other	0
SEE_12_64_FR	868	Picture	+	23826071	0	1	78665	1	0	next	other	0
SEE_12_64_FR	869	Sound	hi002a	23846072	0	1			0		other	0
SEE_12_64_FR	870	Picture	500+	23904736	0	1	5167	1	0	5000	other	0
SEE_12_64_FR	871	Picture	low_F087	23909903	0	1	30166	1	0	30000	other	0
SEE_12_64_FR	872	Picture	+	23940068	0	1	58165	1	0	next	other	0
SEE_12_64_FR	873	Sound	hi002b	23940069	0	1			0		other	0
SEE_12_64_FR	874	Picture	500+	23998234	0	1	5167	1	0	5000	other	0
SEE_12_64_FR	875	Picture	hi_O003	24003567	0	1	30166	1	0	30000	other	0
SEE_12_64_FR	876	Picture	+	24033899	0	1	20166	1	0	39240	other	0
SEE_12_64_FR	877	Picture	low_F138	24054066	0	1	30166	1	0	30000	other	0
SEE_12_64_FR	878	Picture	+	24084398	0	1	20166	1	0	35460	other	0
SEE_12_64_FR	879	Picture	hi_A073	24104564	0	1	30166	1	0	30000	other	0
SEE_12_64_FR	880	Picture	+	24134897	0	1	85498	1	0	next	other	0
SEE_12_64_FR	881	Sound	hi244a	24154898	0	1			0		other	0
SEE_12_64_FR	882	Picture	500+	24220395	0	1	5167	1	0	5000	other	0
SEE_12_64_FR	883	Picture	hi_A048	24225561	0	1	30166	1	0	30000	other	0
SEE_12_64_FR	884	Picture	+	24255894	0	1	68832	1	0	next	other	0
SEE_12_64_FR	885	Sound	hi244b	24255894	0	1			0		other	0
SEE_12_64_FR	886	Picture	500+	24324725	0	1	5167	1	0	5000	other	0
SEE_12_64_FR	887	Picture	low_L062	24330059	0	1	30166	1	0	30000	other	0
SEE_12_64_FR	888	Picture	+	24360391	0	1	20166	1	0	43570	other	0
SEE_12_64_FR	889	Picture	hi_P143	24380557	0	1	30166	1	0	30000	other	0
SEE_12_64_FR	890	Picture	+	24410890	0	1	20166	1	0	36230	other	0
SEE_12_64_FR	891	Picture	low_L180	24431056	0	1	30166	1	0	30000	other	0
SEE_12_64_FR	892	Picture	+	24461389	0	1	79831	1	0	next	other	0
SEE_12_64_FR	893	Sound	low048a	24481389	0	1			0		other	0
SEE_12_64_FR	894	Picture	500+	24541220	0	1	5167	1	0	5000	other	0
SEE_12_64_FR	895	Picture	low_F111	24546553	0	1	30166	1	0	30000	other	0
SEE_12_64_FR	896	Picture	+	24576719	0	1	69998	1	0	next	other	0
SEE_12_64_FR	897	Sound	low048b	24576720	0	1			0		other	0
SEE_12_64_FR	898	Picture	500+	24646717	0	1	5167	1	0	5000	other	0
SEE_12_64_FR	899	Picture	hi_A007	24652051	0	1	30166	1	0	30000	other	0
SEE_12_64_FR	900	Picture	+	24682383	0	1	20166	1	0	34480	other	0
SEE_12_64_FR	901	Picture	low_F125	24702549	0	1	30166	1	0	30000	other	0
SEE_12_64_FR	902	Picture	+	24732882	0	1	20166	1	0	40040	other	0
SEE_12_64_FR	903	Picture	hi_F277	24753048	0	1	30166	1	0	30000	other	0
SEE_12_64_FR	904	Picture	+	24783381	0	1	85331	1	0	next	other	0
SEE_12_64_FR	905	Sound	hi103a	24803381	0	1			0		other	0
SEE_12_64_FR	906	Picture	500+	24868712	0	1	5167	1	0	5000	other	0
SEE_12_64_FR	907	Picture	low_A136	24873878	0	1	30166	1	0	30000	other	0
SEE_12_64_FR	908	Picture	+	24904044	0	1	68165	1	0	next	other	0
SEE_12_64_FR	909	Sound	hi103b	24904045	0	1			0		other	0
SEE_12_64_FR	910	Picture	500+	24972209	0	1	5167	1	0	5000	other	0
SEE_12_64_FR	911	Picture	hi_P032	24977376	0	1	30166	1	0	30000	other	0
SEE_12_64_FR	912	Picture	+	25007708	0	1	20166	1	0	33960	other	0
SEE_12_64_FR	913	Picture	hi_A025	25027875	0	1	30166	1	0	30000	other	0
SEE_12_64_FR	914	Picture	+	25058207	0	1	20166	1	0	34400	other	0
SEE_12_64_FR	915	Picture	low_L143	25078373	0	1	30166	1	0	30000	other	0
SEE_12_64_FR	916	Picture	+	25108706	0	1	81665	1	0	next	other	0
SEE_12_64_FR	917	Sound	hi214a	25128707	0	1			0		other	0
SEE_12_64_FR	918	Picture	500+	25190371	0	1	5167	1	0	5000	other	0
SEE_12_64_FR	919	Picture	hi_P233	25195537	0	1	30166	1	0	30000	other	0
SEE_12_64_FR	920	Picture	+	25225703	0	1	64165	1	0	next	other	0
SEE_12_64_FR	921	Sound	hi214b	25225704	0	1			0		other	0
SEE_12_64_FR	922	Picture	500+	25289868	0	1	5167	1	0	5000	other	0
SEE_12_64_FR	923	Picture	low_F089	25295035	0	1	30166	1	0	30000	other	0
SEE_12_64_FR	924	Picture	+	25325367	0	1	20166	1	0	44760	other	0
SEE_12_64_FR	925	Picture	hi_F018	25345533	0	1	30166	1	0	30000	other	0
SEE_12_64_FR	926	Picture	+	25375866	0	1	20166	1	0	31080	other	0
SEE_12_64_FR	927	Picture	low_P054	25396032	0	1	30166	1	0	30000	other	0
SEE_12_64_FR	928	Picture	+	25426365	0	1	85665	1	0	next	other	0
SEE_12_64_FR	929	Sound	low079a	25446366	0	2			0		other	0
SEE_12_64_FR	930	Picture	500+	25512029	0	1	5167	1	0	5000	other	0
SEE_12_64_FR	931	Picture	hi_P222	25517196	0	1	30166	1	0	30000	other	0
SEE_12_64_FR	932	Picture	+	25547528	0	1	62998	1	0	next	other	0
SEE_12_64_FR	933	Sound	low079b	25547529	0	1			0		other	0
SEE_12_64_FR	934	Picture	500+	25610527	0	1	5167	1	0	5000	other	0
SEE_12_64_FR	935	Picture	low_A201	25615693	0	1	30166	1	0	30000	other	0
SEE_12_64_FR	936	Picture	+	25646026	0	1	20166	1	0	42030	other	0
SEE_12_64_FR	937	Picture	low_L104	25666192	0	1	30166	1	0	30000	other	0
SEE_12_64_FR	938	Picture	+	25696525	0	1	20166	1	0	35130	other	0
SEE_12_64_FR	939	Picture	hi_F007	25716691	0	1	30166	1	0	30000	other	0
SEE_12_64_FR	940	Picture	+	25747023	0	1	79998	1	0	next	other	0
SEE_12_64_FR	941	Sound	low071a	25767024	0	1			0		other	0
SEE_12_64_FR	942	Picture	500+	25827021	0	1	5167	1	0	5000	other	0
SEE_12_64_FR	943	Picture	low_P104	25832188	0	1	30166	1	0	30000	other	0
SEE_12_64_FR	944	Picture	+	25862354	0	1	62165	1	0	next	other	0
SEE_12_64_FR	945	Sound	low071b	25862354	0	1			0		other	0
SEE_12_64_FR	946	Picture	500+	25924519	0	1	5167	1	0	5000	other	0
SEE_12_64_FR	947	Picture	hi_A072	25929685	0	1	30166	1	0	30000	other	0
SEE_12_64_FR	948	Picture	+	25960018	0	1	20166	1	0	40390	other	0
SEE_12_64_FR	949	Picture	low_L179	25980184	0	1	30166	1	0	30000	other	0
SEE_12_64_FR	950	Picture	+	26010517	0	1	20166	1	0	37700	other	0
SEE_12_64_FR	951	Picture	hi_P132	26030683	0	1	30166	1	0	30000	other	0
SEE_12_64_FR	952	Picture	+	26061016	0	1	85665	1	0	next	other	0
SEE_12_64_FR	953	Sound	low024a	26081016	0	1			0		other	0
SEE_12_64_FR	954	Picture	500+	26146680	0	1	5166	1	0	5000	other	0
SEE_12_64_FR	955	Picture	hi_F003	26151847	0	1	30166	1	0	30000	other	0
SEE_12_64_FR	956	Picture	+	26182012	0	1	60665	1	0	next	other	0
SEE_12_64_FR	957	Sound	low024b	26182013	0	1			0		other	0
SEE_12_64_FR	958	Picture	500+	26242678	0	1	5167	1	0	5000	other	0
SEE_12_64_FR	959	Picture	low_L147	26247844	0	1	30166	1	0	30000	other	0
SEE_12_64_FR	960	Picture	+	26278177	0	1	20166	1	0	31120	other	0
SEE_12_64_FR	961	Picture	low_L016	26298343	0	1	30166	1	0	30000	other	0
SEE_12_64_FR	962	Picture	+	26328676	0	1	20166	1	0	34030	other	0
SEE_12_64_FR	963	Picture	hi_P243	26348842	0	1	30166	1	0	30000	other	0
SEE_12_64_FR	964	Picture	+	26379174	0	1	86164	1	0	next	other	0
SEE_12_64_FR	965	Sound	low171a	26399175	0	1			0		other	0
SEE_12_64_FR	966	Picture	500+	26465339	0	1	5167	1	0	5000	other	0
SEE_12_64_FR	967	Picture	low_F224	26470672	0	1	30166	1	0	30000	other	0
SEE_12_64_FR	968	Picture	+	26500838	0	1	65165	1	0	next	other	0
SEE_12_64_FR	969	Sound	low171b	26500838	0	1			0		other	0
SEE_12_64_FR	970	Picture	500+	26566003	0	1	5167	1	0	5000	other	0
SEE_12_64_FR	971	Picture	hi_F174	26571169	0	1	30166	1	0	30000	other	0
SEE_12_64_FR	972	Picture	+	26601502	0	1	20166	1	0	31460	other	0
SEE_12_64_FR	973	Picture	hi_P220	26621668	0	1	30166	1	0	30000	other	0
SEE_12_64_FR	974	Picture	+	26652001	0	1	20166	1	0	31660	other	0
SEE_12_64_FR	975	Picture	low_L113	26672167	0	1	30166	1	0	30000	other	0
SEE_12_64_FR	976	Picture	+	26702500	0	1	79998	1	0	next	other	0
SEE_12_64_FR	977	Sound	hi014a	26722501	0	2			0		other	0
SEE_12_64_FR	978	Picture	500+	26782497	0	1	5167	1	0	5000	other	0
SEE_12_64_FR	979	Picture	hi_F038	26787664	0	1	30166	1	0	30000	other	0
SEE_12_64_FR	980	Picture	+	26817830	0	1	59332	1	0	next	other	0
SEE_12_64_FR	981	Sound	hi014b	26817831	0	1			0		other	0
SEE_12_64_FR	982	Picture	500+	26877162	0	1	5167	1	0	5000	other	0
SEE_12_64_FR	983	Picture	low_A126	26882328	0	1	30166	1	0	30000	other	0
SEE_12_64_FR	984	Picture	+	26912661	0	1	20166	1	0	41180	other	0
SEE_12_64_FR	985	Picture	hi_F366	26932827	0	1	30166	1	0	30000	other	0
SEE_12_64_FR	986	Picture	+	26963160	0	1	20166	1	0	42300	other	0
SEE_12_64_FR	987	Picture	low_P149	26983326	0	1	30166	1	0	30000	other	0
SEE_12_64_FR	988	Picture	+	27013658	0	1	85165	1	0	next	other	0
SEE_12_64_FR	989	Sound	low053a	27033659	0	1			0		other	0
SEE_12_64_FR	990	Picture	500+	27098823	0	1	5167	1	0	5000	other	0
SEE_12_64_FR	991	Picture	hi_O328	27103990	0	1	30166	1	0	30000	other	0
SEE_12_64_FR	992	Picture	+	27134322	0	1	65665	1	0	next	other	0
SEE_12_64_FR	993	Sound	low053b	27134323	0	1			0		other	0
SEE_12_64_FR	994	Picture	500+	27199987	0	1	5167	1	0	5000	other	0
SEE_12_64_FR	995	Picture	low_L089	27205320	0	1	30166	1	0	30000	other	0
SEE_12_64_FR	996	Picture	+	27235653	0	1	20166	1	0	35650	other	0
SEE_12_64_FR	997	Picture	hi_F172	27255819	0	1	30166	1	0	30000	other	0
SEE_12_64_FR	998	Picture	+	27286152	0	1	20166	1	0	36250	other	0
SEE_12_64_FR	999	Picture	low_L134	27306318	0	1	30166	1	0	30000	other	0
SEE_12_64_FR	1000	Picture	+	27336650	0	1	75331	1	0	next	other	0
SEE_12_64_FR	1001	Sound	low031a	27356651	0	1			0		other	0
SEE_12_64_FR	1002	Picture	500+	27411982	0	1	5167	1	0	5000	other	0
SEE_12_64_FR	1003	Picture	low_F098	27417315	0	1	30166	1	0	30000	other	0
SEE_12_64_FR	1004	Picture	+	27447481	0	1	69665	1	0	next	other	0
SEE_12_64_FR	1005	Sound	low031b	27447482	0	1			0		other	0
SEE_12_64_FR	1006	Picture	500+	27517146	0	1	5167	1	0	5000	other	0
SEE_12_64_FR	1007	Picture	hi_A016	27522312	0	1	30166	1	0	30000	other	0
SEE_12_64_FR	1008	Picture	+	27552645	0	1	20166	1	0	31550	other	0
SEE_12_64_FR	1009	Picture	low_P152	27572811	0	1	30166	1	0	30000	other	0
SEE_12_64_FR	1010	Picture	+	27603144	0	1	20166	1	0	44960	other	0
SEE_12_64_FR	1011	Picture	hi_F270	27623310	0	1	30166	1	0	30000	other	0
SEE_12_64_FR	1012	Picture	+	27653642	0	1	76498	1	0	next	other	0
SEE_12_64_FR	1013	Sound	hi139a	27673643	0	1			0		other	0
SEE_12_64_FR	1014	Picture	500+	27730141	0	1	5167	1	0	5000	other	0
SEE_12_64_FR	1015	Picture	low_P168	27735307	0	1	30166	1	0	30000	other	0
SEE_12_64_FR	1016	Picture	+	27765473	0	1	64998	1	0	next	other	0
SEE_12_64_FR	1017	Sound	hi139b	27765474	0	1			0		other	0
SEE_12_64_FR	1018	Picture	500+	27830471	0	1	5167	1	0	5000	other	0
SEE_12_64_FR	1019	Picture	hi_F034	27835638	0	1	30166	1	0	30000	other	0
SEE_12_64_FR	1020	Picture	+	27865971	0	1	20166	1	0	38250	other	0
SEE_12_64_FR	1021	Picture	low_O214	27886137	0	1	30166	1	0	30000	other	0
SEE_12_64_FR	1022	Picture	+	27916469	0	1	20166	1	0	31710	other	0
SEE_12_64_FR	1023	Picture	hi_P234	27936635	0	1	30166	1	0	30000	other	0
SEE_12_64_FR	1024	Picture	+	27966968	0	1	75498	1	0	next	other	0
SEE_12_64_FR	1025	Sound	low087a	27986969	0	1			0		other	0
SEE_12_64_FR	1026	Picture	500+	28042466	0	1	5167	1	0	5000	other	0
SEE_12_64_FR	1027	Picture	low_L102	28047633	0	1	30166	1	0	30000	other	0
SEE_12_64_FR	1028	Picture	+	28077799	0	1	55832	1	0	next	other	0
SEE_12_64_FR	1029	Sound	low087b	28077799	0	1			0		other	0
SEE_12_64_FR	1030	Picture	500+	28133631	0	1	5167	1	0	5000	other	0
SEE_12_64_FR	1031	Picture	hi_A021	28138964	0	1	30166	1	0	30000	other	0
SEE_12_64_FR	1032	Picture	+	28169296	0	1	20166	1	0	36780	other	0
SEE_12_64_FR	1033	Picture	hi_A056	28189462	0	1	30166	1	0	30000	other	0
SEE_12_64_FR	1034	Picture	+	28219795	0	1	20166	1	0	35950	other	0
SEE_12_64_FR	1035	Picture	low_A217	28239961	0	1	30166	1	0	30000	other	0
SEE_12_64_FR	1036	Picture	+	28270294	0	1	84831	1	0	next	other	0
SEE_12_64_FR	1037	Sound	hi158a	28290295	0	1			0		other	0
SEE_12_64_FR	1038	Picture	500+	28355125	0	1	5167	1	0	5000	other	0
SEE_12_64_FR	1039	Picture	hi_A063	28360292	0	1	30166	1	0	30000	other	0
SEE_12_64_FR	1040	Picture	+	28390457	0	1	59832	1	0	next	other	0
SEE_12_64_FR	1041	Sound	hi158b	28390458	0	1			0		other	0
SEE_12_64_FR	1042	Picture	500+	28450289	0	1	5167	1	0	5000	other	0
SEE_12_64_FR	1043	Picture	low_A182	28455623	0	1	30166	1	0	30000	other	0
SEE_12_64_FR	1044	Picture	+	28485955	0	1	20166	1	0	33530	other	0
SEE_12_64_FR	1045	Picture	hi_P086	28506121	0	1	30166	1	0	30000	other	0
SEE_12_64_FR	1046	Picture	+	28536454	0	1	20166	1	0	32290	other	0
SEE_12_64_FR	1047	Picture	low_L157	28556620	0	1	30166	1	0	30000	other	0
SEE_12_64_FR	1048	Picture	+	28586953	0	1	83998	1	0	next	other	0
SEE_12_64_FR	1049	Sound	low345a	28606953	0	1			0		other	0
SEE_12_64_FR	1050	Picture	500+	28670950	0	1	5167	1	0	5000	other	0
SEE_12_64_FR	1051	Picture	hi_P246	28676117	0	1	30166	1	0	30000	other	0
SEE_12_64_FR	1052	Picture	+	28706450	0	1	65165	1	0	next	other	0
SEE_12_64_FR	1053	Sound	low345b	28706450	0	1			0		other	0
SEE_12_64_FR	1054	Picture	500+	28771615	0	1	5167	1	0	5000	other	0
SEE_12_64_FR	1055	Picture	low_A139	28776781	0	1	30166	1	0	30000	other	0
SEE_12_64_FR	1056	Picture	+	28807114	0	1	20166	1	0	39190	other	0
SEE_12_64_FR	1057	Picture	low_A169	28827280	0	1	30166	1	0	30000	other	0
SEE_12_64_FR	1058	Picture	+	28857612	0	1	20166	1	0	31560	other	0
SEE_12_64_FR	1059	Picture	hi_A034	28877779	0	1	30166	1	0	30000	other	0
SEE_12_64_FR	1060	Picture	+	28908111	0	1	79831	1	0	next	other	0
SEE_12_64_FR	1061	Sound	low057a	28928112	0	1			0		other	0
SEE_12_64_FR	1062	Picture	500+	28987943	0	1	5167	1	0	5000	other	0
SEE_12_64_FR	1063	Picture	low_A146	28993109	0	1	30166	1	0	30000	other	0
SEE_12_64_FR	1064	Picture	+	29023275	0	1	60665	1	0	next	other	0
SEE_12_64_FR	1065	Sound	low057b	29023276	0	1			0		other	0
SEE_12_64_FR	1066	Picture	500+	29083940	0	1	5167	1	0	5000	other	0
SEE_12_64_FR	1067	Picture	hi_F291	29089107	0	1	30166	1	0	30000	other	0
SEE_12_64_FR	1068	Picture	+	29119439	0	1	20166	1	0	30670	other	0
SEE_12_64_FR	1069	Picture	hi_O132	29139605	0	1	30166	1	0	30000	other	0
SEE_12_64_FR	1070	Picture	+	29169938	0	1	20166	1	0	35780	other	0
SEE_12_64_FR	1071	Picture	low_O219	29190104	0	1	30166	1	0	30000	other	0
SEE_12_64_FR	1072	Picture	+	29220437	0	1	77498	1	0	next	other	0
SEE_12_64_FR	1073	Sound	low282a	29240438	0	1			0		other	0
SEE_12_64_FR	1074	Picture	500+	29297935	0	1	5166	1	0	5000	other	0
SEE_12_64_FR	1075	Picture	hi_P144	29303101	0	1	30166	1	0	30000	other	0
SEE_12_64_FR	1076	Picture	+	29333267	0	1	59332	1	0	next	other	0
SEE_12_64_FR	1077	Sound	low282b	29333268	0	1			0		other	0
SEE_12_64_FR	1078	Picture	500+	29392599	0	1	5167	1	0	5000	other	0
SEE_12_64_FR	1079	Picture	low_F123	29397766	0	1	30166	1	0	30000	other	0
SEE_12_64_FR	1080	Picture	+	29428098	0	1	20166	1	0	35610	other	0
SEE_12_64_FR	1081	Picture	low_L119	29448264	0	1	30166	1	0	30000	other	0
SEE_12_64_FR	1082	Picture	+	29478597	0	1	20166	1	0	43190	other	0
SEE_12_64_FR	1083	Picture	hi_F283	29498763	0	1	30166	1	0	30000	other	0
SEE_12_64_FR	1084	Picture	+	29529096	0	1	87664	1	0	next	other	0
SEE_12_64_FR	1085	Sound	hi007a	29549097	0	1			0		other	0
SEE_12_64_FR	1086	Picture	500+	29616760	0	1	5167	1	0	5000	other	0
SEE_12_64_FR	1087	Picture	hi_P216	29621927	0	1	30166	1	0	30000	other	0
SEE_12_64_FR	1088	Picture	+	29652259	0	1	60832	1	0	next	other	0
SEE_12_64_FR	1089	Sound	hi007b	29652260	0	1			0		other	0
SEE_12_64_FR	1090	Picture	500+	29713091	0	1	5167	1	0	5000	other	0
SEE_12_64_FR	1091	Picture	low_L164	29718258	0	1	30166	1	0	30000	other	0
SEE_12_64_FR	1092	Picture	+	29748590	0	1	20166	1	0	44120	other	0
SEE_12_64_FR	1093	Picture	low_A161	29768756	0	1	30166	1	0	30000	other	0
SEE_12_64_FR	1094	Picture	+	29799089	0	1	20166	1	0	43990	other	0
SEE_12_64_FR	1095	Picture	hi_P040	29819255	0	1	30166	1	0	30000	other	0
SEE_12_64_FR	1096	Picture	+	29849588	0	1	85831	1	0	next	other	0
SEE_12_64_FR	1097	Sound	low149a	29869588	0	1			0		other	0
SEE_12_64_FR	1098	Picture	500+	29935419	0	1	5167	1	0	5000	other	0
SEE_12_64_FR	1099	Picture	hi_F367	29940586	0	1	30166	1	0	30000	other	0
SEE_12_64_FR	1100	Picture	+	29970751	0	1	62165	1	0	next	other	0
SEE_12_64_FR	1101	Sound	low149b	29970752	0	1			0		other	0
SEE_12_64_FR	1102	Picture	500+	30032916	0	1	5167	1	0	5000	other	0
SEE_12_64_FR	1103	Picture	low_L083	30038083	0	1	30166	1	0	30000	other	0
SEE_12_64_FR	1104	Picture	+	30068416	0	1	20166	1	0	34840	other	0
SEE_12_64_FR	1105	Picture	hi_A027	30088582	0	1	30166	1	0	30000	other	0
SEE_12_64_FR	1106	Picture	+	30118914	0	1	20166	1	0	41110	other	0
SEE_12_64_FR	1107	Picture	low_L148	30139081	0	1	30166	1	0	30000	other	0
SEE_12_64_FR	1108	Picture	+	30169413	0	1	77165	1	0	next	other	0
SEE_12_64_FR	1109	Sound	low279a	30189414	0	1			0		other	0
SEE_12_64_FR	1110	Picture	500+	30246578	0	1	5167	1	0	5000	other	0
SEE_12_64_FR	1111	Picture	low_P055	30251744	0	1	30166	1	0	30000	other	0
SEE_12_64_FR	1112	Picture	+	30281910	0	1	56332	1	0	next	other	0
SEE_12_64_FR	1113	Sound	low279b	30281911	0	1			0		other	0
SEE_12_64_FR	1114	Picture	500+	30338242	0	1	5167	1	0	5000	other	0
SEE_12_64_FR	1115	Picture	hi_P235	30343409	0	1	30166	1	0	30000	other	0
SEE_12_64_FR	1116	Picture	+	30373741	0	1	20166	1	0	44180	other	0
SEE_12_64_FR	1117	Picture	low_P154	30393908	0	1	30166	1	0	30000	other	0
SEE_12_64_FR	1118	Picture	+	30424240	0	1	20166	1	0	43500	other	0
SEE_12_64_FR	1119	Picture	hi_O300	30444406	0	1	30166	1	0	30000	other	0
SEE_12_64_FR	1120	Picture	+	30474739	0	1	87831	1	0	next	other	0
SEE_12_64_FR	1121	Sound	hi250a	30494740	0	1			0		other	0
SEE_12_64_FR	1122	Picture	500+	30562570	0	1	5167	1	0	5000	other	0
SEE_12_64_FR	1123	Picture	hi_P232	30567737	0	1	30166	1	0	30000	other	0
SEE_12_64_FR	1124	Picture	+	30597902	0	1	67998	1	0	next	other	0
SEE_12_64_FR	1125	Sound	hi250b	30597903	0	1			0		other	0
SEE_12_64_FR	1126	Picture	500+	30665901	0	1	5167	1	0	5000	other	0
SEE_12_64_FR	1127	Picture	low_F121	30671067	0	1	30166	1	0	30000	other	0
SEE_12_64_FR	1128	Picture	+	30701400	0	1	20166	1	0	33700	other	0
SEE_12_64_FR	1129	Picture	hi_P127	30721566	0	1	30166	1	0	30000	other	0
SEE_12_64_FR	1130	Picture	+	30751899	0	1	20166	1	0	34700	other	0
SEE_12_64_FR	1131	Picture	low_F047	30772065	0	1	30166	1	0	30000	other	0
SEE_12_64_FR	1132	Picture	+	30802397	0	1	85831	1	0	next	other	0
SEE_12_64_FR	1133	Sound	low277a	30822398	0	1			0		other	0
SEE_12_64_FR	1134	Picture	500+	30888229	0	1	5166	1	0	5000	other	0
SEE_12_64_FR	1135	Picture	hi_F368	30893562	0	1	30166	1	0	30000	other	0
SEE_12_64_FR	1136	Picture	+	30923894	0	1	66165	1	0	next	other	0
SEE_12_64_FR	1137	Sound	low277b	30923895	0	1			0		other	0
SEE_12_64_FR	1138	Picture	500+	30990059	0	1	5167	1	0	5000	other	0
SEE_12_64_FR	1139	Picture	low_F052	30995226	0	1	30166	1	0	30000	other	0
SEE_12_64_FR	1140	Picture	+	31025558	0	1	20166	1	0	37200	other	0
SEE_12_64_FR	1141	Picture	low_A100	31045725	0	1	30166	1	0	30000	other	0
SEE_12_64_FR	1142	Picture	+	31076057	0	1	20166	1	0	36300	other	0
SEE_12_64_FR	1143	Picture	hi_F273	31096223	0	1	30166	1	0	30000	other	0
SEE_12_64_FR	1144	Picture	+	31126556	0	1	85498	1	0	next	other	0
SEE_12_64_FR	1145	Sound	low271a	31146557	0	1			0		other	0
SEE_12_64_FR	1146	Picture	500+	31212054	0	1	5167	1	0	5000	other	0
SEE_12_64_FR	1147	Picture	low_L117	31217220	0	1	30166	1	0	30000	other	0
SEE_12_64_FR	1148	Picture	+	31247386	0	1	62832	1	0	next	other	0
SEE_12_64_FR	1149	Sound	low271b	31247387	0	1			0		other	0
SEE_12_64_FR	1150	Picture	500+	31310218	0	1	5167	1	0	5000	other	0
SEE_12_64_FR	1151	Picture	hi_P140	31315385	0	1	30166	1	0	30000	other	0
SEE_12_64_FR	1152	Picture	+	31345717	0	1	20166	1	0	36000	other	0
SEE_12_64_FR	1153	Picture	low_L072	31365883	0	1	30166	1	0	30000	other	0
SEE_12_64_FR	1154	Picture	+	31396216	0	1	20166	1	0	32000	other	0
SEE_12_64_FR	1155	Picture	hi_P223	31416382	0	1	30166	1	0	30000	other	0
SEE_12_64_FR	1156	Picture	+	31446715	0	1	76165	1	0	next	other	0
SEE_12_64_FR	1157	Sound	hi110a	31466716	0	1			0		other	0
SEE_12_64_FR	1158	Picture	500+	31522879	0	1	5167	1	0	5000	other	0
SEE_12_64_FR	1159	Picture	hi_F170	31528046	0	1	30166	1	0	30000	other	0
SEE_12_64_FR	1160	Picture	+	31558212	0	1	56665	1	0	next	other	0
SEE_12_64_FR	1161	Sound	hi110b	31558212	0	1			0		other	0
SEE_12_64_FR	1162	Picture	500+	31614877	0	1	5167	1	0	5000	other	0
SEE_12_64_FR	1163	Picture	low_L124	31620044	0	1	30166	1	0	30000	other	0
SEE_12_64_FR	1164	Picture	+	31650376	0	1	20166	1	0	38460	other	0
SEE_12_64_FR	1165	Picture	low_A214	31670542	0	1	30166	1	0	30000	other	0
SEE_12_64_FR	1166	Picture	+	31700875	0	1	20166	1	0	33140	other	0
SEE_12_64_FR	1167	Picture	hi_A054	31721041	0	1	30166	1	0	30000	other	0
SEE_12_64_FR	1168	Picture	+	31751374	0	1	87998	1	0	next	other	0
SEE_12_64_FR	1169	Sound	low089a	31771374	0	1			0		other	0
SEE_12_64_FR	1170	Picture	500+	31839372	0	1	5167	1	0	5000	other	0
SEE_12_64_FR	1171	Picture	low_L125	31844538	0	1	30166	1	0	30000	other	0
SEE_12_64_FR	1172	Picture	+	31874704	0	1	58998	1	0	next	other	0
SEE_12_64_FR	1173	Sound	low089b	31874705	0	1			0		other	0
SEE_12_64_FR	1174	Picture	500+	31933702	0	1	5167	1	0	5000	other	0
SEE_12_64_FR	1175	Picture	hi_P200	31938869	0	1	30166	1	0	30000	other	0
SEE_12_64_FR	1176	Picture	+	31969202	0	1	20166	1	0	41890	other	0
SEE_12_64_FR	1177	Picture	hi_O002	31989368	0	1	30166	1	0	30000	other	0
SEE_12_64_FR	1178	Picture	+	32019700	0	1	20166	1	0	40260	other	0
SEE_12_64_FR	1179	Picture	low_P113	32039867	0	1	30166	1	0	30000	other	0
SEE_12_64_FR	1180	Picture	+	32070199	0	1	77331	1	0	next	other	0
SEE_12_64_FR	1181	Sound	low278a	32090200	0	2			0		other	0
SEE_12_64_FR	1182	Picture	500+	32147531	0	1	5166	1	0	5000	other	0
SEE_12_64_FR	1183	Picture	low_A095	32152697	0	1	30166	1	0	30000	other	0
SEE_12_64_FR	1184	Picture	+	32182863	0	1	61998	1	0	next	other	0
SEE_12_64_FR	1185	Sound	low278b	32182864	0	1			0		other	0
SEE_12_64_FR	1186	Picture	500+	32244861	0	1	5167	1	0	5000	other	0
SEE_12_64_FR	1187	Picture	hi_A078	32250028	0	1	30166	1	0	30000	other	0
SEE_12_64_FR	1188	Picture	+	32280361	0	1	20166	1	0	39180	other	0
SEE_12_64_FR	1189	Picture	hi_P038	32300527	0	1	30166	1	0	30000	other	0
SEE_12_64_FR	1190	Picture	+	32330859	0	1	20166	1	0	44140	other	0
SEE_12_64_FR	1191	Picture	low_P195	32351025	0	1	30166	1	0	30000	other	0
SEE_12_64_FR	1192	Picture	+	32381358	0	1	88998	1	0	next	other	0
SEE_12_64_FR	1193	Sound	hi206a	32401359	0	1			0		other	0
SEE_12_64_FR	1194	Picture	500+	32470356	0	1	5167	1	0	5000	other	0
SEE_12_64_FR	1195	Picture	low_F203	32475522	0	1	30166	1	0	30000	other	0
SEE_12_64_FR	1196	Picture	+	32505688	0	1	66498	1	0	next	other	0
SEE_12_64_FR	1197	Sound	hi206b	32505689	0	1			0		other	0
SEE_12_64_FR	1198	Picture	500+	32572187	0	1	5167	1	0	5000	other	0
SEE_12_64_FR	1199	Picture	hi_P005	32577353	0	1	30166	1	0	30000	other	0
SEE_12_64_FR	1200	Picture	+	32607686	0	1	20166	1	0	37310	other	0
SEE_12_64_FR	1201	Picture	hi_A030	32627851	0	1	30166	1	0	30000	other	0
SEE_12_64_FR	1202	Picture	+	32658184	0	1	20166	1	0	37220	other	0
SEE_12_64_FR	1203	Picture	low_L046	32678351	0	1	30166	1	0	30000	other	0
SEE_12_64_FR	1204	Picture	+	32708683	0	1	20166	1	0	next	other	0
