Scenario - 
Logfile written - 03/03/2016 13:47:08

Subject	Trial	Event Type	Code	Time	TTime	Uncertainty	Duration	Uncertainty	ReqTime	ReqDur	Stim Type	Pair Index

SEE-01-3.3-FR32	1	Response	1000	255360	255216	0
SEE-01-3.3-FR32	3	Picture	+	295660	0	1	69332	1	0	next	other	0
SEE-01-3.3-FR32	5	Sound	low031a	295661	0	1			0		other	0
SEE-01-3.3-FR32	6	Picture	500+	364992	0	1	5167	1	0	5000	other	0
SEE-01-3.3-FR32	7	Picture	low_P153	370158	0	1	30166	1	0	30000	other	0
SEE-01-3.3-FR32	8	Picture	+	400491	0	1	55999	1	0	next	other	0
SEE-01-3.3-FR32	9	Sound	low031b	400492	0	1			0		other	0
SEE-01-3.3-FR32	10	Picture	500+	456490	0	1	5167	1	0	5000	other	0
SEE-01-3.3-FR32	11	Picture	hi_F271	461823	0	1	30166	1	0	30000	other	0
SEE-01-3.3-FR32	12	Picture	+	492156	0	1	20166	1	0	32320	other	0
SEE-01-3.3-FR32	12	Response	1000	507911	15755	0
SEE-01-3.3-FR32	13	Picture	hi_F283	512322	0	1	30166	1	0	30000	other	0
SEE-01-3.3-FR32	14	Picture	+	542655	0	1	20166	1	0	30380	other	0
SEE-01-3.3-FR32	15	Picture	low_P154	562821	0	1	30166	1	0	30000	other	0
SEE-01-3.3-FR32	16	Picture	+	593154	0	1	78332	1	0	next	other	0
SEE-01-3.3-FR32	17	Sound	hi247a	613154	0	1			0		other	0
SEE-01-3.3-FR32	18	Picture	500+	671485	0	1	5167	1	0	5000	other	0
SEE-01-3.3-FR32	19	Picture	low_A170	676652	0	1	30166	1	0	30000	other	0
SEE-01-3.3-FR32	20	Picture	+	706818	0	1	61332	1	0	next	other	0
SEE-01-3.3-FR32	21	Sound	hi247b	706818	0	1			0		other	0
SEE-01-3.3-FR32	22	Picture	500+	768150	0	1	5167	1	0	5000	other	0
SEE-01-3.3-FR32	23	Picture	hi_P010	773316	0	1	30166	1	0	30000	other	0
SEE-01-3.3-FR32	24	Picture	+	803649	0	1	20166	1	0	44370	other	0
SEE-01-3.3-FR32	25	Picture	hi_P223	823815	0	1	30166	1	0	30000	other	0
SEE-01-3.3-FR32	26	Picture	+	854148	0	1	20166	1	0	40040	other	0
SEE-01-3.3-FR32	27	Picture	low_A219	874314	0	1	30166	1	0	30000	other	0
SEE-01-3.3-FR32	28	Picture	+	904647	0	1	82832	1	0	next	other	0
SEE-01-3.3-FR32	29	Sound	low345a	924648	0	1			0		other	0
SEE-01-3.3-FR32	30	Picture	500+	987478	0	1	5167	1	0	5000	other	0
SEE-01-3.3-FR32	31	Picture	hi_A030	992645	0	1	30166	1	0	30000	other	0
SEE-01-3.3-FR32	32	Picture	+	1022811	0	1	68665	1	0	next	other	0
SEE-01-3.3-FR32	33	Sound	low345b	1022812	0	1			0		other	0
SEE-01-3.3-FR32	34	Picture	500+	1091476	0	1	5167	1	0	5000	other	0
SEE-01-3.3-FR32	35	Picture	low_L175	1096643	0	1	30166	1	0	30000	other	0
SEE-01-3.3-FR32	36	Picture	+	1126975	0	1	20166	1	0	31960	other	0
SEE-01-3.3-FR32	37	Picture	hi_F021	1147142	0	1	30166	1	0	30000	other	0
SEE-01-3.3-FR32	38	Picture	+	1177474	0	1	20166	1	0	44640	other	0
SEE-01-3.3-FR32	39	Picture	low_A140	1197640	0	1	30166	1	0	30000	other	0
SEE-01-3.3-FR32	40	Picture	+	1227973	0	1	89665	1	0	next	other	0
SEE-01-3.3-FR32	41	Sound	hi127a	1247974	0	1			0		other	0
SEE-01-3.3-FR32	42	Picture	500+	1317638	0	1	5167	1	0	5000	other	0
SEE-01-3.3-FR32	43	Picture	low_L085	1322971	0	1	30166	1	0	30000	other	0
SEE-01-3.3-FR32	44	Picture	+	1353137	0	1	64332	1	0	next	other	0
SEE-01-3.3-FR32	45	Sound	hi127b	1353138	0	1			0		other	0
SEE-01-3.3-FR32	46	Picture	500+	1417469	0	1	5167	1	0	5000	other	0
SEE-01-3.3-FR32	47	Picture	hi_A056	1422636	0	1	30166	1	0	30000	other	0
SEE-01-3.3-FR32	48	Picture	+	1452968	0	1	20166	1	0	31530	other	0
SEE-01-3.3-FR32	49	Picture	hi_A143	1473134	0	1	30166	1	0	30000	other	0
SEE-01-3.3-FR32	50	Picture	+	1503467	0	1	20166	1	0	35330	other	0
SEE-01-3.3-FR32	51	Picture	low_P138	1523633	0	1	30166	1	0	30000	other	0
SEE-01-3.3-FR32	52	Picture	+	1553966	0	1	79998	1	0	next	other	0
SEE-01-3.3-FR32	53	Sound	low038a	1573967	0	1			0		other	0
SEE-01-3.3-FR32	54	Picture	500+	1633964	0	1	5167	1	0	5000	other	0
SEE-01-3.3-FR32	55	Picture	low_L152	1639131	0	1	30166	1	0	30000	other	0
SEE-01-3.3-FR32	56	Picture	+	1669463	0	1	64499	1	0	next	other	0
SEE-01-3.3-FR32	57	Sound	low038b	1669464	0	1			0		other	0
SEE-01-3.3-FR32	58	Picture	500+	1733962	0	1	5167	1	0	5000	other	0
SEE-01-3.3-FR32	59	Picture	hi_F010	1739129	0	1	30166	1	0	30000	other	0
SEE-01-3.3-FR32	60	Picture	+	1769461	0	1	20166	1	0	32270	other	0
SEE-01-3.3-FR32	61	Picture	low_F345	1789628	0	1	30166	1	0	30000	other	0
SEE-01-3.3-FR32	62	Picture	+	1819960	0	1	20166	1	0	33420	other	0
SEE-01-3.3-FR32	63	Picture	hi_A050	1840127	0	1	30166	1	0	30000	other	0
SEE-01-3.3-FR32	64	Picture	+	1870459	0	1	77165	1	0	next	other	0
SEE-01-3.3-FR32	65	Sound	hi248a	1890460	0	1			0		other	0
SEE-01-3.3-FR32	66	Picture	500+	1947624	0	1	5167	1	0	5000	other	0
SEE-01-3.3-FR32	67	Picture	hi_F370	1952957	0	1	30166	1	0	30000	other	0
SEE-01-3.3-FR32	68	Picture	+	1983123	0	1	65165	1	0	next	other	0
SEE-01-3.3-FR32	69	Sound	hi248b	1983124	0	1			0		other	0
SEE-01-3.3-FR32	70	Picture	500+	2048289	0	1	5167	1	0	5000	other	0
SEE-01-3.3-FR32	71	Picture	low_A097	2053455	0	1	30166	1	0	30000	other	0
SEE-01-3.3-FR32	72	Picture	+	2083788	0	1	20166	1	0	34160	other	0
SEE-01-3.3-FR32	73	Picture	low_P110	2103954	0	1	30166	1	0	30000	other	0
SEE-01-3.3-FR32	74	Picture	+	2134287	0	1	20166	1	0	44100	other	0
SEE-01-3.3-FR32	75	Picture	hi_P228	2154453	0	1	30166	1	0	30000	other	0
SEE-01-3.3-FR32	76	Picture	+	2184786	0	1	84332	1	0	next	other	0
SEE-01-3.3-FR32	77	Sound	hi097a	2204786	0	1			0		other	0
SEE-01-3.3-FR32	78	Picture	500+	2269117	0	1	5167	1	0	5000	other	0
SEE-01-3.3-FR32	79	Picture	low_A193	2274284	0	1	30166	1	0	30000	other	0
SEE-01-3.3-FR32	80	Picture	+	2304450	0	1	62832	1	0	next	other	0
SEE-01-3.3-FR32	81	Sound	hi097b	2304450	0	1			0		other	0
SEE-01-3.3-FR32	82	Picture	500+	2367282	0	1	5167	1	0	5000	other	0
SEE-01-3.3-FR32	83	Picture	hi_F041	2372448	0	1	30166	1	0	30000	other	0
SEE-01-3.3-FR32	84	Picture	+	2402781	0	1	20166	1	0	37930	other	0
SEE-01-3.3-FR32	85	Picture	low_A156	2422947	0	1	30166	1	0	30000	other	0
SEE-01-3.3-FR32	86	Picture	+	2453280	0	1	20166	1	0	30450	other	0
SEE-01-3.3-FR32	87	Picture	hi_O139	2473446	0	1	30166	1	0	30000	other	0
SEE-01-3.3-FR32	88	Picture	+	2503779	0	1	83832	1	0	next	other	0
SEE-01-3.3-FR32	89	Sound	low048a	2523780	0	1			0		other	0
SEE-01-3.3-FR32	90	Picture	500+	2587610	0	1	5167	1	0	5000	other	0
SEE-01-3.3-FR32	91	Picture	hi_A048	2592777	0	1	30166	1	0	30000	other	0
SEE-01-3.3-FR32	92	Picture	+	2622943	0	1	63832	1	0	next	other	0
SEE-01-3.3-FR32	93	Sound	low048b	2622943	0	1			0		other	0
SEE-01-3.3-FR32	94	Picture	500+	2686775	0	1	5167	1	0	5000	other	0
SEE-01-3.3-FR32	95	Picture	low_F214	2691941	0	1	30166	1	0	30000	other	0
SEE-01-3.3-FR32	96	Picture	+	2722274	0	1	20166	1	0	30110	other	0
SEE-01-3.3-FR32	97	Picture	hi_F298	2742440	0	1	30166	1	0	30000	other	0
SEE-01-3.3-FR32	98	Picture	+	2772773	0	1	20166	1	0	37580	other	0
SEE-01-3.3-FR32	99	Picture	low_F111	2792939	0	1	30166	1	0	30000	other	0
SEE-01-3.3-FR32	100	Picture	+	2823272	0	1	82998	1	0	next	other	0
SEE-01-3.3-FR32	101	Sound	low024a	2843272	0	1			0		other	0
SEE-01-3.3-FR32	102	Picture	500+	2906270	0	1	5167	1	0	5000	other	0
SEE-01-3.3-FR32	103	Picture	hi_P216	2911437	0	1	30166	1	0	30000	other	0
SEE-01-3.3-FR32	104	Picture	+	2941603	0	1	65165	1	0	next	other	0
SEE-01-3.3-FR32	105	Sound	low024b	2941603	0	1			0		other	0
SEE-01-3.3-FR32	106	Picture	500+	3006768	0	1	5167	1	0	5000	other	0
SEE-01-3.3-FR32	107	Picture	low_L126	3012101	0	1	30166	1	0	30000	other	0
SEE-01-3.3-FR32	108	Picture	+	3042434	0	1	20166	1	0	35590	other	0
SEE-01-3.3-FR32	109	Picture	low_L009	3062600	0	1	30166	1	0	30000	other	0
SEE-01-3.3-FR32	110	Picture	+	3092933	0	1	20166	1	0	30400	other	0
SEE-01-3.3-FR32	111	Picture	hi_A077	3113099	0	1	30166	1	0	30000	other	0
SEE-01-3.3-FR32	112	Picture	+	3143431	0	1	89998	1	0	next	other	0
SEE-01-3.3-FR32	113	Sound	hi242a	3163432	0	1			0		other	0
SEE-01-3.3-FR32	114	Picture	500+	3233430	0	1	5167	1	0	5000	other	0
SEE-01-3.3-FR32	115	Picture	hi_O149	3238763	0	1	30166	1	0	30000	other	0
SEE-01-3.3-FR32	116	Picture	+	3268929	0	1	56665	1	0	next	other	0
SEE-01-3.3-FR32	117	Sound	hi242b	3268929	0	1			0		other	0
SEE-01-3.3-FR32	118	Picture	500+	3325594	0	1	5167	1	0	5000	other	0
SEE-01-3.3-FR32	119	Picture	low_A132	3330761	0	1	30166	1	0	30000	other	0
SEE-01-3.3-FR32	120	Picture	+	3361093	0	1	20166	1	0	42370	other	0
SEE-01-3.3-FR32	121	Picture	low_A128	3381260	0	1	30166	1	0	30000	other	0
SEE-01-3.3-FR32	122	Picture	+	3411592	0	1	20166	1	0	37160	other	0
SEE-01-3.3-FR32	123	Picture	hi_P037	3431759	0	1	30166	1	0	30000	other	0
SEE-01-3.3-FR32	124	Picture	+	3462091	0	1	87665	1	0	next	other	0
SEE-01-3.3-FR32	125	Sound	low275a	3482092	0	1			0		other	0
SEE-01-3.3-FR32	126	Picture	500+	3549756	0	1	5167	1	0	5000	other	0
SEE-01-3.3-FR32	127	Picture	hi_F159	3554923	0	1	30166	1	0	30000	other	0
SEE-01-3.3-FR32	128	Picture	+	3585089	0	1	67498	1	0	next	other	0
SEE-01-3.3-FR32	129	Sound	low275b	3585089	0	1			0		other	0
SEE-01-3.3-FR32	130	Picture	500+	3652587	0	1	5167	1	0	5000	other	0
SEE-01-3.3-FR32	131	Picture	low_A095	3657754	0	1	30166	1	0	30000	other	0
SEE-01-3.3-FR32	132	Picture	+	3688086	0	1	20166	1	0	42070	other	0
SEE-01-3.3-FR32	133	Picture	hi_F287	3708253	0	1	30166	1	0	30000	other	0
SEE-01-3.3-FR32	134	Picture	+	3738585	0	1	20166	1	0	42990	other	0
SEE-01-3.3-FR32	135	Picture	low_P048	3758751	0	1	30166	1	0	30000	other	0
SEE-01-3.3-FR32	136	Picture	+	3789084	0	1	76498	1	0	next	other	0
SEE-01-3.3-FR32	137	Sound	low280a	3809085	0	1			0		other	0
SEE-01-3.3-FR32	138	Picture	500+	3865582	0	1	5167	1	0	5000	other	0
SEE-01-3.3-FR32	139	Picture	low_L102	3870749	0	1	30166	1	0	30000	other	0
SEE-01-3.3-FR32	140	Picture	+	3900915	0	1	59165	1	0	next	other	0
SEE-01-3.3-FR32	141	Sound	low280b	3900916	0	1			0		other	0
SEE-01-3.3-FR32	142	Picture	500+	3960080	0	1	5167	1	0	5000	other	0
SEE-01-3.3-FR32	143	Picture	hi_P234	3965247	0	1	30166	1	0	30000	other	0
SEE-01-3.3-FR32	144	Picture	+	3995580	0	1	20166	1	0	34420	other	0
SEE-01-3.3-FR32	145	Picture	hi_A207	4015746	0	1	30166	1	0	30000	other	0
SEE-01-3.3-FR32	146	Picture	+	4046079	0	1	20166	1	0	37520	other	0
SEE-01-3.3-FR32	147	Picture	low_F115	4066245	0	1	30166	1	0	30000	other	0
SEE-01-3.3-FR32	148	Picture	+	4096577	0	1	81165	1	0	next	other	0
SEE-01-3.3-FR32	149	Sound	low271a	4116578	0	1			0		other	0
SEE-01-3.3-FR32	150	Picture	500+	4177742	0	1	5167	1	0	5000	other	0
SEE-01-3.3-FR32	151	Picture	hi_F367	4183076	0	1	30166	1	0	30000	other	0
SEE-01-3.3-FR32	152	Picture	+	4213242	0	1	60999	1	0	next	other	0
SEE-01-3.3-FR32	153	Sound	low271b	4213242	0	1			0		other	0
SEE-01-3.3-FR32	154	Picture	500+	4274240	0	1	5167	1	0	5000	other	0
SEE-01-3.3-FR32	155	Picture	low_L149	4279407	0	1	30166	1	0	30000	other	0
SEE-01-3.3-FR32	156	Picture	+	4309740	0	1	20166	1	0	34010	other	0
SEE-01-3.3-FR32	157	Picture	low_L147	4329906	0	1	30166	1	0	30000	other	0
SEE-01-3.3-FR32	158	Picture	+	4360238	0	1	20166	1	0	31630	other	0
SEE-01-3.3-FR32	159	Picture	hi_F368	4380405	0	1	30166	1	0	30000	other	0
SEE-01-3.3-FR32	160	Picture	+	4410737	0	1	77832	1	0	next	other	0
SEE-01-3.3-FR32	161	Sound	hi012a	4430738	0	1			0		other	0
SEE-01-3.3-FR32	162	Picture	500+	4488569	0	1	5167	1	0	5000	other	0
SEE-01-3.3-FR32	163	Picture	low_F228	4493736	0	1	30166	1	0	30000	other	0
SEE-01-3.3-FR32	164	Picture	+	4523901	0	1	56166	1	0	next	other	0
SEE-01-3.3-FR32	165	Sound	hi012b	4523902	0	1			0		other	0
SEE-01-3.3-FR32	166	Picture	500+	4580067	0	1	5167	1	0	5000	other	0
SEE-01-3.3-FR32	167	Picture	hi_P009	4585234	0	1	30166	1	0	30000	other	0
SEE-01-3.3-FR32	168	Picture	+	4615566	0	1	20166	1	0	32720	other	0
SEE-01-3.3-FR32	169	Picture	low_F124	4635732	0	1	30166	1	0	30000	other	0
SEE-01-3.3-FR32	170	Picture	+	4666065	0	1	20166	1	0	39110	other	0
SEE-01-3.3-FR32	171	Picture	hi_A063	4686231	0	1	30166	1	0	30000	other	0
SEE-01-3.3-FR32	172	Picture	+	4716564	0	1	77165	1	0	next	other	0
SEE-01-3.3-FR32	173	Sound	low035a	4736565	0	1			0		other	0
SEE-01-3.3-FR32	174	Picture	500+	4793729	0	1	5167	1	0	5000	other	0
SEE-01-3.3-FR32	175	Picture	low_F066	4799062	0	1	30166	1	0	30000	other	0
SEE-01-3.3-FR32	176	Picture	+	4829228	0	1	69665	1	0	next	other	0
SEE-01-3.3-FR32	177	Sound	low035b	4829229	0	1			0		other	0
SEE-01-3.3-FR32	178	Picture	500+	4898893	0	1	5167	1	0	5000	other	0
SEE-01-3.3-FR32	179	Picture	hi_P227	4904227	0	1	30166	1	0	30000	other	0
SEE-01-3.3-FR32	180	Picture	+	4934559	0	1	20166	1	0	42330	other	0
SEE-01-3.3-FR32	181	Picture	hi_A075	4954726	0	1	30166	1	0	30000	other	0
SEE-01-3.3-FR32	182	Picture	+	4985058	0	1	20166	1	0	40330	other	0
SEE-01-3.3-FR32	183	Picture	low_P044	5005224	0	1	30166	1	0	30000	other	0
SEE-01-3.3-FR32	184	Picture	+	5035557	0	1	78665	1	0	next	other	0
SEE-01-3.3-FR32	185	Sound	low034a	5055558	0	1			0		other	0
SEE-01-3.3-FR32	186	Picture	500+	5114222	0	1	5167	1	0	5000	other	0
SEE-01-3.3-FR32	187	Picture	hi_A068	5119389	0	1	30166	1	0	30000	other	0
SEE-01-3.3-FR32	188	Picture	+	5149555	0	1	67499	1	0	next	other	0
SEE-01-3.3-FR32	189	Sound	low034b	5149555	0	1			0		other	0
SEE-01-3.3-FR32	190	Picture	500+	5217053	0	1	5167	1	0	5000	other	0
SEE-01-3.3-FR32	191	Picture	low_F123	5222386	0	1	30166	1	0	30000	other	0
SEE-01-3.3-FR32	192	Picture	+	5252719	0	1	20166	1	0	41400	other	0
SEE-01-3.3-FR32	193	Picture	hi_O285	5272885	0	1	30166	1	0	30000	other	0
SEE-01-3.3-FR32	194	Picture	+	5303218	0	1	20166	1	0	30930	other	0
SEE-01-3.3-FR32	195	Picture	low_A214	5323384	0	1	30166	1	0	30000	other	0
SEE-01-3.3-FR32	196	Picture	+	5353717	0	1	75332	1	0	next	other	0
SEE-01-3.3-FR32	197	Sound	low032a	5373717	0	1			0		other	0
SEE-01-3.3-FR32	198	Picture	500+	5429049	0	1	5167	1	0	5000	other	0
SEE-01-3.3-FR32	199	Picture	low_A169	5434382	0	1	30166	1	0	30000	other	0
SEE-01-3.3-FR32	200	Picture	+	5464548	0	1	57165	1	0	next	other	0
SEE-01-3.3-FR32	201	Sound	low032b	5464548	0	1			0		other	0
SEE-01-3.3-FR32	202	Picture	500+	5521713	0	1	5167	1	0	5000	other	0
SEE-01-3.3-FR32	203	Picture	hi_P084	5526880	0	1	30166	1	0	30000	other	0
SEE-01-3.3-FR32	204	Picture	+	5557212	0	1	20166	1	0	33050	other	0
SEE-01-3.3-FR32	205	Picture	low_P179	5577379	0	1	30166	1	0	30000	other	0
SEE-01-3.3-FR32	206	Picture	+	5607711	0	1	20166	1	0	35300	other	0
SEE-01-3.3-FR32	207	Picture	hi_P229	5627878	0	1	30166	1	0	30000	other	0
SEE-01-3.3-FR32	208	Picture	+	5658210	0	1	83832	1	0	next	other	0
SEE-01-3.3-FR32	209	Sound	low358a	5678211	0	1			0		other	0
SEE-01-3.3-FR32	210	Picture	500+	5742042	0	1	5167	1	0	5000	other	0
SEE-01-3.3-FR32	211	Picture	low_P108	5747208	0	1	30166	1	0	30000	other	0
SEE-01-3.3-FR32	212	Picture	+	5777374	0	1	61165	1	0	next	other	0
SEE-01-3.3-FR32	213	Sound	low358b	5777375	0	1			0		other	0
SEE-01-3.3-FR32	214	Picture	500+	5838540	0	1	5167	1	0	5000	other	0
SEE-01-3.3-FR32	215	Picture	hi_P235	5843873	0	1	30166	1	0	30000	other	0
SEE-01-3.3-FR32	216	Picture	+	5874206	0	1	20166	1	0	34490	other	0
SEE-01-3.3-FR32	217	Picture	hi_F172	5894372	0	1	30166	1	0	30000	other	0
SEE-01-3.3-FR32	218	Picture	+	5924704	0	1	20166	1	0	36950	other	0
SEE-01-3.3-FR32	219	Picture	low_L176	5944871	0	1	30166	1	0	30000	other	0
SEE-01-3.3-FR32	220	Picture	+	5975203	0	1	82498	1	0	next	other	0
SEE-01-3.3-FR32	221	Sound	low276a	5995204	0	1			0		other	0
SEE-01-3.3-FR32	222	Picture	500+	6057701	0	1	5167	1	0	5000	other	0
SEE-01-3.3-FR32	223	Picture	hi_F366	6063035	0	1	30166	1	0	30000	other	0
SEE-01-3.3-FR32	224	Picture	+	6093201	0	1	69332	1	0	next	other	0
SEE-01-3.3-FR32	225	Sound	low276b	6093201	0	1			0		other	0
SEE-01-3.3-FR32	226	Picture	500+	6162533	0	1	5167	1	0	5000	other	0
SEE-01-3.3-FR32	227	Picture	low_A217	6167699	0	1	30166	1	0	30000	other	0
SEE-01-3.3-FR32	228	Picture	+	6198032	0	1	20166	1	0	40760	other	0
SEE-01-3.3-FR32	229	Picture	low_L050	6218198	0	1	30166	1	0	30000	other	0
SEE-01-3.3-FR32	230	Picture	+	6248531	0	1	20166	1	0	39340	other	0
SEE-01-3.3-FR32	231	Picture	hi_P202	6268697	0	1	30166	1	0	30000	other	0
SEE-01-3.3-FR32	232	Picture	+	6299030	0	1	78498	1	0	next	other	0
SEE-01-3.3-FR32	233	Sound	hi217a	6319030	0	1			0		other	0
SEE-01-3.3-FR32	234	Picture	500+	6377528	0	1	5167	1	0	5000	other	0
SEE-01-3.3-FR32	235	Picture	low_L172	6382694	0	1	30166	1	0	30000	other	0
SEE-01-3.3-FR32	236	Picture	+	6412860	0	1	69665	1	0	next	other	0
SEE-01-3.3-FR32	237	Sound	hi217b	6412861	0	1			0		other	0
SEE-01-3.3-FR32	238	Picture	500+	6482526	0	1	5167	1	0	5000	other	0
SEE-01-3.3-FR32	239	Picture	hi_F013	6487692	0	1	30166	1	0	30000	other	0
SEE-01-3.3-FR32	240	Picture	+	6518025	0	1	20166	1	0	36630	other	0
SEE-01-3.3-FR32	241	Picture	low_L158	6538191	0	1	30166	1	0	30000	other	0
SEE-01-3.3-FR32	242	Picture	+	6568524	0	1	20166	1	0	30840	other	0
SEE-01-3.3-FR32	243	Picture	hi_A013	6588690	0	1	30166	1	0	30000	other	0
SEE-01-3.3-FR32	244	Picture	+	6619023	0	1	88665	1	0	next	other	0
SEE-01-3.3-FR32	245	Sound	hi142a	6639023	0	1			0		other	0
SEE-01-3.3-FR32	246	Picture	500+	6707687	0	1	5167	1	0	5000	other	0
SEE-01-3.3-FR32	247	Picture	hi_P011	6712854	0	1	30166	1	0	30000	other	0
SEE-01-3.3-FR32	248	Picture	+	6743020	0	1	64499	1	0	next	other	0
SEE-01-3.3-FR32	249	Sound	hi142b	6743021	0	1			0		other	0
SEE-01-3.3-FR32	250	Picture	500+	6807519	0	1	5167	1	0	5000	other	0
SEE-01-3.3-FR32	251	Picture	low_L133	6812685	0	1	30166	1	0	30000	other	0
SEE-01-3.3-FR32	252	Picture	+	6843018	0	1	20166	1	0	39220	other	0
SEE-01-3.3-FR32	253	Picture	low_L083	6863184	0	1	30166	1	0	30000	other	0
SEE-01-3.3-FR32	254	Picture	+	6893517	0	1	20166	1	0	33560	other	0
SEE-01-3.3-FR32	255	Picture	hi_F164	6913683	0	1	30166	1	0	30000	other	0
SEE-01-3.3-FR32	256	Picture	+	6944016	0	1	88165	1	0	next	other	0
SEE-01-3.3-FR32	257	Sound	low330a	6964016	0	1			0		other	0
SEE-01-3.3-FR32	258	Picture	500+	7032180	0	1	5167	1	0	5000	other	0
SEE-01-3.3-FR32	259	Picture	hi_A042	7037347	0	1	30166	1	0	30000	other	0
SEE-01-3.3-FR32	260	Picture	+	7067513	0	1	65832	1	0	next	other	0
SEE-01-3.3-FR32	261	Sound	low330b	7067513	0	1			0		other	0
SEE-01-3.3-FR32	262	Picture	500+	7133345	0	1	5167	1	0	5000	other	0
SEE-01-3.3-FR32	263	Picture	low_O192	7138511	0	1	30166	1	0	30000	other	0
SEE-01-3.3-FR32	264	Picture	+	7168844	0	1	20166	1	0	36960	other	0
SEE-01-3.3-FR32	265	Picture	hi_P240	7189010	0	1	30166	1	0	30000	other	0
SEE-01-3.3-FR32	266	Picture	+	7219343	0	1	20166	1	0	34400	other	0
SEE-01-3.3-FR32	267	Picture	low_L119	7239509	0	1	30166	1	0	30000	other	0
SEE-01-3.3-FR32	268	Picture	+	7269842	0	1	79165	1	0	next	other	0
SEE-01-3.3-FR32	269	Sound	low281a	7289842	0	1			0		other	0
SEE-01-3.3-FR32	270	Picture	500+	7349007	0	1	5167	1	0	5000	other	0
SEE-01-3.3-FR32	271	Picture	low_L051	7354173	0	1	30166	1	0	30000	other	0
SEE-01-3.3-FR32	272	Picture	+	7384339	0	1	65165	1	0	next	other	0
SEE-01-3.3-FR32	273	Sound	low281b	7384340	0	1			0		other	0
SEE-01-3.3-FR32	274	Picture	500+	7449504	0	1	5167	1	0	5000	other	0
SEE-01-3.3-FR32	275	Picture	hi_F146	7454838	0	1	30166	1	0	30000	other	0
SEE-01-3.3-FR32	276	Picture	+	7485170	0	1	20166	1	0	31650	other	0
SEE-01-3.3-FR32	277	Picture	hi_P016	7505337	0	1	30166	1	0	30000	other	0
SEE-01-3.3-FR32	278	Picture	+	7535669	0	1	20166	1	0	36580	other	0
SEE-01-3.3-FR32	279	Picture	low_P115	7555835	0	1	30166	1	0	30000	other	0
SEE-01-3.3-FR32	280	Picture	+	7586168	0	1	88498	1	0	next	other	0
SEE-01-3.3-FR32	281	Sound	low050a	7606169	0	1			0		other	0
SEE-01-3.3-FR32	282	Picture	500+	7674666	0	1	5167	1	0	5000	other	0
SEE-01-3.3-FR32	283	Picture	hi_P231	7679833	0	1	30166	1	0	30000	other	0
SEE-01-3.3-FR32	284	Picture	+	7709999	0	1	63832	1	0	next	other	0
SEE-01-3.3-FR32	285	Sound	low050b	7709999	0	1			0		other	0
SEE-01-3.3-FR32	286	Picture	500+	7773831	0	1	5167	1	0	5000	other	0
SEE-01-3.3-FR32	287	Picture	low_L054	7778997	0	1	30166	1	0	30000	other	0
SEE-01-3.3-FR32	288	Picture	+	7809330	0	1	20166	1	0	41590	other	0
SEE-01-3.3-FR32	289	Picture	low_P047	7829496	0	1	30166	1	0	30000	other	0
SEE-01-3.3-FR32	290	Picture	+	7859829	0	1	20166	1	0	36660	other	0
SEE-01-3.3-FR32	291	Picture	hi_P221	7879995	0	1	30166	1	0	30000	other	0
SEE-01-3.3-FR32	292	Picture	+	7910328	0	1	77165	1	0	next	other	0
SEE-01-3.3-FR32	293	Sound	low344a	7930328	0	1			0		other	0
SEE-01-3.3-FR32	294	Picture	500+	7987493	0	1	5167	1	0	5000	other	0
SEE-01-3.3-FR32	295	Picture	low_A157	7992659	0	1	30166	1	0	30000	other	0
SEE-01-3.3-FR32	296	Picture	+	8022825	0	1	56332	1	0	next	other	0
SEE-01-3.3-FR32	297	Sound	low344b	8022826	0	1			0		other	0
SEE-01-3.3-FR32	298	Picture	500+	8079157	0	1	5167	1	0	5000	other	0
SEE-01-3.3-FR32	299	Picture	hi_A078	8084324	0	1	30166	1	0	30000	other	0
SEE-01-3.3-FR32	300	Picture	+	8114656	0	1	20166	1	0	35250	other	0
SEE-01-3.3-FR32	301	Picture	hi_P233	8134823	0	1	30166	1	0	30000	other	0
SEE-01-3.3-FR32	302	Picture	+	8165155	0	1	20166	1	0	36030	other	0
SEE-01-3.3-FR32	303	Picture	low_O326	8185322	0	1	30166	1	0	30000	other	0
SEE-01-3.3-FR32	304	Picture	+	8215654	0	1	78665	1	0	next	other	0
SEE-01-3.3-FR32	305	Sound	hi007a	8235655	0	1			0		other	0
SEE-01-3.3-FR32	306	Picture	500+	8294319	0	1	5167	1	0	5000	other	0
SEE-01-3.3-FR32	307	Picture	low_P152	8299486	0	1	30166	1	0	30000	other	0
SEE-01-3.3-FR32	308	Picture	+	8329652	0	1	60665	1	0	next	other	0
SEE-01-3.3-FR32	309	Sound	hi007b	8329652	0	1			0		other	0
SEE-01-3.3-FR32	310	Picture	500+	8390317	0	1	5167	1	0	5000	other	0
SEE-01-3.3-FR32	311	Picture	hi_P003	8395484	0	1	30166	1	0	30000	other	0
SEE-01-3.3-FR32	312	Picture	+	8425816	0	1	20166	1	0	40060	other	0
SEE-01-3.3-FR32	313	Picture	low_A100	8445982	0	1	30166	1	0	30000	other	0
SEE-01-3.3-FR32	314	Picture	+	8476315	0	1	20166	1	0	38460	other	0
SEE-01-3.3-FR32	315	Picture	hi_P029	8496481	0	1	30166	1	0	30000	other	0
SEE-01-3.3-FR32	316	Picture	+	8526814	0	1	77498	1	0	next	other	0
SEE-01-3.3-FR32	317	Sound	low036a	8546815	0	1			0		other	0
SEE-01-3.3-FR32	318	Picture	500+	8604312	0	1	5167	1	0	5000	other	0
SEE-01-3.3-FR32	319	Picture	hi_A025	8609479	0	1	30166	1	0	30000	other	0
SEE-01-3.3-FR32	320	Picture	+	8639645	0	1	69498	1	0	next	other	0
SEE-01-3.3-FR32	321	Sound	low036b	8639645	0	1			0		other	0
SEE-01-3.3-FR32	322	Picture	500+	8709143	0	1	5167	1	0	5000	other	0
SEE-01-3.3-FR32	323	Picture	low_F061	8714310	0	1	30166	1	0	30000	other	0
SEE-01-3.3-FR32	324	Picture	+	8744643	0	1	20166	1	0	42860	other	0
SEE-01-3.3-FR32	325	Picture	hi_F007	8764809	0	1	30166	1	0	30000	other	0
SEE-01-3.3-FR32	326	Picture	+	8795141	0	1	20166	1	0	42170	other	0
SEE-01-3.3-FR32	327	Picture	low_A119	8815308	0	1	30166	1	0	30000	other	0
SEE-01-3.3-FR32	328	Picture	+	8845640	0	1	75332	1	0	next	other	0
SEE-01-3.3-FR32	329	Sound	hi128a	8865641	0	1			0		other	0
SEE-01-3.3-FR32	330	Picture	500+	8920972	0	1	5167	1	0	5000	other	0
SEE-01-3.3-FR32	331	Picture	low_F244	8926305	0	1	30166	1	0	30000	other	0
SEE-01-3.3-FR32	332	Picture	+	8956638	0	1	63499	1	0	next	other	0
SEE-01-3.3-FR32	333	Sound	hi128b	8956638	0	1			0		other	0
SEE-01-3.3-FR32	334	Picture	500+	9020136	0	1	5167	1	0	5000	other	0
SEE-01-3.3-FR32	335	Picture	hi_F018	9025303	0	1	30166	1	0	30000	other	0
SEE-01-3.3-FR32	336	Picture	+	9055636	0	1	20166	1	0	40370	other	0
SEE-01-3.3-FR32	337	Picture	hi_F034	9075802	0	1	30166	1	0	30000	other	0
SEE-01-3.3-FR32	338	Picture	+	9106135	0	1	20166	1	0	31980	other	0
SEE-01-3.3-FR32	339	Picture	low_L183	9126301	0	1	30166	1	0	30000	other	0
SEE-01-3.3-FR32	340	Picture	+	9156633	0	1	79332	1	0	next	other	0
SEE-01-3.3-FR32	341	Sound	low087a	9176634	0	1			0		other	0
SEE-01-3.3-FR32	342	Picture	500+	9235965	0	1	5167	1	0	5000	other	0
SEE-01-3.3-FR32	343	Picture	hi_A069	9241298	0	1	30166	1	0	30000	other	0
SEE-01-3.3-FR32	344	Picture	+	9271631	0	1	69332	1	0	next	other	0
SEE-01-3.3-FR32	345	Sound	low087b	9271631	0	1			0		other	0
SEE-01-3.3-FR32	346	Picture	500+	9340963	0	1	5167	1	0	5000	other	0
SEE-01-3.3-FR32	347	Picture	low_O327	9346296	0	1	30166	1	0	30000	other	0
SEE-01-3.3-FR32	348	Picture	+	9376629	0	1	20166	1	0	38320	other	0
SEE-01-3.3-FR32	349	Picture	low_O256	9396795	0	1	30166	1	0	30000	other	0
SEE-01-3.3-FR32	350	Picture	+	9427127	0	1	20166	1	0	37080	other	0
SEE-01-3.3-FR32	351	Picture	hi_P208	9447294	0	1	30166	1	0	30000	other	0
SEE-01-3.3-FR32	352	Picture	+	9477626	0	1	76332	1	0	next	other	0
SEE-01-3.3-FR32	353	Sound	low085a	9497627	0	1			0		other	0
SEE-01-3.3-FR32	354	Picture	500+	9553958	0	1	5167	1	0	5000	other	0
SEE-01-3.3-FR32	355	Picture	hi_P022	9559125	0	1	30166	1	0	30000	other	0
SEE-01-3.3-FR32	356	Picture	+	9589457	0	1	57665	1	0	next	other	0
SEE-01-3.3-FR32	357	Sound	low085b	9589458	0	1			0		other	0
SEE-01-3.3-FR32	358	Picture	500+	9647123	0	1	5167	1	0	5000	other	0
SEE-01-3.3-FR32	359	Picture	low_P054	9652456	0	1	30166	1	0	30000	other	0
SEE-01-3.3-FR32	360	Picture	+	9682789	0	1	20166	1	0	43480	other	0
SEE-01-3.3-FR32	361	Picture	low_P104	9702955	0	1	30166	1	0	30000	other	0
SEE-01-3.3-FR32	362	Picture	+	9733287	0	1	20166	1	0	34130	other	0
SEE-01-3.3-FR32	363	Picture	hi_F284	9753454	0	1	30166	1	0	30000	other	0
SEE-01-3.3-FR32	364	Picture	+	9783786	0	1	84331	1	0	next	other	0
SEE-01-3.3-FR32	365	Sound	low149a	9803787	0	1			0		other	0
SEE-01-3.3-FR32	366	Picture	500+	9868118	0	1	5167	1	0	5000	other	0
SEE-01-3.3-FR32	367	Picture	hi_F019	9873284	0	1	30166	1	0	30000	other	0
SEE-01-3.3-FR32	368	Picture	+	9903450	0	1	61165	1	0	next	other	0
SEE-01-3.3-FR32	369	Sound	low149b	9903451	0	1			0		other	0
SEE-01-3.3-FR32	370	Picture	500+	9964616	0	1	5167	1	0	5000	other	0
SEE-01-3.3-FR32	371	Picture	low_L165	9969782	0	1	30166	1	0	30000	other	0
SEE-01-3.3-FR32	372	Picture	+	10000115	0	1	20166	1	0	39880	other	0
SEE-01-3.3-FR32	373	Picture	low_L148	10020281	0	1	30166	1	0	30000	other	0
SEE-01-3.3-FR32	374	Picture	+	10050614	0	1	20166	1	0	36650	other	0
SEE-01-3.3-FR32	375	Picture	hi_F174	10070780	0	1	30166	1	0	30000	other	0
SEE-01-3.3-FR32	376	Picture	+	10101113	0	1	75998	1	0	next	other	0
SEE-01-3.3-FR32	377	Sound	hi214a	10121113	0	1			0		other	0
SEE-01-3.3-FR32	378	Picture	500+	10177111	0	1	5167	1	0	5000	other	0
SEE-01-3.3-FR32	379	Picture	hi_F273	10182444	0	1	30166	1	0	30000	other	0
SEE-01-3.3-FR32	380	Picture	+	10212777	0	1	68665	1	0	next	other	0
SEE-01-3.3-FR32	381	Sound	hi214b	10212777	0	1			0		other	0
SEE-01-3.3-FR32	382	Picture	500+	10281442	0	1	5167	1	0	5000	other	0
SEE-01-3.3-FR32	383	Picture	low_P055	10286609	0	1	30166	1	0	30000	other	0
SEE-01-3.3-FR32	384	Picture	+	10316941	0	1	20166	1	0	39580	other	0
SEE-01-3.3-FR32	385	Picture	hi_P246	10337107	0	1	30166	1	0	30000	other	0
SEE-01-3.3-FR32	386	Picture	+	10367440	0	1	20166	1	0	44500	other	0
SEE-01-3.3-FR32	387	Picture	low_F067	10387606	0	1	30166	1	0	30000	other	0
SEE-01-3.3-FR32	388	Picture	+	10417939	0	1	79498	1	0	next	other	0
SEE-01-3.3-FR32	389	Sound	hi004a	10437940	0	1			0		other	0
SEE-01-3.3-FR32	390	Picture	500+	10497437	0	1	5167	1	0	5000	other	0
SEE-01-3.3-FR32	391	Picture	hi_A019	10502604	0	1	30166	1	0	30000	other	0
SEE-01-3.3-FR32	392	Picture	+	10532770	0	1	63165	1	0	next	other	0
SEE-01-3.3-FR32	393	Sound	hi004b	10532770	0	1			0		other	0
SEE-01-3.3-FR32	394	Picture	500+	10595935	0	1	5167	1	0	5000	other	0
SEE-01-3.3-FR32	395	Picture	low_L162	10601268	0	1	30166	1	0	30000	other	0
SEE-01-3.3-FR32	396	Picture	+	10631601	0	1	20166	1	0	41450	other	0
SEE-01-3.3-FR32	397	Picture	hi_L022	10651767	0	1	30166	1	0	30000	other	0
SEE-01-3.3-FR32	398	Picture	+	10682100	0	1	20166	1	0	31800	other	0
SEE-01-3.3-FR32	399	Picture	low_A185	10702266	0	1	30166	1	0	30000	other	0
SEE-01-3.3-FR32	400	Picture	+	10732599	0	1	85665	1	0	next	other	0
SEE-01-3.3-FR32	401	Sound	low278a	10752599	0	1			0		other	0
SEE-01-3.3-FR32	402	Picture	500+	10818264	0	1	5167	1	0	5000	other	0
SEE-01-3.3-FR32	403	Picture	hi_F038	10823597	0	1	30166	1	0	30000	other	0
SEE-01-3.3-FR32	404	Picture	+	10853763	0	1	59499	1	0	next	other	0
SEE-01-3.3-FR32	405	Sound	low278b	10853763	0	1			0		other	0
SEE-01-3.3-FR32	406	Picture	500+	10913261	0	1	5167	1	0	5000	other	0
SEE-01-3.3-FR32	407	Picture	low_F045	10918595	0	1	30166	1	0	30000	other	0
SEE-01-3.3-FR32	408	Picture	+	10948927	0	1	20166	1	0	40810	other	0
SEE-01-3.3-FR32	409	Picture	hi_O105	10969094	0	1	30166	1	0	30000	other	0
SEE-01-3.3-FR32	410	Picture	+	10999426	0	1	20166	1	0	38930	other	0
SEE-01-3.3-FR32	411	Picture	low_L072	11019592	0	1	30166	1	0	30000	other	0
SEE-01-3.3-FR32	412	Picture	+	11049925	0	1	76832	1	0	next	other	0
SEE-01-3.3-FR32	413	Sound	low037a	11069926	0	1			0		other	0
SEE-01-3.3-FR32	414	Picture	500+	11126757	0	1	5167	1	0	5000	other	0
SEE-01-3.3-FR32	415	Picture	low_L034	11131923	0	1	30166	1	0	30000	other	0
SEE-01-3.3-FR32	416	Picture	+	11162089	0	1	56499	1	0	next	other	0
SEE-01-3.3-FR32	417	Sound	low037b	11162090	0	1			0		other	0
SEE-01-3.3-FR32	418	Picture	500+	11218588	0	1	5167	1	0	5000	other	0
SEE-01-3.3-FR32	419	Picture	hi_A020	11223755	0	1	30166	1	0	30000	other	0
SEE-01-3.3-FR32	420	Picture	+	11254087	0	1	20166	1	0	30280	other	0
SEE-01-3.3-FR32	421	Picture	hi_P058	11274253	0	1	30166	1	0	30000	other	0
SEE-01-3.3-FR32	422	Picture	+	11304586	0	1	20166	1	0	33090	other	0
SEE-01-3.3-FR32	423	Picture	low_F042	11324752	0	1	30166	1	0	30000	other	0
SEE-01-3.3-FR32	424	Picture	+	11355085	0	1	89665	1	0	next	other	0
SEE-01-3.3-FR32	425	Sound	low272a	11375086	0	1			0		other	0
SEE-01-3.3-FR32	426	Picture	500+	11444750	0	1	5167	1	0	5000	other	0
SEE-01-3.3-FR32	427	Picture	hi_A221	11449916	0	1	30166	1	0	30000	other	0
SEE-01-3.3-FR32	428	Picture	+	11480082	0	1	66999	1	0	next	other	0
SEE-01-3.3-FR32	429	Sound	low272b	11480083	0	1			0		other	0
SEE-01-3.3-FR32	430	Picture	500+	11547081	0	1	5167	1	0	5000	other	0
SEE-01-3.3-FR32	431	Picture	low_A184	11552247	0	1	30166	1	0	30000	other	0
SEE-01-3.3-FR32	432	Picture	+	11582580	0	1	20166	1	0	30470	other	0
SEE-01-3.3-FR32	433	Picture	hi_A012	11602746	0	1	30166	1	0	30000	other	0
SEE-01-3.3-FR32	434	Picture	+	11633079	0	1	20166	1	0	33520	other	0
SEE-01-3.3-FR32	435	Picture	low_A090	11653245	0	1	30166	1	0	30000	other	0
SEE-01-3.3-FR32	436	Picture	+	11683578	0	1	85498	1	0	next	other	0
SEE-01-3.3-FR32	437	Sound	hi110a	11703579	0	1			0		other	0
SEE-01-3.3-FR32	438	Picture	500+	11769076	0	1	5167	1	0	5000	other	0
SEE-01-3.3-FR32	439	Picture	low_F001	11774243	0	1	30166	1	0	30000	other	0
SEE-01-3.3-FR32	440	Picture	+	11804408	0	1	57332	1	0	next	other	0
SEE-01-3.3-FR32	441	Sound	hi110b	11804409	0	1			0		other	0
SEE-01-3.3-FR32	442	Picture	500+	11861741	0	1	5167	1	0	5000	other	0
SEE-01-3.3-FR32	443	Picture	hi_A062	11867074	0	1	30166	1	0	30000	other	0
SEE-01-3.3-FR32	444	Picture	+	11897406	0	1	20166	1	0	42430	other	0
SEE-01-3.3-FR32	445	Picture	hi_F293	11917573	0	1	30166	1	0	30000	other	0
SEE-01-3.3-FR32	446	Picture	+	11947905	0	1	20166	1	0	35700	other	0
SEE-01-3.3-FR32	447	Picture	low_F052	11968072	0	1	30166	1	0	30000	other	0
SEE-01-3.3-FR32	448	Picture	+	11998404	0	1	78332	1	0	next	other	0
SEE-01-3.3-FR32	449	Sound	hi245a	12018405	0	1			0		other	0
SEE-01-3.3-FR32	450	Picture	500+	12076736	0	1	5167	1	0	5000	other	0
SEE-01-3.3-FR32	451	Picture	hi_F163	12081902	0	1	30166	1	0	30000	other	0
SEE-01-3.3-FR32	452	Picture	+	12112235	0	1	58165	1	0	next	other	0
SEE-01-3.3-FR32	453	Sound	hi245b	12112236	0	1			0		other	0
SEE-01-3.3-FR32	454	Picture	500+	12170400	0	1	5167	1	0	5000	other	0
SEE-01-3.3-FR32	455	Picture	low_L166	12175567	0	1	30166	1	0	30000	other	0
SEE-01-3.3-FR32	456	Picture	+	12205900	0	1	20166	1	0	44730	other	0
SEE-01-3.3-FR32	457	Picture	hi_L002	12226066	0	1	30166	1	0	30000	other	0
SEE-01-3.3-FR32	458	Picture	+	12256399	0	1	20166	1	0	36140	other	0
SEE-01-3.3-FR32	459	Picture	low_L138	12276565	0	1	30166	1	0	30000	other	0
SEE-01-3.3-FR32	460	Picture	+	12306897	0	1	82165	1	0	next	other	0
SEE-01-3.3-FR32	461	Sound	hi001a	12326898	0	1			0		other	0
SEE-01-3.3-FR32	462	Picture	500+	12389062	0	1	5167	1	0	5000	other	0
SEE-01-3.3-FR32	463	Picture	hi_A024	12394229	0	1	30166	1	0	30000	other	0
SEE-01-3.3-FR32	464	Picture	+	12424562	0	1	58332	1	0	next	other	0
SEE-01-3.3-FR32	465	Sound	hi001b	12424562	0	1			0		other	0
SEE-01-3.3-FR32	466	Picture	500+	12482894	0	1	5167	1	0	5000	other	0
SEE-01-3.3-FR32	467	Picture	low_L143	12488227	0	1	30166	1	0	30000	other	0
SEE-01-3.3-FR32	468	Picture	+	12518559	0	1	20166	1	0	39570	other	0
SEE-01-3.3-FR32	469	Picture	hi_F270	12538726	0	1	30166	1	0	30000	other	0
SEE-01-3.3-FR32	470	Picture	+	12569058	0	1	20166	1	0	42290	other	0
SEE-01-3.3-FR32	471	Picture	low_F087	12589225	0	1	30166	1	0	30000	other	0
SEE-01-3.3-FR32	472	Picture	+	12619557	0	1	85331	1	0	next	other	0
SEE-01-3.3-FR32	473	Sound	low071a	12639558	0	1			0		other	0
SEE-01-3.3-FR32	474	Picture	500+	12704889	0	1	5167	1	0	5000	other	0
SEE-01-3.3-FR32	475	Picture	low_P109	12710222	0	1	30166	1	0	30000	other	0
SEE-01-3.3-FR32	476	Picture	+	12740388	0	1	58665	1	0	next	other	0
SEE-01-3.3-FR32	477	Sound	low071b	12740389	0	1			0		other	0
SEE-01-3.3-FR32	478	Picture	500+	12799053	0	1	5167	1	0	5000	other	0
SEE-01-3.3-FR32	479	Picture	hi_O291	12804220	0	1	30166	1	0	30000	other	0
SEE-01-3.3-FR32	480	Picture	+	12834553	0	1	20166	1	0	34770	other	0
SEE-01-3.3-FR32	481	Picture	low_A114	12854719	0	1	30166	1	0	30000	other	0
SEE-01-3.3-FR32	482	Picture	+	12885051	0	1	20166	1	0	32470	other	0
SEE-01-3.3-FR32	483	Picture	hi_F152	12905218	0	1	30166	1	0	30000	other	0
SEE-01-3.3-FR32	484	Picture	+	12935550	0	1	75832	1	0	next	other	0
SEE-01-3.3-FR32	485	Sound	low179a	12955551	0	1			0		other	0
SEE-01-3.3-FR32	486	Picture	500+	13011382	0	1	5167	1	0	5000	other	0
SEE-01-3.3-FR32	487	Picture	hi_L139	13016549	0	1	30166	1	0	30000	other	0
SEE-01-3.3-FR32	488	Picture	+	13046715	0	1	60499	1	0	next	other	0
SEE-01-3.3-FR32	489	Sound	low179b	13046715	0	1			0		other	0
SEE-01-3.3-FR32	490	Picture	500+	13107213	0	1	5167	1	0	5000	other	0
SEE-01-3.3-FR32	491	Picture	low_L041	13112380	0	1	30166	1	0	30000	other	0
SEE-01-3.3-FR32	492	Picture	+	13142712	0	1	20166	1	0	44000	other	0
SEE-01-3.3-FR32	493	Picture	low_L104	13162879	0	1	30166	1	0	30000	other	0
SEE-01-3.3-FR32	494	Picture	+	13193211	0	1	20166	1	0	33770	other	0
SEE-01-3.3-FR32	495	Picture	hi_F272	13213378	0	1	30166	1	0	30000	other	0
SEE-01-3.3-FR32	496	Picture	+	13243710	0	1	85331	1	0	next	other	0
SEE-01-3.3-FR32	497	Sound	hi123a	13263711	0	1			0		other	0
SEE-01-3.3-FR32	498	Picture	500+	13329042	0	1	5167	1	0	5000	other	0
SEE-01-3.3-FR32	499	Picture	hi_F277	13334375	0	1	30166	1	0	30000	other	0
SEE-01-3.3-FR32	500	Picture	+	13364708	0	1	68832	1	0	next	other	0
SEE-01-3.3-FR32	501	Sound	hi123b	13364708	0	1			0		other	0
SEE-01-3.3-FR32	502	Picture	500+	13433539	0	1	5167	1	0	5000	other	0
SEE-01-3.3-FR32	503	Picture	low_L134	13438706	0	1	30166	1	0	30000	other	0
SEE-01-3.3-FR32	504	Picture	+	13469039	0	1	20166	1	0	41070	other	0
SEE-01-3.3-FR32	505	Picture	hi_A034	13489205	0	1	30166	1	0	30000	other	0
SEE-01-3.3-FR32	506	Picture	+	13519537	0	1	20166	1	0	30790	other	0
SEE-01-3.3-FR32	507	Picture	low_F098	13539704	0	1	30166	1	0	30000	other	0
SEE-01-3.3-FR32	508	Picture	+	13570036	0	1	83832	1	0	next	other	0
SEE-01-3.3-FR32	509	Sound	hi206a	13590037	0	1			0		other	0
SEE-01-3.3-FR32	510	Picture	500+	13653868	0	1	5167	1	0	5000	other	0
SEE-01-3.3-FR32	511	Picture	hi_P220	13659034	0	1	30166	1	0	30000	other	0
SEE-01-3.3-FR32	512	Picture	+	13689367	0	1	66499	1	0	next	other	0
SEE-01-3.3-FR32	513	Sound	hi206b	13689368	0	1			0		other	0
SEE-01-3.3-FR32	514	Picture	500+	13755866	0	1	5167	1	0	5000	other	0
SEE-01-3.3-FR32	515	Picture	low_L018	13761032	0	1	30166	1	0	30000	other	0
SEE-01-3.3-FR32	516	Picture	+	13791365	0	1	20166	1	0	31180	other	0
SEE-01-3.3-FR32	517	Picture	hi_P133	13811531	0	1	30166	1	0	30000	other	0
SEE-01-3.3-FR32	518	Picture	+	13841864	0	1	20166	1	0	40700	other	0
SEE-01-3.3-FR32	519	Picture	low_A091	13862030	0	1	30166	1	0	30000	other	0
SEE-01-3.3-FR32	520	Picture	+	13892363	0	1	88498	1	0	next	other	0
SEE-01-3.3-FR32	521	Sound	low053a	13912364	0	1			0		other	0
SEE-01-3.3-FR32	522	Picture	500+	13980861	0	1	5167	1	0	5000	other	0
SEE-01-3.3-FR32	523	Picture	low_L064	13986027	0	1	30166	1	0	30000	other	0
SEE-01-3.3-FR32	524	Picture	+	14016193	0	1	66832	1	0	next	other	0
SEE-01-3.3-FR32	525	Sound	low053b	14016194	0	1			0		other	0
SEE-01-3.3-FR32	526	Picture	500+	14083025	0	1	5167	1	0	5000	other	0
SEE-01-3.3-FR32	527	Picture	hi_A007	14088192	0	1	30166	1	0	30000	other	0
SEE-01-3.3-FR32	528	Picture	+	14118524	0	1	20166	1	0	44060	other	0
SEE-01-3.3-FR32	529	Picture	hi_P017	14138691	0	1	30166	1	0	30000	other	0
SEE-01-3.3-FR32	530	Picture	+	14169023	0	1	20166	1	0	42700	other	0
SEE-01-3.3-FR32	531	Picture	low_L180	14189189	0	1	30166	1	0	30000	other	0
SEE-01-3.3-FR32	532	Picture	+	14219522	0	1	84498	1	0	next	other	0
SEE-01-3.3-FR32	533	Sound	hi252a	14239523	0	1			0		other	0
SEE-01-3.3-FR32	534	Picture	500+	14304020	0	1	5167	1	0	5000	other	0
SEE-01-3.3-FR32	535	Picture	low_L146	14309187	0	1	30166	1	0	30000	other	0
SEE-01-3.3-FR32	536	Picture	+	14339520	0	1	68498	1	0	next	other	0
SEE-01-3.3-FR32	537	Sound	hi252b	14339520	0	1			0		other	0
SEE-01-3.3-FR32	538	Picture	500+	14408018	0	1	5167	1	0	5000	other	0
SEE-01-3.3-FR32	539	Picture	hi_A059	14413351	0	1	30166	1	0	30000	other	0
SEE-01-3.3-FR32	540	Picture	+	14443684	0	1	20166	1	0	34720	other	0
SEE-01-3.3-FR32	541	Picture	hi_P018	14463850	0	1	30166	1	0	30000	other	0
SEE-01-3.3-FR32	542	Picture	+	14494183	0	1	20166	1	0	39310	other	0
SEE-01-3.3-FR32	543	Picture	low_L089	14514349	0	1	30166	1	0	30000	other	0
SEE-01-3.3-FR32	544	Picture	+	14544682	0	1	85998	1	0	next	other	0
SEE-01-3.3-FR32	545	Sound	low079a	14564682	0	1			0		other	0
SEE-01-3.3-FR32	546	Picture	500+	14630680	0	1	5167	1	0	5000	other	0
SEE-01-3.3-FR32	547	Picture	hi_A072	14635846	0	1	30166	1	0	30000	other	0
SEE-01-3.3-FR32	548	Picture	+	14666179	0	1	59499	1	0	next	other	0
SEE-01-3.3-FR32	549	Sound	low079b	14666180	0	1			0		other	0
SEE-01-3.3-FR32	550	Picture	500+	14725678	0	1	5167	1	0	5000	other	0
SEE-01-3.3-FR32	551	Picture	low_P250	14730844	0	1	30166	1	0	30000	other	0
SEE-01-3.3-FR32	552	Picture	+	14761177	0	1	20166	1	0	41670	other	0
SEE-01-3.3-FR32	553	Picture	hi_L026	14781343	0	1	30166	1	0	30000	other	0
SEE-01-3.3-FR32	554	Picture	+	14811676	0	1	20166	1	0	32850	other	0
SEE-01-3.3-FR32	555	Picture	low_F089	14831842	0	1	30166	1	0	30000	other	0
SEE-01-3.3-FR32	556	Picture	+	14862175	0	1	78165	1	0	next	other	0
SEE-01-3.3-FR32	557	Sound	low171a	14882175	0	1			0		other	0
SEE-01-3.3-FR32	558	Picture	500+	14940340	0	1	5167	1	0	5000	other	0
SEE-01-3.3-FR32	559	Picture	hi_P034	14945673	0	1	30166	1	0	30000	other	0
SEE-01-3.3-FR32	560	Picture	+	14975839	0	1	69832	1	0	next	other	0
SEE-01-3.3-FR32	561	Sound	low171b	14975839	0	1			0		other	0
SEE-01-3.3-FR32	562	Picture	500+	15045671	0	1	5167	1	0	5000	other	0
SEE-01-3.3-FR32	563	Picture	low_F130	15050837	0	1	30166	1	0	30000	other	0
SEE-01-3.3-FR32	564	Picture	+	15081170	0	1	20166	1	0	37220	other	0
SEE-01-3.3-FR32	565	Picture	low_F138	15101336	0	1	30166	1	0	30000	other	0
SEE-01-3.3-FR32	566	Picture	+	15131669	0	1	20166	1	0	42250	other	0
SEE-01-3.3-FR32	567	Picture	hi_P215	15151835	0	1	30166	1	0	30000	other	0
SEE-01-3.3-FR32	568	Picture	+	15182168	0	1	87831	1	0	next	other	0
SEE-01-3.3-FR32	569	Sound	hi301a	15202169	0	1			0		other	0
SEE-01-3.3-FR32	570	Picture	500+	15269999	0	1	5167	1	0	5000	other	0
SEE-01-3.3-FR32	571	Picture	low_L131	15275332	0	1	30166	1	0	30000	other	0
SEE-01-3.3-FR32	572	Picture	+	15305498	0	1	65665	1	0	next	other	0
SEE-01-3.3-FR32	573	Sound	hi301b	15305499	0	1			0		other	0
SEE-01-3.3-FR32	574	Picture	500+	15371163	0	1	5167	1	0	5000	other	0
SEE-01-3.3-FR32	575	Picture	hi_A038	15376330	0	1	30166	1	0	30000	other	0
SEE-01-3.3-FR32	576	Picture	+	15406663	0	1	20166	1	0	34670	other	0
SEE-01-3.3-FR32	577	Picture	low_L111	15426829	0	1	30166	1	0	30000	other	0
SEE-01-3.3-FR32	578	Picture	+	15457162	0	1	20166	1	0	31900	other	0
SEE-01-3.3-FR32	579	Picture	hi_P032	15477328	0	1	30166	1	0	30000	other	0
SEE-01-3.3-FR32	580	Picture	+	15507660	0	1	87165	1	0	next	other	0
SEE-01-3.3-FR32	581	Sound	hi014a	15527661	0	2			0		other	0
SEE-01-3.3-FR32	582	Picture	500+	15594825	0	1	5167	1	0	5000	other	0
SEE-01-3.3-FR32	583	Picture	low_L046	15600158	0	1	30166	1	0	30000	other	0
SEE-01-3.3-FR32	584	Picture	+	15630324	0	1	57165	1	0	next	other	0
SEE-01-3.3-FR32	585	Sound	hi014b	15630325	0	1			0		other	0
SEE-01-3.3-FR32	586	Picture	500+	15687490	0	1	5167	1	0	5000	other	0
SEE-01-3.3-FR32	587	Picture	hi_P214	15692656	0	1	30166	1	0	30000	other	0
SEE-01-3.3-FR32	588	Picture	+	15722989	0	1	20166	1	0	31620	other	0
SEE-01-3.3-FR32	589	Picture	low_L021	15743155	0	1	30166	1	0	30000	other	0
SEE-01-3.3-FR32	590	Picture	+	15773488	0	1	20166	1	0	30410	other	0
SEE-01-3.3-FR32	591	Picture	hi_P243	15793654	0	1	30166	1	0	30000	other	0
SEE-01-3.3-FR32	592	Picture	+	15823987	0	1	78998	1	0	next	other	0
SEE-01-3.3-FR32	593	Sound	low284a	15843988	0	1			0		other	0
SEE-01-3.3-FR32	594	Picture	500+	15902985	0	1	5167	1	0	5000	other	0
SEE-01-3.3-FR32	595	Picture	hi_P140	15908152	0	1	30166	1	0	30000	other	0
SEE-01-3.3-FR32	596	Picture	+	15938484	0	1	59832	1	0	next	other	0
SEE-01-3.3-FR32	597	Sound	low284b	15938485	0	1			0		other	0
SEE-01-3.3-FR32	598	Picture	500+	15998316	0	1	5167	1	0	5000	other	0
SEE-01-3.3-FR32	599	Picture	low_L048	16003483	0	1	30166	1	0	30000	other	0
SEE-01-3.3-FR32	600	Picture	+	16033816	0	1	20166	1	0	36830	other	0
SEE-01-3.3-FR32	601	Picture	low_L163	16053982	0	1	30166	1	0	30000	other	0
SEE-01-3.3-FR32	602	Picture	+	16084315	0	1	20166	1	0	32430	other	0
SEE-01-3.3-FR32	603	Picture	hi_P001	16104481	0	1	30166	1	0	30000	other	0
SEE-01-3.3-FR32	604	Picture	+	16134813	0	1	82332	1	0	next	other	0
SEE-01-3.3-FR32	605	Sound	hi010a	16154814	0	1			0		other	0
SEE-01-3.3-FR32	606	Picture	500+	16217145	0	1	5167	1	0	5000	other	0
SEE-01-3.3-FR32	607	Picture	hi_F032	16222478	0	1	30166	1	0	30000	other	0
SEE-01-3.3-FR32	608	Picture	+	16252644	0	1	56832	1	0	next	other	0
SEE-01-3.3-FR32	609	Sound	hi010b	16252645	0	1			0		other	0
SEE-01-3.3-FR32	610	Picture	500+	16309476	0	1	5167	1	0	5000	other	0
SEE-01-3.3-FR32	611	Picture	low_L179	16314643	0	1	30166	1	0	30000	other	0
SEE-01-3.3-FR32	612	Picture	+	16344976	0	1	20166	1	0	41730	other	0
SEE-01-3.3-FR32	613	Picture	low_P168	16365142	0	1	30166	1	0	30000	other	0
SEE-01-3.3-FR32	614	Picture	+	16395474	0	1	20166	1	0	38180	other	0
SEE-01-3.3-FR32	615	Picture	hi_A027	16415641	0	1	30166	1	0	30000	other	0
SEE-01-3.3-FR32	616	Picture	+	16445973	0	1	77665	1	0	next	other	0
SEE-01-3.3-FR32	617	Sound	hi162a	16465974	0	1			0		other	0
SEE-01-3.3-FR32	618	Picture	500+	16523638	0	1	5167	1	0	5000	other	0
SEE-01-3.3-FR32	619	Picture	low_L125	16528805	0	1	30166	1	0	30000	other	0
SEE-01-3.3-FR32	620	Picture	+	16558971	0	1	67832	1	0	next	other	0
SEE-01-3.3-FR32	621	Sound	hi162b	16558971	0	1			0		other	0
SEE-01-3.3-FR32	622	Picture	500+	16626803	0	1	5167	1	0	5000	other	0
SEE-01-3.3-FR32	623	Picture	hi_P212	16631969	0	1	30166	1	0	30000	other	0
SEE-01-3.3-FR32	624	Picture	+	16662302	0	1	20166	1	0	36450	other	0
SEE-01-3.3-FR32	625	Picture	hi_P028	16682468	0	1	30166	1	0	30000	other	0
SEE-01-3.3-FR32	626	Picture	+	16712801	0	1	20166	1	0	39600	other	0
SEE-01-3.3-FR32	627	Picture	low_A188	16732967	0	1	30166	1	0	30000	other	0
SEE-01-3.3-FR32	628	Picture	+	16763300	0	1	78165	1	0	next	other	0
SEE-01-3.3-FR32	629	Sound	low350a	16783300	0	1			0		other	0
SEE-01-3.3-FR32	630	Picture	500+	16841465	0	1	5167	1	0	5000	other	0
SEE-01-3.3-FR32	631	Picture	low_F125	16846631	0	1	30166	1	0	30000	other	0
SEE-01-3.3-FR32	632	Picture	+	16876964	0	1	64332	1	0	next	other	0
SEE-01-3.3-FR32	633	Sound	low350b	16876964	0	1			0		other	0
SEE-01-3.3-FR32	634	Picture	500+	16941296	0	1	5167	1	0	5000	other	0
SEE-01-3.3-FR32	635	Picture	hi_P241	16946462	0	1	30166	1	0	30000	other	0
SEE-01-3.3-FR32	636	Picture	+	16976795	0	1	20166	1	0	33960	other	0
SEE-01-3.3-FR32	637	Picture	hi_P224	16996961	0	1	30166	1	0	30000	other	0
SEE-01-3.3-FR32	638	Picture	+	17027294	0	1	20166	1	0	35450	other	0
SEE-01-3.3-FR32	639	Picture	low_A126	17047460	0	1	30166	1	0	30000	other	0
SEE-01-3.3-FR32	640	Picture	+	17077793	0	1	79332	1	0	next	other	0
SEE-01-3.3-FR32	641	Sound	hi159a	17097793	0	1			0		other	0
SEE-01-3.3-FR32	642	Picture	500+	17157124	0	1	5167	1	0	5000	other	0
SEE-01-3.3-FR32	643	Picture	low_L161	17162291	0	1	30166	1	0	30000	other	0
SEE-01-3.3-FR32	644	Picture	+	17192624	0	1	66165	1	0	next	other	0
SEE-01-3.3-FR32	645	Sound	hi159b	17192624	0	1			0		other	0
SEE-01-3.3-FR32	646	Picture	500+	17258789	0	1	5167	1	0	5000	other	0
SEE-01-3.3-FR32	647	Picture	hi_F280	17263955	0	1	30166	1	0	30000	other	0
SEE-01-3.3-FR32	648	Picture	+	17294288	0	1	20166	1	0	42280	other	0
SEE-01-3.3-FR32	649	Picture	hi_F321	17314454	0	1	30166	1	0	30000	other	0
SEE-01-3.3-FR32	650	Picture	+	17344787	0	1	20166	1	0	31340	other	0
SEE-01-3.3-FR32	651	Picture	low_L090	17364953	0	1	30166	1	0	30000	other	0
SEE-01-3.3-FR32	652	Picture	+	17395286	0	1	76998	1	0	next	other	0
SEE-01-3.3-FR32	653	Sound	low277a	17415286	0	1			0		other	0
SEE-01-3.3-FR32	654	Picture	500+	17472284	0	1	5167	1	0	5000	other	0
SEE-01-3.3-FR32	655	Picture	hi_O148	17477451	0	1	30166	1	0	30000	other	0
SEE-01-3.3-FR32	656	Picture	+	17507617	0	1	66999	1	0	next	other	0
SEE-01-3.3-FR32	657	Sound	low277b	17507617	0	1			0		other	0
SEE-01-3.3-FR32	658	Picture	500+	17574615	0	1	5167	1	0	5000	other	0
SEE-01-3.3-FR32	659	Picture	low_A113	17579948	0	1	30166	1	0	30000	other	0
SEE-01-3.3-FR32	660	Picture	+	17610281	0	1	20166	1	0	39350	other	0
SEE-01-3.3-FR32	661	Picture	low_F203	17630447	0	1	30166	1	0	30000	other	0
SEE-01-3.3-FR32	662	Picture	+	17660780	0	1	20166	1	0	41860	other	0
SEE-01-3.3-FR32	663	Picture	hi_O126	17680946	0	1	30166	1	0	30000	other	0
SEE-01-3.3-FR32	664	Picture	+	17711279	0	1	75998	1	0	next	other	0
SEE-01-3.3-FR32	665	Sound	low283a	17731280	0	1			0		other	0
SEE-01-3.3-FR32	666	Picture	500+	17787277	0	1	5167	1	0	5000	other	0
SEE-01-3.3-FR32	667	Picture	low_L117	17792444	0	1	30166	1	0	30000	other	0
SEE-01-3.3-FR32	668	Picture	+	17822610	0	1	66499	1	0	next	other	0
SEE-01-3.3-FR32	669	Sound	low283b	17822610	0	1			0		other	0
SEE-01-3.3-FR32	670	Picture	500+	17889108	0	1	5167	1	0	5000	other	0
SEE-01-3.3-FR32	671	Picture	hi_F003	17894275	0	1	30166	1	0	30000	other	0
SEE-01-3.3-FR32	672	Picture	+	17924608	0	1	20166	1	0	30460	other	0
SEE-01-3.3-FR32	673	Picture	low_L109	17944774	0	1	30166	1	0	30000	other	0
SEE-01-3.3-FR32	674	Picture	+	17975106	0	1	20166	1	0	34950	other	0
SEE-01-3.3-FR32	675	Picture	hi_P007	17995273	0	1	30166	1	0	30000	other	0
SEE-01-3.3-FR32	676	Picture	+	18025605	0	1	81665	1	0	next	other	0
SEE-01-3.3-FR32	677	Sound	hi246a	18045606	0	1			0		other	0
SEE-01-3.3-FR32	678	Picture	500+	18107270	0	1	5167	1	0	5000	other	0
SEE-01-3.3-FR32	679	Picture	hi_P222	18112603	0	1	30166	1	0	30000	other	0
SEE-01-3.3-FR32	680	Picture	+	18142769	0	1	57499	1	0	next	other	0
SEE-01-3.3-FR32	681	Sound	hi246b	18142770	0	1			0		other	0
SEE-01-3.3-FR32	682	Picture	500+	18200268	0	1	5167	1	0	5000	other	0
SEE-01-3.3-FR32	683	Picture	low_A194	18205435	0	1	30166	1	0	30000	other	0
SEE-01-3.3-FR32	684	Picture	+	18235767	0	1	20166	1	0	43310	other	0
SEE-01-3.3-FR32	685	Picture	hi_P033	18255934	0	1	30166	1	0	30000	other	0
SEE-01-3.3-FR32	686	Picture	+	18286266	0	1	20166	1	0	33950	other	0
SEE-01-3.3-FR32	687	Picture	low_L113	18306433	0	1	30166	1	0	30000	other	0
SEE-01-3.3-FR32	688	Picture	+	18336765	0	1	78998	1	0	next	other	0
SEE-01-3.3-FR32	689	Sound	hi002a	18356766	0	1			0		other	0
SEE-01-3.3-FR32	690	Picture	500+	18415763	0	1	5167	1	0	5000	other	0
SEE-01-3.3-FR32	691	Picture	hi_P144	18420930	0	1	30166	1	0	30000	other	0
SEE-01-3.3-FR32	692	Picture	+	18451096	0	1	61832	1	0	next	other	0
SEE-01-3.3-FR32	693	Sound	hi002b	18451097	0	1			0		other	0
SEE-01-3.3-FR32	694	Picture	500+	18512928	0	1	5167	1	0	5000	other	0
SEE-01-3.3-FR32	695	Picture	low_L153	18518095	0	1	30166	1	0	30000	other	0
SEE-01-3.3-FR32	696	Picture	+	18548427	0	1	20166	1	0	37590	other	0
SEE-01-3.3-FR32	697	Picture	hi_A073	18568593	0	1	30166	1	0	30000	other	0
SEE-01-3.3-FR32	698	Picture	+	18598926	0	1	20166	1	0	40740	other	0
SEE-01-3.3-FR32	699	Picture	low_P046	18619092	0	1	30166	1	0	30000	other	0
SEE-01-3.3-FR32	700	Picture	+	18649425	0	1	85998	1	0	next	other	0
SEE-01-3.3-FR32	701	Sound	hi254a	18669426	0	1			0		other	0
SEE-01-3.3-FR32	702	Picture	500+	18735423	0	1	5167	1	0	5000	other	0
SEE-01-3.3-FR32	703	Picture	low_F324	18740590	0	1	30166	1	0	30000	other	0
SEE-01-3.3-FR32	704	Picture	+	18770756	0	1	62499	1	0	next	other	0
SEE-01-3.3-FR32	705	Sound	hi254b	18770756	0	1			0		other	0
SEE-01-3.3-FR32	706	Picture	500+	18833254	0	1	5167	1	0	5000	other	0
SEE-01-3.3-FR32	707	Picture	hi_P132	18838421	0	1	30166	1	0	30000	other	0
SEE-01-3.3-FR32	708	Picture	+	18868754	0	1	20166	1	0	35110	other	0
SEE-01-3.3-FR32	709	Picture	low_L174	18888920	0	1	30166	1	0	30000	other	0
SEE-01-3.3-FR32	710	Picture	+	18919252	0	1	20166	1	0	34640	other	0
SEE-01-3.3-FR32	711	Picture	hi_A071	18939419	0	1	30166	1	0	30000	other	0
SEE-01-3.3-FR32	712	Picture	+	18969751	0	1	80665	1	0	next	other	0
SEE-01-3.3-FR32	713	Sound	hi003a	18989752	0	1			0		other	0
SEE-01-3.3-FR32	714	Picture	500+	19050416	0	1	5167	1	0	5000	other	0
SEE-01-3.3-FR32	715	Picture	hi_F158	19055749	0	1	30166	1	0	30000	other	0
SEE-01-3.3-FR32	716	Picture	+	19086082	0	1	65999	1	0	next	other	0
SEE-01-3.3-FR32	717	Sound	hi003b	19086083	0	1			0		other	0
SEE-01-3.3-FR32	718	Picture	500+	19152081	0	1	5167	1	0	5000	other	0
SEE-01-3.3-FR32	719	Picture	low_F343	19157414	0	1	30166	1	0	30000	other	0
SEE-01-3.3-FR32	720	Picture	+	19187747	0	1	20166	1	0	32150	other	0
SEE-01-3.3-FR32	721	Picture	low_L094	19207913	0	1	30166	1	0	30000	other	0
SEE-01-3.3-FR32	722	Picture	+	19238245	0	1	20166	1	0	42110	other	0
SEE-01-3.3-FR32	723	Picture	hi_A054	19258412	0	1	30166	1	0	30000	other	0
SEE-01-3.3-FR32	724	Picture	+	19288744	0	1	79998	1	0	next	other	0
SEE-01-3.3-FR32	725	Sound	hi103a	19308745	0	1			0		other	0
SEE-01-3.3-FR32	726	Picture	500+	19368743	0	1	5167	1	0	5000	other	0
SEE-01-3.3-FR32	727	Picture	hi_F297	19373909	0	1	30166	1	0	30000	other	0
SEE-01-3.3-FR32	728	Picture	+	19404075	0	1	57332	1	0	next	other	0
SEE-01-3.3-FR32	729	Sound	hi103b	19404076	0	1			0		other	0
SEE-01-3.3-FR32	730	Picture	500+	19461407	0	1	5167	1	0	5000	other	0
SEE-01-3.3-FR32	731	Picture	low_F358	19466574	0	1	30166	1	0	30000	other	0
SEE-01-3.3-FR32	732	Picture	+	19496906	0	1	20166	1	0	34730	other	0
SEE-01-3.3-FR32	733	Picture	hi_O001	19517073	0	1	30166	1	0	30000	other	0
SEE-01-3.3-FR32	734	Picture	+	19547405	0	1	20166	1	0	42060	other	0
SEE-01-3.3-FR32	735	Picture	low_P169	19567572	0	1	30166	1	0	30000	other	0
SEE-01-3.3-FR32	736	Picture	+	19597904	0	1	76832	1	0	next	other	0
SEE-01-3.3-FR32	737	Sound	hi319a	19617905	0	1			0		other	0
SEE-01-3.3-FR32	738	Picture	500+	19674736	0	1	5167	1	0	5000	other	0
SEE-01-3.3-FR32	739	Picture	hi_O003	19679902	0	1	30166	1	0	30000	other	0
SEE-01-3.3-FR32	740	Picture	+	19710068	0	1	65999	1	0	next	other	0
SEE-01-3.3-FR32	741	Sound	hi319b	19710069	0	1			0		other	0
SEE-01-3.3-FR32	742	Picture	500+	19776067	0	1	5167	1	0	5000	other	0
SEE-01-3.3-FR32	743	Picture	low_P195	19781234	0	1	30166	1	0	30000	other	0
SEE-01-3.3-FR32	744	Picture	+	19811566	0	1	20166	1	0	32430	other	0
SEE-01-3.3-FR32	745	Picture	hi_P206	19831732	0	1	30166	1	0	30000	other	0
SEE-01-3.3-FR32	746	Picture	+	19862065	0	1	20166	1	0	33580	other	0
SEE-01-3.3-FR32	747	Picture	low_L157	19882231	0	1	30166	1	0	30000	other	0
SEE-01-3.3-FR32	748	Picture	+	19912564	0	1	85665	1	0	next	other	0
SEE-01-3.3-FR32	749	Sound	low089a	19932565	0	1			0		other	0
SEE-01-3.3-FR32	750	Picture	500+	19998229	0	1	5167	1	0	5000	other	0
SEE-01-3.3-FR32	751	Picture	low_F121	20003562	0	1	30166	1	0	30000	other	0
SEE-01-3.3-FR32	752	Picture	+	20033728	0	1	55332	1	0	next	other	0
SEE-01-3.3-FR32	753	Sound	low089b	20033729	0	1			0		other	0
SEE-01-3.3-FR32	754	Picture	500+	20089060	0	1	5167	1	0	5000	other	0
SEE-01-3.3-FR32	755	Picture	hi_A058	20094227	0	1	30166	1	0	30000	other	0
SEE-01-3.3-FR32	756	Picture	+	20124559	0	1	20166	1	0	38460	other	0
SEE-01-3.3-FR32	757	Picture	low_L178	20144726	0	1	30166	1	0	30000	other	0
SEE-01-3.3-FR32	758	Picture	+	20175058	0	1	20166	1	0	40360	other	0
SEE-01-3.3-FR32	759	Picture	hi_P086	20195224	0	1	30166	1	0	30000	other	0
SEE-01-3.3-FR32	760	Picture	+	20225557	0	1	81332	1	0	next	other	0
SEE-01-3.3-FR32	761	Sound	low057a	20245558	0	2			0		other	0
SEE-01-3.3-FR32	762	Picture	500+	20306889	0	1	5167	1	0	5000	other	0
SEE-01-3.3-FR32	763	Picture	low_L128	20312055	0	1	30166	1	0	30000	other	0
SEE-01-3.3-FR32	764	Picture	+	20342221	0	1	63832	1	0	next	other	0
SEE-01-3.3-FR32	765	Sound	low057b	20342222	0	1			0		other	0
SEE-01-3.3-FR32	766	Picture	500+	20406053	0	1	5167	1	0	5000	other	0
SEE-01-3.3-FR32	767	Picture	hi_O132	20411220	0	1	30166	1	0	30000	other	0
SEE-01-3.3-FR32	768	Picture	+	20441552	0	1	20166	1	0	41130	other	0
SEE-01-3.3-FR32	769	Picture	hi_A060	20461719	0	1	30166	1	0	30000	other	0
SEE-01-3.3-FR32	770	Picture	+	20492051	0	1	20166	1	0	31080	other	0
SEE-01-3.3-FR32	771	Picture	low_A192	20512218	0	1	30166	1	0	30000	other	0
SEE-01-3.3-FR32	772	Picture	+	20542550	0	1	87331	1	0	next	other	0
SEE-01-3.3-FR32	773	Sound	low341a	20562551	0	1			0		other	0
SEE-01-3.3-FR32	774	Picture	500+	20629882	0	1	5167	1	0	5000	other	0
SEE-01-3.3-FR32	775	Picture	low_F056	20635048	0	1	30166	1	0	30000	other	0
SEE-01-3.3-FR32	776	Picture	+	20665214	0	1	65499	1	0	next	other	0
SEE-01-3.3-FR32	777	Sound	low341b	20665215	0	1			0		other	0
SEE-01-3.3-FR32	778	Picture	500+	20730713	0	1	5167	1	0	5000	other	0
SEE-01-3.3-FR32	779	Picture	hi_P021	20735879	0	1	30166	1	0	30000	other	0
SEE-01-3.3-FR32	780	Picture	+	20766212	0	1	20166	1	0	32310	other	0
SEE-01-3.3-FR32	781	Picture	low_O190	20786378	0	1	30166	1	0	30000	other	0
SEE-01-3.3-FR32	782	Picture	+	20816711	0	1	20166	1	0	35240	other	0
SEE-01-3.3-FR32	783	Picture	hi_O007	20836877	0	1	30166	1	0	30000	other	0
SEE-01-3.3-FR32	784	Picture	+	20867210	0	1	81332	1	0	next	other	0
SEE-01-3.3-FR32	785	Sound	hi018a	20887211	0	1			0		other	0
SEE-01-3.3-FR32	786	Picture	500+	20948541	0	1	5167	1	0	5000	other	0
SEE-01-3.3-FR32	787	Picture	hi_P023	20953708	0	1	30166	1	0	30000	other	0
SEE-01-3.3-FR32	788	Picture	+	20983874	0	1	65165	1	0	next	other	0
SEE-01-3.3-FR32	789	Sound	hi018b	20983875	0	1			0		other	0
SEE-01-3.3-FR32	790	Picture	500+	21049039	0	1	5167	1	0	5000	other	0
SEE-01-3.3-FR32	791	Picture	low_L130	21054206	0	1	30166	1	0	30000	other	0
SEE-01-3.3-FR32	792	Picture	+	21084538	0	1	20166	1	0	31990	other	0
SEE-01-3.3-FR32	793	Picture	low_L164	21104705	0	1	30166	1	0	30000	other	0
SEE-01-3.3-FR32	794	Picture	+	21135037	0	1	20166	1	0	37570	other	0
SEE-01-3.3-FR32	795	Picture	hi_P125	21155203	0	1	30166	1	0	30000	other	0
SEE-01-3.3-FR32	796	Picture	+	21185536	0	1	84332	1	0	next	other	0
SEE-01-3.3-FR32	797	Sound	hi310a	21205537	0	1			0		other	0
SEE-01-3.3-FR32	798	Picture	500+	21269868	0	1	5167	1	0	5000	other	0
SEE-01-3.3-FR32	799	Picture	low_L107	21275201	0	1	30166	1	0	30000	other	0
SEE-01-3.3-FR32	800	Picture	+	21305367	0	1	64665	1	0	next	other	0
SEE-01-3.3-FR32	801	Sound	hi310b	21305367	0	1			0		other	0
SEE-01-3.3-FR32	802	Picture	500+	21370032	0	1	5167	1	0	5000	other	0
SEE-01-3.3-FR32	803	Picture	hi_F170	21375199	0	1	30166	1	0	30000	other	0
SEE-01-3.3-FR32	804	Picture	+	21405531	0	1	20166	1	0	35260	other	0
SEE-01-3.3-FR32	805	Picture	low_L169	21425698	0	1	30166	1	0	30000	other	0
SEE-01-3.3-FR32	806	Picture	+	21456030	0	1	20166	1	0	42240	other	0
SEE-01-3.3-FR32	807	Picture	hi_A061	21476196	0	1	30166	1	0	30000	other	0
SEE-01-3.3-FR32	808	Picture	+	21506529	0	1	76498	1	0	next	other	0
SEE-01-3.3-FR32	809	Sound	hi158a	21526530	0	2			0		other	0
SEE-01-3.3-FR32	810	Picture	500+	21583027	0	1	5167	1	0	5000	other	0
SEE-01-3.3-FR32	811	Picture	hi_F028	21588361	0	1	30166	1	0	30000	other	0
SEE-01-3.3-FR32	812	Picture	+	21618527	0	1	57165	1	0	next	other	0
SEE-01-3.3-FR32	813	Sound	hi158b	21618527	0	1			0		other	0
SEE-01-3.3-FR32	814	Picture	500+	21675692	0	1	5167	1	0	5000	other	0
SEE-01-3.3-FR32	815	Picture	low_P107	21680859	0	1	30166	1	0	30000	other	0
SEE-01-3.3-FR32	816	Picture	+	21711191	0	1	20166	1	0	40190	other	0
SEE-01-3.3-FR32	817	Picture	hi_A039	21731358	0	1	30166	1	0	30000	other	0
SEE-01-3.3-FR32	818	Picture	+	21761690	0	1	20166	1	0	41470	other	0
SEE-01-3.3-FR32	819	Picture	low_L127	21781856	0	1	30166	1	0	30000	other	0
SEE-01-3.3-FR32	820	Picture	+	21812189	0	1	79832	1	0	next	other	0
SEE-01-3.3-FR32	821	Sound	hi202a	21832190	0	1			0		other	0
SEE-01-3.3-FR32	822	Picture	500+	21892021	0	1	5167	1	0	5000	other	0
SEE-01-3.3-FR32	823	Picture	hi_A045	21897354	0	1	30166	1	0	30000	other	0
SEE-01-3.3-FR32	824	Picture	+	21927687	0	1	62665	1	0	next	other	0
SEE-01-3.3-FR32	825	Sound	hi202b	21927687	0	1			0		other	0
SEE-01-3.3-FR32	826	Picture	500+	21990352	0	1	5167	1	0	5000	other	0
SEE-01-3.3-FR32	827	Picture	low_L154	21995518	0	1	30166	1	0	30000	other	0
SEE-01-3.3-FR32	828	Picture	+	22025851	0	1	20166	1	0	33840	other	0
SEE-01-3.3-FR32	829	Picture	hi_P071	22046017	0	1	30166	1	0	30000	other	0
SEE-01-3.3-FR32	830	Picture	+	22076350	0	1	20166	1	0	44000	other	0
SEE-01-3.3-FR32	831	Picture	low_A158	22096516	0	1	30166	1	0	30000	other	0
SEE-01-3.3-FR32	832	Picture	+	22126849	0	1	85331	1	0	next	other	0
SEE-01-3.3-FR32	833	Sound	low049a	22146850	0	1			0		other	0
SEE-01-3.3-FR32	834	Picture	500+	22212180	0	1	5167	1	0	5000	other	0
SEE-01-3.3-FR32	835	Picture	low_L049	22217347	0	1	30166	1	0	30000	other	0
SEE-01-3.3-FR32	836	Picture	+	22247513	0	1	63999	1	0	next	other	0
SEE-01-3.3-FR32	837	Sound	low049b	22247514	0	1			0		other	0
SEE-01-3.3-FR32	838	Picture	500+	22311512	0	1	5167	1	0	5000	other	0
SEE-01-3.3-FR32	839	Picture	hi_O006	22316678	0	1	30166	1	0	30000	other	0
SEE-01-3.3-FR32	840	Picture	+	22347011	0	1	20166	1	0	40960	other	0
SEE-01-3.3-FR32	841	Picture	low_P113	22367177	0	1	30166	1	0	30000	other	0
SEE-01-3.3-FR32	842	Picture	+	22397510	0	1	20166	1	0	33960	other	0
SEE-01-3.3-FR32	843	Picture	hi_O328	22417676	0	1	30166	1	0	30000	other	0
SEE-01-3.3-FR32	844	Picture	+	22448009	0	1	86331	1	0	next	other	0
SEE-01-3.3-FR32	845	Sound	low351a	22468009	0	1			0		other	0
SEE-01-3.3-FR32	846	Picture	500+	22534340	0	1	5167	1	0	5000	other	0
SEE-01-3.3-FR32	847	Picture	low_L137	22539507	0	1	30166	1	0	30000	other	0
SEE-01-3.3-FR32	848	Picture	+	22569673	0	1	63165	1	0	next	other	0
SEE-01-3.3-FR32	849	Sound	low351b	22569673	0	1			0		other	0
SEE-01-3.3-FR32	850	Picture	500+	22632838	0	1	5167	1	0	5000	other	0
SEE-01-3.3-FR32	851	Picture	hi_F274	22638004	0	1	30166	1	0	30000	other	0
SEE-01-3.3-FR32	852	Picture	+	22668337	0	1	20166	1	0	40830	other	0
SEE-01-3.3-FR32	853	Picture	hi_P238	22688503	0	1	30166	1	0	30000	other	0
SEE-01-3.3-FR32	854	Picture	+	22718836	0	1	20166	1	0	39190	other	0
SEE-01-3.3-FR32	855	Picture	low_A108	22739002	0	1	30166	1	0	30000	other	0
SEE-01-3.3-FR32	856	Picture	+	22769335	0	1	83165	1	0	next	other	0
SEE-01-3.3-FR32	857	Sound	low044a	22789336	0	1			0		other	0
SEE-01-3.3-FR32	858	Picture	500+	22852500	0	1	5167	1	0	5000	other	0
SEE-01-3.3-FR32	859	Picture	low_A201	22857666	0	1	30166	1	0	30000	other	0
SEE-01-3.3-FR32	860	Picture	+	22887832	0	1	55499	1	0	next	other	0
SEE-01-3.3-FR32	861	Sound	low044b	22887833	0	1			0		other	0
SEE-01-3.3-FR32	862	Picture	500+	22943331	0	1	5167	1	0	5000	other	0
SEE-01-3.3-FR32	863	Picture	hi_L177	22948498	0	1	30166	1	0	30000	other	0
SEE-01-3.3-FR32	864	Picture	+	22978830	0	1	20166	1	0	43730	other	0
SEE-01-3.3-FR32	865	Picture	hi_P038	22998997	0	1	30166	1	0	30000	other	0
SEE-01-3.3-FR32	866	Picture	+	23029329	0	1	20166	1	0	30550	other	0
SEE-01-3.3-FR32	867	Picture	low_P045	23049495	0	1	30166	1	0	30000	other	0
SEE-01-3.3-FR32	868	Picture	+	23079828	0	1	87498	1	0	next	other	0
SEE-01-3.3-FR32	869	Sound	hi172a	23099829	0	1			0		other	0
SEE-01-3.3-FR32	870	Picture	500+	23167326	0	1	5167	1	0	5000	other	0
SEE-01-3.3-FR32	871	Picture	hi_P015	23172493	0	1	30166	1	0	30000	other	0
SEE-01-3.3-FR32	872	Picture	+	23202659	0	1	57665	1	0	next	other	0
SEE-01-3.3-FR32	873	Sound	hi172b	23202659	0	1			0		other	0
SEE-01-3.3-FR32	874	Picture	500+	23260324	0	1	5167	1	0	5000	other	0
SEE-01-3.3-FR32	875	Picture	low_O219	23265491	0	1	30166	1	0	30000	other	0
SEE-01-3.3-FR32	876	Picture	+	23295823	0	1	20166	1	0	37880	other	0
SEE-01-3.3-FR32	877	Picture	low_L065	23315990	0	1	30166	1	0	30000	other	0
SEE-01-3.3-FR32	878	Picture	+	23346322	0	1	20166	1	0	32980	other	0
SEE-01-3.3-FR32	879	Picture	hi_P020	23366488	0	1	30166	1	0	30000	other	0
SEE-01-3.3-FR32	880	Picture	+	23396821	0	1	80665	1	0	next	other	0
SEE-01-3.3-FR32	881	Sound	low088a	23416822	0	1			0		other	0
SEE-01-3.3-FR32	882	Picture	500+	23477486	0	1	5167	1	0	5000	other	0
SEE-01-3.3-FR32	883	Picture	low_O214	23482653	0	1	30166	1	0	30000	other	0
SEE-01-3.3-FR32	884	Picture	+	23512819	0	1	65332	1	0	next	other	0
SEE-01-3.3-FR32	885	Sound	low088b	23512819	0	1			0		other	0
SEE-01-3.3-FR32	886	Picture	500+	23578150	0	1	5167	1	0	5000	other	0
SEE-01-3.3-FR32	887	Picture	hi_A018	23583317	0	1	30166	1	0	30000	other	0
SEE-01-3.3-FR32	888	Picture	+	23613650	0	1	20166	1	0	37490	other	0
SEE-01-3.3-FR32	889	Picture	hi_P237	23633816	0	1	30166	1	0	30000	other	0
SEE-01-3.3-FR32	890	Picture	+	23664149	0	1	20166	1	0	42780	other	0
SEE-01-3.3-FR32	891	Picture	low_F047	23684315	0	1	30166	1	0	30000	other	0
SEE-01-3.3-FR32	892	Picture	+	23714648	0	1	80998	1	0	next	other	0
SEE-01-3.3-FR32	893	Sound	low274a	23734648	0	1			0		other	0
SEE-01-3.3-FR32	894	Picture	500+	23795646	0	1	5167	1	0	5000	other	0
SEE-01-3.3-FR32	895	Picture	low_A123	23800812	0	1	30166	1	0	30000	other	0
SEE-01-3.3-FR32	896	Picture	+	23830978	0	1	58665	1	0	next	other	0
SEE-01-3.3-FR32	897	Sound	low274b	23830979	0	1			0		other	0
SEE-01-3.3-FR32	898	Picture	500+	23889644	0	1	5167	1	0	5000	other	0
SEE-01-3.3-FR32	899	Picture	hi_A037	23894810	0	1	30166	1	0	30000	other	0
SEE-01-3.3-FR32	900	Picture	+	23925143	0	1	20166	1	0	43200	other	0
SEE-01-3.3-FR32	901	Picture	hi_O022	23945309	0	1	30166	1	0	30000	other	0
SEE-01-3.3-FR32	902	Picture	+	23975642	0	1	20166	1	0	35170	other	0
SEE-01-3.3-FR32	903	Picture	low_L038	23995808	0	1	30166	1	0	30000	other	0
SEE-01-3.3-FR32	904	Picture	+	24026141	0	1	86165	1	0	next	other	0
SEE-01-3.3-FR32	905	Sound	hi009a	24046142	0	1			0		other	0
SEE-01-3.3-FR32	906	Picture	500+	24112305	0	1	5167	1	0	5000	other	0
SEE-01-3.3-FR32	907	Picture	hi_P127	24117472	0	1	30166	1	0	30000	other	0
SEE-01-3.3-FR32	908	Picture	+	24147805	0	1	60665	1	0	next	other	0
SEE-01-3.3-FR32	909	Sound	hi009b	24147805	0	1			0		other	0
SEE-01-3.3-FR32	910	Picture	500+	24208470	0	1	5167	1	0	5000	other	0
SEE-01-3.3-FR32	911	Picture	low_L055	24213803	0	1	30166	1	0	30000	other	0
SEE-01-3.3-FR32	912	Picture	+	24244136	0	1	20166	1	0	37800	other	0
SEE-01-3.3-FR32	913	Picture	low_P176	24264302	0	1	30166	1	0	30000	other	0
SEE-01-3.3-FR32	914	Picture	+	24294635	0	1	20166	1	0	30330	other	0
SEE-01-3.3-FR32	915	Picture	hi_P226	24314801	0	1	30166	1	0	30000	other	0
SEE-01-3.3-FR32	916	Picture	+	24345134	0	1	85165	1	0	next	other	0
SEE-01-3.3-FR32	917	Sound	low197a	24365134	0	1			0		other	0
SEE-01-3.3-FR32	918	Picture	500+	24430299	0	1	5167	1	0	5000	other	0
SEE-01-3.3-FR32	919	Picture	low_L075	24435465	0	1	30166	1	0	30000	other	0
SEE-01-3.3-FR32	920	Picture	+	24465631	0	1	63665	1	0	next	other	0
SEE-01-3.3-FR32	921	Sound	low197b	24465632	0	1			0		other	0
SEE-01-3.3-FR32	922	Picture	500+	24529296	0	1	5167	1	0	5000	other	0
SEE-01-3.3-FR32	923	Picture	hi_O300	24534630	0	1	30166	1	0	30000	other	0
SEE-01-3.3-FR32	924	Picture	+	24564962	0	1	20166	1	0	35890	other	0
SEE-01-3.3-FR32	925	Picture	low_P149	24585129	0	1	30166	1	0	30000	other	0
SEE-01-3.3-FR32	926	Picture	+	24615461	0	1	20166	1	0	30380	other	0
SEE-01-3.3-FR32	927	Picture	hi_A016	24635627	0	1	30166	1	0	30000	other	0
SEE-01-3.3-FR32	928	Picture	+	24665960	0	1	76998	1	0	next	other	0
SEE-01-3.3-FR32	929	Sound	hi013a	24685961	0	1			0		other	0
SEE-01-3.3-FR32	930	Picture	500+	24742958	0	1	5166	1	0	5000	other	0
SEE-01-3.3-FR32	931	Picture	hi_F299	24748125	0	1	30166	1	0	30000	other	0
SEE-01-3.3-FR32	932	Picture	+	24778291	0	1	68499	1	0	next	other	0
SEE-01-3.3-FR32	933	Sound	hi013b	24778292	0	1			0		other	0
SEE-01-3.3-FR32	934	Picture	500+	24846789	0	1	5167	1	0	5000	other	0
SEE-01-3.3-FR32	935	Picture	low_L173	24851956	0	1	30166	1	0	30000	other	0
SEE-01-3.3-FR32	936	Picture	+	24882289	0	1	20166	1	0	43850	other	0
SEE-01-3.3-FR32	937	Picture	low_A099	24902455	0	1	30166	1	0	30000	other	0
SEE-01-3.3-FR32	938	Picture	+	24932788	0	1	20166	1	0	37360	other	0
SEE-01-3.3-FR32	939	Picture	hi_O013	24952954	0	1	30166	1	0	30000	other	0
SEE-01-3.3-FR32	940	Picture	+	24983286	0	1	87665	1	0	next	other	0
SEE-01-3.3-FR32	941	Sound	low030a	25003287	0	1			0		other	0
SEE-01-3.3-FR32	942	Picture	500+	25070951	0	1	5167	1	0	5000	other	0
SEE-01-3.3-FR32	943	Picture	low_F224	25076284	0	1	30166	1	0	30000	other	0
SEE-01-3.3-FR32	944	Picture	+	25106450	0	1	64665	1	0	next	other	0
SEE-01-3.3-FR32	945	Sound	low030b	25106451	0	1			0		other	0
SEE-01-3.3-FR32	946	Picture	500+	25171116	0	1	5167	1	0	5000	other	0
SEE-01-3.3-FR32	947	Picture	hi_P198	25176282	0	1	30166	1	0	30000	other	0
SEE-01-3.3-FR32	948	Picture	+	25206615	0	1	20166	1	0	42920	other	0
SEE-01-3.3-FR32	949	Picture	hi_L005	25226781	0	1	30166	1	0	30000	other	0
SEE-01-3.3-FR32	950	Picture	+	25257114	0	1	20166	1	0	36690	other	0
SEE-01-3.3-FR32	951	Picture	low_L168	25277280	0	1	30166	1	0	30000	other	0
SEE-01-3.3-FR32	952	Picture	+	25307613	0	1	77332	1	0	next	other	0
SEE-01-3.3-FR32	953	Sound	low282a	25327614	0	1			0		other	0
SEE-01-3.3-FR32	954	Picture	500+	25384944	0	1	5167	1	0	5000	other	0
SEE-01-3.3-FR32	955	Picture	hi_F009	25390111	0	1	30166	1	0	30000	other	0
SEE-01-3.3-FR32	956	Picture	+	25420444	0	1	57832	1	0	next	other	0
SEE-01-3.3-FR32	957	Sound	low282b	25420444	0	1			0		other	0
SEE-01-3.3-FR32	958	Picture	500+	25478276	0	1	5167	1	0	5000	other	0
SEE-01-3.3-FR32	959	Picture	low_A115	25483442	0	1	30166	1	0	30000	other	0
SEE-01-3.3-FR32	960	Picture	+	25513775	0	1	20166	1	0	41040	other	0
SEE-01-3.3-FR32	961	Picture	hi_P217	25533941	0	1	30166	1	0	30000	other	0
SEE-01-3.3-FR32	962	Picture	+	25564274	0	1	20166	1	0	44790	other	0
SEE-01-3.3-FR32	963	Picture	low_A104	25584440	0	1	30166	1	0	30000	other	0
SEE-01-3.3-FR32	964	Picture	+	25614773	0	1	76498	1	0	next	other	0
SEE-01-3.3-FR32	965	Sound	low279a	25634773	0	1			0		other	0
SEE-01-3.3-FR32	966	Picture	500+	25691271	0	1	5167	1	0	5000	other	0
SEE-01-3.3-FR32	967	Picture	hi_A074	25696438	0	1	30166	1	0	30000	other	0
SEE-01-3.3-FR32	968	Picture	+	25726604	0	1	67165	1	0	next	other	0
SEE-01-3.3-FR32	969	Sound	low279b	25726604	0	1			0		other	0
SEE-01-3.3-FR32	970	Picture	500+	25793769	0	1	5167	1	0	5000	other	0
SEE-01-3.3-FR32	971	Picture	low_P103	25798935	0	1	30166	1	0	30000	other	0
SEE-01-3.3-FR32	972	Picture	+	25829268	0	1	20166	1	0	42050	other	0
SEE-01-3.3-FR32	973	Picture	low_A159	25849434	0	1	30166	1	0	30000	other	0
SEE-01-3.3-FR32	974	Picture	+	25879767	0	1	20166	1	0	42140	other	0
SEE-01-3.3-FR32	975	Picture	hi_P040	25899933	0	1	30166	1	0	30000	other	0
SEE-01-3.3-FR32	976	Picture	+	25930266	0	1	87998	1	0	next	other	0
SEE-01-3.3-FR32	977	Sound	hi326a	25950266	0	1			0		other	0
SEE-01-3.3-FR32	978	Picture	500+	26018264	0	1	5167	1	0	5000	other	0
SEE-01-3.3-FR32	979	Picture	low_A139	26023430	0	1	30166	1	0	30000	other	0
SEE-01-3.3-FR32	980	Picture	+	26053596	0	1	67332	1	0	next	other	0
SEE-01-3.3-FR32	981	Sound	hi326b	26053597	0	1			0		other	0
SEE-01-3.3-FR32	982	Picture	500+	26120928	0	1	5167	1	0	5000	other	0
SEE-01-3.3-FR32	983	Picture	hi_A001	26126095	0	1	30166	1	0	30000	other	0
SEE-01-3.3-FR32	984	Picture	+	26156428	0	1	20166	1	0	38100	other	0
SEE-01-3.3-FR32	985	Picture	low_A160	26176594	0	1	30166	1	0	30000	other	0
SEE-01-3.3-FR32	986	Picture	+	26206926	0	1	20166	1	0	39790	other	0
SEE-01-3.3-FR32	987	Picture	hi_O154	26227093	0	1	30166	1	0	30000	other	0
SEE-01-3.3-FR32	988	Picture	+	26257425	0	1	81665	1	0	next	other	0
SEE-01-3.3-FR32	989	Sound	low118a	26277426	0	1			0		other	0
SEE-01-3.3-FR32	990	Picture	500+	26339090	0	1	5167	1	0	5000	other	0
SEE-01-3.3-FR32	991	Picture	low_F099	26344423	0	1	30166	1	0	30000	other	0
SEE-01-3.3-FR32	992	Picture	+	26374589	0	1	65999	1	0	next	other	0
SEE-01-3.3-FR32	993	Sound	low118b	26374590	0	1			0		other	0
SEE-01-3.3-FR32	994	Picture	500+	26440588	0	1	5167	1	0	5000	other	0
SEE-01-3.3-FR32	995	Picture	hi_F016	26445755	0	1	30166	1	0	30000	other	0
SEE-01-3.3-FR32	996	Picture	+	26476087	0	1	20166	1	0	32770	other	0
SEE-01-3.3-FR32	997	Picture	hi_P123	26496253	0	1	30166	1	0	30000	other	0
SEE-01-3.3-FR32	998	Picture	+	26526586	0	1	20166	1	0	38950	other	0
SEE-01-3.3-FR32	999	Picture	low_L142	26546752	0	1	30166	1	0	30000	other	0
SEE-01-3.3-FR32	1000	Picture	+	26577085	0	1	88998	1	0	next	other	0
SEE-01-3.3-FR32	1001	Sound	hi249a	26597086	0	1			0		other	0
SEE-01-3.3-FR32	1002	Picture	500+	26666083	0	1	5167	1	0	5000	other	0
SEE-01-3.3-FR32	1003	Picture	low_O220	26671250	0	1	30166	1	0	30000	other	0
SEE-01-3.3-FR32	1004	Picture	+	26701416	0	1	59332	1	0	next	other	0
SEE-01-3.3-FR32	1005	Sound	hi249b	26701416	0	1			0		other	0
SEE-01-3.3-FR32	1006	Picture	500+	26760748	0	1	5167	1	0	5000	other	0
SEE-01-3.3-FR32	1007	Picture	hi_P143	26765914	0	1	30166	1	0	30000	other	0
SEE-01-3.3-FR32	1008	Picture	+	26796247	0	1	20166	1	0	34380	other	0
SEE-01-3.3-FR32	1009	Picture	low_L184	26816413	0	1	30166	1	0	30000	other	0
SEE-01-3.3-FR32	1010	Picture	+	26846746	0	1	20166	1	0	38110	other	0
SEE-01-3.3-FR32	1011	Picture	hi_A021	26866912	0	1	30166	1	0	30000	other	0
SEE-01-3.3-FR32	1012	Picture	+	26897245	0	1	79165	1	0	next	other	0
SEE-01-3.3-FR32	1013	Sound	hi241a	26917245	0	1			0		other	0
SEE-01-3.3-FR32	1014	Picture	500+	26976410	0	1	5167	1	0	5000	other	0
SEE-01-3.3-FR32	1015	Picture	hi_L007	26981576	0	1	30166	1	0	30000	other	0
SEE-01-3.3-FR32	1016	Picture	+	27011742	0	1	55999	1	0	next	other	0
SEE-01-3.3-FR32	1017	Sound	hi241b	27011743	0	1			0		other	0
SEE-01-3.3-FR32	1018	Picture	500+	27067741	0	1	5167	1	0	5000	other	0
SEE-01-3.3-FR32	1019	Picture	low_A152	27072907	0	1	30166	1	0	30000	other	0
SEE-01-3.3-FR32	1020	Picture	+	27103240	0	1	20166	1	0	41490	other	0
SEE-01-3.3-FR32	1021	Picture	low_L132	27123406	0	1	30166	1	0	30000	other	0
SEE-01-3.3-FR32	1022	Picture	+	27153739	0	1	20166	1	0	35800	other	0
SEE-01-3.3-FR32	1023	Picture	hi_F014	27173905	0	1	30166	1	0	30000	other	0
SEE-01-3.3-FR32	1024	Picture	+	27204238	0	1	75665	1	0	next	other	0
SEE-01-3.3-FR32	1025	Sound	low273a	27224239	0	1			0		other	0
SEE-01-3.3-FR32	1026	Picture	500+	27279903	0	1	5167	1	0	5000	other	0
SEE-01-3.3-FR32	1027	Picture	low_O325	27285069	0	1	30166	1	0	30000	other	0
SEE-01-3.3-FR32	1028	Picture	+	27315402	0	1	58165	1	0	next	other	0
SEE-01-3.3-FR32	1029	Sound	low273b	27315403	0	1			0		other	0
SEE-01-3.3-FR32	1030	Picture	500+	27373568	0	1	5167	1	0	5000	other	0
SEE-01-3.3-FR32	1031	Picture	hi_P128	27378734	0	1	30166	1	0	30000	other	0
SEE-01-3.3-FR32	1032	Picture	+	27409067	0	1	20166	1	0	36000	other	0
SEE-01-3.3-FR32	1033	Picture	hi_F025	27429233	0	1	30166	1	0	30000	other	0
SEE-01-3.3-FR32	1034	Picture	+	27459566	0	1	20166	1	0	32620	other	0
SEE-01-3.3-FR32	1035	Picture	low_L151	27479732	0	1	30166	1	0	30000	other	0
SEE-01-3.3-FR32	1036	Picture	+	27510065	0	1	81332	1	0	next	other	0
SEE-01-3.3-FR32	1037	Sound	hi253a	27530065	0	1			0		other	0
SEE-01-3.3-FR32	1038	Picture	500+	27591396	0	1	5167	1	0	5000	other	0
SEE-01-3.3-FR32	1039	Picture	hi_P232	27596729	0	1	30166	1	0	30000	other	0
SEE-01-3.3-FR32	1040	Picture	+	27626895	0	1	58332	1	0	next	other	0
SEE-01-3.3-FR32	1041	Sound	hi253b	27626896	0	1			0		other	0
SEE-01-3.3-FR32	1042	Picture	500+	27685227	0	1	5167	1	0	5000	other	0
SEE-01-3.3-FR32	1043	Picture	low_O043	27690394	0	1	30166	1	0	30000	other	0
SEE-01-3.3-FR32	1044	Picture	+	27720727	0	1	20166	1	0	37830	other	0
SEE-01-3.3-FR32	1045	Picture	hi_O004	27740893	0	1	30166	1	0	30000	other	0
SEE-01-3.3-FR32	1046	Picture	+	27771226	0	1	20166	1	0	42740	other	0
SEE-01-3.3-FR32	1047	Picture	low_A167	27791392	0	1	30166	1	0	30000	other	0
SEE-01-3.3-FR32	1048	Picture	+	27821724	0	1	80498	1	0	next	other	0
SEE-01-3.3-FR32	1049	Sound	hi243a	27841725	0	1			0		other	0
SEE-01-3.3-FR32	1050	Picture	500+	27902223	0	1	5167	1	0	5000	other	0
SEE-01-3.3-FR32	1051	Picture	hi_F290	27907389	0	1	30166	1	0	30000	other	0
SEE-01-3.3-FR32	1052	Picture	+	27937722	0	1	63665	1	0	next	other	0
SEE-01-3.3-FR32	1053	Sound	hi243b	27937723	0	1			0		other	0
SEE-01-3.3-FR32	1054	Picture	500+	28001387	0	1	5167	1	0	5000	other	0
SEE-01-3.3-FR32	1055	Picture	low_L098	28006720	0	1	30166	1	0	30000	other	0
SEE-01-3.3-FR32	1056	Picture	+	28037053	0	1	20166	1	0	37070	other	0
SEE-01-3.3-FR32	1057	Picture	low_A131	28057219	0	1	30166	1	0	30000	other	0
SEE-01-3.3-FR32	1058	Picture	+	28087552	0	1	20166	1	0	33490	other	0
SEE-01-3.3-FR32	1059	Picture	hi_P098	28107718	0	1	30166	1	0	30000	other	0
SEE-01-3.3-FR32	1060	Picture	+	28138051	0	1	78498	1	0	next	other	0
SEE-01-3.3-FR32	1061	Sound	hi314a	28158052	0	1			0		other	0
SEE-01-3.3-FR32	1062	Picture	500+	28216549	0	1	5167	1	0	5000	other	0
SEE-01-3.3-FR32	1063	Picture	low_A182	28221716	0	1	30166	1	0	30000	other	0
SEE-01-3.3-FR32	1064	Picture	+	28252048	0	1	55332	1	0	next	other	0
SEE-01-3.3-FR32	1065	Sound	hi314b	28252049	0	1			0		other	0
SEE-01-3.3-FR32	1066	Picture	500+	28307381	0	1	5167	1	0	5000	other	0
SEE-01-3.3-FR32	1067	Picture	hi_O125	28312714	0	1	30166	1	0	30000	other	0
SEE-01-3.3-FR32	1068	Picture	+	28343046	0	1	20166	1	0	38030	other	0
SEE-01-3.3-FR32	1069	Picture	low_L123	28363213	0	1	30166	1	0	30000	other	0
SEE-01-3.3-FR32	1070	Picture	+	28393545	0	1	20166	1	0	33030	other	0
SEE-01-3.3-FR32	1071	Picture	hi_O202	28413712	0	1	30166	1	0	30000	other	0
SEE-01-3.3-FR32	1072	Picture	+	28444044	0	1	83165	1	0	next	other	0
SEE-01-3.3-FR32	1073	Sound	low042a	28464045	0	1			0		other	0
SEE-01-3.3-FR32	1074	Picture	500+	28527209	0	1	5167	1	0	5000	other	0
SEE-01-3.3-FR32	1075	Picture	hi_A033	28532376	0	1	30166	1	0	30000	other	0
SEE-01-3.3-FR32	1076	Picture	+	28562542	0	1	66999	1	0	next	other	0
SEE-01-3.3-FR32	1077	Sound	low042b	28562542	0	1			0		other	0
SEE-01-3.3-FR32	1078	Picture	500+	28629540	0	1	5167	1	0	5000	other	0
SEE-01-3.3-FR32	1079	Picture	low_P064	28634707	0	1	30166	1	0	30000	other	0
SEE-01-3.3-FR32	1080	Picture	+	28665039	0	1	20166	1	0	37270	other	0
SEE-01-3.3-FR32	1081	Picture	hi_P124	28685206	0	1	30166	1	0	30000	other	0
SEE-01-3.3-FR32	1082	Picture	+	28715538	0	1	20166	1	0	32430	other	0
SEE-01-3.3-FR32	1083	Picture	low_O099	28735704	0	1	30166	1	0	30000	other	0
SEE-01-3.3-FR32	1084	Picture	+	28766037	0	1	87331	1	0	next	other	0
SEE-01-3.3-FR32	1085	Sound	hi169a	28786038	0	1			0		other	0
SEE-01-3.3-FR32	1086	Picture	500+	28853369	0	1	5167	1	0	5000	other	0
SEE-01-3.3-FR32	1087	Picture	hi_F265	28858702	0	1	30166	1	0	30000	other	0
SEE-01-3.3-FR32	1088	Picture	+	28888868	0	1	58499	1	0	next	other	0
SEE-01-3.3-FR32	1089	Sound	hi169b	28888868	0	1			0		other	0
SEE-01-3.3-FR32	1090	Picture	500+	28947367	0	1	5167	1	0	5000	other	0
SEE-01-3.3-FR32	1091	Picture	low_L141	28952533	0	1	30166	1	0	30000	other	0
SEE-01-3.3-FR32	1092	Picture	+	28982866	0	1	20166	1	0	33430	other	0
SEE-01-3.3-FR32	1093	Picture	low_A136	29003032	0	1	30166	1	0	30000	other	0
SEE-01-3.3-FR32	1094	Picture	+	29033365	0	1	20166	1	0	41190	other	0
SEE-01-3.3-FR32	1095	Picture	hi_A041	29053531	0	1	30166	1	0	30000	other	0
SEE-01-3.3-FR32	1096	Picture	+	29083864	0	1	85331	1	0	next	other	0
SEE-01-3.3-FR32	1097	Sound	hi250a	29103864	0	1			0		other	0
SEE-01-3.3-FR32	1098	Picture	500+	29169195	0	1	5167	1	0	5000	other	0
SEE-01-3.3-FR32	1099	Picture	hi_F295	29174362	0	1	30166	1	0	30000	other	0
SEE-01-3.3-FR32	1100	Picture	+	29204528	0	1	63332	1	0	next	other	0
SEE-01-3.3-FR32	1101	Sound	hi250b	29204528	0	1			0		other	0
SEE-01-3.3-FR32	1102	Picture	500+	29267860	0	1	5167	1	0	5000	other	0
SEE-01-3.3-FR32	1103	Picture	low_L016	29273026	0	1	30166	1	0	30000	other	0
SEE-01-3.3-FR32	1104	Picture	+	29303359	0	1	20166	1	0	37670	other	0
SEE-01-3.3-FR32	1105	Picture	low_L121	29323525	0	1	30166	1	0	30000	other	0
SEE-01-3.3-FR32	1106	Picture	+	29353858	0	1	20166	1	0	33570	other	0
SEE-01-3.3-FR32	1107	Picture	hi_A085	29374024	0	1	30166	1	0	30000	other	0
SEE-01-3.3-FR32	1108	Picture	+	29404357	0	1	80332	1	0	next	other	0
SEE-01-3.3-FR32	1109	Sound	hi308a	29424357	0	1			0		other	0
SEE-01-3.3-FR32	1110	Picture	500+	29484688	0	1	5167	1	0	5000	other	0
SEE-01-3.3-FR32	1111	Picture	hi_A032	29489855	0	1	30166	1	0	30000	other	0
SEE-01-3.3-FR32	1112	Picture	+	29520021	0	1	57832	1	0	next	other	0
SEE-01-3.3-FR32	1113	Sound	hi308b	29520021	0	1			0		other	0
SEE-01-3.3-FR32	1114	Picture	500+	29577853	0	1	5167	1	0	5000	other	0
SEE-01-3.3-FR32	1115	Picture	low_L062	29583186	0	1	30166	1	0	30000	other	0
SEE-01-3.3-FR32	1116	Picture	+	29613519	0	1	20166	1	0	35080	other	0
SEE-01-3.3-FR32	1117	Picture	hi_P005	29633685	0	1	30166	1	0	30000	other	0
SEE-01-3.3-FR32	1118	Picture	+	29664018	0	1	20166	1	0	36290	other	0
SEE-01-3.3-FR32	1119	Picture	low_A146	29684184	0	1	30166	1	0	30000	other	0
SEE-01-3.3-FR32	1120	Picture	+	29714516	0	1	86165	1	0	next	other	0
SEE-01-3.3-FR32	1121	Sound	low063a	29734517	0	1			0		other	0
SEE-01-3.3-FR32	1122	Picture	500+	29800681	0	1	5167	1	0	5000	other	0
SEE-01-3.3-FR32	1123	Picture	hi_F291	29806015	0	1	30166	1	0	30000	other	0
SEE-01-3.3-FR32	1124	Picture	+	29836180	0	1	69165	1	0	next	other	0
SEE-01-3.3-FR32	1125	Sound	low063b	29836181	0	1			0		other	0
SEE-01-3.3-FR32	1126	Picture	500+	29905346	0	1	5167	1	0	5000	other	0
SEE-01-3.3-FR32	1127	Picture	low_P112	29910512	0	1	30166	1	0	30000	other	0
SEE-01-3.3-FR32	1128	Picture	+	29940837	0	19	20174	19	0	44340	other	0
SEE-01-3.3-FR32	1129	Picture	hi_P175	29961011	0	1	30166	1	0	30000	other	0
SEE-01-3.3-FR32	1130	Picture	+	29991344	0	1	20166	1	0	44050	other	0
SEE-01-3.3-FR32	1131	Picture	low_L096	30011510	0	1	30166	1	0	30000	other	0
SEE-01-3.3-FR32	1132	Picture	+	30041843	0	1	80498	1	0	next	other	0
SEE-01-3.3-FR32	1133	Sound	hi011a	30061843	0	1			0		other	0
SEE-01-3.3-FR32	1134	Picture	500+	30122341	0	1	5167	1	0	5000	other	0
SEE-01-3.3-FR32	1135	Picture	hi_P239	30127508	0	1	30166	1	0	30000	other	0
SEE-01-3.3-FR32	1136	Picture	+	30157673	0	1	66332	1	0	next	other	0
SEE-01-3.3-FR32	1137	Sound	hi011b	30157674	0	1			0		other	0
SEE-01-3.3-FR32	1138	Picture	500+	30224005	0	1	5167	1	0	5000	other	0
SEE-01-3.3-FR32	1139	Picture	low_L124	30229172	0	1	30166	1	0	30000	other	0
SEE-01-3.3-FR32	1140	Picture	+	30259505	0	1	20166	1	0	37940	other	0
SEE-01-3.3-FR32	1141	Picture	low_A221	30279671	0	1	30166	1	0	30000	other	0
SEE-01-3.3-FR32	1142	Picture	+	30310003	0	1	20166	1	0	43730	other	0
SEE-01-3.3-FR32	1143	Picture	hi_P008	30330170	0	1	30166	1	0	30000	other	0
SEE-01-3.3-FR32	1144	Picture	+	30360502	0	1	84998	1	0	next	other	0
SEE-01-3.3-FR32	1145	Sound	hi244a	30380503	0	1			0		other	0
SEE-01-3.3-FR32	1146	Picture	500+	30445501	0	1	5167	1	0	5000	other	0
SEE-01-3.3-FR32	1147	Picture	low_A161	30450667	0	1	30166	1	0	30000	other	0
SEE-01-3.3-FR32	1148	Picture	+	30480833	0	1	56665	1	0	next	other	0
SEE-01-3.3-FR32	1149	Sound	hi244b	30480834	0	1			0		other	0
SEE-01-3.3-FR32	1150	Picture	500+	30537499	0	1	5167	1	0	5000	other	0
SEE-01-3.3-FR32	1151	Picture	hi_P230	30542665	0	1	30166	1	0	30000	other	0
SEE-01-3.3-FR32	1152	Picture	+	30572998	0	1	20166	1	0	42950	other	0
SEE-01-3.3-FR32	1153	Picture	hi_P200	30593164	0	1	30166	1	0	30000	other	0
SEE-01-3.3-FR32	1154	Picture	+	30623497	0	1	20166	1	0	42390	other	0
SEE-01-3.3-FR32	1155	Picture	low_P116	30643663	0	1	30166	1	0	30000	other	0
SEE-01-3.3-FR32	1156	Picture	+	30673996	0	1	87831	1	0	next	other	0
SEE-01-3.3-FR32	1157	Sound	low084a	30693996	0	1			0		other	0
SEE-01-3.3-FR32	1158	Picture	500+	30761827	0	1	5167	1	0	5000	other	0
SEE-01-3.3-FR32	1159	Picture	hi_P147	30766994	0	1	30166	1	0	30000	other	0
SEE-01-3.3-FR32	1160	Picture	+	30797160	0	1	66832	1	0	next	other	0
SEE-01-3.3-FR32	1161	Sound	low084b	30797160	0	1			0		other	0
SEE-01-3.3-FR32	1162	Picture	500+	30863991	0	1	5167	1	0	5000	other	0
SEE-01-3.3-FR32	1163	Picture	low_F333	30869158	0	1	30166	1	0	30000	other	0
SEE-01-3.3-FR32	1164	Picture	+	30899491	0	1	20166	1	0	34320	other	0
SEE-01-3.3-FR32	1165	Picture	hi_P139	30919657	0	1	30166	1	0	30000	other	0
SEE-01-3.3-FR32	1166	Picture	+	30949990	0	1	20166	1	0	41220	other	0
SEE-01-3.3-FR32	1167	Picture	low_P186	30970156	0	1	30166	1	0	30000	other	0
SEE-01-3.3-FR32	1168	Picture	+	31000488	0	1	88331	1	0	next	other	0
SEE-01-3.3-FR32	1169	Sound	hi139a	31020489	0	1			0		other	0
SEE-01-3.3-FR32	1170	Picture	500+	31088820	0	1	5167	1	0	5000	other	0
SEE-01-3.3-FR32	1171	Picture	hi_P006	31093986	0	1	30166	1	0	30000	other	0
SEE-01-3.3-FR32	1172	Picture	+	31124152	0	1	60332	1	0	next	other	0
SEE-01-3.3-FR32	1173	Sound	hi139b	31124153	0	1			0		other	0
SEE-01-3.3-FR32	1174	Picture	500+	31184484	0	1	5167	1	0	5000	other	0
SEE-01-3.3-FR32	1175	Picture	low_P105	31189818	0	1	30166	1	0	30000	other	0
SEE-01-3.3-FR32	1176	Picture	+	31220150	0	1	20166	1	0	40680	other	0
SEE-01-3.3-FR32	1177	Picture	low_F079	31240317	0	1	30166	1	0	30000	other	0
SEE-01-3.3-FR32	1178	Picture	+	31270649	0	1	20166	1	0	36450	other	0
SEE-01-3.3-FR32	1179	Picture	hi_P225	31290815	0	1	30166	1	0	30000	other	0
SEE-01-3.3-FR32	1180	Picture	+	31321148	0	1	87998	1	0	next	other	0
SEE-01-3.3-FR32	1181	Sound	hi154a	31341149	0	1			0		other	0
SEE-01-3.3-FR32	1182	Picture	500+	31409146	0	1	5167	1	0	5000	other	0
SEE-01-3.3-FR32	1183	Picture	hi_A011	31414479	0	1	30166	1	0	30000	other	0
SEE-01-3.3-FR32	1184	Picture	+	31444812	0	1	62332	1	0	next	other	0
SEE-01-3.3-FR32	1185	Sound	hi154b	31444813	0	1			0		other	0
SEE-01-3.3-FR32	1186	Picture	500+	31507144	0	1	5167	1	0	5000	other	0
SEE-01-3.3-FR32	1187	Picture	low_F129	31512311	0	1	30166	1	0	30000	other	0
SEE-01-3.3-FR32	1188	Picture	+	31542643	0	1	20166	1	0	40170	other	0
SEE-01-3.3-FR32	1189	Picture	hi_O283	31562810	0	1	30166	1	0	30000	other	0
SEE-01-3.3-FR32	1190	Picture	+	31593142	0	1	20166	1	0	39760	other	0
SEE-01-3.3-FR32	1191	Picture	low_L071	31613308	0	1	30166	1	0	30000	other	0
SEE-01-3.3-FR32	1192	Picture	+	31643641	0	1	75165	1	0	next	other	0
SEE-01-3.3-FR32	1193	Sound	hi251a	31663642	0	1			0		other	0
SEE-01-3.3-FR32	1194	Picture	500+	31718806	0	1	5167	1	0	5000	other	0
SEE-01-3.3-FR32	1195	Picture	low_L167	31723973	0	1	30166	1	0	30000	other	0
SEE-01-3.3-FR32	1196	Picture	+	31754139	0	1	60832	1	0	next	other	0
SEE-01-3.3-FR32	1197	Sound	hi251b	31754139	0	1			0		other	0
SEE-01-3.3-FR32	1198	Picture	500+	31814971	0	1	5167	1	0	5000	other	0
SEE-01-3.3-FR32	1199	Picture	hi_O002	31820137	0	1	30166	1	0	30000	other	0
SEE-01-3.3-FR32	1200	Picture	+	31850470	0	1	20166	1	0	30140	other	0
SEE-01-3.3-FR32	1201	Picture	hi_P004	31870636	0	1	30166	1	0	30000	other	0
SEE-01-3.3-FR32	1202	Picture	+	31900969	0	1	20166	1	0	39140	other	0
SEE-01-3.3-FR32	1203	Picture	low_L100	31921135	0	1	30166	1	0	30000	other	0
SEE-01-3.3-FR32	1204	Picture	+	31951468	0	1	20166	1	0	next	other	0
