Scenario - 
Logfile written - 04/11/2016 08:42:20

Subject	Trial	Event Type	Code	Time	TTime	Uncertainty	Duration	Uncertainty	ReqTime	ReqDur	Stim Type	Pair Index

SEE_14_64_FR	1	Response	0	362208	362058	1
SEE_14_64_FR	4	Picture	+	402656	0	1	57665	1	0	next	other	0
SEE_14_64_FR	5	Sound	low087a	402657	0	1			0		other	0
SEE_14_64_FR	6	Picture	500+	460322	0	1	5167	1	0	5000	other	0
SEE_14_64_FR	7	Picture	low_F066	465488	0	1	30166	1	0	30000	other	0
SEE_14_64_FR	8	Picture	+	495654	0	1	63332	1	0	next	other	0
SEE_14_64_FR	9	Sound	low087b	495655	0	1			0		other	0
SEE_14_64_FR	10	Picture	500+	558986	0	1	5167	1	0	5000	other	0
SEE_14_64_FR	11	Picture	hi_P084	564152	0	1	30166	1	0	30000	other	0
SEE_14_64_FR	12	Picture	+	594485	0	1	20166	1	0	38710	other	0
SEE_14_64_FR	13	Picture	low_L038	614651	0	1	30166	1	0	30000	other	0
SEE_14_64_FR	14	Picture	+	644984	0	1	20166	1	0	35780	other	0
SEE_14_64_FR	15	Picture	hi_O002	665150	0	1	30166	1	0	30000	other	0
SEE_14_64_FR	16	Picture	+	695482	0	1	76498	1	0	next	other	0
SEE_14_64_FR	17	Sound	low037a	715483	0	1			0		other	0
SEE_14_64_FR	18	Picture	500+	771981	0	1	5167	1	0	5000	other	0
SEE_14_64_FR	19	Picture	hi_P128	777147	0	1	30166	1	0	30000	other	0
SEE_14_64_FR	20	Picture	+	807480	0	1	66332	1	0	next	other	0
SEE_14_64_FR	21	Sound	low037b	807480	0	1			0		other	0
SEE_14_64_FR	22	Picture	500+	873811	0	1	5167	1	0	5000	other	0
SEE_14_64_FR	23	Picture	low_A131	878978	0	1	30166	1	0	30000	other	0
SEE_14_64_FR	24	Picture	+	909310	0	1	20166	1	0	35590	other	0
SEE_14_64_FR	25	Picture	low_A091	929477	0	1	30166	1	0	30000	other	0
SEE_14_64_FR	26	Picture	+	959809	0	1	20166	1	0	31570	other	0
SEE_14_64_FR	27	Picture	hi_F297	979975	0	1	30166	1	0	30000	other	0
SEE_14_64_FR	28	Picture	+	1010308	0	1	88664	1	0	next	other	0
SEE_14_64_FR	29	Sound	hi314a	1030309	0	1			0		other	0
SEE_14_64_FR	30	Picture	500+	1098972	0	1	5167	1	0	5000	other	0
SEE_14_64_FR	31	Picture	low_A160	1104139	0	1	30166	1	0	30000	other	0
SEE_14_64_FR	32	Picture	+	1134305	0	1	62998	1	0	next	other	0
SEE_14_64_FR	33	Sound	hi314b	1134305	0	1			0		other	0
SEE_14_64_FR	34	Picture	500+	1197303	0	1	5167	1	0	5000	other	0
SEE_14_64_FR	35	Picture	hi_P139	1202470	0	1	30166	1	0	30000	other	0
SEE_14_64_FR	36	Picture	+	1232802	0	1	20166	1	0	31110	other	0
SEE_14_64_FR	37	Picture	low_A123	1252968	0	1	30166	1	0	30000	other	0
SEE_14_64_FR	38	Picture	+	1283301	0	1	20166	1	0	30760	other	0
SEE_14_64_FR	39	Picture	hi_P037	1303467	0	1	30166	1	0	30000	other	0
SEE_14_64_FR	40	Picture	+	1333800	0	1	76665	1	0	next	other	0
SEE_14_64_FR	41	Sound	low350a	1353801	0	1			0		other	0
SEE_14_64_FR	42	Picture	500+	1410464	0	1	5167	1	0	5000	other	0
SEE_14_64_FR	43	Picture	low_L041	1415631	0	1	30166	1	0	30000	other	0
SEE_14_64_FR	44	Picture	+	1445797	0	1	68332	1	0	next	other	0
SEE_14_64_FR	45	Sound	low350b	1445797	0	1			0		other	0
SEE_14_64_FR	46	Picture	500+	1514128	0	1	5167	1	0	5000	other	0
SEE_14_64_FR	47	Picture	hi_F014	1519295	0	1	30166	1	0	30000	other	0
SEE_14_64_FR	48	Picture	+	1549628	0	1	20166	1	0	35880	other	0
SEE_14_64_FR	49	Picture	low_L137	1569794	0	1	30166	1	0	30000	other	0
SEE_14_64_FR	50	Picture	+	1600126	0	1	20166	1	0	34520	other	0
SEE_14_64_FR	51	Picture	hi_F293	1620292	0	1	30166	1	0	30000	other	0
SEE_14_64_FR	52	Picture	+	1650625	0	1	83165	1	0	next	other	0
SEE_14_64_FR	53	Sound	hi097a	1670626	0	1			0		other	0
SEE_14_64_FR	54	Picture	500+	1733790	0	1	5167	1	0	5000	other	0
SEE_14_64_FR	55	Picture	low_A170	1738956	0	1	30166	1	0	30000	other	0
SEE_14_64_FR	56	Picture	+	1769289	0	1	66165	1	0	next	other	0
SEE_14_64_FR	57	Sound	hi097b	1769289	0	1			0		other	0
SEE_14_64_FR	58	Picture	500+	1835454	0	1	5167	1	0	5000	other	0
SEE_14_64_FR	59	Picture	hi_O291	1840787	0	1	30166	1	0	30000	other	0
SEE_14_64_FR	60	Picture	+	1871119	0	1	20163	4	0	31910	other	0
SEE_14_64_FR	61	Picture	hi_F038	1891283	0	4	30169	4	0	30000	other	0
SEE_14_64_FR	62	Picture	+	1921618	0	1	20166	1	0	38060	other	0
SEE_14_64_FR	63	Picture	low_A119	1941784	0	1	30166	1	0	30000	other	0
SEE_14_64_FR	64	Picture	+	1972117	0	1	81331	1	0	next	other	0
SEE_14_64_FR	65	Sound	hi162a	1992118	0	1			0		other	0
SEE_14_64_FR	66	Picture	500+	2053448	0	1	5167	1	0	5000	other	0
SEE_14_64_FR	67	Picture	low_A140	2058781	0	1	30166	1	0	30000	other	0
SEE_14_64_FR	68	Picture	+	2088947	0	1	67332	1	0	next	other	0
SEE_14_64_FR	69	Sound	hi162b	2088948	0	1			0		other	0
SEE_14_64_FR	70	Picture	500+	2156279	0	1	5167	1	0	5000	other	0
SEE_14_64_FR	71	Picture	hi_A038	2161445	0	1	30166	1	0	30000	other	0
SEE_14_64_FR	72	Picture	+	2191778	0	1	20166	1	0	30010	other	0
SEE_14_64_FR	73	Picture	hi_F272	2211944	0	1	30166	1	0	30000	other	0
SEE_14_64_FR	74	Picture	+	2242277	0	1	20166	1	0	30710	other	0
SEE_14_64_FR	75	Picture	low_L104	2262443	0	1	30166	1	0	30000	other	0
SEE_14_64_FR	76	Picture	+	2292775	0	1	88665	1	0	next	other	0
SEE_14_64_FR	77	Sound	low063a	2312776	0	1			0		other	0
SEE_14_64_FR	78	Picture	500+	2381440	0	1	5167	1	0	5000	other	0
SEE_14_64_FR	79	Picture	hi_P098	2386773	0	1	30166	1	0	30000	other	0
SEE_14_64_FR	80	Picture	+	2417106	0	1	65332	1	0	next	other	0
SEE_14_64_FR	81	Sound	low063b	2417106	0	1			0		other	0
SEE_14_64_FR	82	Picture	500+	2482437	0	1	5167	1	0	5000	other	0
SEE_14_64_FR	83	Picture	low_A152	2487604	0	1	30166	1	0	30000	other	0
SEE_14_64_FR	84	Picture	+	2517936	0	1	20166	1	0	34500	other	0
SEE_14_64_FR	85	Picture	hi_O126	2538103	0	1	30166	1	0	30000	other	0
SEE_14_64_FR	86	Picture	+	2568435	0	1	20166	1	0	33760	other	0
SEE_14_64_FR	87	Picture	low_O327	2588601	0	1	30166	1	0	30000	other	0
SEE_14_64_FR	88	Picture	+	2618934	0	1	82331	1	0	next	other	0
SEE_14_64_FR	89	Sound	low272a	2638935	0	1			0		other	0
SEE_14_64_FR	90	Picture	500+	2701265	0	1	5167	1	0	5000	other	0
SEE_14_64_FR	91	Picture	hi_P127	2706598	0	1	30166	1	0	30000	other	0
SEE_14_64_FR	92	Picture	+	2736764	0	1	61498	1	0	next	other	0
SEE_14_64_FR	93	Sound	low272b	2736765	0	1			0		other	0
SEE_14_64_FR	94	Picture	500+	2798263	0	1	5167	1	0	5000	other	0
SEE_14_64_FR	95	Picture	low_L183	2803429	0	1	30166	1	0	30000	other	0
SEE_14_64_FR	96	Picture	+	2833762	0	1	20166	1	0	44210	other	0
SEE_14_64_FR	97	Picture	low_L147	2853928	0	1	30166	1	0	30000	other	0
SEE_14_64_FR	98	Picture	+	2884260	0	1	20166	1	0	32290	other	0
SEE_14_64_FR	99	Picture	hi_F290	2904427	0	1	30166	1	0	30000	other	0
SEE_14_64_FR	100	Picture	+	2934759	0	1	77331	1	0	next	other	0
SEE_14_64_FR	101	Sound	hi244a	2954760	0	1			0		other	0
SEE_14_64_FR	102	Picture	500+	3012091	0	1	5167	1	0	5000	other	0
SEE_14_64_FR	103	Picture	hi_F041	3017424	0	1	30166	1	0	30000	other	0
SEE_14_64_FR	104	Picture	+	3047756	0	1	69832	1	0	next	other	0
SEE_14_64_FR	105	Sound	hi244b	3047757	0	1			0		other	0
SEE_14_64_FR	106	Picture	500+	3117588	0	1	5167	1	0	5000	other	0
SEE_14_64_FR	107	Picture	low_L096	3122754	0	1	30166	1	0	30000	other	0
SEE_14_64_FR	108	Picture	+	3153087	0	1	20166	1	0	40480	other	0
SEE_14_64_FR	109	Picture	hi_O006	3173253	0	1	30166	1	0	30000	other	0
SEE_14_64_FR	110	Picture	+	3203586	0	1	20166	1	0	42780	other	0
SEE_14_64_FR	111	Picture	low_L128	3223752	0	1	30166	1	0	30000	other	0
SEE_14_64_FR	112	Picture	+	3254084	0	1	83665	1	0	next	other	0
SEE_14_64_FR	113	Sound	low197a	3274085	0	1			0		other	0
SEE_14_64_FR	114	Picture	500+	3337749	0	1	5167	1	0	5000	other	0
SEE_14_64_FR	115	Picture	hi_O013	3342916	0	1	30166	1	0	30000	other	0
SEE_14_64_FR	116	Picture	+	3373082	0	1	58498	1	0	next	other	0
SEE_14_64_FR	117	Sound	low197b	3373082	0	1			0		other	0
SEE_14_64_FR	118	Picture	500+	3431580	0	1	5167	1	0	5000	other	0
SEE_14_64_FR	119	Picture	low_P179	3436747	0	1	30166	1	0	30000	other	0
SEE_14_64_FR	120	Picture	+	3467079	0	1	20166	1	0	30790	other	0
SEE_14_64_FR	121	Picture	hi_O004	3487245	0	1	30166	1	0	30000	other	0
SEE_14_64_FR	122	Picture	+	3517578	0	1	20166	1	0	31370	other	0
SEE_14_64_FR	123	Picture	low_A156	3537744	0	1	30166	1	0	30000	other	0
SEE_14_64_FR	124	Picture	+	3568077	0	1	84665	1	0	next	other	0
SEE_14_64_FR	125	Sound	hi172a	3588077	0	1			0		other	0
SEE_14_64_FR	126	Picture	500+	3652741	0	1	5167	1	0	5000	other	0
SEE_14_64_FR	127	Picture	hi_P123	3658074	0	1	30166	1	0	30000	other	0
SEE_14_64_FR	128	Picture	+	3688407	0	1	62165	1	0	next	other	0
SEE_14_64_FR	129	Sound	hi172b	3688408	0	1			0		other	0
SEE_14_64_FR	130	Picture	500+	3750572	0	1	5167	1	0	5000	other	0
SEE_14_64_FR	131	Picture	low_L152	3755739	0	1	30166	1	0	30000	other	0
SEE_14_64_FR	132	Picture	+	3786071	0	1	20166	1	0	33090	other	0
SEE_14_64_FR	133	Picture	hi_O125	3806237	0	1	30166	1	0	30000	other	0
SEE_14_64_FR	134	Picture	+	3836570	0	1	20166	1	0	33810	other	0
SEE_14_64_FR	135	Picture	low_F358	3856736	0	1	30166	1	0	30000	other	0
SEE_14_64_FR	136	Picture	+	3887069	0	1	75331	1	0	next	other	0
SEE_14_64_FR	137	Sound	low273a	3907069	0	1			0		other	0
SEE_14_64_FR	138	Picture	500+	3962400	0	1	5167	1	0	5000	other	0
SEE_14_64_FR	139	Picture	hi_P086	3967567	0	1	30166	1	0	30000	other	0
SEE_14_64_FR	140	Picture	+	3997732	0	1	59665	1	0	next	other	0
SEE_14_64_FR	141	Sound	low273b	3997733	0	1			0		other	0
SEE_14_64_FR	142	Picture	500+	4057398	0	1	5167	1	0	5000	other	0
SEE_14_64_FR	143	Picture	low_O256	4062564	0	1	30166	1	0	30000	other	0
SEE_14_64_FR	144	Picture	+	4092897	0	1	20166	1	0	41760	other	0
SEE_14_64_FR	145	Picture	hi_P241	4113063	0	1	30166	1	0	30000	other	0
SEE_14_64_FR	146	Picture	+	4143395	0	1	20166	1	0	35530	other	0
SEE_14_64_FR	147	Picture	low_F061	4163562	0	1	30166	1	0	30000	other	0
SEE_14_64_FR	148	Picture	+	4193894	0	1	75331	1	0	next	other	0
SEE_14_64_FR	149	Sound	low149a	4213895	0	1			0		other	0
SEE_14_64_FR	150	Picture	500+	4269226	0	1	5167	1	0	5000	other	0
SEE_14_64_FR	151	Picture	hi_F273	4274559	0	1	30166	1	0	30000	other	0
SEE_14_64_FR	152	Picture	+	4304725	0	1	57665	1	0	next	other	0
SEE_14_64_FR	153	Sound	low149b	4304725	0	1			0		other	0
SEE_14_64_FR	154	Picture	500+	4362390	0	1	5167	1	0	5000	other	0
SEE_14_64_FR	155	Picture	low_F203	4367557	0	1	30166	1	0	30000	other	0
SEE_14_64_FR	156	Picture	+	4397889	0	1	20166	1	0	32640	other	0
SEE_14_64_FR	157	Picture	hi_P226	4418055	0	1	30166	1	0	30000	other	0
SEE_14_64_FR	158	Picture	+	4448388	0	1	20166	1	0	39300	other	0
SEE_14_64_FR	159	Picture	low_A128	4468554	0	1	30166	1	0	30000	other	0
SEE_14_64_FR	160	Picture	+	4498887	0	1	88331	1	0	next	other	0
SEE_14_64_FR	161	Sound	low179a	4518887	0	1			0		other	0
SEE_14_64_FR	162	Picture	500+	4587218	0	1	5166	1	0	5000	other	0
SEE_14_64_FR	163	Picture	low_L065	4592551	0	2	30166	2	0	30000	other	0
SEE_14_64_FR	164	Picture	+	4622717	0	1	55999	1	0	next	other	0
SEE_14_64_FR	165	Sound	low179b	4622717	0	1			0		other	0
SEE_14_64_FR	166	Picture	500+	4678715	0	1	5167	1	0	5000	other	0
SEE_14_64_FR	167	Picture	hi_P133	4684049	0	1	30166	1	0	30000	other	0
SEE_14_64_FR	168	Picture	+	4714381	0	1	20166	1	0	37300	other	0
SEE_14_64_FR	169	Picture	low_L113	4734547	0	1	30166	1	0	30000	other	0
SEE_14_64_FR	170	Picture	+	4764880	0	1	20166	1	0	32000	other	0
SEE_14_64_FR	171	Picture	hi_P212	4785046	0	1	30166	1	0	30000	other	0
SEE_14_64_FR	172	Picture	+	4815379	0	1	84165	1	0	next	other	0
SEE_14_64_FR	173	Sound	hi142a	4835379	0	1			0		other	0
SEE_14_64_FR	174	Picture	500+	4899543	0	1	5167	1	0	5000	other	0
SEE_14_64_FR	175	Picture	hi_P124	4904710	0	1	30166	1	0	30000	other	0
SEE_14_64_FR	176	Picture	+	4935042	0	1	58499	1	0	next	other	0
SEE_14_64_FR	177	Sound	hi142b	4935043	0	1			0		other	0
SEE_14_64_FR	178	Picture	500+	4993541	0	1	5167	1	0	5000	other	0
SEE_14_64_FR	179	Picture	low_A185	4998707	0	1	30166	1	0	30000	other	0
SEE_14_64_FR	180	Picture	+	5029040	0	1	20166	1	0	44360	other	0
SEE_14_64_FR	181	Picture	hi_P010	5049206	0	1	30166	1	0	30000	other	0
SEE_14_64_FR	182	Picture	+	5079539	0	1	20166	1	0	39180	other	0
SEE_14_64_FR	183	Picture	low_F333	5099705	0	1	30166	1	0	30000	other	0
SEE_14_64_FR	184	Picture	+	5130037	0	1	79498	1	0	next	other	0
SEE_14_64_FR	185	Sound	low283a	5150038	0	1			0		other	0
SEE_14_64_FR	186	Picture	500+	5209535	0	1	5167	1	0	5000	other	0
SEE_14_64_FR	187	Picture	hi_A041	5214702	0	1	30166	1	0	30000	other	0
SEE_14_64_FR	188	Picture	+	5244868	0	1	59332	1	0	next	other	0
SEE_14_64_FR	189	Sound	low283b	5244868	0	1			0		other	0
SEE_14_64_FR	190	Picture	500+	5304200	0	1	5167	1	0	5000	other	0
SEE_14_64_FR	191	Picture	low_L133	5309366	0	1	30166	1	0	30000	other	0
SEE_14_64_FR	192	Picture	+	5339699	0	1	20166	1	0	39770	other	0
SEE_14_64_FR	193	Picture	low_F130	5359865	0	1	30166	1	0	30000	other	0
SEE_14_64_FR	194	Picture	+	5390198	0	1	20166	1	0	43620	other	0
SEE_14_64_FR	195	Picture	hi_F366	5410364	0	1	30166	1	0	30000	other	0
SEE_14_64_FR	196	Picture	+	5440696	0	1	75331	1	0	next	other	0
SEE_14_64_FR	197	Sound	low031a	5460697	0	1			0		other	0
SEE_14_64_FR	198	Picture	500+	5516028	0	1	5167	1	0	5000	other	0
SEE_14_64_FR	199	Picture	low_P103	5521194	0	1	30166	1	0	30000	other	0
SEE_14_64_FR	200	Picture	+	5551527	0	1	66998	1	0	next	other	0
SEE_14_64_FR	201	Sound	low031b	5551527	0	2			0		other	0
SEE_14_64_FR	202	Picture	500+	5618525	0	1	5167	1	0	5000	other	0
SEE_14_64_FR	203	Picture	hi_A072	5623858	0	1	30166	1	0	30000	other	0
SEE_14_64_FR	204	Picture	+	5654191	0	1	20166	1	0	36240	other	0
SEE_14_64_FR	205	Picture	hi_F284	5674357	0	1	30166	1	0	30000	other	0
SEE_14_64_FR	206	Picture	+	5704690	0	1	20166	1	0	41900	other	0
SEE_14_64_FR	207	Picture	low_F343	5724856	0	1	30166	1	0	30000	other	0
SEE_14_64_FR	208	Picture	+	5755188	0	1	82831	1	0	next	other	0
SEE_14_64_FR	209	Sound	hi254a	5775189	0	1			0		other	0
SEE_14_64_FR	210	Picture	500+	5838020	0	1	5167	1	0	5000	other	0
SEE_14_64_FR	211	Picture	low_P107	5843186	0	1	30166	1	0	30000	other	0
SEE_14_64_FR	212	Picture	+	5873352	0	1	61665	1	0	next	other	0
SEE_14_64_FR	213	Sound	hi254b	5873353	0	1			0		other	0
SEE_14_64_FR	214	Picture	500+	5935017	0	1	5167	1	0	5000	other	0
SEE_14_64_FR	215	Picture	hi_P214	5940350	0	1	30166	1	0	30000	other	0
SEE_14_64_FR	216	Picture	+	5970683	0	1	20166	1	0	40250	other	0
SEE_14_64_FR	217	Picture	low_L072	5990849	0	1	30166	1	0	30000	other	0
SEE_14_64_FR	218	Picture	+	6021182	0	1	20166	1	0	43210	other	0
SEE_14_64_FR	219	Picture	hi_P215	6041348	0	1	30166	1	0	30000	other	0
SEE_14_64_FR	220	Picture	+	6071680	0	1	82998	1	0	next	other	0
SEE_14_64_FR	221	Sound	low049a	6091681	0	1			0		other	0
SEE_14_64_FR	222	Picture	500+	6154678	0	1	5167	1	0	5000	other	0
SEE_14_64_FR	223	Picture	low_P048	6159845	0	1	30166	1	0	30000	other	0
SEE_14_64_FR	224	Picture	+	6190011	0	1	56499	1	0	next	other	0
SEE_14_64_FR	225	Sound	low049b	6190011	0	1			0		other	0
SEE_14_64_FR	226	Picture	500+	6246509	0	1	5167	1	0	5000	other	0
SEE_14_64_FR	227	Picture	hi_O154	6251676	0	1	30166	1	0	30000	other	0
SEE_14_64_FR	228	Picture	+	6282008	0	1	20166	1	0	44730	other	0
SEE_14_64_FR	229	Picture	low_F129	6302175	0	1	30166	1	0	30000	other	0
SEE_14_64_FR	230	Picture	+	6332507	0	1	20166	1	0	32100	other	0
SEE_14_64_FR	231	Picture	hi_F163	6352673	0	1	30166	1	0	30000	other	0
SEE_14_64_FR	232	Picture	+	6383006	0	1	77665	1	0	next	other	0
SEE_14_64_FR	233	Sound	low071a	6403007	0	1			0		other	0
SEE_14_64_FR	234	Picture	500+	6460671	0	1	5167	1	0	5000	other	0
SEE_14_64_FR	235	Picture	hi_P003	6466004	0	1	30166	1	0	30000	other	0
SEE_14_64_FR	236	Picture	+	6496170	0	1	59165	1	0	next	other	0
SEE_14_64_FR	237	Sound	low071b	6496170	0	1			0		other	0
SEE_14_64_FR	238	Picture	500+	6555335	0	1	5167	1	0	5000	other	0
SEE_14_64_FR	239	Picture	low_P138	6560501	0	1	30166	1	0	30000	other	0
SEE_14_64_FR	240	Picture	+	6590834	0	1	20166	1	0	37690	other	0
SEE_14_64_FR	241	Picture	low_P154	6611000	0	1	30166	1	0	30000	other	0
SEE_14_64_FR	242	Picture	+	6641333	0	1	20166	1	0	39530	other	0
SEE_14_64_FR	243	Picture	hi_F032	6661499	0	1	30166	1	0	30000	other	0
SEE_14_64_FR	244	Picture	+	6691832	0	1	83498	1	0	next	other	0
SEE_14_64_FR	245	Sound	low038a	6711832	0	1			0		other	0
SEE_14_64_FR	246	Picture	500+	6775329	0	1	5167	1	0	5000	other	0
SEE_14_64_FR	247	Picture	low_L184	6780496	0	1	30166	1	0	30000	other	0
SEE_14_64_FR	248	Picture	+	6810829	0	1	67665	1	0	next	other	0
SEE_14_64_FR	249	Sound	low038b	6810829	0	1			0		other	0
SEE_14_64_FR	250	Picture	500+	6878494	0	1	5167	1	0	5000	other	0
SEE_14_64_FR	251	Picture	hi_P017	6883660	0	1	30166	1	0	30000	other	0
SEE_14_64_FR	252	Picture	+	6913993	0	1	20166	1	0	35440	other	0
SEE_14_64_FR	253	Picture	low_A099	6934159	0	1	30166	1	0	30000	other	0
SEE_14_64_FR	254	Picture	+	6964491	0	1	20166	1	0	35730	other	0
SEE_14_64_FR	255	Picture	hi_F158	6984657	0	1	30166	1	0	30000	other	0
SEE_14_64_FR	256	Picture	+	7014990	0	1	79665	1	0	next	other	0
SEE_14_64_FR	257	Sound	low050a	7034991	0	1			0		other	0
SEE_14_64_FR	258	Picture	500+	7094655	0	1	5167	1	0	5000	other	0
SEE_14_64_FR	259	Picture	hi_P225	7099821	0	1	30166	1	0	30000	other	0
SEE_14_64_FR	260	Picture	+	7129987	0	1	70165	1	0	next	other	0
SEE_14_64_FR	261	Sound	low050b	7129988	0	1			0		other	0
SEE_14_64_FR	262	Picture	500+	7200152	0	1	5167	1	0	5000	other	0
SEE_14_64_FR	263	Picture	low_L121	7205319	0	1	30166	1	0	30000	other	0
SEE_14_64_FR	264	Picture	+	7235651	0	1	20166	1	0	41450	other	0
SEE_14_64_FR	265	Picture	hi_L026	7255817	0	1	30166	1	0	30000	other	0
SEE_14_64_FR	266	Picture	+	7286150	0	1	20166	1	0	38460	other	0
SEE_14_64_FR	267	Picture	low_F123	7306316	0	1	30166	1	0	30000	other	0
SEE_14_64_FR	268	Picture	+	7336649	0	1	78831	1	0	next	other	0
SEE_14_64_FR	269	Sound	low351a	7356650	0	1			0		other	0
SEE_14_64_FR	270	Picture	500+	7415480	0	1	5167	1	0	5000	other	0
SEE_14_64_FR	271	Picture	low_L165	7420647	0	1	30166	1	0	30000	other	0
SEE_14_64_FR	272	Picture	+	7450812	0	1	67165	1	0	next	other	0
SEE_14_64_FR	273	Sound	low351b	7450813	0	1			0		other	0
SEE_14_64_FR	274	Picture	500+	7517977	0	1	5167	1	0	5000	other	0
SEE_14_64_FR	275	Picture	hi_A030	7523144	0	1	30166	1	0	30000	other	0
SEE_14_64_FR	276	Picture	+	7553477	0	1	20166	1	0	38950	other	0
SEE_14_64_FR	277	Picture	low_P105	7573643	0	1	30166	1	0	30000	other	0
SEE_14_64_FR	278	Picture	+	7603975	0	1	20166	1	0	34440	other	0
SEE_14_64_FR	279	Picture	hi_P004	7624142	0	1	30166	1	0	30000	other	0
SEE_14_64_FR	280	Picture	+	7654474	0	1	78498	1	0	next	other	0
SEE_14_64_FR	281	Sound	low345a	7674475	0	1			0		other	0
SEE_14_64_FR	282	Picture	500+	7732972	0	1	5167	1	0	5000	other	0
SEE_14_64_FR	283	Picture	low_P108	7738305	0	1	30166	1	0	30000	other	0
SEE_14_64_FR	284	Picture	+	7768471	0	1	56332	1	0	next	other	0
SEE_14_64_FR	285	Sound	low345b	7768472	0	1			0		other	0
SEE_14_64_FR	286	Picture	500+	7824803	0	1	5167	1	0	5000	other	0
SEE_14_64_FR	287	Picture	hi_F028	7830136	0	1	30166	1	0	30000	other	0
SEE_14_64_FR	288	Picture	+	7860469	0	1	20166	1	0	37490	other	0
SEE_14_64_FR	289	Picture	low_F115	7880635	0	1	30166	1	0	30000	other	0
SEE_14_64_FR	290	Picture	+	7910968	0	1	20166	1	0	34020	other	0
SEE_14_64_FR	291	Picture	hi_P216	7931134	0	1	30166	1	0	30000	other	0
SEE_14_64_FR	292	Picture	+	7961466	0	1	80998	1	0	next	other	0
SEE_14_64_FR	293	Sound	hi202a	7981467	0	1			0		other	0
SEE_14_64_FR	294	Picture	500+	8042464	0	1	5167	1	0	5000	other	0
SEE_14_64_FR	295	Picture	low_A167	8047631	0	1	30166	1	0	30000	other	0
SEE_14_64_FR	296	Picture	+	8077797	0	1	56832	1	0	next	other	0
SEE_14_64_FR	297	Sound	hi202b	8077797	0	1			0		other	0
SEE_14_64_FR	298	Picture	500+	8134629	0	1	5167	1	0	5000	other	0
SEE_14_64_FR	299	Picture	hi_A073	8139795	0	1	30166	1	0	30000	other	0
SEE_14_64_FR	300	Picture	+	8170128	0	1	20166	1	0	36130	other	0
SEE_14_64_FR	301	Picture	hi_F152	8190294	0	1	30166	1	0	30000	other	0
SEE_14_64_FR	302	Picture	+	8220627	0	1	20166	1	0	39330	other	0
SEE_14_64_FR	303	Picture	low_P149	8240793	0	1	30166	1	0	30000	other	0
SEE_14_64_FR	304	Picture	+	8271125	0	1	86998	1	0	next	other	0
SEE_14_64_FR	305	Sound	hi241a	8291126	0	1			0		other	0
SEE_14_64_FR	306	Picture	500+	8358123	0	1	5167	1	0	5000	other	0
SEE_14_64_FR	307	Picture	hi_A058	8363456	0	1	30166	1	0	30000	other	0
SEE_14_64_FR	308	Picture	+	8393622	0	1	58165	1	0	next	other	0
SEE_14_64_FR	309	Sound	hi241b	8393623	0	1			0		other	0
SEE_14_64_FR	310	Picture	500+	8451787	0	1	5167	1	0	5000	other	0
SEE_14_64_FR	311	Picture	low_P045	8457121	0	1	30166	1	0	30000	other	0
SEE_14_64_FR	312	Picture	+	8487453	0	1	20166	1	0	44280	other	0
SEE_14_64_FR	313	Picture	low_L100	8507619	0	1	30166	1	0	30000	other	0
SEE_14_64_FR	314	Picture	+	8537952	0	1	20166	1	0	36450	other	0
SEE_14_64_FR	315	Picture	hi_P140	8558118	0	1	30166	1	0	30000	other	0
SEE_14_64_FR	316	Picture	+	8588451	0	1	85498	1	0	next	other	0
SEE_14_64_FR	317	Sound	low274a	8608451	0	1			0		other	0
SEE_14_64_FR	318	Picture	500+	8673949	0	1	5167	1	0	5000	other	0
SEE_14_64_FR	319	Picture	low_P047	8679115	0	1	30166	1	0	30000	other	0
SEE_14_64_FR	320	Picture	+	8709281	0	1	58832	1	0	next	other	0
SEE_14_64_FR	321	Sound	low274b	8709282	0	1			0		other	0
SEE_14_64_FR	322	Picture	500+	8768113	0	1	5167	1	0	5000	other	0
SEE_14_64_FR	323	Picture	hi_P006	8773279	0	1	30166	1	0	30000	other	0
SEE_14_64_FR	324	Picture	+	8803612	0	1	20166	1	0	34490	other	0
SEE_14_64_FR	325	Picture	low_L157	8823778	0	1	30166	1	0	30000	other	0
SEE_14_64_FR	326	Picture	+	8854111	0	1	20166	1	0	44140	other	0
SEE_14_64_FR	327	Picture	hi_A221	8874277	0	1	30166	1	0	30000	other	0
SEE_14_64_FR	328	Picture	+	8904609	0	1	86831	1	0	next	other	0
SEE_14_64_FR	329	Sound	hi018a	8924610	0	1			0		other	0
SEE_14_64_FR	330	Picture	500+	8991441	0	1	5167	1	0	5000	other	0
SEE_14_64_FR	331	Picture	hi_P206	8996607	0	1	30166	1	0	30000	other	0
SEE_14_64_FR	332	Picture	+	9026773	0	1	65498	1	0	next	other	0
SEE_14_64_FR	333	Sound	hi018b	9026774	0	1			0		other	0
SEE_14_64_FR	334	Picture	500+	9092271	0	1	5167	1	0	5000	other	0
SEE_14_64_FR	335	Picture	low_P186	9097438	0	1	30166	1	0	30000	other	0
SEE_14_64_FR	336	Picture	+	9127770	0	1	20166	1	0	36820	other	0
SEE_14_64_FR	337	Picture	low_L167	9147937	0	1	30166	1	0	30000	other	0
SEE_14_64_FR	338	Picture	+	9178269	0	1	20166	1	0	40270	other	0
SEE_14_64_FR	339	Picture	hi_A016	9198435	0	1	30166	1	0	30000	other	0
SEE_14_64_FR	340	Picture	+	9228768	0	1	83498	1	0	next	other	0
SEE_14_64_FR	341	Sound	hi159a	9248769	0	1			0		other	0
SEE_14_64_FR	342	Picture	500+	9312266	0	1	5167	1	0	5000	other	0
SEE_14_64_FR	343	Picture	hi_F018	9317599	0	1	30166	1	0	30000	other	0
SEE_14_64_FR	344	Picture	+	9347765	0	1	56665	1	0	next	other	0
SEE_14_64_FR	345	Sound	hi159b	9347766	0	1			0		other	0
SEE_14_64_FR	346	Picture	500+	9404430	0	1	5167	1	0	5000	other	0
SEE_14_64_FR	347	Picture	low_F345	9409597	0	1	30166	1	0	30000	other	0
SEE_14_64_FR	348	Picture	+	9439929	0	1	20166	1	0	34550	other	0
SEE_14_64_FR	349	Picture	hi_P238	9460096	0	1	30166	1	0	30000	other	0
SEE_14_64_FR	350	Picture	+	9490428	0	1	20166	1	0	43250	other	0
SEE_14_64_FR	351	Picture	low_A136	9510594	0	1	30166	1	0	30000	other	0
SEE_14_64_FR	352	Picture	+	9540927	0	1	76165	1	0	next	other	0
SEE_14_64_FR	353	Sound	hi001a	9560928	0	1			0		other	0
SEE_14_64_FR	354	Picture	500+	9617092	0	1	5167	1	0	5000	other	0
SEE_14_64_FR	355	Picture	hi_O007	9622258	0	1	30166	1	0	30000	other	0
SEE_14_64_FR	356	Picture	+	9652424	0	1	63165	1	0	next	other	0
SEE_14_64_FR	357	Sound	hi001b	9652425	0	1			0		other	0
SEE_14_64_FR	358	Picture	500+	9715589	0	1	5167	1	0	5000	other	0
SEE_14_64_FR	359	Picture	low_F138	9720922	0	1	30166	1	0	30000	other	0
SEE_14_64_FR	360	Picture	+	9751255	0	1	20166	1	0	30490	other	0
SEE_14_64_FR	361	Picture	low_F228	9771421	0	1	30166	1	0	30000	other	0
SEE_14_64_FR	362	Picture	+	9801754	0	1	20166	1	0	32180	other	0
SEE_14_64_FR	363	Picture	hi_P237	9821920	0	1	30166	1	0	30000	other	0
SEE_14_64_FR	364	Picture	+	9852252	0	1	77831	1	0	next	other	0
SEE_14_64_FR	365	Sound	low118a	9872253	0	1			0		other	0
SEE_14_64_FR	366	Picture	500+	9930084	0	1	5167	1	0	5000	other	0
SEE_14_64_FR	367	Picture	low_F214	9935250	0	1	30166	1	0	30000	other	0
SEE_14_64_FR	368	Picture	+	9965416	0	1	67998	1	0	next	other	0
SEE_14_64_FR	369	Sound	low118b	9965417	0	1			0		other	0
SEE_14_64_FR	370	Picture	500+	10033415	0	1	5167	1	0	5000	other	0
SEE_14_64_FR	371	Picture	hi_O148	10038581	0	1	30166	1	0	30000	other	0
SEE_14_64_FR	372	Picture	+	10068914	0	1	20166	1	0	38610	other	0
SEE_14_64_FR	373	Picture	hi_P224	10089080	0	1	30166	1	0	30000	other	0
SEE_14_64_FR	374	Picture	+	10119412	0	1	20166	1	0	43230	other	0
SEE_14_64_FR	375	Picture	low_A108	10139579	0	1	30166	1	0	30000	other	0
SEE_14_64_FR	376	Picture	+	10169911	0	1	82331	1	0	next	other	0
SEE_14_64_FR	377	Sound	low275a	10189912	0	2			0		other	0
SEE_14_64_FR	378	Picture	500+	10252242	0	1	5167	1	0	5000	other	0
SEE_14_64_FR	379	Picture	low_F099	10257576	0	1	30166	1	0	30000	other	0
SEE_14_64_FR	380	Picture	+	10287742	0	1	68165	1	0	next	other	0
SEE_14_64_FR	381	Sound	low275b	10287742	0	2			0		other	0
SEE_14_64_FR	382	Picture	500+	10355906	0	1	5167	1	0	5000	other	0
SEE_14_64_FR	383	Picture	hi_A054	10361073	0	1	30166	1	0	30000	other	0
SEE_14_64_FR	384	Picture	+	10391406	0	1	20166	1	0	34140	other	0
SEE_14_64_FR	385	Picture	hi_F271	10411572	0	1	30166	1	0	30000	other	0
SEE_14_64_FR	386	Picture	+	10441904	0	1	20166	1	0	34270	other	0
SEE_14_64_FR	387	Picture	low_O219	10462070	0	1	30166	1	0	30000	other	0
SEE_14_64_FR	388	Picture	+	10492403	0	1	77831	1	0	next	other	0
SEE_14_64_FR	389	Sound	hi110a	10512404	0	1			0		other	0
SEE_14_64_FR	390	Picture	500+	10570234	0	1	5167	1	0	5000	other	0
SEE_14_64_FR	391	Picture	low_L142	10575401	0	1	30166	1	0	30000	other	0
SEE_14_64_FR	392	Picture	+	10605734	0	1	55832	1	0	next	other	0
SEE_14_64_FR	393	Sound	hi110b	10605734	0	1			0		other	0
SEE_14_64_FR	394	Picture	500+	10661565	0	1	5167	1	0	5000	other	0
SEE_14_64_FR	395	Picture	hi_F274	10666732	0	1	30166	1	0	30000	other	0
SEE_14_64_FR	396	Picture	+	10697065	0	1	20166	1	0	44360	other	0
SEE_14_64_FR	397	Picture	hi_F021	10717231	0	1	30166	1	0	30000	other	0
SEE_14_64_FR	398	Picture	+	10747563	0	1	20166	1	0	41400	other	0
SEE_14_64_FR	399	Picture	low_A214	10767730	0	1	30166	1	0	30000	other	0
SEE_14_64_FR	400	Picture	+	10798062	0	1	78665	1	0	next	other	0
SEE_14_64_FR	401	Sound	hi301a	10818063	0	1			0		other	0
SEE_14_64_FR	402	Picture	500+	10876727	0	1	5167	1	0	5000	other	0
SEE_14_64_FR	403	Picture	hi_P235	10881893	0	1	30166	1	0	30000	other	0
SEE_14_64_FR	404	Picture	+	10912226	0	1	62832	1	0	next	other	0
SEE_14_64_FR	405	Sound	hi301b	10912226	0	1			0		other	0
SEE_14_64_FR	406	Picture	500+	10975058	0	1	5167	1	0	5000	other	0
SEE_14_64_FR	407	Picture	low_L163	10980224	0	1	30166	1	0	30000	other	0
SEE_14_64_FR	408	Picture	+	11010557	0	1	20166	1	0	32240	other	0
SEE_14_64_FR	409	Picture	hi_F016	11030723	0	1	30166	1	0	30000	other	0
SEE_14_64_FR	410	Picture	+	11061055	0	1	20166	1	0	43190	other	0
SEE_14_64_FR	411	Picture	low_L048	11081222	0	1	30166	1	0	30000	other	0
SEE_14_64_FR	412	Picture	+	11111554	0	1	86331	1	0	next	other	0
SEE_14_64_FR	413	Sound	low284a	11131555	0	1			0		other	0
SEE_14_64_FR	414	Picture	500+	11197885	0	1	5167	1	0	5000	other	0
SEE_14_64_FR	415	Picture	hi_F019	11203052	0	1	30166	1	0	30000	other	0
SEE_14_64_FR	416	Picture	+	11233218	0	1	66165	1	0	next	other	0
SEE_14_64_FR	417	Sound	low284b	11233218	0	1			0		other	0
SEE_14_64_FR	418	Picture	500+	11299383	0	1	5167	1	0	5000	other	0
SEE_14_64_FR	419	Picture	low_F125	11304549	0	1	30166	1	0	30000	other	0
SEE_14_64_FR	420	Picture	+	11334882	0	1	20166	1	0	37940	other	0
SEE_14_64_FR	421	Picture	hi_A085	11355048	0	1	30166	1	0	30000	other	0
SEE_14_64_FR	422	Picture	+	11385381	0	1	20166	1	0	34470	other	0
SEE_14_64_FR	423	Picture	low_L117	11405547	0	1	30166	1	0	30000	other	0
SEE_14_64_FR	424	Picture	+	11435879	0	1	88998	1	0	next	other	0
SEE_14_64_FR	425	Sound	hi013a	11455880	0	1			0		other	0
SEE_14_64_FR	426	Picture	500+	11524877	0	1	5167	1	0	5000	other	0
SEE_14_64_FR	427	Picture	low_L094	11530044	0	1	30166	1	0	30000	other	0
SEE_14_64_FR	428	Picture	+	11560210	0	1	57332	1	0	next	other	0
SEE_14_64_FR	429	Sound	hi013b	11560210	0	1			0		other	0
SEE_14_64_FR	430	Picture	500+	11617542	0	1	5167	1	0	5000	other	0
SEE_14_64_FR	431	Picture	hi_P222	11622708	0	1	30166	1	0	30000	other	0
SEE_14_64_FR	432	Picture	+	11653041	0	1	20166	1	0	40720	other	0
SEE_14_64_FR	433	Picture	low_A193	11673207	0	1	30166	1	0	30000	other	0
SEE_14_64_FR	434	Picture	+	11703539	0	1	20166	1	0	34110	other	0
SEE_14_64_FR	435	Picture	hi_L139	11723706	0	1	30166	1	0	30000	other	0
SEE_14_64_FR	436	Picture	+	11754038	0	1	78998	1	0	next	other	0
SEE_14_64_FR	437	Sound	hi253a	11774039	0	1			0		other	0
SEE_14_64_FR	438	Picture	500+	11833036	0	1	5167	1	0	5000	other	0
SEE_14_64_FR	439	Picture	hi_A033	11838203	0	1	30166	1	0	30000	other	0
SEE_14_64_FR	440	Picture	+	11868369	0	1	60332	1	0	next	other	0
SEE_14_64_FR	441	Sound	hi253b	11868369	0	1			0		other	0
SEE_14_64_FR	442	Picture	500+	11928700	0	1	5167	1	0	5000	other	0
SEE_14_64_FR	443	Picture	low_L051	11933867	0	1	30166	1	0	30000	other	0
SEE_14_64_FR	444	Picture	+	11964200	0	1	20166	1	0	40820	other	0
SEE_14_64_FR	445	Picture	hi_P020	11984366	0	1	30166	1	0	30000	other	0
SEE_14_64_FR	446	Picture	+	12014698	0	1	20166	1	0	41260	other	0
SEE_14_64_FR	447	Picture	low_F052	12034865	0	1	30166	1	0	30000	other	0
SEE_14_64_FR	448	Picture	+	12065197	0	1	88331	1	0	next	other	0
SEE_14_64_FR	449	Sound	low171a	12085198	0	1			0		other	0
SEE_14_64_FR	450	Picture	500+	12153528	0	1	5167	1	0	5000	other	0
SEE_14_64_FR	451	Picture	hi_P202	12158695	0	1	30166	1	0	30000	other	0
SEE_14_64_FR	452	Picture	+	12188861	0	1	63665	1	0	next	other	0
SEE_14_64_FR	453	Sound	low171b	12188861	0	1			0		other	0
SEE_14_64_FR	454	Picture	500+	12252526	0	1	5167	1	0	5000	other	0
SEE_14_64_FR	455	Picture	low_L168	12257692	0	1	30166	1	0	30000	other	0
SEE_14_64_FR	456	Picture	+	12288025	0	1	20166	1	0	36190	other	0
SEE_14_64_FR	457	Picture	hi_P034	12308191	0	1	30166	1	0	30000	other	0
SEE_14_64_FR	458	Picture	+	12338524	0	1	20166	1	0	31380	other	0
SEE_14_64_FR	459	Picture	low_L055	12358690	0	1	30166	1	0	30000	other	0
SEE_14_64_FR	460	Picture	+	12389022	0	1	89164	1	0	next	other	0
SEE_14_64_FR	461	Sound	hi011a	12409023	0	2			0		other	0
SEE_14_64_FR	462	Picture	500+	12478187	0	1	5167	1	0	5000	other	0
SEE_14_64_FR	463	Picture	hi_A077	12483520	0	1	30166	1	0	30000	other	0
SEE_14_64_FR	464	Picture	+	12513686	0	1	65332	1	0	next	other	0
SEE_14_64_FR	465	Sound	hi011b	12513686	0	1			0		other	0
SEE_14_64_FR	466	Picture	500+	12579018	0	1	5167	1	0	5000	other	0
SEE_14_64_FR	467	Picture	low_F111	12584184	0	1	30166	1	0	30000	other	0
SEE_14_64_FR	468	Picture	+	12614517	0	1	20166	1	0	34980	other	0
SEE_14_64_FR	469	Picture	low_L149	12634683	0	1	30166	1	0	30000	other	0
SEE_14_64_FR	470	Picture	+	12665015	0	1	20166	1	0	34250	other	0
SEE_14_64_FR	471	Picture	hi_F291	12685182	0	1	30166	1	0	30000	other	0
SEE_14_64_FR	472	Picture	+	12715514	0	1	86998	1	0	next	other	0
SEE_14_64_FR	473	Sound	low271a	12735515	0	2			0		other	0
SEE_14_64_FR	474	Picture	500+	12802512	0	1	5167	1	0	5000	other	0
SEE_14_64_FR	475	Picture	low_L179	12807679	0	1	30166	1	0	30000	other	0
SEE_14_64_FR	476	Picture	+	12837844	0	1	63998	1	0	next	other	0
SEE_14_64_FR	477	Sound	low271b	12837845	0	1			0		other	0
SEE_14_64_FR	478	Picture	500+	12901843	0	1	5167	1	0	5000	other	0
SEE_14_64_FR	479	Picture	hi_A059	12907009	0	1	30166	1	0	30000	other	0
SEE_14_64_FR	480	Picture	+	12937342	0	1	20166	1	0	43100	other	0
SEE_14_64_FR	481	Picture	hi_P175	12957508	0	1	30166	1	0	30000	other	0
SEE_14_64_FR	482	Picture	+	12987841	0	1	20166	1	0	36130	other	0
SEE_14_64_FR	483	Picture	low_L123	13008007	0	1	30166	1	0	30000	other	0
SEE_14_64_FR	484	Picture	+	13038339	0	1	77165	1	0	next	other	0
SEE_14_64_FR	485	Sound	low035a	13058340	0	1			0		other	0
SEE_14_64_FR	486	Picture	500+	13115504	0	1	5167	1	0	5000	other	0
SEE_14_64_FR	487	Picture	low_F056	13120671	0	1	30166	1	0	30000	other	0
SEE_14_64_FR	488	Picture	+	13150837	0	1	65998	1	0	next	other	0
SEE_14_64_FR	489	Sound	low035b	13150837	0	1			0		other	0
SEE_14_64_FR	490	Picture	500+	13216835	0	1	5167	1	0	5000	other	0
SEE_14_64_FR	491	Picture	hi_A007	13222168	0	1	30166	1	0	30000	other	0
SEE_14_64_FR	492	Picture	+	13252501	0	1	20166	1	0	44620	other	0
SEE_14_64_FR	493	Picture	hi_A019	13272667	0	1	30166	1	0	30000	other	0
SEE_14_64_FR	494	Picture	+	13302999	0	1	20166	1	0	36990	other	0
SEE_14_64_FR	495	Picture	low_L180	13323166	0	1	30166	1	0	30000	other	0
SEE_14_64_FR	496	Picture	+	13353498	0	1	77665	1	0	next	other	0
SEE_14_64_FR	497	Sound	low053a	13373499	0	1			0		other	0
SEE_14_64_FR	498	Picture	500+	13431163	0	1	5167	1	0	5000	other	0
SEE_14_64_FR	499	Picture	hi_P239	13436496	0	1	30166	1	0	30000	other	0
SEE_14_64_FR	500	Picture	+	13466829	0	1	57165	1	0	next	other	0
SEE_14_64_FR	501	Sound	low053b	13466829	0	1			0		other	0
SEE_14_64_FR	502	Picture	500+	13523994	0	1	5167	1	0	5000	other	0
SEE_14_64_FR	503	Picture	low_P046	13529160	0	1	30166	1	0	30000	other	0
SEE_14_64_FR	504	Picture	+	13559493	0	1	20166	1	0	31370	other	0
SEE_14_64_FR	505	Picture	hi_A012	13579659	0	1	30166	1	0	30000	other	0
SEE_14_64_FR	506	Picture	+	13609992	0	1	20166	1	0	43270	other	0
SEE_14_64_FR	507	Picture	low_L143	13630158	0	1	30166	1	0	30000	other	0
SEE_14_64_FR	508	Picture	+	13660490	0	1	76665	1	0	next	other	0
SEE_14_64_FR	509	Sound	hi169a	13680491	0	1			0		other	0
SEE_14_64_FR	510	Picture	500+	13737155	0	1	5167	1	0	5000	other	0
SEE_14_64_FR	511	Picture	low_A192	13742488	0	1	30166	1	0	30000	other	0
SEE_14_64_FR	512	Picture	+	13772654	0	1	65165	1	0	next	other	0
SEE_14_64_FR	513	Sound	hi169b	13772655	0	1			0		other	0
SEE_14_64_FR	514	Picture	500+	13837819	0	1	5167	1	0	5000	other	0
SEE_14_64_FR	515	Picture	hi_F265	13842986	0	1	30166	1	0	30000	other	0
SEE_14_64_FR	516	Picture	+	13873319	0	1	20166	1	0	32950	other	0
SEE_14_64_FR	517	Picture	low_L132	13893485	0	1	30166	1	0	30000	other	0
SEE_14_64_FR	518	Picture	+	13923817	0	1	20166	1	0	41400	other	0
SEE_14_64_FR	519	Picture	hi_F013	13943983	0	1	30166	1	0	30000	other	0
SEE_14_64_FR	520	Picture	+	13974316	0	1	79331	1	0	next	other	0
SEE_14_64_FR	521	Sound	hi009a	13994317	0	1			0		other	0
SEE_14_64_FR	522	Picture	500+	14053647	0	1	5167	1	0	5000	other	0
SEE_14_64_FR	523	Picture	hi_O285	14058814	0	1	30166	1	0	30000	other	0
SEE_14_64_FR	524	Picture	+	14088980	0	1	62832	1	0	next	other	0
SEE_14_64_FR	525	Sound	hi009b	14088980	0	1			0		other	0
SEE_14_64_FR	526	Picture	500+	14151812	0	1	5167	1	0	5000	other	0
SEE_14_64_FR	527	Picture	low_P055	14157145	0	1	30166	1	0	30000	other	0
SEE_14_64_FR	528	Picture	+	14187477	0	1	20166	1	0	43500	other	0
SEE_14_64_FR	529	Picture	hi_F172	14207644	0	1	30166	1	0	30000	other	0
SEE_14_64_FR	530	Picture	+	14237976	0	1	20166	1	0	40600	other	0
SEE_14_64_FR	531	Picture	low_A132	14258142	0	1	30166	1	0	30000	other	0
SEE_14_64_FR	532	Picture	+	14288475	0	1	75998	1	0	next	other	0
SEE_14_64_FR	533	Sound	low277a	14308476	0	1			0		other	0
SEE_14_64_FR	534	Picture	500+	14364473	0	1	5166	1	0	5000	other	0
SEE_14_64_FR	535	Picture	hi_F368	14369806	0	1	30166	1	0	30000	other	0
SEE_14_64_FR	536	Picture	+	14399972	0	1	69165	1	0	next	other	0
SEE_14_64_FR	537	Sound	low277b	14399973	0	1			0		other	0
SEE_14_64_FR	538	Picture	500+	14469137	0	1	5167	1	0	5000	other	0
SEE_14_64_FR	539	Picture	low_L016	14474303	0	1	30166	1	0	30000	other	0
SEE_14_64_FR	540	Picture	+	14504636	0	1	20166	1	0	34880	other	0
SEE_14_64_FR	541	Picture	low_L178	14524802	0	1	30166	1	0	30000	other	0
SEE_14_64_FR	542	Picture	+	14555135	0	1	20166	1	0	42690	other	0
SEE_14_64_FR	543	Picture	hi_P125	14575301	0	1	30166	1	0	30000	other	0
SEE_14_64_FR	544	Picture	+	14605634	0	1	78831	1	0	next	other	0
SEE_14_64_FR	545	Sound	hi246a	14625634	0	1			0		other	0
SEE_14_64_FR	546	Picture	500+	14684465	0	1	5167	1	0	5000	other	0
SEE_14_64_FR	547	Picture	low_A090	14689631	0	1	30166	1	0	30000	other	0
SEE_14_64_FR	548	Picture	+	14719797	0	1	61665	1	0	next	other	0
SEE_14_64_FR	549	Sound	hi246b	14719798	0	1			0		other	0
SEE_14_64_FR	550	Picture	500+	14781463	0	1	5167	1	0	5000	other	0
SEE_14_64_FR	551	Picture	hi_P231	14786796	0	1	30166	1	0	30000	other	0
SEE_14_64_FR	552	Picture	+	14817128	0	1	20166	1	0	33910	other	0
SEE_14_64_FR	553	Picture	low_O220	14837294	0	1	30166	1	0	30000	other	0
SEE_14_64_FR	554	Picture	+	14867627	0	1	20166	1	0	40600	other	0
SEE_14_64_FR	555	Picture	hi_P011	14887793	0	1	30166	1	0	30000	other	0
SEE_14_64_FR	556	Picture	+	14918126	0	1	85331	1	0	next	other	0
SEE_14_64_FR	557	Sound	hi308a	14938127	0	1			0		other	0
SEE_14_64_FR	558	Picture	500+	15003457	0	1	5167	1	0	5000	other	0
SEE_14_64_FR	559	Picture	hi_F295	15008623	0	1	30166	1	0	30000	other	0
SEE_14_64_FR	560	Picture	+	15038789	0	1	61165	1	0	next	other	0
SEE_14_64_FR	561	Sound	hi308b	15038790	0	1			0		other	0
SEE_14_64_FR	562	Picture	500+	15099955	0	1	5167	1	0	5000	other	0
SEE_14_64_FR	563	Picture	low_A194	15105121	0	1	30166	1	0	30000	other	0
SEE_14_64_FR	564	Picture	+	15135454	0	1	20166	1	0	42610	other	0
SEE_14_64_FR	565	Picture	low_O043	15155620	0	1	30166	1	0	30000	other	0
SEE_14_64_FR	566	Picture	+	15185952	0	1	20166	1	0	33310	other	0
SEE_14_64_FR	567	Picture	hi_P220	15206119	0	1	30166	1	0	30000	other	0
SEE_14_64_FR	568	Picture	+	15236451	0	1	86831	1	0	next	other	0
SEE_14_64_FR	569	Sound	low089a	15256452	0	1			0		other	0
SEE_14_64_FR	570	Picture	500+	15323282	0	1	5167	1	0	5000	other	0
SEE_14_64_FR	571	Picture	low_P054	15328449	0	1	30166	1	0	30000	other	0
SEE_14_64_FR	572	Picture	+	15358615	0	1	65498	1	0	next	other	0
SEE_14_64_FR	573	Sound	low089b	15358615	0	1			0		other	0
SEE_14_64_FR	574	Picture	500+	15424113	0	1	5167	1	0	5000	other	0
SEE_14_64_FR	575	Picture	hi_P198	15429280	0	1	30166	1	0	30000	other	0
SEE_14_64_FR	576	Picture	+	15459612	0	1	20166	1	0	39940	other	0
SEE_14_64_FR	577	Picture	low_L131	15479778	0	1	30166	1	0	30000	other	0
SEE_14_64_FR	578	Picture	+	15510111	0	1	20166	1	0	31570	other	0
SEE_14_64_FR	579	Picture	hi_P018	15530277	0	1	30166	1	0	30000	other	0
SEE_14_64_FR	580	Picture	+	15560610	0	1	89498	1	0	next	other	0
SEE_14_64_FR	581	Sound	hi248a	15580610	0	1			0		other	0
SEE_14_64_FR	582	Picture	500+	15650107	0	1	5167	1	0	5000	other	0
SEE_14_64_FR	583	Picture	low_L090	15655274	0	1	30166	1	0	30000	other	0
SEE_14_64_FR	584	Picture	+	15685440	0	1	67832	1	0	next	other	0
SEE_14_64_FR	585	Sound	hi248b	15685441	0	1			0		other	0
SEE_14_64_FR	586	Picture	500+	15753272	0	1	5167	1	0	5000	other	0
SEE_14_64_FR	587	Picture	hi_A050	15758438	0	1	30166	1	0	30000	other	0
SEE_14_64_FR	588	Picture	+	15788771	0	1	20166	1	0	43070	other	0
SEE_14_64_FR	589	Picture	low_F001	15808937	0	1	30166	1	0	30000	other	0
SEE_14_64_FR	590	Picture	+	15839269	0	1	20166	1	0	34130	other	0
SEE_14_64_FR	591	Picture	hi_P246	15859436	0	1	30166	1	0	30000	other	0
SEE_14_64_FR	592	Picture	+	15889768	0	1	79998	1	0	next	other	0
SEE_14_64_FR	593	Sound	hi154a	15909769	0	1			0		other	0
SEE_14_64_FR	594	Picture	500+	15969766	0	1	5167	1	0	5000	other	0
SEE_14_64_FR	595	Picture	low_L107	15974933	0	1	30166	1	0	30000	other	0
SEE_14_64_FR	596	Picture	+	16005099	0	1	66332	1	0	next	other	0
SEE_14_64_FR	597	Sound	hi154b	16005099	0	1			0		other	0
SEE_14_64_FR	598	Picture	500+	16071430	0	1	5167	1	0	5000	other	0
SEE_14_64_FR	599	Picture	hi_P022	16076597	0	1	30166	1	0	30000	other	0
SEE_14_64_FR	600	Picture	+	16106929	0	1	20166	1	0	44420	other	0
SEE_14_64_FR	601	Picture	low_L018	16127096	0	1	30166	1	0	30000	other	0
SEE_14_64_FR	602	Picture	+	16157428	0	1	20166	1	0	37170	other	0
SEE_14_64_FR	603	Picture	hi_O300	16177594	0	1	30166	1	0	30000	other	0
SEE_14_64_FR	604	Picture	+	16207927	0	1	77165	1	0	next	other	0
SEE_14_64_FR	605	Sound	hi012a	16227928	0	1			0		other	0
SEE_14_64_FR	606	Picture	500+	16285092	0	1	5167	1	0	5000	other	0
SEE_14_64_FR	607	Picture	low_L158	16290258	0	1	30166	1	0	30000	other	0
SEE_14_64_FR	608	Picture	+	16320424	0	1	68332	1	0	next	other	0
SEE_14_64_FR	609	Sound	hi012b	16320425	0	1			0		other	0
SEE_14_64_FR	610	Picture	500+	16388756	0	1	5167	1	0	5000	other	0
SEE_14_64_FR	611	Picture	hi_A021	16394089	0	1	30166	1	0	30000	other	0
SEE_14_64_FR	612	Picture	+	16424421	0	1	20166	1	0	40550	other	0
SEE_14_64_FR	613	Picture	hi_P007	16444588	0	1	30166	1	0	30000	other	0
SEE_14_64_FR	614	Picture	+	16474920	0	1	20166	1	0	41540	other	0
SEE_14_64_FR	615	Picture	low_L064	16495086	0	1	30166	1	0	30000	other	0
SEE_14_64_FR	616	Picture	+	16525419	0	1	81831	1	0	next	other	0
SEE_14_64_FR	617	Sound	low279a	16545420	0	2			0		other	0
SEE_14_64_FR	618	Picture	500+	16607250	0	1	5167	1	0	5000	other	0
SEE_14_64_FR	619	Picture	hi_O001	16612417	0	1	30166	1	0	30000	other	0
SEE_14_64_FR	620	Picture	+	16642583	0	1	63665	1	0	next	other	0
SEE_14_64_FR	621	Sound	low279b	16642583	0	1			0		other	0
SEE_14_64_FR	622	Picture	500+	16706248	0	1	5167	1	0	5000	other	0
SEE_14_64_FR	623	Picture	low_L175	16711414	0	1	30166	1	0	30000	other	0
SEE_14_64_FR	624	Picture	+	16741747	0	1	20166	1	0	41960	other	0
SEE_14_64_FR	625	Picture	low_A161	16761913	0	1	30166	1	0	30000	other	0
SEE_14_64_FR	626	Picture	+	16792246	0	1	20166	1	0	40770	other	0
SEE_14_64_FR	627	Picture	hi_P029	16812412	0	1	30166	1	0	30000	other	0
SEE_14_64_FR	628	Picture	+	16842744	0	1	78998	1	0	next	other	0
SEE_14_64_FR	629	Sound	low330a	16862745	0	1			0		other	0
SEE_14_64_FR	630	Picture	500+	16921742	0	1	5167	1	0	5000	other	0
SEE_14_64_FR	631	Picture	low_L124	16927076	0	1	30166	1	0	30000	other	0
SEE_14_64_FR	632	Picture	+	16957242	0	1	63498	1	0	next	other	0
SEE_14_64_FR	633	Sound	low330b	16957242	0	1			0		other	0
SEE_14_64_FR	634	Picture	500+	17020740	0	1	5167	1	0	5000	other	0
SEE_14_64_FR	635	Picture	hi_A037	17025906	0	1	30166	1	0	30000	other	0
SEE_14_64_FR	636	Picture	+	17056239	0	1	20166	1	0	36390	other	0
SEE_14_64_FR	637	Picture	low_A184	17076405	0	1	30166	1	0	30000	other	0
SEE_14_64_FR	638	Picture	+	17106738	0	1	20166	1	0	35720	other	0
SEE_14_64_FR	639	Picture	hi_P229	17126904	0	1	30166	1	0	30000	other	0
SEE_14_64_FR	640	Picture	+	17157236	0	1	82831	1	0	next	other	0
SEE_14_64_FR	641	Sound	hi007a	17177237	0	1			0		other	0
SEE_14_64_FR	642	Picture	500+	17240068	0	1	5167	1	0	5000	other	0
SEE_14_64_FR	643	Picture	hi_A034	17245234	0	1	30166	1	0	30000	other	0
SEE_14_64_FR	644	Picture	+	17275400	0	1	61832	1	0	next	other	0
SEE_14_64_FR	645	Sound	hi007b	17275401	0	1			0		other	0
SEE_14_64_FR	646	Picture	500+	17337232	0	1	5166	1	0	5000	other	0
SEE_14_64_FR	647	Picture	low_O214	17342398	0	1	30166	1	0	30000	other	0
SEE_14_64_FR	648	Picture	+	17372731	0	1	20166	1	0	41260	other	0
SEE_14_64_FR	649	Picture	low_L127	17392897	0	1	30166	1	0	30000	other	0
SEE_14_64_FR	650	Picture	+	17423230	0	1	20166	1	0	35640	other	0
SEE_14_64_FR	651	Picture	hi_P227	17443396	0	1	30166	1	0	30000	other	0
SEE_14_64_FR	652	Picture	+	17473729	0	1	80331	1	0	next	other	0
SEE_14_64_FR	653	Sound	hi326a	17493729	0	1			0		other	0
SEE_14_64_FR	654	Picture	500+	17554060	0	1	5167	1	0	5000	other	0
SEE_14_64_FR	655	Picture	low_L154	17559226	0	1	30166	1	0	30000	other	0
SEE_14_64_FR	656	Picture	+	17589392	0	1	55832	1	0	next	other	0
SEE_14_64_FR	657	Sound	hi326b	17589393	0	1			0		other	0
SEE_14_64_FR	658	Picture	500+	17645224	0	1	5167	1	0	5000	other	0
SEE_14_64_FR	659	Picture	hi_P217	17650391	0	1	30166	1	0	30000	other	0
SEE_14_64_FR	660	Picture	+	17680723	0	1	20166	1	0	43690	other	0
SEE_14_64_FR	661	Picture	hi_O003	17700890	0	1	30166	1	0	30000	other	0
SEE_14_64_FR	662	Picture	+	17731222	0	1	20166	1	0	43100	other	0
SEE_14_64_FR	663	Picture	low_A115	17751388	0	1	30166	1	0	30000	other	0
SEE_14_64_FR	664	Picture	+	17781721	0	1	77998	1	0	next	other	0
SEE_14_64_FR	665	Sound	hi123a	17801722	0	1			0		other	0
SEE_14_64_FR	666	Picture	500+	17859719	0	1	5167	1	0	5000	other	0
SEE_14_64_FR	667	Picture	low_L148	17864885	0	1	30166	1	0	30000	other	0
SEE_14_64_FR	668	Picture	+	17895051	0	1	66498	1	0	next	other	0
SEE_14_64_FR	669	Sound	hi123b	17895052	0	1			0		other	0
SEE_14_64_FR	670	Picture	500+	17961550	0	1	5167	1	0	5000	other	0
SEE_14_64_FR	671	Picture	hi_A068	17966716	0	1	30166	1	0	30000	other	0
SEE_14_64_FR	672	Picture	+	17997049	0	1	20166	1	0	44430	other	0
SEE_14_64_FR	673	Picture	hi_F298	18017215	0	1	30166	1	0	30000	other	0
SEE_14_64_FR	674	Picture	+	18047548	0	1	20166	1	0	43990	other	0
SEE_14_64_FR	675	Picture	low_L173	18067714	0	1	30166	1	0	30000	other	0
SEE_14_64_FR	676	Picture	+	18098046	0	1	83665	1	0	next	other	0
SEE_14_64_FR	677	Sound	hi310a	18118047	0	1			0		other	0
SEE_14_64_FR	678	Picture	500+	18181711	0	1	5167	1	0	5000	other	0
SEE_14_64_FR	679	Picture	hi_P015	18186877	0	1	30166	1	0	30000	other	0
SEE_14_64_FR	680	Picture	+	18217043	0	1	57832	1	0	next	other	0
SEE_14_64_FR	681	Sound	hi310b	18217044	0	1			0		other	0
SEE_14_64_FR	682	Picture	500+	18274875	0	1	5167	1	0	5000	other	0
SEE_14_64_FR	683	Picture	low_O325	18280042	0	1	30166	1	0	30000	other	0
SEE_14_64_FR	684	Picture	+	18310374	0	1	20166	1	0	38710	other	0
SEE_14_64_FR	685	Picture	low_P195	18330541	0	1	30166	1	0	30000	other	0
SEE_14_64_FR	686	Picture	+	18360873	0	1	20166	1	0	35460	other	0
SEE_14_64_FR	687	Picture	hi_A056	18381039	0	1	30166	1	0	30000	other	0
SEE_14_64_FR	688	Picture	+	18411372	0	1	84498	1	0	next	other	0
SEE_14_64_FR	689	Sound	low281a	18431373	0	1			0		other	0
SEE_14_64_FR	690	Picture	500+	18495870	0	1	5167	1	0	5000	other	0
SEE_14_64_FR	691	Picture	hi_O139	18501203	0	1	30166	1	0	30000	other	0
SEE_14_64_FR	692	Picture	+	18531369	0	1	68998	1	0	next	other	0
SEE_14_64_FR	693	Sound	low281b	18531369	0	1			0		other	0
SEE_14_64_FR	694	Picture	500+	18600367	0	1	5167	1	0	5000	other	0
SEE_14_64_FR	695	Picture	low_F045	18605700	0	1	30166	1	0	30000	other	0
SEE_14_64_FR	696	Picture	+	18636033	0	1	20166	1	0	44770	other	0
SEE_14_64_FR	697	Picture	low_L162	18656199	0	1	30166	1	0	30000	other	0
SEE_14_64_FR	698	Picture	+	18686532	0	1	20166	1	0	31650	other	0
SEE_14_64_FR	699	Picture	hi_A045	18706698	0	1	30166	1	0	30000	other	0
SEE_14_64_FR	700	Picture	+	18737030	0	1	79498	1	0	next	other	0
SEE_14_64_FR	701	Sound	low358a	18757031	0	1			0		other	0
SEE_14_64_FR	702	Picture	500+	18816528	0	1	5167	1	0	5000	other	0
SEE_14_64_FR	703	Picture	low_L111	18821695	0	1	30166	1	0	30000	other	0
SEE_14_64_FR	704	Picture	+	18851861	0	1	66332	1	0	next	other	0
SEE_14_64_FR	705	Sound	low358b	18851861	0	1			0		other	0
SEE_14_64_FR	706	Picture	500+	18918192	0	1	5167	1	0	5000	other	0
SEE_14_64_FR	707	Picture	hi_F146	18923359	0	1	30166	1	0	30000	other	0
SEE_14_64_FR	708	Picture	+	18953692	0	1	20166	1	0	40130	other	0
SEE_14_64_FR	709	Picture	low_L166	18973858	0	1	30166	1	0	30000	other	0
SEE_14_64_FR	710	Picture	+	19004190	0	1	20166	1	0	37680	other	0
SEE_14_64_FR	711	Picture	hi_A143	19024357	0	1	30166	1	0	30000	other	0
SEE_14_64_FR	712	Picture	+	19054689	0	1	81331	1	0	next	other	0
SEE_14_64_FR	713	Sound	hi139a	19074690	0	2			0		other	0
SEE_14_64_FR	714	Picture	500+	19136020	0	1	5167	1	0	5000	other	0
SEE_14_64_FR	715	Picture	low_L062	19141354	0	1	30166	1	0	30000	other	0
SEE_14_64_FR	716	Picture	+	19171686	0	1	61498	1	0	next	other	0
SEE_14_64_FR	717	Sound	hi139b	19171687	0	1			0		other	0
SEE_14_64_FR	718	Picture	500+	19233185	0	1	5167	1	0	5000	other	0
SEE_14_64_FR	719	Picture	hi_P009	19238351	0	1	30166	1	0	30000	other	0
SEE_14_64_FR	720	Picture	+	19268684	0	1	20166	1	0	40160	other	0
SEE_14_64_FR	721	Picture	hi_F321	19288850	0	1	30166	1	0	30000	other	0
SEE_14_64_FR	722	Picture	+	19319183	0	1	20166	1	0	36660	other	0
SEE_14_64_FR	723	Picture	low_L049	19339349	0	1	30166	1	0	30000	other	0
SEE_14_64_FR	724	Picture	+	19369681	0	1	88664	1	0	next	other	0
SEE_14_64_FR	725	Sound	hi247a	19389682	0	1			0		other	0
SEE_14_64_FR	726	Picture	500+	19458346	0	1	5167	1	0	5000	other	0
SEE_14_64_FR	727	Picture	hi_A062	19463512	0	1	30166	1	0	30000	other	0
SEE_14_64_FR	728	Picture	+	19493678	0	1	57499	1	0	next	other	0
SEE_14_64_FR	729	Sound	hi247b	19493679	0	1			0		other	0
SEE_14_64_FR	730	Picture	500+	19551177	0	1	5167	1	0	5000	other	0
SEE_14_64_FR	731	Picture	low_L075	19556343	0	1	30166	1	0	30000	other	0
SEE_14_64_FR	732	Picture	+	19586676	0	1	20166	1	0	38210	other	0
SEE_14_64_FR	733	Picture	hi_A061	19606842	0	1	30166	1	0	30000	other	0
SEE_14_64_FR	734	Picture	+	19637174	0	1	20167	2	0	37630	other	0
SEE_14_64_FR	735	Picture	low_L146	19657341	0	1	30166	1	0	30000	other	0
SEE_14_64_FR	736	Picture	+	19687673	0	1	86665	1	0	next	other	0
SEE_14_64_FR	737	Sound	hi206a	19707674	0	1			0		other	0
SEE_14_64_FR	738	Picture	500+	19774338	0	1	5167	1	0	5000	other	0
SEE_14_64_FR	739	Picture	hi_A042	19779671	0	1	30166	1	0	30000	other	0
SEE_14_64_FR	740	Picture	+	19810004	0	1	57999	1	0	next	other	0
SEE_14_64_FR	741	Sound	hi206b	19810004	0	1			0		other	0
SEE_14_64_FR	742	Picture	500+	19868002	0	1	5167	1	0	5000	other	0
SEE_14_64_FR	743	Picture	low_P115	19873169	0	1	30166	1	0	30000	other	0
SEE_14_64_FR	744	Picture	+	19903501	0	1	20166	1	0	36540	other	0
SEE_14_64_FR	745	Picture	hi_P023	19923667	0	1	30166	1	0	30000	other	0
SEE_14_64_FR	746	Picture	+	19954000	0	1	20166	1	0	35110	other	0
SEE_14_64_FR	747	Picture	low_F224	19974166	0	1	30166	1	0	30000	other	0
SEE_14_64_FR	748	Picture	+	20004499	0	1	83165	1	0	next	other	0
SEE_14_64_FR	749	Sound	low048a	20024500	0	1			0		other	0
SEE_14_64_FR	750	Picture	500+	20087663	0	1	5167	1	0	5000	other	0
SEE_14_64_FR	751	Picture	low_A221	20092830	0	1	30166	1	0	30000	other	0
SEE_14_64_FR	752	Picture	+	20122996	0	1	57165	1	0	next	other	0
SEE_14_64_FR	753	Sound	low048b	20122996	0	1			0		other	0
SEE_14_64_FR	754	Picture	500+	20180161	0	1	5167	1	0	5000	other	0
SEE_14_64_FR	755	Picture	hi_P144	20185328	0	1	30166	1	0	30000	other	0
SEE_14_64_FR	756	Picture	+	20215660	0	1	20166	1	0	34440	other	0
SEE_14_64_FR	757	Picture	low_F042	20235826	0	1	30166	1	0	30000	other	0
SEE_14_64_FR	758	Picture	+	20266159	0	1	20166	1	0	39040	other	0
SEE_14_64_FR	759	Picture	hi_P032	20286325	0	1	30166	1	0	30000	other	0
SEE_14_64_FR	760	Picture	+	20316658	0	1	84831	1	0	next	other	0
SEE_14_64_FR	761	Sound	low079a	20336659	0	1			0		other	0
SEE_14_64_FR	762	Picture	500+	20401489	0	1	5167	1	0	5000	other	0
SEE_14_64_FR	763	Picture	hi_L177	20406655	0	1	30166	1	0	30000	other	0
SEE_14_64_FR	764	Picture	+	20436821	0	1	58665	1	0	next	other	0
SEE_14_64_FR	765	Sound	low079b	20436822	0	1			0		other	0
SEE_14_64_FR	766	Picture	500+	20495487	0	1	5167	1	0	5000	other	0
SEE_14_64_FR	767	Picture	low_A126	20500653	0	1	30166	1	0	30000	other	0
SEE_14_64_FR	768	Picture	+	20530986	0	1	20166	1	0	38120	other	0
SEE_14_64_FR	769	Picture	hi_P200	20551152	0	1	30166	1	0	30000	other	0
SEE_14_64_FR	770	Picture	+	20581484	0	1	20166	1	0	43930	other	0
SEE_14_64_FR	771	Picture	low_L151	20601650	0	1	30166	1	0	30000	other	0
SEE_14_64_FR	772	Picture	+	20631983	0	1	85831	1	0	next	other	0
SEE_14_64_FR	773	Sound	hi252a	20651984	0	1			0		other	0
SEE_14_64_FR	774	Picture	500+	20717814	0	1	5167	1	0	5000	other	0
SEE_14_64_FR	775	Picture	hi_A207	20723147	0	1	30166	1	0	30000	other	0
SEE_14_64_FR	776	Picture	+	20753313	0	1	67832	1	0	next	other	0
SEE_14_64_FR	777	Sound	hi252b	20753314	0	1			0		other	0
SEE_14_64_FR	778	Picture	500+	20821145	0	1	5167	1	0	5000	other	0
SEE_14_64_FR	779	Picture	low_L138	20826312	0	1	30166	1	0	30000	other	0
SEE_14_64_FR	780	Picture	+	20856644	0	1	20166	1	0	39310	other	0
SEE_14_64_FR	781	Picture	hi_P038	20876810	0	1	30166	1	0	30000	other	0
SEE_14_64_FR	782	Picture	+	20907143	0	1	20166	1	0	37490	other	0
SEE_14_64_FR	783	Picture	low_A219	20927309	0	1	30166	1	0	30000	other	0
SEE_14_64_FR	784	Picture	+	20957642	0	1	76831	1	0	next	other	0
SEE_14_64_FR	785	Sound	low057a	20977642	0	1			0		other	0
SEE_14_64_FR	786	Picture	500+	21034473	0	1	5167	1	0	5000	other	0
SEE_14_64_FR	787	Picture	low_L085	21039640	0	1	30166	1	0	30000	other	0
SEE_14_64_FR	788	Picture	+	21069972	0	1	58999	1	0	next	other	0
SEE_14_64_FR	789	Sound	low057b	21069973	0	1			0		other	0
SEE_14_64_FR	790	Picture	500+	21128971	0	1	5167	1	0	5000	other	0
SEE_14_64_FR	791	Picture	hi_P232	21134137	0	1	30166	1	0	30000	other	0
SEE_14_64_FR	792	Picture	+	21164470	0	1	20166	1	0	37700	other	0
SEE_14_64_FR	793	Picture	low_A169	21184636	0	1	30166	1	0	30000	other	0
SEE_14_64_FR	794	Picture	+	21214968	0	1	20166	1	0	38870	other	0
SEE_14_64_FR	795	Picture	hi_F367	21235135	0	1	30166	1	0	30000	other	0
SEE_14_64_FR	796	Picture	+	21265467	0	1	78665	1	0	next	other	0
SEE_14_64_FR	797	Sound	low276a	21285468	0	1			0		other	0
SEE_14_64_FR	798	Picture	500+	21344132	0	1	5167	1	0	5000	other	0
SEE_14_64_FR	799	Picture	hi_L002	21349298	0	1	30166	1	0	30000	other	0
SEE_14_64_FR	800	Picture	+	21379464	0	1	69498	1	0	next	other	0
SEE_14_64_FR	801	Sound	low276b	21379465	0	1			0		other	0
SEE_14_64_FR	802	Picture	500+	21448963	0	1	5167	1	0	5000	other	0
SEE_14_64_FR	803	Picture	low_L034	21454129	0	1	30166	1	0	30000	other	0
SEE_14_64_FR	804	Picture	+	21484462	0	1	20166	1	0	36820	other	0
SEE_14_64_FR	805	Picture	hi_P021	21504628	0	1	30166	1	0	30000	other	0
SEE_14_64_FR	806	Picture	+	21534961	0	1	20166	1	0	39860	other	0
SEE_14_64_FR	807	Picture	low_P168	21555127	0	1	30166	1	0	30000	other	0
SEE_14_64_FR	808	Picture	+	21585459	0	1	77831	1	0	next	other	0
SEE_14_64_FR	809	Sound	hi004a	21605460	0	1			0		other	0
SEE_14_64_FR	810	Picture	500+	21663291	0	1	5167	1	0	5000	other	0
SEE_14_64_FR	811	Picture	low_P116	21668457	0	1	30166	1	0	30000	other	0
SEE_14_64_FR	812	Picture	+	21698790	0	1	65165	1	0	next	other	0
SEE_14_64_FR	813	Sound	hi004b	21698790	0	1			0		other	0
SEE_14_64_FR	814	Picture	500+	21763955	0	1	5167	1	0	5000	other	0
SEE_14_64_FR	815	Picture	hi_P240	21769121	0	1	30166	1	0	30000	other	0
SEE_14_64_FR	816	Picture	+	21799454	0	1	20166	1	0	39400	other	0
SEE_14_64_FR	817	Picture	hi_P208	21819620	0	1	30166	1	0	30000	other	0
SEE_14_64_FR	818	Picture	+	21849953	0	1	20166	1	0	34000	other	0
SEE_14_64_FR	819	Picture	low_P152	21870119	0	1	30166	1	0	30000	other	0
SEE_14_64_FR	820	Picture	+	21900451	0	1	86498	1	0	next	other	0
SEE_14_64_FR	821	Sound	hi319a	21920452	0	1			0		other	0
SEE_14_64_FR	822	Picture	500+	21986949	0	1	5167	1	0	5000	other	0
SEE_14_64_FR	823	Picture	hi_O202	21992116	0	1	30166	1	0	30000	other	0
SEE_14_64_FR	824	Picture	+	22022448	0	1	63498	1	0	next	other	0
SEE_14_64_FR	825	Sound	hi319b	22022449	0	1			0		other	0
SEE_14_64_FR	826	Picture	500+	22085947	0	1	5167	1	0	5000	other	0
SEE_14_64_FR	827	Picture	low_A159	22091113	0	1	30166	1	0	30000	other	0
SEE_14_64_FR	828	Picture	+	22121446	0	1	20166	1	0	31880	other	0
SEE_14_64_FR	829	Picture	hi_F003	22141612	0	1	30166	1	0	30000	other	0
SEE_14_64_FR	830	Picture	+	22171945	0	1	20166	1	0	40320	other	0
SEE_14_64_FR	831	Picture	low_F324	22192111	0	1	30166	1	0	30000	other	0
SEE_14_64_FR	832	Picture	+	22222443	0	1	76665	1	0	next	other	0
SEE_14_64_FR	833	Sound	hi158a	22242444	0	1			0		other	0
SEE_14_64_FR	834	Picture	500+	22299108	0	1	5167	1	0	5000	other	0
SEE_14_64_FR	835	Picture	low_F067	22304275	0	1	30166	1	0	30000	other	0
SEE_14_64_FR	836	Picture	+	22334441	0	1	68665	1	0	next	other	0
SEE_14_64_FR	837	Sound	hi158b	22334441	0	1			0		other	0
SEE_14_64_FR	838	Picture	500+	22403105	0	1	5167	1	0	5000	other	0
SEE_14_64_FR	839	Picture	hi_P221	22408272	0	1	30166	1	0	30000	other	0
SEE_14_64_FR	840	Picture	+	22438605	0	1	20166	1	0	36960	other	0
SEE_14_64_FR	841	Picture	low_A146	22458771	0	1	30166	1	0	30000	other	0
SEE_14_64_FR	842	Picture	+	22489103	0	1	20166	1	0	42090	other	0
SEE_14_64_FR	843	Picture	hi_A071	22509270	0	1	30166	1	0	30000	other	0
SEE_14_64_FR	844	Picture	+	22539602	0	1	77331	1	0	next	other	0
SEE_14_64_FR	845	Sound	low042a	22559603	0	1			0		other	0
SEE_14_64_FR	846	Picture	500+	22616933	0	1	5167	1	0	5000	other	0
SEE_14_64_FR	847	Picture	hi_P033	22622267	0	1	30166	1	0	30000	other	0
SEE_14_64_FR	848	Picture	+	22652433	0	1	58832	1	0	next	other	0
SEE_14_64_FR	849	Sound	low042b	22652433	0	1			0		other	0
SEE_14_64_FR	850	Picture	500+	22711264	0	1	5167	1	0	5000	other	0
SEE_14_64_FR	851	Picture	low_P250	22716431	0	1	30166	1	0	30000	other	0
SEE_14_64_FR	852	Picture	+	22746764	0	1	20166	1	0	36490	other	0
SEE_14_64_FR	853	Picture	hi_F299	22766930	0	1	30166	1	0	30000	other	0
SEE_14_64_FR	854	Picture	+	22797262	0	1	20166	1	0	43870	other	0
SEE_14_64_FR	855	Picture	low_L050	22817429	0	1	30166	1	0	30000	other	0
SEE_14_64_FR	856	Picture	+	22847761	0	1	78831	1	0	next	other	0
SEE_14_64_FR	857	Sound	low280a	22867762	0	1			0		other	0
SEE_14_64_FR	858	Picture	500+	22926592	0	1	5167	1	0	5000	other	0
SEE_14_64_FR	859	Picture	hi_F164	22931759	0	1	30166	1	0	30000	other	0
SEE_14_64_FR	860	Picture	+	22961925	0	1	68832	1	0	next	other	0
SEE_14_64_FR	861	Sound	low280b	22961926	0	1			0		other	0
SEE_14_64_FR	862	Picture	500+	23030757	0	1	5167	1	0	5000	other	0
SEE_14_64_FR	863	Picture	low_P153	23035923	0	1	30166	1	0	30000	other	0
SEE_14_64_FR	864	Picture	+	23066256	0	1	20166	1	0	37070	other	0
SEE_14_64_FR	865	Picture	low_O326	23086422	0	1	30166	1	0	30000	other	0
SEE_14_64_FR	866	Picture	+	23116754	0	1	20166	1	0	38570	other	0
SEE_14_64_FR	867	Picture	hi_A013	23136921	0	1	30166	1	0	30000	other	0
SEE_14_64_FR	868	Picture	+	23167253	0	1	78498	1	0	next	other	0
SEE_14_64_FR	869	Sound	low085a	23187254	0	1			0		other	0
SEE_14_64_FR	870	Picture	500+	23245751	0	1	5167	1	0	5000	other	0
SEE_14_64_FR	871	Picture	hi_P230	23250918	0	1	30166	1	0	30000	other	0
SEE_14_64_FR	872	Picture	+	23281084	0	1	61832	1	0	next	other	0
SEE_14_64_FR	873	Sound	low085b	23281084	0	2			0		other	0
SEE_14_64_FR	874	Picture	500+	23342915	0	1	5167	1	0	5000	other	0
SEE_14_64_FR	875	Picture	low_A158	23348082	0	1	30166	1	0	30000	other	0
SEE_14_64_FR	876	Picture	+	23378414	0	1	20166	1	0	34950	other	0
SEE_14_64_FR	877	Picture	hi_A001	23398581	0	1	30166	1	0	30000	other	0
SEE_14_64_FR	878	Picture	+	23428913	0	1	20166	1	0	42170	other	0
SEE_14_64_FR	879	Picture	low_F124	23449079	0	1	30166	1	0	30000	other	0
SEE_14_64_FR	880	Picture	+	23479412	0	1	81831	1	0	next	other	0
SEE_14_64_FR	881	Sound	hi002a	23499413	0	1			0		other	0
SEE_14_64_FR	882	Picture	500+	23561243	0	1	5167	1	0	5000	other	0
SEE_14_64_FR	883	Picture	hi_P233	23566410	0	1	30166	1	0	30000	other	0
SEE_14_64_FR	884	Picture	+	23596576	0	1	68665	1	0	next	other	0
SEE_14_64_FR	885	Sound	hi002b	23596576	0	1			0		other	0
SEE_14_64_FR	886	Picture	500+	23665241	0	1	5167	1	0	5000	other	0
SEE_14_64_FR	887	Picture	low_L083	23670407	0	1	30166	1	0	30000	other	0
SEE_14_64_FR	888	Picture	+	23700740	0	1	20166	1	0	40920	other	0
SEE_14_64_FR	889	Picture	low_L009	23720906	0	1	30166	1	0	30000	other	0
SEE_14_64_FR	890	Picture	+	23751239	0	1	20166	1	0	37300	other	0
SEE_14_64_FR	891	Picture	hi_A039	23771405	0	1	30166	1	0	30000	other	0
SEE_14_64_FR	892	Picture	+	23801737	0	1	80665	1	0	next	other	0
SEE_14_64_FR	893	Sound	low030a	23821738	0	1			0		other	0
SEE_14_64_FR	894	Picture	500+	23882402	0	1	5167	1	0	5000	other	0
SEE_14_64_FR	895	Picture	low_A104	23887568	0	1	30166	1	0	30000	other	0
SEE_14_64_FR	896	Picture	+	23917734	0	1	62332	1	0	next	other	0
SEE_14_64_FR	897	Sound	low030b	23917735	0	1			0		other	0
SEE_14_64_FR	898	Picture	500+	23980066	0	1	5167	1	0	5000	other	0
SEE_14_64_FR	899	Picture	hi_F025	23985233	0	1	30166	1	0	30000	other	0
SEE_14_64_FR	900	Picture	+	24015565	0	1	20166	1	0	37390	other	0
SEE_14_64_FR	901	Picture	low_L102	24035731	0	1	30166	1	0	30000	other	0
SEE_14_64_FR	902	Picture	+	24066064	0	1	20166	1	0	37770	other	0
SEE_14_64_FR	903	Picture	hi_L005	24086230	0	1	30166	1	0	30000	other	0
SEE_14_64_FR	904	Picture	+	24116563	0	1	89831	1	0	next	other	0
SEE_14_64_FR	905	Sound	hi014a	24136564	0	1			0		other	0
SEE_14_64_FR	906	Picture	500+	24206394	0	1	5166	1	0	5000	other	0
SEE_14_64_FR	907	Picture	low_F089	24211727	0	1	30166	1	0	30000	other	0
SEE_14_64_FR	908	Picture	+	24241893	0	1	62832	1	0	next	other	0
SEE_14_64_FR	909	Sound	hi014b	24241894	0	1			0		other	0
SEE_14_64_FR	910	Picture	500+	24304725	0	1	5167	1	0	5000	other	0
SEE_14_64_FR	911	Picture	hi_P143	24309891	0	1	30166	1	0	30000	other	0
SEE_14_64_FR	912	Picture	+	24340224	0	1	20166	1	0	30880	other	0
SEE_14_64_FR	913	Picture	low_P110	24360390	0	1	30166	1	0	30000	other	0
SEE_14_64_FR	914	Picture	+	24390723	0	1	20166	1	0	34490	other	0
SEE_14_64_FR	915	Picture	hi_F159	24410889	0	1	30166	1	0	30000	other	0
SEE_14_64_FR	916	Picture	+	24441221	0	1	76331	1	0	next	other	0
SEE_14_64_FR	917	Sound	low282a	24461222	0	1			0		other	0
SEE_14_64_FR	918	Picture	500+	24517553	0	1	5167	1	0	5000	other	0
SEE_14_64_FR	919	Picture	hi_O022	24522719	0	1	30166	1	0	30000	other	0
SEE_14_64_FR	920	Picture	+	24552885	0	1	63165	1	0	next	other	0
SEE_14_64_FR	921	Sound	low282b	24552886	0	1			0		other	0
SEE_14_64_FR	922	Picture	500+	24616050	0	1	5167	1	0	5000	other	0
SEE_14_64_FR	923	Picture	low_L126	24621383	0	1	30166	1	0	30000	other	0
SEE_14_64_FR	924	Picture	+	24651716	0	1	20166	1	0	41960	other	0
SEE_14_64_FR	925	Picture	hi_A020	24671882	0	1	30166	1	0	30000	other	0
SEE_14_64_FR	926	Picture	+	24702215	0	1	20166	1	0	41490	other	0
SEE_14_64_FR	927	Picture	low_O192	24722381	0	1	30166	1	0	30000	other	0
SEE_14_64_FR	928	Picture	+	24752714	0	1	82498	1	0	next	other	0
SEE_14_64_FR	929	Sound	hi103a	24772714	0	1			0		other	0
SEE_14_64_FR	930	Picture	500+	24835212	0	1	5167	1	0	5000	other	0
SEE_14_64_FR	931	Picture	low_L089	24840378	0	1	30166	1	0	30000	other	0
SEE_14_64_FR	932	Picture	+	24870711	0	1	57832	1	0	next	other	0
SEE_14_64_FR	933	Sound	hi103b	24870711	0	1			0		other	0
SEE_14_64_FR	934	Picture	500+	24928543	0	1	5167	1	0	5000	other	0
SEE_14_64_FR	935	Picture	hi_A078	24933709	0	1	30166	1	0	30000	other	0
SEE_14_64_FR	936	Picture	+	24964042	0	1	20166	1	0	42200	other	0
SEE_14_64_FR	937	Picture	hi_L007	24984208	0	1	30166	1	0	30000	other	0
SEE_14_64_FR	938	Picture	+	25014540	0	1	20166	1	0	41040	other	0
SEE_14_64_FR	939	Picture	low_A157	25034706	0	1	30166	1	0	30000	other	0
SEE_14_64_FR	940	Picture	+	25065039	0	1	80665	1	0	next	other	0
SEE_14_64_FR	941	Sound	hi251a	25085040	0	1			0		other	0
SEE_14_64_FR	942	Picture	500+	25145704	0	1	5166	1	0	5000	other	0
SEE_14_64_FR	943	Picture	low_L130	25150870	0	1	30166	1	0	30000	other	0
SEE_14_64_FR	944	Picture	+	25181036	0	1	61832	1	0	next	other	0
SEE_14_64_FR	945	Sound	hi251b	25181037	0	1			0		other	0
SEE_14_64_FR	946	Picture	500+	25242868	0	1	5167	1	0	5000	other	0
SEE_14_64_FR	947	Picture	hi_O149	25248035	0	1	30166	1	0	30000	other	0
SEE_14_64_FR	948	Picture	+	25278367	0	1	20166	1	0	30650	other	0
SEE_14_64_FR	949	Picture	low_L172	25298533	0	1	30166	1	0	30000	other	0
SEE_14_64_FR	950	Picture	+	25328866	0	1	20166	1	0	32940	other	0
SEE_14_64_FR	951	Picture	hi_O132	25349032	0	1	30166	1	0	30000	other	0
SEE_14_64_FR	952	Picture	+	25379365	0	1	85998	1	0	next	other	0
SEE_14_64_FR	953	Sound	low344a	25399365	0	1			0		other	0
SEE_14_64_FR	954	Picture	500+	25465362	0	1	5167	1	0	5000	other	0
SEE_14_64_FR	955	Picture	hi_A024	25470529	0	1	30166	1	0	30000	other	0
SEE_14_64_FR	956	Picture	+	25500695	0	1	55665	1	0	next	other	0
SEE_14_64_FR	957	Sound	low344b	25500696	0	1			0		other	0
SEE_14_64_FR	958	Picture	500+	25556360	0	1	5167	1	0	5000	other	0
SEE_14_64_FR	959	Picture	low_F087	25561527	0	1	30166	1	0	30000	other	0
SEE_14_64_FR	960	Picture	+	25591859	0	1	20166	1	0	35420	other	0
SEE_14_64_FR	961	Picture	low_O190	25612025	0	1	30166	1	0	30000	other	0
SEE_14_64_FR	962	Picture	+	25642358	0	1	20166	1	0	42100	other	0
SEE_14_64_FR	963	Picture	hi_A074	25662524	0	1	30166	1	0	30000	other	0
SEE_14_64_FR	964	Picture	+	25692857	0	1	76665	1	0	next	other	0
SEE_14_64_FR	965	Sound	low341a	25712858	0	1			0		other	0
SEE_14_64_FR	966	Picture	500+	25769521	0	1	5167	1	0	5000	other	0
SEE_14_64_FR	967	Picture	hi_P008	25774688	0	1	30166	1	0	30000	other	0
SEE_14_64_FR	968	Picture	+	25805021	0	1	61998	1	0	next	other	0
SEE_14_64_FR	969	Sound	low341b	25805021	0	1			0		other	0
SEE_14_64_FR	970	Picture	500+	25867019	0	1	5167	1	0	5000	other	0
SEE_14_64_FR	971	Picture	low_F121	25872186	0	1	30166	1	0	30000	other	0
SEE_14_64_FR	972	Picture	+	25902518	0	1	20166	1	0	39050	other	0
SEE_14_64_FR	973	Picture	hi_O105	25922684	0	1	30166	1	0	30000	other	0
SEE_14_64_FR	974	Picture	+	25953017	0	1	20166	1	0	40890	other	0
SEE_14_64_FR	975	Picture	low_L054	25973183	0	1	30166	1	0	30000	other	0
SEE_14_64_FR	976	Picture	+	26003516	0	1	75831	1	0	next	other	0
SEE_14_64_FR	977	Sound	hi214a	26023516	0	1			0		other	0
SEE_14_64_FR	978	Picture	500+	26079347	0	1	5167	1	0	5000	other	0
SEE_14_64_FR	979	Picture	hi_F007	26084514	0	1	30166	1	0	30000	other	0
SEE_14_64_FR	980	Picture	+	26114680	0	1	68998	1	0	next	other	0
SEE_14_64_FR	981	Sound	hi214b	26114680	0	1			0		other	0
SEE_14_64_FR	982	Picture	500+	26183678	0	1	5167	1	0	5000	other	0
SEE_14_64_FR	983	Picture	low_O099	26188844	0	1	30166	1	0	30000	other	0
SEE_14_64_FR	984	Picture	+	26219177	0	1	20166	1	0	42440	other	0
SEE_14_64_FR	985	Picture	hi_F287	26239343	0	1	30166	1	0	30000	other	0
SEE_14_64_FR	986	Picture	+	26269676	0	1	20166	1	0	31960	other	0
SEE_14_64_FR	987	Picture	low_F079	26289842	0	1	30166	1	0	30000	other	0
SEE_14_64_FR	988	Picture	+	26320174	0	1	79998	1	0	next	other	0
SEE_14_64_FR	989	Sound	hi003a	26340175	0	1			0		other	0
SEE_14_64_FR	990	Picture	500+	26400172	0	1	5167	1	0	5000	other	0
SEE_14_64_FR	991	Picture	low_L174	26405339	0	1	30166	1	0	30000	other	0
SEE_14_64_FR	992	Picture	+	26435505	0	1	62665	1	0	next	other	0
SEE_14_64_FR	993	Sound	hi003b	26435506	0	1			0		other	0
SEE_14_64_FR	994	Picture	500+	26498170	0	1	5167	1	0	5000	other	0
SEE_14_64_FR	995	Picture	hi_F034	26503337	0	1	30166	1	0	30000	other	0
SEE_14_64_FR	996	Picture	+	26533669	0	1	20166	1	0	37700	other	0
SEE_14_64_FR	997	Picture	hi_A011	26553835	0	1	30166	1	0	30000	other	0
SEE_14_64_FR	998	Picture	+	26584168	0	1	20166	1	0	31200	other	0
SEE_14_64_FR	999	Picture	low_L119	26604334	0	1	30166	1	0	30000	other	0
SEE_14_64_FR	1000	Picture	+	26634667	0	1	83831	1	0	next	other	0
SEE_14_64_FR	1001	Sound	low278a	26654667	0	1			0		other	0
SEE_14_64_FR	1002	Picture	500+	26718498	0	1	5167	1	0	5000	other	0
SEE_14_64_FR	1003	Picture	hi_P001	26723664	0	1	30166	1	0	30000	other	0
SEE_14_64_FR	1004	Picture	+	26753830	0	1	65165	1	0	next	other	0
SEE_14_64_FR	1005	Sound	low278b	26753831	0	2			0		other	0
SEE_14_64_FR	1006	Picture	500+	26818995	0	1	5167	1	0	5000	other	0
SEE_14_64_FR	1007	Picture	low_A139	26824162	0	1	30166	1	0	30000	other	0
SEE_14_64_FR	1008	Picture	+	26854494	0	1	20166	1	0	42470	other	0
SEE_14_64_FR	1009	Picture	low_P176	26874661	0	1	30166	1	0	30000	other	0
SEE_14_64_FR	1010	Picture	+	26904993	0	1	20166	1	0	36930	other	0
SEE_14_64_FR	1011	Picture	hi_P040	26925159	0	1	30166	1	0	30000	other	0
SEE_14_64_FR	1012	Picture	+	26955492	0	1	80998	1	0	next	other	0
SEE_14_64_FR	1013	Sound	hi217a	26975493	0	1			0		other	0
SEE_14_64_FR	1014	Picture	500+	27036490	0	1	5167	1	0	5000	other	0
SEE_14_64_FR	1015	Picture	low_L021	27041656	0	1	30166	1	0	30000	other	0
SEE_14_64_FR	1016	Picture	+	27071822	0	1	66332	1	0	next	other	0
SEE_14_64_FR	1017	Sound	hi217b	27071823	0	1			0		other	0
SEE_14_64_FR	1018	Picture	500+	27138154	0	1	5167	1	0	5000	other	0
SEE_14_64_FR	1019	Picture	hi_A069	27143487	0	1	30166	1	0	30000	other	0
SEE_14_64_FR	1020	Picture	+	27173820	0	1	20166	1	0	36210	other	0
SEE_14_64_FR	1021	Picture	hi_P223	27193986	0	1	30166	1	0	30000	other	0
SEE_14_64_FR	1022	Picture	+	27224319	0	1	20166	1	0	31130	other	0
SEE_14_64_FR	1023	Picture	low_P044	27244485	0	1	30166	1	0	30000	other	0
SEE_14_64_FR	1024	Picture	+	27274817	0	1	84998	1	0	next	other	0
SEE_14_64_FR	1025	Sound	low044a	27294818	0	1			0		other	0
SEE_14_64_FR	1026	Picture	500+	27359815	0	1	5167	1	0	5000	other	0
SEE_14_64_FR	1027	Picture	low_P113	27364982	0	1	30166	1	0	30000	other	0
SEE_14_64_FR	1028	Picture	+	27395148	0	1	63832	1	0	next	other	0
SEE_14_64_FR	1029	Sound	low044b	27395148	0	2			0		other	0
SEE_14_64_FR	1030	Picture	500+	27458979	0	1	5167	1	0	5000	other	0
SEE_14_64_FR	1031	Picture	hi_A060	27464146	0	1	30166	1	0	30000	other	0
SEE_14_64_FR	1032	Picture	+	27494478	0	1	20166	1	0	31530	other	0
SEE_14_64_FR	1033	Picture	low_P064	27514645	0	1	30166	1	0	30000	other	0
SEE_14_64_FR	1034	Picture	+	27544977	0	1	20166	1	0	30850	other	0
SEE_14_64_FR	1035	Picture	hi_P147	27565143	0	1	30166	1	0	30000	other	0
SEE_14_64_FR	1036	Picture	+	27595476	0	1	88998	1	0	next	other	0
SEE_14_64_FR	1037	Sound	low034a	27615477	0	1			0		other	0
SEE_14_64_FR	1038	Picture	500+	27684474	0	1	5167	1	0	5000	other	0
SEE_14_64_FR	1039	Picture	hi_P058	27689640	0	1	30166	1	0	30000	other	0
SEE_14_64_FR	1040	Picture	+	27719806	0	1	59999	1	0	next	other	0
SEE_14_64_FR	1041	Sound	low034b	27719807	0	1			0		other	0
SEE_14_64_FR	1042	Picture	500+	27779805	0	1	5167	1	0	5000	other	0
SEE_14_64_FR	1043	Picture	low_L141	27784971	0	1	30166	1	0	30000	other	0
SEE_14_64_FR	1044	Picture	+	27815304	0	1	20166	1	0	42570	other	0
SEE_14_64_FR	1045	Picture	low_F098	27835470	0	1	30166	1	0	30000	other	0
SEE_14_64_FR	1046	Picture	+	27865803	0	1	20166	1	0	38640	other	0
SEE_14_64_FR	1047	Picture	hi_F283	27885969	0	1	30166	1	0	30000	other	0
SEE_14_64_FR	1048	Picture	+	27916301	0	1	78331	1	0	next	other	0
SEE_14_64_FR	1049	Sound	low024a	27936302	0	1			0		other	0
SEE_14_64_FR	1050	Picture	500+	27994633	0	1	5167	1	0	5000	other	0
SEE_14_64_FR	1051	Picture	low_P112	27999799	0	1	30166	1	0	30000	other	0
SEE_14_64_FR	1052	Picture	+	28029965	0	1	58332	1	0	next	other	0
SEE_14_64_FR	1053	Sound	low024b	28029966	0	1			0		other	0
SEE_14_64_FR	1054	Picture	500+	28088297	0	1	5167	1	0	5000	other	0
SEE_14_64_FR	1055	Picture	hi_F170	28093464	0	1	30166	1	0	30000	other	0
SEE_14_64_FR	1056	Picture	+	28123796	0	1	20166	1	0	30590	other	0
SEE_14_64_FR	1057	Picture	low_A095	28143962	0	1	30166	1	0	30000	other	0
SEE_14_64_FR	1058	Picture	+	28174295	0	1	20166	1	0	38450	other	0
SEE_14_64_FR	1059	Picture	hi_O328	28194461	0	1	30166	1	0	30000	other	0
SEE_14_64_FR	1060	Picture	+	28224794	0	1	75831	1	0	next	other	0
SEE_14_64_FR	1061	Sound	low088a	28244794	0	1			0		other	0
SEE_14_64_FR	1062	Picture	500+	28300625	0	1	5167	1	0	5000	other	0
SEE_14_64_FR	1063	Picture	hi_A027	28305792	0	1	30166	1	0	30000	other	0
SEE_14_64_FR	1064	Picture	+	28335958	0	1	69498	1	0	next	other	0
SEE_14_64_FR	1065	Sound	low088b	28335958	0	1			0		other	0
SEE_14_64_FR	1066	Picture	500+	28405456	0	1	5167	1	0	5000	other	0
SEE_14_64_FR	1067	Picture	low_A100	28410622	0	1	30166	1	0	30000	other	0
SEE_14_64_FR	1068	Picture	+	28440955	0	1	20166	1	0	35040	other	0
SEE_14_64_FR	1069	Picture	low_L161	28461121	0	1	30166	1	0	30000	other	0
SEE_14_64_FR	1070	Picture	+	28491454	0	1	20166	1	0	37480	other	0
SEE_14_64_FR	1071	Picture	hi_A025	28511620	0	1	30166	1	0	30000	other	0
SEE_14_64_FR	1072	Picture	+	28541952	0	1	75665	1	0	next	other	0
SEE_14_64_FR	1073	Sound	hi010a	28561953	0	2			0		other	0
SEE_14_64_FR	1074	Picture	500+	28617617	0	1	5167	1	0	5000	other	0
SEE_14_64_FR	1075	Picture	low_F244	28622950	0	1	30166	1	0	30000	other	0
SEE_14_64_FR	1076	Picture	+	28653116	0	1	65498	1	0	next	other	0
SEE_14_64_FR	1077	Sound	hi010b	28653117	0	1			0		other	0
SEE_14_64_FR	1078	Picture	500+	28718615	0	1	5167	1	0	5000	other	0
SEE_14_64_FR	1079	Picture	hi_P132	28723781	0	1	30166	1	0	30000	other	0
SEE_14_64_FR	1080	Picture	+	28754114	0	1	20166	1	0	40280	other	0
SEE_14_64_FR	1081	Picture	low_A217	28774280	0	1	30166	1	0	30000	other	0
SEE_14_64_FR	1082	Picture	+	28804612	0	1	20166	1	0	36140	other	0
SEE_14_64_FR	1083	Picture	hi_F009	28824779	0	1	30166	1	0	30000	other	0
SEE_14_64_FR	1084	Picture	+	28855111	0	1	76831	1	0	next	other	0
SEE_14_64_FR	1085	Sound	hi245a	28875112	0	1			0		other	0
SEE_14_64_FR	1086	Picture	500+	28931943	0	1	5167	1	0	5000	other	0
SEE_14_64_FR	1087	Picture	low_L169	28937109	0	1	30166	1	0	30000	other	0
SEE_14_64_FR	1088	Picture	+	28967275	0	1	69498	1	0	next	other	0
SEE_14_64_FR	1089	Sound	hi245b	28967276	0	1			0		other	0
SEE_14_64_FR	1090	Picture	500+	29036773	0	1	5167	1	0	5000	other	0
SEE_14_64_FR	1091	Picture	hi_F370	29041940	0	1	30166	1	0	30000	other	0
SEE_14_64_FR	1092	Picture	+	29072272	0	1	20166	1	0	34700	other	0
SEE_14_64_FR	1093	Picture	hi_P228	29092439	0	1	30166	1	0	30000	other	0
SEE_14_64_FR	1094	Picture	+	29122771	0	1	20166	1	0	38460	other	0
SEE_14_64_FR	1095	Picture	low_L176	29142937	0	1	30166	1	0	30000	other	0
SEE_14_64_FR	1096	Picture	+	29173270	0	1	78165	1	0	next	other	0
SEE_14_64_FR	1097	Sound	low032a	29193271	0	1			0		other	0
SEE_14_64_FR	1098	Picture	500+	29251435	0	1	5167	1	0	5000	other	0
SEE_14_64_FR	1099	Picture	hi_O283	29256601	0	1	30166	1	0	30000	other	0
SEE_14_64_FR	1100	Picture	+	29286767	0	1	57165	1	0	next	other	0
SEE_14_64_FR	1101	Sound	low032b	29286768	0	1			0		other	0
SEE_14_64_FR	1102	Picture	500+	29343932	0	1	5167	1	0	5000	other	0
SEE_14_64_FR	1103	Picture	low_L134	29349266	0	1	30166	1	0	30000	other	0
SEE_14_64_FR	1104	Picture	+	29379598	0	1	20166	1	0	36250	other	0
SEE_14_64_FR	1105	Picture	hi_F010	29399764	0	1	30166	1	0	30000	other	0
SEE_14_64_FR	1106	Picture	+	29430097	0	1	20166	1	0	44750	other	0
SEE_14_64_FR	1107	Picture	low_L164	29450263	0	1	30166	1	0	30000	other	0
SEE_14_64_FR	1108	Picture	+	29480596	0	1	87831	1	0	next	other	0
SEE_14_64_FR	1109	Sound	hi250a	29500596	0	1			0		other	0
SEE_14_64_FR	1110	Picture	500+	29568427	0	1	5166	1	0	5000	other	0
SEE_14_64_FR	1111	Picture	hi_F270	29573593	0	1	30166	1	0	30000	other	0
SEE_14_64_FR	1112	Picture	+	29603759	0	1	60665	1	0	next	other	0
SEE_14_64_FR	1113	Sound	hi250b	29603760	0	1			0		other	0
SEE_14_64_FR	1114	Picture	500+	29664424	0	1	5166	1	0	5000	other	0
SEE_14_64_FR	1115	Picture	low_L046	29669758	0	1	30166	1	0	30000	other	0
SEE_14_64_FR	1116	Picture	+	29700090	0	1	20166	1	0	35720	other	0
SEE_14_64_FR	1117	Picture	hi_A032	29720256	0	1	30166	1	0	30000	other	0
SEE_14_64_FR	1118	Picture	+	29750553	0	41	20035	41	0	42520	other	0
SEE_14_64_FR	1119	Picture	low_A097	29770588	0	1	30166	1	0	30000	other	0
SEE_14_64_FR	1120	Picture	+	29800921	0	1	75831	1	0	next	other	0
SEE_14_64_FR	1121	Sound	hi249a	29820922	0	1			0		other	0
SEE_14_64_FR	1122	Picture	500+	29876752	0	1	5167	1	0	5000	other	0
SEE_14_64_FR	1123	Picture	low_P104	29881919	0	1	30166	1	0	30000	other	0
SEE_14_64_FR	1124	Picture	+	29912085	0	1	59665	1	0	next	other	0
SEE_14_64_FR	1125	Sound	hi249b	29912085	0	1			0		other	0
SEE_14_64_FR	1126	Picture	500+	29971750	0	1	5167	1	0	5000	other	0
SEE_14_64_FR	1127	Picture	hi_P071	29976916	0	1	30166	1	0	30000	other	0
SEE_14_64_FR	1128	Picture	+	30007249	0	1	20166	1	0	30750	other	0
SEE_14_64_FR	1129	Picture	hi_P005	30027415	0	1	30166	1	0	30000	other	0
SEE_14_64_FR	1130	Picture	+	30057748	0	1	20166	1	0	38570	other	0
SEE_14_64_FR	1131	Picture	low_L071	30077914	0	1	30166	1	0	30000	other	0
SEE_14_64_FR	1132	Picture	+	30108246	0	1	77998	1	0	next	other	0
SEE_14_64_FR	1133	Sound	hi128a	30128247	0	1			0		other	0
SEE_14_64_FR	1134	Picture	500+	30186245	0	1	5167	1	0	5000	other	0
SEE_14_64_FR	1135	Picture	hi_P243	30191578	0	1	30166	1	0	30000	other	0
SEE_14_64_FR	1136	Picture	+	30221744	0	1	58999	1	0	next	other	0
SEE_14_64_FR	1137	Sound	hi128b	30221744	0	1			0		other	0
SEE_14_64_FR	1138	Picture	500+	30280742	0	1	5167	1	0	5000	other	0
SEE_14_64_FR	1139	Picture	low_P109	30286076	0	1	30166	1	0	30000	other	0
SEE_14_64_FR	1140	Picture	+	30316408	0	1	20166	1	0	44130	other	0
SEE_14_64_FR	1141	Picture	hi_F277	30336574	0	1	30166	1	0	30000	other	0
SEE_14_64_FR	1142	Picture	+	30366907	0	1	20166	1	0	39060	other	0
SEE_14_64_FR	1143	Picture	low_P169	30387073	0	1	30166	1	0	30000	other	0
SEE_14_64_FR	1144	Picture	+	30417406	0	1	80331	1	0	next	other	0
SEE_14_64_FR	1145	Sound	hi242a	30437406	0	1			0		other	0
SEE_14_64_FR	1146	Picture	500+	30497737	0	1	5166	1	0	5000	other	0
SEE_14_64_FR	1147	Picture	hi_A063	30502903	0	1	30166	1	0	30000	other	0
SEE_14_64_FR	1148	Picture	+	30533236	0	1	69665	1	0	next	other	0
SEE_14_64_FR	1149	Sound	hi242b	30533237	0	1			0		other	0
SEE_14_64_FR	1150	Picture	500+	30602901	0	1	5167	1	0	5000	other	0
SEE_14_64_FR	1151	Picture	low_A113	30608067	0	1	30166	1	0	30000	other	0
SEE_14_64_FR	1152	Picture	+	30638400	0	1	20166	1	0	44380	other	0
SEE_14_64_FR	1153	Picture	low_A201	30658566	0	1	30166	1	0	30000	other	0
SEE_14_64_FR	1154	Picture	+	30688899	0	1	20166	1	0	37960	other	0
SEE_14_64_FR	1155	Picture	hi_P234	30709065	0	1	30166	1	0	30000	other	0
SEE_14_64_FR	1156	Picture	+	30739397	0	1	83831	1	0	next	other	0
SEE_14_64_FR	1157	Sound	hi243a	30759398	0	1			0		other	0
SEE_14_64_FR	1158	Picture	500+	30823229	0	1	5167	1	0	5000	other	0
SEE_14_64_FR	1159	Picture	low_A188	30828395	0	1	30166	1	0	30000	other	0
SEE_14_64_FR	1160	Picture	+	30858561	0	1	59165	1	0	next	other	0
SEE_14_64_FR	1161	Sound	hi243b	30858562	0	1			0		other	0
SEE_14_64_FR	1162	Picture	500+	30917726	0	1	5167	1	0	5000	other	0
SEE_14_64_FR	1163	Picture	hi_L022	30922893	0	1	30166	1	0	30000	other	0
SEE_14_64_FR	1164	Picture	+	30953226	0	1	20166	1	0	36050	other	0
SEE_14_64_FR	1165	Picture	hi_A018	30973392	0	1	30166	1	0	30000	other	0
SEE_14_64_FR	1166	Picture	+	31003724	0	1	20166	1	0	33200	other	0
SEE_14_64_FR	1167	Picture	low_L125	31023890	0	1	30166	1	0	30000	other	0
SEE_14_64_FR	1168	Picture	+	31054223	0	1	81998	1	0	next	other	0
SEE_14_64_FR	1169	Sound	hi127a	31074224	0	1			0		other	0
SEE_14_64_FR	1170	Picture	500+	31136221	0	1	5167	1	0	5000	other	0
SEE_14_64_FR	1171	Picture	low_L098	31141387	0	1	30166	1	0	30000	other	0
SEE_14_64_FR	1172	Picture	+	31171553	0	1	63332	1	0	next	other	0
SEE_14_64_FR	1173	Sound	hi127b	31171554	0	1			0		other	0
SEE_14_64_FR	1174	Picture	500+	31234885	0	1	5167	1	0	5000	other	0
SEE_14_64_FR	1175	Picture	hi_F174	31240052	0	1	30166	1	0	30000	other	0
SEE_14_64_FR	1176	Picture	+	31270384	0	1	20166	1	0	31840	other	0
SEE_14_64_FR	1177	Picture	low_L109	31290550	0	1	30166	1	0	30000	other	0
SEE_14_64_FR	1178	Picture	+	31320883	0	1	20166	1	0	30790	other	0
SEE_14_64_FR	1179	Picture	hi_A075	31341049	0	1	30166	1	0	30000	other	0
SEE_14_64_FR	1180	Picture	+	31371382	0	1	81998	1	0	next	other	0
SEE_14_64_FR	1181	Sound	low036a	31391382	0	1			0		other	0
SEE_14_64_FR	1182	Picture	500+	31453380	0	1	5167	1	0	5000	other	0
SEE_14_64_FR	1183	Picture	hi_F280	31458546	0	1	30166	1	0	30000	other	0
SEE_14_64_FR	1184	Picture	+	31488879	0	1	59998	1	0	next	other	0
SEE_14_64_FR	1185	Sound	low036b	31488879	0	1			0		other	0
SEE_14_64_FR	1186	Picture	500+	31548877	0	1	5167	1	0	5000	other	0
SEE_14_64_FR	1187	Picture	low_F047	31554210	0	1	30166	1	0	30000	other	0
SEE_14_64_FR	1188	Picture	+	31584543	0	1	20166	1	0	44360	other	0
SEE_14_64_FR	1189	Picture	hi_P016	31604709	0	1	30166	1	0	30000	other	0
SEE_14_64_FR	1190	Picture	+	31635042	0	1	20166	1	0	41030	other	0
SEE_14_64_FR	1191	Picture	low_A182	31655208	0	1	30166	1	0	30000	other	0
SEE_14_64_FR	1192	Picture	+	31685541	0	1	82998	1	0	next	other	0
SEE_14_64_FR	1193	Sound	low084a	31705541	0	2			0		other	0
SEE_14_64_FR	1194	Picture	500+	31768538	0	1	5167	1	0	5000	other	0
SEE_14_64_FR	1195	Picture	hi_A048	31773705	0	1	30166	1	0	30000	other	0
SEE_14_64_FR	1196	Picture	+	31803871	0	1	66498	1	0	next	other	0
SEE_14_64_FR	1197	Sound	low084b	31803872	0	1			0		other	0
SEE_14_64_FR	1198	Picture	500+	31870369	0	1	5167	1	0	5000	other	0
SEE_14_64_FR	1199	Picture	low_L153	31875536	0	1	30166	1	0	30000	other	0
SEE_14_64_FR	1200	Picture	+	31905868	0	1	20166	1	0	35980	other	0
SEE_14_64_FR	1201	Picture	hi_P028	31926035	0	1	30166	1	0	30000	other	0
SEE_14_64_FR	1202	Picture	+	31956367	0	1	20166	1	0	44080	other	0
SEE_14_64_FR	1203	Picture	low_A114	31976533	0	1	30166	1	0	30000	other	0
SEE_14_64_FR	1204	Picture	+	32006866	0	1	20166	1	0	next	other	0
