Scenario - 
Logfile written - 04/13/2016 10:31:07

Subject	Trial	Event Type	Code	Time	TTime	Uncertainty	Duration	Uncertainty	ReqTime	ReqDur	Stim Type	Pair Index

SEE_18_64_MR	1	Response	0	404189	404039	1
SEE_18_64_MR	4	Picture	+	444489	0	1	67998	1	0	next	other	0
SEE_18_64_MR	5	Sound	hi326a	444490	0	1			0		other	0
SEE_18_64_MR	6	Picture	500+	512487	0	1	5167	1	0	5000	other	0
SEE_18_64_MR	7	Picture	low_O043	517653	0	1	30166	1	0	30000	other	0
SEE_18_64_MR	8	Picture	+	547819	0	1	56999	1	0	next	other	0
SEE_18_64_MR	9	Sound	hi326b	547820	0	1			0		other	0
SEE_18_64_MR	10	Picture	500+	604818	0	1	5167	1	0	5000	other	0
SEE_18_64_MR	11	Picture	hi_A012	609984	0	1	30166	1	0	30000	other	0
SEE_18_64_MR	12	Picture	+	640317	0	1	20166	1	0	43600	other	0
SEE_18_64_MR	13	Picture	hi_O132	660483	0	1	30166	1	0	30000	other	0
SEE_18_64_MR	14	Picture	+	690816	0	1	20166	1	0	43620	other	0
SEE_18_64_MR	15	Picture	low_L166	710982	0	1	30166	1	0	30000	other	0
SEE_18_64_MR	16	Picture	+	741314	0	1	89498	1	0	next	other	0
SEE_18_64_MR	17	Sound	hi154a	761315	0	1			0		other	0
SEE_18_64_MR	18	Picture	500+	830812	0	1	5167	1	0	5000	other	0
SEE_18_64_MR	19	Picture	hi_F283	835979	0	1	30166	1	0	30000	other	0
SEE_18_64_MR	20	Picture	+	866145	0	1	64332	1	0	next	other	0
SEE_18_64_MR	21	Sound	hi154b	866145	0	1			0		other	0
SEE_18_64_MR	22	Picture	500+	930476	0	1	5167	1	0	5000	other	0
SEE_18_64_MR	23	Picture	low_P186	935643	0	1	30166	1	0	30000	other	0
SEE_18_64_MR	24	Picture	+	965975	0	1	20166	1	0	32660	other	0
SEE_18_64_MR	25	Picture	hi_P208	986142	0	1	30166	1	0	30000	other	0
SEE_18_64_MR	26	Picture	+	1016474	0	1	20166	1	0	40840	other	0
SEE_18_64_MR	27	Picture	low_L051	1036640	0	1	30166	1	0	30000	other	0
SEE_18_64_MR	28	Picture	+	1066973	0	1	85331	1	0	next	other	0
SEE_18_64_MR	29	Sound	hi011a	1086974	0	1			0		other	0
SEE_18_64_MR	30	Picture	500+	1152304	0	1	5167	1	0	5000	other	0
SEE_18_64_MR	31	Picture	low_L090	1157637	0	1	30166	1	0	30000	other	0
SEE_18_64_MR	32	Picture	+	1187803	0	1	65165	1	0	next	other	0
SEE_18_64_MR	33	Sound	hi011b	1187804	0	1			0		other	0
SEE_18_64_MR	34	Picture	500+	1252968	0	1	5167	1	0	5000	other	0
SEE_18_64_MR	35	Picture	hi_F158	1258135	0	1	30166	1	0	30000	other	0
SEE_18_64_MR	36	Picture	+	1288467	0	1	20166	1	0	35470	other	0
SEE_18_64_MR	37	Picture	low_F111	1308633	0	1	30166	1	0	30000	other	0
SEE_18_64_MR	38	Picture	+	1338966	0	1	20166	1	0	35840	other	0
SEE_18_64_MR	39	Picture	hi_F007	1359132	0	1	30166	1	0	30000	other	0
SEE_18_64_MR	40	Picture	+	1389465	0	1	83998	1	0	next	other	0
SEE_18_64_MR	41	Sound	low049a	1409466	0	1			0		other	0
SEE_18_64_MR	42	Picture	500+	1473463	0	1	5167	1	0	5000	other	0
SEE_18_64_MR	43	Picture	hi_P005	1478796	0	1	30166	1	0	30000	other	0
SEE_18_64_MR	44	Picture	+	1508962	0	1	61832	1	0	next	other	0
SEE_18_64_MR	45	Sound	low049b	1508962	0	1			0		other	0
SEE_18_64_MR	46	Picture	500+	1570793	0	1	5167	1	0	5000	other	0
SEE_18_64_MR	47	Picture	low_F130	1575960	0	1	30166	1	0	30000	other	0
SEE_18_64_MR	48	Picture	+	1606293	0	1	20166	1	0	38160	other	0
SEE_18_64_MR	49	Picture	hi_P206	1626459	0	1	30166	1	0	30000	other	0
SEE_18_64_MR	50	Picture	+	1656791	0	1	20166	1	0	44010	other	0
SEE_18_64_MR	51	Picture	low_O326	1676957	0	1	30166	1	0	30000	other	0
SEE_18_64_MR	52	Picture	+	1707290	0	1	77831	1	0	next	other	0
SEE_18_64_MR	53	Sound	hi010a	1727291	0	1			0		other	0
SEE_18_64_MR	54	Picture	500+	1785121	0	1	5167	1	0	5000	other	0
SEE_18_64_MR	55	Picture	low_L132	1790288	0	1	30166	1	0	30000	other	0
SEE_18_64_MR	56	Picture	+	1820454	0	1	66998	1	0	next	other	0
SEE_18_64_MR	57	Sound	hi010b	1820454	0	1			0		other	0
SEE_18_64_MR	58	Picture	500+	1887452	0	1	5166	1	0	5000	other	0
SEE_18_64_MR	59	Picture	hi_F274	1892619	0	1	30166	1	0	30000	other	0
SEE_18_64_MR	60	Picture	+	1922951	0	1	20166	1	0	38350	other	0
SEE_18_64_MR	61	Picture	hi_P133	1943117	0	1	30166	1	0	30000	other	0
SEE_18_64_MR	62	Picture	+	1973450	0	1	20166	1	0	42550	other	0
SEE_18_64_MR	63	Picture	low_A104	1993616	0	1	30166	1	0	30000	other	0
SEE_18_64_MR	64	Picture	+	2023949	0	1	77498	1	0	next	other	0
SEE_18_64_MR	65	Sound	hi097a	2043950	0	1			0		other	0
SEE_18_64_MR	66	Picture	500+	2101447	0	1	5166	1	0	5000	other	0
SEE_18_64_MR	67	Picture	hi_P123	2106613	0	1	30166	1	0	30000	other	0
SEE_18_64_MR	68	Picture	+	2136946	0	1	58165	1	0	next	other	0
SEE_18_64_MR	69	Sound	hi097b	2136946	0	1			0		other	0
SEE_18_64_MR	70	Picture	500+	2195111	0	1	5167	1	0	5000	other	0
SEE_18_64_MR	71	Picture	low_P176	2200278	0	1	30166	1	0	30000	other	0
SEE_18_64_MR	72	Picture	+	2230610	0	1	20166	1	0	34860	other	0
SEE_18_64_MR	73	Picture	low_A161	2250776	0	1	30166	1	0	30000	other	0
SEE_18_64_MR	74	Picture	+	2281109	0	1	20166	1	0	35630	other	0
SEE_18_64_MR	75	Picture	hi_A019	2301275	0	1	30166	1	0	30000	other	0
SEE_18_64_MR	76	Picture	+	2331608	0	1	86998	1	0	next	other	0
SEE_18_64_MR	77	Sound	low274a	2351608	0	1			0		other	0
SEE_18_64_MR	78	Picture	500+	2418605	0	1	5167	1	0	5000	other	0
SEE_18_64_MR	79	Picture	hi_L177	2423772	0	1	30166	1	0	30000	other	0
SEE_18_64_MR	80	Picture	+	2454105	0	1	64332	1	0	next	other	0
SEE_18_64_MR	81	Sound	low274b	2454105	0	1			0		other	0
SEE_18_64_MR	82	Picture	500+	2518436	0	1	5167	1	0	5000	other	0
SEE_18_64_MR	83	Picture	low_A214	2523603	0	1	30166	1	0	30000	other	0
SEE_18_64_MR	84	Picture	+	2553935	0	1	20166	1	0	34510	other	0
SEE_18_64_MR	85	Picture	low_L038	2574102	0	1	30166	1	0	30000	other	0
SEE_18_64_MR	86	Picture	+	2604434	0	1	20166	1	0	37810	other	0
SEE_18_64_MR	87	Picture	hi_F293	2624600	0	1	30166	1	0	30000	other	0
SEE_18_64_MR	88	Picture	+	2654933	0	1	78998	1	0	next	other	0
SEE_18_64_MR	89	Sound	hi158a	2674934	0	1			0		other	0
SEE_18_64_MR	90	Picture	500+	2733931	0	1	5167	1	0	5000	other	0
SEE_18_64_MR	91	Picture	hi_F271	2739097	0	1	30166	1	0	30000	other	0
SEE_18_64_MR	92	Picture	+	2769263	0	1	61665	1	0	next	other	0
SEE_18_64_MR	93	Sound	hi158b	2769264	0	1			0		other	0
SEE_18_64_MR	94	Picture	500+	2830928	0	1	5167	1	0	5000	other	0
SEE_18_64_MR	95	Picture	low_A192	2836262	0	1	30166	1	0	30000	other	0
SEE_18_64_MR	96	Picture	+	2866594	0	1	20166	1	0	44400	other	0
SEE_18_64_MR	97	Picture	hi_L002	2886760	0	1	30166	1	0	30000	other	0
SEE_18_64_MR	98	Picture	+	2917093	0	1	20166	1	0	33220	other	0
SEE_18_64_MR	99	Picture	low_L098	2937259	0	1	30166	1	0	30000	other	0
SEE_18_64_MR	100	Picture	+	2967592	0	1	83665	1	0	next	other	0
SEE_18_64_MR	101	Sound	hi172a	2987592	0	1			0		other	0
SEE_18_64_MR	102	Picture	500+	3051256	0	1	5167	1	0	5000	other	0
SEE_18_64_MR	103	Picture	low_F121	3056423	0	1	30166	1	0	30000	other	0
SEE_18_64_MR	104	Picture	+	3086755	0	1	61832	1	0	next	other	0
SEE_18_64_MR	105	Sound	hi172b	3086756	0	1			0		other	0
SEE_18_64_MR	106	Picture	500+	3148587	0	1	5167	1	0	5000	other	0
SEE_18_64_MR	107	Picture	hi_L007	3153754	0	1	30166	1	0	30000	other	0
SEE_18_64_MR	108	Picture	+	3184086	0	1	20166	1	0	36730	other	0
SEE_18_64_MR	109	Picture	low_F203	3204252	0	1	30166	1	0	30000	other	0
SEE_18_64_MR	110	Picture	+	3234585	0	1	20166	1	0	36810	other	0
SEE_18_64_MR	111	Picture	hi_A054	3254751	0	1	30166	1	0	30000	other	0
SEE_18_64_MR	112	Picture	+	3285084	0	1	84331	1	0	next	other	0
SEE_18_64_MR	113	Sound	low053a	3305085	0	1			0		other	0
SEE_18_64_MR	114	Picture	500+	3369415	0	1	5167	1	0	5000	other	0
SEE_18_64_MR	115	Picture	hi_P037	3374581	0	1	30166	1	0	30000	other	0
SEE_18_64_MR	116	Picture	+	3404747	0	1	65498	1	0	next	other	0
SEE_18_64_MR	117	Sound	low053b	3404748	0	1			0		other	0
SEE_18_64_MR	118	Picture	500+	3470246	0	1	5166	1	0	5000	other	0
SEE_18_64_MR	119	Picture	low_P064	3475412	0	1	30166	1	0	30000	other	0
SEE_18_64_MR	120	Picture	+	3505745	0	1	20166	1	0	43620	other	0
SEE_18_64_MR	121	Picture	low_A160	3525911	0	1	30166	1	0	30000	other	0
SEE_18_64_MR	122	Picture	+	3556244	0	1	20166	1	0	32450	other	0
SEE_18_64_MR	123	Picture	hi_F016	3576410	0	1	30166	1	0	30000	other	0
SEE_18_64_MR	124	Picture	+	3606742	0	1	87331	1	0	next	other	0
SEE_18_64_MR	125	Sound	hi004a	3626743	0	1			0		other	0
SEE_18_64_MR	126	Picture	500+	3694073	0	1	5167	1	0	5000	other	0
SEE_18_64_MR	127	Picture	low_L096	3699240	0	1	30166	1	0	30000	other	0
SEE_18_64_MR	128	Picture	+	3729406	0	1	57832	1	0	next	other	0
SEE_18_64_MR	129	Sound	hi004b	3729407	0	1			0		other	0
SEE_18_64_MR	130	Picture	500+	3787238	0	1	5167	1	0	5000	other	0
SEE_18_64_MR	131	Picture	hi_F021	3792404	0	1	30166	1	0	30000	other	0
SEE_18_64_MR	132	Picture	+	3822737	0	1	20166	1	0	33450	other	0
SEE_18_64_MR	133	Picture	low_F224	3842903	0	1	30166	1	0	30000	other	0
SEE_18_64_MR	134	Picture	+	3873236	0	1	20166	1	0	37320	other	0
SEE_18_64_MR	135	Picture	hi_P232	3893402	0	1	30166	1	0	30000	other	0
SEE_18_64_MR	136	Picture	+	3923734	0	1	77498	1	0	next	other	0
SEE_18_64_MR	137	Sound	hi139a	3943735	0	1			0		other	0
SEE_18_64_MR	138	Picture	500+	4001232	0	1	5167	1	0	5000	other	0
SEE_18_64_MR	139	Picture	low_F358	4006399	0	1	30166	1	0	30000	other	0
SEE_18_64_MR	140	Picture	+	4036565	0	1	61165	1	0	next	other	0
SEE_18_64_MR	141	Sound	hi139b	4036565	0	1			0		other	0
SEE_18_64_MR	142	Picture	500+	4097730	0	1	5167	1	0	5000	other	0
SEE_18_64_MR	143	Picture	hi_A072	4103063	0	1	30166	1	0	30000	other	0
SEE_18_64_MR	144	Picture	+	4133396	0	1	20166	1	0	37510	other	0
SEE_18_64_MR	145	Picture	hi_P240	4153562	0	1	30166	1	0	30000	other	0
SEE_18_64_MR	146	Picture	+	4183894	0	1	20166	1	0	42710	other	0
SEE_18_64_MR	147	Picture	low_P149	4204061	0	1	30166	1	0	30000	other	0
SEE_18_64_MR	148	Picture	+	4234393	0	1	83498	1	0	next	other	0
SEE_18_64_MR	149	Sound	low036a	4254394	0	1			0		other	0
SEE_18_64_MR	150	Picture	500+	4317891	0	1	5167	1	0	5000	other	0
SEE_18_64_MR	151	Picture	hi_A078	4323058	0	1	30166	1	0	30000	other	0
SEE_18_64_MR	152	Picture	+	4353224	0	1	62665	1	0	next	other	0
SEE_18_64_MR	153	Sound	low036b	4353224	0	1			0		other	0
SEE_18_64_MR	154	Picture	500+	4415889	0	1	5167	1	0	5000	other	0
SEE_18_64_MR	155	Picture	low_F045	4421055	0	1	30166	1	0	30000	other	0
SEE_18_64_MR	156	Picture	+	4451388	0	1	20166	1	0	38570	other	0
SEE_18_64_MR	157	Picture	hi_F013	4471554	0	1	30166	1	0	30000	other	0
SEE_18_64_MR	158	Picture	+	4501887	0	1	20166	1	0	36590	other	0
SEE_18_64_MR	159	Picture	low_F115	4522053	0	1	30166	1	0	30000	other	0
SEE_18_64_MR	160	Picture	+	4552385	0	1	83998	1	0	next	other	0
SEE_18_64_MR	161	Sound	low282a	4572386	0	1			0		other	0
SEE_18_64_MR	162	Picture	500+	4636383	0	1	5167	1	0	5000	other	0
SEE_18_64_MR	163	Picture	low_O327	4641550	0	1	30166	1	0	30000	other	0
SEE_18_64_MR	164	Picture	+	4671716	0	1	55999	1	0	next	other	0
SEE_18_64_MR	165	Sound	low282b	4671716	0	1			0		other	0
SEE_18_64_MR	166	Picture	500+	4727714	0	1	5167	1	0	5000	other	0
SEE_18_64_MR	167	Picture	hi_F028	4733047	0	1	30166	1	0	30000	other	0
SEE_18_64_MR	168	Picture	+	4763380	0	1	20166	1	0	39070	other	0
SEE_18_64_MR	169	Picture	hi_P144	4783546	0	1	30166	1	0	30000	other	0
SEE_18_64_MR	170	Picture	+	4813879	0	1	20166	1	0	42630	other	0
SEE_18_64_MR	171	Picture	low_P110	4834045	0	1	30166	1	0	30000	other	0
SEE_18_64_MR	172	Picture	+	4864377	0	1	75998	1	0	next	other	0
SEE_18_64_MR	173	Sound	low358a	4884378	0	1			0		other	0
SEE_18_64_MR	174	Picture	500+	4940376	0	1	5167	1	0	5000	other	0
SEE_18_64_MR	175	Picture	low_A123	4945709	0	1	30166	1	0	30000	other	0
SEE_18_64_MR	176	Picture	+	4975875	0	1	64332	1	0	next	other	0
SEE_18_64_MR	177	Sound	low358b	4975875	0	1			0		other	0
SEE_18_64_MR	178	Picture	500+	5040206	0	1	5167	1	0	5000	other	0
SEE_18_64_MR	179	Picture	hi_P132	5045540	0	1	30166	1	0	30000	other	0
SEE_18_64_MR	180	Picture	+	5075872	0	1	20166	1	0	32610	other	0
SEE_18_64_MR	181	Picture	hi_A071	5096038	0	1	30166	1	0	30000	other	0
SEE_18_64_MR	182	Picture	+	5126371	0	1	20166	1	0	37320	other	0
SEE_18_64_MR	183	Picture	low_F124	5146537	0	1	30166	1	0	30000	other	0
SEE_18_64_MR	184	Picture	+	5176870	0	1	85331	1	0	next	other	0
SEE_18_64_MR	185	Sound	low024a	5196871	0	1			0		other	0
SEE_18_64_MR	186	Picture	500+	5262201	0	1	5167	1	0	5000	other	0
SEE_18_64_MR	187	Picture	low_L176	5267367	0	1	30166	1	0	30000	other	0
SEE_18_64_MR	188	Picture	+	5297533	0	1	67832	1	0	next	other	0
SEE_18_64_MR	189	Sound	low024b	5297534	0	1			0		other	0
SEE_18_64_MR	190	Picture	500+	5365365	0	1	5166	1	0	5000	other	0
SEE_18_64_MR	191	Picture	hi_L022	5370531	0	1	30166	1	0	30000	other	0
SEE_18_64_MR	192	Picture	+	5400864	0	1	20166	1	0	32500	other	0
SEE_18_64_MR	193	Picture	hi_P198	5421030	0	1	30166	1	0	30000	other	0
SEE_18_64_MR	194	Picture	+	5451363	0	1	20166	1	0	35070	other	0
SEE_18_64_MR	195	Picture	low_L173	5471529	0	1	30166	1	0	30000	other	0
SEE_18_64_MR	196	Picture	+	5501861	0	1	89498	1	0	next	other	0
SEE_18_64_MR	197	Sound	hi301a	5521862	0	1			0		other	0
SEE_18_64_MR	198	Picture	500+	5591359	0	1	5167	1	0	5000	other	0
SEE_18_64_MR	199	Picture	hi_P234	5596526	0	1	30166	1	0	30000	other	0
SEE_18_64_MR	200	Picture	+	5626858	0	1	62665	1	0	next	other	0
SEE_18_64_MR	201	Sound	hi301b	5626859	0	1			0		other	0
SEE_18_64_MR	202	Picture	500+	5689523	0	1	5167	1	0	5000	other	0
SEE_18_64_MR	203	Picture	low_A140	5694857	0	1	30166	1	0	30000	other	0
SEE_18_64_MR	204	Picture	+	5725189	0	1	20166	1	0	38270	other	0
SEE_18_64_MR	205	Picture	hi_P084	5745355	0	1	30166	1	0	30000	other	0
SEE_18_64_MR	206	Picture	+	5775688	0	1	20166	1	0	36590	other	0
SEE_18_64_MR	207	Picture	low_F098	5795854	0	1	30166	1	0	30000	other	0
SEE_18_64_MR	208	Picture	+	5826187	0	1	84331	1	0	next	other	0
SEE_18_64_MR	209	Sound	hi244a	5846188	0	1			0		other	0
SEE_18_64_MR	210	Picture	500+	5910518	0	1	5166	1	0	5000	other	0
SEE_18_64_MR	211	Picture	low_F123	5915684	0	1	30166	1	0	30000	other	0
SEE_18_64_MR	212	Picture	+	5946017	0	1	57832	1	0	next	other	0
SEE_18_64_MR	213	Sound	hi244b	5946018	0	1			0		other	0
SEE_18_64_MR	214	Picture	500+	6003849	0	1	5167	1	0	5000	other	0
SEE_18_64_MR	215	Picture	hi_O001	6009015	0	1	30166	1	0	30000	other	0
SEE_18_64_MR	216	Picture	+	6039348	0	1	20166	1	0	32300	other	0
SEE_18_64_MR	217	Picture	low_L161	6059514	0	1	30166	1	0	30000	other	0
SEE_18_64_MR	218	Picture	+	6089847	0	1	20166	1	0	32510	other	0
SEE_18_64_MR	219	Picture	hi_F273	6110013	0	1	30166	1	0	30000	other	0
SEE_18_64_MR	220	Picture	+	6140346	0	1	82498	1	0	next	other	0
SEE_18_64_MR	221	Sound	hi018a	6160346	0	1			0		other	0
SEE_18_64_MR	222	Picture	500+	6222843	0	1	5167	1	0	5000	other	0
SEE_18_64_MR	223	Picture	low_A113	6228010	0	1	30166	1	0	30000	other	0
SEE_18_64_MR	224	Picture	+	6258343	0	1	59498	1	0	next	other	0
SEE_18_64_MR	225	Sound	hi018b	6258343	0	1			0		other	0
SEE_18_64_MR	226	Picture	500+	6317841	0	1	5167	1	0	5000	other	0
SEE_18_64_MR	227	Picture	hi_A027	6323008	0	1	30166	1	0	30000	other	0
SEE_18_64_MR	228	Picture	+	6353340	0	1	20166	1	0	35720	other	0
SEE_18_64_MR	229	Picture	low_F125	6373506	0	1	30166	1	0	30000	other	0
SEE_18_64_MR	230	Picture	+	6403839	0	1	20166	1	0	34570	other	0
SEE_18_64_MR	231	Picture	hi_P237	6424005	0	1	30166	1	0	30000	other	0
SEE_18_64_MR	232	Picture	+	6454338	0	1	76165	1	0	next	other	0
SEE_18_64_MR	233	Sound	low118a	6474338	0	1			0		other	0
SEE_18_64_MR	234	Picture	500+	6530502	0	1	5167	1	0	5000	other	0
SEE_18_64_MR	235	Picture	low_A100	6535669	0	1	30166	1	0	30000	other	0
SEE_18_64_MR	236	Picture	+	6565835	0	1	65498	1	0	next	other	0
SEE_18_64_MR	237	Sound	low118b	6565835	0	1			0		other	0
SEE_18_64_MR	238	Picture	500+	6631333	0	1	5167	1	0	5000	other	0
SEE_18_64_MR	239	Picture	hi_P230	6636500	0	1	30166	1	0	30000	other	0
SEE_18_64_MR	240	Picture	+	6666832	0	1	20166	1	0	39640	other	0
SEE_18_64_MR	241	Picture	hi_O003	6686998	0	1	30166	1	0	30000	other	0
SEE_18_64_MR	242	Picture	+	6717331	0	1	20166	1	0	40990	other	0
SEE_18_64_MR	243	Picture	low_O190	6737497	0	1	30166	1	0	30000	other	0
SEE_18_64_MR	244	Picture	+	6767830	0	1	82498	1	0	next	other	0
SEE_18_64_MR	245	Sound	hi127a	6787831	0	1			0		other	0
SEE_18_64_MR	246	Picture	500+	6850328	0	1	5167	1	0	5000	other	0
SEE_18_64_MR	247	Picture	hi_P071	6855494	0	1	30166	1	0	30000	other	0
SEE_18_64_MR	248	Picture	+	6885660	0	1	62665	1	0	next	other	0
SEE_18_64_MR	249	Sound	hi127b	6885661	0	1			0		other	0
SEE_18_64_MR	250	Picture	500+	6948325	0	1	5167	1	0	5000	other	0
SEE_18_64_MR	251	Picture	low_A182	6953658	0	1	30166	1	0	30000	other	0
SEE_18_64_MR	252	Picture	+	6983991	0	1	20166	1	0	39700	other	0
SEE_18_64_MR	253	Picture	hi_A061	7004157	0	1	30166	1	0	30000	other	0
SEE_18_64_MR	254	Picture	+	7034490	0	1	20166	1	0	30320	other	0
SEE_18_64_MR	255	Picture	low_P169	7054656	0	1	30166	1	0	30000	other	0
SEE_18_64_MR	256	Picture	+	7084989	0	1	83498	1	0	next	other	0
SEE_18_64_MR	257	Sound	hi252a	7104989	0	1			0		other	0
SEE_18_64_MR	258	Picture	500+	7168486	0	1	5167	1	0	5000	other	0
SEE_18_64_MR	259	Picture	hi_P029	7173653	0	1	30166	1	0	30000	other	0
SEE_18_64_MR	260	Picture	+	7203985	0	1	59499	1	0	next	other	0
SEE_18_64_MR	261	Sound	hi252b	7203986	0	1			0		other	0
SEE_18_64_MR	262	Picture	500+	7263484	0	1	5166	1	0	5000	other	0
SEE_18_64_MR	263	Picture	low_F129	7268651	0	1	30166	1	0	30000	other	0
SEE_18_64_MR	264	Picture	+	7298983	0	1	20166	1	0	33690	other	0
SEE_18_64_MR	265	Picture	hi_A021	7319149	0	1	30166	1	0	30000	other	0
SEE_18_64_MR	266	Picture	+	7349482	0	1	20166	1	0	38310	other	0
SEE_18_64_MR	267	Picture	low_O325	7369648	0	1	30166	1	0	30000	other	0
SEE_18_64_MR	268	Picture	+	7399981	0	1	82831	1	0	next	other	0
SEE_18_64_MR	269	Sound	low197a	7419981	0	2			0		other	0
SEE_18_64_MR	270	Picture	500+	7482812	0	1	5167	1	0	5000	other	0
SEE_18_64_MR	271	Picture	low_L085	7488145	0	1	30166	1	0	30000	other	0
SEE_18_64_MR	272	Picture	+	7518311	0	1	68998	1	0	next	other	0
SEE_18_64_MR	273	Sound	low197b	7518312	0	2			0		other	0
SEE_18_64_MR	274	Picture	500+	7587309	0	1	5167	1	0	5000	other	0
SEE_18_64_MR	275	Picture	hi_P224	7592476	0	1	30166	1	0	30000	other	0
SEE_18_64_MR	276	Picture	+	7622808	0	1	20166	1	0	34630	other	0
SEE_18_64_MR	277	Picture	low_L065	7642975	0	1	30166	1	0	30000	other	0
SEE_18_64_MR	278	Picture	+	7673307	0	1	20166	1	0	33180	other	0
SEE_18_64_MR	279	Picture	hi_P139	7693473	0	1	30166	1	0	30000	other	0
SEE_18_64_MR	280	Picture	+	7723806	0	1	85665	1	0	next	other	0
SEE_18_64_MR	281	Sound	hi254a	7743807	0	1			0		other	0
SEE_18_64_MR	282	Picture	500+	7809470	0	1	5167	1	0	5000	other	0
SEE_18_64_MR	283	Picture	hi_P215	7814637	0	1	30166	1	0	30000	other	0
SEE_18_64_MR	284	Picture	+	7844803	0	1	66332	1	0	next	other	0
SEE_18_64_MR	285	Sound	hi254b	7844803	0	1			0		other	0
SEE_18_64_MR	286	Picture	500+	7911134	0	1	5167	1	0	5000	other	0
SEE_18_64_MR	287	Picture	low_L102	7916301	0	1	30166	1	0	30000	other	0
SEE_18_64_MR	288	Picture	+	7946634	0	1	20166	1	0	44390	other	0
SEE_18_64_MR	289	Picture	hi_P058	7966800	0	1	30166	1	0	30000	other	0
SEE_18_64_MR	290	Picture	+	7997132	0	1	20166	1	0	31250	other	0
SEE_18_64_MR	291	Picture	low_L184	8017299	0	1	30166	1	0	30000	other	0
SEE_18_64_MR	292	Picture	+	8047631	0	1	79831	1	0	next	other	0
SEE_18_64_MR	293	Sound	hi103a	8067632	0	1			0		other	0
SEE_18_64_MR	294	Picture	500+	8127462	0	1	5167	1	0	5000	other	0
SEE_18_64_MR	295	Picture	hi_A050	8132629	0	1	30166	1	0	30000	other	0
SEE_18_64_MR	296	Picture	+	8162795	0	1	69998	1	0	next	other	0
SEE_18_64_MR	297	Sound	hi103b	8162795	0	1			0		other	0
SEE_18_64_MR	298	Picture	500+	8232793	0	1	5167	1	0	5000	other	0
SEE_18_64_MR	299	Picture	low_P054	8237960	0	1	30166	1	0	30000	other	0
SEE_18_64_MR	300	Picture	+	8268292	0	1	20166	1	0	33480	other	0
SEE_18_64_MR	301	Picture	low_L134	8288458	0	1	30166	1	0	30000	other	0
SEE_18_64_MR	302	Picture	+	8318791	0	1	20166	1	0	34320	other	0
SEE_18_64_MR	303	Picture	hi_A068	8338957	0	1	30166	1	0	30000	other	0
SEE_18_64_MR	304	Picture	+	8369290	0	1	86331	1	0	next	other	0
SEE_18_64_MR	305	Sound	low038a	8389290	0	1			0		other	0
SEE_18_64_MR	306	Picture	500+	8455621	0	1	5167	1	0	5000	other	0
SEE_18_64_MR	307	Picture	hi_A011	8460787	0	1	30166	1	0	30000	other	0
SEE_18_64_MR	308	Picture	+	8490953	0	1	63998	1	0	next	other	0
SEE_18_64_MR	309	Sound	low038b	8490954	0	1			0		other	0
SEE_18_64_MR	310	Picture	500+	8554952	0	1	5167	1	0	5000	other	0
SEE_18_64_MR	311	Picture	low_O219	8560118	0	1	30166	1	0	30000	other	0
SEE_18_64_MR	312	Picture	+	8590451	0	1	20166	1	0	32510	other	0
SEE_18_64_MR	313	Picture	low_O099	8610617	0	1	30166	1	0	30000	other	0
SEE_18_64_MR	314	Picture	+	8640950	0	1	20166	1	0	32300	other	0
SEE_18_64_MR	315	Picture	hi_P098	8661116	0	1	30166	1	0	30000	other	0
SEE_18_64_MR	316	Picture	+	8691448	0	1	86331	1	0	next	other	0
SEE_18_64_MR	317	Sound	low273a	8711449	0	1			0		other	0
SEE_18_64_MR	318	Picture	500+	8777780	0	1	5167	1	0	5000	other	0
SEE_18_64_MR	319	Picture	hi_P018	8782946	0	1	30166	1	0	30000	other	0
SEE_18_64_MR	320	Picture	+	8813112	0	1	67998	1	0	next	other	0
SEE_18_64_MR	321	Sound	low273b	8813113	0	2			0		other	0
SEE_18_64_MR	322	Picture	500+	8881110	0	1	5167	1	0	5000	other	0
SEE_18_64_MR	323	Picture	low_A157	8886443	0	1	30166	1	0	30000	other	0
SEE_18_64_MR	324	Picture	+	8916776	0	1	20166	1	0	32980	other	0
SEE_18_64_MR	325	Picture	low_L131	8936942	0	1	30166	1	0	30000	other	0
SEE_18_64_MR	326	Picture	+	8967275	0	1	20166	1	0	36640	other	0
SEE_18_64_MR	327	Picture	hi_P222	8987441	0	1	30166	1	0	30000	other	0
SEE_18_64_MR	328	Picture	+	9017773	0	1	89998	1	0	next	other	0
SEE_18_64_MR	329	Sound	low272a	9037774	0	1			0		other	0
SEE_18_64_MR	330	Picture	500+	9107771	0	1	5167	1	0	5000	other	0
SEE_18_64_MR	331	Picture	low_P153	9112938	0	1	30166	1	0	30000	other	0
SEE_18_64_MR	332	Picture	+	9143104	0	1	57165	1	0	next	other	0
SEE_18_64_MR	333	Sound	low272b	9143104	0	1			0		other	0
SEE_18_64_MR	334	Picture	500+	9200269	0	1	5167	1	0	5000	other	0
SEE_18_64_MR	335	Picture	hi_F321	9205435	0	1	30166	1	0	30000	other	0
SEE_18_64_MR	336	Picture	+	9235768	0	1	20166	1	0	35840	other	0
SEE_18_64_MR	337	Picture	hi_F041	9255934	0	1	30166	1	0	30000	other	0
SEE_18_64_MR	338	Picture	+	9286267	0	1	20166	1	0	39100	other	0
SEE_18_64_MR	339	Picture	low_L183	9306433	0	1	30166	1	0	30000	other	0
SEE_18_64_MR	340	Picture	+	9336766	0	1	88164	1	0	next	other	0
SEE_18_64_MR	341	Sound	low149a	9356766	0	1			0		other	0
SEE_18_64_MR	342	Picture	500+	9424930	0	1	5167	1	0	5000	other	0
SEE_18_64_MR	343	Picture	hi_P212	9430097	0	1	30166	1	0	30000	other	0
SEE_18_64_MR	344	Picture	+	9460262	0	1	65665	1	0	next	other	0
SEE_18_64_MR	345	Sound	low149b	9460263	0	1			0		other	0
SEE_18_64_MR	346	Picture	500+	9525927	0	1	5167	1	0	5000	other	0
SEE_18_64_MR	347	Picture	low_L062	9531261	0	1	30166	1	0	30000	other	0
SEE_18_64_MR	348	Picture	+	9561593	0	1	20166	1	0	30320	other	0
SEE_18_64_MR	349	Picture	low_L109	9581759	0	1	30166	1	0	30000	other	0
SEE_18_64_MR	350	Picture	+	9612092	0	1	20166	1	0	34080	other	0
SEE_18_64_MR	351	Picture	hi_P017	9632258	0	1	30166	1	0	30000	other	0
SEE_18_64_MR	352	Picture	+	9662591	0	1	83664	1	0	next	other	0
SEE_18_64_MR	353	Sound	low034a	9682591	0	1			0		other	0
SEE_18_64_MR	354	Picture	500+	9746255	0	1	5167	1	0	5000	other	0
SEE_18_64_MR	355	Picture	low_L179	9751588	0	1	30166	1	0	30000	other	0
SEE_18_64_MR	356	Picture	+	9781921	0	1	69998	1	0	next	other	0
SEE_18_64_MR	357	Sound	low034b	9781922	0	1			0		other	0
SEE_18_64_MR	358	Picture	500+	9851919	0	1	5167	1	0	5000	other	0
SEE_18_64_MR	359	Picture	hi_P128	9857086	0	1	30166	1	0	30000	other	0
SEE_18_64_MR	360	Picture	+	9887418	0	1	20166	1	0	38310	other	0
SEE_18_64_MR	361	Picture	hi_O328	9907585	0	1	30166	1	0	30000	other	0
SEE_18_64_MR	362	Picture	+	9937917	0	1	20166	1	0	33410	other	0
SEE_18_64_MR	363	Picture	low_L174	9958083	0	1	30166	1	0	30000	other	0
SEE_18_64_MR	364	Picture	+	9988416	0	1	75165	1	0	next	other	0
SEE_18_64_MR	365	Sound	low277a	10008417	0	1			0		other	0
SEE_18_64_MR	366	Picture	500+	10063581	0	1	5167	1	0	5000	other	0
SEE_18_64_MR	367	Picture	low_L157	10068747	0	1	30166	1	0	30000	other	0
SEE_18_64_MR	368	Picture	+	10098913	0	1	61665	1	0	next	other	0
SEE_18_64_MR	369	Sound	low277b	10098914	0	2			0		other	0
SEE_18_64_MR	370	Picture	500+	10160578	0	1	5167	1	0	5000	other	0
SEE_18_64_MR	371	Picture	hi_P124	10165745	0	1	30166	1	0	30000	other	0
SEE_18_64_MR	372	Picture	+	10196077	0	1	20166	1	0	44790	other	0
SEE_18_64_MR	373	Picture	low_A126	10216244	0	1	30166	1	0	30000	other	0
SEE_18_64_MR	374	Picture	+	10246576	0	1	20166	1	0	44140	other	0
SEE_18_64_MR	375	Picture	hi_P007	10266742	0	1	30166	1	0	30000	other	0
SEE_18_64_MR	376	Picture	+	10297075	0	1	78831	1	0	next	other	0
SEE_18_64_MR	377	Sound	hi007a	10317076	0	2			0		other	0
SEE_18_64_MR	378	Picture	500+	10375906	0	1	5167	1	0	5000	other	0
SEE_18_64_MR	379	Picture	hi_P238	10381239	0	1	30166	1	0	30000	other	0
SEE_18_64_MR	380	Picture	+	10411405	0	1	64498	1	0	next	other	0
SEE_18_64_MR	381	Sound	hi007b	10411406	0	1			0		other	0
SEE_18_64_MR	382	Picture	500+	10475904	0	1	5167	1	0	5000	other	0
SEE_18_64_MR	383	Picture	low_P179	10481070	0	1	30166	1	0	30000	other	0
SEE_18_64_MR	384	Picture	+	10511403	0	1	20166	1	0	35940	other	0
SEE_18_64_MR	385	Picture	low_P113	10531569	0	1	30166	1	0	30000	other	0
SEE_18_64_MR	386	Picture	+	10561902	0	1	20166	1	0	30770	other	0
SEE_18_64_MR	387	Picture	hi_L026	10582068	0	1	30166	1	0	30000	other	0
SEE_18_64_MR	388	Picture	+	10612400	0	1	77331	1	0	next	other	0
SEE_18_64_MR	389	Sound	low275a	10632401	0	1			0		other	0
SEE_18_64_MR	390	Picture	500+	10689732	0	1	5167	1	0	5000	other	0
SEE_18_64_MR	391	Picture	low_A115	10694898	0	1	30166	1	0	30000	other	0
SEE_18_64_MR	392	Picture	+	10725064	0	1	67665	1	0	next	other	0
SEE_18_64_MR	393	Sound	low275b	10725065	0	1			0		other	0
SEE_18_64_MR	394	Picture	500+	10792729	0	1	5167	1	0	5000	other	0
SEE_18_64_MR	395	Picture	hi_P140	10797896	0	1	30166	1	0	30000	other	0
SEE_18_64_MR	396	Picture	+	10828228	0	1	20166	1	0	39870	other	0
SEE_18_64_MR	397	Picture	hi_F367	10848394	0	1	30166	1	0	30000	other	0
SEE_18_64_MR	398	Picture	+	10878727	0	1	20166	1	0	32700	other	0
SEE_18_64_MR	399	Picture	low_L151	10898893	0	1	30166	1	0	30000	other	0
SEE_18_64_MR	400	Picture	+	10929226	0	1	75665	1	0	next	other	0
SEE_18_64_MR	401	Sound	low085a	10949227	0	1			0		other	0
SEE_18_64_MR	402	Picture	500+	11004890	0	1	5167	1	0	5000	other	0
SEE_18_64_MR	403	Picture	hi_L005	11010057	0	1	30166	1	0	30000	other	0
SEE_18_64_MR	404	Picture	+	11040223	0	1	68665	1	0	next	other	0
SEE_18_64_MR	405	Sound	low085b	11040224	0	1			0		other	0
SEE_18_64_MR	406	Picture	500+	11108888	0	1	5167	1	0	5000	other	0
SEE_18_64_MR	407	Picture	low_A159	11114054	0	1	30166	1	0	30000	other	0
SEE_18_64_MR	408	Picture	+	11144387	0	1	20166	1	0	42960	other	0
SEE_18_64_MR	409	Picture	hi_F287	11164553	0	1	30166	1	0	30000	other	0
SEE_18_64_MR	410	Picture	+	11194886	0	1	20166	1	0	31610	other	0
SEE_18_64_MR	411	Picture	low_L149	11215052	0	1	30166	1	0	30000	other	0
SEE_18_64_MR	412	Picture	+	11245384	0	1	87331	1	0	next	other	0
SEE_18_64_MR	413	Sound	low031a	11265385	0	1			0		other	0
SEE_18_64_MR	414	Picture	500+	11332716	0	1	5167	1	0	5000	other	0
SEE_18_64_MR	415	Picture	low_L137	11338049	0	1	30166	1	0	30000	other	0
SEE_18_64_MR	416	Picture	+	11368215	0	1	68832	1	0	next	other	0
SEE_18_64_MR	417	Sound	low031b	11368215	0	1			0		other	0
SEE_18_64_MR	418	Picture	500+	11437046	0	1	5167	1	0	5000	other	0
SEE_18_64_MR	419	Picture	hi_A048	11442213	0	1	30166	1	0	30000	other	0
SEE_18_64_MR	420	Picture	+	11472545	0	1	20166	1	0	38700	other	0
SEE_18_64_MR	421	Picture	low_L153	11492712	0	1	30166	1	0	30000	other	0
SEE_18_64_MR	422	Picture	+	11523044	0	1	20166	1	0	44530	other	0
SEE_18_64_MR	423	Picture	hi_F159	11543210	0	1	30166	1	0	30000	other	0
SEE_18_64_MR	424	Picture	+	11573543	0	1	77831	1	0	next	other	0
SEE_18_64_MR	425	Sound	low284a	11593544	0	1			0		other	0
SEE_18_64_MR	426	Picture	500+	11651374	0	1	5166	1	0	5000	other	0
SEE_18_64_MR	427	Picture	low_A194	11656541	0	1	30166	1	0	30000	other	0
SEE_18_64_MR	428	Picture	+	11686873	0	1	59832	1	0	next	other	0
SEE_18_64_MR	429	Sound	low284b	11686874	0	1			0		other	0
SEE_18_64_MR	430	Picture	500+	11746705	0	1	5167	1	0	5000	other	0
SEE_18_64_MR	431	Picture	hi_F277	11752038	0	1	30166	1	0	30000	other	0
SEE_18_64_MR	432	Picture	+	11782371	0	1	20166	1	0	39290	other	0
SEE_18_64_MR	433	Picture	hi_A056	11802537	0	1	30166	1	0	30000	other	0
SEE_18_64_MR	434	Picture	+	11832870	0	1	20166	1	0	34640	other	0
SEE_18_64_MR	435	Picture	low_L168	11853036	0	1	30166	1	0	30000	other	0
SEE_18_64_MR	436	Picture	+	11883369	0	1	81165	1	0	next	other	0
SEE_18_64_MR	437	Sound	hi314a	11903369	0	1			0		other	0
SEE_18_64_MR	438	Picture	500+	11964533	0	1	5167	1	0	5000	other	0
SEE_18_64_MR	439	Picture	low_A221	11969700	0	1	30166	1	0	30000	other	0
SEE_18_64_MR	440	Picture	+	11999866	0	1	67665	1	0	next	other	0
SEE_18_64_MR	441	Sound	hi314b	11999866	0	1			0		other	0
SEE_18_64_MR	442	Picture	500+	12067531	0	1	5167	1	0	5000	other	0
SEE_18_64_MR	443	Picture	hi_P246	12072864	0	1	30166	1	0	30000	other	0
SEE_18_64_MR	444	Picture	+	12103196	0	1	20166	1	0	33680	other	0
SEE_18_64_MR	445	Picture	hi_P004	12123363	0	1	30166	1	0	30000	other	0
SEE_18_64_MR	446	Picture	+	12153695	0	1	20166	1	0	37150	other	0
SEE_18_64_MR	447	Picture	low_P055	12173861	0	1	30166	1	0	30000	other	0
SEE_18_64_MR	448	Picture	+	12204194	0	1	82831	1	0	next	other	0
SEE_18_64_MR	449	Sound	low279a	12224195	0	1			0		other	0
SEE_18_64_MR	450	Picture	500+	12287025	0	1	5167	1	0	5000	other	0
SEE_18_64_MR	451	Picture	hi_F164	12292192	0	1	30166	1	0	30000	other	0
SEE_18_64_MR	452	Picture	+	12322358	0	1	65332	1	0	next	other	0
SEE_18_64_MR	453	Sound	low279b	12322358	0	1			0		other	0
SEE_18_64_MR	454	Picture	500+	12387689	0	1	5167	1	0	5000	other	0
SEE_18_64_MR	455	Picture	low_P046	12392856	0	1	30166	1	0	30000	other	0
SEE_18_64_MR	456	Picture	+	12423188	0	1	20166	1	0	35650	other	0
SEE_18_64_MR	457	Picture	low_A156	12443355	0	1	30166	1	0	30000	other	0
SEE_18_64_MR	458	Picture	+	12473687	0	1	20166	1	0	32930	other	0
SEE_18_64_MR	459	Picture	hi_F265	12493853	0	1	30166	1	0	30000	other	0
SEE_18_64_MR	460	Picture	+	12524186	0	1	84165	1	0	next	other	0
SEE_18_64_MR	461	Sound	low057a	12544187	0	1			0		other	0
SEE_18_64_MR	462	Picture	500+	12608350	0	1	5167	1	0	5000	other	0
SEE_18_64_MR	463	Picture	low_F214	12613684	0	1	30166	1	0	30000	other	0
SEE_18_64_MR	464	Picture	+	12643850	0	1	67832	1	0	next	other	0
SEE_18_64_MR	465	Sound	low057b	12643850	0	2			0		other	0
SEE_18_64_MR	466	Picture	500+	12711681	0	1	5167	1	0	5000	other	0
SEE_18_64_MR	467	Picture	hi_O148	12717014	0	1	30166	1	0	30000	other	0
SEE_18_64_MR	468	Picture	+	12747347	0	1	20166	1	0	39180	other	0
SEE_18_64_MR	469	Picture	low_L138	12767513	0	1	30166	1	0	30000	other	0
SEE_18_64_MR	470	Picture	+	12797846	0	1	20166	1	0	33750	other	0
SEE_18_64_MR	471	Picture	hi_P243	12818012	0	1	30166	1	0	30000	other	0
SEE_18_64_MR	472	Picture	+	12848344	0	1	77165	1	0	next	other	0
SEE_18_64_MR	473	Sound	low281a	12868345	0	1			0		other	0
SEE_18_64_MR	474	Picture	500+	12925509	0	1	5167	1	0	5000	other	0
SEE_18_64_MR	475	Picture	low_P108	12930676	0	1	30166	1	0	30000	other	0
SEE_18_64_MR	476	Picture	+	12961008	0	1	64332	1	0	next	other	0
SEE_18_64_MR	477	Sound	low281b	12961009	0	1			0		other	0
SEE_18_64_MR	478	Picture	500+	13025340	0	1	5167	1	0	5000	other	0
SEE_18_64_MR	479	Picture	hi_A032	13030507	0	1	30166	1	0	30000	other	0
SEE_18_64_MR	480	Picture	+	13060839	0	1	20166	1	0	32060	other	0
SEE_18_64_MR	481	Picture	hi_O139	13081005	0	1	30166	1	0	30000	other	0
SEE_18_64_MR	482	Picture	+	13111338	0	1	20166	1	0	41790	other	0
SEE_18_64_MR	483	Picture	low_L075	13131504	0	1	30166	1	0	30000	other	0
SEE_18_64_MR	484	Picture	+	13161837	0	1	76498	1	0	next	other	0
SEE_18_64_MR	485	Sound	hi014a	13181837	0	1			0		other	0
SEE_18_64_MR	486	Picture	500+	13238335	0	1	5167	1	0	5000	other	0
SEE_18_64_MR	487	Picture	low_A132	13243501	0	1	30166	1	0	30000	other	0
SEE_18_64_MR	488	Picture	+	13273667	0	1	62665	1	0	next	other	0
SEE_18_64_MR	489	Sound	hi014b	13273668	0	1			0		other	0
SEE_18_64_MR	490	Picture	500+	13336332	0	1	5167	1	0	5000	other	0
SEE_18_64_MR	491	Picture	hi_O022	13341499	0	1	30166	1	0	30000	other	0
SEE_18_64_MR	492	Picture	+	13371831	0	1	20166	1	0	40530	other	0
SEE_18_64_MR	493	Picture	hi_O002	13391997	0	1	30166	1	0	30000	other	0
SEE_18_64_MR	494	Picture	+	13422330	0	1	20166	1	0	39930	other	0
SEE_18_64_MR	495	Picture	low_A193	13442496	0	1	30166	1	0	30000	other	0
SEE_18_64_MR	496	Picture	+	13472829	0	1	82165	1	0	next	other	0
SEE_18_64_MR	497	Sound	low048a	13492830	0	1			0		other	0
SEE_18_64_MR	498	Picture	500+	13554993	0	1	5167	1	0	5000	other	0
SEE_18_64_MR	499	Picture	hi_P015	13560160	0	1	30166	1	0	30000	other	0
SEE_18_64_MR	500	Picture	+	13590326	0	1	67998	1	0	next	other	0
SEE_18_64_MR	501	Sound	low048b	13590326	0	1			0		other	0
SEE_18_64_MR	502	Picture	500+	13658324	0	1	5167	1	0	5000	other	0
SEE_18_64_MR	503	Picture	low_L172	13663491	0	1	30166	1	0	30000	other	0
SEE_18_64_MR	504	Picture	+	13693823	0	1	20166	1	0	43340	other	0
SEE_18_64_MR	505	Picture	low_A185	13713989	0	1	30166	1	0	30000	other	0
SEE_18_64_MR	506	Picture	+	13744322	0	1	20166	1	0	30320	other	0
SEE_18_64_MR	507	Picture	hi_A007	13764488	0	1	30166	1	0	30000	other	0
SEE_18_64_MR	508	Picture	+	13794821	0	1	77665	1	0	next	other	0
SEE_18_64_MR	509	Sound	hi001a	13814822	0	1			0		other	0
SEE_18_64_MR	510	Picture	500+	13872485	0	1	5167	1	0	5000	other	0
SEE_18_64_MR	511	Picture	hi_P011	13877819	0	1	30166	1	0	30000	other	0
SEE_18_64_MR	512	Picture	+	13907985	0	1	62998	1	0	next	other	0
SEE_18_64_MR	513	Sound	hi001b	13907985	0	1			0		other	0
SEE_18_64_MR	514	Picture	500+	13970983	0	1	5167	1	0	5000	other	0
SEE_18_64_MR	515	Picture	low_A170	13976316	0	1	30166	1	0	30000	other	0
SEE_18_64_MR	516	Picture	+	14006649	0	1	20166	1	0	40540	other	0
SEE_18_64_MR	517	Picture	low_O214	14026815	0	1	30166	1	0	30000	other	0
SEE_18_64_MR	518	Picture	+	14057148	0	1	20166	1	0	42600	other	0
SEE_18_64_MR	519	Picture	hi_F284	14077314	0	1	30166	1	0	30000	other	0
SEE_18_64_MR	520	Picture	+	14107646	0	1	76498	1	0	next	other	0
SEE_18_64_MR	521	Sound	hi206a	14127647	0	1			0		other	0
SEE_18_64_MR	522	Picture	500+	14184144	0	1	5167	1	0	5000	other	0
SEE_18_64_MR	523	Picture	hi_P214	14189311	0	1	30166	1	0	30000	other	0
SEE_18_64_MR	524	Picture	+	14219643	0	1	64832	1	0	next	other	0
SEE_18_64_MR	525	Sound	hi206b	14219644	0	1			0		other	0
SEE_18_64_MR	526	Picture	500+	14284475	0	1	5167	1	0	5000	other	0
SEE_18_64_MR	527	Picture	low_F345	14289642	0	1	30166	1	0	30000	other	0
SEE_18_64_MR	528	Picture	+	14319974	0	1	20166	1	0	38170	other	0
SEE_18_64_MR	529	Picture	hi_A085	14340141	0	1	30166	1	0	30000	other	0
SEE_18_64_MR	530	Picture	+	14370473	0	1	20166	1	0	40070	other	0
SEE_18_64_MR	531	Picture	low_A131	14390639	0	1	30166	1	0	30000	other	0
SEE_18_64_MR	532	Picture	+	14420972	0	1	83831	1	0	next	other	0
SEE_18_64_MR	533	Sound	low050a	14440973	0	1			0		other	0
SEE_18_64_MR	534	Picture	500+	14504803	0	1	5167	1	0	5000	other	0
SEE_18_64_MR	535	Picture	hi_F172	14510136	0	1	30166	1	0	30000	other	0
SEE_18_64_MR	536	Picture	+	14540302	0	1	61332	1	0	next	other	0
SEE_18_64_MR	537	Sound	low050b	14540303	0	1			0		other	0
SEE_18_64_MR	538	Picture	500+	14601634	0	1	5167	1	0	5000	other	0
SEE_18_64_MR	539	Picture	low_A167	14606800	0	1	30166	1	0	30000	other	0
SEE_18_64_MR	540	Picture	+	14637133	0	1	20166	1	0	41550	other	0
SEE_18_64_MR	541	Picture	low_A146	14657299	0	1	30166	1	0	30000	other	0
SEE_18_64_MR	542	Picture	+	14687632	0	1	20166	1	0	32860	other	0
SEE_18_64_MR	543	Picture	hi_A207	14707798	0	1	30166	1	0	30000	other	0
SEE_18_64_MR	544	Picture	+	14738131	0	1	89998	1	0	next	other	0
SEE_18_64_MR	545	Sound	hi012a	14758131	0	1			0		other	0
SEE_18_64_MR	546	Picture	500+	14828128	0	1	5167	1	0	5000	other	0
SEE_18_64_MR	547	Picture	low_A136	14833295	0	1	30166	1	0	30000	other	0
SEE_18_64_MR	548	Picture	+	14863627	0	1	56665	1	0	next	other	0
SEE_18_64_MR	549	Sound	hi012b	14863628	0	1			0		other	0
SEE_18_64_MR	550	Picture	500+	14920293	0	1	5167	1	0	5000	other	0
SEE_18_64_MR	551	Picture	hi_P127	14925626	0	1	30166	1	0	30000	other	0
SEE_18_64_MR	552	Picture	+	14955958	0	1	20166	1	0	33500	other	0
SEE_18_64_MR	553	Picture	low_P250	14976125	0	1	30166	1	0	30000	other	0
SEE_18_64_MR	554	Picture	+	15006457	0	1	20166	1	0	44290	other	0
SEE_18_64_MR	555	Picture	hi_F152	15026623	0	1	30166	1	0	30000	other	0
SEE_18_64_MR	556	Picture	+	15056956	0	1	76331	1	0	next	other	0
SEE_18_64_MR	557	Sound	hi214a	15076957	0	1			0		other	0
SEE_18_64_MR	558	Picture	500+	15133287	0	1	5167	1	0	5000	other	0
SEE_18_64_MR	559	Picture	low_L049	15138454	0	1	30166	1	0	30000	other	0
SEE_18_64_MR	560	Picture	+	15168620	0	1	68665	1	0	next	other	0
SEE_18_64_MR	561	Sound	hi214b	15168620	0	1			0		other	0
SEE_18_64_MR	562	Picture	500+	15237285	0	1	5167	1	0	5000	other	0
SEE_18_64_MR	563	Picture	hi_P143	15242618	0	1	30166	1	0	30000	other	0
SEE_18_64_MR	564	Picture	+	15272951	0	1	20166	1	0	39840	other	0
SEE_18_64_MR	565	Picture	hi_F010	15293117	0	1	30166	1	0	30000	other	0
SEE_18_64_MR	566	Picture	+	15323449	0	1	20166	1	0	30820	other	0
SEE_18_64_MR	567	Picture	low_F001	15343615	0	1	30166	1	0	30000	other	0
SEE_18_64_MR	568	Picture	+	15373948	0	1	76331	1	0	next	other	0
SEE_18_64_MR	569	Sound	hi142a	15393949	0	1			0		other	0
SEE_18_64_MR	570	Picture	500+	15450279	0	1	5167	1	0	5000	other	0
SEE_18_64_MR	571	Picture	low_L054	15455613	0	1	30166	1	0	30000	other	0
SEE_18_64_MR	572	Picture	+	15485945	0	1	59999	1	0	next	other	0
SEE_18_64_MR	573	Sound	hi142b	15485946	0	1			0		other	0
SEE_18_64_MR	574	Picture	500+	15545944	0	1	5167	1	0	5000	other	0
SEE_18_64_MR	575	Picture	hi_P086	15551110	0	1	30166	1	0	30000	other	0
SEE_18_64_MR	576	Picture	+	15581443	0	1	20166	1	0	34460	other	0
SEE_18_64_MR	577	Picture	hi_P175	15601609	0	1	30166	1	0	30000	other	0
SEE_18_64_MR	578	Picture	+	15631942	0	1	20166	1	0	36310	other	0
SEE_18_64_MR	579	Picture	low_P104	15652108	0	1	30166	1	0	30000	other	0
SEE_18_64_MR	580	Picture	+	15682440	0	1	80831	1	0	next	other	0
SEE_18_64_MR	581	Sound	low088a	15702441	0	1			0		other	0
SEE_18_64_MR	582	Picture	500+	15763272	0	1	5167	1	0	5000	other	0
SEE_18_64_MR	583	Picture	hi_A034	15768438	0	1	30166	1	0	30000	other	0
SEE_18_64_MR	584	Picture	+	15798604	0	1	63498	1	0	next	other	0
SEE_18_64_MR	585	Sound	low088b	15798605	0	1			0		other	0
SEE_18_64_MR	586	Picture	500+	15862102	0	1	5167	1	0	5000	other	0
SEE_18_64_MR	587	Picture	low_L143	15867269	0	1	30166	1	0	30000	other	0
SEE_18_64_MR	588	Picture	+	15897602	0	1	20166	1	0	44320	other	0
SEE_18_64_MR	589	Picture	hi_F003	15917768	0	1	30166	1	0	30000	other	0
SEE_18_64_MR	590	Picture	+	15948100	0	1	20166	1	0	34620	other	0
SEE_18_64_MR	591	Picture	low_L050	15968267	0	1	30166	1	0	30000	other	0
SEE_18_64_MR	592	Picture	+	15998599	0	1	86831	1	0	next	other	0
SEE_18_64_MR	593	Sound	hi217a	16018600	0	1			0		other	0
SEE_18_64_MR	594	Picture	500+	16085430	0	1	5167	1	0	5000	other	0
SEE_18_64_MR	595	Picture	low_A201	16090597	0	1	30166	1	0	30000	other	0
SEE_18_64_MR	596	Picture	+	16120763	0	1	63332	1	0	next	other	0
SEE_18_64_MR	597	Sound	hi217b	16120763	0	1			0		other	0
SEE_18_64_MR	598	Picture	500+	16184094	0	1	5167	1	0	5000	other	0
SEE_18_64_MR	599	Picture	hi_O300	16189261	0	1	30166	1	0	30000	other	0
SEE_18_64_MR	600	Picture	+	16219593	0	1	20166	1	0	43280	other	0
SEE_18_64_MR	601	Picture	low_L125	16239760	0	1	30166	1	0	30000	other	0
SEE_18_64_MR	602	Picture	+	16270092	0	1	20166	1	0	35730	other	0
SEE_18_64_MR	603	Picture	hi_P241	16290258	0	1	30166	1	0	30000	other	0
SEE_18_64_MR	604	Picture	+	16320591	0	1	81331	1	0	next	other	0
SEE_18_64_MR	605	Sound	hi002a	16340592	0	1			0		other	0
SEE_18_64_MR	606	Picture	500+	16401922	0	1	5167	1	0	5000	other	0
SEE_18_64_MR	607	Picture	low_P109	16407256	0	1	30166	1	0	30000	other	0
SEE_18_64_MR	608	Picture	+	16437588	0	1	63665	1	0	next	other	0
SEE_18_64_MR	609	Sound	hi002b	16437589	0	1			0		other	0
SEE_18_64_MR	610	Picture	500+	16501253	0	1	5167	1	0	5000	other	0
SEE_18_64_MR	611	Picture	hi_O154	16506420	0	1	30166	1	0	30000	other	0
SEE_18_64_MR	612	Picture	+	16536752	0	1	20166	1	0	38190	other	0
SEE_18_64_MR	613	Picture	low_F087	16556918	0	1	30166	1	0	30000	other	0
SEE_18_64_MR	614	Picture	+	16587251	0	1	20166	1	0	40600	other	0
SEE_18_64_MR	615	Picture	hi_A020	16607417	0	1	30166	1	0	30000	other	0
SEE_18_64_MR	616	Picture	+	16637750	0	1	81998	1	0	next	other	0
SEE_18_64_MR	617	Sound	low344a	16657751	0	1			0		other	0
SEE_18_64_MR	618	Picture	500+	16719748	0	1	5167	1	0	5000	other	0
SEE_18_64_MR	619	Picture	hi_P040	16724914	0	1	30166	1	0	30000	other	0
SEE_18_64_MR	620	Picture	+	16755080	0	1	58332	1	0	next	other	0
SEE_18_64_MR	621	Sound	low344b	16755081	0	1			0		other	0
SEE_18_64_MR	622	Picture	500+	16813412	0	1	5167	1	0	5000	other	0
SEE_18_64_MR	623	Picture	low_F324	16818579	0	1	30166	1	0	30000	other	0
SEE_18_64_MR	624	Picture	+	16848911	0	1	20166	1	0	34230	other	0
SEE_18_64_MR	625	Picture	hi_A001	16869077	0	1	30166	1	0	30000	other	0
SEE_18_64_MR	626	Picture	+	16899410	0	1	20166	1	0	41010	other	0
SEE_18_64_MR	627	Picture	low_A152	16919576	0	1	30166	1	0	30000	other	0
SEE_18_64_MR	628	Picture	+	16949909	0	1	75831	1	0	next	other	0
SEE_18_64_MR	629	Sound	low345a	16969909	0	1			0		other	0
SEE_18_64_MR	630	Picture	500+	17025740	0	1	5167	1	0	5000	other	0
SEE_18_64_MR	631	Picture	low_L089	17030907	0	1	30166	1	0	30000	other	0
SEE_18_64_MR	632	Picture	+	17061073	0	1	56665	1	0	next	other	0
SEE_18_64_MR	633	Sound	low345b	17061073	0	1			0		other	0
SEE_18_64_MR	634	Picture	500+	17117738	0	1	5167	1	0	5000	other	0
SEE_18_64_MR	635	Picture	hi_A018	17122904	0	1	30166	1	0	30000	other	0
SEE_18_64_MR	636	Picture	+	17153237	0	1	20166	1	0	35860	other	0
SEE_18_64_MR	637	Picture	hi_F370	17173403	0	1	30166	1	0	30000	other	0
SEE_18_64_MR	638	Picture	+	17203736	0	1	20166	1	0	38280	other	0
SEE_18_64_MR	639	Picture	low_F138	17223902	0	1	30166	1	0	30000	other	0
SEE_18_64_MR	640	Picture	+	17254234	0	1	85331	1	0	next	other	0
SEE_18_64_MR	641	Sound	low278a	17274235	0	1			0		other	0
SEE_18_64_MR	642	Picture	500+	17339566	0	1	5167	1	0	5000	other	0
SEE_18_64_MR	643	Picture	hi_P228	17344732	0	1	30166	1	0	30000	other	0
SEE_18_64_MR	644	Picture	+	17374898	0	1	62498	1	0	next	other	0
SEE_18_64_MR	645	Sound	low278b	17374899	0	1			0		other	0
SEE_18_64_MR	646	Picture	500+	17437396	0	1	5167	1	0	5000	other	0
SEE_18_64_MR	647	Picture	low_L167	17442730	0	1	30166	1	0	30000	other	0
SEE_18_64_MR	648	Picture	+	17473062	0	1	20166	1	0	38670	other	0
SEE_18_64_MR	649	Picture	hi_O291	17493228	0	1	30166	1	0	30000	other	0
SEE_18_64_MR	650	Picture	+	17523561	0	1	20166	1	0	31450	other	0
SEE_18_64_MR	651	Picture	low_L124	17543727	0	1	30166	1	0	30000	other	0
SEE_18_64_MR	652	Picture	+	17574060	0	1	83498	1	0	next	other	0
SEE_18_64_MR	653	Sound	low044a	17594061	0	1			0		other	0
SEE_18_64_MR	654	Picture	500+	17657558	0	1	5167	1	0	5000	other	0
SEE_18_64_MR	655	Picture	low_P044	17662891	0	1	30166	1	0	30000	other	0
SEE_18_64_MR	656	Picture	+	17693223	0	1	64832	1	0	next	other	0
SEE_18_64_MR	657	Sound	low044b	17693224	0	1			0		other	0
SEE_18_64_MR	658	Picture	500+	17758055	0	1	5167	1	0	5000	other	0
SEE_18_64_MR	659	Picture	hi_A025	17763222	0	1	30166	1	0	30000	other	0
SEE_18_64_MR	660	Picture	+	17793554	0	1	20166	1	0	39460	other	0
SEE_18_64_MR	661	Picture	low_P154	17813720	0	1	30166	1	0	30000	other	0
SEE_18_64_MR	662	Picture	+	17844053	0	1	20166	1	0	40480	other	0
SEE_18_64_MR	663	Picture	hi_F299	17864219	0	1	30166	1	0	30000	other	0
SEE_18_64_MR	664	Picture	+	17894552	0	1	78331	1	0	next	other	0
SEE_18_64_MR	665	Sound	hi308a	17914553	0	1			0		other	0
SEE_18_64_MR	666	Picture	500+	17972883	0	1	5167	1	0	5000	other	0
SEE_18_64_MR	667	Picture	hi_F034	17978050	0	1	30166	1	0	30000	other	0
SEE_18_64_MR	668	Picture	+	18008382	0	1	62832	1	0	next	other	0
SEE_18_64_MR	669	Sound	hi308b	18008383	0	1			0		other	0
SEE_18_64_MR	670	Picture	500+	18071214	0	1	5167	1	0	5000	other	0
SEE_18_64_MR	671	Picture	low_L180	18076547	0	1	30166	1	0	30000	other	0
SEE_18_64_MR	672	Picture	+	18106880	0	1	20166	1	0	39460	other	0
SEE_18_64_MR	673	Picture	low_L046	18127046	0	1	30166	1	0	30000	other	0
SEE_18_64_MR	674	Picture	+	18157378	0	1	20166	1	0	40840	other	0
SEE_18_64_MR	675	Picture	hi_L139	18177545	0	1	30166	1	0	30000	other	0
SEE_18_64_MR	676	Picture	+	18207877	0	1	89998	1	0	next	other	0
SEE_18_64_MR	677	Sound	low351a	18227878	0	1			0		other	0
SEE_18_64_MR	678	Picture	500+	18297875	0	1	5167	1	0	5000	other	0
SEE_18_64_MR	679	Picture	hi_A059	18303042	0	1	30166	1	0	30000	other	0
SEE_18_64_MR	680	Picture	+	18333207	0	1	67498	1	0	next	other	0
SEE_18_64_MR	681	Sound	low351b	18333208	0	1			0		other	0
SEE_18_64_MR	682	Picture	500+	18400706	0	1	5167	1	0	5000	other	0
SEE_18_64_MR	683	Picture	low_L152	18405872	0	1	30166	1	0	30000	other	0
SEE_18_64_MR	684	Picture	+	18436205	0	1	20166	1	0	41560	other	0
SEE_18_64_MR	685	Picture	hi_A038	18456371	0	1	30166	1	0	30000	other	0
SEE_18_64_MR	686	Picture	+	18486704	0	1	20166	1	0	42590	other	0
SEE_18_64_MR	687	Picture	low_A091	18506870	0	1	30166	1	0	30000	other	0
SEE_18_64_MR	688	Picture	+	18537202	0	1	78498	1	0	next	other	0
SEE_18_64_MR	689	Sound	low063a	18557203	0	1			0		other	0
SEE_18_64_MR	690	Picture	500+	18615700	0	1	5167	1	0	5000	other	0
SEE_18_64_MR	691	Picture	hi_P226	18621034	0	1	30166	1	0	30000	other	0
SEE_18_64_MR	692	Picture	+	18651200	0	1	68332	1	0	next	other	0
SEE_18_64_MR	693	Sound	low063b	18651200	0	1			0		other	0
SEE_18_64_MR	694	Picture	500+	18719531	0	1	5166	1	0	5000	other	0
SEE_18_64_MR	695	Picture	low_L117	18724864	0	1	30166	1	0	30000	other	0
SEE_18_64_MR	696	Picture	+	18755197	0	1	20166	1	0	38910	other	0
SEE_18_64_MR	697	Picture	low_O220	18775363	0	1	30166	1	0	30000	other	0
SEE_18_64_MR	698	Picture	+	18805696	0	1	20166	1	0	31140	other	0
SEE_18_64_MR	699	Picture	hi_F025	18825862	0	1	30166	1	0	30000	other	0
SEE_18_64_MR	700	Picture	+	18856194	0	1	82331	1	0	next	other	0
SEE_18_64_MR	701	Sound	low280a	18876195	0	1			0		other	0
SEE_18_64_MR	702	Picture	500+	18938526	0	1	5166	1	0	5000	other	0
SEE_18_64_MR	703	Picture	hi_P006	18943692	0	1	30166	1	0	30000	other	0
SEE_18_64_MR	704	Picture	+	18974025	0	1	68332	1	0	next	other	0
SEE_18_64_MR	705	Sound	low280b	18974025	0	2			0		other	0
SEE_18_64_MR	706	Picture	500+	19042356	0	1	5167	1	0	5000	other	0
SEE_18_64_MR	707	Picture	low_F067	19047523	0	1	30166	1	0	30000	other	0
SEE_18_64_MR	708	Picture	+	19077856	0	1	20166	1	0	35080	other	0
SEE_18_64_MR	709	Picture	low_L021	19098022	0	1	30166	1	0	30000	other	0
SEE_18_64_MR	710	Picture	+	19128354	0	1	20166	1	0	34830	other	0
SEE_18_64_MR	711	Picture	hi_A039	19148520	0	1	30166	1	0	30000	other	0
SEE_18_64_MR	712	Picture	+	19178853	0	1	83831	1	0	next	other	0
SEE_18_64_MR	713	Sound	low032a	19198854	0	1			0		other	0
SEE_18_64_MR	714	Picture	500+	19262684	0	1	5167	1	0	5000	other	0
SEE_18_64_MR	715	Picture	low_P103	19267851	0	1	30166	1	0	30000	other	0
SEE_18_64_MR	716	Picture	+	19298017	0	1	59665	1	0	next	other	0
SEE_18_64_MR	717	Sound	low032b	19298017	0	1			0		other	0
SEE_18_64_MR	718	Picture	500+	19357682	0	1	5167	1	0	5000	other	0
SEE_18_64_MR	719	Picture	hi_P023	19363015	0	1	30166	1	0	30000	other	0
SEE_18_64_MR	720	Picture	+	19393348	0	1	20166	1	0	31240	other	0
SEE_18_64_MR	721	Picture	low_A119	19413514	0	1	30166	1	0	30000	other	0
SEE_18_64_MR	722	Picture	+	19443846	0	1	20166	1	0	43530	other	0
SEE_18_64_MR	723	Picture	hi_F272	19464013	0	1	30166	1	0	30000	other	0
SEE_18_64_MR	724	Picture	+	19494345	0	1	81331	1	0	next	other	0
SEE_18_64_MR	725	Sound	low276a	19514346	0	1			0		other	0
SEE_18_64_MR	726	Picture	500+	19575676	0	1	5167	1	0	5000	other	0
SEE_18_64_MR	727	Picture	hi_A037	19580843	0	1	30166	1	0	30000	other	0
SEE_18_64_MR	728	Picture	+	19611009	0	1	68332	1	0	next	other	0
SEE_18_64_MR	729	Sound	low276b	19611009	0	1			0		other	0
SEE_18_64_MR	730	Picture	500+	19679340	0	1	5167	1	0	5000	other	0
SEE_18_64_MR	731	Picture	low_P107	19684507	0	1	30166	1	0	30000	other	0
SEE_18_64_MR	732	Picture	+	19714840	0	1	20166	1	0	38200	other	0
SEE_18_64_MR	733	Picture	hi_P233	19735006	0	1	30166	1	0	30000	other	0
SEE_18_64_MR	734	Picture	+	19765338	0	1	20166	1	0	31810	other	0
SEE_18_64_MR	735	Picture	low_A158	19785505	0	1	30166	1	0	30000	other	0
SEE_18_64_MR	736	Picture	+	19815837	0	1	82165	1	0	next	other	0
SEE_18_64_MR	737	Sound	hi123a	19835838	0	2			0		other	0
SEE_18_64_MR	738	Picture	500+	19898002	0	1	5167	1	0	5000	other	0
SEE_18_64_MR	739	Picture	hi_F368	19903334	0	2	30167	2	0	30000	other	0
SEE_18_64_MR	740	Picture	+	19933501	0	1	65998	1	0	next	other	0
SEE_18_64_MR	741	Sound	hi123b	19933501	0	1			0		other	0
SEE_18_64_MR	742	Picture	500+	19999499	0	1	5167	1	0	5000	other	0
SEE_18_64_MR	743	Picture	low_O192	20004666	0	1	30166	1	0	30000	other	0
SEE_18_64_MR	744	Picture	+	20034998	0	1	20166	1	0	33070	other	0
SEE_18_64_MR	745	Picture	low_A114	20055164	0	1	30166	1	0	30000	other	0
SEE_18_64_MR	746	Picture	+	20085497	0	1	20166	1	0	39930	other	0
SEE_18_64_MR	747	Picture	hi_A069	20105663	0	1	30166	1	0	30000	other	0
SEE_18_64_MR	748	Picture	+	20135996	0	1	85498	1	0	next	other	0
SEE_18_64_MR	749	Sound	hi245a	20155997	0	1			0		other	0
SEE_18_64_MR	750	Picture	500+	20221494	0	1	5167	1	0	5000	other	0
SEE_18_64_MR	751	Picture	low_L178	20226660	0	1	30166	1	0	30000	other	0
SEE_18_64_MR	752	Picture	+	20256993	0	1	69498	1	0	next	other	0
SEE_18_64_MR	753	Sound	hi245b	20256993	0	1			0		other	0
SEE_18_64_MR	754	Picture	500+	20326491	0	1	5167	1	0	5000	other	0
SEE_18_64_MR	755	Picture	hi_P125	20331658	0	1	30166	1	0	30000	other	0
SEE_18_64_MR	756	Picture	+	20361990	0	1	20166	1	0	42750	other	0
SEE_18_64_MR	757	Picture	hi_P038	20382156	0	1	30166	1	0	30000	other	0
SEE_18_64_MR	758	Picture	+	20412489	0	1	20166	1	0	32270	other	0
SEE_18_64_MR	759	Picture	low_L154	20432655	0	1	30166	1	0	30000	other	0
SEE_18_64_MR	760	Picture	+	20462988	0	1	84665	1	0	next	other	0
SEE_18_64_MR	761	Sound	hi202a	20482989	0	1			0		other	0
SEE_18_64_MR	762	Picture	500+	20547652	0	1	5167	1	0	5000	other	0
SEE_18_64_MR	763	Picture	low_P168	20552819	0	1	30166	1	0	30000	other	0
SEE_18_64_MR	764	Picture	+	20583151	0	1	62832	1	0	next	other	0
SEE_18_64_MR	765	Sound	hi202b	20583152	0	1			0		other	0
SEE_18_64_MR	766	Picture	500+	20645983	0	1	5167	1	0	5000	other	0
SEE_18_64_MR	767	Picture	hi_O105	20651150	0	1	30166	1	0	30000	other	0
SEE_18_64_MR	768	Picture	+	20681482	0	1	20166	1	0	35010	other	0
SEE_18_64_MR	769	Picture	low_L142	20701648	0	1	30166	1	0	30000	other	0
SEE_18_64_MR	770	Picture	+	20731981	0	1	20166	1	0	42860	other	0
SEE_18_64_MR	771	Picture	hi_F018	20752147	0	1	30166	1	0	30000	other	0
SEE_18_64_MR	772	Picture	+	20782480	0	1	81165	1	0	next	other	0
SEE_18_64_MR	773	Sound	hi253a	20802480	0	1			0		other	0
SEE_18_64_MR	774	Picture	500+	20863644	0	1	5167	1	0	5000	other	0
SEE_18_64_MR	775	Picture	hi_P231	20868811	0	1	30166	1	0	30000	other	0
SEE_18_64_MR	776	Picture	+	20899143	0	1	62165	1	0	next	other	0
SEE_18_64_MR	777	Sound	hi253b	20899144	0	1			0		other	0
SEE_18_64_MR	778	Picture	500+	20961308	0	1	5167	1	0	5000	other	0
SEE_18_64_MR	779	Picture	low_A217	20966475	0	1	30166	1	0	30000	other	0
SEE_18_64_MR	780	Picture	+	20996808	0	1	20166	1	0	35990	other	0
SEE_18_64_MR	781	Picture	low_L162	21016974	0	1	30166	1	0	30000	other	0
SEE_18_64_MR	782	Picture	+	21047306	0	1	20166	1	0	35510	other	0
SEE_18_64_MR	783	Picture	hi_P227	21067473	0	1	30166	1	0	30000	other	0
SEE_18_64_MR	784	Picture	+	21097805	0	1	89998	1	0	next	other	0
SEE_18_64_MR	785	Sound	hi110a	21117806	0	1			0		other	0
SEE_18_64_MR	786	Picture	500+	21187803	0	1	5167	1	0	5000	other	0
SEE_18_64_MR	787	Picture	low_P047	21192969	0	1	30166	1	0	30000	other	0
SEE_18_64_MR	788	Picture	+	21223302	0	1	65998	1	0	next	other	0
SEE_18_64_MR	789	Sound	hi110b	21223303	0	1			0		other	0
SEE_18_64_MR	790	Picture	500+	21289300	0	1	5167	1	0	5000	other	0
SEE_18_64_MR	791	Picture	hi_P239	21294467	0	1	30166	1	0	30000	other	0
SEE_18_64_MR	792	Picture	+	21324799	0	1	20166	1	0	44790	other	0
SEE_18_64_MR	793	Picture	hi_F009	21344966	0	1	30166	1	0	30000	other	0
SEE_18_64_MR	794	Picture	+	21375298	0	1	20166	1	0	32580	other	0
SEE_18_64_MR	795	Picture	low_A188	21395464	0	1	30166	1	0	30000	other	0
SEE_18_64_MR	796	Picture	+	21425797	0	1	88331	1	0	next	other	0
SEE_18_64_MR	797	Sound	hi243a	21445798	0	1			0		other	0
SEE_18_64_MR	798	Picture	500+	21514128	0	1	5167	1	0	5000	other	0
SEE_18_64_MR	799	Picture	low_F079	21519295	0	1	30166	1	0	30000	other	0
SEE_18_64_MR	800	Picture	+	21549460	0	1	57832	1	0	next	other	0
SEE_18_64_MR	801	Sound	hi243b	21549461	0	1			0		other	0
SEE_18_64_MR	802	Picture	500+	21607292	0	1	5167	1	0	5000	other	0
SEE_18_64_MR	803	Picture	hi_P022	21612459	0	1	30166	1	0	30000	other	0
SEE_18_64_MR	804	Picture	+	21642791	0	1	20166	1	0	32420	other	0
SEE_18_64_MR	805	Picture	low_L071	21662958	0	1	30166	1	0	30000	other	0
SEE_18_64_MR	806	Picture	+	21693290	0	1	20166	1	0	43990	other	0
SEE_18_64_MR	807	Picture	hi_F019	21713456	0	1	30166	1	0	30000	other	0
SEE_18_64_MR	808	Picture	+	21743789	0	1	79998	1	0	next	other	0
SEE_18_64_MR	809	Sound	low283a	21763790	0	1			0		other	0
SEE_18_64_MR	810	Picture	500+	21823787	0	1	5167	1	0	5000	other	0
SEE_18_64_MR	811	Picture	hi_P033	21828954	0	1	30166	1	0	30000	other	0
SEE_18_64_MR	812	Picture	+	21859286	0	1	57999	1	0	next	other	0
SEE_18_64_MR	813	Sound	low283b	21859287	0	1			0		other	0
SEE_18_64_MR	814	Picture	500+	21917285	0	1	5167	1	0	5000	other	0
SEE_18_64_MR	815	Picture	low_F066	21922451	0	1	30166	1	0	30000	other	0
SEE_18_64_MR	816	Picture	+	21952784	0	1	20166	1	0	30340	other	0
SEE_18_64_MR	817	Picture	low_F333	21972950	0	1	30166	1	0	30000	other	0
SEE_18_64_MR	818	Picture	+	22003282	0	1	20166	1	0	33660	other	0
SEE_18_64_MR	819	Picture	hi_A075	22023449	0	1	30166	1	0	30000	other	0
SEE_18_64_MR	820	Picture	+	22053781	0	1	79165	1	0	next	other	0
SEE_18_64_MR	821	Sound	low271a	22073782	0	1			0		other	0
SEE_18_64_MR	822	Picture	500+	22132946	0	1	5167	1	0	5000	other	0
SEE_18_64_MR	823	Picture	low_P115	22138279	0	1	30166	1	0	30000	other	0
SEE_18_64_MR	824	Picture	+	22168445	0	1	66332	1	0	next	other	0
SEE_18_64_MR	825	Sound	low271b	22168446	0	1			0		other	0
SEE_18_64_MR	826	Picture	500+	22234777	0	1	5167	1	0	5000	other	0
SEE_18_64_MR	827	Picture	hi_P021	22240110	0	1	30166	1	0	30000	other	0
SEE_18_64_MR	828	Picture	+	22270443	0	1	20166	1	0	32310	other	0
SEE_18_64_MR	829	Picture	low_L128	22290609	0	1	30166	1	0	30000	other	0
SEE_18_64_MR	830	Picture	+	22320941	0	1	20166	1	0	40350	other	0
SEE_18_64_MR	831	Picture	hi_P001	22341107	0	1	30166	1	0	30000	other	0
SEE_18_64_MR	832	Picture	+	22371440	0	1	80831	1	0	next	other	0
SEE_18_64_MR	833	Sound	low037a	22391441	0	1			0		other	0
SEE_18_64_MR	834	Picture	500+	22452271	0	1	5166	1	0	5000	other	0
SEE_18_64_MR	835	Picture	hi_P028	22457438	0	1	30166	1	0	30000	other	0
SEE_18_64_MR	836	Picture	+	22487604	0	1	66332	1	0	next	other	0
SEE_18_64_MR	837	Sound	low037b	22487604	0	1			0		other	0
SEE_18_64_MR	838	Picture	500+	22553935	0	1	5167	1	0	5000	other	0
SEE_18_64_MR	839	Picture	low_L158	22559102	0	1	30166	1	0	30000	other	0
SEE_18_64_MR	840	Picture	+	22589435	0	1	20166	1	0	44280	other	0
SEE_18_64_MR	841	Picture	low_O256	22609601	0	1	30166	1	0	30000	other	0
SEE_18_64_MR	842	Picture	+	22639933	0	1	20166	1	0	43850	other	0
SEE_18_64_MR	843	Picture	hi_P032	22660099	0	1	30166	1	0	30000	other	0
SEE_18_64_MR	844	Picture	+	22690432	0	1	88164	1	0	next	other	0
SEE_18_64_MR	845	Sound	low071a	22710433	0	1			0		other	0
SEE_18_64_MR	846	Picture	500+	22778596	0	1	5167	1	0	5000	other	0
SEE_18_64_MR	847	Picture	low_P138	22783930	0	1	30166	1	0	30000	other	0
SEE_18_64_MR	848	Picture	+	22814096	0	1	58665	1	0	next	other	0
SEE_18_64_MR	849	Sound	low071b	22814096	0	1			0		other	0
SEE_18_64_MR	850	Picture	500+	22872761	0	1	5167	1	0	5000	other	0
SEE_18_64_MR	851	Picture	hi_F291	22878094	0	1	30166	1	0	30000	other	0
SEE_18_64_MR	852	Picture	+	22908427	0	1	20166	1	0	38630	other	0
SEE_18_64_MR	853	Picture	hi_A062	22928593	0	1	30166	1	0	30000	other	0
SEE_18_64_MR	854	Picture	+	22958925	0	1	20166	1	0	30210	other	0
SEE_18_64_MR	855	Picture	low_P152	22979091	0	1	30166	1	0	30000	other	0
SEE_18_64_MR	856	Picture	+	23009424	0	1	75998	1	0	next	other	0
SEE_18_64_MR	857	Sound	hi319a	23029425	0	1			0		other	0
SEE_18_64_MR	858	Picture	500+	23085422	0	1	5167	1	0	5000	other	0
SEE_18_64_MR	859	Picture	hi_P016	23090589	0	1	30166	1	0	30000	other	0
SEE_18_64_MR	860	Picture	+	23120755	0	1	60999	1	0	next	other	0
SEE_18_64_MR	861	Sound	hi319b	23120755	0	1			0		other	0
SEE_18_64_MR	862	Picture	500+	23181753	0	1	5167	1	0	5000	other	0
SEE_18_64_MR	863	Picture	low_L016	23186920	0	1	30166	1	0	30000	other	0
SEE_18_64_MR	864	Picture	+	23217252	0	1	20166	1	0	33420	other	0
SEE_18_64_MR	865	Picture	hi_A073	23237418	0	1	30166	1	0	30000	other	0
SEE_18_64_MR	866	Picture	+	23267751	0	1	20166	1	0	34840	other	0
SEE_18_64_MR	867	Picture	low_L147	23287917	0	1	30166	1	0	30000	other	0
SEE_18_64_MR	868	Picture	+	23318250	0	1	85998	1	0	next	other	0
SEE_18_64_MR	869	Sound	hi246a	23338250	0	1			0		other	0
SEE_18_64_MR	870	Picture	500+	23404248	0	1	5167	1	0	5000	other	0
SEE_18_64_MR	871	Picture	hi_A024	23409414	0	1	30166	1	0	30000	other	0
SEE_18_64_MR	872	Picture	+	23439580	0	1	58499	1	0	next	other	0
SEE_18_64_MR	873	Sound	hi246b	23439581	0	1			0		other	0
SEE_18_64_MR	874	Picture	500+	23498079	0	1	5166	1	0	5000	other	0
SEE_18_64_MR	875	Picture	low_L119	23503412	0	1	30166	1	0	30000	other	0
SEE_18_64_MR	876	Picture	+	23533744	0	1	20166	1	0	32710	other	0
SEE_18_64_MR	877	Picture	low_L113	23553911	0	1	30166	1	0	30000	other	0
SEE_18_64_MR	878	Picture	+	23584243	0	1	20166	1	0	33840	other	0
SEE_18_64_MR	879	Picture	hi_O004	23604409	0	1	30166	1	0	30000	other	0
SEE_18_64_MR	880	Picture	+	23634742	0	1	87664	1	0	next	other	0
SEE_18_64_MR	881	Sound	hi169a	23654743	0	1			0		other	0
SEE_18_64_MR	882	Picture	500+	23722406	0	1	5167	1	0	5000	other	0
SEE_18_64_MR	883	Picture	low_P116	23727573	0	1	30166	1	0	30000	other	0
SEE_18_64_MR	884	Picture	+	23757905	0	1	64498	1	0	next	other	0
SEE_18_64_MR	885	Sound	hi169b	23757906	0	1			0		other	0
SEE_18_64_MR	886	Picture	500+	23822404	0	1	5167	1	0	5000	other	0
SEE_18_64_MR	887	Picture	hi_P225	23827570	0	1	30166	1	0	30000	other	0
SEE_18_64_MR	888	Picture	+	23857903	0	1	20166	1	0	38520	other	0
SEE_18_64_MR	889	Picture	hi_P034	23878069	0	1	30166	1	0	30000	other	0
SEE_18_64_MR	890	Picture	+	23908402	0	1	20166	1	0	38460	other	0
SEE_18_64_MR	891	Picture	low_F244	23928568	0	1	30166	1	0	30000	other	0
SEE_18_64_MR	892	Picture	+	23958900	0	1	89664	1	0	next	other	0
SEE_18_64_MR	893	Sound	low087a	23978901	0	1			0		other	0
SEE_18_64_MR	894	Picture	500+	24048565	0	1	5167	1	0	5000	other	0
SEE_18_64_MR	895	Picture	low_F089	24053898	0	1	30166	1	0	30000	other	0
SEE_18_64_MR	896	Picture	+	24084231	0	1	69832	1	0	next	other	0
SEE_18_64_MR	897	Sound	low087b	24084231	0	2			0		other	0
SEE_18_64_MR	898	Picture	500+	24154062	0	1	5167	1	0	5000	other	0
SEE_18_64_MR	899	Picture	hi_F014	24159229	0	1	30166	1	0	30000	other	0
SEE_18_64_MR	900	Picture	+	24189561	0	1	20166	1	0	34670	other	0
SEE_18_64_MR	901	Picture	hi_A042	24209727	0	1	30166	1	0	30000	other	0
SEE_18_64_MR	902	Picture	+	24240060	0	1	20166	1	0	35920	other	0
SEE_18_64_MR	903	Picture	low_A108	24260226	0	1	30166	1	0	30000	other	0
SEE_18_64_MR	904	Picture	+	24290559	0	1	87831	1	0	next	other	0
SEE_18_64_MR	905	Sound	hi310a	24310560	0	1			0		other	0
SEE_18_64_MR	906	Picture	500+	24378390	0	1	5167	1	0	5000	other	0
SEE_18_64_MR	907	Picture	low_L126	24383556	0	1	30166	1	0	30000	other	0
SEE_18_64_MR	908	Picture	+	24413722	0	1	66498	1	0	next	other	0
SEE_18_64_MR	909	Sound	hi310b	24413723	0	1			0		other	0
SEE_18_64_MR	910	Picture	500+	24480221	0	1	5167	1	0	5000	other	0
SEE_18_64_MR	911	Picture	hi_P008	24485554	0	1	30166	1	0	30000	other	0
SEE_18_64_MR	912	Picture	+	24515886	0	1	20166	1	0	39220	other	0
SEE_18_64_MR	913	Picture	hi_O202	24536053	0	1	30166	1	0	30000	other	0
SEE_18_64_MR	914	Picture	+	24566385	0	1	20166	1	0	43520	other	0
SEE_18_64_MR	915	Picture	low_P112	24586551	0	1	30166	1	0	30000	other	0
SEE_18_64_MR	916	Picture	+	24616884	0	1	75498	1	0	next	other	0
SEE_18_64_MR	917	Sound	low042a	24636885	0	1			0		other	0
SEE_18_64_MR	918	Picture	500+	24692382	0	1	5167	1	0	5000	other	0
SEE_18_64_MR	919	Picture	low_L148	24697549	0	1	30166	1	0	30000	other	0
SEE_18_64_MR	920	Picture	+	24727715	0	1	66332	1	0	next	other	0
SEE_18_64_MR	921	Sound	low042b	24727715	0	1			0		other	0
SEE_18_64_MR	922	Picture	500+	24794046	0	1	5167	1	0	5000	other	0
SEE_18_64_MR	923	Picture	hi_P223	24799213	0	1	30166	1	0	30000	other	0
SEE_18_64_MR	924	Picture	+	24829545	0	1	20166	1	0	42520	other	0
SEE_18_64_MR	925	Picture	low_L111	24849711	0	1	30166	1	0	30000	other	0
SEE_18_64_MR	926	Picture	+	24880044	0	1	20166	1	0	39320	other	0
SEE_18_64_MR	927	Picture	hi_A045	24900210	0	1	30166	1	0	30000	other	0
SEE_18_64_MR	928	Picture	+	24930543	0	1	78998	1	0	next	other	0
SEE_18_64_MR	929	Sound	hi241a	24950544	0	1			0		other	0
SEE_18_64_MR	930	Picture	500+	25009541	0	1	5166	1	0	5000	other	0
SEE_18_64_MR	931	Picture	low_L104	25014707	0	1	30166	1	0	30000	other	0
SEE_18_64_MR	932	Picture	+	25044873	0	1	66332	1	0	next	other	0
SEE_18_64_MR	933	Sound	hi241b	25044874	0	1			0		other	0
SEE_18_64_MR	934	Picture	500+	25111205	0	1	5167	1	0	5000	other	0
SEE_18_64_MR	935	Picture	hi_O285	25116372	0	1	30166	1	0	30000	other	0
SEE_18_64_MR	936	Picture	+	25146704	0	1	20166	1	0	35070	other	0
SEE_18_64_MR	937	Picture	hi_F297	25166870	0	1	30166	1	0	30000	other	0
SEE_18_64_MR	938	Picture	+	25197203	0	1	20166	1	0	33900	other	0
SEE_18_64_MR	939	Picture	low_L034	25217369	0	1	30166	1	0	30000	other	0
SEE_18_64_MR	940	Picture	+	25247702	0	1	75665	1	0	next	other	0
SEE_18_64_MR	941	Sound	hi159a	25267702	0	1			0		other	0
SEE_18_64_MR	942	Picture	500+	25323366	0	1	5167	1	0	5000	other	0
SEE_18_64_MR	943	Picture	hi_P003	25328533	0	1	30166	1	0	30000	other	0
SEE_18_64_MR	944	Picture	+	25358699	0	1	59832	1	0	next	other	0
SEE_18_64_MR	945	Sound	hi159b	25358699	0	1			0		other	0
SEE_18_64_MR	946	Picture	500+	25418531	0	1	5167	1	0	5000	other	0
SEE_18_64_MR	947	Picture	low_L130	25423864	0	1	30166	1	0	30000	other	0
SEE_18_64_MR	948	Picture	+	25454196	0	1	20166	1	0	35630	other	0
SEE_18_64_MR	949	Picture	low_F343	25474363	0	1	30166	1	0	30000	other	0
SEE_18_64_MR	950	Picture	+	25504695	0	1	20166	1	0	33240	other	0
SEE_18_64_MR	951	Picture	hi_A063	25524861	0	1	30166	1	0	30000	other	0
SEE_18_64_MR	952	Picture	+	25555194	0	1	87331	1	0	next	other	0
SEE_18_64_MR	953	Sound	hi249a	25575195	0	2			0		other	0
SEE_18_64_MR	954	Picture	500+	25642525	0	1	5166	1	0	5000	other	0
SEE_18_64_MR	955	Picture	low_P105	25647692	0	1	30166	1	0	30000	other	0
SEE_18_64_MR	956	Picture	+	25677857	0	1	64332	1	0	next	other	0
SEE_18_64_MR	957	Sound	hi249b	25677858	0	2			0		other	0
SEE_18_64_MR	958	Picture	500+	25742189	0	1	5167	1	0	5000	other	0
SEE_18_64_MR	959	Picture	hi_P221	25747356	0	1	30166	1	0	30000	other	0
SEE_18_64_MR	960	Picture	+	25777688	0	1	20166	1	0	33180	other	0
SEE_18_64_MR	961	Picture	hi_A077	25797854	0	1	30166	1	0	30000	other	0
SEE_18_64_MR	962	Picture	+	25828187	0	1	20166	1	0	39180	other	0
SEE_18_64_MR	963	Picture	low_F042	25848353	0	1	30166	1	0	30000	other	0
SEE_18_64_MR	964	Picture	+	25878686	0	1	82998	1	0	next	other	0
SEE_18_64_MR	965	Sound	low350a	25898687	0	1			0		other	0
SEE_18_64_MR	966	Picture	500+	25961684	0	1	5167	1	0	5000	other	0
SEE_18_64_MR	967	Picture	hi_O013	25966850	0	1	30166	1	0	30000	other	0
SEE_18_64_MR	968	Picture	+	25997016	0	1	55999	1	0	next	other	0
SEE_18_64_MR	969	Sound	low350b	25997017	0	1			0		other	0
SEE_18_64_MR	970	Picture	500+	26053015	0	1	5167	1	0	5000	other	0
SEE_18_64_MR	971	Picture	low_A169	26058348	0	1	30166	1	0	30000	other	0
SEE_18_64_MR	972	Picture	+	26088681	0	1	20166	1	0	34670	other	0
SEE_18_64_MR	973	Picture	hi_P147	26108847	0	1	30166	1	0	30000	other	0
SEE_18_64_MR	974	Picture	+	26139179	0	1	20134	41	0	40540	other	0
SEE_18_64_MR	975	Picture	low_F052	26159314	0	41	30031	41	0	30000	other	0
SEE_18_64_MR	976	Picture	+	26189511	0	1	87331	1	0	next	other	0
SEE_18_64_MR	977	Sound	hi009a	26209512	0	1			0		other	0
SEE_18_64_MR	978	Picture	500+	26276843	0	1	5167	1	0	5000	other	0
SEE_18_64_MR	979	Picture	low_A139	26282176	0	1	30166	1	0	30000	other	0
SEE_18_64_MR	980	Picture	+	26312342	0	1	62498	1	0	next	other	0
SEE_18_64_MR	981	Sound	hi009b	26312342	0	1			0		other	0
SEE_18_64_MR	982	Picture	500+	26374840	0	1	5167	1	0	5000	other	0
SEE_18_64_MR	983	Picture	hi_A074	26380007	0	1	30166	1	0	30000	other	0
SEE_18_64_MR	984	Picture	+	26410339	0	1	20166	1	0	30100	other	0
SEE_18_64_MR	985	Picture	hi_O126	26430505	0	1	30166	1	0	30000	other	0
SEE_18_64_MR	986	Picture	+	26460838	0	1	20166	1	0	43710	other	0
SEE_18_64_MR	987	Picture	low_L163	26481004	0	1	30166	1	0	30000	other	0
SEE_18_64_MR	988	Picture	+	26511337	0	1	79165	1	0	next	other	0
SEE_18_64_MR	989	Sound	hi128a	26531338	0	1			0		other	0
SEE_18_64_MR	990	Picture	500+	26590501	0	1	5167	1	0	5000	other	0
SEE_18_64_MR	991	Picture	low_F228	26595668	0	1	30166	1	0	30000	other	0
SEE_18_64_MR	992	Picture	+	26625834	0	1	68498	1	0	next	other	0
SEE_18_64_MR	993	Sound	hi128b	26625835	0	1			0		other	0
SEE_18_64_MR	994	Picture	500+	26694332	0	1	5167	1	0	5000	other	0
SEE_18_64_MR	995	Picture	hi_A143	26699499	0	1	30166	1	0	30000	other	0
SEE_18_64_MR	996	Picture	+	26729831	0	1	20166	1	0	35620	other	0
SEE_18_64_MR	997	Picture	low_A090	26749997	0	1	30166	1	0	30000	other	0
SEE_18_64_MR	998	Picture	+	26780330	0	1	20166	1	0	38540	other	0
SEE_18_64_MR	999	Picture	hi_A058	26800496	0	1	30166	1	0	30000	other	0
SEE_18_64_MR	1000	Picture	+	26830829	0	1	85498	1	0	next	other	0
SEE_18_64_MR	1001	Sound	low084a	26850830	0	1			0		other	0
SEE_18_64_MR	1002	Picture	500+	26916327	0	1	5167	1	0	5000	other	0
SEE_18_64_MR	1003	Picture	hi_F295	26921493	0	1	30166	1	0	30000	other	0
SEE_18_64_MR	1004	Picture	+	26951826	0	1	68165	1	0	next	other	0
SEE_18_64_MR	1005	Sound	low084b	26951826	0	1			0		other	0
SEE_18_64_MR	1006	Picture	500+	27019991	0	1	5167	1	0	5000	other	0
SEE_18_64_MR	1007	Picture	low_L121	27025157	0	1	30166	1	0	30000	other	0
SEE_18_64_MR	1008	Picture	+	27055490	0	1	20166	1	0	33680	other	0
SEE_18_64_MR	1009	Picture	hi_F038	27075656	0	1	30166	1	0	30000	other	0
SEE_18_64_MR	1010	Picture	+	27105989	0	1	20166	1	0	42910	other	0
SEE_18_64_MR	1011	Picture	low_A184	27126155	0	1	30166	1	0	30000	other	0
SEE_18_64_MR	1012	Picture	+	27156487	0	1	88498	1	0	next	other	0
SEE_18_64_MR	1013	Sound	hi013a	27176488	0	1			0		other	0
SEE_18_64_MR	1014	Picture	500+	27244985	0	1	5167	1	0	5000	other	0
SEE_18_64_MR	1015	Picture	hi_F298	27250152	0	1	30166	1	0	30000	other	0
SEE_18_64_MR	1016	Picture	+	27280318	0	1	57332	1	0	next	other	0
SEE_18_64_MR	1017	Sound	hi013b	27280318	0	1			0		other	0
SEE_18_64_MR	1018	Picture	500+	27337649	0	1	5167	1	0	5000	other	0
SEE_18_64_MR	1019	Picture	low_L169	27342816	0	1	30166	1	0	30000	other	0
SEE_18_64_MR	1020	Picture	+	27373149	0	1	20166	1	0	42730	other	0
SEE_18_64_MR	1021	Picture	low_A097	27393315	0	1	30166	1	0	30000	other	0
SEE_18_64_MR	1022	Picture	+	27423647	0	1	20166	1	0	43250	other	0
SEE_18_64_MR	1023	Picture	hi_F290	27443813	0	1	30166	1	0	30000	other	0
SEE_18_64_MR	1024	Picture	+	27474146	0	1	80998	1	0	next	other	0
SEE_18_64_MR	1025	Sound	low330a	27494147	0	1			0		other	0
SEE_18_64_MR	1026	Picture	500+	27555144	0	1	5167	1	0	5000	other	0
SEE_18_64_MR	1027	Picture	hi_F163	27560310	0	1	30166	1	0	30000	other	0
SEE_18_64_MR	1028	Picture	+	27590476	0	1	65165	1	0	next	other	0
SEE_18_64_MR	1029	Sound	low330b	27590477	0	1			0		other	0
SEE_18_64_MR	1030	Picture	500+	27655641	0	1	5167	1	0	5000	other	0
SEE_18_64_MR	1031	Picture	low_F061	27660975	0	1	30166	1	0	30000	other	0
SEE_18_64_MR	1032	Picture	+	27691307	0	1	20166	1	0	35810	other	0
SEE_18_64_MR	1033	Picture	low_L100	27711473	0	1	30166	1	0	30000	other	0
SEE_18_64_MR	1034	Picture	+	27741806	0	1	20166	1	0	31020	other	0
SEE_18_64_MR	1035	Picture	hi_F270	27761972	0	1	30166	1	0	30000	other	0
SEE_18_64_MR	1036	Picture	+	27792305	0	1	75165	1	0	next	other	0
SEE_18_64_MR	1037	Sound	low171a	27812306	0	1			0		other	0
SEE_18_64_MR	1038	Picture	500+	27867470	0	1	5167	1	0	5000	other	0
SEE_18_64_MR	1039	Picture	hi_A030	27872636	0	1	30166	1	0	30000	other	0
SEE_18_64_MR	1040	Picture	+	27902802	0	1	68332	1	0	next	other	0
SEE_18_64_MR	1041	Sound	low171b	27902803	0	1			0		other	0
SEE_18_64_MR	1042	Picture	500+	27971134	0	1	5167	1	0	5000	other	0
SEE_18_64_MR	1043	Picture	low_L141	27976300	0	1	30166	1	0	30000	other	0
SEE_18_64_MR	1044	Picture	+	28006633	0	1	20166	1	0	35540	other	0
SEE_18_64_MR	1045	Picture	low_L146	28026799	0	1	30166	1	0	30000	other	0
SEE_18_64_MR	1046	Picture	+	28057132	0	1	20166	1	0	40080	other	0
SEE_18_64_MR	1047	Picture	hi_F366	28077298	0	1	30166	1	0	30000	other	0
SEE_18_64_MR	1048	Picture	+	28107630	0	1	85331	1	0	next	other	0
SEE_18_64_MR	1049	Sound	low079a	28127631	0	1			0		other	0
SEE_18_64_MR	1050	Picture	500+	28192961	0	1	5166	1	0	5000	other	0
SEE_18_64_MR	1051	Picture	low_A128	28198295	0	1	30166	1	0	30000	other	0
SEE_18_64_MR	1052	Picture	+	28228461	0	1	57999	1	0	next	other	0
SEE_18_64_MR	1053	Sound	low079b	28228461	0	1			0		other	0
SEE_18_64_MR	1054	Picture	500+	28286459	0	1	5167	1	0	5000	other	0
SEE_18_64_MR	1055	Picture	hi_O149	28291626	0	1	30166	1	0	30000	other	0
SEE_18_64_MR	1056	Picture	+	28321958	0	1	20166	1	0	37290	other	0
SEE_18_64_MR	1057	Picture	low_A219	28342124	0	1	30166	1	0	30000	other	0
SEE_18_64_MR	1058	Picture	+	28372457	0	1	20166	1	0	37090	other	0
SEE_18_64_MR	1059	Picture	hi_A221	28392623	0	1	30166	1	0	30000	other	0
SEE_18_64_MR	1060	Picture	+	28422956	0	1	89164	1	0	next	other	0
SEE_18_64_MR	1061	Sound	low035a	28442956	0	1			0		other	0
SEE_18_64_MR	1062	Picture	500+	28512120	0	1	5167	1	0	5000	other	0
SEE_18_64_MR	1063	Picture	hi_A033	28517287	0	1	30166	1	0	30000	other	0
SEE_18_64_MR	1064	Picture	+	28547453	0	1	61332	1	0	next	other	0
SEE_18_64_MR	1065	Sound	low035b	28547453	0	1			0		other	0
SEE_18_64_MR	1066	Picture	500+	28608784	0	1	5167	1	0	5000	other	0
SEE_18_64_MR	1067	Picture	low_L094	28613951	0	1	30166	1	0	30000	other	0
SEE_18_64_MR	1068	Picture	+	28644283	0	1	20166	1	0	42140	other	0
SEE_18_64_MR	1069	Picture	low_L072	28664450	0	1	30166	1	0	30000	other	0
SEE_18_64_MR	1070	Picture	+	28694782	0	1	20166	1	0	41150	other	0
SEE_18_64_MR	1071	Picture	hi_F170	28714948	0	1	30166	1	0	30000	other	0
SEE_18_64_MR	1072	Picture	+	28745281	0	1	83331	1	0	next	other	0
SEE_18_64_MR	1073	Sound	hi003a	28765282	0	1			0		other	0
SEE_18_64_MR	1074	Picture	500+	28828612	0	1	5167	1	0	5000	other	0
SEE_18_64_MR	1075	Picture	hi_P217	28833779	0	1	30166	1	0	30000	other	0
SEE_18_64_MR	1076	Picture	+	28864111	0	1	57332	1	0	next	other	0
SEE_18_64_MR	1077	Sound	hi003b	28864112	0	2			0		other	0
SEE_18_64_MR	1078	Picture	500+	28921443	0	1	5167	1	0	5000	other	0
SEE_18_64_MR	1079	Picture	low_L175	28926610	0	1	30166	1	0	30000	other	0
SEE_18_64_MR	1080	Picture	+	28956942	0	1	20166	1	0	32020	other	0
SEE_18_64_MR	1081	Picture	hi_O283	28977109	0	1	30166	1	0	30000	other	0
SEE_18_64_MR	1082	Picture	+	29007441	0	1	20166	1	0	36920	other	0
SEE_18_64_MR	1083	Picture	low_F056	29027607	0	1	30166	1	0	30000	other	0
SEE_18_64_MR	1084	Picture	+	29057940	0	1	85998	1	0	next	other	0
SEE_18_64_MR	1085	Sound	low089a	29077941	0	1			0		other	0
SEE_18_64_MR	1086	Picture	500+	29143938	0	1	5166	1	0	5000	other	0
SEE_18_64_MR	1087	Picture	hi_O007	29149104	0	1	30166	1	0	30000	other	0
SEE_18_64_MR	1088	Picture	+	29179270	0	1	62498	1	0	next	other	0
SEE_18_64_MR	1089	Sound	low089b	29179271	0	1			0		other	0
SEE_18_64_MR	1090	Picture	500+	29241769	0	1	5166	1	0	5000	other	0
SEE_18_64_MR	1091	Picture	low_L083	29246935	0	1	30166	1	0	30000	other	0
SEE_18_64_MR	1092	Picture	+	29277268	0	1	20166	1	0	33870	other	0
SEE_18_64_MR	1093	Picture	low_L164	29297434	0	1	30166	1	0	30000	other	0
SEE_18_64_MR	1094	Picture	+	29327766	0	1	20166	1	0	32570	other	0
SEE_18_64_MR	1095	Picture	hi_P216	29347933	0	1	30166	1	0	30000	other	0
SEE_18_64_MR	1096	Picture	+	29378265	0	1	81498	1	0	next	other	0
SEE_18_64_MR	1097	Sound	hi250a	29398266	0	1			0		other	0
SEE_18_64_MR	1098	Picture	500+	29459763	0	1	5167	1	0	5000	other	0
SEE_18_64_MR	1099	Picture	hi_P220	29465096	0	1	30166	1	0	30000	other	0
SEE_18_64_MR	1100	Picture	+	29495262	0	1	65498	1	0	next	other	0
SEE_18_64_MR	1101	Sound	hi250b	29495263	0	1			0		other	0
SEE_18_64_MR	1102	Picture	500+	29560761	0	1	5167	1	0	5000	other	0
SEE_18_64_MR	1103	Picture	low_L107	29566094	0	1	30166	1	0	30000	other	0
SEE_18_64_MR	1104	Picture	+	29596426	0	1	20166	1	0	44320	other	0
SEE_18_64_MR	1105	Picture	low_A095	29616593	0	1	30166	1	0	30000	other	0
SEE_18_64_MR	1106	Picture	+	29646925	0	1	20166	1	0	34480	other	0
SEE_18_64_MR	1107	Picture	hi_A060	29667091	0	1	30166	1	0	30000	other	0
SEE_18_64_MR	1108	Picture	+	29697424	0	1	79831	1	0	next	other	0
SEE_18_64_MR	1109	Sound	hi251a	29717425	0	1			0		other	0
SEE_18_64_MR	1110	Picture	500+	29777255	0	1	5167	1	0	5000	other	0
SEE_18_64_MR	1111	Picture	low_L048	29782588	0	1	30166	1	0	30000	other	0
SEE_18_64_MR	1112	Picture	+	29812754	0	1	66665	1	0	next	other	0
SEE_18_64_MR	1113	Sound	hi251b	29812755	0	1			0		other	0
SEE_18_64_MR	1114	Picture	500+	29879419	0	1	5167	1	0	5000	other	0
SEE_18_64_MR	1115	Picture	hi_P229	29884586	0	1	30166	1	0	30000	other	0
SEE_18_64_MR	1116	Picture	+	29914918	0	1	20166	1	0	41940	other	0
SEE_18_64_MR	1117	Picture	low_P045	29935085	0	1	30166	1	0	30000	other	0
SEE_18_64_MR	1118	Picture	+	29965417	0	1	20166	1	0	44290	other	0
SEE_18_64_MR	1119	Picture	hi_F032	29985583	0	1	30166	1	0	30000	other	0
SEE_18_64_MR	1120	Picture	+	30015916	0	1	76831	1	0	next	other	0
SEE_18_64_MR	1121	Sound	low341a	30035917	0	1			0		other	0
SEE_18_64_MR	1122	Picture	500+	30092747	0	1	5167	1	0	5000	other	0
SEE_18_64_MR	1123	Picture	hi_P009	30098081	0	1	30166	1	0	30000	other	0
SEE_18_64_MR	1124	Picture	+	30128246	0	1	56165	1	0	next	other	0
SEE_18_64_MR	1125	Sound	low341b	30128247	0	1			0		other	0
SEE_18_64_MR	1126	Picture	500+	30184412	0	1	5167	1	0	5000	other	0
SEE_18_64_MR	1127	Picture	low_L055	30189578	0	1	30166	1	0	30000	other	0
SEE_18_64_MR	1128	Picture	+	30219911	0	1	20166	1	0	44990	other	0
SEE_18_64_MR	1129	Picture	low_L127	30240077	0	1	30166	1	0	30000	other	0
SEE_18_64_MR	1130	Picture	+	30270410	0	1	20166	1	0	33010	other	0
SEE_18_64_MR	1131	Picture	hi_A016	30290576	0	1	30166	1	0	30000	other	0
SEE_18_64_MR	1132	Picture	+	30320908	0	1	81665	1	0	next	other	0
SEE_18_64_MR	1133	Sound	low179a	30340909	0	1			0		other	0
SEE_18_64_MR	1134	Picture	500+	30402573	0	1	5167	1	0	5000	other	0
SEE_18_64_MR	1135	Picture	hi_O125	30407740	0	1	30166	1	0	30000	other	0
SEE_18_64_MR	1136	Picture	+	30438072	0	1	60999	1	0	next	other	0
SEE_18_64_MR	1137	Sound	low179b	30438073	0	1			0		other	0
SEE_18_64_MR	1138	Picture	500+	30499071	0	1	5166	1	0	5000	other	0
SEE_18_64_MR	1139	Picture	low_P048	30504237	0	1	30166	1	0	30000	other	0
SEE_18_64_MR	1140	Picture	+	30534570	0	1	20166	1	0	36370	other	0
SEE_18_64_MR	1141	Picture	hi_P235	30554736	0	1	30166	1	0	30000	other	0
SEE_18_64_MR	1142	Picture	+	30585068	0	1	20166	1	0	38420	other	0
SEE_18_64_MR	1143	Picture	low_A099	30605235	0	1	30166	1	0	30000	other	0
SEE_18_64_MR	1144	Picture	+	30635567	0	1	76831	1	0	next	other	0
SEE_18_64_MR	1145	Sound	hi162a	30655568	0	1			0		other	0
SEE_18_64_MR	1146	Picture	500+	30712399	0	1	5167	1	0	5000	other	0
SEE_18_64_MR	1147	Picture	low_L041	30717732	0	1	30166	1	0	30000	other	0
SEE_18_64_MR	1148	Picture	+	30747898	0	1	59832	1	0	next	other	0
SEE_18_64_MR	1149	Sound	hi162b	30747898	0	1			0		other	0
SEE_18_64_MR	1150	Picture	500+	30807730	0	1	5167	1	0	5000	other	0
SEE_18_64_MR	1151	Picture	hi_A041	30813063	0	1	30166	1	0	30000	other	0
SEE_18_64_MR	1152	Picture	+	30843395	0	1	20166	1	0	36180	other	0
SEE_18_64_MR	1153	Picture	low_L123	30863561	0	1	30166	1	0	30000	other	0
SEE_18_64_MR	1154	Picture	+	30893894	0	1	20166	1	0	44860	other	0
SEE_18_64_MR	1155	Picture	hi_P010	30914060	0	1	30166	1	0	30000	other	0
SEE_18_64_MR	1156	Picture	+	30944393	0	1	80831	1	0	next	other	0
SEE_18_64_MR	1157	Sound	hi248a	30964394	0	1			0		other	0
SEE_18_64_MR	1158	Picture	500+	31025224	0	1	5167	1	0	5000	other	0
SEE_18_64_MR	1159	Picture	low_F099	31030391	0	1	30166	1	0	30000	other	0
SEE_18_64_MR	1160	Picture	+	31060557	0	1	60832	1	0	next	other	0
SEE_18_64_MR	1161	Sound	hi248b	31060557	0	1			0		other	0
SEE_18_64_MR	1162	Picture	500+	31121388	0	1	5167	1	0	5000	other	0
SEE_18_64_MR	1163	Picture	hi_P020	31126722	0	1	30166	1	0	30000	other	0
SEE_18_64_MR	1164	Picture	+	31157054	0	1	20166	1	0	35590	other	0
SEE_18_64_MR	1165	Picture	hi_P202	31177220	0	1	30166	1	0	30000	other	0
SEE_18_64_MR	1166	Picture	+	31207553	0	1	20166	1	0	35750	other	0
SEE_18_64_MR	1167	Picture	low_L064	31227719	0	1	30166	1	0	30000	other	0
SEE_18_64_MR	1168	Picture	+	31258052	0	1	78831	1	0	next	other	0
SEE_18_64_MR	1169	Sound	low030a	31278052	0	1			0		other	0
SEE_18_64_MR	1170	Picture	500+	31336883	0	1	5167	1	0	5000	other	0
SEE_18_64_MR	1171	Picture	hi_F146	31342216	0	1	30166	1	0	30000	other	0
SEE_18_64_MR	1172	Picture	+	31372382	0	1	57165	1	0	next	other	0
SEE_18_64_MR	1173	Sound	low030b	31372383	0	2			0		other	0
SEE_18_64_MR	1174	Picture	500+	31429547	0	1	5167	1	0	5000	other	0
SEE_18_64_MR	1175	Picture	low_P195	31434881	0	1	30166	1	0	30000	other	0
SEE_18_64_MR	1176	Picture	+	31465213	0	1	20166	1	0	31120	other	0
SEE_18_64_MR	1177	Picture	hi_A013	31485379	0	1	30166	1	0	30000	other	0
SEE_18_64_MR	1178	Picture	+	31515712	0	1	20166	1	0	38620	other	0
SEE_18_64_MR	1179	Picture	low_F047	31535878	0	1	30166	1	0	30000	other	0
SEE_18_64_MR	1180	Picture	+	31566211	0	1	82998	1	0	next	other	0
SEE_18_64_MR	1181	Sound	hi247a	31586211	0	1			0		other	0
SEE_18_64_MR	1182	Picture	500+	31649209	0	1	5167	1	0	5000	other	0
SEE_18_64_MR	1183	Picture	hi_F174	31654375	0	1	30166	1	0	30000	other	0
SEE_18_64_MR	1184	Picture	+	31684541	0	1	69165	1	0	next	other	0
SEE_18_64_MR	1185	Sound	hi247b	31684542	0	1			0		other	0
SEE_18_64_MR	1186	Picture	500+	31753706	0	1	5167	1	0	5000	other	0
SEE_18_64_MR	1187	Picture	low_L018	31758872	0	1	30166	1	0	30000	other	0
SEE_18_64_MR	1188	Picture	+	31789205	0	1	20166	1	0	31580	other	0
SEE_18_64_MR	1189	Picture	hi_F280	31809371	0	1	30166	1	0	30000	other	0
SEE_18_64_MR	1190	Picture	+	31839704	0	1	20166	1	0	39280	other	0
SEE_18_64_MR	1191	Picture	low_L133	31859870	0	1	30166	1	0	30000	other	0
SEE_18_64_MR	1192	Picture	+	31890203	0	1	85331	1	0	next	other	0
SEE_18_64_MR	1193	Sound	hi242a	31910204	0	2			0		other	0
SEE_18_64_MR	1194	Picture	500+	31975534	0	1	5167	1	0	5000	other	0
SEE_18_64_MR	1195	Picture	hi_P200	31980700	0	1	30166	1	0	30000	other	0
SEE_18_64_MR	1196	Picture	+	32011033	0	1	61498	1	0	next	other	0
SEE_18_64_MR	1197	Sound	hi242b	32011033	0	1			0		other	0
SEE_18_64_MR	1198	Picture	500+	32072531	0	1	5167	1	0	5000	other	0
SEE_18_64_MR	1199	Picture	low_L165	32077698	0	1	30166	1	0	30000	other	0
SEE_18_64_MR	1200	Picture	+	32108030	0	1	20166	1	0	43130	other	0
SEE_18_64_MR	1201	Picture	low_L009	32128197	0	1	30166	1	0	30000	other	0
SEE_18_64_MR	1202	Picture	+	32158529	0	1	20166	1	0	33420	other	0
SEE_18_64_MR	1203	Picture	hi_O006	32178695	0	1	30166	1	0	30000	other	0
SEE_18_64_MR	1204	Picture	+	32209028	0	1	20166	1	0	next	other	0
