Scenario - 
Logfile written - 03/11/2016 09:36:14

Subject	Trial	Event Type	Code	Time	TTime	Uncertainty	Duration	Uncertainty	ReqTime	ReqDur	Stim Type	Pair Index

SEE_03_64_FR	1	Response	0	361284	361134	1
SEE_03_64_FR	4	Picture	+	401656	0	1	65665	1	0	next	other	0
SEE_03_64_FR	5	Sound	low358a	401657	0	1			0		other	0
SEE_03_64_FR	6	Picture	500+	467321	0	1	5167	1	0	5000	other	0
SEE_03_64_FR	7	Picture	hi_F041	472488	0	1	30166	1	0	30000	other	0
SEE_03_64_FR	8	Picture	+	502654	0	1	58165	1	0	next	other	0
SEE_03_64_FR	9	Sound	low358b	502655	0	1			0		other	0
SEE_03_64_FR	10	Picture	500+	560819	0	1	5167	1	0	5000	other	0
SEE_03_64_FR	11	Picture	low_P110	566152	0	1	30166	1	0	30000	other	0
SEE_03_64_FR	12	Picture	+	596485	0	1	20166	1	0	36280	other	0
SEE_03_64_FR	13	Picture	low_F138	616651	0	1	30166	1	0	30000	other	0
SEE_03_64_FR	14	Picture	+	646984	0	1	20166	1	0	42880	other	0
SEE_03_64_FR	15	Picture	hi_O154	667150	0	1	30166	1	0	30000	other	0
SEE_03_64_FR	16	Picture	+	697482	0	1	76331	1	0	next	other	0
SEE_03_64_FR	17	Sound	hi009a	717483	0	1			0		other	0
SEE_03_64_FR	18	Picture	500+	773814	0	1	5167	1	0	5000	other	0
SEE_03_64_FR	19	Picture	hi_P098	778980	0	1	30166	1	0	30000	other	0
SEE_03_64_FR	20	Picture	+	809313	0	1	65665	1	0	next	other	0
SEE_03_64_FR	21	Sound	hi009b	809313	0	1			0		other	0
SEE_03_64_FR	22	Picture	500+	874978	0	1	5167	1	0	5000	other	0
SEE_03_64_FR	23	Picture	low_O326	880144	0	1	30166	1	0	30000	other	0
SEE_03_64_FR	24	Picture	+	910477	0	1	20166	1	0	32090	other	0
SEE_03_64_FR	25	Picture	hi_P215	930643	0	1	30166	1	0	30000	other	0
SEE_03_64_FR	26	Picture	+	960976	0	1	20166	1	0	44130	other	0
SEE_03_64_FR	27	Picture	low_A185	981142	0	1	30166	1	0	30000	other	0
SEE_03_64_FR	28	Picture	+	1011474	0	1	82831	1	0	next	other	0
SEE_03_64_FR	29	Sound	hi154a	1031475	0	1			0		other	0
SEE_03_64_FR	30	Picture	500+	1094306	0	1	5167	1	0	5000	other	0
SEE_03_64_FR	31	Picture	hi_A034	1099472	0	1	30166	1	0	30000	other	0
SEE_03_64_FR	32	Picture	+	1129638	0	1	67332	1	0	next	other	0
SEE_03_64_FR	33	Sound	hi154b	1129639	0	1			0		other	0
SEE_03_64_FR	34	Picture	500+	1196970	0	1	5167	1	0	5000	other	0
SEE_03_64_FR	35	Picture	low_L176	1202136	0	1	30166	1	0	30000	other	0
SEE_03_64_FR	36	Picture	+	1232469	0	1	20166	1	0	43880	other	0
SEE_03_64_FR	37	Picture	low_L124	1252635	0	1	30166	1	0	30000	other	0
SEE_03_64_FR	38	Picture	+	1282968	0	1	20166	1	0	35340	other	0
SEE_03_64_FR	39	Picture	hi_O001	1303134	0	1	30166	1	0	30000	other	0
SEE_03_64_FR	40	Picture	+	1333466	0	1	80831	1	0	next	other	0
SEE_03_64_FR	41	Sound	hi097a	1353467	0	1			0		other	0
SEE_03_64_FR	42	Picture	500+	1414298	0	1	5167	1	0	5000	other	0
SEE_03_64_FR	43	Picture	hi_F174	1419464	0	1	30166	1	0	30000	other	0
SEE_03_64_FR	44	Picture	+	1449630	0	1	56499	1	0	next	other	0
SEE_03_64_FR	45	Sound	hi097b	1449631	0	1			0		other	0
SEE_03_64_FR	46	Picture	500+	1506129	0	1	5167	1	0	5000	other	0
SEE_03_64_FR	47	Picture	low_A160	1511462	0	1	30166	1	0	30000	other	0
SEE_03_64_FR	48	Picture	+	1541794	0	1	20166	1	0	44060	other	0
SEE_03_64_FR	49	Picture	low_P169	1561961	0	1	30166	1	0	30000	other	0
SEE_03_64_FR	50	Picture	+	1592293	0	1	20166	1	0	34910	other	0
SEE_03_64_FR	51	Picture	hi_A221	1612459	0	1	30166	1	0	30000	other	0
SEE_03_64_FR	52	Picture	+	1642792	0	1	82331	1	0	next	other	0
SEE_03_64_FR	53	Sound	low282a	1662793	0	1			0		other	0
SEE_03_64_FR	54	Picture	500+	1725123	0	1	5167	1	0	5000	other	0
SEE_03_64_FR	55	Picture	low_F052	1730456	0	1	30166	1	0	30000	other	0
SEE_03_64_FR	56	Picture	+	1760789	0	1	60832	1	0	next	other	0
SEE_03_64_FR	57	Sound	low282b	1760789	0	1			0		other	0
SEE_03_64_FR	58	Picture	500+	1821621	0	1	5167	1	0	5000	other	0
SEE_03_64_FR	59	Picture	hi_F291	1826787	0	1	30166	1	0	30000	other	0
SEE_03_64_FR	60	Picture	+	1857120	0	1	20166	1	0	30710	other	0
SEE_03_64_FR	61	Picture	low_O043	1877286	0	1	30166	1	0	30000	other	0
SEE_03_64_FR	62	Picture	+	1907618	0	1	20166	1	0	34140	other	0
SEE_03_64_FR	63	Picture	hi_A018	1927785	0	1	30166	1	0	30000	other	0
SEE_03_64_FR	64	Picture	+	1958117	0	1	75165	1	0	next	other	0
SEE_03_64_FR	65	Sound	hi012a	1978118	0	1			0		other	0
SEE_03_64_FR	66	Picture	500+	2033282	0	1	5167	1	0	5000	other	0
SEE_03_64_FR	67	Picture	low_L083	2038448	0	1	30166	1	0	30000	other	0
SEE_03_64_FR	68	Picture	+	2068614	0	1	60165	1	0	next	other	0
SEE_03_64_FR	69	Sound	hi012b	2068615	0	1			0		other	0
SEE_03_64_FR	70	Picture	500+	2128780	0	1	5167	1	0	5000	other	0
SEE_03_64_FR	71	Picture	hi_A013	2133946	0	1	30166	1	0	30000	other	0
SEE_03_64_FR	72	Picture	+	2164279	0	1	20166	1	0	32070	other	0
SEE_03_64_FR	73	Picture	hi_P231	2184445	0	1	30166	1	0	30000	other	0
SEE_03_64_FR	74	Picture	+	2214777	0	1	20166	1	0	40610	other	0
SEE_03_64_FR	75	Picture	low_A182	2234944	0	1	30166	1	0	30000	other	0
SEE_03_64_FR	76	Picture	+	2265276	0	1	78831	1	0	next	other	0
SEE_03_64_FR	77	Sound	hi128a	2285277	0	1			0		other	0
SEE_03_64_FR	78	Picture	500+	2344108	0	1	5167	1	0	5000	other	0
SEE_03_64_FR	79	Picture	hi_P224	2349441	0	1	30166	1	0	30000	other	0
SEE_03_64_FR	80	Picture	+	2379773	0	1	61165	1	0	next	other	0
SEE_03_64_FR	81	Sound	hi128b	2379774	0	1			0		other	0
SEE_03_64_FR	82	Picture	500+	2440938	0	1	5167	1	0	5000	other	0
SEE_03_64_FR	83	Picture	low_F343	2446272	0	1	30166	1	0	30000	other	0
SEE_03_64_FR	84	Picture	+	2476604	0	1	20166	1	0	33820	other	0
SEE_03_64_FR	85	Picture	hi_A207	2496770	0	1	30166	1	0	30000	other	0
SEE_03_64_FR	86	Picture	+	2527103	0	1	20166	1	0	34670	other	0
SEE_03_64_FR	87	Picture	low_A099	2547269	0	1	30166	1	0	30000	other	0
SEE_03_64_FR	88	Picture	+	2577602	0	1	81831	1	0	next	other	0
SEE_03_64_FR	89	Sound	hi142a	2597603	0	1			0		other	0
SEE_03_64_FR	90	Picture	500+	2659433	0	1	5167	1	0	5000	other	0
SEE_03_64_FR	91	Picture	low_L133	2664600	0	1	30166	1	0	30000	other	0
SEE_03_64_FR	92	Picture	+	2694932	0	1	66999	1	0	next	other	0
SEE_03_64_FR	93	Sound	hi142b	2694933	0	1			0		other	0
SEE_03_64_FR	94	Picture	500+	2761930	0	1	5167	1	0	5000	other	0
SEE_03_64_FR	95	Picture	hi_A054	2767097	0	1	30166	1	0	30000	other	0
SEE_03_64_FR	96	Picture	+	2797429	0	1	20166	1	0	37300	other	0
SEE_03_64_FR	97	Picture	low_O219	2817596	0	1	30166	1	0	30000	other	0
SEE_03_64_FR	98	Picture	+	2847928	0	1	20166	1	0	40590	other	0
SEE_03_64_FR	99	Picture	hi_F152	2868094	0	1	30166	1	0	30000	other	0
SEE_03_64_FR	100	Picture	+	2898427	0	1	78665	1	0	next	other	0
SEE_03_64_FR	101	Sound	hi169a	2918428	0	1			0		other	0
SEE_03_64_FR	102	Picture	500+	2977092	0	1	5167	1	0	5000	other	0
SEE_03_64_FR	103	Picture	low_F333	2982425	0	1	30166	1	0	30000	other	0
SEE_03_64_FR	104	Picture	+	3012591	0	1	69665	1	0	next	other	0
SEE_03_64_FR	105	Sound	hi169b	3012591	0	1			0		other	0
SEE_03_64_FR	106	Picture	500+	3082256	0	1	5167	1	0	5000	other	0
SEE_03_64_FR	107	Picture	hi_O006	3087589	0	1	30166	1	0	30000	other	0
SEE_03_64_FR	108	Picture	+	3117921	0	1	20166	1	0	31200	other	0
SEE_03_64_FR	109	Picture	hi_A001	3138088	0	1	30166	1	0	30000	other	0
SEE_03_64_FR	110	Picture	+	3168420	0	1	20166	1	0	37160	other	0
SEE_03_64_FR	111	Picture	low_L064	3188586	0	1	30166	1	0	30000	other	0
SEE_03_64_FR	112	Picture	+	3218919	0	1	87831	1	0	next	other	0
SEE_03_64_FR	113	Sound	low278a	3238920	0	2			0		other	0
SEE_03_64_FR	114	Picture	500+	3306750	0	1	5167	1	0	5000	other	0
SEE_03_64_FR	115	Picture	low_A119	3311917	0	1	30166	1	0	30000	other	0
SEE_03_64_FR	116	Picture	+	3342082	0	1	62665	1	0	next	other	0
SEE_03_64_FR	117	Sound	low278b	3342083	0	1			0		other	0
SEE_03_64_FR	118	Picture	500+	3404748	0	1	5167	1	0	5000	other	0
SEE_03_64_FR	119	Picture	hi_F013	3409914	0	1	30166	1	0	30000	other	0
SEE_03_64_FR	120	Picture	+	3440247	0	1	20166	1	0	39530	other	0
SEE_03_64_FR	121	Picture	hi_P147	3460413	0	1	30166	1	0	30000	other	0
SEE_03_64_FR	122	Picture	+	3490745	0	1	20166	1	0	34700	other	0
SEE_03_64_FR	123	Picture	low_A108	3510912	0	1	30166	1	0	30000	other	0
SEE_03_64_FR	124	Picture	+	3541244	0	1	87331	1	0	next	other	0
SEE_03_64_FR	125	Sound	low351a	3561245	0	1			0		other	0
SEE_03_64_FR	126	Picture	500+	3628575	0	1	5167	1	0	5000	other	0
SEE_03_64_FR	127	Picture	low_L128	3633742	0	1	30166	1	0	30000	other	0
SEE_03_64_FR	128	Picture	+	3663908	0	1	61498	1	0	next	other	0
SEE_03_64_FR	129	Sound	low351b	3663908	0	1			0		other	0
SEE_03_64_FR	130	Picture	500+	3725406	0	1	5167	1	0	5000	other	0
SEE_03_64_FR	131	Picture	hi_F028	3730739	0	1	30166	1	0	30000	other	0
SEE_03_64_FR	132	Picture	+	3761072	0	1	20166	1	0	32260	other	0
SEE_03_64_FR	133	Picture	hi_A042	3781238	0	1	30166	1	0	30000	other	0
SEE_03_64_FR	134	Picture	+	3811571	0	1	20166	1	0	41660	other	0
SEE_03_64_FR	135	Picture	low_F115	3831737	0	1	30166	1	0	30000	other	0
SEE_03_64_FR	136	Picture	+	3862069	0	1	75998	1	0	next	other	0
SEE_03_64_FR	137	Sound	low057a	3882070	0	1			0		other	0
SEE_03_64_FR	138	Picture	500+	3938068	0	1	5167	1	0	5000	other	0
SEE_03_64_FR	139	Picture	low_L143	3943234	0	1	30166	1	0	30000	other	0
SEE_03_64_FR	140	Picture	+	3973400	0	1	61165	1	0	next	other	0
SEE_03_64_FR	141	Sound	low057b	3973401	0	1			0		other	0
SEE_03_64_FR	142	Picture	500+	4034565	0	1	5167	1	0	5000	other	0
SEE_03_64_FR	143	Picture	hi_A078	4039898	0	1	30166	1	0	30000	other	0
SEE_03_64_FR	144	Picture	+	4070231	0	1	20166	1	0	34650	other	0
SEE_03_64_FR	145	Picture	hi_P234	4090397	0	1	30166	1	0	30000	other	0
SEE_03_64_FR	146	Picture	+	4120730	0	1	20166	1	0	32780	other	0
SEE_03_64_FR	147	Picture	low_P116	4140896	0	1	30166	1	0	30000	other	0
SEE_03_64_FR	148	Picture	+	4171228	0	1	89498	1	0	next	other	0
SEE_03_64_FR	149	Sound	hi159a	4191229	0	1			0		other	0
SEE_03_64_FR	150	Picture	500+	4260726	0	1	5167	1	0	5000	other	0
SEE_03_64_FR	151	Picture	hi_A068	4266059	0	1	30166	1	0	30000	other	0
SEE_03_64_FR	152	Picture	+	4296392	0	1	65665	1	0	next	other	0
SEE_03_64_FR	153	Sound	hi159b	4296393	0	1			0		other	0
SEE_03_64_FR	154	Picture	500+	4362057	0	1	5167	1	0	5000	other	0
SEE_03_64_FR	155	Picture	low_A131	4367224	0	1	30166	1	0	30000	other	0
SEE_03_64_FR	156	Picture	+	4397556	0	1	20166	1	0	44280	other	0
SEE_03_64_FR	157	Picture	hi_P139	4417722	0	1	30166	1	0	30000	other	0
SEE_03_64_FR	158	Picture	+	4448055	0	1	20166	1	0	31740	other	0
SEE_03_64_FR	159	Picture	low_L098	4468221	0	1	30166	1	0	30000	other	0
SEE_03_64_FR	160	Picture	+	4498554	0	1	86331	1	0	next	other	0
SEE_03_64_FR	161	Sound	low048a	4518554	0	1			0		other	0
SEE_03_64_FR	162	Picture	500+	4584885	0	1	5167	1	0	5000	other	0
SEE_03_64_FR	163	Picture	low_L165	4590051	0	1	30166	1	0	30000	other	0
SEE_03_64_FR	164	Picture	+	4620384	0	1	66165	1	0	next	other	0
SEE_03_64_FR	165	Sound	low048b	4620384	0	1			0		other	0
SEE_03_64_FR	166	Picture	500+	4686549	0	1	5166	1	0	5000	other	0
SEE_03_64_FR	167	Picture	hi_P241	4691882	0	1	30166	1	0	30000	other	0
SEE_03_64_FR	168	Picture	+	4722215	0	1	20166	1	0	43840	other	0
SEE_03_64_FR	169	Picture	hi_P003	4742381	0	1	30166	1	0	30000	other	0
SEE_03_64_FR	170	Picture	+	4772713	0	1	20166	1	0	36610	other	0
SEE_03_64_FR	171	Picture	low_L162	4792880	0	1	30166	1	0	30000	other	0
SEE_03_64_FR	172	Picture	+	4823212	0	1	85831	1	0	next	other	0
SEE_03_64_FR	173	Sound	low274a	4843213	0	1			0		other	0
SEE_03_64_FR	174	Picture	500+	4909043	0	1	5167	1	0	5000	other	0
SEE_03_64_FR	175	Picture	hi_P006	4914210	0	1	30166	1	0	30000	other	0
SEE_03_64_FR	176	Picture	+	4944376	0	1	56165	1	0	next	other	0
SEE_03_64_FR	177	Sound	low274b	4944376	0	2			0		other	0
SEE_03_64_FR	178	Picture	500+	5000541	0	1	5167	1	0	5000	other	0
SEE_03_64_FR	179	Picture	low_L048	5005708	0	1	30166	1	0	30000	other	0
SEE_03_64_FR	180	Picture	+	5036040	0	1	20166	1	0	35310	other	0
SEE_03_64_FR	181	Picture	low_A161	5056206	0	1	30166	1	0	30000	other	0
SEE_03_64_FR	182	Picture	+	5086539	0	1	20166	1	0	37030	other	0
SEE_03_64_FR	183	Picture	hi_A063	5106705	0	1	30166	1	0	30000	other	0
SEE_03_64_FR	184	Picture	+	5137038	0	1	86831	1	0	next	other	0
SEE_03_64_FR	185	Sound	low079a	5157039	0	1			0		other	0
SEE_03_64_FR	186	Picture	500+	5223869	0	1	5167	1	0	5000	other	0
SEE_03_64_FR	187	Picture	low_A217	5229202	0	1	30166	1	0	30000	other	0
SEE_03_64_FR	188	Picture	+	5259534	0	1	58832	1	0	next	other	0
SEE_03_64_FR	189	Sound	low079b	5259535	0	2			0		other	0
SEE_03_64_FR	190	Picture	500+	5318366	0	1	5167	1	0	5000	other	0
SEE_03_64_FR	191	Picture	hi_A030	5323533	0	1	30166	1	0	30000	other	0
SEE_03_64_FR	192	Picture	+	5353865	0	1	20166	1	0	44880	other	0
SEE_03_64_FR	193	Picture	hi_A058	5374032	0	1	30166	1	0	30000	other	0
SEE_03_64_FR	194	Picture	+	5404364	0	1	20166	1	0	30580	other	0
SEE_03_64_FR	195	Picture	low_P103	5424530	0	1	30166	1	0	30000	other	0
SEE_03_64_FR	196	Picture	+	5454863	0	1	88164	1	0	next	other	0
SEE_03_64_FR	197	Sound	hi172a	5474864	0	1			0		other	0
SEE_03_64_FR	198	Picture	500+	5543027	0	1	5167	1	0	5000	other	0
SEE_03_64_FR	199	Picture	hi_P246	5548194	0	1	30166	1	0	30000	other	0
SEE_03_64_FR	200	Picture	+	5578360	0	1	61165	1	0	next	other	0
SEE_03_64_FR	201	Sound	hi172b	5578360	0	1			0		other	0
SEE_03_64_FR	202	Picture	500+	5639525	0	1	5167	1	0	5000	other	0
SEE_03_64_FR	203	Picture	low_P045	5644692	0	1	30166	1	0	30000	other	0
SEE_03_64_FR	204	Picture	+	5675024	0	1	20166	1	0	39680	other	0
SEE_03_64_FR	205	Picture	low_L111	5695190	0	1	30166	1	0	30000	other	0
SEE_03_64_FR	206	Picture	+	5725523	0	1	20166	1	0	39680	other	0
SEE_03_64_FR	207	Picture	hi_P071	5745689	0	1	30166	1	0	30000	other	0
SEE_03_64_FR	208	Picture	+	5776022	0	1	84665	1	0	next	other	0
SEE_03_64_FR	209	Sound	hi162a	5796022	0	1			0		other	0
SEE_03_64_FR	210	Picture	500+	5860686	0	1	5167	1	0	5000	other	0
SEE_03_64_FR	211	Picture	hi_P123	5865853	0	1	30166	1	0	30000	other	0
SEE_03_64_FR	212	Picture	+	5896185	0	1	57332	1	0	next	other	0
SEE_03_64_FR	213	Sound	hi162b	5896186	0	1			0		other	0
SEE_03_64_FR	214	Picture	500+	5953517	0	1	5166	1	0	5000	other	0
SEE_03_64_FR	215	Picture	low_A188	5958684	0	1	30166	1	0	30000	other	0
SEE_03_64_FR	216	Picture	+	5989016	0	1	20166	1	0	43090	other	0
SEE_03_64_FR	217	Picture	hi_A012	6009182	0	1	30166	1	0	30000	other	0
SEE_03_64_FR	218	Picture	+	6039515	0	1	20166	1	0	40690	other	0
SEE_03_64_FR	219	Picture	low_L131	6059681	0	1	30166	1	0	30000	other	0
SEE_03_64_FR	220	Picture	+	6090014	0	1	79331	1	0	next	other	0
SEE_03_64_FR	221	Sound	hi254a	6110014	0	1			0		other	0
SEE_03_64_FR	222	Picture	500+	6169345	0	1	5167	1	0	5000	other	0
SEE_03_64_FR	223	Picture	hi_P029	6174678	0	1	30166	1	0	30000	other	0
SEE_03_64_FR	224	Picture	+	6204844	0	1	55832	1	0	next	other	0
SEE_03_64_FR	225	Sound	hi254b	6204845	0	1			0		other	0
SEE_03_64_FR	226	Picture	500+	6260676	0	1	5167	1	0	5000	other	0
SEE_03_64_FR	227	Picture	low_L021	6265843	0	1	30166	1	0	30000	other	0
SEE_03_64_FR	228	Picture	+	6296175	0	1	20166	1	0	32440	other	0
SEE_03_64_FR	229	Picture	hi_A075	6316341	0	1	30166	1	0	30000	other	0
SEE_03_64_FR	230	Picture	+	6346674	0	1	20166	1	0	42840	other	0
SEE_03_64_FR	231	Picture	low_F124	6366840	0	1	30166	1	0	30000	other	0
SEE_03_64_FR	232	Picture	+	6397173	0	1	79831	1	0	next	other	0
SEE_03_64_FR	233	Sound	low053a	6417174	0	1			0		other	0
SEE_03_64_FR	234	Picture	500+	6477004	0	1	5167	1	0	5000	other	0
SEE_03_64_FR	235	Picture	low_F066	6482337	0	1	30166	1	0	30000	other	0
SEE_03_64_FR	236	Picture	+	6512503	0	1	62998	1	0	next	other	0
SEE_03_64_FR	237	Sound	low053b	6512504	0	1			0		other	0
SEE_03_64_FR	238	Picture	500+	6575502	0	1	5167	1	0	5000	other	0
SEE_03_64_FR	239	Picture	hi_P001	6580835	0	1	30166	1	0	30000	other	0
SEE_03_64_FR	240	Picture	+	6611167	0	1	20166	1	0	37360	other	0
SEE_03_64_FR	241	Picture	low_L016	6631334	0	1	30166	1	0	30000	other	0
SEE_03_64_FR	242	Picture	+	6661666	0	1	20166	1	0	34120	other	0
SEE_03_64_FR	243	Picture	hi_F367	6681832	0	1	30166	1	0	30000	other	0
SEE_03_64_FR	244	Picture	+	6712165	0	1	81998	1	0	next	other	0
SEE_03_64_FR	245	Sound	low279a	6732166	0	1			0		other	0
SEE_03_64_FR	246	Picture	500+	6794163	0	1	5167	1	0	5000	other	0
SEE_03_64_FR	247	Picture	low_F324	6799329	0	1	30166	1	0	30000	other	0
SEE_03_64_FR	248	Picture	+	6829662	0	1	57165	1	0	next	other	0
SEE_03_64_FR	249	Sound	low279b	6829663	0	1			0		other	0
SEE_03_64_FR	250	Picture	500+	6886827	0	1	5167	1	0	5000	other	0
SEE_03_64_FR	251	Picture	hi_F014	6891994	0	1	30166	1	0	30000	other	0
SEE_03_64_FR	252	Picture	+	6922326	0	1	20166	1	0	37020	other	0
SEE_03_64_FR	253	Picture	hi_P229	6942492	0	1	30166	1	0	30000	other	0
SEE_03_64_FR	254	Picture	+	6972825	0	1	20166	1	0	35910	other	0
SEE_03_64_FR	255	Picture	low_A214	6992991	0	1	30166	1	0	30000	other	0
SEE_03_64_FR	256	Picture	+	7023324	0	1	87998	1	0	next	other	0
SEE_03_64_FR	257	Sound	low089a	7043324	0	1			0		other	0
SEE_03_64_FR	258	Picture	500+	7111322	0	1	5167	1	0	5000	other	0
SEE_03_64_FR	259	Picture	hi_A069	7116488	0	1	30166	1	0	30000	other	0
SEE_03_64_FR	260	Picture	+	7146821	0	1	55832	1	0	next	other	0
SEE_03_64_FR	261	Sound	low089b	7146821	0	1			0		other	0
SEE_03_64_FR	262	Picture	500+	7202653	0	1	5166	1	0	5000	other	0
SEE_03_64_FR	263	Picture	low_F047	7207819	0	1	30166	1	0	30000	other	0
SEE_03_64_FR	264	Picture	+	7238152	0	1	20166	1	0	39090	other	0
SEE_03_64_FR	265	Picture	hi_P175	7258318	0	1	30166	1	0	30000	other	0
SEE_03_64_FR	266	Picture	+	7288650	0	1	20166	1	0	41110	other	0
SEE_03_64_FR	267	Picture	low_L062	7308817	0	1	30166	1	0	30000	other	0
SEE_03_64_FR	268	Picture	+	7339149	0	1	82498	1	0	next	other	0
SEE_03_64_FR	269	Sound	hi253a	7359150	0	1			0		other	0
SEE_03_64_FR	270	Picture	500+	7421647	0	1	5167	1	0	5000	other	0
SEE_03_64_FR	271	Picture	hi_L005	7426814	0	1	30166	1	0	30000	other	0
SEE_03_64_FR	272	Picture	+	7456980	0	1	62332	1	0	next	other	0
SEE_03_64_FR	273	Sound	hi253b	7456980	0	1			0		other	0
SEE_03_64_FR	274	Picture	500+	7519311	0	1	5166	1	0	5000	other	0
SEE_03_64_FR	275	Picture	low_L121	7524644	0	1	30166	1	0	30000	other	0
SEE_03_64_FR	276	Picture	+	7554977	0	1	20166	1	0	39190	other	0
SEE_03_64_FR	277	Picture	hi_O148	7575143	0	1	30166	1	0	30000	other	0
SEE_03_64_FR	278	Picture	+	7605476	0	1	20166	1	0	36660	other	0
SEE_03_64_FR	279	Picture	low_O220	7625642	0	1	30166	1	0	30000	other	0
SEE_03_64_FR	280	Picture	+	7655975	0	1	85831	1	0	next	other	0
SEE_03_64_FR	281	Sound	hi214a	7675976	0	2			0		other	0
SEE_03_64_FR	282	Picture	500+	7741806	0	1	5167	1	0	5000	other	0
SEE_03_64_FR	283	Picture	low_P250	7746972	0	1	30166	1	0	30000	other	0
SEE_03_64_FR	284	Picture	+	7777305	0	1	59499	1	0	next	other	0
SEE_03_64_FR	285	Sound	hi214b	7777305	0	1			0		other	0
SEE_03_64_FR	286	Picture	500+	7836803	0	1	5167	1	0	5000	other	0
SEE_03_64_FR	287	Picture	hi_F034	7841970	0	1	30166	1	0	30000	other	0
SEE_03_64_FR	288	Picture	+	7872302	0	1	20166	1	0	39260	other	0
SEE_03_64_FR	289	Picture	low_A194	7892469	0	1	30166	1	0	30000	other	0
SEE_03_64_FR	290	Picture	+	7922801	0	1	20166	1	0	32100	other	0
SEE_03_64_FR	291	Picture	hi_F298	7942967	0	1	30166	1	0	30000	other	0
SEE_03_64_FR	292	Picture	+	7973300	0	1	79331	1	0	next	other	0
SEE_03_64_FR	293	Sound	hi241a	7993301	0	1			0		other	0
SEE_03_64_FR	294	Picture	500+	8052631	0	1	5167	1	0	5000	other	0
SEE_03_64_FR	295	Picture	hi_P004	8057965	0	1	30166	1	0	30000	other	0
SEE_03_64_FR	296	Picture	+	8088130	0	1	60998	1	0	next	other	0
SEE_03_64_FR	297	Sound	hi241b	8088131	0	1			0		other	0
SEE_03_64_FR	298	Picture	500+	8149129	0	1	5167	1	0	5000	other	0
SEE_03_64_FR	299	Picture	low_L107	8154462	0	1	30166	1	0	30000	other	0
SEE_03_64_FR	300	Picture	+	8184795	0	1	20166	1	0	36610	other	0
SEE_03_64_FR	301	Picture	hi_P037	8204961	0	1	30166	1	0	30000	other	0
SEE_03_64_FR	302	Picture	+	8235293	0	1	20166	1	0	38410	other	0
SEE_03_64_FR	303	Picture	low_L126	8255460	0	1	30166	1	0	30000	other	0
SEE_03_64_FR	304	Picture	+	8285792	0	1	80998	1	0	next	other	0
SEE_03_64_FR	305	Sound	hi249a	8305793	0	1			0		other	0
SEE_03_64_FR	306	Picture	500+	8366790	0	1	5167	1	0	5000	other	0
SEE_03_64_FR	307	Picture	low_L169	8372123	0	1	30166	1	0	30000	other	0
SEE_03_64_FR	308	Picture	+	8402289	0	1	58499	1	0	next	other	0
SEE_03_64_FR	309	Sound	hi249b	8402290	0	1			0		other	0
SEE_03_64_FR	310	Picture	500+	8460788	0	1	5167	1	0	5000	other	0
SEE_03_64_FR	311	Picture	hi_F025	8465954	0	1	30166	1	0	30000	other	0
SEE_03_64_FR	312	Picture	+	8496287	0	1	20166	1	0	30960	other	0
SEE_03_64_FR	313	Picture	hi_F295	8516453	0	1	30166	1	0	30000	other	0
SEE_03_64_FR	314	Picture	+	8546786	0	1	20166	1	0	37980	other	0
SEE_03_64_FR	315	Picture	low_L175	8566952	0	1	30166	1	0	30000	other	0
SEE_03_64_FR	316	Picture	+	8597284	0	1	76331	1	0	next	other	0
SEE_03_64_FR	317	Sound	low044a	8617285	0	1			0		other	0
SEE_03_64_FR	318	Picture	500+	8673616	0	1	5167	1	0	5000	other	0
SEE_03_64_FR	319	Picture	hi_O300	8678782	0	1	30166	1	0	30000	other	0
SEE_03_64_FR	320	Picture	+	8708948	0	1	58832	1	0	next	other	0
SEE_03_64_FR	321	Sound	low044b	8708949	0	1			0		other	0
SEE_03_64_FR	322	Picture	500+	8767780	0	1	5167	1	0	5000	other	0
SEE_03_64_FR	323	Picture	low_A091	8773113	0	1	30166	1	0	30000	other	0
SEE_03_64_FR	324	Picture	+	8803446	0	1	20166	1	0	44780	other	0
SEE_03_64_FR	325	Picture	low_A136	8823612	0	1	30166	1	0	30000	other	0
SEE_03_64_FR	326	Picture	+	8853945	0	1	20166	1	0	44910	other	0
SEE_03_64_FR	327	Picture	hi_F019	8874111	0	1	30166	1	0	30000	other	0
SEE_03_64_FR	328	Picture	+	8904443	0	1	79831	1	0	next	other	0
SEE_03_64_FR	329	Sound	low049a	8924444	0	2			0		other	0
SEE_03_64_FR	330	Picture	500+	8984275	0	1	5167	1	0	5000	other	0
SEE_03_64_FR	331	Picture	low_O214	8989441	0	1	30166	1	0	30000	other	0
SEE_03_64_FR	332	Picture	+	9019607	0	1	67998	1	0	next	other	0
SEE_03_64_FR	333	Sound	low049b	9019608	0	1			0		other	0
SEE_03_64_FR	334	Picture	500+	9087605	0	1	5167	1	0	5000	other	0
SEE_03_64_FR	335	Picture	hi_P230	9092939	0	1	30166	1	0	30000	other	0
SEE_03_64_FR	336	Picture	+	9123271	0	1	20166	1	0	35470	other	0
SEE_03_64_FR	337	Picture	hi_O004	9143437	0	1	30166	1	0	30000	other	0
SEE_03_64_FR	338	Picture	+	9173770	0	1	20166	1	0	41020	other	0
SEE_03_64_FR	339	Picture	low_F358	9193936	0	1	30166	1	0	30000	other	0
SEE_03_64_FR	340	Picture	+	9224269	0	1	89164	1	0	next	other	0
SEE_03_64_FR	341	Sound	hi242a	9244269	0	1			0		other	0
SEE_03_64_FR	342	Picture	500+	9313433	0	1	5167	1	0	5000	other	0
SEE_03_64_FR	343	Picture	hi_O285	9318600	0	1	30166	1	0	30000	other	0
SEE_03_64_FR	344	Picture	+	9348766	0	1	68998	1	0	next	other	0
SEE_03_64_FR	345	Sound	hi242b	9348766	0	1			0		other	0
SEE_03_64_FR	346	Picture	500+	9417764	0	1	5167	1	0	5000	other	0
SEE_03_64_FR	347	Picture	low_P048	9423097	0	1	30166	1	0	30000	other	0
SEE_03_64_FR	348	Picture	+	9453430	0	1	20166	1	0	35260	other	0
SEE_03_64_FR	349	Picture	hi_F003	9473596	0	1	30166	1	0	30000	other	0
SEE_03_64_FR	350	Picture	+	9503928	0	1	20166	1	0	36030	other	0
SEE_03_64_FR	351	Picture	low_L125	9524095	0	1	30166	1	0	30000	other	0
SEE_03_64_FR	352	Picture	+	9554427	0	1	75332	1	0	next	other	0
SEE_03_64_FR	353	Sound	hi310a	9574428	0	1			0		other	0
SEE_03_64_FR	354	Picture	500+	9629759	0	1	5167	1	0	5000	other	0
SEE_03_64_FR	355	Picture	low_L132	9634925	0	1	30166	1	0	30000	other	0
SEE_03_64_FR	356	Picture	+	9665091	0	1	56332	1	0	next	other	0
SEE_03_64_FR	357	Sound	hi310b	9665092	0	1			0		other	0
SEE_03_64_FR	358	Picture	500+	9721423	0	1	5167	1	0	5000	other	0
SEE_03_64_FR	359	Picture	hi_F265	9726589	0	1	30166	1	0	30000	other	0
SEE_03_64_FR	360	Picture	+	9756922	0	1	20166	1	0	40420	other	0
SEE_03_64_FR	361	Picture	hi_P221	9777088	0	1	30166	1	0	30000	other	0
SEE_03_64_FR	362	Picture	+	9807421	0	1	20166	1	0	32820	other	0
SEE_03_64_FR	363	Picture	low_P109	9827587	0	1	30166	1	0	30000	other	0
SEE_03_64_FR	364	Picture	+	9857920	0	1	75998	1	0	next	other	0
SEE_03_64_FR	365	Sound	low281a	9877920	0	1			0		other	0
SEE_03_64_FR	366	Picture	500+	9933918	0	1	5167	1	0	5000	other	0
SEE_03_64_FR	367	Picture	hi_P226	9939084	0	1	30166	1	0	30000	other	0
SEE_03_64_FR	368	Picture	+	9969417	0	1	59665	1	0	next	other	0
SEE_03_64_FR	369	Sound	low281b	9969417	0	1			0		other	0
SEE_03_64_FR	370	Picture	500+	10029082	0	1	5167	1	0	5000	other	0
SEE_03_64_FR	371	Picture	low_A158	10034415	0	1	30166	1	0	30000	other	0
SEE_03_64_FR	372	Picture	+	10064748	0	1	20166	1	0	34170	other	0
SEE_03_64_FR	373	Picture	hi_A021	10084914	0	1	30166	1	0	30000	other	0
SEE_03_64_FR	374	Picture	+	10115246	0	1	20166	1	0	42250	other	0
SEE_03_64_FR	375	Picture	low_L113	10135413	0	1	30166	1	0	30000	other	0
SEE_03_64_FR	376	Picture	+	10165745	0	1	81665	1	0	next	other	0
SEE_03_64_FR	377	Sound	low032a	10185746	0	1			0		other	0
SEE_03_64_FR	378	Picture	500+	10247410	0	1	5167	1	0	5000	other	0
SEE_03_64_FR	379	Picture	hi_A060	10252576	0	1	30166	1	0	30000	other	0
SEE_03_64_FR	380	Picture	+	10282742	0	1	66165	1	0	next	other	0
SEE_03_64_FR	381	Sound	low032b	10282743	0	1			0		other	0
SEE_03_64_FR	382	Picture	500+	10348907	0	1	5167	1	0	5000	other	0
SEE_03_64_FR	383	Picture	low_F099	10354240	0	1	30166	1	0	30000	other	0
SEE_03_64_FR	384	Picture	+	10384573	0	1	20166	1	0	39910	other	0
SEE_03_64_FR	385	Picture	hi_P007	10404739	0	1	30166	1	0	30000	other	0
SEE_03_64_FR	386	Picture	+	10435072	0	1	20166	1	0	30340	other	0
SEE_03_64_FR	387	Picture	low_F089	10455238	0	1	30166	1	0	30000	other	0
SEE_03_64_FR	388	Picture	+	10485571	0	1	79831	1	0	next	other	0
SEE_03_64_FR	389	Sound	low071a	10505571	0	1			0		other	0
SEE_03_64_FR	390	Picture	500+	10565402	0	1	5167	1	0	5000	other	0
SEE_03_64_FR	391	Picture	low_P064	10570735	0	1	30166	1	0	30000	other	0
SEE_03_64_FR	392	Picture	+	10600901	0	1	64665	1	0	next	other	0
SEE_03_64_FR	393	Sound	low071b	10600902	0	1			0		other	0
SEE_03_64_FR	394	Picture	500+	10665566	0	1	5167	1	0	5000	other	0
SEE_03_64_FR	395	Picture	hi_O328	10670733	0	1	30166	1	0	30000	other	0
SEE_03_64_FR	396	Picture	+	10701065	0	1	20166	1	0	32720	other	0
SEE_03_64_FR	397	Picture	low_F123	10721231	0	1	30166	1	0	30000	other	0
SEE_03_64_FR	398	Picture	+	10751564	0	1	20166	1	0	32920	other	0
SEE_03_64_FR	399	Picture	hi_P034	10771730	0	1	30166	1	0	30000	other	0
SEE_03_64_FR	400	Picture	+	10802063	0	1	88664	1	0	next	other	0
SEE_03_64_FR	401	Sound	low087a	10822063	0	1			0		other	0
SEE_03_64_FR	402	Picture	500+	10890727	0	1	5167	1	0	5000	other	0
SEE_03_64_FR	403	Picture	hi_F274	10895894	0	1	30166	1	0	30000	other	0
SEE_03_64_FR	404	Picture	+	10926060	0	1	57165	1	0	next	other	0
SEE_03_64_FR	405	Sound	low087b	10926060	0	1			0		other	0
SEE_03_64_FR	406	Picture	500+	10983225	0	1	5167	1	0	5000	other	0
SEE_03_64_FR	407	Picture	low_P195	10988391	0	1	30166	1	0	30000	other	0
SEE_03_64_FR	408	Picture	+	11018724	0	1	20166	1	0	33950	other	0
SEE_03_64_FR	409	Picture	low_P179	11038890	0	1	30166	1	0	30000	other	0
SEE_03_64_FR	410	Picture	+	11069223	0	1	20166	1	0	30030	other	0
SEE_03_64_FR	411	Picture	hi_A062	11089389	0	1	30166	1	0	30000	other	0
SEE_03_64_FR	412	Picture	+	11119721	0	1	76165	1	0	next	other	0
SEE_03_64_FR	413	Sound	low344a	11139722	0	1			0		other	0
SEE_03_64_FR	414	Picture	500+	11195886	0	1	5167	1	0	5000	other	0
SEE_03_64_FR	415	Picture	hi_F271	11201219	0	1	30166	1	0	30000	other	0
SEE_03_64_FR	416	Picture	+	11231385	0	1	66498	1	0	next	other	0
SEE_03_64_FR	417	Sound	low344b	11231386	0	1			0		other	0
SEE_03_64_FR	418	Picture	500+	11297884	0	1	5167	1	0	5000	other	0
SEE_03_64_FR	419	Picture	low_L147	11303050	0	1	30166	1	0	30000	other	0
SEE_03_64_FR	420	Picture	+	11333383	0	1	20166	1	0	34330	other	0
SEE_03_64_FR	421	Picture	hi_P238	11353549	0	1	30166	1	0	30000	other	0
SEE_03_64_FR	422	Picture	+	11383881	0	1	20166	1	0	39170	other	0
SEE_03_64_FR	423	Picture	low_A201	11404048	0	1	30166	1	0	30000	other	0
SEE_03_64_FR	424	Picture	+	11434380	0	1	79165	1	0	next	other	0
SEE_03_64_FR	425	Sound	hi123a	11454381	0	1			0		other	0
SEE_03_64_FR	426	Picture	500+	11513545	0	1	5167	1	0	5000	other	0
SEE_03_64_FR	427	Picture	low_L184	11518711	0	1	30166	1	0	30000	other	0
SEE_03_64_FR	428	Picture	+	11549044	0	1	55999	1	0	next	other	0
SEE_03_64_FR	429	Sound	hi123b	11549045	0	1			0		other	0
SEE_03_64_FR	430	Picture	500+	11605043	0	1	5167	1	0	5000	other	0
SEE_03_64_FR	431	Picture	hi_F273	11610376	0	1	30166	1	0	30000	other	0
SEE_03_64_FR	432	Picture	+	11640708	0	1	20166	1	0	44660	other	0
SEE_03_64_FR	433	Picture	low_P047	11660875	0	1	30166	1	0	30000	other	0
SEE_03_64_FR	434	Picture	+	11691207	0	1	20166	1	0	44030	other	0
SEE_03_64_FR	435	Picture	hi_P010	11711373	0	1	30166	1	0	30000	other	0
SEE_03_64_FR	436	Picture	+	11741706	0	1	82831	1	0	next	other	0
SEE_03_64_FR	437	Sound	low280a	11761707	0	1			0		other	0
SEE_03_64_FR	438	Picture	500+	11824537	0	1	5167	1	0	5000	other	0
SEE_03_64_FR	439	Picture	low_P108	11829704	0	1	30166	1	0	30000	other	0
SEE_03_64_FR	440	Picture	+	11859870	0	1	64665	1	0	next	other	0
SEE_03_64_FR	441	Sound	low280b	11859870	0	1			0		other	0
SEE_03_64_FR	442	Picture	500+	11924535	0	1	5167	1	0	5000	other	0
SEE_03_64_FR	443	Picture	hi_L026	11929701	0	1	30166	1	0	30000	other	0
SEE_03_64_FR	444	Picture	+	11960034	0	1	20166	1	0	34330	other	0
SEE_03_64_FR	445	Picture	hi_A039	11980200	0	1	30166	1	0	30000	other	0
SEE_03_64_FR	446	Picture	+	12010533	0	1	20166	1	0	38540	other	0
SEE_03_64_FR	447	Picture	low_A104	12030699	0	1	30166	1	0	30000	other	0
SEE_03_64_FR	448	Picture	+	12061031	0	1	87831	1	0	next	other	0
SEE_03_64_FR	449	Sound	hi011a	12081032	0	1			0		other	0
SEE_03_64_FR	450	Picture	500+	12148862	0	1	5167	1	0	5000	other	0
SEE_03_64_FR	451	Picture	hi_O291	12154029	0	1	30166	1	0	30000	other	0
SEE_03_64_FR	452	Picture	+	12184362	0	1	57999	1	0	next	other	0
SEE_03_64_FR	453	Sound	hi011b	12184362	0	1			0		other	0
SEE_03_64_FR	454	Picture	500+	12242360	0	1	5167	1	0	5000	other	0
SEE_03_64_FR	455	Picture	low_P149	12247527	0	1	30166	1	0	30000	other	0
SEE_03_64_FR	456	Picture	+	12277859	0	1	20166	1	0	34500	other	0
SEE_03_64_FR	457	Picture	hi_A019	12298025	0	1	30166	1	0	30000	other	0
SEE_03_64_FR	458	Picture	+	12328358	0	1	20166	1	0	36220	other	0
SEE_03_64_FR	459	Picture	low_L055	12348524	0	1	30166	1	0	30000	other	0
SEE_03_64_FR	460	Picture	+	12378857	0	1	77665	1	0	next	other	0
SEE_03_64_FR	461	Sound	hi139a	12398858	0	1			0		other	0
SEE_03_64_FR	462	Picture	500+	12456521	0	1	5167	1	0	5000	other	0
SEE_03_64_FR	463	Picture	hi_O202	12461688	0	1	30166	1	0	30000	other	0
SEE_03_64_FR	464	Picture	+	12492021	0	1	62998	1	0	next	other	0
SEE_03_64_FR	465	Sound	hi139b	12492021	0	1			0		other	0
SEE_03_64_FR	466	Picture	500+	12555019	0	1	5167	1	0	5000	other	0
SEE_03_64_FR	467	Picture	low_L164	12560186	0	1	30166	1	0	30000	other	0
SEE_03_64_FR	468	Picture	+	12590518	0	1	20166	1	0	38050	other	0
SEE_03_64_FR	469	Picture	hi_P040	12610684	0	1	30166	1	0	30000	other	0
SEE_03_64_FR	470	Picture	+	12641017	0	1	20166	1	0	43470	other	0
SEE_03_64_FR	471	Picture	low_L142	12661183	0	1	30166	1	0	30000	other	0
SEE_03_64_FR	472	Picture	+	12691516	0	1	84498	1	0	next	other	0
SEE_03_64_FR	473	Sound	low030a	12711516	0	1			0		other	0
SEE_03_64_FR	474	Picture	500+	12776013	0	1	5167	1	0	5000	other	0
SEE_03_64_FR	475	Picture	low_O192	12781180	0	1	30166	1	0	30000	other	0
SEE_03_64_FR	476	Picture	+	12811513	0	1	58665	1	0	next	other	0
SEE_03_64_FR	477	Sound	low030b	12811513	0	1			0		other	0
SEE_03_64_FR	478	Picture	500+	12870178	0	1	5167	1	0	5000	other	0
SEE_03_64_FR	479	Picture	hi_F038	12875511	0	1	30166	1	0	30000	other	0
SEE_03_64_FR	480	Picture	+	12905844	0	1	20166	1	0	42150	other	0
SEE_03_64_FR	481	Picture	low_L180	12926010	0	1	30166	1	0	30000	other	0
SEE_03_64_FR	482	Picture	+	12956342	0	1	20166	1	0	42700	other	0
SEE_03_64_FR	483	Picture	hi_P217	12976508	0	1	30166	1	0	30000	other	0
SEE_03_64_FR	484	Picture	+	13006841	0	1	86331	1	0	next	other	0
SEE_03_64_FR	485	Sound	hi004a	13026842	0	1			0		other	0
SEE_03_64_FR	486	Picture	500+	13093172	0	1	5167	1	0	5000	other	0
SEE_03_64_FR	487	Picture	low_L089	13098339	0	1	30166	1	0	30000	other	0
SEE_03_64_FR	488	Picture	+	13128671	0	1	59499	1	0	next	other	0
SEE_03_64_FR	489	Sound	hi004b	13128672	0	1			0		other	0
SEE_03_64_FR	490	Picture	500+	13188170	0	1	5167	1	0	5000	other	0
SEE_03_64_FR	491	Picture	hi_F016	13193336	0	1	30166	1	0	30000	other	0
SEE_03_64_FR	492	Picture	+	13223669	0	1	20166	1	0	40910	other	0
SEE_03_64_FR	493	Picture	low_A140	13243835	0	1	30166	1	0	30000	other	0
SEE_03_64_FR	494	Picture	+	13274168	0	1	20166	1	0	40650	other	0
SEE_03_64_FR	495	Picture	hi_F287	13294334	0	1	30166	1	0	30000	other	0
SEE_03_64_FR	496	Picture	+	13324666	0	1	85164	1	0	next	other	0
SEE_03_64_FR	497	Sound	hi243a	13344667	0	1			0		other	0
SEE_03_64_FR	498	Picture	500+	13409831	0	1	5167	1	0	5000	other	0
SEE_03_64_FR	499	Picture	hi_P206	13414998	0	1	30166	1	0	30000	other	0
SEE_03_64_FR	500	Picture	+	13445163	0	1	58499	1	0	next	other	0
SEE_03_64_FR	501	Sound	hi243b	13445164	0	1			0		other	0
SEE_03_64_FR	502	Picture	500+	13503662	0	1	5167	1	0	5000	other	0
SEE_03_64_FR	503	Picture	low_P176	13508995	0	1	30166	1	0	30000	other	0
SEE_03_64_FR	504	Picture	+	13539328	0	1	20166	1	0	40190	other	0
SEE_03_64_FR	505	Picture	hi_A020	13559494	0	1	30166	1	0	30000	other	0
SEE_03_64_FR	506	Picture	+	13589827	0	1	20166	1	0	36600	other	0
SEE_03_64_FR	507	Picture	low_P152	13609993	0	1	30166	1	0	30000	other	0
SEE_03_64_FR	508	Picture	+	13640325	0	1	75832	1	0	next	other	0
SEE_03_64_FR	509	Sound	low038a	13660326	0	1			0		other	0
SEE_03_64_FR	510	Picture	500+	13716157	0	1	5167	1	0	5000	other	0
SEE_03_64_FR	511	Picture	hi_P237	13721323	0	1	30166	1	0	30000	other	0
SEE_03_64_FR	512	Picture	+	13751489	0	1	66998	1	0	next	other	0
SEE_03_64_FR	513	Sound	low038b	13751490	0	1			0		other	0
SEE_03_64_FR	514	Picture	500+	13818487	0	1	5167	1	0	5000	other	0
SEE_03_64_FR	515	Picture	low_L100	13823654	0	1	30166	1	0	30000	other	0
SEE_03_64_FR	516	Picture	+	13853987	0	1	20166	1	0	42850	other	0
SEE_03_64_FR	517	Picture	hi_P239	13874153	0	1	30166	1	0	30000	other	0
SEE_03_64_FR	518	Picture	+	13904485	0	1	20166	1	0	37350	other	0
SEE_03_64_FR	519	Picture	low_P044	13924651	0	1	30166	1	0	30000	other	0
SEE_03_64_FR	520	Picture	+	13954984	0	1	80831	1	0	next	other	0
SEE_03_64_FR	521	Sound	hi308a	13974985	0	1			0		other	0
SEE_03_64_FR	522	Picture	500+	14035815	0	1	5167	1	0	5000	other	0
SEE_03_64_FR	523	Picture	hi_A056	14041149	0	1	30166	1	0	30000	other	0
SEE_03_64_FR	524	Picture	+	14071315	0	1	59165	1	0	next	other	0
SEE_03_64_FR	525	Sound	hi308b	14071315	0	1			0		other	0
SEE_03_64_FR	526	Picture	500+	14130480	0	1	5167	1	0	5000	other	0
SEE_03_64_FR	527	Picture	low_L178	14135813	0	1	30166	1	0	30000	other	0
SEE_03_64_FR	528	Picture	+	14166145	0	1	20166	1	0	42640	other	0
SEE_03_64_FR	529	Picture	hi_P140	14186312	0	1	30166	1	0	30000	other	0
SEE_03_64_FR	530	Picture	+	14216644	0	1	20166	1	0	34040	other	0
SEE_03_64_FR	531	Picture	low_F224	14236810	0	1	30166	1	0	30000	other	0
SEE_03_64_FR	532	Picture	+	14267143	0	1	87331	1	0	next	other	0
SEE_03_64_FR	533	Sound	hi314a	14287144	0	1			0		other	0
SEE_03_64_FR	534	Picture	500+	14354474	0	1	5167	1	0	5000	other	0
SEE_03_64_FR	535	Picture	hi_P144	14359641	0	1	30166	1	0	30000	other	0
SEE_03_64_FR	536	Picture	+	14389973	0	1	65165	1	0	next	other	0
SEE_03_64_FR	537	Sound	hi314b	14389974	0	1			0		other	0
SEE_03_64_FR	538	Picture	500+	14455138	0	1	5166	1	0	5000	other	0
SEE_03_64_FR	539	Picture	low_A152	14460305	0	1	30166	1	0	30000	other	0
SEE_03_64_FR	540	Picture	+	14490637	0	1	20166	1	0	41800	other	0
SEE_03_64_FR	541	Picture	hi_A007	14510804	0	1	30166	1	0	30000	other	0
SEE_03_64_FR	542	Picture	+	14541136	0	1	20166	1	0	41410	other	0
SEE_03_64_FR	543	Picture	low_L102	14561302	0	1	30166	1	0	30000	other	0
SEE_03_64_FR	544	Picture	+	14591635	0	1	79331	1	0	next	other	0
SEE_03_64_FR	545	Sound	hi013a	14611636	0	1			0		other	0
SEE_03_64_FR	546	Picture	500+	14670966	0	1	5167	1	0	5000	other	0
SEE_03_64_FR	547	Picture	low_F087	14676299	0	1	30166	1	0	30000	other	0
SEE_03_64_FR	548	Picture	+	14706465	0	1	66332	1	0	next	other	0
SEE_03_64_FR	549	Sound	hi013b	14706466	0	1			0		other	0
SEE_03_64_FR	550	Picture	500+	14772797	0	1	5167	1	0	5000	other	0
SEE_03_64_FR	551	Picture	hi_F284	14778130	0	1	30166	1	0	30000	other	0
SEE_03_64_FR	552	Picture	+	14808463	0	1	20166	1	0	30300	other	0
SEE_03_64_FR	553	Picture	hi_A027	14828629	0	1	30166	1	0	30000	other	0
SEE_03_64_FR	554	Picture	+	14858962	0	1	20166	1	0	42400	other	0
SEE_03_64_FR	555	Picture	low_L179	14879128	0	1	30166	1	0	30000	other	0
SEE_03_64_FR	556	Picture	+	14909460	0	1	78665	1	0	next	other	0
SEE_03_64_FR	557	Sound	hi001a	14929461	0	1			0		other	0
SEE_03_64_FR	558	Picture	500+	14988125	0	1	5167	1	0	5000	other	0
SEE_03_64_FR	559	Picture	hi_P143	14993291	0	1	30166	1	0	30000	other	0
SEE_03_64_FR	560	Picture	+	15023457	0	1	63498	1	0	next	other	0
SEE_03_64_FR	561	Sound	hi001b	15023458	0	1			0		other	0
SEE_03_64_FR	562	Picture	500+	15086956	0	1	5166	1	0	5000	other	0
SEE_03_64_FR	563	Picture	low_L154	15092122	0	1	30166	1	0	30000	other	0
SEE_03_64_FR	564	Picture	+	15122455	0	1	20166	1	0	33700	other	0
SEE_03_64_FR	565	Picture	low_F098	15142621	0	1	30166	1	0	30000	other	0
SEE_03_64_FR	566	Picture	+	15172954	0	1	20166	1	0	32850	other	0
SEE_03_64_FR	567	Picture	hi_P128	15193120	0	1	30166	1	0	30000	other	0
SEE_03_64_FR	568	Picture	+	15223452	0	1	88165	1	0	next	other	0
SEE_03_64_FR	569	Sound	hi245a	15243453	0	1			0		other	0
SEE_03_64_FR	570	Picture	500+	15311617	0	1	5166	1	0	5000	other	0
SEE_03_64_FR	571	Picture	low_P138	15316783	0	1	30166	1	0	30000	other	0
SEE_03_64_FR	572	Picture	+	15347116	0	1	57332	1	0	next	other	0
SEE_03_64_FR	573	Sound	hi245b	15347117	0	1			0		other	0
SEE_03_64_FR	574	Picture	500+	15404448	0	1	5167	1	0	5000	other	0
SEE_03_64_FR	575	Picture	hi_A038	15409614	0	1	30166	1	0	30000	other	0
SEE_03_64_FR	576	Picture	+	15439947	0	1	20166	1	0	30400	other	0
SEE_03_64_FR	577	Picture	hi_F366	15460113	0	1	30166	1	0	30000	other	0
SEE_03_64_FR	578	Picture	+	15490446	0	1	20166	1	0	33360	other	0
SEE_03_64_FR	579	Picture	low_L049	15510612	0	1	30166	1	0	30000	other	0
SEE_03_64_FR	580	Picture	+	15540945	0	1	84165	1	0	next	other	0
SEE_03_64_FR	581	Sound	low084a	15560945	0	1			0		other	0
SEE_03_64_FR	582	Picture	500+	15625109	0	1	5166	1	0	5000	other	0
SEE_03_64_FR	583	Picture	hi_P032	15630276	0	1	30166	1	0	30000	other	0
SEE_03_64_FR	584	Picture	+	15660442	0	1	60998	1	0	next	other	0
SEE_03_64_FR	585	Sound	low084b	15660442	0	1			0		other	0
SEE_03_64_FR	586	Picture	500+	15721440	0	1	5167	1	0	5000	other	0
SEE_03_64_FR	587	Picture	low_L167	15726773	0	1	30166	1	0	30000	other	0
SEE_03_64_FR	588	Picture	+	15757106	0	1	20166	1	0	40500	other	0
SEE_03_64_FR	589	Picture	hi_P228	15777272	0	1	30166	1	0	30000	other	0
SEE_03_64_FR	590	Picture	+	15807605	0	1	20166	1	0	42570	other	0
SEE_03_64_FR	591	Picture	low_O190	15827771	0	1	30166	1	0	30000	other	0
SEE_03_64_FR	592	Picture	+	15858103	0	1	85998	1	0	next	other	0
SEE_03_64_FR	593	Sound	hi110a	15878104	0	1			0		other	0
SEE_03_64_FR	594	Picture	500+	15944101	0	1	5167	1	0	5000	other	0
SEE_03_64_FR	595	Picture	low_A090	15949268	0	1	30166	1	0	30000	other	0
SEE_03_64_FR	596	Picture	+	15979434	0	1	60999	1	0	next	other	0
SEE_03_64_FR	597	Sound	hi110b	15979434	0	1			0		other	0
SEE_03_64_FR	598	Picture	500+	16040432	0	1	5166	1	0	5000	other	0
SEE_03_64_FR	599	Picture	hi_P225	16045765	0	1	30166	1	0	30000	other	0
SEE_03_64_FR	600	Picture	+	16076098	0	1	20166	1	0	35490	other	0
SEE_03_64_FR	601	Picture	hi_A059	16096264	0	1	30166	1	0	30000	other	0
SEE_03_64_FR	602	Picture	+	16126597	0	1	20166	1	0	41830	other	0
SEE_03_64_FR	603	Picture	low_L123	16146763	0	1	30166	1	0	30000	other	0
SEE_03_64_FR	604	Picture	+	16177095	0	1	77998	1	0	next	other	0
SEE_03_64_FR	605	Sound	hi246a	16197096	0	1			0		other	0
SEE_03_64_FR	606	Picture	500+	16255093	0	1	5167	1	0	5000	other	0
SEE_03_64_FR	607	Picture	low_L104	16260260	0	1	30166	1	0	30000	other	0
SEE_03_64_FR	608	Picture	+	16290426	0	1	62665	1	0	next	other	0
SEE_03_64_FR	609	Sound	hi246b	16290426	0	1			0		other	0
SEE_03_64_FR	610	Picture	500+	16353091	0	1	5167	1	0	5000	other	0
SEE_03_64_FR	611	Picture	hi_F007	16358257	0	1	30166	1	0	30000	other	0
SEE_03_64_FR	612	Picture	+	16388590	0	1	20166	1	0	31060	other	0
SEE_03_64_FR	613	Picture	low_A159	16408756	0	1	30166	1	0	30000	other	0
SEE_03_64_FR	614	Picture	+	16439089	0	1	20166	1	0	35400	other	0
SEE_03_64_FR	615	Picture	hi_F021	16459255	0	1	30166	1	0	30000	other	0
SEE_03_64_FR	616	Picture	+	16489588	0	1	84665	1	0	next	other	0
SEE_03_64_FR	617	Sound	low276a	16509589	0	1			0		other	0
SEE_03_64_FR	618	Picture	500+	16574252	0	1	5167	1	0	5000	other	0
SEE_03_64_FR	619	Picture	low_L141	16579585	0	1	30166	1	0	30000	other	0
SEE_03_64_FR	620	Picture	+	16609751	0	1	67832	1	0	next	other	0
SEE_03_64_FR	621	Sound	low276b	16609752	0	1			0		other	0
SEE_03_64_FR	622	Picture	500+	16677583	0	1	5167	1	0	5000	other	0
SEE_03_64_FR	623	Picture	hi_P233	16682749	0	1	30166	1	0	30000	other	0
SEE_03_64_FR	624	Picture	+	16713082	0	1	20166	1	0	44360	other	0
SEE_03_64_FR	625	Picture	low_A095	16733248	0	1	30166	1	0	30000	other	0
SEE_03_64_FR	626	Picture	+	16763581	0	1	20166	1	0	35250	other	0
SEE_03_64_FR	627	Picture	hi_P058	16783747	0	1	30166	1	0	30000	other	0
SEE_03_64_FR	628	Picture	+	16814079	0	1	81498	1	0	next	other	0
SEE_03_64_FR	629	Sound	hi014a	16834080	0	1			0		other	0
SEE_03_64_FR	630	Picture	500+	16895577	0	1	5167	1	0	5000	other	0
SEE_03_64_FR	631	Picture	hi_P033	16900911	0	1	30166	1	0	30000	other	0
SEE_03_64_FR	632	Picture	+	16931243	0	1	56665	1	0	next	other	0
SEE_03_64_FR	633	Sound	hi014b	16931244	0	1			0		other	0
SEE_03_64_FR	634	Picture	500+	16987908	0	1	5167	1	0	5000	other	0
SEE_03_64_FR	635	Picture	low_A184	16993075	0	1	30166	1	0	30000	other	0
SEE_03_64_FR	636	Picture	+	17023408	0	1	20166	1	0	39550	other	0
SEE_03_64_FR	637	Picture	hi_P214	17043574	0	1	30166	1	0	30000	other	0
SEE_03_64_FR	638	Picture	+	17073906	0	1	20166	1	0	41910	other	0
SEE_03_64_FR	639	Picture	low_P112	17094072	0	1	30166	1	0	30000	other	0
SEE_03_64_FR	640	Picture	+	17124405	0	1	75665	1	0	next	other	0
SEE_03_64_FR	641	Sound	hi251a	17144406	0	1			0		other	0
SEE_03_64_FR	642	Picture	500+	17200070	0	1	5166	1	0	5000	other	0
SEE_03_64_FR	643	Picture	hi_P220	17205236	0	1	30166	1	0	30000	other	0
SEE_03_64_FR	644	Picture	+	17235402	0	1	64165	1	0	next	other	0
SEE_03_64_FR	645	Sound	hi251b	17235403	0	1			0		other	0
SEE_03_64_FR	646	Picture	500+	17299567	0	1	5167	1	0	5000	other	0
SEE_03_64_FR	647	Picture	low_A157	17304734	0	1	30166	1	0	30000	other	0
SEE_03_64_FR	648	Picture	+	17335066	0	1	20166	1	0	38970	other	0
SEE_03_64_FR	649	Picture	low_L146	17355233	0	1	30166	1	0	30000	other	0
SEE_03_64_FR	650	Picture	+	17385565	0	1	20166	1	0	36500	other	0
SEE_03_64_FR	651	Picture	hi_P038	17405731	0	1	30166	1	0	30000	other	0
SEE_03_64_FR	652	Picture	+	17436064	0	1	82165	1	0	next	other	0
SEE_03_64_FR	653	Sound	hi103a	17456065	0	1			0		other	0
SEE_03_64_FR	654	Picture	500+	17518229	0	1	5167	1	0	5000	other	0
SEE_03_64_FR	655	Picture	hi_P015	17523562	0	1	30166	1	0	30000	other	0
SEE_03_64_FR	656	Picture	+	17553728	0	1	55999	1	0	next	other	0
SEE_03_64_FR	657	Sound	hi103b	17553728	0	1			0		other	0
SEE_03_64_FR	658	Picture	500+	17609726	0	1	5167	1	0	5000	other	0
SEE_03_64_FR	659	Picture	low_O327	17615059	0	1	30166	1	0	30000	other	0
SEE_03_64_FR	660	Picture	+	17645392	0	1	20166	1	0	36410	other	0
SEE_03_64_FR	661	Picture	low_A219	17665558	0	1	30166	1	0	30000	other	0
SEE_03_64_FR	662	Picture	+	17695891	0	1	20166	1	0	34090	other	0
SEE_03_64_FR	663	Picture	hi_L177	17716057	0	1	30166	1	0	30000	other	0
SEE_03_64_FR	664	Picture	+	17746389	0	1	87831	1	0	next	other	0
SEE_03_64_FR	665	Sound	hi206a	17766391	0	2			0		other	0
SEE_03_64_FR	666	Picture	500+	17834221	0	1	5167	1	0	5000	other	0
SEE_03_64_FR	667	Picture	hi_P028	17839387	0	1	30166	1	0	30000	other	0
SEE_03_64_FR	668	Picture	+	17869553	0	1	62165	1	0	next	other	0
SEE_03_64_FR	669	Sound	hi206b	17869554	0	1			0		other	0
SEE_03_64_FR	670	Picture	500+	17931718	0	1	5167	1	0	5000	other	0
SEE_03_64_FR	671	Picture	low_A126	17937051	0	1	30166	1	0	30000	other	0
SEE_03_64_FR	672	Picture	+	17967384	0	1	20166	1	0	37970	other	0
SEE_03_64_FR	673	Picture	low_L109	17987550	0	1	30166	1	0	30000	other	0
SEE_03_64_FR	674	Picture	+	18017883	0	1	20166	1	0	33140	other	0
SEE_03_64_FR	675	Picture	hi_F018	18038049	0	1	30166	1	0	30000	other	0
SEE_03_64_FR	676	Picture	+	18068382	0	1	78165	1	0	next	other	0
SEE_03_64_FR	677	Sound	hi007a	18088382	0	1			0		other	0
SEE_03_64_FR	678	Picture	500+	18146546	0	1	5167	1	0	5000	other	0
SEE_03_64_FR	679	Picture	hi_F170	18151713	0	1	30166	1	0	30000	other	0
SEE_03_64_FR	680	Picture	+	18181879	0	1	55499	1	0	next	other	0
SEE_03_64_FR	681	Sound	hi007b	18181879	0	1			0		other	0
SEE_03_64_FR	682	Picture	500+	18237377	0	1	5167	1	0	5000	other	0
SEE_03_64_FR	683	Picture	low_F125	18242710	0	1	30166	1	0	30000	other	0
SEE_03_64_FR	684	Picture	+	18273043	0	1	20166	1	0	40190	other	0
SEE_03_64_FR	685	Picture	hi_A016	18293209	0	1	30166	1	0	30000	other	0
SEE_03_64_FR	686	Picture	+	18323542	0	1	20166	1	0	34020	other	0
SEE_03_64_FR	687	Picture	low_F121	18343708	0	1	30166	1	0	30000	other	0
SEE_03_64_FR	688	Picture	+	18374041	0	1	82165	1	0	next	other	0
SEE_03_64_FR	689	Sound	low283a	18394041	0	1			0		other	0
SEE_03_64_FR	690	Picture	500+	18456205	0	1	5167	1	0	5000	other	0
SEE_03_64_FR	691	Picture	hi_O013	18461372	0	1	30166	1	0	30000	other	0
SEE_03_64_FR	692	Picture	+	18491704	0	1	66165	1	0	next	other	0
SEE_03_64_FR	693	Sound	low283b	18491705	0	1			0		other	0
SEE_03_64_FR	694	Picture	500+	18557869	0	1	5167	1	0	5000	other	0
SEE_03_64_FR	695	Picture	low_P186	18563036	0	1	30166	1	0	30000	other	0
SEE_03_64_FR	696	Picture	+	18593368	0	1	20166	1	0	36920	other	0
SEE_03_64_FR	697	Picture	hi_P017	18613535	0	1	30166	1	0	30000	other	0
SEE_03_64_FR	698	Picture	+	18643867	0	1	20166	1	0	35920	other	0
SEE_03_64_FR	699	Picture	low_P154	18664033	0	1	30166	1	0	30000	other	0
SEE_03_64_FR	700	Picture	+	18694366	0	1	78498	1	0	next	other	0
SEE_03_64_FR	701	Sound	low063a	18714367	0	1			0		other	0
SEE_03_64_FR	702	Picture	500+	18772864	0	1	5167	1	0	5000	other	0
SEE_03_64_FR	703	Picture	low_P104	18778197	0	1	30166	1	0	30000	other	0
SEE_03_64_FR	704	Picture	+	18808363	0	1	55499	1	0	next	other	0
SEE_03_64_FR	705	Sound	low063b	18808364	0	1			0		other	0
SEE_03_64_FR	706	Picture	500+	18863862	0	1	5167	1	0	5000	other	0
SEE_03_64_FR	707	Picture	hi_A143	18869028	0	1	30166	1	0	30000	other	0
SEE_03_64_FR	708	Picture	+	18899361	0	1	20166	1	0	41540	other	0
SEE_03_64_FR	709	Picture	low_L138	18919527	0	1	30166	1	0	30000	other	0
SEE_03_64_FR	710	Picture	+	18949860	0	1	20166	1	0	34250	other	0
SEE_03_64_FR	711	Picture	hi_A032	18970026	0	1	30166	1	0	30000	other	0
SEE_03_64_FR	712	Picture	+	19000358	0	1	86831	1	0	next	other	0
SEE_03_64_FR	713	Sound	hi248a	19020359	0	1			0		other	0
SEE_03_64_FR	714	Picture	500+	19087189	0	1	5167	1	0	5000	other	0
SEE_03_64_FR	715	Picture	hi_F164	19092356	0	1	30166	1	0	30000	other	0
SEE_03_64_FR	716	Picture	+	19122522	0	1	56665	1	0	next	other	0
SEE_03_64_FR	717	Sound	hi248b	19122523	0	1			0		other	0
SEE_03_64_FR	718	Picture	500+	19179187	0	1	5167	1	0	5000	other	0
SEE_03_64_FR	719	Picture	low_O325	19184354	0	1	30166	1	0	30000	other	0
SEE_03_64_FR	720	Picture	+	19214686	0	1	20166	1	0	35860	other	0
SEE_03_64_FR	721	Picture	low_L094	19234852	0	1	30166	1	0	30000	other	0
SEE_03_64_FR	722	Picture	+	19265185	0	1	20166	1	0	37100	other	0
SEE_03_64_FR	723	Picture	hi_A085	19285351	0	1	30166	1	0	30000	other	0
SEE_03_64_FR	724	Picture	+	19315684	0	1	85665	1	0	next	other	0
SEE_03_64_FR	725	Sound	low042a	19335685	0	1			0		other	0
SEE_03_64_FR	726	Picture	500+	19401348	0	1	5167	1	0	5000	other	0
SEE_03_64_FR	727	Picture	hi_A041	19406515	0	1	30166	1	0	30000	other	0
SEE_03_64_FR	728	Picture	+	19436847	0	1	63165	1	0	next	other	0
SEE_03_64_FR	729	Sound	low042b	19436848	0	1			0		other	0
SEE_03_64_FR	730	Picture	500+	19500012	0	1	5167	1	0	5000	other	0
SEE_03_64_FR	731	Picture	low_L075	19505179	0	1	30166	1	0	30000	other	0
SEE_03_64_FR	732	Picture	+	19535512	0	1	20166	1	0	42470	other	0
SEE_03_64_FR	733	Picture	low_L038	19555678	0	1	30166	1	0	30000	other	0
SEE_03_64_FR	734	Picture	+	19586010	0	1	20166	1	0	44850	other	0
SEE_03_64_FR	735	Picture	hi_F277	19606176	0	1	30166	1	0	30000	other	0
SEE_03_64_FR	736	Picture	+	19636509	0	1	78831	1	0	next	other	0
SEE_03_64_FR	737	Sound	low273a	19656510	0	2			0		other	0
SEE_03_64_FR	738	Picture	500+	19715340	0	1	5167	1	0	5000	other	0
SEE_03_64_FR	739	Picture	hi_A011	19720674	0	1	30166	1	0	30000	other	0
SEE_03_64_FR	740	Picture	+	19750840	0	1	58665	1	0	next	other	0
SEE_03_64_FR	741	Sound	low273b	19750840	0	2			0		other	0
SEE_03_64_FR	742	Picture	500+	19809505	0	1	5167	1	0	5000	other	0
SEE_03_64_FR	743	Picture	low_F056	19814838	0	1	30166	1	0	30000	other	0
SEE_03_64_FR	744	Picture	+	19845171	0	1	20166	1	0	35660	other	0
SEE_03_64_FR	745	Picture	low_A114	19865337	0	1	30166	1	0	30000	other	0
SEE_03_64_FR	746	Picture	+	19895669	0	1	20166	1	0	37000	other	0
SEE_03_64_FR	747	Picture	hi_A073	19915835	0	1	30166	1	0	30000	other	0
SEE_03_64_FR	748	Picture	+	19946168	0	1	86664	1	0	next	other	0
SEE_03_64_FR	749	Sound	low272a	19966169	0	2			0		other	0
SEE_03_64_FR	750	Picture	500+	20032832	0	1	5167	1	0	5000	other	0
SEE_03_64_FR	751	Picture	hi_F172	20038166	0	1	30166	1	0	30000	other	0
SEE_03_64_FR	752	Picture	+	20068332	0	1	55165	1	0	next	other	0
SEE_03_64_FR	753	Sound	low272b	20068332	0	1			0		other	0
SEE_03_64_FR	754	Picture	500+	20123497	0	1	5167	1	0	5000	other	0
SEE_03_64_FR	755	Picture	low_A115	20128663	0	1	30166	1	0	30000	other	0
SEE_03_64_FR	756	Picture	+	20158996	0	1	20166	1	0	39000	other	0
SEE_03_64_FR	757	Picture	low_P105	20179162	0	1	30166	1	0	30000	other	0
SEE_03_64_FR	758	Picture	+	20209495	0	1	20166	1	0	32890	other	0
SEE_03_64_FR	759	Picture	hi_P124	20229661	0	1	30166	1	0	30000	other	0
SEE_03_64_FR	760	Picture	+	20259994	0	1	78998	1	0	next	other	0
SEE_03_64_FR	761	Sound	hi301a	20279994	0	1			0		other	0
SEE_03_64_FR	762	Picture	500+	20338992	0	1	5167	1	0	5000	other	0
SEE_03_64_FR	763	Picture	low_L050	20344158	0	1	30166	1	0	30000	other	0
SEE_03_64_FR	764	Picture	+	20374324	0	1	56165	1	0	next	other	0
SEE_03_64_FR	765	Sound	hi301b	20374325	0	1			0		other	0
SEE_03_64_FR	766	Picture	500+	20430489	0	1	5167	1	0	5000	other	0
SEE_03_64_FR	767	Picture	hi_P208	20435656	0	1	30166	1	0	30000	other	0
SEE_03_64_FR	768	Picture	+	20465988	0	1	20166	1	0	31350	other	0
SEE_03_64_FR	769	Picture	hi_L139	20486155	0	1	30166	1	0	30000	other	0
SEE_03_64_FR	770	Picture	+	20516487	0	1	20166	1	0	30250	other	0
SEE_03_64_FR	771	Picture	low_P054	20536653	0	1	30166	1	0	30000	other	0
SEE_03_64_FR	772	Picture	+	20566986	0	1	82998	1	0	next	other	0
SEE_03_64_FR	773	Sound	low085a	20586987	0	2			0		other	0
SEE_03_64_FR	774	Picture	500+	20649984	0	1	5167	1	0	5000	other	0
SEE_03_64_FR	775	Picture	low_P115	20655317	0	1	30166	1	0	30000	other	0
SEE_03_64_FR	776	Picture	+	20685650	0	1	57165	1	0	next	other	0
SEE_03_64_FR	777	Sound	low085b	20685650	0	1			0		other	0
SEE_03_64_FR	778	Picture	500+	20742815	0	1	5167	1	0	5000	other	0
SEE_03_64_FR	779	Picture	hi_F146	20747981	0	1	30166	1	0	30000	other	0
SEE_03_64_FR	780	Picture	+	20778314	0	1	20166	1	0	44710	other	0
SEE_03_64_FR	781	Picture	low_L151	20798480	0	1	30166	1	0	30000	other	0
SEE_03_64_FR	782	Picture	+	20828813	0	1	20166	1	0	42380	other	0
SEE_03_64_FR	783	Picture	hi_F370	20848979	0	1	30166	1	0	30000	other	0
SEE_03_64_FR	784	Picture	+	20879311	0	1	77998	1	0	next	other	0
SEE_03_64_FR	785	Sound	hi003a	20899312	0	1			0		other	0
SEE_03_64_FR	786	Picture	500+	20957309	0	1	5167	1	0	5000	other	0
SEE_03_64_FR	787	Picture	low_L137	20962643	0	1	30166	1	0	30000	other	0
SEE_03_64_FR	788	Picture	+	20992809	0	1	62498	1	0	next	other	0
SEE_03_64_FR	789	Sound	hi003b	20992809	0	1			0		other	0
SEE_03_64_FR	790	Picture	500+	21055307	0	1	5167	1	0	5000	other	0
SEE_03_64_FR	791	Picture	hi_O149	21060474	0	1	30166	1	0	30000	other	0
SEE_03_64_FR	792	Picture	+	21090806	0	1	20166	1	0	36070	other	0
SEE_03_64_FR	793	Picture	hi_O003	21110972	0	1	30166	1	0	30000	other	0
SEE_03_64_FR	794	Picture	+	21141305	0	1	20166	1	0	38170	other	0
SEE_03_64_FR	795	Picture	low_A123	21161471	0	1	30166	1	0	30000	other	0
SEE_03_64_FR	796	Picture	+	21191804	0	1	81165	1	0	next	other	0
SEE_03_64_FR	797	Sound	hi244a	21211804	0	1			0		other	0
SEE_03_64_FR	798	Picture	500+	21272968	0	1	5167	1	0	5000	other	0
SEE_03_64_FR	799	Picture	low_F111	21278135	0	1	30166	1	0	30000	other	0
SEE_03_64_FR	800	Picture	+	21308467	0	1	56665	1	0	next	other	0
SEE_03_64_FR	801	Sound	hi244b	21308468	0	1			0		other	0
SEE_03_64_FR	802	Picture	500+	21365133	0	1	5167	1	0	5000	other	0
SEE_03_64_FR	803	Picture	hi_O007	21370299	0	1	30166	1	0	30000	other	0
SEE_03_64_FR	804	Picture	+	21400632	0	1	20166	1	0	36160	other	0
SEE_03_64_FR	805	Picture	hi_A025	21420798	0	1	30166	1	0	30000	other	0
SEE_03_64_FR	806	Picture	+	21451131	0	1	20166	1	0	32380	other	0
SEE_03_64_FR	807	Picture	low_A156	21471297	0	1	30166	1	0	30000	other	0
SEE_03_64_FR	808	Picture	+	21501629	0	1	89664	1	0	next	other	0
SEE_03_64_FR	809	Sound	hi202a	21521630	0	1			0		other	0
SEE_03_64_FR	810	Picture	500+	21591294	0	1	5167	1	0	5000	other	0
SEE_03_64_FR	811	Picture	hi_O022	21596460	0	1	30166	1	0	30000	other	0
SEE_03_64_FR	812	Picture	+	21626626	0	1	61665	1	0	next	other	0
SEE_03_64_FR	813	Sound	hi202b	21626627	0	1			0		other	0
SEE_03_64_FR	814	Picture	500+	21688291	0	1	5167	1	0	5000	other	0
SEE_03_64_FR	815	Picture	low_P153	21693624	0	1	30166	1	0	30000	other	0
SEE_03_64_FR	816	Picture	+	21723957	0	1	20166	1	0	30750	other	0
SEE_03_64_FR	817	Picture	hi_F163	21744123	0	1	30166	1	0	30000	other	0
SEE_03_64_FR	818	Picture	+	21774456	0	1	20166	1	0	36390	other	0
SEE_03_64_FR	819	Picture	low_L071	21794622	0	1	30166	1	0	30000	other	0
SEE_03_64_FR	820	Picture	+	21824954	0	1	76498	1	0	next	other	0
SEE_03_64_FR	821	Sound	low036a	21844955	0	1			0		other	0
SEE_03_64_FR	822	Picture	500+	21901453	0	1	5167	1	0	5000	other	0
SEE_03_64_FR	823	Picture	low_L134	21906619	0	1	30166	1	0	30000	other	0
SEE_03_64_FR	824	Picture	+	21936785	0	1	56332	1	0	next	other	0
SEE_03_64_FR	825	Sound	low036b	21936786	0	1			0		other	0
SEE_03_64_FR	826	Picture	500+	21993117	0	1	5167	1	0	5000	other	0
SEE_03_64_FR	827	Picture	hi_A024	21998283	0	1	30166	1	0	30000	other	0
SEE_03_64_FR	828	Picture	+	22028616	0	1	20166	1	0	31960	other	0
SEE_03_64_FR	829	Picture	hi_F368	22048782	0	1	30166	1	0	30000	other	0
SEE_03_64_FR	830	Picture	+	22079115	0	1	20166	1	0	39390	other	0
SEE_03_64_FR	831	Picture	low_A221	22099281	0	1	30166	1	0	30000	other	0
SEE_03_64_FR	832	Picture	+	22129614	0	1	77165	1	0	next	other	0
SEE_03_64_FR	833	Sound	low035a	22149614	0	1			0		other	0
SEE_03_64_FR	834	Picture	500+	22206778	0	1	5167	1	0	5000	other	0
SEE_03_64_FR	835	Picture	low_L153	22211945	0	1	30166	1	0	30000	other	0
SEE_03_64_FR	836	Picture	+	22242111	0	1	65832	1	0	next	other	0
SEE_03_64_FR	837	Sound	low035b	22242111	0	1			0		other	0
SEE_03_64_FR	838	Picture	500+	22307942	0	1	5167	1	0	5000	other	0
SEE_03_64_FR	839	Picture	hi_A045	22313109	0	1	30166	1	0	30000	other	0
SEE_03_64_FR	840	Picture	+	22343442	0	1	20166	1	0	36440	other	0
SEE_03_64_FR	841	Picture	low_L046	22363608	0	1	30166	1	0	30000	other	0
SEE_03_64_FR	842	Picture	+	22393940	0	1	20166	1	0	32190	other	0
SEE_03_64_FR	843	Picture	hi_P200	22414107	0	1	30166	1	0	30000	other	0
SEE_03_64_FR	844	Picture	+	22444439	0	1	82498	1	0	next	other	0
SEE_03_64_FR	845	Sound	hi319a	22464440	0	1			0		other	0
SEE_03_64_FR	846	Picture	500+	22526937	0	1	5167	1	0	5000	other	0
SEE_03_64_FR	847	Picture	low_P055	22532104	0	1	30166	1	0	30000	other	0
SEE_03_64_FR	848	Picture	+	22562269	0	1	65332	1	0	next	other	0
SEE_03_64_FR	849	Sound	hi319b	22562270	0	1			0		other	0
SEE_03_64_FR	850	Picture	500+	22627601	0	1	5166	1	0	5000	other	0
SEE_03_64_FR	851	Picture	hi_A050	22632768	0	1	30166	1	0	30000	other	0
SEE_03_64_FR	852	Picture	+	22663100	0	1	20166	1	0	32420	other	0
SEE_03_64_FR	853	Picture	low_L051	22683266	0	1	30166	1	0	30000	other	0
SEE_03_64_FR	854	Picture	+	22713599	0	1	20166	1	0	42770	other	0
SEE_03_64_FR	855	Picture	hi_P132	22733765	0	1	30166	1	0	30000	other	0
SEE_03_64_FR	856	Picture	+	22764098	0	1	86998	1	0	next	other	0
SEE_03_64_FR	857	Sound	low345a	22784099	0	1			0		other	0
SEE_03_64_FR	858	Picture	500+	22851096	0	1	5167	1	0	5000	other	0
SEE_03_64_FR	859	Picture	low_F345	22856429	0	1	30166	1	0	30000	other	0
SEE_03_64_FR	860	Picture	+	22886595	0	1	65165	1	0	next	other	0
SEE_03_64_FR	861	Sound	low345b	22886595	0	1			0		other	0
SEE_03_64_FR	862	Picture	500+	22951760	0	1	5167	1	0	5000	other	0
SEE_03_64_FR	863	Picture	hi_P125	22956926	0	1	30166	1	0	30000	other	0
SEE_03_64_FR	864	Picture	+	22987259	0	1	20166	1	0	39040	other	0
SEE_03_64_FR	865	Picture	hi_P008	23007425	0	1	30166	1	0	30000	other	0
SEE_03_64_FR	866	Picture	+	23037758	0	1	20166	1	0	39690	other	0
SEE_03_64_FR	867	Picture	low_O099	23057924	0	1	30166	1	0	30000	other	0
SEE_03_64_FR	868	Picture	+	23088256	0	1	77498	1	0	next	other	0
SEE_03_64_FR	869	Sound	low088a	23108257	0	1			0		other	0
SEE_03_64_FR	870	Picture	500+	23165754	0	1	5167	1	0	5000	other	0
SEE_03_64_FR	871	Picture	hi_P198	23170921	0	1	30166	1	0	30000	other	0
SEE_03_64_FR	872	Picture	+	23201254	0	1	60499	1	0	next	other	0
SEE_03_64_FR	873	Sound	low088b	23201254	0	1			0		other	0
SEE_03_64_FR	874	Picture	500+	23261752	0	1	5167	1	0	5000	other	0
SEE_03_64_FR	875	Picture	low_A167	23266919	0	1	30166	1	0	30000	other	0
SEE_03_64_FR	876	Picture	+	23297251	0	1	20166	1	0	33350	other	0
SEE_03_64_FR	877	Picture	hi_A048	23317417	0	1	30166	1	0	30000	other	0
SEE_03_64_FR	878	Picture	+	23347750	0	1	20166	1	0	37040	other	0
SEE_03_64_FR	879	Picture	low_L117	23367916	0	1	30166	1	0	30000	other	0
SEE_03_64_FR	880	Picture	+	23398249	0	1	88498	1	0	next	other	0
SEE_03_64_FR	881	Sound	hi158a	23418249	0	1			0		other	0
SEE_03_64_FR	882	Picture	500+	23486746	0	1	5167	1	0	5000	other	0
SEE_03_64_FR	883	Picture	low_L018	23492080	0	1	30166	1	0	30000	other	0
SEE_03_64_FR	884	Picture	+	23522245	0	1	62665	1	0	next	other	0
SEE_03_64_FR	885	Sound	hi158b	23522246	0	1			0		other	0
SEE_03_64_FR	886	Picture	500+	23584911	0	1	5167	1	0	5000	other	0
SEE_03_64_FR	887	Picture	hi_F299	23590077	0	1	30166	1	0	30000	other	0
SEE_03_64_FR	888	Picture	+	23620410	0	1	20166	1	0	32030	other	0
SEE_03_64_FR	889	Picture	hi_P223	23640576	0	1	30166	1	0	30000	other	0
SEE_03_64_FR	890	Picture	+	23670908	0	1	20166	1	0	32020	other	0
SEE_03_64_FR	891	Picture	low_L034	23691075	0	1	30166	1	0	30000	other	0
SEE_03_64_FR	892	Picture	+	23721407	0	1	86331	1	0	next	other	0
SEE_03_64_FR	893	Sound	hi252a	23741408	0	1			0		other	0
SEE_03_64_FR	894	Picture	500+	23807738	0	1	5167	1	0	5000	other	0
SEE_03_64_FR	895	Picture	hi_F283	23812905	0	1	30166	1	0	30000	other	0
SEE_03_64_FR	896	Picture	+	23843071	0	1	57499	1	0	next	other	0
SEE_03_64_FR	897	Sound	hi252b	23843071	0	1			0		other	0
SEE_03_64_FR	898	Picture	500+	23900569	0	1	5167	1	0	5000	other	0
SEE_03_64_FR	899	Picture	low_L161	23905903	0	1	30166	1	0	30000	other	0
SEE_03_64_FR	900	Picture	+	23936235	0	1	20166	1	0	34810	other	0
SEE_03_64_FR	901	Picture	low_F061	23956401	0	1	30166	1	0	30000	other	0
SEE_03_64_FR	902	Picture	+	23986734	0	1	20166	1	0	30910	other	0
SEE_03_64_FR	903	Picture	hi_P212	24006900	0	1	30166	1	0	30000	other	0
SEE_03_64_FR	904	Picture	+	24037233	0	1	75165	1	0	next	other	0
SEE_03_64_FR	905	Sound	hi217a	24057234	0	1			0		other	0
SEE_03_64_FR	906	Picture	500+	24112397	0	1	5167	1	0	5000	other	0
SEE_03_64_FR	907	Picture	low_F129	24117564	0	1	30166	1	0	30000	other	0
SEE_03_64_FR	908	Picture	+	24147730	0	1	56665	1	0	next	other	0
SEE_03_64_FR	909	Sound	hi217b	24147731	0	1			0		other	0
SEE_03_64_FR	910	Picture	500+	24204395	0	1	5167	1	0	5000	other	0
SEE_03_64_FR	911	Picture	hi_A037	24209562	0	1	30166	1	0	30000	other	0
SEE_03_64_FR	912	Picture	+	24239894	0	1	20166	1	0	30730	other	0
SEE_03_64_FR	913	Picture	low_L157	24260060	0	1	30166	1	0	30000	other	0
SEE_03_64_FR	914	Picture	+	24290393	0	1	20166	1	0	43510	other	0
SEE_03_64_FR	915	Picture	hi_P084	24310559	0	1	30166	1	0	30000	other	0
SEE_03_64_FR	916	Picture	+	24340892	0	1	76331	1	0	next	other	0
SEE_03_64_FR	917	Sound	low149a	24360893	0	1			0		other	0
SEE_03_64_FR	918	Picture	500+	24417223	0	1	5167	1	0	5000	other	0
SEE_03_64_FR	919	Picture	hi_L002	24422390	0	1	30166	1	0	30000	other	0
SEE_03_64_FR	920	Picture	+	24452556	0	1	55499	1	0	next	other	0
SEE_03_64_FR	921	Sound	low149b	24452556	0	2			0		other	0
SEE_03_64_FR	922	Picture	500+	24508054	0	1	5167	1	0	5000	other	0
SEE_03_64_FR	923	Picture	low_L096	24513388	0	1	30166	1	0	30000	other	0
SEE_03_64_FR	924	Picture	+	24543720	0	1	20166	1	0	30750	other	0
SEE_03_64_FR	925	Picture	hi_F293	24563886	0	1	30166	1	0	30000	other	0
SEE_03_64_FR	926	Picture	+	24594219	0	1	20166	1	0	42740	other	0
SEE_03_64_FR	927	Picture	low_L041	24614385	0	1	30166	1	0	30000	other	0
SEE_03_64_FR	928	Picture	+	24644718	0	1	87498	1	0	next	other	0
SEE_03_64_FR	929	Sound	hi002a	24664718	0	1			0		other	0
SEE_03_64_FR	930	Picture	500+	24732215	0	1	5167	1	0	5000	other	0
SEE_03_64_FR	931	Picture	hi_F290	24737382	0	1	30166	1	0	30000	other	0
SEE_03_64_FR	932	Picture	+	24767714	0	1	66832	1	0	next	other	0
SEE_03_64_FR	933	Sound	hi002b	24767715	0	1			0		other	0
SEE_03_64_FR	934	Picture	500+	24834546	0	1	5167	1	0	5000	other	0
SEE_03_64_FR	935	Picture	low_P168	24839713	0	1	30166	1	0	30000	other	0
SEE_03_64_FR	936	Picture	+	24870045	0	1	20166	1	0	44800	other	0
SEE_03_64_FR	937	Picture	hi_P222	24890211	0	1	30166	1	0	30000	other	0
SEE_03_64_FR	938	Picture	+	24920544	0	1	20166	1	0	36470	other	0
SEE_03_64_FR	939	Picture	low_L166	24940710	0	1	30166	1	0	30000	other	0
SEE_03_64_FR	940	Picture	+	24971043	0	1	80831	1	0	next	other	0
SEE_03_64_FR	941	Sound	low050a	24991044	0	1			0		other	0
SEE_03_64_FR	942	Picture	500+	25051874	0	1	5167	1	0	5000	other	0
SEE_03_64_FR	943	Picture	hi_P243	25057041	0	1	30166	1	0	30000	other	0
SEE_03_64_FR	944	Picture	+	25087207	0	1	66665	1	0	next	other	0
SEE_03_64_FR	945	Sound	low050b	25087207	0	1			0		other	0
SEE_03_64_FR	946	Picture	500+	25153872	0	1	5167	1	0	5000	other	0
SEE_03_64_FR	947	Picture	low_O256	25159205	0	1	30166	1	0	30000	other	0
SEE_03_64_FR	948	Picture	+	25189537	0	1	20166	1	0	35780	other	0
SEE_03_64_FR	949	Picture	low_F214	25209703	0	1	30166	1	0	30000	other	0
SEE_03_64_FR	950	Picture	+	25240036	0	1	20166	1	0	37750	other	0
SEE_03_64_FR	951	Picture	hi_P009	25260202	0	1	30166	1	0	30000	other	0
SEE_03_64_FR	952	Picture	+	25290535	0	1	87998	1	0	next	other	0
SEE_03_64_FR	953	Sound	low350a	25310536	0	1			0		other	0
SEE_03_64_FR	954	Picture	500+	25378533	0	1	5167	1	0	5000	other	0
SEE_03_64_FR	955	Picture	low_A193	25383866	0	1	30166	1	0	30000	other	0
SEE_03_64_FR	956	Picture	+	25414032	0	1	60165	1	0	next	other	0
SEE_03_64_FR	957	Sound	low350b	25414032	0	2			0		other	0
SEE_03_64_FR	958	Picture	500+	25474197	0	1	5167	1	0	5000	other	0
SEE_03_64_FR	959	Picture	hi_P127	25479363	0	1	30166	1	0	30000	other	0
SEE_03_64_FR	960	Picture	+	25509696	0	1	20166	1	0	38330	other	0
SEE_03_64_FR	961	Picture	hi_A072	25529862	0	1	30166	1	0	30000	other	0
SEE_03_64_FR	962	Picture	+	25560195	0	1	20166	1	0	44070	other	0
SEE_03_64_FR	963	Picture	low_A113	25580361	0	1	30166	1	0	30000	other	0
SEE_03_64_FR	964	Picture	+	25610693	0	1	83331	1	0	next	other	0
SEE_03_64_FR	965	Sound	low179a	25630694	0	1			0		other	0
SEE_03_64_FR	966	Picture	500+	25694025	0	1	5167	1	0	5000	other	0
SEE_03_64_FR	967	Picture	low_L168	25699191	0	1	30166	1	0	30000	other	0
SEE_03_64_FR	968	Picture	+	25729524	0	1	59332	1	0	next	other	0
SEE_03_64_FR	969	Sound	low179b	25729524	0	1			0		other	0
SEE_03_64_FR	970	Picture	500+	25788856	0	1	5167	1	0	5000	other	0
SEE_03_64_FR	971	Picture	hi_O283	25794022	0	1	30166	1	0	30000	other	0
SEE_03_64_FR	972	Picture	+	25824355	0	1	20166	1	0	42050	other	0
SEE_03_64_FR	973	Picture	low_L085	25844521	0	1	30166	1	0	30000	other	0
SEE_03_64_FR	974	Picture	+	25874854	0	1	20166	1	0	39000	other	0
SEE_03_64_FR	975	Picture	hi_F280	25895020	0	1	30166	1	0	30000	other	0
SEE_03_64_FR	976	Picture	+	25925352	0	1	79998	1	0	next	other	0
SEE_03_64_FR	977	Sound	low037a	25945353	0	1			0		other	0
SEE_03_64_FR	978	Picture	500+	26005350	0	1	5167	1	0	5000	other	0
SEE_03_64_FR	979	Picture	hi_O139	26010517	0	1	30166	1	0	30000	other	0
SEE_03_64_FR	980	Picture	+	26040683	0	1	62165	1	0	next	other	0
SEE_03_64_FR	981	Sound	low037b	26040683	0	1			0		other	0
SEE_03_64_FR	982	Picture	500+	26102848	0	1	5167	1	0	5000	other	0
SEE_03_64_FR	983	Picture	low_F067	26108181	0	1	30166	1	0	30000	other	0
SEE_03_64_FR	984	Picture	+	26138514	0	1	20166	1	0	34830	other	0
SEE_03_64_FR	985	Picture	low_A132	26158680	0	1	30166	1	0	30000	other	0
SEE_03_64_FR	986	Picture	+	26189012	0	1	20166	1	0	41790	other	0
SEE_03_64_FR	987	Picture	hi_L022	26209179	0	1	30166	1	0	30000	other	0
SEE_03_64_FR	988	Picture	+	26239511	0	1	86331	1	0	next	other	0
SEE_03_64_FR	989	Sound	low118a	26259512	0	1			0		other	0
SEE_03_64_FR	990	Picture	500+	26325842	0	1	5167	1	0	5000	other	0
SEE_03_64_FR	991	Picture	hi_P240	26331176	0	1	30166	1	0	30000	other	0
SEE_03_64_FR	992	Picture	+	26361508	0	1	62499	1	0	next	other	0
SEE_03_64_FR	993	Sound	low118b	26361509	0	1			0		other	0
SEE_03_64_FR	994	Picture	500+	26424007	0	1	5167	1	0	5000	other	0
SEE_03_64_FR	995	Picture	low_A097	26429173	0	1	30166	1	0	30000	other	0
SEE_03_64_FR	996	Picture	+	26459506	0	1	20166	1	0	44100	other	0
SEE_03_64_FR	997	Picture	low_A169	26479672	0	1	30166	1	0	30000	other	0
SEE_03_64_FR	998	Picture	+	26510004	0	1	20166	1	0	37890	other	0
SEE_03_64_FR	999	Picture	hi_A033	26530171	0	1	30166	1	0	30000	other	0
SEE_03_64_FR	1000	Picture	+	26560503	0	1	77331	1	0	next	other	0
SEE_03_64_FR	1001	Sound	low171a	26580504	0	1			0		other	0
SEE_03_64_FR	1002	Picture	500+	26637834	0	1	5167	1	0	5000	other	0
SEE_03_64_FR	1003	Picture	low_L072	26643001	0	1	30166	1	0	30000	other	0
SEE_03_64_FR	1004	Picture	+	26673334	0	1	61832	1	0	next	other	0
SEE_03_64_FR	1005	Sound	low171b	26673334	0	1			0		other	0
SEE_03_64_FR	1006	Picture	500+	26735165	0	1	5167	1	0	5000	other	0
SEE_03_64_FR	1007	Picture	hi_F009	26740332	0	1	30166	1	0	30000	other	0
SEE_03_64_FR	1008	Picture	+	26770665	0	1	20166	1	0	40680	other	0
SEE_03_64_FR	1009	Picture	hi_A074	26790831	0	1	30166	1	0	30000	other	0
SEE_03_64_FR	1010	Picture	+	26821163	0	1	20166	1	0	39010	other	0
SEE_03_64_FR	1011	Picture	low_F042	26841329	0	1	30166	1	0	30000	other	0
SEE_03_64_FR	1012	Picture	+	26871662	0	1	77665	1	0	next	other	0
SEE_03_64_FR	1013	Sound	hi247a	26891663	0	1			0		other	0
SEE_03_64_FR	1014	Picture	500+	26949327	0	1	5167	1	0	5000	other	0
SEE_03_64_FR	1015	Picture	low_L148	26954493	0	1	30166	1	0	30000	other	0
SEE_03_64_FR	1016	Picture	+	26984826	0	1	58832	1	0	next	other	0
SEE_03_64_FR	1017	Sound	hi247b	26984826	0	1			0		other	0
SEE_03_64_FR	1018	Picture	500+	27043658	0	1	5167	1	0	5000	other	0
SEE_03_64_FR	1019	Picture	hi_P021	27048991	0	1	30166	1	0	30000	other	0
SEE_03_64_FR	1020	Picture	+	27079324	0	1	20166	1	0	30260	other	0
SEE_03_64_FR	1021	Picture	low_F244	27099490	0	1	30166	1	0	30000	other	0
SEE_03_64_FR	1022	Picture	+	27129822	0	1	20166	1	0	32230	other	0
SEE_03_64_FR	1023	Picture	hi_P016	27149988	0	1	30166	1	0	30000	other	0
SEE_03_64_FR	1024	Picture	+	27180321	0	1	76331	1	0	next	other	0
SEE_03_64_FR	1025	Sound	hi127a	27200322	0	1			0		other	0
SEE_03_64_FR	1026	Picture	500+	27256652	0	1	5167	1	0	5000	other	0
SEE_03_64_FR	1027	Picture	low_F001	27261819	0	1	30166	1	0	30000	other	0
SEE_03_64_FR	1028	Picture	+	27291985	0	1	60665	1	0	next	other	0
SEE_03_64_FR	1029	Sound	hi127b	27291986	0	1			0		other	0
SEE_03_64_FR	1030	Picture	500+	27352650	0	1	5167	1	0	5000	other	0
SEE_03_64_FR	1031	Picture	hi_O105	27357817	0	1	30166	1	0	30000	other	0
SEE_03_64_FR	1032	Picture	+	27388149	0	1	20166	1	0	36370	other	0
SEE_03_64_FR	1033	Picture	hi_P020	27408315	0	1	30166	1	0	30000	other	0
SEE_03_64_FR	1034	Picture	+	27438648	0	1	20166	1	0	43870	other	0
SEE_03_64_FR	1035	Picture	low_L149	27458814	0	1	30166	1	0	30000	other	0
SEE_03_64_FR	1036	Picture	+	27489147	0	1	83664	1	0	next	other	0
SEE_03_64_FR	1037	Sound	low034a	27509147	0	1			0		other	0
SEE_03_64_FR	1038	Picture	500+	27572811	0	1	5167	1	0	5000	other	0
SEE_03_64_FR	1039	Picture	low_A100	27578144	0	1	30166	1	0	30000	other	0
SEE_03_64_FR	1040	Picture	+	27608310	0	1	56165	1	0	next	other	0
SEE_03_64_FR	1041	Sound	low034b	27608311	0	2			0		other	0
SEE_03_64_FR	1042	Picture	500+	27664476	0	1	5167	1	0	5000	other	0
SEE_03_64_FR	1043	Picture	hi_P227	27669642	0	1	30166	1	0	30000	other	0
SEE_03_64_FR	1044	Picture	+	27699975	0	1	20166	1	0	35310	other	0
SEE_03_64_FR	1045	Picture	hi_P018	27720141	0	1	30166	1	0	30000	other	0
SEE_03_64_FR	1046	Picture	+	27750473	0	1	20166	1	0	39430	other	0
SEE_03_64_FR	1047	Picture	low_L054	27770640	0	1	30166	1	0	30000	other	0
SEE_03_64_FR	1048	Picture	+	27800972	0	1	87498	1	0	next	other	0
SEE_03_64_FR	1049	Sound	low330a	27820973	0	1			0		other	0
SEE_03_64_FR	1050	Picture	500+	27888470	0	1	5167	1	0	5000	other	0
SEE_03_64_FR	1051	Picture	low_A170	27893803	0	1	30166	1	0	30000	other	0
SEE_03_64_FR	1052	Picture	+	27924136	0	1	63498	1	0	next	other	0
SEE_03_64_FR	1053	Sound	low330b	27924136	0	1			0		other	0
SEE_03_64_FR	1054	Picture	500+	27987634	0	1	5167	1	0	5000	other	0
SEE_03_64_FR	1055	Picture	hi_F158	27992801	0	1	30166	1	0	30000	other	0
SEE_03_64_FR	1056	Picture	+	28023133	0	1	20166	1	0	33540	other	0
SEE_03_64_FR	1057	Picture	hi_A077	28043299	0	1	30166	1	0	30000	other	0
SEE_03_64_FR	1058	Picture	+	28073632	0	1	20166	1	0	31180	other	0
SEE_03_64_FR	1059	Picture	low_L119	28093798	0	1	30166	1	0	30000	other	0
SEE_03_64_FR	1060	Picture	+	28124131	0	1	81665	1	0	next	other	0
SEE_03_64_FR	1061	Sound	low277a	28144132	0	1			0		other	0
SEE_03_64_FR	1062	Picture	500+	28205795	0	1	5167	1	0	5000	other	0
SEE_03_64_FR	1063	Picture	low_P113	28210962	0	1	30166	1	0	30000	other	0
SEE_03_64_FR	1064	Picture	+	28241128	0	1	69832	1	0	next	other	0
SEE_03_64_FR	1065	Sound	low277b	28241129	0	1			0		other	0
SEE_03_64_FR	1066	Picture	500+	28310959	0	1	5166	1	0	5000	other	0
SEE_03_64_FR	1067	Picture	hi_P235	28316126	0	1	30166	1	0	30000	other	0
SEE_03_64_FR	1068	Picture	+	28346459	0	1	20166	1	0	40370	other	0
SEE_03_64_FR	1069	Picture	hi_L007	28366625	0	1	30166	1	0	30000	other	0
SEE_03_64_FR	1070	Picture	+	28396957	0	1	20166	1	0	33540	other	0
SEE_03_64_FR	1071	Picture	low_L130	28417124	0	1	30166	1	0	30000	other	0
SEE_03_64_FR	1072	Picture	+	28447456	0	1	80498	1	0	next	other	0
SEE_03_64_FR	1073	Sound	hi326a	28467457	0	2			0		other	0
SEE_03_64_FR	1074	Picture	500+	28527954	0	1	5167	1	0	5000	other	0
SEE_03_64_FR	1075	Picture	low_A146	28533121	0	1	30166	1	0	30000	other	0
SEE_03_64_FR	1076	Picture	+	28563287	0	1	55499	1	0	next	other	0
SEE_03_64_FR	1077	Sound	hi326b	28563287	0	1			0		other	0
SEE_03_64_FR	1078	Picture	500+	28618785	0	1	5166	1	0	5000	other	0
SEE_03_64_FR	1079	Picture	hi_O125	28623952	0	1	30166	1	0	30000	other	0
SEE_03_64_FR	1080	Picture	+	28654284	0	1	20166	1	0	36450	other	0
SEE_03_64_FR	1081	Picture	hi_P005	28674450	0	1	30166	1	0	30000	other	0
SEE_03_64_FR	1082	Picture	+	28704783	0	1	20166	1	0	33900	other	0
SEE_03_64_FR	1083	Picture	low_F045	28724949	0	1	30166	1	0	30000	other	0
SEE_03_64_FR	1084	Picture	+	28755282	0	1	85665	1	0	next	other	0
SEE_03_64_FR	1085	Sound	low271a	28775282	0	1			0		other	0
SEE_03_64_FR	1086	Picture	500+	28840946	0	1	5167	1	0	5000	other	0
SEE_03_64_FR	1087	Picture	low_L152	28846113	0	1	30166	1	0	30000	other	0
SEE_03_64_FR	1088	Picture	+	28876279	0	1	56332	1	0	next	other	0
SEE_03_64_FR	1089	Sound	low271b	28876279	0	1			0		other	0
SEE_03_64_FR	1090	Picture	500+	28932611	0	1	5167	1	0	5000	other	0
SEE_03_64_FR	1091	Picture	hi_P133	28937777	0	1	30166	1	0	30000	other	0
SEE_03_64_FR	1092	Picture	+	28968110	0	1	20166	1	0	32960	other	0
SEE_03_64_FR	1093	Picture	hi_F159	28988276	0	1	30166	1	0	30000	other	0
SEE_03_64_FR	1094	Picture	+	29018609	0	1	20166	1	0	35820	other	0
SEE_03_64_FR	1095	Picture	low_F203	29038775	0	1	30166	1	0	30000	other	0
SEE_03_64_FR	1096	Picture	+	29069107	0	1	89331	1	0	next	other	0
SEE_03_64_FR	1097	Sound	low341a	29089108	0	1			0		other	0
SEE_03_64_FR	1098	Picture	500+	29158438	0	1	5167	1	0	5000	other	0
SEE_03_64_FR	1099	Picture	hi_F272	29163605	0	1	30166	1	0	30000	other	0
SEE_03_64_FR	1100	Picture	+	29193937	0	1	60332	1	0	next	other	0
SEE_03_64_FR	1101	Sound	low341b	29193938	0	1			0		other	0
SEE_03_64_FR	1102	Picture	500+	29254269	0	1	5167	1	0	5000	other	0
SEE_03_64_FR	1103	Picture	low_L163	29259436	0	1	30166	1	0	30000	other	0
SEE_03_64_FR	1104	Picture	+	29289768	0	1	20166	1	0	31190	other	0
SEE_03_64_FR	1105	Picture	low_P107	29309935	0	1	30166	1	0	30000	other	0
SEE_03_64_FR	1106	Picture	+	29340267	0	1	20166	1	0	34070	other	0
SEE_03_64_FR	1107	Picture	hi_P011	29360433	0	1	30166	1	0	30000	other	0
SEE_03_64_FR	1108	Picture	+	29390766	0	1	76498	1	0	next	other	0
SEE_03_64_FR	1109	Sound	low197a	29410767	0	1			0		other	0
SEE_03_64_FR	1110	Picture	500+	29467264	0	1	5167	1	0	5000	other	0
SEE_03_64_FR	1111	Picture	low_A128	29472597	0	1	30166	1	0	30000	other	0
SEE_03_64_FR	1112	Picture	+	29502763	0	1	61332	1	0	next	other	0
SEE_03_64_FR	1113	Sound	low197b	29502764	0	1			0		other	0
SEE_03_64_FR	1114	Picture	500+	29564095	0	1	5167	1	0	5000	other	0
SEE_03_64_FR	1115	Picture	hi_F010	29569261	0	1	30166	1	0	30000	other	0
SEE_03_64_FR	1116	Picture	+	29599594	0	1	20166	1	0	37500	other	0
SEE_03_64_FR	1117	Picture	low_L174	29619760	0	1	30166	1	0	30000	other	0
SEE_03_64_FR	1118	Picture	+	29650093	0	1	20166	1	0	43690	other	0
SEE_03_64_FR	1119	Picture	hi_P216	29670259	0	1	30166	1	0	30000	other	0
SEE_03_64_FR	1120	Picture	+	29700592	0	1	77998	1	0	next	other	0
SEE_03_64_FR	1121	Sound	low275a	29720592	0	1			0		other	0
SEE_03_64_FR	1122	Picture	500+	29778590	0	1	5167	1	0	5000	other	0
SEE_03_64_FR	1123	Picture	hi_F270	29783756	0	1	30166	1	0	30000	other	0
SEE_03_64_FR	1124	Picture	+	29813922	0	1	68832	1	0	next	other	0
SEE_03_64_FR	1125	Sound	low275b	29813923	0	1			0		other	0
SEE_03_64_FR	1126	Picture	500+	29882754	0	1	5167	1	0	5000	other	0
SEE_03_64_FR	1127	Picture	low_L158	29888087	0	1	30166	1	0	30000	other	0
SEE_03_64_FR	1128	Picture	+	29918419	0	1	20166	1	0	41310	other	0
SEE_03_64_FR	1129	Picture	low_F130	29938586	0	1	30166	1	0	30000	other	0
SEE_03_64_FR	1130	Picture	+	29968918	0	1	20166	1	0	34220	other	0
SEE_03_64_FR	1131	Picture	hi_F297	29989084	0	1	30166	1	0	30000	other	0
SEE_03_64_FR	1132	Picture	+	30019417	0	1	78331	1	0	next	other	0
SEE_03_64_FR	1133	Sound	low031a	30039418	0	1			0		other	0
SEE_03_64_FR	1134	Picture	500+	30097748	0	1	5167	1	0	5000	other	0
SEE_03_64_FR	1135	Picture	hi_O126	30103082	0	1	30166	1	0	30000	other	0
SEE_03_64_FR	1136	Picture	+	30133247	0	1	65665	1	0	next	other	0
SEE_03_64_FR	1137	Sound	low031b	30133248	0	1			0		other	0
SEE_03_64_FR	1138	Picture	500+	30198912	0	1	5167	1	0	5000	other	0
SEE_03_64_FR	1139	Picture	low_L090	30204079	0	1	30166	1	0	30000	other	0
SEE_03_64_FR	1140	Picture	+	30234412	0	1	20166	1	0	35430	other	0
SEE_03_64_FR	1141	Picture	low_L183	30254578	0	1	30166	1	0	30000	other	0
SEE_03_64_FR	1142	Picture	+	30284910	0	1	20166	1	0	36970	other	0
SEE_03_64_FR	1143	Picture	hi_P022	30305076	0	1	30166	1	0	30000	other	0
SEE_03_64_FR	1144	Picture	+	30335409	0	1	82331	1	0	next	other	0
SEE_03_64_FR	1145	Sound	hi018a	30355410	0	1			0		other	0
SEE_03_64_FR	1146	Picture	500+	30417740	0	1	5167	1	0	5000	other	0
SEE_03_64_FR	1147	Picture	hi_O002	30422907	0	1	30166	1	0	30000	other	0
SEE_03_64_FR	1148	Picture	+	30453073	0	1	56332	1	0	next	other	0
SEE_03_64_FR	1149	Sound	hi018b	30453073	0	1			0		other	0
SEE_03_64_FR	1150	Picture	500+	30509405	0	1	5167	1	0	5000	other	0
SEE_03_64_FR	1151	Picture	low_L065	30514571	0	1	30166	1	0	30000	other	0
SEE_03_64_FR	1152	Picture	+	30544904	0	1	20166	1	0	38440	other	0
SEE_03_64_FR	1153	Picture	low_L173	30565070	0	1	30166	1	0	30000	other	0
SEE_03_64_FR	1154	Picture	+	30595403	0	1	20166	1	0	39450	other	0
SEE_03_64_FR	1155	Picture	hi_A071	30615569	0	1	30166	1	0	30000	other	0
SEE_03_64_FR	1156	Picture	+	30645901	0	1	76498	1	0	next	other	0
SEE_03_64_FR	1157	Sound	low284a	30665902	0	2			0		other	0
SEE_03_64_FR	1158	Picture	500+	30722399	0	1	5167	1	0	5000	other	0
SEE_03_64_FR	1159	Picture	low_L172	30727733	0	1	30166	1	0	30000	other	0
SEE_03_64_FR	1160	Picture	+	30757899	0	1	60998	1	0	next	other	0
SEE_03_64_FR	1161	Sound	low284b	30757899	0	1			0		other	0
SEE_03_64_FR	1162	Picture	500+	30818897	0	1	5167	1	0	5000	other	0
SEE_03_64_FR	1163	Picture	hi_P086	30824064	0	1	30166	1	0	30000	other	0
SEE_03_64_FR	1164	Picture	+	30854396	0	1	20166	1	0	34590	other	0
SEE_03_64_FR	1165	Picture	low_L009	30874562	0	1	30166	1	0	30000	other	0
SEE_03_64_FR	1166	Picture	+	30904895	0	1	20166	1	0	43320	other	0
SEE_03_64_FR	1167	Picture	hi_A061	30925061	0	1	30166	1	0	30000	other	0
SEE_03_64_FR	1168	Picture	+	30955394	0	1	81498	1	0	next	other	0
SEE_03_64_FR	1169	Sound	hi250a	30975394	0	1			0		other	0
SEE_03_64_FR	1170	Picture	500+	31036892	0	1	5167	1	0	5000	other	0
SEE_03_64_FR	1171	Picture	hi_P023	31042225	0	1	30166	1	0	30000	other	0
SEE_03_64_FR	1172	Picture	+	31072391	0	1	58165	1	0	next	other	0
SEE_03_64_FR	1173	Sound	hi250b	31072391	0	1			0		other	0
SEE_03_64_FR	1174	Picture	500+	31130556	0	1	5167	1	0	5000	other	0
SEE_03_64_FR	1175	Picture	low_F228	31135889	0	1	30166	1	0	30000	other	0
SEE_03_64_FR	1176	Picture	+	31166222	0	1	20166	1	0	39220	other	0
SEE_03_64_FR	1177	Picture	hi_F321	31186388	0	1	30166	1	0	30000	other	0
SEE_03_64_FR	1178	Picture	+	31216720	0	1	20166	1	0	32410	other	0
SEE_03_64_FR	1179	Picture	low_P046	31236887	0	1	30166	1	0	30000	other	0
SEE_03_64_FR	1180	Picture	+	31267219	0	1	84831	1	0	next	other	0
SEE_03_64_FR	1181	Sound	hi010a	31287220	0	1			0		other	0
SEE_03_64_FR	1182	Picture	500+	31352050	0	1	5167	1	0	5000	other	0
SEE_03_64_FR	1183	Picture	hi_O132	31357217	0	1	30166	1	0	30000	other	0
SEE_03_64_FR	1184	Picture	+	31387383	0	1	68665	1	0	next	other	0
SEE_03_64_FR	1185	Sound	hi010b	31387383	0	1			0		other	0
SEE_03_64_FR	1186	Picture	500+	31456048	0	1	5167	1	0	5000	other	0
SEE_03_64_FR	1187	Picture	low_A192	31461214	0	1	30166	1	0	30000	other	0
SEE_03_64_FR	1188	Picture	+	31491547	0	1	20166	1	0	40810	other	0
SEE_03_64_FR	1189	Picture	low_F079	31511713	0	1	30166	1	0	30000	other	0
SEE_03_64_FR	1190	Picture	+	31542046	0	1	20166	1	0	44690	other	0
SEE_03_64_FR	1191	Picture	hi_P202	31562212	0	1	30166	1	0	30000	other	0
SEE_03_64_FR	1192	Picture	+	31592544	0	1	75831	1	0	next	other	0
SEE_03_64_FR	1193	Sound	low024a	31612545	0	1			0		other	0
SEE_03_64_FR	1194	Picture	500+	31668376	0	1	5167	1	0	5000	other	0
SEE_03_64_FR	1195	Picture	hi_F032	31673542	0	1	30166	1	0	30000	other	0
SEE_03_64_FR	1196	Picture	+	31703875	0	1	69832	1	0	next	other	0
SEE_03_64_FR	1197	Sound	low024b	31703876	0	1			0		other	0
SEE_03_64_FR	1198	Picture	500+	31773707	0	1	5167	1	0	5000	other	0
SEE_03_64_FR	1199	Picture	low_A139	31779040	0	1	30166	1	0	30000	other	0
SEE_03_64_FR	1200	Picture	+	31809372	0	1	20166	1	0	41420	other	0
SEE_03_64_FR	1201	Picture	low_L127	31829538	0	1	30166	1	0	30000	other	0
SEE_03_64_FR	1202	Picture	+	31859871	0	1	20166	1	0	30390	other	0
SEE_03_64_FR	1203	Picture	hi_P232	31880037	0	1	30166	1	0	30000	other	0
SEE_03_64_FR	1204	Picture	+	31910370	0	1	20166	1	0	next	other	0
