Scenario - 
Logfile written - 04/04/2016 15:13:25

Subject	Trial	Event Type	Code	Time	TTime	Uncertainty	Duration	Uncertainty	ReqTime	ReqDur	Stim Type	Pair Index

SEE_10_64_MR	1	Response	0	998402	998253	1
SEE_10_64_MR	4	Picture	+	1038800	0	1	67831	1	0	next	other	0
SEE_10_64_MR	5	Sound	hi139a	1038801	0	1			0		other	0
SEE_10_64_MR	6	Picture	500+	1106632	0	1	5166	1	0	5000	other	0
SEE_10_64_MR	7	Picture	hi_F158	1111798	0	1	30166	1	0	30000	other	0
SEE_10_64_MR	8	Picture	+	1141964	0	1	56332	1	0	next	other	0
SEE_10_64_MR	9	Sound	hi139b	1141965	0	1			0		other	0
SEE_10_64_MR	10	Picture	500+	1198295	0	1	5167	1	0	5000	other	0
SEE_10_64_MR	11	Picture	low_P054	1203629	0	1	30166	1	0	30000	other	0
SEE_10_64_MR	12	Picture	+	1233961	0	1	20166	1	0	32110	other	0
SEE_10_64_MR	13	Picture	hi_O006	1254127	0	1	30166	1	0	30000	other	0
SEE_10_64_MR	14	Picture	+	1284459	0	1	20166	1	0	39550	other	0
SEE_10_64_MR	15	Picture	low_A113	1304625	0	1	30166	1	0	30000	other	0
SEE_10_64_MR	16	Picture	+	1334958	0	1	76998	1	0	next	other	0
SEE_10_64_MR	17	Sound	low275a	1354959	0	1			0		other	0
SEE_10_64_MR	18	Picture	500+	1411955	0	1	5167	1	0	5000	other	0
SEE_10_64_MR	19	Picture	hi_A033	1417122	0	1	30166	1	0	30000	other	0
SEE_10_64_MR	20	Picture	+	1447288	0	1	64831	1	0	next	other	0
SEE_10_64_MR	21	Sound	low275b	1447288	0	2			0		other	0
SEE_10_64_MR	22	Picture	500+	1512119	0	1	5166	1	0	5000	other	0
SEE_10_64_MR	23	Picture	low_A139	1517452	0	1	30166	1	0	30000	other	0
SEE_10_64_MR	24	Picture	+	1547784	0	1	20166	1	0	32390	other	0
SEE_10_64_MR	25	Picture	hi_P217	1567951	0	1	30166	1	0	30000	other	0
SEE_10_64_MR	26	Picture	+	1598283	0	1	20166	1	0	38630	other	0
SEE_10_64_MR	27	Picture	low_L075	1618449	0	1	30166	1	0	30000	other	0
SEE_10_64_MR	28	Picture	+	1648781	0	1	78498	1	0	next	other	0
SEE_10_64_MR	29	Sound	hi009a	1668782	0	1			0		other	0
SEE_10_64_MR	30	Picture	500+	1727279	0	1	5167	1	0	5000	other	0
SEE_10_64_MR	31	Picture	low_O192	1732445	0	1	30166	1	0	30000	other	0
SEE_10_64_MR	32	Picture	+	1762778	0	1	64831	1	0	next	other	0
SEE_10_64_MR	33	Sound	hi009b	1762778	0	2			0		other	0
SEE_10_64_MR	34	Picture	500+	1827609	0	1	5166	1	0	5000	other	0
SEE_10_64_MR	35	Picture	hi_F025	1832775	0	1	30166	1	0	30000	other	0
SEE_10_64_MR	36	Picture	+	1863108	0	1	20166	1	0	41180	other	0
SEE_10_64_MR	37	Picture	hi_A048	1883274	0	1	30166	1	0	30000	other	0
SEE_10_64_MR	38	Picture	+	1913606	0	1	20166	1	0	44810	other	0
SEE_10_64_MR	39	Picture	low_F099	1933772	0	1	30166	1	0	30000	other	0
SEE_10_64_MR	40	Picture	+	1964105	0	1	89830	1	0	next	other	0
SEE_10_64_MR	41	Sound	hi308a	1984106	0	1			0		other	0
SEE_10_64_MR	42	Picture	500+	2053935	0	1	5167	1	0	5000	other	0
SEE_10_64_MR	43	Picture	low_L163	2059102	0	1	30166	1	0	30000	other	0
SEE_10_64_MR	44	Picture	+	2089434	0	1	57498	1	0	next	other	0
SEE_10_64_MR	45	Sound	hi308b	2089435	0	1			0		other	0
SEE_10_64_MR	46	Picture	500+	2146932	0	1	5166	1	0	5000	other	0
SEE_10_64_MR	47	Picture	hi_O126	2152099	0	1	30166	1	0	30000	other	0
SEE_10_64_MR	48	Picture	+	2182431	0	1	20166	1	0	35510	other	0
SEE_10_64_MR	49	Picture	hi_F280	2202597	0	1	30166	1	0	30000	other	0
SEE_10_64_MR	50	Picture	+	2232930	0	1	20166	1	0	42400	other	0
SEE_10_64_MR	51	Picture	low_A158	2253096	0	1	30166	1	0	30000	other	0
SEE_10_64_MR	52	Picture	+	2283428	0	1	82331	1	0	next	other	0
SEE_10_64_MR	53	Sound	hi162a	2303429	0	1			0		other	0
SEE_10_64_MR	54	Picture	500+	2365759	0	1	5167	1	0	5000	other	0
SEE_10_64_MR	55	Picture	hi_P058	2370925	0	1	30166	1	0	30000	other	0
SEE_10_64_MR	56	Picture	+	2401091	0	1	60165	1	0	next	other	0
SEE_10_64_MR	57	Sound	hi162b	2401092	0	1			0		other	0
SEE_10_64_MR	58	Picture	500+	2461256	0	1	5166	1	0	5000	other	0
SEE_10_64_MR	59	Picture	low_O043	2466422	0	1	30166	1	0	30000	other	0
SEE_10_64_MR	60	Picture	+	2496755	0	1	20166	1	0	40370	other	0
SEE_10_64_MR	61	Picture	hi_P231	2516921	0	1	30166	1	0	30000	other	0
SEE_10_64_MR	62	Picture	+	2547253	0	1	20166	1	0	42840	other	0
SEE_10_64_MR	63	Picture	low_P168	2567419	0	1	30166	1	0	30000	other	0
SEE_10_64_MR	64	Picture	+	2597752	0	1	76164	1	0	next	other	0
SEE_10_64_MR	65	Sound	hi142a	2617752	0	1			0		other	0
SEE_10_64_MR	66	Picture	500+	2673916	0	1	5166	1	0	5000	other	0
SEE_10_64_MR	67	Picture	hi_F271	2679082	0	1	30166	1	0	30000	other	0
SEE_10_64_MR	68	Picture	+	2709248	0	1	70165	1	0	next	other	0
SEE_10_64_MR	69	Sound	hi142b	2709249	0	1			0		other	0
SEE_10_64_MR	70	Picture	500+	2779413	0	1	5167	1	0	5000	other	0
SEE_10_64_MR	71	Picture	low_A123	2784579	0	1	30166	1	0	30000	other	0
SEE_10_64_MR	72	Picture	+	2814911	0	1	20166	1	0	30730	other	0
SEE_10_64_MR	73	Picture	hi_F009	2835077	0	1	30166	1	0	30000	other	0
SEE_10_64_MR	74	Picture	+	2865410	0	1	20166	1	0	44010	other	0
SEE_10_64_MR	75	Picture	low_L098	2885576	0	1	30166	1	0	30000	other	0
SEE_10_64_MR	76	Picture	+	2915908	0	1	81831	1	0	next	other	0
SEE_10_64_MR	77	Sound	hi243a	2935909	0	1			0		other	0
SEE_10_64_MR	78	Picture	500+	2997739	0	1	5167	1	0	5000	other	0
SEE_10_64_MR	79	Picture	hi_F366	3003072	0	1	30166	1	0	30000	other	0
SEE_10_64_MR	80	Picture	+	3033238	0	1	59831	1	0	next	other	0
SEE_10_64_MR	81	Sound	hi243b	3033239	0	1			0		other	0
SEE_10_64_MR	82	Picture	500+	3093069	0	1	5166	1	0	5000	other	0
SEE_10_64_MR	83	Picture	low_A091	3098236	0	1	30166	1	0	30000	other	0
SEE_10_64_MR	84	Picture	+	3128568	0	1	20166	1	0	44450	other	0
SEE_10_64_MR	85	Picture	low_F125	3148734	0	1	30166	1	0	30000	other	0
SEE_10_64_MR	86	Picture	+	3179067	0	1	20166	1	0	42850	other	0
SEE_10_64_MR	87	Picture	hi_F021	3199233	0	1	30166	1	0	30000	other	0
SEE_10_64_MR	88	Picture	+	3229565	0	1	83331	1	0	next	other	0
SEE_10_64_MR	89	Sound	low079a	3249566	0	1			0		other	0
SEE_10_64_MR	90	Picture	500+	3312896	0	1	5166	1	0	5000	other	0
SEE_10_64_MR	91	Picture	hi_F174	3318229	0	1	30166	1	0	30000	other	0
SEE_10_64_MR	92	Picture	+	3348395	0	1	63665	1	0	next	other	0
SEE_10_64_MR	93	Sound	low079b	3348395	0	1			0		other	0
SEE_10_64_MR	94	Picture	500+	3412059	0	1	5167	1	0	5000	other	0
SEE_10_64_MR	95	Picture	low_L143	3417226	0	1	30166	1	0	30000	other	0
SEE_10_64_MR	96	Picture	+	3447558	0	1	20166	1	0	33300	other	0
SEE_10_64_MR	97	Picture	hi_F034	3467724	0	1	30166	1	0	30000	other	0
SEE_10_64_MR	98	Picture	+	3498057	0	1	20166	1	0	39690	other	0
SEE_10_64_MR	99	Picture	low_L124	3518223	0	1	30166	1	0	30000	other	0
SEE_10_64_MR	100	Picture	+	3548555	0	1	81997	1	0	next	other	0
SEE_10_64_MR	101	Sound	hi244a	3568556	0	1			0		other	0
SEE_10_64_MR	102	Picture	500+	3630553	0	1	5166	1	0	5000	other	0
SEE_10_64_MR	103	Picture	hi_P023	3635719	0	1	30166	1	0	30000	other	0
SEE_10_64_MR	104	Picture	+	3666051	0	1	63998	1	0	next	other	0
SEE_10_64_MR	105	Sound	hi244b	3666052	0	1			0		other	0
SEE_10_64_MR	106	Picture	500+	3730049	0	1	5166	1	0	5000	other	0
SEE_10_64_MR	107	Picture	low_A169	3735216	0	1	30166	1	0	30000	other	0
SEE_10_64_MR	108	Picture	+	3765548	0	1	20166	1	0	39570	other	0
SEE_10_64_MR	109	Picture	hi_P237	3785714	0	1	30166	1	0	30000	other	0
SEE_10_64_MR	110	Picture	+	3816047	0	1	20166	1	0	36920	other	0
SEE_10_64_MR	111	Picture	low_L096	3836213	0	1	30166	1	0	30000	other	0
SEE_10_64_MR	112	Picture	+	3866545	0	1	78998	1	0	next	other	0
SEE_10_64_MR	113	Sound	low345a	3886546	0	1			0		other	0
SEE_10_64_MR	114	Picture	500+	3945543	0	1	5166	1	0	5000	other	0
SEE_10_64_MR	115	Picture	hi_F283	3950709	0	1	30166	1	0	30000	other	0
SEE_10_64_MR	116	Picture	+	3980875	0	1	62998	1	0	next	other	0
SEE_10_64_MR	117	Sound	low345b	3980876	0	1			0		other	0
SEE_10_64_MR	118	Picture	500+	4043873	0	1	5166	1	0	5000	other	0
SEE_10_64_MR	119	Picture	low_L041	4049039	0	1	30166	1	0	30000	other	0
SEE_10_64_MR	120	Picture	+	4079372	0	1	20166	1	0	43550	other	0
SEE_10_64_MR	121	Picture	low_A188	4099538	0	1	30166	1	0	30000	other	0
SEE_10_64_MR	122	Picture	+	4129870	0	1	20166	1	0	31950	other	0
SEE_10_64_MR	123	Picture	hi_P230	4150036	0	1	30166	1	0	30000	other	0
SEE_10_64_MR	124	Picture	+	4180369	0	1	86831	1	0	next	other	0
SEE_10_64_MR	125	Sound	hi128a	4200370	0	1			0		other	0
SEE_10_64_MR	126	Picture	500+	4267199	0	1	5167	1	0	5000	other	0
SEE_10_64_MR	127	Picture	hi_P040	4272366	0	1	30166	1	0	30000	other	0
SEE_10_64_MR	128	Picture	+	4302532	0	1	63831	1	0	next	other	0
SEE_10_64_MR	129	Sound	hi128b	4302532	0	1			0		other	0
SEE_10_64_MR	130	Picture	500+	4366363	0	1	5166	1	0	5000	other	0
SEE_10_64_MR	131	Picture	low_F066	4371529	0	1	30166	1	0	30000	other	0
SEE_10_64_MR	132	Picture	+	4401862	0	1	20166	1	0	34250	other	0
SEE_10_64_MR	133	Picture	hi_F265	4422028	0	1	30166	1	0	30000	other	0
SEE_10_64_MR	134	Picture	+	4452360	0	1	20166	1	0	43510	other	0
SEE_10_64_MR	135	Picture	low_F138	4472526	0	1	30166	1	0	30000	other	0
SEE_10_64_MR	136	Picture	+	4502859	0	1	79664	1	0	next	other	0
SEE_10_64_MR	137	Sound	low179a	4522859	0	1			0		other	0
SEE_10_64_MR	138	Picture	500+	4582523	0	1	5166	1	0	5000	other	0
SEE_10_64_MR	139	Picture	hi_F370	4587856	0	1	30166	1	0	30000	other	0
SEE_10_64_MR	140	Picture	+	4618022	0	1	61498	1	0	next	other	0
SEE_10_64_MR	141	Sound	low179b	4618022	0	1			0		other	0
SEE_10_64_MR	142	Picture	500+	4679520	0	1	5167	1	0	5000	other	0
SEE_10_64_MR	143	Picture	low_A097	4684686	0	1	30166	1	0	30000	other	0
SEE_10_64_MR	144	Picture	+	4715019	0	1	20166	1	0	31780	other	0
SEE_10_64_MR	145	Picture	low_L128	4735185	0	1	30166	1	0	30000	other	0
SEE_10_64_MR	146	Picture	+	4765517	0	1	20166	1	0	35520	other	0
SEE_10_64_MR	147	Picture	hi_P133	4785683	0	1	30166	1	0	30000	other	0
SEE_10_64_MR	148	Picture	+	4816015	0	1	88497	1	0	next	other	0
SEE_10_64_MR	149	Sound	low038a	4836016	0	1			0		other	0
SEE_10_64_MR	150	Picture	500+	4904513	0	1	5167	1	0	5000	other	0
SEE_10_64_MR	151	Picture	hi_O283	4909846	0	1	30166	1	0	30000	other	0
SEE_10_64_MR	152	Picture	+	4940012	0	1	66998	1	0	next	other	0
SEE_10_64_MR	153	Sound	low038b	4940012	0	1			0		other	0
SEE_10_64_MR	154	Picture	500+	5007010	0	1	5167	1	0	5000	other	0
SEE_10_64_MR	155	Picture	low_A140	5012176	0	1	30166	1	0	30000	other	0
SEE_10_64_MR	156	Picture	+	5042508	0	1	20166	1	0	41750	other	0
SEE_10_64_MR	157	Picture	low_A160	5062674	0	1	30166	1	0	30000	other	0
SEE_10_64_MR	158	Picture	+	5093007	0	1	20166	1	0	35700	other	0
SEE_10_64_MR	159	Picture	hi_P143	5113173	0	1	30166	1	0	30000	other	0
SEE_10_64_MR	160	Picture	+	5143505	0	1	83331	1	0	next	other	0
SEE_10_64_MR	161	Sound	low044a	5163506	0	1			0		other	0
SEE_10_64_MR	162	Picture	500+	5226836	0	1	5167	1	0	5000	other	0
SEE_10_64_MR	163	Picture	low_A161	5232002	0	1	30166	1	0	30000	other	0
SEE_10_64_MR	164	Picture	+	5262335	0	1	67165	1	0	next	other	0
SEE_10_64_MR	165	Sound	low044b	5262336	0	1			0		other	0
SEE_10_64_MR	166	Picture	500+	5329499	0	1	5167	1	0	5000	other	0
SEE_10_64_MR	167	Picture	hi_O149	5334833	0	1	30166	1	0	30000	other	0
SEE_10_64_MR	168	Picture	+	5365165	0	1	20166	1	0	31110	other	0
SEE_10_64_MR	169	Picture	low_A136	5385331	0	1	30166	1	0	30000	other	0
SEE_10_64_MR	170	Picture	+	5415663	0	1	20166	1	0	44320	other	0
SEE_10_64_MR	171	Picture	hi_O001	5435829	0	1	30166	1	0	30000	other	0
SEE_10_64_MR	172	Picture	+	5466162	0	1	80997	1	0	next	other	0
SEE_10_64_MR	173	Sound	hi123a	5486163	0	1			0		other	0
SEE_10_64_MR	174	Picture	500+	5547159	0	1	5166	1	0	5000	other	0
SEE_10_64_MR	175	Picture	hi_A038	5552326	0	1	30166	1	0	30000	other	0
SEE_10_64_MR	176	Picture	+	5582492	0	1	64331	1	0	next	other	0
SEE_10_64_MR	177	Sound	hi123b	5582492	0	1			0		other	0
SEE_10_64_MR	178	Picture	500+	5646823	0	1	5166	1	0	5000	other	0
SEE_10_64_MR	179	Picture	low_L046	5652156	0	1	30166	1	0	30000	other	0
SEE_10_64_MR	180	Picture	+	5682488	0	1	20166	1	0	35620	other	0
SEE_10_64_MR	181	Picture	hi_A054	5702654	0	1	30166	1	0	30000	other	0
SEE_10_64_MR	182	Picture	+	5732987	0	1	20166	1	0	30890	other	0
SEE_10_64_MR	183	Picture	low_F345	5753153	0	1	30166	1	0	30000	other	0
SEE_10_64_MR	184	Picture	+	5783485	0	1	83331	1	0	next	other	0
SEE_10_64_MR	185	Sound	hi007a	5803486	0	1			0		other	0
SEE_10_64_MR	186	Picture	500+	5866816	0	1	5167	1	0	5000	other	0
SEE_10_64_MR	187	Picture	hi_P228	5872149	0	1	30166	1	0	30000	other	0
SEE_10_64_MR	188	Picture	+	5902315	0	1	67831	1	0	next	other	0
SEE_10_64_MR	189	Sound	hi007b	5902315	0	1			0		other	0
SEE_10_64_MR	190	Picture	500+	5970146	0	1	5166	1	0	5000	other	0
SEE_10_64_MR	191	Picture	low_L142	5975313	0	1	30166	1	0	30000	other	0
SEE_10_64_MR	192	Picture	+	6005645	0	1	20166	1	0	35990	other	0
SEE_10_64_MR	193	Picture	hi_P004	6025811	0	1	30166	1	0	30000	other	0
SEE_10_64_MR	194	Picture	+	6056143	0	1	20166	1	0	40950	other	0
SEE_10_64_MR	195	Picture	low_L174	6076309	0	1	30166	1	0	30000	other	0
SEE_10_64_MR	196	Picture	+	6106642	0	1	77331	1	0	next	other	0
SEE_10_64_MR	197	Sound	low071a	6126643	0	1			0		other	0
SEE_10_64_MR	198	Picture	500+	6183973	0	1	5167	1	0	5000	other	0
SEE_10_64_MR	199	Picture	low_P112	6189306	0	1	30166	1	0	30000	other	0
SEE_10_64_MR	200	Picture	+	6219472	0	1	65498	1	0	next	other	0
SEE_10_64_MR	201	Sound	low071b	6219472	0	1			0		other	0
SEE_10_64_MR	202	Picture	500+	6284970	0	1	5167	1	0	5000	other	0
SEE_10_64_MR	203	Picture	hi_P215	6290136	0	1	30166	1	0	30000	other	0
SEE_10_64_MR	204	Picture	+	6320468	0	1	20166	1	0	44800	other	0
SEE_10_64_MR	205	Picture	hi_P123	6340635	0	1	30166	1	0	30000	other	0
SEE_10_64_MR	206	Picture	+	6370967	0	1	20166	1	0	33710	other	0
SEE_10_64_MR	207	Picture	low_O219	6391133	0	1	30166	1	0	30000	other	0
SEE_10_64_MR	208	Picture	+	6421465	0	1	86331	1	0	next	other	0
SEE_10_64_MR	209	Sound	low049a	6441466	0	1			0		other	0
SEE_10_64_MR	210	Picture	500+	6507796	0	1	5167	1	0	5000	other	0
SEE_10_64_MR	211	Picture	low_L161	6512963	0	1	30166	1	0	30000	other	0
SEE_10_64_MR	212	Picture	+	6543128	0	1	63831	1	0	next	other	0
SEE_10_64_MR	213	Sound	low049b	6543129	0	1			0		other	0
SEE_10_64_MR	214	Picture	500+	6606960	0	1	5166	1	0	5000	other	0
SEE_10_64_MR	215	Picture	hi_A024	6612126	0	1	30166	1	0	30000	other	0
SEE_10_64_MR	216	Picture	+	6642458	0	1	20166	1	0	41200	other	0
SEE_10_64_MR	217	Picture	low_F130	6662624	0	1	30166	1	0	30000	other	0
SEE_10_64_MR	218	Picture	+	6692957	0	1	20166	1	0	32600	other	0
SEE_10_64_MR	219	Picture	hi_F163	6713123	0	1	30166	1	0	30000	other	0
SEE_10_64_MR	220	Picture	+	6743455	0	1	80331	1	0	next	other	0
SEE_10_64_MR	221	Sound	low030a	6763456	0	1			0		other	0
SEE_10_64_MR	222	Picture	500+	6823786	0	1	5167	1	0	5000	other	0
SEE_10_64_MR	223	Picture	low_L049	6828953	0	1	30166	1	0	30000	other	0
SEE_10_64_MR	224	Picture	+	6859118	0	1	65498	1	0	next	other	0
SEE_10_64_MR	225	Sound	low030b	6859119	0	1			0		other	0
SEE_10_64_MR	226	Picture	500+	6924616	0	1	5166	1	0	5000	other	0
SEE_10_64_MR	227	Picture	hi_A077	6929783	0	1	30166	1	0	30000	other	0
SEE_10_64_MR	228	Picture	+	6960115	0	1	20166	1	0	39140	other	0
SEE_10_64_MR	229	Picture	hi_P011	6980281	0	1	30166	1	0	30000	other	0
SEE_10_64_MR	230	Picture	+	7010614	0	1	20166	1	0	39660	other	0
SEE_10_64_MR	231	Picture	low_L048	7030780	0	1	30166	1	0	30000	other	0
SEE_10_64_MR	232	Picture	+	7061112	0	1	75831	1	0	next	other	0
SEE_10_64_MR	233	Sound	hi172a	7081113	0	1			0		other	0
SEE_10_64_MR	234	Picture	500+	7136943	0	1	5166	1	0	5000	other	0
SEE_10_64_MR	235	Picture	low_P169	7142109	0	1	30166	1	0	30000	other	0
SEE_10_64_MR	236	Picture	+	7172275	0	1	64498	1	0	next	other	0
SEE_10_64_MR	237	Sound	hi172b	7172276	0	1			0		other	0
SEE_10_64_MR	238	Picture	500+	7236773	0	1	5166	1	0	5000	other	0
SEE_10_64_MR	239	Picture	hi_O154	7241940	0	1	30166	1	0	30000	other	0
SEE_10_64_MR	240	Picture	+	7272272	0	1	20166	1	0	39360	other	0
SEE_10_64_MR	241	Picture	hi_O328	7292438	0	1	30166	1	0	30000	other	0
SEE_10_64_MR	242	Picture	+	7322771	0	1	20166	1	0	39140	other	0
SEE_10_64_MR	243	Picture	low_L119	7342937	0	1	30166	1	0	30000	other	0
SEE_10_64_MR	244	Picture	+	7373269	0	1	79998	1	0	next	other	0
SEE_10_64_MR	245	Sound	low042a	7393270	0	1			0		other	0
SEE_10_64_MR	246	Picture	500+	7453266	0	1	5166	1	0	5000	other	0
SEE_10_64_MR	247	Picture	hi_A075	7458433	0	1	30166	1	0	30000	other	0
SEE_10_64_MR	248	Picture	+	7488599	0	1	67831	1	0	next	other	0
SEE_10_64_MR	249	Sound	low042b	7488599	0	1			0		other	0
SEE_10_64_MR	250	Picture	500+	7556430	0	1	5167	1	0	5000	other	0
SEE_10_64_MR	251	Picture	low_A201	7561763	0	1	30166	1	0	30000	other	0
SEE_10_64_MR	252	Picture	+	7592095	0	1	20166	1	0	31250	other	0
SEE_10_64_MR	253	Picture	hi_F170	7612261	0	1	30166	1	0	30000	other	0
SEE_10_64_MR	254	Picture	+	7642594	0	1	20166	1	0	32870	other	0
SEE_10_64_MR	255	Picture	low_L138	7662760	0	1	30166	1	0	30000	other	0
SEE_10_64_MR	256	Picture	+	7693092	0	1	88831	1	0	next	other	0
SEE_10_64_MR	257	Sound	hi158a	7713093	0	1			0		other	0
SEE_10_64_MR	258	Picture	500+	7781923	0	1	5166	1	0	5000	other	0
SEE_10_64_MR	259	Picture	low_P045	7787089	0	1	30166	1	0	30000	other	0
SEE_10_64_MR	260	Picture	+	7817255	0	1	59332	1	0	next	other	0
SEE_10_64_MR	261	Sound	hi158b	7817256	0	1			0		other	0
SEE_10_64_MR	262	Picture	500+	7876587	0	1	5167	1	0	5000	other	0
SEE_10_64_MR	263	Picture	hi_A072	7881920	0	1	30166	1	0	30000	other	0
SEE_10_64_MR	264	Picture	+	7912252	0	1	20166	1	0	39150	other	0
SEE_10_64_MR	265	Picture	low_L016	7932418	0	1	30166	1	0	30000	other	0
SEE_10_64_MR	266	Picture	+	7962751	0	1	20166	1	0	43140	other	0
SEE_10_64_MR	267	Picture	hi_F014	7982917	0	1	30166	1	0	30000	other	0
SEE_10_64_MR	268	Picture	+	8013249	0	1	75331	1	0	next	other	0
SEE_10_64_MR	269	Sound	hi247a	8033250	0	1			0		other	0
SEE_10_64_MR	270	Picture	500+	8088580	0	1	5166	1	0	5000	other	0
SEE_10_64_MR	271	Picture	hi_A030	8093913	0	1	30166	1	0	30000	other	0
SEE_10_64_MR	272	Picture	+	8124079	0	1	60665	1	0	next	other	0
SEE_10_64_MR	273	Sound	hi247b	8124080	0	1			0		other	0
SEE_10_64_MR	274	Picture	500+	8184744	0	1	5166	1	0	5000	other	0
SEE_10_64_MR	275	Picture	low_L173	8189910	0	1	30166	1	0	30000	other	0
SEE_10_64_MR	276	Picture	+	8220243	0	1	20166	1	0	41200	other	0
SEE_10_64_MR	277	Picture	hi_F013	8240409	0	1	30166	1	0	30000	other	0
SEE_10_64_MR	278	Picture	+	8270741	0	1	20166	1	0	41780	other	0
SEE_10_64_MR	279	Picture	low_P176	8290907	0	1	30166	1	0	30000	other	0
SEE_10_64_MR	280	Picture	+	8321239	0	1	88831	1	0	next	other	0
SEE_10_64_MR	281	Sound	low149a	8341240	0	1			0		other	0
SEE_10_64_MR	282	Picture	500+	8410070	0	1	5167	1	0	5000	other	0
SEE_10_64_MR	283	Picture	hi_P003	8415236	0	1	30166	1	0	30000	other	0
SEE_10_64_MR	284	Picture	+	8445402	0	1	57998	1	0	next	other	0
SEE_10_64_MR	285	Sound	low149b	8445403	0	1			0		other	0
SEE_10_64_MR	286	Picture	500+	8503400	0	1	5167	1	0	5000	other	0
SEE_10_64_MR	287	Picture	low_A221	8508734	0	1	30166	1	0	30000	other	0
SEE_10_64_MR	288	Picture	+	8539066	0	1	20166	1	0	42890	other	0
SEE_10_64_MR	289	Picture	hi_A143	8559232	0	1	30166	1	0	30000	other	0
SEE_10_64_MR	290	Picture	+	8589564	0	1	20166	1	0	35770	other	0
SEE_10_64_MR	291	Picture	low_L126	8609730	0	1	30166	1	0	30000	other	0
SEE_10_64_MR	292	Picture	+	8640063	0	1	88664	1	0	next	other	0
SEE_10_64_MR	293	Sound	hi251a	8660064	0	1			0		other	0
SEE_10_64_MR	294	Picture	500+	8728727	0	1	5167	1	0	5000	other	0
SEE_10_64_MR	295	Picture	hi_L005	8733893	0	1	30166	1	0	30000	other	0
SEE_10_64_MR	296	Picture	+	8764059	0	1	64165	1	0	next	other	0
SEE_10_64_MR	297	Sound	hi251b	8764060	0	2			0		other	0
SEE_10_64_MR	298	Picture	500+	8828224	0	1	5167	1	0	5000	other	0
SEE_10_64_MR	299	Picture	low_L179	8833390	0	1	30166	1	0	30000	other	0
SEE_10_64_MR	300	Picture	+	8863722	0	1	20166	1	0	36190	other	0
SEE_10_64_MR	301	Picture	hi_P125	8883888	0	1	30166	1	0	30000	other	0
SEE_10_64_MR	302	Picture	+	8914221	0	1	20166	1	0	43990	other	0
SEE_10_64_MR	303	Picture	low_F203	8934387	0	1	30166	1	0	30000	other	0
SEE_10_64_MR	304	Picture	+	8964719	0	1	78831	1	0	next	other	0
SEE_10_64_MR	305	Sound	hi253a	8984720	0	1			0		other	0
SEE_10_64_MR	306	Picture	500+	9043550	0	1	5166	1	0	5000	other	0
SEE_10_64_MR	307	Picture	hi_O139	9048883	0	1	30166	1	0	30000	other	0
SEE_10_64_MR	308	Picture	+	9079049	0	1	58998	1	0	next	other	0
SEE_10_64_MR	309	Sound	hi253b	9079050	0	1			0		other	0
SEE_10_64_MR	310	Picture	500+	9138047	0	1	5166	1	0	5000	other	0
SEE_10_64_MR	311	Picture	low_F228	9143214	0	1	30166	1	0	30000	other	0
SEE_10_64_MR	312	Picture	+	9173546	0	1	20166	1	0	40130	other	0
SEE_10_64_MR	313	Picture	hi_P140	9193712	0	1	30166	1	0	30000	other	0
SEE_10_64_MR	314	Picture	+	9224045	0	1	20166	1	0	38230	other	0
SEE_10_64_MR	315	Picture	low_F224	9244211	0	1	30166	1	0	30000	other	0
SEE_10_64_MR	316	Picture	+	9274543	0	1	75331	1	0	next	other	0
SEE_10_64_MR	317	Sound	low032a	9294544	0	1			0		other	0
SEE_10_64_MR	318	Picture	500+	9349874	0	1	5167	1	0	5000	other	0
SEE_10_64_MR	319	Picture	low_F333	9355207	0	1	30166	1	0	30000	other	0
SEE_10_64_MR	320	Picture	+	9385540	0	1	57165	1	0	next	other	0
SEE_10_64_MR	321	Sound	low032b	9385540	0	1			0		other	0
SEE_10_64_MR	322	Picture	500+	9442704	0	1	5166	1	0	5000	other	0
SEE_10_64_MR	323	Picture	hi_A034	9447871	0	1	30166	1	0	30000	other	0
SEE_10_64_MR	324	Picture	+	9478203	0	1	20166	1	0	43460	other	0
SEE_10_64_MR	325	Picture	hi_A016	9498369	0	1	30166	1	0	30000	other	0
SEE_10_64_MR	326	Picture	+	9528702	0	1	20166	1	0	30850	other	0
SEE_10_64_MR	327	Picture	low_P153	9548868	0	1	30166	1	0	30000	other	0
SEE_10_64_MR	328	Picture	+	9579200	0	1	85664	1	0	next	other	0
SEE_10_64_MR	329	Sound	low171a	9599201	0	1			0		other	0
SEE_10_64_MR	330	Picture	500+	9664864	0	1	5166	1	0	5000	other	0
SEE_10_64_MR	331	Picture	hi_P223	9670197	0	1	30166	1	0	30000	other	0
SEE_10_64_MR	332	Picture	+	9700530	0	1	65498	1	0	next	other	0
SEE_10_64_MR	333	Sound	low171b	9700530	0	1			0		other	0
SEE_10_64_MR	334	Picture	500+	9766028	0	1	5166	1	0	5000	other	0
SEE_10_64_MR	335	Picture	low_L141	9771361	0	1	30166	1	0	30000	other	0
SEE_10_64_MR	336	Picture	+	9801693	0	1	20166	1	0	43220	other	0
SEE_10_64_MR	337	Picture	low_P109	9821859	0	1	30166	1	0	30000	other	0
SEE_10_64_MR	338	Picture	+	9852192	0	1	20166	1	0	40470	other	0
SEE_10_64_MR	339	Picture	hi_P234	9872358	0	1	30166	1	0	30000	other	0
SEE_10_64_MR	340	Picture	+	9902690	0	1	89997	1	0	next	other	0
SEE_10_64_MR	341	Sound	hi011a	9922691	0	1			0		other	0
SEE_10_64_MR	342	Picture	500+	9992687	0	1	5167	1	0	5000	other	0
SEE_10_64_MR	343	Picture	hi_F172	9997854	0	1	30166	1	0	30000	other	0
SEE_10_64_MR	344	Picture	+	10028186	0	1	66665	1	0	next	other	0
SEE_10_64_MR	345	Sound	hi011b	10028187	0	1			0		other	0
SEE_10_64_MR	346	Picture	500+	10094851	0	1	5167	1	0	5000	other	0
SEE_10_64_MR	347	Picture	low_F121	10100017	0	1	30166	1	0	30000	other	0
SEE_10_64_MR	348	Picture	+	10130350	0	1	20166	1	0	35450	other	0
SEE_10_64_MR	349	Picture	hi_A071	10150516	0	1	30166	1	0	30000	other	0
SEE_10_64_MR	350	Picture	+	10180848	0	1	20166	1	0	41020	other	0
SEE_10_64_MR	351	Picture	low_P154	10201014	0	1	30166	1	0	30000	other	0
SEE_10_64_MR	352	Picture	+	10231346	0	1	86497	1	0	next	other	0
SEE_10_64_MR	353	Sound	low084a	10251347	0	1			0		other	0
SEE_10_64_MR	354	Picture	500+	10317844	0	1	5166	1	0	5000	other	0
SEE_10_64_MR	355	Picture	hi_P084	10323010	0	1	30166	1	0	30000	other	0
SEE_10_64_MR	356	Picture	+	10353176	0	1	63331	1	0	next	other	0
SEE_10_64_MR	357	Sound	low084b	10353177	0	1			0		other	0
SEE_10_64_MR	358	Picture	500+	10416507	0	1	5166	1	0	5000	other	0
SEE_10_64_MR	359	Picture	low_A193	10421674	0	1	30166	1	0	30000	other	0
SEE_10_64_MR	360	Picture	+	10452006	0	1	20166	1	0	38780	other	0
SEE_10_64_MR	361	Picture	low_L094	10472172	0	1	30166	1	0	30000	other	0
SEE_10_64_MR	362	Picture	+	10502505	0	1	20166	1	0	35630	other	0
SEE_10_64_MR	363	Picture	hi_P007	10522671	0	1	30166	1	0	30000	other	0
SEE_10_64_MR	364	Picture	+	10553003	0	1	84664	1	0	next	other	0
SEE_10_64_MR	365	Sound	low271a	10573004	0	1			0		other	0
SEE_10_64_MR	366	Picture	500+	10637667	0	1	5166	1	0	5000	other	0
SEE_10_64_MR	367	Picture	hi_F038	10643000	0	1	30166	1	0	30000	other	0
SEE_10_64_MR	368	Picture	+	10673333	0	1	69998	1	0	next	other	0
SEE_10_64_MR	369	Sound	low271b	10673333	0	1			0		other	0
SEE_10_64_MR	370	Picture	500+	10743331	0	1	5167	1	0	5000	other	0
SEE_10_64_MR	371	Picture	low_L132	10748664	0	1	30166	1	0	30000	other	0
SEE_10_64_MR	372	Picture	+	10778996	0	1	20166	1	0	37610	other	0
SEE_10_64_MR	373	Picture	low_F324	10799162	0	1	30166	1	0	30000	other	0
SEE_10_64_MR	374	Picture	+	10829494	0	1	20166	1	0	35380	other	0
SEE_10_64_MR	375	Picture	hi_F272	10849661	0	1	30166	1	0	30000	other	0
SEE_10_64_MR	376	Picture	+	10879993	0	1	78498	1	0	next	other	0
SEE_10_64_MR	377	Sound	hi001a	10899994	0	1			0		other	0
SEE_10_64_MR	378	Picture	500+	10958490	0	1	5166	1	0	5000	other	0
SEE_10_64_MR	379	Picture	hi_F007	10963657	0	1	30166	1	0	30000	other	0
SEE_10_64_MR	380	Picture	+	10993823	0	1	57832	1	0	next	other	0
SEE_10_64_MR	381	Sound	hi001b	10993823	0	1			0		other	0
SEE_10_64_MR	382	Picture	500+	11051654	0	1	5167	1	0	5000	other	0
SEE_10_64_MR	383	Picture	low_O326	11056821	0	1	30166	1	0	30000	other	0
SEE_10_64_MR	384	Picture	+	11087153	0	1	20166	1	0	43090	other	0
SEE_10_64_MR	385	Picture	low_P113	11107319	0	1	30166	1	0	30000	other	0
SEE_10_64_MR	386	Picture	+	11137652	0	1	20166	1	0	40050	other	0
SEE_10_64_MR	387	Picture	hi_P212	11157818	0	1	30166	1	0	30000	other	0
SEE_10_64_MR	388	Picture	+	11188150	0	1	75498	1	0	next	other	0
SEE_10_64_MR	389	Sound	hi250a	11208151	0	1			0		other	0
SEE_10_64_MR	390	Picture	500+	11263648	0	1	5167	1	0	5000	other	0
SEE_10_64_MR	391	Picture	low_A217	11268981	0	1	30166	1	0	30000	other	0
SEE_10_64_MR	392	Picture	+	11299147	0	1	60165	1	0	next	other	0
SEE_10_64_MR	393	Sound	hi250b	11299147	0	1			0		other	0
SEE_10_64_MR	394	Picture	500+	11359311	0	1	5166	1	0	5000	other	0
SEE_10_64_MR	395	Picture	hi_P208	11364478	0	1	30165	1	0	30000	other	0
SEE_10_64_MR	396	Picture	+	11394810	0	1	20166	1	0	42670	other	0
SEE_10_64_MR	397	Picture	hi_P243	11414976	0	1	30166	1	0	30000	other	0
SEE_10_64_MR	398	Picture	+	11445309	0	1	20166	1	0	40480	other	0
SEE_10_64_MR	399	Picture	low_O325	11465475	0	1	30166	1	0	30000	other	0
SEE_10_64_MR	400	Picture	+	11495807	0	1	87497	1	0	next	other	0
SEE_10_64_MR	401	Sound	hi012a	11515808	0	1			0		other	0
SEE_10_64_MR	402	Picture	500+	11583304	0	1	5167	1	0	5000	other	0
SEE_10_64_MR	403	Picture	hi_O300	11588471	0	1	30166	1	0	30000	other	0
SEE_10_64_MR	404	Picture	+	11618637	0	1	55498	1	0	next	other	0
SEE_10_64_MR	405	Sound	hi012b	11618637	0	2			0		other	0
SEE_10_64_MR	406	Picture	500+	11674135	0	1	5166	1	0	5000	other	0
SEE_10_64_MR	407	Picture	low_A095	11679301	0	1	30166	1	0	30000	other	0
SEE_10_64_MR	408	Picture	+	11709634	0	1	20166	1	0	37150	other	0
SEE_10_64_MR	409	Picture	hi_A045	11729800	0	1	30166	1	0	30000	other	0
SEE_10_64_MR	410	Picture	+	11760132	0	1	20166	1	0	37670	other	0
SEE_10_64_MR	411	Picture	low_F001	11780298	0	1	30166	1	0	30000	other	0
SEE_10_64_MR	412	Picture	+	11810631	0	1	85493	19	0	next	other	0
SEE_10_64_MR	413	Sound	hi110a	11830631	0	1			0		other	0
SEE_10_64_MR	414	Picture	500+	11896124	0	19	5171	19	0	5000	other	0
SEE_10_64_MR	415	Picture	low_L107	11901461	0	1	30166	1	0	30000	other	0
SEE_10_64_MR	416	Picture	+	11931793	0	1	67998	1	0	next	other	0
SEE_10_64_MR	417	Sound	hi110b	11931794	0	1			0		other	0
SEE_10_64_MR	418	Picture	500+	11999791	0	1	5167	1	0	5000	other	0
SEE_10_64_MR	419	Picture	hi_A020	12004958	0	1	30166	1	0	30000	other	0
SEE_10_64_MR	420	Picture	+	12035290	0	1	20166	1	0	31150	other	0
SEE_10_64_MR	421	Picture	hi_F010	12055456	0	1	30166	1	0	30000	other	0
SEE_10_64_MR	422	Picture	+	12085789	0	1	20166	1	0	37040	other	0
SEE_10_64_MR	423	Picture	low_L175	12105955	0	1	30166	1	0	30000	other	0
SEE_10_64_MR	424	Picture	+	12136287	0	1	81164	1	0	next	other	0
SEE_10_64_MR	425	Sound	low063a	12156288	0	1			0		other	0
SEE_10_64_MR	426	Picture	500+	12217451	0	1	5167	1	0	5000	other	0
SEE_10_64_MR	427	Picture	hi_P022	12222618	0	1	30166	1	0	30000	other	0
SEE_10_64_MR	428	Picture	+	12252783	0	1	61998	1	0	next	other	0
SEE_10_64_MR	429	Sound	low063b	12252784	0	1			0		other	0
SEE_10_64_MR	430	Picture	500+	12314781	0	1	5167	1	0	5000	other	0
SEE_10_64_MR	431	Picture	low_F115	12319948	0	1	30166	1	0	30000	other	0
SEE_10_64_MR	432	Picture	+	12350280	0	1	20166	1	0	42810	other	0
SEE_10_64_MR	433	Picture	low_A104	12370446	0	1	30166	1	0	30000	other	0
SEE_10_64_MR	434	Picture	+	12400779	0	1	20166	1	0	41420	other	0
SEE_10_64_MR	435	Picture	hi_O285	12420945	0	1	30166	1	0	30000	other	0
SEE_10_64_MR	436	Picture	+	12451277	0	1	82997	1	0	next	other	0
SEE_10_64_MR	437	Sound	low272a	12471278	0	1			0		other	0
SEE_10_64_MR	438	Picture	500+	12534275	0	1	5167	1	0	5000	other	0
SEE_10_64_MR	439	Picture	low_L018	12539441	0	1	30166	1	0	30000	other	0
SEE_10_64_MR	440	Picture	+	12569607	0	1	59831	1	0	next	other	0
SEE_10_64_MR	441	Sound	low272b	12569608	0	1			0		other	0
SEE_10_64_MR	442	Picture	500+	12629438	0	1	5167	1	0	5000	other	0
SEE_10_64_MR	443	Picture	hi_F287	12634605	0	1	30166	1	0	30000	other	0
SEE_10_64_MR	444	Picture	+	12664937	0	1	20166	1	0	32550	other	0
SEE_10_64_MR	445	Picture	low_F343	12685103	0	1	30166	1	0	30000	other	0
SEE_10_64_MR	446	Picture	+	12715436	0	1	20166	1	0	43360	other	0
SEE_10_64_MR	447	Picture	hi_O132	12735602	0	1	30166	1	0	30000	other	0
SEE_10_64_MR	448	Picture	+	12765934	0	1	88664	1	0	next	other	0
SEE_10_64_MR	449	Sound	hi217a	12785935	0	1			0		other	0
SEE_10_64_MR	450	Picture	500+	12854598	0	1	5167	1	0	5000	other	0
SEE_10_64_MR	451	Picture	hi_F273	12859765	0	1	30166	1	0	30000	other	0
SEE_10_64_MR	452	Picture	+	12889930	0	1	60998	1	0	next	other	0
SEE_10_64_MR	453	Sound	hi217b	12889931	0	1			0		other	0
SEE_10_64_MR	454	Picture	500+	12950928	0	1	5166	1	0	5000	other	0
SEE_10_64_MR	455	Picture	low_L083	12956095	0	1	30166	1	0	30000	other	0
SEE_10_64_MR	456	Picture	+	12986427	0	1	20166	1	0	32180	other	0
SEE_10_64_MR	457	Picture	low_P110	13006593	0	1	30166	1	0	30000	other	0
SEE_10_64_MR	458	Picture	+	13036926	0	1	20166	1	0	44970	other	0
SEE_10_64_MR	459	Picture	hi_A078	13057092	0	1	30166	1	0	30000	other	0
SEE_10_64_MR	460	Picture	+	13087424	0	1	84997	1	0	next	other	0
SEE_10_64_MR	461	Sound	low274a	13107425	0	1			0		other	0
SEE_10_64_MR	462	Picture	500+	13172421	0	1	5166	1	0	5000	other	0
SEE_10_64_MR	463	Picture	hi_A025	13177755	0	1	30166	1	0	30000	other	0
SEE_10_64_MR	464	Picture	+	13208087	0	1	69331	1	0	next	other	0
SEE_10_64_MR	465	Sound	low274b	13208088	0	1			0		other	0
SEE_10_64_MR	466	Picture	500+	13277418	0	1	5166	1	0	5000	other	0
SEE_10_64_MR	467	Picture	low_A219	13282585	0	1	30166	1	0	30000	other	0
SEE_10_64_MR	468	Picture	+	13312917	0	1	20166	1	0	41040	other	0
SEE_10_64_MR	469	Picture	low_L085	13333083	0	1	30166	1	0	30000	other	0
SEE_10_64_MR	470	Picture	+	13363415	0	1	20166	1	0	32570	other	0
SEE_10_64_MR	471	Picture	hi_P246	13383581	0	1	30166	1	0	30000	other	0
SEE_10_64_MR	472	Picture	+	13413914	0	1	83164	1	0	next	other	0
SEE_10_64_MR	473	Sound	low057a	13433915	0	1			0		other	0
SEE_10_64_MR	474	Picture	500+	13497078	0	1	5166	1	0	5000	other	0
SEE_10_64_MR	475	Picture	low_P186	13502244	0	1	30166	1	0	30000	other	0
SEE_10_64_MR	476	Picture	+	13532410	0	1	60498	1	0	next	other	0
SEE_10_64_MR	477	Sound	low057b	13532411	0	1			0		other	0
SEE_10_64_MR	478	Picture	500+	13592908	0	1	5166	1	0	5000	other	0
SEE_10_64_MR	479	Picture	hi_P010	13598075	0	1	30166	1	0	30000	other	0
SEE_10_64_MR	480	Picture	+	13628407	0	1	20166	1	0	41090	other	0
SEE_10_64_MR	481	Picture	low_L134	13648573	0	1	30166	1	0	30000	other	0
SEE_10_64_MR	482	Picture	+	13678906	0	1	20166	1	0	31080	other	0
SEE_10_64_MR	483	Picture	hi_O291	13699072	0	1	30166	1	0	30000	other	0
SEE_10_64_MR	484	Picture	+	13729404	0	1	88831	1	0	next	other	0
SEE_10_64_MR	485	Sound	hi214a	13749405	0	1			0		other	0
SEE_10_64_MR	486	Picture	500+	13818235	0	1	5166	1	0	5000	other	0
SEE_10_64_MR	487	Picture	low_P138	13823568	0	1	30166	1	0	30000	other	0
SEE_10_64_MR	488	Picture	+	13853734	0	1	62331	1	0	next	other	0
SEE_10_64_MR	489	Sound	hi214b	13853734	0	1			0		other	0
SEE_10_64_MR	490	Picture	500+	13916065	0	1	5167	1	0	5000	other	0
SEE_10_64_MR	491	Picture	hi_P018	13921231	0	1	30166	1	0	30000	other	0
SEE_10_64_MR	492	Picture	+	13951564	0	1	20166	1	0	33440	other	0
SEE_10_64_MR	493	Picture	hi_L022	13971730	0	1	30166	1	0	30000	other	0
SEE_10_64_MR	494	Picture	+	14002062	0	1	20166	1	0	30500	other	0
SEE_10_64_MR	495	Picture	low_L147	14022228	0	1	30166	1	0	30000	other	0
SEE_10_64_MR	496	Picture	+	14052561	0	1	81164	1	0	next	other	0
SEE_10_64_MR	497	Sound	low283a	14072562	0	1			0		other	0
SEE_10_64_MR	498	Picture	500+	14133725	0	1	5167	1	0	5000	other	0
SEE_10_64_MR	499	Picture	hi_P229	14138891	0	1	30166	1	0	30000	other	0
SEE_10_64_MR	500	Picture	+	14169057	0	1	63665	1	0	next	other	0
SEE_10_64_MR	501	Sound	low283b	14169058	0	1			0		other	0
SEE_10_64_MR	502	Picture	500+	14232722	0	1	5167	1	0	5000	other	0
SEE_10_64_MR	503	Picture	low_F079	14237888	0	1	30166	1	0	30000	other	0
SEE_10_64_MR	504	Picture	+	14268221	0	1	20166	1	0	33650	other	0
SEE_10_64_MR	505	Picture	hi_A069	14288387	0	1	30166	1	0	30000	other	0
SEE_10_64_MR	506	Picture	+	14318719	0	1	20166	1	0	43680	other	0
SEE_10_64_MR	507	Picture	low_F087	14338885	0	1	30166	1	0	30000	other	0
SEE_10_64_MR	508	Picture	+	14369217	0	1	84497	1	0	next	other	0
SEE_10_64_MR	509	Sound	low280a	14389218	0	1			0		other	0
SEE_10_64_MR	510	Picture	500+	14453715	0	1	5166	1	0	5000	other	0
SEE_10_64_MR	511	Picture	low_L109	14458881	0	1	30166	1	0	30000	other	0
SEE_10_64_MR	512	Picture	+	14489214	0	1	57165	1	0	next	other	0
SEE_10_64_MR	513	Sound	low280b	14489214	0	1			0		other	0
SEE_10_64_MR	514	Picture	500+	14546379	0	1	5167	1	0	5000	other	0
SEE_10_64_MR	515	Picture	hi_F018	14551545	0	1	30166	1	0	30000	other	0
SEE_10_64_MR	516	Picture	+	14581877	0	1	20166	1	0	39590	other	0
SEE_10_64_MR	517	Picture	low_P047	14602044	0	1	30166	1	0	30000	other	0
SEE_10_64_MR	518	Picture	+	14632376	0	1	20166	1	0	32120	other	0
SEE_10_64_MR	519	Picture	hi_F041	14652542	0	1	30166	1	0	30000	other	0
SEE_10_64_MR	520	Picture	+	14682874	0	1	79498	1	0	next	other	0
SEE_10_64_MR	521	Sound	low278a	14702875	0	1			0		other	0
SEE_10_64_MR	522	Picture	500+	14762372	0	1	5166	1	0	5000	other	0
SEE_10_64_MR	523	Picture	low_L050	14767538	0	1	30166	1	0	30000	other	0
SEE_10_64_MR	524	Picture	+	14797704	0	1	64165	1	0	next	other	0
SEE_10_64_MR	525	Sound	low278b	14797705	0	1			0		other	0
SEE_10_64_MR	526	Picture	500+	14861869	0	1	5167	1	0	5000	other	0
SEE_10_64_MR	527	Picture	hi_A058	14867035	0	1	30166	1	0	30000	other	0
SEE_10_64_MR	528	Picture	+	14897368	0	1	20166	1	0	37420	other	0
SEE_10_64_MR	529	Picture	low_L184	14917534	0	1	30166	1	0	30000	other	0
SEE_10_64_MR	530	Picture	+	14947866	0	1	20166	1	0	36920	other	0
SEE_10_64_MR	531	Picture	hi_P239	14968032	0	1	30166	1	0	30000	other	0
SEE_10_64_MR	532	Picture	+	14998364	0	1	79664	1	0	next	other	0
SEE_10_64_MR	533	Sound	low050a	15018365	0	1			0		other	0
SEE_10_64_MR	534	Picture	500+	15078029	0	1	5166	1	0	5000	other	0
SEE_10_64_MR	535	Picture	low_A170	15083195	0	1	30166	1	0	30000	other	0
SEE_10_64_MR	536	Picture	+	15113361	0	1	57665	1	0	next	other	0
SEE_10_64_MR	537	Sound	low050b	15113362	0	1			0		other	0
SEE_10_64_MR	538	Picture	500+	15171026	0	1	5167	1	0	5000	other	0
SEE_10_64_MR	539	Picture	hi_P233	15176192	0	1	30166	1	0	30000	other	0
SEE_10_64_MR	540	Picture	+	15206525	0	1	20166	1	0	35930	other	0
SEE_10_64_MR	541	Picture	hi_L177	15226691	0	1	30166	1	0	30000	other	0
SEE_10_64_MR	542	Picture	+	15257023	0	1	20166	1	0	39480	other	0
SEE_10_64_MR	543	Picture	low_P055	15277189	0	1	30166	1	0	30000	other	0
SEE_10_64_MR	544	Picture	+	15307522	0	1	75331	1	0	next	other	0
SEE_10_64_MR	545	Sound	hi314a	15327522	0	1			0		other	0
SEE_10_64_MR	546	Picture	500+	15382853	0	1	5166	1	0	5000	other	0
SEE_10_64_MR	547	Picture	hi_A207	15388019	0	1	30166	1	0	30000	other	0
SEE_10_64_MR	548	Picture	+	15418185	0	1	60832	1	0	next	other	0
SEE_10_64_MR	549	Sound	hi314b	15418185	0	1			0		other	0
SEE_10_64_MR	550	Picture	500+	15479016	0	1	5167	1	0	5000	other	0
SEE_10_64_MR	551	Picture	low_F061	15484183	0	1	30166	1	0	30000	other	0
SEE_10_64_MR	552	Picture	+	15514515	0	1	20166	1	0	42200	other	0
SEE_10_64_MR	553	Picture	low_F052	15534681	0	1	30166	1	0	30000	other	0
SEE_10_64_MR	554	Picture	+	15565013	0	1	20166	1	0	36290	other	0
SEE_10_64_MR	555	Picture	hi_A073	15585180	0	1	30166	1	0	30000	other	0
SEE_10_64_MR	556	Picture	+	15615512	0	1	83164	1	0	next	other	0
SEE_10_64_MR	557	Sound	hi249a	15635513	0	1			0		other	0
SEE_10_64_MR	558	Picture	500+	15698676	0	1	5167	1	0	5000	other	0
SEE_10_64_MR	559	Picture	low_L100	15704009	0	1	30166	1	0	30000	other	0
SEE_10_64_MR	560	Picture	+	15734175	0	1	61165	1	0	next	other	0
SEE_10_64_MR	561	Sound	hi249b	15734176	0	1			0		other	0
SEE_10_64_MR	562	Picture	500+	15795340	0	1	5167	1	0	5000	other	0
SEE_10_64_MR	563	Picture	hi_O148	15800506	0	1	30166	1	0	30000	other	0
SEE_10_64_MR	564	Picture	+	15830839	0	1	20166	1	0	35640	other	0
SEE_10_64_MR	565	Picture	hi_F299	15851005	0	1	30166	1	0	30000	other	0
SEE_10_64_MR	566	Picture	+	15881337	0	1	20166	1	0	33840	other	0
SEE_10_64_MR	567	Picture	low_L146	15901503	0	1	30166	1	0	30000	other	0
SEE_10_64_MR	568	Picture	+	15931835	0	1	78664	1	0	next	other	0
SEE_10_64_MR	569	Sound	low053a	15951836	0	1			0		other	0
SEE_10_64_MR	570	Picture	500+	16010500	0	1	5166	1	0	5000	other	0
SEE_10_64_MR	571	Picture	low_P195	16015666	0	1	30166	1	0	30000	other	0
SEE_10_64_MR	572	Picture	+	16045998	0	1	64831	1	0	next	other	0
SEE_10_64_MR	573	Sound	low053b	16045999	0	1			0		other	0
SEE_10_64_MR	574	Picture	500+	16110830	0	1	5166	1	0	5000	other	0
SEE_10_64_MR	575	Picture	hi_P225	16115996	0	1	30166	1	0	30000	other	0
SEE_10_64_MR	576	Picture	+	16146329	0	1	20166	1	0	43980	other	0
SEE_10_64_MR	577	Picture	low_L133	16166495	0	1	30166	1	0	30000	other	0
SEE_10_64_MR	578	Picture	+	16196827	0	1	20166	1	0	35680	other	0
SEE_10_64_MR	579	Picture	hi_F003	16216993	0	1	30166	1	0	30000	other	0
SEE_10_64_MR	580	Picture	+	16247326	0	1	88331	1	0	next	other	0
SEE_10_64_MR	581	Sound	low330a	16267326	0	1			0		other	0
SEE_10_64_MR	582	Picture	500+	16335656	0	1	5166	1	0	5000	other	0
SEE_10_64_MR	583	Picture	hi_P124	16340823	0	1	30166	1	0	30000	other	0
SEE_10_64_MR	584	Picture	+	16370988	0	1	65498	1	0	next	other	0
SEE_10_64_MR	585	Sound	low330b	16370989	0	1			0		other	0
SEE_10_64_MR	586	Picture	500+	16436486	0	1	5166	1	0	5000	other	0
SEE_10_64_MR	587	Picture	low_P046	16441653	0	1	30166	1	0	30000	other	0
SEE_10_64_MR	588	Picture	+	16471985	0	1	20166	1	0	30960	other	0
SEE_10_64_MR	589	Picture	hi_P175	16492151	0	1	30166	1	0	30000	other	0
SEE_10_64_MR	590	Picture	+	16522484	0	1	20166	1	0	30090	other	0
SEE_10_64_MR	591	Picture	low_L152	16542650	0	1	30166	1	0	30000	other	0
SEE_10_64_MR	592	Picture	+	16572982	0	1	83664	1	0	next	other	0
SEE_10_64_MR	593	Sound	low197a	16592983	0	1			0		other	0
SEE_10_64_MR	594	Picture	500+	16656646	0	1	5167	1	0	5000	other	0
SEE_10_64_MR	595	Picture	low_F111	16661813	0	1	30166	1	0	30000	other	0
SEE_10_64_MR	596	Picture	+	16691978	0	1	62331	1	0	next	other	0
SEE_10_64_MR	597	Sound	low197b	16691979	0	1			0		other	0
SEE_10_64_MR	598	Picture	500+	16754310	0	1	5166	1	0	5000	other	0
SEE_10_64_MR	599	Picture	hi_F368	16759643	0	1	30166	1	0	30000	other	0
SEE_10_64_MR	600	Picture	+	16789975	0	1	20166	1	0	32290	other	0
SEE_10_64_MR	601	Picture	low_L072	16810141	0	1	30166	1	0	30000	other	0
SEE_10_64_MR	602	Picture	+	16840474	0	1	20166	1	0	39850	other	0
SEE_10_64_MR	603	Picture	hi_F284	16860640	0	1	30166	1	0	30000	other	0
SEE_10_64_MR	604	Picture	+	16890972	0	1	84331	1	0	next	other	0
SEE_10_64_MR	605	Sound	hi319a	16910973	0	1			0		other	0
SEE_10_64_MR	606	Picture	500+	16975303	0	1	5167	1	0	5000	other	0
SEE_10_64_MR	607	Picture	hi_A001	16980636	0	1	30166	1	0	30000	other	0
SEE_10_64_MR	608	Picture	+	17010802	0	1	58498	1	0	next	other	0
SEE_10_64_MR	609	Sound	hi319b	17010802	0	1			0		other	0
SEE_10_64_MR	610	Picture	500+	17069300	0	1	5167	1	0	5000	other	0
SEE_10_64_MR	611	Picture	low_L165	17074633	0	1	30166	1	0	30000	other	0
SEE_10_64_MR	612	Picture	+	17104965	0	1	20166	1	0	37420	other	0
SEE_10_64_MR	613	Picture	hi_P005	17125132	0	1	30166	1	0	30000	other	0
SEE_10_64_MR	614	Picture	+	17155464	0	1	20166	1	0	33810	other	0
SEE_10_64_MR	615	Picture	low_F123	17175630	0	1	30166	1	0	30000	other	0
SEE_10_64_MR	616	Picture	+	17205962	0	1	76164	1	0	next	other	0
SEE_10_64_MR	617	Sound	hi014a	17225963	0	1			0		other	0
SEE_10_64_MR	618	Picture	500+	17282127	0	1	5166	1	0	5000	other	0
SEE_10_64_MR	619	Picture	hi_O002	17287293	0	1	30166	1	0	30000	other	0
SEE_10_64_MR	620	Picture	+	17317459	0	1	59165	1	0	next	other	0
SEE_10_64_MR	621	Sound	hi014b	17317460	0	1			0		other	0
SEE_10_64_MR	622	Picture	500+	17376624	0	1	5167	1	0	5000	other	0
SEE_10_64_MR	623	Picture	low_A128	17381790	0	1	30166	1	0	30000	other	0
SEE_10_64_MR	624	Picture	+	17412123	0	1	20166	1	0	42410	other	0
SEE_10_64_MR	625	Picture	hi_P016	17432289	0	1	30166	1	0	30000	other	0
SEE_10_64_MR	626	Picture	+	17462621	0	1	20166	1	0	44980	other	0
SEE_10_64_MR	627	Picture	low_F098	17482787	0	1	30166	1	0	30000	other	0
SEE_10_64_MR	628	Picture	+	17513119	0	1	76831	1	0	next	other	0
SEE_10_64_MR	629	Sound	hi242a	17533120	0	1			0		other	0
SEE_10_64_MR	630	Picture	500+	17589950	0	1	5166	1	0	5000	other	0
SEE_10_64_MR	631	Picture	low_O256	17595117	0	1	30166	1	0	30000	other	0
SEE_10_64_MR	632	Picture	+	17625449	0	1	68165	1	0	next	other	0
SEE_10_64_MR	633	Sound	hi242b	17625450	0	1			0		other	0
SEE_10_64_MR	634	Picture	500+	17693614	0	1	5166	1	0	5000	other	0
SEE_10_64_MR	635	Picture	hi_P147	17698780	0	1	30166	1	0	30000	other	0
SEE_10_64_MR	636	Picture	+	17729113	0	1	20166	1	0	44280	other	0
SEE_10_64_MR	637	Picture	hi_O125	17749279	0	1	30166	1	0	30000	other	0
SEE_10_64_MR	638	Picture	+	17779611	0	1	20166	1	0	30960	other	0
SEE_10_64_MR	639	Picture	low_L062	17799777	0	1	30166	1	0	30000	other	0
SEE_10_64_MR	640	Picture	+	17830110	0	1	88164	1	0	next	other	0
SEE_10_64_MR	641	Sound	low279a	17850110	0	1			0		other	0
SEE_10_64_MR	642	Picture	500+	17918274	0	1	5167	1	0	5000	other	0
SEE_10_64_MR	643	Picture	low_L164	17923440	0	1	30166	1	0	30000	other	0
SEE_10_64_MR	644	Picture	+	17953606	0	1	66831	1	0	next	other	0
SEE_10_64_MR	645	Sound	low279b	17953606	0	1			0		other	0
SEE_10_64_MR	646	Picture	500+	18020437	0	1	5166	1	0	5000	other	0
SEE_10_64_MR	647	Picture	hi_F016	18025603	0	1	30166	1	0	30000	other	0
SEE_10_64_MR	648	Picture	+	18055936	0	1	20166	1	0	32810	other	0
SEE_10_64_MR	649	Picture	low_L089	18076102	0	1	30166	1	0	30000	other	0
SEE_10_64_MR	650	Picture	+	18106434	0	1	20166	1	0	36350	other	0
SEE_10_64_MR	651	Picture	hi_F293	18126600	0	1	30166	1	0	30000	other	0
SEE_10_64_MR	652	Picture	+	18156933	0	1	86497	1	0	next	other	0
SEE_10_64_MR	653	Sound	low284a	18176934	0	1			0		other	0
SEE_10_64_MR	654	Picture	500+	18243430	0	1	5166	1	0	5000	other	0
SEE_10_64_MR	655	Picture	hi_P132	18248763	0	1	30166	1	0	30000	other	0
SEE_10_64_MR	656	Picture	+	18279096	0	1	56498	1	0	next	other	0
SEE_10_64_MR	657	Sound	low284b	18279096	0	1			0		other	0
SEE_10_64_MR	658	Picture	500+	18335594	0	1	5166	1	0	5000	other	0
SEE_10_64_MR	659	Picture	low_L137	18340760	0	1	30166	1	0	30000	other	0
SEE_10_64_MR	660	Picture	+	18371093	0	1	20166	1	0	31710	other	0
SEE_10_64_MR	661	Picture	hi_P071	18391259	0	1	30166	1	0	30000	other	0
SEE_10_64_MR	662	Picture	+	18421591	0	1	20166	1	0	35800	other	0
SEE_10_64_MR	663	Picture	low_L162	18441757	0	1	30166	1	0	30000	other	0
SEE_10_64_MR	664	Picture	+	18472090	0	1	85664	1	0	next	other	0
SEE_10_64_MR	665	Sound	hi097a	18492090	0	1			0		other	0
SEE_10_64_MR	666	Picture	500+	18557754	0	1	5166	1	0	5000	other	0
SEE_10_64_MR	667	Picture	hi_F032	18563087	0	1	30166	1	0	30000	other	0
SEE_10_64_MR	668	Picture	+	18593252	0	1	58665	1	0	next	other	0
SEE_10_64_MR	669	Sound	hi097b	18593253	0	1			0		other	0
SEE_10_64_MR	670	Picture	500+	18651917	0	1	5167	1	0	5000	other	0
SEE_10_64_MR	671	Picture	low_P107	18657084	0	1	30166	1	0	30000	other	0
SEE_10_64_MR	672	Picture	+	18687416	0	1	20166	1	0	43720	other	0
SEE_10_64_MR	673	Picture	low_L149	18707582	0	1	30166	1	0	30000	other	0
SEE_10_64_MR	674	Picture	+	18737915	0	1	20166	1	0	37100	other	0
SEE_10_64_MR	675	Picture	hi_F159	18758081	0	1	30166	1	0	30000	other	0
SEE_10_64_MR	676	Picture	+	18788413	0	1	77831	1	0	next	other	0
SEE_10_64_MR	677	Sound	low037a	18808414	0	1			0		other	0
SEE_10_64_MR	678	Picture	500+	18866244	0	1	5167	1	0	5000	other	0
SEE_10_64_MR	679	Picture	low_L167	18871410	0	1	30166	1	0	30000	other	0
SEE_10_64_MR	680	Picture	+	18901576	0	1	62331	1	0	next	other	0
SEE_10_64_MR	681	Sound	low037b	18901577	0	1			0		other	0
SEE_10_64_MR	682	Picture	500+	18963908	0	1	5166	1	0	5000	other	0
SEE_10_64_MR	683	Picture	hi_P227	18969074	0	1	30166	1	0	30000	other	0
SEE_10_64_MR	684	Picture	+	18999406	0	1	20166	1	0	42240	other	0
SEE_10_64_MR	685	Picture	hi_A050	19019573	0	1	30166	1	0	30000	other	0
SEE_10_64_MR	686	Picture	+	19049905	0	1	20166	1	0	39710	other	0
SEE_10_64_MR	687	Picture	low_L090	19070071	0	1	30166	1	0	30000	other	0
SEE_10_64_MR	688	Picture	+	19100403	0	1	85831	1	0	next	other	0
SEE_10_64_MR	689	Sound	hi002a	19120404	0	1			0		other	0
SEE_10_64_MR	690	Picture	500+	19186234	0	1	5167	1	0	5000	other	0
SEE_10_64_MR	691	Picture	hi_A019	19191400	0	1	30166	1	0	30000	other	0
SEE_10_64_MR	692	Picture	+	19221566	0	1	61331	1	0	next	other	0
SEE_10_64_MR	693	Sound	hi002b	19221567	0	1			0		other	0
SEE_10_64_MR	694	Picture	500+	19282898	0	1	5166	1	0	5000	other	0
SEE_10_64_MR	695	Picture	low_L102	19288064	0	1	30166	1	0	30000	other	0
SEE_10_64_MR	696	Picture	+	19318397	0	1	20166	1	0	33300	other	0
SEE_10_64_MR	697	Picture	low_O214	19338563	0	1	30166	1	0	30000	other	0
SEE_10_64_MR	698	Picture	+	19368895	0	1	20166	1	0	43090	other	0
SEE_10_64_MR	699	Picture	hi_P241	19389061	0	1	30166	1	0	30000	other	0
SEE_10_64_MR	700	Picture	+	19419393	0	1	76164	1	0	next	other	0
SEE_10_64_MR	701	Sound	hi018a	19439394	0	1			0		other	0
SEE_10_64_MR	702	Picture	500+	19495558	0	1	5166	1	0	5000	other	0
SEE_10_64_MR	703	Picture	low_A192	19500724	0	1	30166	1	0	30000	other	0
SEE_10_64_MR	704	Picture	+	19530890	0	1	66998	1	0	next	other	0
SEE_10_64_MR	705	Sound	hi018b	19530891	0	1			0		other	0
SEE_10_64_MR	706	Picture	500+	19597888	0	1	5167	1	0	5000	other	0
SEE_10_64_MR	707	Picture	hi_L139	19603221	0	1	30166	1	0	30000	other	0
SEE_10_64_MR	708	Picture	+	19633553	0	1	20166	1	0	35130	other	0
SEE_10_64_MR	709	Picture	low_F067	19653719	0	1	30166	1	0	30000	other	0
SEE_10_64_MR	710	Picture	+	19684052	0	1	20166	1	0	30160	other	0
SEE_10_64_MR	711	Picture	hi_F146	19704218	0	1	30166	1	0	30000	other	0
SEE_10_64_MR	712	Picture	+	19734550	0	1	82331	1	0	next	other	0
SEE_10_64_MR	713	Sound	low282a	19754551	0	1			0		other	0
SEE_10_64_MR	714	Picture	500+	19816881	0	1	5167	1	0	5000	other	0
SEE_10_64_MR	715	Picture	hi_P238	19822048	0	1	30166	1	0	30000	other	0
SEE_10_64_MR	716	Picture	+	19852213	0	1	64331	1	0	next	other	0
SEE_10_64_MR	717	Sound	low282b	19852214	0	1			0		other	0
SEE_10_64_MR	718	Picture	500+	19916545	0	1	5166	1	0	5000	other	0
SEE_10_64_MR	719	Picture	low_L104	19921711	0	1	30166	1	0	30000	other	0
SEE_10_64_MR	720	Picture	+	19952043	0	1	20166	1	0	33450	other	0
SEE_10_64_MR	721	Picture	hi_P128	19972209	0	1	30166	1	0	30000	other	0
SEE_10_64_MR	722	Picture	+	20002542	0	1	20166	1	0	33380	other	0
SEE_10_64_MR	723	Picture	low_L127	20022708	0	1	30166	1	0	30000	other	0
SEE_10_64_MR	724	Picture	+	20053040	0	1	89664	1	0	next	other	0
SEE_10_64_MR	725	Sound	low031a	20073041	0	1			0		other	0
SEE_10_64_MR	726	Picture	500+	20142704	0	1	5166	1	0	5000	other	0
SEE_10_64_MR	727	Picture	low_A214	20147871	0	1	30166	1	0	30000	other	0
SEE_10_64_MR	728	Picture	+	20178036	0	1	59665	1	0	next	other	0
SEE_10_64_MR	729	Sound	low031b	20178037	0	1			0		other	0
SEE_10_64_MR	730	Picture	500+	20237701	0	1	5166	1	0	5000	other	0
SEE_10_64_MR	731	Picture	hi_F274	20242868	0	1	30166	1	0	30000	other	0
SEE_10_64_MR	732	Picture	+	20273200	0	1	20166	1	0	43200	other	0
SEE_10_64_MR	733	Picture	hi_A221	20293366	0	1	30166	1	0	30000	other	0
SEE_10_64_MR	734	Picture	+	20323699	0	1	20166	1	0	43840	other	0
SEE_10_64_MR	735	Picture	low_L151	20343865	0	1	30166	1	0	30000	other	0
SEE_10_64_MR	736	Picture	+	20374197	0	1	88831	1	0	next	other	0
SEE_10_64_MR	737	Sound	low034a	20394198	0	1			0		other	0
SEE_10_64_MR	738	Picture	500+	20463028	0	1	5167	1	0	5000	other	0
SEE_10_64_MR	739	Picture	hi_P127	20468194	0	1	30166	1	0	30000	other	0
SEE_10_64_MR	740	Picture	+	20498360	0	1	56332	1	0	next	other	0
SEE_10_64_MR	741	Sound	low034b	20498360	0	1			0		other	0
SEE_10_64_MR	742	Picture	500+	20554691	0	1	5166	1	0	5000	other	0
SEE_10_64_MR	743	Picture	low_A115	20559858	0	1	30166	1	0	30000	other	0
SEE_10_64_MR	744	Picture	+	20590190	0	1	20166	1	0	37990	other	0
SEE_10_64_MR	745	Picture	hi_F297	20610356	0	1	30166	1	0	30000	other	0
SEE_10_64_MR	746	Picture	+	20640689	0	1	20166	1	0	36580	other	0
SEE_10_64_MR	747	Picture	low_L154	20660855	0	1	30166	1	0	30000	other	0
SEE_10_64_MR	748	Picture	+	20691187	0	1	86831	1	0	next	other	0
SEE_10_64_MR	749	Sound	hi003a	20711188	0	1			0		other	0
SEE_10_64_MR	750	Picture	500+	20778018	0	1	5166	1	0	5000	other	0
SEE_10_64_MR	751	Picture	low_A146	20783184	0	1	30166	1	0	30000	other	0
SEE_10_64_MR	752	Picture	+	20813350	0	1	59332	1	0	next	other	0
SEE_10_64_MR	753	Sound	hi003b	20813351	0	1			0		other	0
SEE_10_64_MR	754	Picture	500+	20872681	0	1	5166	1	0	5000	other	0
SEE_10_64_MR	755	Picture	hi_A056	20878015	0	1	30166	1	0	30000	other	0
SEE_10_64_MR	756	Picture	+	20908347	0	1	20166	1	0	34960	other	0
SEE_10_64_MR	757	Picture	low_A185	20928513	0	1	30166	1	0	30000	other	0
SEE_10_64_MR	758	Picture	+	20958845	0	1	20166	1	0	31970	other	0
SEE_10_64_MR	759	Picture	hi_F164	20979011	0	1	30166	1	0	30000	other	0
SEE_10_64_MR	760	Picture	+	21009344	0	1	76498	1	0	next	other	0
SEE_10_64_MR	761	Sound	hi246a	21029345	0	1			0		other	0
SEE_10_64_MR	762	Picture	500+	21085841	0	1	5167	1	0	5000	other	0
SEE_10_64_MR	763	Picture	hi_P038	21091008	0	1	30166	1	0	30000	other	0
SEE_10_64_MR	764	Picture	+	21121340	0	1	68331	1	0	next	other	0
SEE_10_64_MR	765	Sound	hi246b	21121341	0	1			0		other	0
SEE_10_64_MR	766	Picture	500+	21189672	0	1	5167	1	0	5000	other	0
SEE_10_64_MR	767	Picture	low_L021	21194838	0	1	30166	1	0	30000	other	0
SEE_10_64_MR	768	Picture	+	21225170	0	1	20166	1	0	41280	other	0
SEE_10_64_MR	769	Picture	low_F358	21245337	0	1	30166	1	0	30000	other	0
SEE_10_64_MR	770	Picture	+	21275669	0	1	20166	1	0	38270	other	0
SEE_10_64_MR	771	Picture	hi_A074	21295835	0	1	30166	1	0	30000	other	0
SEE_10_64_MR	772	Picture	+	21326167	0	1	81998	1	0	next	other	0
SEE_10_64_MR	773	Sound	hi159a	21346168	0	1			0		other	0
SEE_10_64_MR	774	Picture	500+	21408165	0	1	5166	1	0	5000	other	0
SEE_10_64_MR	775	Picture	low_A194	21413498	0	1	30166	1	0	30000	other	0
SEE_10_64_MR	776	Picture	+	21443830	0	1	61331	1	0	next	other	0
SEE_10_64_MR	777	Sound	hi159b	21443831	0	1			0		other	0
SEE_10_64_MR	778	Picture	500+	21505162	0	1	5167	1	0	5000	other	0
SEE_10_64_MR	779	Picture	hi_P139	21510328	0	1	30166	1	0	30000	other	0
SEE_10_64_MR	780	Picture	+	21540661	0	1	20166	1	0	41690	other	0
SEE_10_64_MR	781	Picture	hi_O003	21560827	0	1	30166	1	0	30000	other	0
SEE_10_64_MR	782	Picture	+	21591159	0	1	20166	1	0	38940	other	0
SEE_10_64_MR	783	Picture	low_L038	21611325	0	1	30166	1	0	30000	other	0
SEE_10_64_MR	784	Picture	+	21641658	0	1	87164	1	0	next	other	0
SEE_10_64_MR	785	Sound	hi013a	21661658	0	1			0		other	0
SEE_10_64_MR	786	Picture	500+	21728821	0	1	5166	1	0	5000	other	0
SEE_10_64_MR	787	Picture	hi_F298	21734155	0	1	30166	1	0	30000	other	0
SEE_10_64_MR	788	Picture	+	21764320	0	1	59332	1	0	next	other	0
SEE_10_64_MR	789	Sound	hi013b	21764321	0	1			0		other	0
SEE_10_64_MR	790	Picture	500+	21823652	0	1	5167	1	0	5000	other	0
SEE_10_64_MR	791	Picture	low_O327	21828818	0	1	30166	1	0	30000	other	0
SEE_10_64_MR	792	Picture	+	21859151	0	1	20166	1	0	43970	other	0
SEE_10_64_MR	793	Picture	hi_P224	21879317	0	1	30166	1	0	30000	other	0
SEE_10_64_MR	794	Picture	+	21909649	0	1	20166	1	0	31210	other	0
SEE_10_64_MR	795	Picture	low_P103	21929815	0	1	30166	1	0	30000	other	0
SEE_10_64_MR	796	Picture	+	21960148	0	1	78498	1	0	next	other	0
SEE_10_64_MR	797	Sound	hi010a	21980148	0	1			0		other	0
SEE_10_64_MR	798	Picture	500+	22038645	0	1	5166	1	0	5000	other	0
SEE_10_64_MR	799	Picture	low_L180	22043812	0	1	30166	1	0	30000	other	0
SEE_10_64_MR	800	Picture	+	22073977	0	1	59665	1	0	next	other	0
SEE_10_64_MR	801	Sound	hi010b	22073978	0	1			0		other	0
SEE_10_64_MR	802	Picture	500+	22133642	0	1	5167	1	0	5000	other	0
SEE_10_64_MR	803	Picture	hi_F152	22138809	0	1	30166	1	0	30000	other	0
SEE_10_64_MR	804	Picture	+	22169141	0	1	20166	1	0	33550	other	0
SEE_10_64_MR	805	Picture	hi_P029	22189307	0	1	30166	1	0	30000	other	0
SEE_10_64_MR	806	Picture	+	22219640	0	1	20166	1	0	37110	other	0
SEE_10_64_MR	807	Picture	low_L169	22239806	0	1	30166	1	0	30000	other	0
SEE_10_64_MR	808	Picture	+	22270138	0	1	83497	1	0	next	other	0
SEE_10_64_MR	809	Sound	low035a	22290139	0	1			0		other	0
SEE_10_64_MR	810	Picture	500+	22353635	0	1	5167	1	0	5000	other	0
SEE_10_64_MR	811	Picture	hi_F321	22358802	0	1	30166	1	0	30000	other	0
SEE_10_64_MR	812	Picture	+	22388968	0	1	58998	1	0	next	other	0
SEE_10_64_MR	813	Sound	low035b	22388968	0	1			0		other	0
SEE_10_64_MR	814	Picture	500+	22447966	0	1	5166	1	0	5000	other	0
SEE_10_64_MR	815	Picture	low_L113	22453132	0	1	30166	1	0	30000	other	0
SEE_10_64_MR	816	Picture	+	22483465	0	1	20166	1	0	34960	other	0
SEE_10_64_MR	817	Picture	hi_O105	22503631	0	1	30166	1	0	30000	other	0
SEE_10_64_MR	818	Picture	+	22533963	0	1	20166	1	0	36000	other	0
SEE_10_64_MR	819	Picture	low_A157	22554129	0	1	30166	1	0	30000	other	0
SEE_10_64_MR	820	Picture	+	22584461	0	1	85331	1	0	next	other	0
SEE_10_64_MR	821	Sound	low273a	22604462	0	1			0		other	0
SEE_10_64_MR	822	Picture	500+	22669792	0	1	5167	1	0	5000	other	0
SEE_10_64_MR	823	Picture	low_O190	22674959	0	1	30166	1	0	30000	other	0
SEE_10_64_MR	824	Picture	+	22705291	0	1	60831	1	0	next	other	0
SEE_10_64_MR	825	Sound	low273b	22705292	0	1			0		other	0
SEE_10_64_MR	826	Picture	500+	22766122	0	1	5167	1	0	5000	other	0
SEE_10_64_MR	827	Picture	hi_P202	22771289	0	1	30166	1	0	30000	other	0
SEE_10_64_MR	828	Picture	+	22801621	0	1	20166	1	0	32720	other	0
SEE_10_64_MR	829	Picture	low_F047	22821787	0	1	30166	1	0	30000	other	0
SEE_10_64_MR	830	Picture	+	22852120	0	1	20166	1	0	30020	other	0
SEE_10_64_MR	831	Picture	hi_A060	22872286	0	1	30166	1	0	30000	other	0
SEE_10_64_MR	832	Picture	+	22902618	0	1	77164	1	0	next	other	0
SEE_10_64_MR	833	Sound	low118a	22922619	0	1			0		other	0
SEE_10_64_MR	834	Picture	500+	22979783	0	1	5167	1	0	5000	other	0
SEE_10_64_MR	835	Picture	hi_O022	22984949	0	1	30166	1	0	30000	other	0
SEE_10_64_MR	836	Picture	+	23015115	0	1	57665	1	0	next	other	0
SEE_10_64_MR	837	Sound	low118b	23015115	0	1			0		other	0
SEE_10_64_MR	838	Picture	500+	23072780	0	1	5167	1	0	5000	other	0
SEE_10_64_MR	839	Picture	low_P149	23077946	0	1	30166	1	0	30000	other	0
SEE_10_64_MR	840	Picture	+	23108278	0	1	20166	1	0	41750	other	0
SEE_10_64_MR	841	Picture	low_L123	23128445	0	1	30166	1	0	30000	other	0
SEE_10_64_MR	842	Picture	+	23158777	0	1	20166	1	0	43240	other	0
SEE_10_64_MR	843	Picture	hi_P235	23178943	0	1	30166	1	0	30000	other	0
SEE_10_64_MR	844	Picture	+	23209275	0	1	82497	1	0	next	other	0
SEE_10_64_MR	845	Sound	hi301a	23229276	0	1			0		other	0
SEE_10_64_MR	846	Picture	500+	23291773	0	1	5167	1	0	5000	other	0
SEE_10_64_MR	847	Picture	low_L176	23297106	0	1	30166	1	0	30000	other	0
SEE_10_64_MR	848	Picture	+	23327272	0	1	62831	1	0	next	other	0
SEE_10_64_MR	849	Sound	hi301b	23327272	0	1			0		other	0
SEE_10_64_MR	850	Picture	500+	23390103	0	1	5167	1	0	5000	other	0
SEE_10_64_MR	851	Picture	hi_P220	23395436	0	1	30166	1	0	30000	other	0
SEE_10_64_MR	852	Picture	+	23425769	0	1	20166	1	0	40410	other	0
SEE_10_64_MR	853	Picture	low_L009	23445935	0	1	30166	1	0	30000	other	0
SEE_10_64_MR	854	Picture	+	23476267	0	1	20166	1	0	34470	other	0
SEE_10_64_MR	855	Picture	hi_P206	23496433	0	1	30166	1	0	30000	other	0
SEE_10_64_MR	856	Picture	+	23526765	0	1	88831	1	0	next	other	0
SEE_10_64_MR	857	Sound	hi127a	23546766	0	1			0		other	0
SEE_10_64_MR	858	Picture	500+	23615596	0	1	5166	1	0	5000	other	0
SEE_10_64_MR	859	Picture	hi_O202	23620929	0	1	30166	1	0	30000	other	0
SEE_10_64_MR	860	Picture	+	23651095	0	1	58498	1	0	next	other	0
SEE_10_64_MR	861	Sound	hi127b	23651096	0	1			0		other	0
SEE_10_64_MR	862	Picture	500+	23709593	0	1	5167	1	0	5000	other	0
SEE_10_64_MR	863	Picture	low_A156	23714760	0	1	30166	1	0	30000	other	0
SEE_10_64_MR	864	Picture	+	23745092	0	1	20166	1	0	38450	other	0
SEE_10_64_MR	865	Picture	low_A159	23765258	0	1	30166	1	0	30000	other	0
SEE_10_64_MR	866	Picture	+	23795590	0	1	20166	1	0	41410	other	0
SEE_10_64_MR	867	Picture	hi_A068	23815756	0	1	30166	1	0	30000	other	0
SEE_10_64_MR	868	Picture	+	23846089	0	1	81331	1	0	next	other	0
SEE_10_64_MR	869	Sound	hi206a	23866090	0	1			0		other	0
SEE_10_64_MR	870	Picture	500+	23927420	0	1	5166	1	0	5000	other	0
SEE_10_64_MR	871	Picture	low_A108	23932586	0	1	30166	1	0	30000	other	0
SEE_10_64_MR	872	Picture	+	23962752	0	1	62498	1	0	next	other	0
SEE_10_64_MR	873	Sound	hi206b	23962752	0	1			0		other	0
SEE_10_64_MR	874	Picture	500+	24025250	0	1	5167	1	0	5000	other	0
SEE_10_64_MR	875	Picture	hi_P226	24030416	0	1	30166	1	0	30000	other	0
SEE_10_64_MR	876	Picture	+	24060749	0	1	20166	1	0	32480	other	0
SEE_10_64_MR	877	Picture	low_L054	24080915	0	1	30166	1	0	30000	other	0
SEE_10_64_MR	878	Picture	+	24111247	0	1	20166	1	0	33320	other	0
SEE_10_64_MR	879	Picture	hi_L002	24131413	0	1	30166	1	0	30000	other	0
SEE_10_64_MR	880	Picture	+	24161746	0	1	80831	1	0	next	other	0
SEE_10_64_MR	881	Sound	low089a	24181747	0	1			0		other	0
SEE_10_64_MR	882	Picture	500+	24242577	0	1	5167	1	0	5000	other	0
SEE_10_64_MR	883	Picture	hi_P033	24247743	0	1	30166	1	0	30000	other	0
SEE_10_64_MR	884	Picture	+	24278075	0	1	63165	1	0	next	other	0
SEE_10_64_MR	885	Sound	low089b	24278076	0	1			0		other	0
SEE_10_64_MR	886	Picture	500+	24341240	0	1	5167	1	0	5000	other	0
SEE_10_64_MR	887	Picture	low_L125	24346573	0	1	30166	1	0	30000	other	0
SEE_10_64_MR	888	Picture	+	24376906	0	1	20166	1	0	41740	other	0
SEE_10_64_MR	889	Picture	low_L157	24397072	0	1	30166	1	0	30000	other	0
SEE_10_64_MR	890	Picture	+	24427404	0	1	20166	1	0	34600	other	0
SEE_10_64_MR	891	Picture	hi_A018	24447570	0	1	30166	1	0	30000	other	0
SEE_10_64_MR	892	Picture	+	24477902	0	1	84331	1	0	next	other	0
SEE_10_64_MR	893	Sound	low036a	24497903	0	1			0		other	0
SEE_10_64_MR	894	Picture	500+	24562233	0	1	5167	1	0	5000	other	0
SEE_10_64_MR	895	Picture	low_F056	24567400	0	1	30166	1	0	30000	other	0
SEE_10_64_MR	896	Picture	+	24597565	0	1	66831	1	0	next	other	0
SEE_10_64_MR	897	Sound	low036b	24597566	0	1			0		other	0
SEE_10_64_MR	898	Picture	500+	24664397	0	1	5166	1	0	5000	other	0
SEE_10_64_MR	899	Picture	hi_A085	24669563	0	1	30166	1	0	30000	other	0
SEE_10_64_MR	900	Picture	+	24699896	0	1	20166	1	0	31290	other	0
SEE_10_64_MR	901	Picture	hi_A021	24720062	0	1	30166	1	0	30000	other	0
SEE_10_64_MR	902	Picture	+	24750394	0	1	20166	1	0	37130	other	0
SEE_10_64_MR	903	Picture	low_F214	24770560	0	1	30166	1	0	30000	other	0
SEE_10_64_MR	904	Picture	+	24800892	0	1	77164	1	0	next	other	0
SEE_10_64_MR	905	Sound	low344a	24820893	0	1			0		other	0
SEE_10_64_MR	906	Picture	500+	24878057	0	1	5167	1	0	5000	other	0
SEE_10_64_MR	907	Picture	hi_A059	24883390	0	1	30166	1	0	30000	other	0
SEE_10_64_MR	908	Picture	+	24913722	0	1	67498	1	0	next	other	0
SEE_10_64_MR	909	Sound	low344b	24913723	0	1			0		other	0
SEE_10_64_MR	910	Picture	500+	24981220	0	1	5167	1	0	5000	other	0
SEE_10_64_MR	911	Picture	low_L166	24986387	0	1	30166	1	0	30000	other	0
SEE_10_64_MR	912	Picture	+	25016719	0	1	20166	1	0	35280	other	0
SEE_10_64_MR	913	Picture	hi_F277	25036885	0	1	30166	1	0	30000	other	0
SEE_10_64_MR	914	Picture	+	25067218	0	1	20166	1	0	34980	other	0
SEE_10_64_MR	915	Picture	low_P108	25087384	0	1	30166	1	0	30000	other	0
SEE_10_64_MR	916	Picture	+	25117716	0	1	76998	1	0	next	other	0
SEE_10_64_MR	917	Sound	hi252a	25137717	0	1			0		other	0
SEE_10_64_MR	918	Picture	500+	25194714	0	1	5166	1	0	5000	other	0
SEE_10_64_MR	919	Picture	hi_P020	25199880	0	1	30166	1	0	30000	other	0
SEE_10_64_MR	920	Picture	+	25230046	0	1	65165	1	0	next	other	0
SEE_10_64_MR	921	Sound	hi252b	25230046	0	1			0		other	0
SEE_10_64_MR	922	Picture	500+	25295210	0	1	5167	1	0	5000	other	0
SEE_10_64_MR	923	Picture	low_F042	25300377	0	1	30166	1	0	30000	other	0
SEE_10_64_MR	924	Picture	+	25330709	0	1	20166	1	0	30270	other	0
SEE_10_64_MR	925	Picture	low_L071	25350875	0	1	30166	1	0	30000	other	0
SEE_10_64_MR	926	Picture	+	25381208	0	1	20166	1	0	44890	other	0
SEE_10_64_MR	927	Picture	hi_O004	25401374	0	1	30166	1	0	30000	other	0
SEE_10_64_MR	928	Picture	+	25431706	0	1	85831	1	0	next	other	0
SEE_10_64_MR	929	Sound	low277a	25451707	0	2			0		other	0
SEE_10_64_MR	930	Picture	500+	25517537	0	1	5166	1	0	5000	other	0
SEE_10_64_MR	931	Picture	low_L168	25522870	0	1	30166	1	0	30000	other	0
SEE_10_64_MR	932	Picture	+	25553036	0	1	68498	1	0	next	other	0
SEE_10_64_MR	933	Sound	low277b	25553036	0	1			0		other	0
SEE_10_64_MR	934	Picture	500+	25621534	0	1	5167	1	0	5000	other	0
SEE_10_64_MR	935	Picture	hi_P037	25626700	0	1	30166	1	0	30000	other	0
SEE_10_64_MR	936	Picture	+	25657032	0	1	20166	1	0	34910	other	0
SEE_10_64_MR	937	Picture	hi_A062	25677198	0	1	30166	1	0	30000	other	0
SEE_10_64_MR	938	Picture	+	25707531	0	1	20166	1	0	33320	other	0
SEE_10_64_MR	939	Picture	low_A182	25727697	0	1	30166	1	0	30000	other	0
SEE_10_64_MR	940	Picture	+	25758029	0	1	89664	1	0	next	other	0
SEE_10_64_MR	941	Sound	hi202a	25778030	0	1			0		other	0
SEE_10_64_MR	942	Picture	500+	25847693	0	1	5167	1	0	5000	other	0
SEE_10_64_MR	943	Picture	hi_P015	25852860	0	1	30166	1	0	30000	other	0
SEE_10_64_MR	944	Picture	+	25883025	0	1	67498	1	0	next	other	0
SEE_10_64_MR	945	Sound	hi202b	25883026	0	1			0		other	0
SEE_10_64_MR	946	Picture	500+	25950523	0	1	5166	1	0	5000	other	0
SEE_10_64_MR	947	Picture	low_L178	25955690	0	1	30166	1	0	30000	other	0
SEE_10_64_MR	948	Picture	+	25986022	0	1	20166	1	0	32690	other	0
SEE_10_64_MR	949	Picture	hi_P032	26006188	0	1	30166	1	0	30000	other	0
SEE_10_64_MR	950	Picture	+	26036521	0	1	20166	1	0	35720	other	0
SEE_10_64_MR	951	Picture	low_P048	26056687	0	1	30166	1	0	30000	other	0
SEE_10_64_MR	952	Picture	+	26087019	0	1	89664	1	0	next	other	0
SEE_10_64_MR	953	Sound	hi241a	26107020	0	1			0		other	0
SEE_10_64_MR	954	Picture	500+	26176683	0	1	5167	1	0	5000	other	0
SEE_10_64_MR	955	Picture	hi_A032	26182016	0	1	30166	1	0	30000	other	0
SEE_10_64_MR	956	Picture	+	26212349	0	1	65165	1	0	next	other	0
SEE_10_64_MR	957	Sound	hi241b	26212349	0	1			0		other	0
SEE_10_64_MR	958	Picture	500+	26277513	0	1	5166	1	0	5000	other	0
SEE_10_64_MR	959	Picture	low_L117	26282680	0	1	30166	1	0	30000	other	0
SEE_10_64_MR	960	Picture	+	26313012	0	1	20166	1	0	30220	other	0
SEE_10_64_MR	961	Picture	hi_P216	26333178	0	1	30166	1	0	30000	other	0
SEE_10_64_MR	962	Picture	+	26363510	0	1	20166	1	0	44240	other	0
SEE_10_64_MR	963	Picture	low_L034	26383677	0	1	30166	1	0	30000	other	0
SEE_10_64_MR	964	Picture	+	26414009	0	1	87497	1	0	next	other	0
SEE_10_64_MR	965	Sound	low281a	26434010	0	1			0		other	0
SEE_10_64_MR	966	Picture	500+	26501506	0	1	5167	1	0	5000	other	0
SEE_10_64_MR	967	Picture	low_P104	26506839	0	1	30166	1	0	30000	other	0
SEE_10_64_MR	968	Picture	+	26537005	0	1	65498	1	0	next	other	0
SEE_10_64_MR	969	Sound	low281b	26537006	0	1			0		other	0
SEE_10_64_MR	970	Picture	500+	26602503	0	1	5167	1	0	5000	other	0
SEE_10_64_MR	971	Picture	hi_A042	26607670	0	1	30166	1	0	30000	other	0
SEE_10_64_MR	972	Picture	+	26638002	0	1	20166	1	0	34740	other	0
SEE_10_64_MR	973	Picture	low_F129	26658168	0	1	30166	1	0	30000	other	0
SEE_10_64_MR	974	Picture	+	26688500	0	1	20166	1	0	38980	other	0
SEE_10_64_MR	975	Picture	hi_F367	26708666	0	1	30166	1	0	30000	other	0
SEE_10_64_MR	976	Picture	+	26738999	0	1	81497	1	0	next	other	0
SEE_10_64_MR	977	Sound	hi103a	26759000	0	1			0		other	0
SEE_10_64_MR	978	Picture	500+	26820496	0	1	5167	1	0	5000	other	0
SEE_10_64_MR	979	Picture	low_F089	26825663	0	1	30166	1	0	30000	other	0
SEE_10_64_MR	980	Picture	+	26855829	0	1	66165	1	0	next	other	0
SEE_10_64_MR	981	Sound	hi103b	26855829	0	1			0		other	0
SEE_10_64_MR	982	Picture	500+	26921993	0	1	5166	1	0	5000	other	0
SEE_10_64_MR	983	Picture	hi_F019	26927160	0	1	30166	1	0	30000	other	0
SEE_10_64_MR	984	Picture	+	26957492	0	1	20166	1	0	36570	other	0
SEE_10_64_MR	985	Picture	low_A132	26977658	0	1	30166	1	0	30000	other	0
SEE_10_64_MR	986	Picture	+	27007990	0	1	20166	1	0	37270	other	0
SEE_10_64_MR	987	Picture	hi_O013	27028156	0	1	30166	1	0	30000	other	0
SEE_10_64_MR	988	Picture	+	27058489	0	1	81164	1	0	next	other	0
SEE_10_64_MR	989	Sound	hi004a	27078490	0	1			0		other	0
SEE_10_64_MR	990	Picture	500+	27139653	0	1	5167	1	0	5000	other	0
SEE_10_64_MR	991	Picture	hi_P017	27144986	0	1	30166	1	0	30000	other	0
SEE_10_64_MR	992	Picture	+	27175319	0	1	56832	1	0	next	other	0
SEE_10_64_MR	993	Sound	hi004b	27175319	0	1			0		other	0
SEE_10_64_MR	994	Picture	500+	27232150	0	1	5166	1	0	5000	other	0
SEE_10_64_MR	995	Picture	low_A099	27237317	0	1	30166	1	0	30000	other	0
SEE_10_64_MR	996	Picture	+	27267649	0	1	20166	1	0	38340	other	0
SEE_10_64_MR	997	Picture	low_L064	27287815	0	1	30166	1	0	30000	other	0
SEE_10_64_MR	998	Picture	+	27318147	0	1	20166	1	0	41550	other	0
SEE_10_64_MR	999	Picture	hi_L007	27338313	0	1	30166	1	0	30000	other	0
SEE_10_64_MR	1000	Picture	+	27368646	0	1	85497	1	0	next	other	0
SEE_10_64_MR	1001	Sound	hi326a	27388647	0	1			0		other	0
SEE_10_64_MR	1002	Picture	500+	27454143	0	1	5166	1	0	5000	other	0
SEE_10_64_MR	1003	Picture	low_L111	27459476	0	1	30166	1	0	30000	other	0
SEE_10_64_MR	1004	Picture	+	27489642	0	1	63165	1	0	next	other	0
SEE_10_64_MR	1005	Sound	hi326b	27489643	0	1			0		other	0
SEE_10_64_MR	1006	Picture	500+	27552807	0	1	5167	1	0	5000	other	0
SEE_10_64_MR	1007	Picture	hi_P001	27557973	0	1	30166	1	0	30000	other	0
SEE_10_64_MR	1008	Picture	+	27588306	0	1	20166	1	0	42450	other	0
SEE_10_64_MR	1009	Picture	hi_A063	27608472	0	1	30166	1	0	30000	other	0
SEE_10_64_MR	1010	Picture	+	27638804	0	1	20166	1	0	41430	other	0
SEE_10_64_MR	1011	Picture	low_A167	27658970	0	1	30166	1	0	30000	other	0
SEE_10_64_MR	1012	Picture	+	27689303	0	1	84164	1	0	next	other	0
SEE_10_64_MR	1013	Sound	hi248a	27709303	0	1			0		other	0
SEE_10_64_MR	1014	Picture	500+	27773467	0	1	5166	1	0	5000	other	0
SEE_10_64_MR	1015	Picture	hi_P232	27778633	0	1	30166	1	0	30000	other	0
SEE_10_64_MR	1016	Picture	+	27808799	0	1	64998	1	0	next	other	0
SEE_10_64_MR	1017	Sound	hi248b	27808800	0	1			0		other	0
SEE_10_64_MR	1018	Picture	500+	27873797	0	1	5166	1	0	5000	other	0
SEE_10_64_MR	1019	Picture	low_P044	27878963	0	1	30166	1	0	30000	other	0
SEE_10_64_MR	1020	Picture	+	27909296	0	1	20166	1	0	39600	other	0
SEE_10_64_MR	1021	Picture	hi_P086	27929462	0	1	30166	1	0	30000	other	0
SEE_10_64_MR	1022	Picture	+	27959794	0	1	20166	1	0	42600	other	0
SEE_10_64_MR	1023	Picture	low_A114	27979960	0	1	30166	1	0	30000	other	0
SEE_10_64_MR	1024	Picture	+	28010293	0	1	81164	1	0	next	other	0
SEE_10_64_MR	1025	Sound	hi169a	28030294	0	1			0		other	0
SEE_10_64_MR	1026	Picture	500+	28091457	0	1	5166	1	0	5000	other	0
SEE_10_64_MR	1027	Picture	low_F045	28096790	0	1	30166	1	0	30000	other	0
SEE_10_64_MR	1028	Picture	+	28126956	0	1	63831	1	0	next	other	0
SEE_10_64_MR	1029	Sound	hi169b	28126956	0	1			0		other	0
SEE_10_64_MR	1030	Picture	500+	28190787	0	1	5166	1	0	5000	other	0
SEE_10_64_MR	1031	Picture	hi_P214	28196120	0	1	30166	1	0	30000	other	0
SEE_10_64_MR	1032	Picture	+	28226453	0	1	20166	1	0	38130	other	0
SEE_10_64_MR	1033	Picture	hi_A027	28246619	0	1	30166	1	0	30000	other	0
SEE_10_64_MR	1034	Picture	+	28276951	0	1	20166	1	0	35220	other	0
SEE_10_64_MR	1035	Picture	low_L172	28297117	0	1	30166	1	0	30000	other	0
SEE_10_64_MR	1036	Picture	+	28327449	0	1	87497	1	0	next	other	0
SEE_10_64_MR	1037	Sound	low276a	28347450	0	1			0		other	0
SEE_10_64_MR	1038	Picture	500+	28414947	0	1	5166	1	0	5000	other	0
SEE_10_64_MR	1039	Picture	low_L130	28420113	0	1	30166	1	0	30000	other	0
SEE_10_64_MR	1040	Picture	+	28450446	0	1	66165	1	0	next	other	0
SEE_10_64_MR	1041	Sound	low276b	28450446	0	1			0		other	0
SEE_10_64_MR	1042	Picture	500+	28516610	0	1	5166	1	0	5000	other	0
SEE_10_64_MR	1043	Picture	hi_P034	28521777	0	1	30166	1	0	30000	other	0
SEE_10_64_MR	1044	Picture	+	28552109	0	1	20166	1	0	40550	other	0
SEE_10_64_MR	1045	Picture	hi_A011	28572275	0	1	30166	1	0	30000	other	0
SEE_10_64_MR	1046	Picture	+	28602607	0	1	20166	1	0	43470	other	0
SEE_10_64_MR	1047	Picture	low_P179	28622773	0	1	30166	1	0	30000	other	0
SEE_10_64_MR	1048	Picture	+	28653106	0	1	85164	1	0	next	other	0
SEE_10_64_MR	1049	Sound	low088a	28673107	0	1			0		other	0
SEE_10_64_MR	1050	Picture	500+	28738270	0	1	5166	1	0	5000	other	0
SEE_10_64_MR	1051	Picture	hi_A007	28743436	0	1	30166	1	0	30000	other	0
SEE_10_64_MR	1052	Picture	+	28773602	0	1	64831	1	0	next	other	0
SEE_10_64_MR	1053	Sound	low088b	28773603	0	1			0		other	0
SEE_10_64_MR	1054	Picture	500+	28838433	0	1	5167	1	0	5000	other	0
SEE_10_64_MR	1055	Picture	low_L121	28843600	0	1	30166	1	0	30000	other	0
SEE_10_64_MR	1056	Picture	+	28873932	0	1	20166	1	0	43550	other	0
SEE_10_64_MR	1057	Picture	hi_P006	28894098	0	1	30166	1	0	30000	other	0
SEE_10_64_MR	1058	Picture	+	28924431	0	1	20166	1	0	30700	other	0
SEE_10_64_MR	1059	Picture	low_L055	28944597	0	1	30166	1	0	30000	other	0
SEE_10_64_MR	1060	Picture	+	28974929	0	1	86331	1	0	next	other	0
SEE_10_64_MR	1061	Sound	hi310a	28994930	0	1			0		other	0
SEE_10_64_MR	1062	Picture	500+	29061260	0	1	5166	1	0	5000	other	0
SEE_10_64_MR	1063	Picture	low_A126	29066426	0	1	30166	1	0	30000	other	0
SEE_10_64_MR	1064	Picture	+	29096592	0	1	62498	1	0	next	other	0
SEE_10_64_MR	1065	Sound	hi310b	29096593	0	1			0		other	0
SEE_10_64_MR	1066	Picture	500+	29159090	0	1	5166	1	0	5000	other	0
SEE_10_64_MR	1067	Picture	hi_A037	29164257	0	1	30166	1	0	30000	other	0
SEE_10_64_MR	1068	Picture	+	29194589	0	1	20166	1	0	40570	other	0
SEE_10_64_MR	1069	Picture	hi_F295	29214755	0	1	30166	1	0	30000	other	0
SEE_10_64_MR	1070	Picture	+	29245087	0	1	20166	1	0	30590	other	0
SEE_10_64_MR	1071	Picture	low_P105	29265253	0	1	30166	1	0	30000	other	0
SEE_10_64_MR	1072	Picture	+	29295586	0	1	84164	1	0	next	other	0
SEE_10_64_MR	1073	Sound	hi245a	29315587	0	2			0		other	0
SEE_10_64_MR	1074	Picture	500+	29379750	0	1	5166	1	0	5000	other	0
SEE_10_64_MR	1075	Picture	low_L158	29384916	0	1	30166	1	0	30000	other	0
SEE_10_64_MR	1076	Picture	+	29415082	0	1	65831	1	0	next	other	0
SEE_10_64_MR	1077	Sound	hi245b	29415083	0	1			0		other	0
SEE_10_64_MR	1078	Picture	500+	29480913	0	1	5166	1	0	5000	other	0
SEE_10_64_MR	1079	Picture	hi_A013	29486080	0	1	30166	1	0	30000	other	0
SEE_10_64_MR	1080	Picture	+	29516412	0	1	20166	1	0	35460	other	0
SEE_10_64_MR	1081	Picture	hi_P198	29536578	0	1	30166	1	0	30000	other	0
SEE_10_64_MR	1082	Picture	+	29566911	0	1	20166	1	0	38170	other	0
SEE_10_64_MR	1083	Picture	low_L148	29587077	0	1	30166	1	0	30000	other	0
SEE_10_64_MR	1084	Picture	+	29617409	0	1	88497	1	0	next	other	0
SEE_10_64_MR	1085	Sound	low351a	29637410	0	1			0		other	0
SEE_10_64_MR	1086	Picture	500+	29705906	0	1	5167	1	0	5000	other	0
SEE_10_64_MR	1087	Picture	low_L051	29711240	0	1	30166	1	0	30000	other	0
SEE_10_64_MR	1088	Picture	+	29741405	0	1	69331	1	0	next	other	0
SEE_10_64_MR	1089	Sound	low351b	29741406	0	1			0		other	0
SEE_10_64_MR	1090	Picture	500+	29810737	0	1	5166	1	0	5000	other	0
SEE_10_64_MR	1091	Picture	hi_L026	29815903	0	1	30166	1	0	30000	other	0
SEE_10_64_MR	1092	Picture	+	29846235	0	1	20166	1	0	40940	other	0
SEE_10_64_MR	1093	Picture	low_L183	29866401	0	1	30166	1	0	30000	other	0
SEE_10_64_MR	1094	Picture	+	29896734	0	1	20166	1	0	40080	other	0
SEE_10_64_MR	1095	Picture	hi_P200	29916900	0	1	30166	1	0	30000	other	0
SEE_10_64_MR	1096	Picture	+	29947232	0	1	83664	1	0	next	other	0
SEE_10_64_MR	1097	Sound	hi154a	29967233	0	1			0		other	0
SEE_10_64_MR	1098	Picture	500+	30030896	0	1	5167	1	0	5000	other	0
SEE_10_64_MR	1099	Picture	hi_F028	30036063	0	1	30166	1	0	30000	other	0
SEE_10_64_MR	1100	Picture	+	30066229	0	1	61665	1	0	next	other	0
SEE_10_64_MR	1101	Sound	hi154b	30066229	0	1			0		other	0
SEE_10_64_MR	1102	Picture	500+	30127893	0	1	5167	1	0	5000	other	0
SEE_10_64_MR	1103	Picture	low_O099	30133060	0	1	30166	1	0	30000	other	0
SEE_10_64_MR	1104	Picture	+	30163392	0	1	20166	1	0	44780	other	0
SEE_10_64_MR	1105	Picture	low_P152	30183558	0	1	30166	1	0	30000	other	0
SEE_10_64_MR	1106	Picture	+	30213891	0	1	20166	1	0	37920	other	0
SEE_10_64_MR	1107	Picture	hi_P240	30234057	0	1	30166	1	0	30000	other	0
SEE_10_64_MR	1108	Picture	+	30264389	0	1	79831	1	0	next	other	0
SEE_10_64_MR	1109	Sound	low048a	30284390	0	1			0		other	0
SEE_10_64_MR	1110	Picture	500+	30344220	0	1	5166	1	0	5000	other	0
SEE_10_64_MR	1111	Picture	hi_P028	30349553	0	1	30166	1	0	30000	other	0
SEE_10_64_MR	1112	Picture	+	30379719	0	1	56165	1	0	next	other	0
SEE_10_64_MR	1113	Sound	low048b	30379719	0	1			0		other	0
SEE_10_64_MR	1114	Picture	500+	30435884	0	1	5167	1	0	5000	other	0
SEE_10_64_MR	1115	Picture	low_L131	30441217	0	1	30166	1	0	30000	other	0
SEE_10_64_MR	1116	Picture	+	30471549	0	1	20166	1	0	44990	other	0
SEE_10_64_MR	1117	Picture	low_L065	30491715	0	1	30166	1	0	30000	other	0
SEE_10_64_MR	1118	Picture	+	30522048	0	1	20166	1	0	42290	other	0
SEE_10_64_MR	1119	Picture	hi_P008	30542214	0	1	30166	1	0	30000	other	0
SEE_10_64_MR	1120	Picture	+	30572546	0	1	76664	1	0	next	other	0
SEE_10_64_MR	1121	Sound	low350a	30592547	0	1			0		other	0
SEE_10_64_MR	1122	Picture	500+	30649210	0	1	5167	1	0	5000	other	0
SEE_10_64_MR	1123	Picture	low_A131	30654377	0	1	30166	1	0	30000	other	0
SEE_10_64_MR	1124	Picture	+	30684709	0	1	68331	1	0	next	other	0
SEE_10_64_MR	1125	Sound	low350b	30684710	0	1			0		other	0
SEE_10_64_MR	1126	Picture	500+	30753041	0	1	5166	1	0	5000	other	0
SEE_10_64_MR	1127	Picture	hi_A041	30758207	0	1	30166	1	0	30000	other	0
SEE_10_64_MR	1128	Picture	+	30788539	0	1	20166	1	0	42430	other	0
SEE_10_64_MR	1129	Picture	low_A090	30808705	0	1	30166	1	0	30000	other	0
SEE_10_64_MR	1130	Picture	+	30839038	0	1	20166	1	0	42000	other	0
SEE_10_64_MR	1131	Picture	hi_A061	30859204	0	1	30166	1	0	30000	other	0
SEE_10_64_MR	1132	Picture	+	30889536	0	1	78664	1	0	next	other	0
SEE_10_64_MR	1133	Sound	low087a	30909537	0	1			0		other	0
SEE_10_64_MR	1134	Picture	500+	30968200	0	1	5167	1	0	5000	other	0
SEE_10_64_MR	1135	Picture	low_A184	30973367	0	1	30166	1	0	30000	other	0
SEE_10_64_MR	1136	Picture	+	31003533	0	1	56498	1	0	next	other	0
SEE_10_64_MR	1137	Sound	low087b	31003533	0	1			0		other	0
SEE_10_64_MR	1138	Picture	500+	31060031	0	1	5167	1	0	5000	other	0
SEE_10_64_MR	1139	Picture	hi_P098	31065197	0	1	30166	1	0	30000	other	0
SEE_10_64_MR	1140	Picture	+	31095530	0	1	20166	1	0	44700	other	0
SEE_10_64_MR	1141	Picture	low_A100	31115696	0	1	30166	1	0	30000	other	0
SEE_10_64_MR	1142	Picture	+	31146028	0	1	20166	1	0	35750	other	0
SEE_10_64_MR	1143	Picture	hi_P144	31166194	0	1	30166	1	0	30000	other	0
SEE_10_64_MR	1144	Picture	+	31196527	0	1	88331	1	0	next	other	0
SEE_10_64_MR	1145	Sound	low341a	31216528	0	1			0		other	0
SEE_10_64_MR	1146	Picture	500+	31284857	0	1	5167	1	0	5000	other	0
SEE_10_64_MR	1147	Picture	low_O220	31290024	0	1	30166	1	0	30000	other	0
SEE_10_64_MR	1148	Picture	+	31320190	0	1	67331	1	0	next	other	0
SEE_10_64_MR	1149	Sound	low341b	31320190	0	1			0		other	0
SEE_10_64_MR	1150	Picture	500+	31387521	0	1	5166	1	0	5000	other	0
SEE_10_64_MR	1151	Picture	hi_A039	31392687	0	1	30166	1	0	30000	other	0
SEE_10_64_MR	1152	Picture	+	31423020	0	1	20166	1	0	30760	other	0
SEE_10_64_MR	1153	Picture	hi_A012	31443186	0	1	30166	1	0	30000	other	0
SEE_10_64_MR	1154	Picture	+	31473518	0	1	20166	1	0	38070	other	0
SEE_10_64_MR	1155	Picture	low_A152	31493684	0	1	30166	1	0	30000	other	0
SEE_10_64_MR	1156	Picture	+	31524017	0	1	78664	1	0	next	other	0
SEE_10_64_MR	1157	Sound	low024a	31544017	0	1			0		other	0
SEE_10_64_MR	1158	Picture	500+	31602681	0	1	5166	1	0	5000	other	0
SEE_10_64_MR	1159	Picture	low_P116	31608014	0	1	30166	1	0	30000	other	0
SEE_10_64_MR	1160	Picture	+	31638346	0	1	60331	1	0	next	other	0
SEE_10_64_MR	1161	Sound	low024b	31638347	0	1			0		other	0
SEE_10_64_MR	1162	Picture	500+	31698678	0	1	5167	1	0	5000	other	0
SEE_10_64_MR	1163	Picture	hi_P221	31703844	0	1	30166	1	0	30000	other	0
SEE_10_64_MR	1164	Picture	+	31734177	0	1	20166	1	0	44050	other	0
SEE_10_64_MR	1165	Picture	hi_P222	31754343	0	1	30166	1	0	30000	other	0
SEE_10_64_MR	1166	Picture	+	31784675	0	1	20166	1	0	39500	other	0
SEE_10_64_MR	1167	Picture	low_L153	31804841	0	1	30166	1	0	30000	other	0
SEE_10_64_MR	1168	Picture	+	31835173	0	1	75331	1	0	next	other	0
SEE_10_64_MR	1169	Sound	low085a	31855174	0	1			0		other	0
SEE_10_64_MR	1170	Picture	500+	31910505	0	1	5167	1	0	5000	other	0
SEE_10_64_MR	1171	Picture	hi_F291	31915671	0	1	30166	1	0	30000	other	0
SEE_10_64_MR	1172	Picture	+	31946003	0	1	61331	1	0	next	other	0
SEE_10_64_MR	1173	Sound	low085b	31946004	0	1			0		other	0
SEE_10_64_MR	1174	Picture	500+	32007335	0	1	5166	1	0	5000	other	0
SEE_10_64_MR	1175	Picture	low_P115	32012501	0	1	30166	1	0	30000	other	0
SEE_10_64_MR	1176	Picture	+	32042834	0	1	20166	1	0	36850	other	0
SEE_10_64_MR	1177	Picture	hi_F290	32063000	0	1	30166	1	0	30000	other	0
SEE_10_64_MR	1178	Picture	+	32093332	0	1	20166	1	0	37730	other	0
SEE_10_64_MR	1179	Picture	low_F124	32113498	0	1	30166	1	0	30000	other	0
SEE_10_64_MR	1180	Picture	+	32143831	0	1	84331	1	0	next	other	0
SEE_10_64_MR	1181	Sound	hi254a	32163831	0	1			0		other	0
SEE_10_64_MR	1182	Picture	500+	32228161	0	1	5167	1	0	5000	other	0
SEE_10_64_MR	1183	Picture	low_A119	32233328	0	1	30166	1	0	30000	other	0
SEE_10_64_MR	1184	Picture	+	32263494	0	1	67831	1	0	next	other	0
SEE_10_64_MR	1185	Sound	hi254b	32263494	0	1			0		other	0
SEE_10_64_MR	1186	Picture	500+	32331325	0	1	5167	1	0	5000	other	0
SEE_10_64_MR	1187	Picture	hi_P021	32336491	0	1	30166	1	0	30000	other	0
SEE_10_64_MR	1188	Picture	+	32366824	0	1	20166	1	0	44580	other	0
SEE_10_64_MR	1189	Picture	low_P250	32386990	0	1	30166	1	0	30000	other	0
SEE_10_64_MR	1190	Picture	+	32417322	0	1	20166	1	0	31990	other	0
SEE_10_64_MR	1191	Picture	hi_F270	32437488	0	1	30166	1	0	30000	other	0
SEE_10_64_MR	1192	Picture	+	32467820	0	1	77498	1	0	next	other	0
SEE_10_64_MR	1193	Sound	low358a	32487821	0	1			0		other	0
SEE_10_64_MR	1194	Picture	500+	32545318	0	1	5167	1	0	5000	other	0
SEE_10_64_MR	1195	Picture	low_F244	32550651	0	1	30166	1	0	30000	other	0
SEE_10_64_MR	1196	Picture	+	32580817	0	1	58998	1	0	next	other	0
SEE_10_64_MR	1197	Sound	low358b	32580818	0	1			0		other	0
SEE_10_64_MR	1198	Picture	500+	32639815	0	1	5166	1	0	5000	other	0
SEE_10_64_MR	1199	Picture	hi_O007	32644982	0	1	30166	1	0	30000	other	0
SEE_10_64_MR	1200	Picture	+	32675314	0	1	20166	1	0	42150	other	0
SEE_10_64_MR	1201	Picture	low_P064	32695480	0	1	30166	1	0	30000	other	0
SEE_10_64_MR	1202	Picture	+	32725812	0	1	20166	1	0	37420	other	0
SEE_10_64_MR	1203	Picture	hi_P009	32745979	0	1	30166	1	0	30000	other	0
SEE_10_64_MR	1204	Picture	+	32776311	0	1	20166	1	0	next	other	0
