Scenario - 
Logfile written - 03/11/2016 15:26:20

Subject	Trial	Event Type	Code	Time	TTime	Uncertainty	Duration	Uncertainty	ReqTime	ReqDur	Stim Type	Pair Index

SEE_06_64_FR	1	Response	0	1033491	1033341	1
SEE_06_64_FR	4	Picture	+	1073973	0	1	58332	1	0	next	other	0
SEE_06_64_FR	5	Sound	hi319a	1073974	0	1			0		other	0
SEE_06_64_FR	6	Picture	500+	1132305	0	1	5167	1	0	5000	other	0
SEE_06_64_FR	7	Picture	low_L041	1137472	0	1	30166	1	0	30000	other	0
SEE_06_64_FR	8	Picture	+	1167638	0	1	60998	1	0	next	other	0
SEE_06_64_FR	9	Sound	hi319b	1167638	0	2			0		other	0
SEE_06_64_FR	10	Picture	500+	1228636	0	1	5167	1	0	5000	other	0
SEE_06_64_FR	11	Picture	hi_P008	1233803	0	1	30166	1	0	30000	other	0
SEE_06_64_FR	12	Picture	+	1264135	0	1	20166	1	0	37980	other	0
SEE_06_64_FR	13	Picture	hi_A050	1284301	0	1	30166	1	0	30000	other	0
SEE_06_64_FR	14	Picture	+	1314634	0	1	20166	1	0	43190	other	0
SEE_06_64_FR	15	Picture	low_P152	1334800	0	1	30166	1	0	30000	other	0
SEE_06_64_FR	16	Picture	+	1365133	0	1	89331	1	0	next	other	0
SEE_06_64_FR	17	Sound	hi241a	1385133	0	1			0		other	0
SEE_06_64_FR	18	Picture	500+	1454464	0	1	5167	1	0	5000	other	0
SEE_06_64_FR	19	Picture	low_L021	1459630	0	1	30166	1	0	30000	other	0
SEE_06_64_FR	20	Picture	+	1489796	0	1	69332	1	0	next	other	0
SEE_06_64_FR	21	Sound	hi241b	1489797	0	1			0		other	0
SEE_06_64_FR	22	Picture	500+	1559128	0	1	5167	1	0	5000	other	0
SEE_06_64_FR	23	Picture	hi_A039	1564294	0	1	30166	1	0	30000	other	0
SEE_06_64_FR	24	Picture	+	1594627	0	1	20166	1	0	32710	other	0
SEE_06_64_FR	25	Picture	hi_P021	1614793	0	1	30166	1	0	30000	other	0
SEE_06_64_FR	26	Picture	+	1645126	0	1	20166	1	0	40190	other	0
SEE_06_64_FR	27	Picture	low_F358	1665292	0	1	30166	1	0	30000	other	0
SEE_06_64_FR	28	Picture	+	1695624	0	1	85331	1	0	next	other	0
SEE_06_64_FR	29	Sound	low024a	1715625	0	1			0		other	0
SEE_06_64_FR	30	Picture	500+	1780956	0	1	5167	1	0	5000	other	0
SEE_06_64_FR	31	Picture	low_L034	1786122	0	1	30166	1	0	30000	other	0
SEE_06_64_FR	32	Picture	+	1816455	0	1	66665	1	0	next	other	0
SEE_06_64_FR	33	Sound	low024b	1816455	0	1			0		other	0
SEE_06_64_FR	34	Picture	500+	1883120	0	1	5166	1	0	5000	other	0
SEE_06_64_FR	35	Picture	hi_F164	1888286	0	1	30166	1	0	30000	other	0
SEE_06_64_FR	36	Picture	+	1918619	0	1	20166	1	0	31320	other	0
SEE_06_64_FR	37	Picture	hi_P128	1938785	0	1	30166	1	0	30000	other	0
SEE_06_64_FR	38	Picture	+	1969118	0	1	20166	1	0	37900	other	0
SEE_06_64_FR	39	Picture	low_A139	1989284	0	1	30166	1	0	30000	other	0
SEE_06_64_FR	40	Picture	+	2019616	0	1	78331	1	0	next	other	0
SEE_06_64_FR	41	Sound	hi103a	2039617	0	1			0		other	0
SEE_06_64_FR	42	Picture	500+	2097948	0	1	5167	1	0	5000	other	0
SEE_06_64_FR	43	Picture	hi_P246	2103114	0	1	30166	1	0	30000	other	0
SEE_06_64_FR	44	Picture	+	2133280	0	1	64332	1	0	next	other	0
SEE_06_64_FR	45	Sound	hi103b	2133281	0	1			0		other	0
SEE_06_64_FR	46	Picture	500+	2197612	0	1	5167	1	0	5000	other	0
SEE_06_64_FR	47	Picture	low_A128	2202945	0	1	30166	1	0	30000	other	0
SEE_06_64_FR	48	Picture	+	2233278	0	1	20166	1	0	38110	other	0
SEE_06_64_FR	49	Picture	low_L178	2253444	0	1	30166	1	0	30000	other	0
SEE_06_64_FR	50	Picture	+	2283776	0	1	20166	1	0	30390	other	0
SEE_06_64_FR	51	Picture	hi_F290	2303943	0	1	30166	1	0	30000	other	0
SEE_06_64_FR	52	Picture	+	2334275	0	1	86331	1	0	next	other	0
SEE_06_64_FR	53	Sound	low281a	2354276	0	1			0		other	0
SEE_06_64_FR	54	Picture	500+	2420606	0	1	5166	1	0	5000	other	0
SEE_06_64_FR	55	Picture	hi_P029	2425773	0	1	30166	1	0	30000	other	0
SEE_06_64_FR	56	Picture	+	2455939	0	1	62332	1	0	next	other	0
SEE_06_64_FR	57	Sound	low281b	2455940	0	2			0		other	0
SEE_06_64_FR	58	Picture	500+	2518271	0	1	5167	1	0	5000	other	0
SEE_06_64_FR	59	Picture	low_O325	2523437	0	1	30166	1	0	30000	other	0
SEE_06_64_FR	60	Picture	+	2553770	0	1	20166	1	0	35930	other	0
SEE_06_64_FR	61	Picture	hi_A013	2573936	0	1	30166	1	0	30000	other	0
SEE_06_64_FR	62	Picture	+	2604269	0	1	20166	1	0	32140	other	0
SEE_06_64_FR	63	Picture	low_F052	2624435	0	1	30166	1	0	30000	other	0
SEE_06_64_FR	64	Picture	+	2654767	0	1	89664	1	0	next	other	0
SEE_06_64_FR	65	Sound	low038a	2674768	0	1			0		other	0
SEE_06_64_FR	66	Picture	500+	2744432	0	1	5167	1	0	5000	other	0
SEE_06_64_FR	67	Picture	low_F129	2749598	0	1	30166	1	0	30000	other	0
SEE_06_64_FR	68	Picture	+	2779764	0	1	57832	1	0	next	other	0
SEE_06_64_FR	69	Sound	low038b	2779765	0	1			0		other	0
SEE_06_64_FR	70	Picture	500+	2837596	0	1	5167	1	0	5000	other	0
SEE_06_64_FR	71	Picture	hi_O004	2842929	0	1	30166	1	0	30000	other	0
SEE_06_64_FR	72	Picture	+	2873262	0	1	20166	1	0	39680	other	0
SEE_06_64_FR	73	Picture	hi_A001	2893428	0	1	30166	1	0	30000	other	0
SEE_06_64_FR	74	Picture	+	2923761	0	1	20166	1	0	33050	other	0
SEE_06_64_FR	75	Picture	low_A192	2943927	0	1	30166	1	0	30000	other	0
SEE_06_64_FR	76	Picture	+	2974259	0	1	77331	1	0	next	other	0
SEE_06_64_FR	77	Sound	hi310a	2994260	0	1			0		other	0
SEE_06_64_FR	78	Picture	500+	3051591	0	1	5167	1	0	5000	other	0
SEE_06_64_FR	79	Picture	hi_L005	3056757	0	1	30166	1	0	30000	other	0
SEE_06_64_FR	80	Picture	+	3086923	0	1	60332	1	0	next	other	0
SEE_06_64_FR	81	Sound	hi310b	3086924	0	1			0		other	0
SEE_06_64_FR	82	Picture	500+	3147255	0	1	5167	1	0	5000	other	0
SEE_06_64_FR	83	Picture	low_F203	3152422	0	1	30166	1	0	30000	other	0
SEE_06_64_FR	84	Picture	+	3182754	0	1	20166	1	0	34530	other	0
SEE_06_64_FR	85	Picture	low_F098	3202920	0	1	30166	1	0	30000	other	0
SEE_06_64_FR	86	Picture	+	3233253	0	1	20166	1	0	43690	other	0
SEE_06_64_FR	87	Picture	hi_P200	3253419	0	1	30166	1	0	30000	other	0
SEE_06_64_FR	88	Picture	+	3283752	0	1	88164	1	0	next	other	0
SEE_06_64_FR	89	Sound	low282a	3303753	0	1			0		other	0
SEE_06_64_FR	90	Picture	500+	3371916	0	1	5167	1	0	5000	other	0
SEE_06_64_FR	91	Picture	low_A123	3377083	0	1	30166	1	0	30000	other	0
SEE_06_64_FR	92	Picture	+	3407248	0	1	60665	1	0	next	other	0
SEE_06_64_FR	93	Sound	low282b	3407249	0	1			0		other	0
SEE_06_64_FR	94	Picture	500+	3467914	0	1	5167	1	0	5000	other	0
SEE_06_64_FR	95	Picture	hi_P016	3473080	0	1	30166	1	0	30000	other	0
SEE_06_64_FR	96	Picture	+	3503413	0	1	20166	1	0	40450	other	0
SEE_06_64_FR	97	Picture	low_O326	3523579	0	1	30166	1	0	30000	other	0
SEE_06_64_FR	98	Picture	+	3553912	0	1	20166	1	0	40090	other	0
SEE_06_64_FR	99	Picture	hi_A077	3574078	0	1	30166	1	0	30000	other	0
SEE_06_64_FR	100	Picture	+	3604410	0	1	75165	1	0	next	other	0
SEE_06_64_FR	101	Sound	low179a	3624411	0	1			0		other	0
SEE_06_64_FR	102	Picture	500+	3679575	0	1	5167	1	0	5000	other	0
SEE_06_64_FR	103	Picture	low_A194	3684742	0	1	30166	1	0	30000	other	0
SEE_06_64_FR	104	Picture	+	3714908	0	1	65498	1	0	next	other	0
SEE_06_64_FR	105	Sound	low179b	3714908	0	1			0		other	0
SEE_06_64_FR	106	Picture	500+	3780406	0	1	5167	1	0	5000	other	0
SEE_06_64_FR	107	Picture	hi_P020	3785739	0	1	30166	1	0	30000	other	0
SEE_06_64_FR	108	Picture	+	3816072	0	1	20166	1	0	36470	other	0
SEE_06_64_FR	109	Picture	low_F138	3836238	0	1	30166	1	0	30000	other	0
SEE_06_64_FR	110	Picture	+	3866571	0	1	20166	1	0	31020	other	0
SEE_06_64_FR	111	Picture	hi_A030	3886737	0	1	30166	1	0	30000	other	0
SEE_06_64_FR	112	Picture	+	3917069	0	1	83831	1	0	next	other	0
SEE_06_64_FR	113	Sound	hi314a	3937070	0	1			0		other	0
SEE_06_64_FR	114	Picture	500+	4000901	0	1	5167	1	0	5000	other	0
SEE_06_64_FR	115	Picture	hi_L002	4006067	0	1	30166	1	0	30000	other	0
SEE_06_64_FR	116	Picture	+	4036400	0	1	55499	1	0	next	other	0
SEE_06_64_FR	117	Sound	hi314b	4036400	0	1			0		other	0
SEE_06_64_FR	118	Picture	500+	4091898	0	1	5167	1	0	5000	other	0
SEE_06_64_FR	119	Picture	low_L138	4097231	0	1	30166	1	0	30000	other	0
SEE_06_64_FR	120	Picture	+	4127564	0	1	20166	1	0	38640	other	0
SEE_06_64_FR	121	Picture	low_L125	4147730	0	1	30166	1	0	30000	other	0
SEE_06_64_FR	122	Picture	+	4178063	0	1	20166	1	0	42540	other	0
SEE_06_64_FR	123	Picture	hi_A061	4198229	0	1	30166	1	0	30000	other	0
SEE_06_64_FR	124	Picture	+	4228562	0	1	86164	1	0	next	other	0
SEE_06_64_FR	125	Sound	low037a	4248562	0	1			0		other	0
SEE_06_64_FR	126	Picture	500+	4314726	0	1	5167	1	0	5000	other	0
SEE_06_64_FR	127	Picture	hi_F163	4319893	0	1	30166	1	0	30000	other	0
SEE_06_64_FR	128	Picture	+	4350225	0	1	62332	1	0	next	other	0
SEE_06_64_FR	129	Sound	low037b	4350226	0	1			0		other	0
SEE_06_64_FR	130	Picture	500+	4412557	0	1	5167	1	0	5000	other	0
SEE_06_64_FR	131	Picture	low_O190	4417724	0	1	30166	1	0	30000	other	0
SEE_06_64_FR	132	Picture	+	4448056	0	1	20166	1	0	31410	other	0
SEE_06_64_FR	133	Picture	hi_P237	4468222	0	1	30166	1	0	30000	other	0
SEE_06_64_FR	134	Picture	+	4498555	0	1	20166	1	0	41300	other	0
SEE_06_64_FR	135	Picture	low_P110	4518721	0	1	30166	1	0	30000	other	0
SEE_06_64_FR	136	Picture	+	4549054	0	1	85498	1	0	next	other	0
SEE_06_64_FR	137	Sound	hi308a	4569054	0	1			0		other	0
SEE_06_64_FR	138	Picture	500+	4634551	0	1	5167	1	0	5000	other	0
SEE_06_64_FR	139	Picture	low_A221	4639718	0	1	30166	1	0	30000	other	0
SEE_06_64_FR	140	Picture	+	4669884	0	1	58165	1	0	next	other	0
SEE_06_64_FR	141	Sound	hi308b	4669885	0	1			0		other	0
SEE_06_64_FR	142	Picture	500+	4728049	0	1	5167	1	0	5000	other	0
SEE_06_64_FR	143	Picture	hi_F019	4733216	0	1	30166	1	0	30000	other	0
SEE_06_64_FR	144	Picture	+	4763548	0	1	20166	1	0	30210	other	0
SEE_06_64_FR	145	Picture	hi_P071	4783714	0	1	30166	1	0	30000	other	0
SEE_06_64_FR	146	Picture	+	4814047	0	1	20166	1	0	33360	other	0
SEE_06_64_FR	147	Picture	low_F244	4834213	0	1	30166	1	0	30000	other	0
SEE_06_64_FR	148	Picture	+	4864546	0	1	76998	1	0	next	other	0
SEE_06_64_FR	149	Sound	low341a	4884547	0	1			0		other	0
SEE_06_64_FR	150	Picture	500+	4941544	0	1	5167	1	0	5000	other	0
SEE_06_64_FR	151	Picture	low_A108	4946710	0	1	30166	1	0	30000	other	0
SEE_06_64_FR	152	Picture	+	4976876	0	1	69665	1	0	next	other	0
SEE_06_64_FR	153	Sound	low341b	4976877	0	1			0		other	0
SEE_06_64_FR	154	Picture	500+	5046541	0	1	5167	1	0	5000	other	0
SEE_06_64_FR	155	Picture	hi_A085	5051708	0	1	30166	1	0	30000	other	0
SEE_06_64_FR	156	Picture	+	5082040	0	1	20166	1	0	33990	other	0
SEE_06_64_FR	157	Picture	hi_F041	5102206	0	1	30166	1	0	30000	other	0
SEE_06_64_FR	158	Picture	+	5132539	0	1	20166	1	0	40080	other	0
SEE_06_64_FR	159	Picture	low_F343	5152705	0	1	30166	1	0	30000	other	0
SEE_06_64_FR	160	Picture	+	5183038	0	1	84165	1	0	next	other	0
SEE_06_64_FR	161	Sound	low049a	5203039	0	1			0		other	0
SEE_06_64_FR	162	Picture	500+	5267202	0	1	5167	1	0	5000	other	0
SEE_06_64_FR	163	Picture	low_L071	5272536	0	1	30166	1	0	30000	other	0
SEE_06_64_FR	164	Picture	+	5302702	0	1	68665	1	0	next	other	0
SEE_06_64_FR	165	Sound	low049b	5302702	0	1			0		other	0
SEE_06_64_FR	166	Picture	500+	5371367	0	1	5167	1	0	5000	other	0
SEE_06_64_FR	167	Picture	hi_P202	5376700	0	1	30166	1	0	30000	other	0
SEE_06_64_FR	168	Picture	+	5407032	0	1	20166	1	0	43070	other	0
SEE_06_64_FR	169	Picture	hi_F172	5427198	0	1	30166	1	0	30000	other	0
SEE_06_64_FR	170	Picture	+	5457531	0	1	20166	1	0	32730	other	0
SEE_06_64_FR	171	Picture	low_L133	5477697	0	1	30166	1	0	30000	other	0
SEE_06_64_FR	172	Picture	+	5508030	0	1	80998	1	0	next	other	0
SEE_06_64_FR	173	Sound	hi009a	5528031	0	1			0		other	0
SEE_06_64_FR	174	Picture	500+	5589028	0	1	5167	1	0	5000	other	0
SEE_06_64_FR	175	Picture	low_L098	5594194	0	1	30166	1	0	30000	other	0
SEE_06_64_FR	176	Picture	+	5624360	0	1	58332	1	0	next	other	0
SEE_06_64_FR	177	Sound	hi009b	5624361	0	1			0		other	0
SEE_06_64_FR	178	Picture	500+	5682692	0	1	5167	1	0	5000	other	0
SEE_06_64_FR	179	Picture	hi_F152	5687859	0	1	30166	1	0	30000	other	0
SEE_06_64_FR	180	Picture	+	5718191	0	1	20166	1	0	40100	other	0
SEE_06_64_FR	181	Picture	hi_A024	5738357	0	1	30166	1	0	30000	other	0
SEE_06_64_FR	182	Picture	+	5768690	0	1	20166	1	0	43030	other	0
SEE_06_64_FR	183	Picture	low_L049	5788856	0	1	30166	1	0	30000	other	0
SEE_06_64_FR	184	Picture	+	5819189	0	1	84498	1	0	next	other	0
SEE_06_64_FR	185	Sound	hi007a	5839190	0	1			0		other	0
SEE_06_64_FR	186	Picture	500+	5903687	0	1	5167	1	0	5000	other	0
SEE_06_64_FR	187	Picture	hi_P038	5908853	0	1	30166	1	0	30000	other	0
SEE_06_64_FR	188	Picture	+	5939019	0	1	69332	1	0	next	other	0
SEE_06_64_FR	189	Sound	hi007b	5939020	0	1			0		other	0
SEE_06_64_FR	190	Picture	500+	6008351	0	1	5167	1	0	5000	other	0
SEE_06_64_FR	191	Picture	low_L130	6013517	0	1	30166	1	0	30000	other	0
SEE_06_64_FR	192	Picture	+	6043850	0	1	20166	1	0	32020	other	0
SEE_06_64_FR	193	Picture	hi_F298	6064016	0	1	30166	1	0	30000	other	0
SEE_06_64_FR	194	Picture	+	6094349	0	1	20166	1	0	32030	other	0
SEE_06_64_FR	195	Picture	low_L164	6114515	0	1	30166	1	0	30000	other	0
SEE_06_64_FR	196	Picture	+	6144847	0	1	88831	1	0	next	other	0
SEE_06_64_FR	197	Sound	low063a	6164848	0	1			0		other	0
SEE_06_64_FR	198	Picture	500+	6233678	0	1	5167	1	0	5000	other	0
SEE_06_64_FR	199	Picture	low_L158	6238845	0	1	30166	1	0	30000	other	0
SEE_06_64_FR	200	Picture	+	6269011	0	1	59165	1	0	next	other	0
SEE_06_64_FR	201	Sound	low063b	6269012	0	2			0		other	0
SEE_06_64_FR	202	Picture	500+	6328176	0	1	5167	1	0	5000	other	0
SEE_06_64_FR	203	Picture	hi_O300	6333343	0	1	30166	1	0	30000	other	0
SEE_06_64_FR	204	Picture	+	6363675	0	1	20166	1	0	43650	other	0
SEE_06_64_FR	205	Picture	hi_L139	6383841	0	1	30166	1	0	30000	other	0
SEE_06_64_FR	206	Picture	+	6414174	0	1	20166	1	0	41250	other	0
SEE_06_64_FR	207	Picture	low_L100	6434340	0	1	30166	1	0	30000	other	0
SEE_06_64_FR	208	Picture	+	6464673	0	1	87998	1	0	next	other	0
SEE_06_64_FR	209	Sound	hi244a	6484673	0	1			0		other	0
SEE_06_64_FR	210	Picture	500+	6552670	0	1	5167	1	0	5000	other	0
SEE_06_64_FR	211	Picture	low_A132	6557837	0	1	30166	1	0	30000	other	0
SEE_06_64_FR	212	Picture	+	6588003	0	1	66665	1	0	next	other	0
SEE_06_64_FR	213	Sound	hi244b	6588004	0	2			0		other	0
SEE_06_64_FR	214	Picture	500+	6654668	0	1	5167	1	0	5000	other	0
SEE_06_64_FR	215	Picture	hi_F272	6659834	0	1	30166	1	0	30000	other	0
SEE_06_64_FR	216	Picture	+	6690167	0	1	20166	1	0	33300	other	0
SEE_06_64_FR	217	Picture	hi_P127	6710333	0	1	30166	1	0	30000	other	0
SEE_06_64_FR	218	Picture	+	6740666	0	1	20166	1	0	41930	other	0
SEE_06_64_FR	219	Picture	low_F061	6760832	0	1	30166	1	0	30000	other	0
SEE_06_64_FR	220	Picture	+	6791165	0	1	85831	1	0	next	other	0
SEE_06_64_FR	221	Sound	low084a	6811165	0	1			0		other	0
SEE_06_64_FR	222	Picture	500+	6876996	0	1	5166	1	0	5000	other	0
SEE_06_64_FR	223	Picture	hi_F016	6882162	0	1	30166	1	0	30000	other	0
SEE_06_64_FR	224	Picture	+	6912328	0	1	67832	1	0	next	other	0
SEE_06_64_FR	225	Sound	low084b	6912329	0	1			0		other	0
SEE_06_64_FR	226	Picture	500+	6980160	0	1	5167	1	0	5000	other	0
SEE_06_64_FR	227	Picture	low_L119	6985326	0	1	30166	1	0	30000	other	0
SEE_06_64_FR	228	Picture	+	7015659	0	1	20166	1	0	36230	other	0
SEE_06_64_FR	229	Picture	hi_P144	7035825	0	1	30166	1	0	30000	other	0
SEE_06_64_FR	230	Picture	+	7066158	0	1	20166	1	0	40560	other	0
SEE_06_64_FR	231	Picture	low_P176	7086324	0	1	30166	1	0	30000	other	0
SEE_06_64_FR	232	Picture	+	7116656	0	1	76998	1	0	next	other	0
SEE_06_64_FR	233	Sound	low350a	7136657	0	1			0		other	0
SEE_06_64_FR	234	Picture	500+	7193655	0	1	5167	1	0	5000	other	0
SEE_06_64_FR	235	Picture	hi_P009	7198988	0	1	30166	1	0	30000	other	0
SEE_06_64_FR	236	Picture	+	7229154	0	1	66998	1	0	next	other	0
SEE_06_64_FR	237	Sound	low350b	7229154	0	1			0		other	0
SEE_06_64_FR	238	Picture	500+	7296152	0	1	5167	1	0	5000	other	0
SEE_06_64_FR	239	Picture	low_L154	7301319	0	1	30166	1	0	30000	other	0
SEE_06_64_FR	240	Picture	+	7331651	0	1	20166	1	0	35060	other	0
SEE_06_64_FR	241	Picture	low_L165	7351817	0	1	30166	1	0	30000	other	0
SEE_06_64_FR	242	Picture	+	7382150	0	1	20166	1	0	33280	other	0
SEE_06_64_FR	243	Picture	hi_F009	7402316	0	1	30166	1	0	30000	other	0
SEE_06_64_FR	244	Picture	+	7432649	0	1	82165	1	0	next	other	0
SEE_06_64_FR	245	Sound	low050a	7452649	0	2			0		other	0
SEE_06_64_FR	246	Picture	500+	7514813	0	1	5167	1	0	5000	other	0
SEE_06_64_FR	247	Picture	hi_F158	7519980	0	1	30166	1	0	30000	other	0
SEE_06_64_FR	248	Picture	+	7550146	0	1	59498	1	0	next	other	0
SEE_06_64_FR	249	Sound	low050b	7550146	0	2			0		other	0
SEE_06_64_FR	250	Picture	500+	7609644	0	1	5167	1	0	5000	other	0
SEE_06_64_FR	251	Picture	low_L152	7614977	0	1	30166	1	0	30000	other	0
SEE_06_64_FR	252	Picture	+	7645310	0	1	20166	1	0	38230	other	0
SEE_06_64_FR	253	Picture	hi_P140	7665476	0	1	30166	1	0	30000	other	0
SEE_06_64_FR	254	Picture	+	7695809	0	1	20166	1	0	31270	other	0
SEE_06_64_FR	255	Picture	low_P055	7715975	0	1	30166	1	0	30000	other	0
SEE_06_64_FR	256	Picture	+	7746308	0	1	82665	1	0	next	other	0
SEE_06_64_FR	257	Sound	low057a	7766308	0	2			0		other	0
SEE_06_64_FR	258	Picture	500+	7828972	0	1	5167	1	0	5000	other	0
SEE_06_64_FR	259	Picture	hi_A042	7834305	0	1	30166	1	0	30000	other	0
SEE_06_64_FR	260	Picture	+	7864471	0	1	57332	1	0	next	other	0
SEE_06_64_FR	261	Sound	low057b	7864472	0	1			0		other	0
SEE_06_64_FR	262	Picture	500+	7921803	0	1	5167	1	0	5000	other	0
SEE_06_64_FR	263	Picture	low_P105	7926970	0	1	30166	1	0	30000	other	0
SEE_06_64_FR	264	Picture	+	7957302	0	1	20166	1	0	38120	other	0
SEE_06_64_FR	265	Picture	low_A157	7977468	0	1	30166	1	0	30000	other	0
SEE_06_64_FR	266	Picture	+	8007801	0	1	20166	1	0	41650	other	0
SEE_06_64_FR	267	Picture	hi_A016	8027967	0	1	30166	1	0	30000	other	0
SEE_06_64_FR	268	Picture	+	8058300	0	1	89664	1	0	next	other	0
SEE_06_64_FR	269	Sound	low351a	8078301	0	1			0		other	0
SEE_06_64_FR	270	Picture	500+	8147964	0	1	5167	1	0	5000	other	0
SEE_06_64_FR	271	Picture	hi_F295	8153131	0	1	30166	1	0	30000	other	0
SEE_06_64_FR	272	Picture	+	8183297	0	1	68332	1	0	next	other	0
SEE_06_64_FR	273	Sound	low351b	8183297	0	1			0		other	0
SEE_06_64_FR	274	Picture	500+	8251628	0	1	5167	1	0	5000	other	0
SEE_06_64_FR	275	Picture	low_P064	8256961	0	1	30166	1	0	30000	other	0
SEE_06_64_FR	276	Picture	+	8287294	0	1	20166	1	0	43240	other	0
SEE_06_64_FR	277	Picture	low_L134	8307460	0	1	30166	1	0	30000	other	0
SEE_06_64_FR	278	Picture	+	8337793	0	1	20166	1	0	43630	other	0
SEE_06_64_FR	279	Picture	hi_P133	8357959	0	1	30166	1	0	30000	other	0
SEE_06_64_FR	280	Picture	+	8388292	0	1	88164	1	0	next	other	0
SEE_06_64_FR	281	Sound	hi206a	8408292	0	1			0		other	0
SEE_06_64_FR	282	Picture	500+	8476456	0	1	5167	1	0	5000	other	0
SEE_06_64_FR	283	Picture	low_F130	8481623	0	1	30166	1	0	30000	other	0
SEE_06_64_FR	284	Picture	+	8511955	0	1	56332	1	0	next	other	0
SEE_06_64_FR	285	Sound	hi206b	8511956	0	1			0		other	0
SEE_06_64_FR	286	Picture	500+	8568287	0	1	5167	1	0	5000	other	0
SEE_06_64_FR	287	Picture	hi_O283	8573454	0	1	30166	1	0	30000	other	0
SEE_06_64_FR	288	Picture	+	8603786	0	1	20166	1	0	31320	other	0
SEE_06_64_FR	289	Picture	low_A193	8623952	0	1	30166	1	0	30000	other	0
SEE_06_64_FR	290	Picture	+	8654285	0	1	20166	1	0	43810	other	0
SEE_06_64_FR	291	Picture	hi_P011	8674451	0	1	30166	1	0	30000	other	0
SEE_06_64_FR	292	Picture	+	8704784	0	1	86498	1	0	next	other	0
SEE_06_64_FR	293	Sound	hi110a	8724784	0	1			0		other	0
SEE_06_64_FR	294	Picture	500+	8791282	0	1	5167	1	0	5000	other	0
SEE_06_64_FR	295	Picture	low_P179	8796615	0	1	30166	1	0	30000	other	0
SEE_06_64_FR	296	Picture	+	8826781	0	1	68332	1	0	next	other	0
SEE_06_64_FR	297	Sound	hi110b	8826781	0	1			0		other	0
SEE_06_64_FR	298	Picture	500+	8895112	0	1	5167	1	0	5000	other	0
SEE_06_64_FR	299	Picture	hi_P017	8900279	0	1	30166	1	0	30000	other	0
SEE_06_64_FR	300	Picture	+	8930611	0	1	20166	1	0	33850	other	0
SEE_06_64_FR	301	Picture	hi_P227	8950778	0	1	30166	1	0	30000	other	0
SEE_06_64_FR	302	Picture	+	8981110	0	1	20166	1	0	37600	other	0
SEE_06_64_FR	303	Picture	low_L166	9001276	0	1	30166	1	0	30000	other	0
SEE_06_64_FR	304	Picture	+	9031609	0	1	79665	1	0	next	other	0
SEE_06_64_FR	305	Sound	hi154a	9051610	0	1			0		other	0
SEE_06_64_FR	306	Picture	500+	9111274	0	1	5167	1	0	5000	other	0
SEE_06_64_FR	307	Picture	low_P046	9116440	0	1	30166	1	0	30000	other	0
SEE_06_64_FR	308	Picture	+	9146606	0	1	63165	1	0	next	other	0
SEE_06_64_FR	309	Sound	hi154b	9146607	0	1			0		other	0
SEE_06_64_FR	310	Picture	500+	9209771	0	1	5167	1	0	5000	other	0
SEE_06_64_FR	311	Picture	hi_F003	9214938	0	1	30166	1	0	30000	other	0
SEE_06_64_FR	312	Picture	+	9245270	0	1	20166	1	0	36540	other	0
SEE_06_64_FR	313	Picture	low_F066	9265436	0	1	30166	1	0	30000	other	0
SEE_06_64_FR	314	Picture	+	9295769	0	1	20166	1	0	42350	other	0
SEE_06_64_FR	315	Picture	hi_A071	9315935	0	1	30166	1	0	30000	other	0
SEE_06_64_FR	316	Picture	+	9346268	0	1	86998	1	0	next	other	0
SEE_06_64_FR	317	Sound	hi018a	9366269	0	1			0		other	0
SEE_06_64_FR	318	Picture	500+	9433266	0	1	5167	1	0	5000	other	0
SEE_06_64_FR	319	Picture	hi_P229	9438432	0	1	30166	1	0	30000	other	0
SEE_06_64_FR	320	Picture	+	9468598	0	1	59499	1	0	next	other	0
SEE_06_64_FR	321	Sound	hi018b	9468599	0	1			0		other	0
SEE_06_64_FR	322	Picture	500+	9528097	0	1	5167	1	0	5000	other	0
SEE_06_64_FR	323	Picture	low_A188	9533430	0	1	30166	1	0	30000	other	0
SEE_06_64_FR	324	Picture	+	9563762	0	1	20166	1	0	39800	other	0
SEE_06_64_FR	325	Picture	hi_P010	9583929	0	1	30166	1	0	30000	other	0
SEE_06_64_FR	326	Picture	+	9614261	0	1	20166	1	0	42750	other	0
SEE_06_64_FR	327	Picture	low_L137	9634427	0	1	30166	1	0	30000	other	0
SEE_06_64_FR	328	Picture	+	9664760	0	1	78331	1	0	next	other	0
SEE_06_64_FR	329	Sound	hi001a	9684761	0	2			0		other	0
SEE_06_64_FR	330	Picture	500+	9743091	0	1	5167	1	0	5000	other	0
SEE_06_64_FR	331	Picture	low_O043	9748258	0	1	30166	1	0	30000	other	0
SEE_06_64_FR	332	Picture	+	9778424	0	1	57499	1	0	next	other	0
SEE_06_64_FR	333	Sound	hi001b	9778424	0	1			0		other	0
SEE_06_64_FR	334	Picture	500+	9835922	0	1	5167	1	0	5000	other	0
SEE_06_64_FR	335	Picture	hi_P234	9841089	0	1	30166	1	0	30000	other	0
SEE_06_64_FR	336	Picture	+	9871421	0	1	20166	1	0	33930	other	0
SEE_06_64_FR	337	Picture	low_L172	9891588	0	1	30166	1	0	30000	other	0
SEE_06_64_FR	338	Picture	+	9921920	0	1	20166	1	0	34160	other	0
SEE_06_64_FR	339	Picture	hi_P022	9942086	0	1	30166	1	0	30000	other	0
SEE_06_64_FR	340	Picture	+	9972419	0	1	78498	1	0	next	other	0
SEE_06_64_FR	341	Sound	low030a	9992420	0	1			0		other	0
SEE_06_64_FR	342	Picture	500+	10050917	0	1	5167	1	0	5000	other	0
SEE_06_64_FR	343	Picture	low_L180	10056250	0	1	30166	1	0	30000	other	0
SEE_06_64_FR	344	Picture	+	10086583	0	1	62165	1	0	next	other	0
SEE_06_64_FR	345	Sound	low030b	10086583	0	2			0		other	0
SEE_06_64_FR	346	Picture	500+	10148748	0	1	5167	1	0	5000	other	0
SEE_06_64_FR	347	Picture	hi_A021	10153914	0	1	30166	1	0	30000	other	0
SEE_06_64_FR	348	Picture	+	10184247	0	1	20166	1	0	35890	other	0
SEE_06_64_FR	349	Picture	low_L038	10204413	0	1	30166	1	0	30000	other	0
SEE_06_64_FR	350	Picture	+	10234746	0	1	20166	1	0	36630	other	0
SEE_06_64_FR	351	Picture	hi_L022	10254912	0	1	30166	1	0	30000	other	0
SEE_06_64_FR	352	Picture	+	10285244	0	1	83498	1	0	next	other	0
SEE_06_64_FR	353	Sound	low278a	10305245	0	1			0		other	0
SEE_06_64_FR	354	Picture	500+	10368742	0	1	5167	1	0	5000	other	0
SEE_06_64_FR	355	Picture	hi_P233	10374076	0	1	30166	1	0	30000	other	0
SEE_06_64_FR	356	Picture	+	10404241	0	1	56665	1	0	next	other	0
SEE_06_64_FR	357	Sound	low278b	10404242	0	1			0		other	0
SEE_06_64_FR	358	Picture	500+	10460907	0	1	5167	1	0	5000	other	0
SEE_06_64_FR	359	Picture	low_P047	10466240	0	1	30166	1	0	30000	other	0
SEE_06_64_FR	360	Picture	+	10496573	0	1	20166	1	0	30550	other	0
SEE_06_64_FR	361	Picture	hi_F291	10516739	0	1	30166	1	0	30000	other	0
SEE_06_64_FR	362	Picture	+	10547071	0	1	20166	1	0	33680	other	0
SEE_06_64_FR	363	Picture	low_P109	10567237	0	1	30166	1	0	30000	other	0
SEE_06_64_FR	364	Picture	+	10597570	0	1	86331	1	0	next	other	0
SEE_06_64_FR	365	Sound	low280a	10617571	0	2			0		other	0
SEE_06_64_FR	366	Picture	500+	10683901	0	1	5167	1	0	5000	other	0
SEE_06_64_FR	367	Picture	low_A161	10689068	0	1	30166	1	0	30000	other	0
SEE_06_64_FR	368	Picture	+	10719234	0	1	61332	1	0	next	other	0
SEE_06_64_FR	369	Sound	low280b	10719234	0	1			0		other	0
SEE_06_64_FR	370	Picture	500+	10780566	0	1	5167	1	0	5000	other	0
SEE_06_64_FR	371	Picture	hi_F028	10785732	0	1	30166	1	0	30000	other	0
SEE_06_64_FR	372	Picture	+	10816065	0	1	20166	1	0	43820	other	0
SEE_06_64_FR	373	Picture	hi_A007	10836231	0	1	30166	1	0	30000	other	0
SEE_06_64_FR	374	Picture	+	10866563	0	1	20166	1	0	32710	other	0
SEE_06_64_FR	375	Picture	low_L146	10886730	0	1	30166	1	0	30000	other	0
SEE_06_64_FR	376	Picture	+	10917062	0	1	76331	1	0	next	other	0
SEE_06_64_FR	377	Sound	low284a	10937063	0	1			0		other	0
SEE_06_64_FR	378	Picture	500+	10993393	0	1	5167	1	0	5000	other	0
SEE_06_64_FR	379	Picture	hi_O002	10998727	0	1	30166	1	0	30000	other	0
SEE_06_64_FR	380	Picture	+	11028893	0	1	57832	1	0	next	other	0
SEE_06_64_FR	381	Sound	low284b	11028893	0	1			0		other	0
SEE_06_64_FR	382	Picture	500+	11086725	0	1	5167	1	0	5000	other	0
SEE_06_64_FR	383	Picture	low_P168	11091891	0	1	30166	1	0	30000	other	0
SEE_06_64_FR	384	Picture	+	11122224	0	1	20166	1	0	40530	other	0
SEE_06_64_FR	385	Picture	hi_F366	11142390	0	1	30166	1	0	30000	other	0
SEE_06_64_FR	386	Picture	+	11172722	0	1	20166	1	0	44660	other	0
SEE_06_64_FR	387	Picture	low_L054	11192889	0	1	30166	1	0	30000	other	0
SEE_06_64_FR	388	Picture	+	11223221	0	1	84498	1	0	next	other	0
SEE_06_64_FR	389	Sound	low088a	11243222	0	1			0		other	0
SEE_06_64_FR	390	Picture	500+	11307719	0	1	5167	1	0	5000	other	0
SEE_06_64_FR	391	Picture	hi_O202	11313052	0	1	30166	1	0	30000	other	0
SEE_06_64_FR	392	Picture	+	11343385	0	1	63165	1	0	next	other	0
SEE_06_64_FR	393	Sound	low088b	11343386	0	1			0		other	0
SEE_06_64_FR	394	Picture	500+	11406550	0	1	5167	1	0	5000	other	0
SEE_06_64_FR	395	Picture	low_L075	11411883	0	1	30166	1	0	30000	other	0
SEE_06_64_FR	396	Picture	+	11442216	0	1	20166	1	0	34610	other	0
SEE_06_64_FR	397	Picture	low_A100	11462382	0	1	30166	1	0	30000	other	0
SEE_06_64_FR	398	Picture	+	11492714	0	1	20166	1	0	37650	other	0
SEE_06_64_FR	399	Picture	hi_P132	11512881	0	1	30166	1	0	30000	other	0
SEE_06_64_FR	400	Picture	+	11543213	0	1	83998	1	0	next	other	0
SEE_06_64_FR	401	Sound	hi003a	11563214	0	1			0		other	0
SEE_06_64_FR	402	Picture	500+	11627211	0	1	5167	1	0	5000	other	0
SEE_06_64_FR	403	Picture	hi_P212	11632544	0	1	30166	1	0	30000	other	0
SEE_06_64_FR	404	Picture	+	11662710	0	1	67498	1	0	next	other	0
SEE_06_64_FR	405	Sound	hi003b	11662711	0	1			0		other	0
SEE_06_64_FR	406	Picture	500+	11730209	0	1	5167	1	0	5000	other	0
SEE_06_64_FR	407	Picture	low_A114	11735375	0	1	30166	1	0	30000	other	0
SEE_06_64_FR	408	Picture	+	11765708	0	1	20166	1	0	41850	other	0
SEE_06_64_FR	409	Picture	hi_F038	11785874	0	1	30166	1	0	30000	other	0
SEE_06_64_FR	410	Picture	+	11816206	0	1	20166	1	0	37980	other	0
SEE_06_64_FR	411	Picture	low_L124	11836373	0	1	30166	1	0	30000	other	0
SEE_06_64_FR	412	Picture	+	11866705	0	1	85998	1	0	next	other	0
SEE_06_64_FR	413	Sound	hi251a	11886706	0	1			0		other	0
SEE_06_64_FR	414	Picture	500+	11952703	0	1	5167	1	0	5000	other	0
SEE_06_64_FR	415	Picture	low_A214	11957870	0	1	30166	1	0	30000	other	0
SEE_06_64_FR	416	Picture	+	11988036	0	1	62332	1	0	next	other	0
SEE_06_64_FR	417	Sound	hi251b	11988036	0	1			0		other	0
SEE_06_64_FR	418	Picture	500+	12050367	0	1	5167	1	0	5000	other	0
SEE_06_64_FR	419	Picture	hi_F159	12055534	0	1	30166	1	0	30000	other	0
SEE_06_64_FR	420	Picture	+	12085866	0	1	20166	1	0	31930	other	0
SEE_06_64_FR	421	Picture	low_A167	12106033	0	1	30166	1	0	30000	other	0
SEE_06_64_FR	422	Picture	+	12136365	0	1	20166	1	0	35240	other	0
SEE_06_64_FR	423	Picture	hi_F370	12156531	0	1	30166	1	0	30000	other	0
SEE_06_64_FR	424	Picture	+	12186864	0	1	89664	1	0	next	other	0
SEE_06_64_FR	425	Sound	hi248a	12206865	0	1			0		other	0
SEE_06_64_FR	426	Picture	500+	12276528	0	1	5167	1	0	5000	other	0
SEE_06_64_FR	427	Picture	low_L065	12281862	0	1	30166	1	0	30000	other	0
SEE_06_64_FR	428	Picture	+	12312027	0	1	61165	1	0	next	other	0
SEE_06_64_FR	429	Sound	hi248b	12312028	0	1			0		other	0
SEE_06_64_FR	430	Picture	500+	12373193	0	1	5167	1	0	5000	other	0
SEE_06_64_FR	431	Picture	hi_P018	12378526	0	1	30166	1	0	30000	other	0
SEE_06_64_FR	432	Picture	+	12408858	0	1	20166	1	0	36760	other	0
SEE_06_64_FR	433	Picture	low_F079	12429025	0	1	30166	1	0	30000	other	0
SEE_06_64_FR	434	Picture	+	12459357	0	1	20166	1	0	35130	other	0
SEE_06_64_FR	435	Picture	hi_F284	12479523	0	1	30166	1	0	30000	other	0
SEE_06_64_FR	436	Picture	+	12509856	0	1	86998	1	0	next	other	0
SEE_06_64_FR	437	Sound	low087a	12529857	0	1			0		other	0
SEE_06_64_FR	438	Picture	500+	12596854	0	1	5167	1	0	5000	other	0
SEE_06_64_FR	439	Picture	low_F087	12602020	0	1	30166	1	0	30000	other	0
SEE_06_64_FR	440	Picture	+	12632186	0	1	65165	1	0	next	other	0
SEE_06_64_FR	441	Sound	low087b	12632187	0	2			0		other	0
SEE_06_64_FR	442	Picture	500+	12697351	0	1	5167	1	0	5000	other	0
SEE_06_64_FR	443	Picture	hi_P175	12702518	0	1	30166	1	0	30000	other	0
SEE_06_64_FR	444	Picture	+	12732850	0	1	20166	1	0	33560	other	0
SEE_06_64_FR	445	Picture	hi_F277	12753017	0	1	30166	1	0	30000	other	0
SEE_06_64_FR	446	Picture	+	12783349	0	1	20166	1	0	38330	other	0
SEE_06_64_FR	447	Picture	low_L085	12803515	0	1	30166	1	0	30000	other	0
SEE_06_64_FR	448	Picture	+	12833848	0	1	83498	1	0	next	other	0
SEE_06_64_FR	449	Sound	low277a	12853849	0	1			0		other	0
SEE_06_64_FR	450	Picture	500+	12917346	0	1	5167	1	0	5000	other	0
SEE_06_64_FR	451	Picture	low_F324	12922512	0	1	30166	1	0	30000	other	0
SEE_06_64_FR	452	Picture	+	12952845	0	1	64665	1	0	next	other	0
SEE_06_64_FR	453	Sound	low277b	12952845	0	1			0		other	0
SEE_06_64_FR	454	Picture	500+	13017510	0	1	5167	1	0	5000	other	0
SEE_06_64_FR	455	Picture	hi_A221	13022676	0	1	30166	1	0	30000	other	0
SEE_06_64_FR	456	Picture	+	13053009	0	1	20166	1	0	34750	other	0
SEE_06_64_FR	457	Picture	hi_P098	13073175	0	1	30166	1	0	30000	other	0
SEE_06_64_FR	458	Picture	+	13103508	0	1	20166	1	0	35320	other	0
SEE_06_64_FR	459	Picture	low_L096	13123674	0	1	30166	1	0	30000	other	0
SEE_06_64_FR	460	Picture	+	13154007	0	1	77665	1	0	next	other	0
SEE_06_64_FR	461	Sound	hi217a	13174007	0	2			0		other	0
SEE_06_64_FR	462	Picture	500+	13231671	0	1	5167	1	0	5000	other	0
SEE_06_64_FR	463	Picture	low_L050	13236838	0	1	30166	1	0	30000	other	0
SEE_06_64_FR	464	Picture	+	13267004	0	1	68998	1	0	next	other	0
SEE_06_64_FR	465	Sound	hi217b	13267004	0	1			0		other	0
SEE_06_64_FR	466	Picture	500+	13336002	0	1	5167	1	0	5000	other	0
SEE_06_64_FR	467	Picture	hi_P241	13341169	0	1	30166	1	0	30000	other	0
SEE_06_64_FR	468	Picture	+	13371501	0	1	20166	1	0	42470	other	0
SEE_06_64_FR	469	Picture	hi_A074	13391667	0	1	30166	1	0	30000	other	0
SEE_06_64_FR	470	Picture	+	13422000	0	1	20166	1	0	38190	other	0
SEE_06_64_FR	471	Picture	low_L064	13442166	0	1	30166	1	0	30000	other	0
SEE_06_64_FR	472	Picture	+	13472499	0	1	82998	1	0	next	other	0
SEE_06_64_FR	473	Sound	hi139a	13492499	0	1			0		other	0
SEE_06_64_FR	474	Picture	500+	13555497	0	1	5167	1	0	5000	other	0
SEE_06_64_FR	475	Picture	hi_A027	13560830	0	1	30166	1	0	30000	other	0
SEE_06_64_FR	476	Picture	+	13590996	0	1	61998	1	0	next	other	0
SEE_06_64_FR	477	Sound	hi139b	13590996	0	1			0		other	0
SEE_06_64_FR	478	Picture	500+	13652994	0	1	5167	1	0	5000	other	0
SEE_06_64_FR	479	Picture	low_L016	13658327	0	1	30166	1	0	30000	other	0
SEE_06_64_FR	480	Picture	+	13688660	0	1	20166	1	0	35400	other	0
SEE_06_64_FR	481	Picture	low_L107	13708826	0	1	30166	1	0	30000	other	0
SEE_06_64_FR	482	Picture	+	13739159	0	1	20166	1	0	32590	other	0
SEE_06_64_FR	483	Picture	hi_P224	13759325	0	1	30166	1	0	30000	other	0
SEE_06_64_FR	484	Picture	+	13789657	0	1	88831	1	0	next	other	0
SEE_06_64_FR	485	Sound	low273a	13809658	0	1			0		other	0
SEE_06_64_FR	486	Picture	500+	13878489	0	1	5167	1	0	5000	other	0
SEE_06_64_FR	487	Picture	hi_O149	13883822	0	1	30166	1	0	30000	other	0
SEE_06_64_FR	488	Picture	+	13913988	0	1	64665	1	0	next	other	0
SEE_06_64_FR	489	Sound	low273b	13913988	0	1			0		other	0
SEE_06_64_FR	490	Picture	500+	13978653	0	1	5167	1	0	5000	other	0
SEE_06_64_FR	491	Picture	low_P044	13983986	0	1	30166	1	0	30000	other	0
SEE_06_64_FR	492	Picture	+	14014319	0	1	20166	1	0	30380	other	0
SEE_06_64_FR	493	Picture	hi_A019	14034485	0	1	30166	1	0	30000	other	0
SEE_06_64_FR	494	Picture	+	14064817	0	1	20166	1	0	41480	other	0
SEE_06_64_FR	495	Picture	low_L062	14084983	0	1	30166	1	0	30000	other	0
SEE_06_64_FR	496	Picture	+	14115316	0	1	85165	1	0	next	other	0
SEE_06_64_FR	497	Sound	low274a	14135317	0	1			0		other	0
SEE_06_64_FR	498	Picture	500+	14200481	0	1	5167	1	0	5000	other	0
SEE_06_64_FR	499	Picture	hi_F146	14205647	0	1	30166	1	0	30000	other	0
SEE_06_64_FR	500	Picture	+	14235980	0	1	67165	1	0	next	other	0
SEE_06_64_FR	501	Sound	low274b	14235980	0	1			0		other	0
SEE_06_64_FR	502	Picture	500+	14303145	0	1	5167	1	0	5000	other	0
SEE_06_64_FR	503	Picture	low_A152	14308478	0	1	30166	1	0	30000	other	0
SEE_06_64_FR	504	Picture	+	14338810	0	1	20166	1	0	37630	other	0
SEE_06_64_FR	505	Picture	hi_P003	14358977	0	1	30166	1	0	30000	other	0
SEE_06_64_FR	506	Picture	+	14389309	0	1	20166	1	0	43170	other	0
SEE_06_64_FR	507	Picture	low_F333	14409475	0	1	30166	1	0	30000	other	0
SEE_06_64_FR	508	Picture	+	14439808	0	1	76331	1	0	next	other	0
SEE_06_64_FR	509	Sound	hi250a	14459809	0	2			0		other	0
SEE_06_64_FR	510	Picture	500+	14516139	0	1	5167	1	0	5000	other	0
SEE_06_64_FR	511	Picture	low_P154	14521306	0	1	30166	1	0	30000	other	0
SEE_06_64_FR	512	Picture	+	14551639	0	1	66998	1	0	next	other	0
SEE_06_64_FR	513	Sound	hi250b	14551639	0	1			0		other	0
SEE_06_64_FR	514	Picture	500+	14618637	0	1	5167	1	0	5000	other	0
SEE_06_64_FR	515	Picture	hi_A032	14623803	0	1	30166	1	0	30000	other	0
SEE_06_64_FR	516	Picture	+	14654136	0	1	20166	1	0	35360	other	0
SEE_06_64_FR	517	Picture	low_P195	14674302	0	1	30166	1	0	30000	other	0
SEE_06_64_FR	518	Picture	+	14704635	0	1	20166	1	0	35790	other	0
SEE_06_64_FR	519	Picture	hi_A038	14724801	0	1	30166	1	0	30000	other	0
SEE_06_64_FR	520	Picture	+	14755133	0	1	81998	1	0	next	other	0
SEE_06_64_FR	521	Sound	hi254a	14775134	0	1			0		other	0
SEE_06_64_FR	522	Picture	500+	14837131	0	1	5167	1	0	5000	other	0
SEE_06_64_FR	523	Picture	low_P103	14842298	0	1	30166	1	0	30000	other	0
SEE_06_64_FR	524	Picture	+	14872464	0	1	62998	1	0	next	other	0
SEE_06_64_FR	525	Sound	hi254b	14872464	0	1			0		other	0
SEE_06_64_FR	526	Picture	500+	14935462	0	1	5167	1	0	5000	other	0
SEE_06_64_FR	527	Picture	hi_A033	14940796	0	1	30166	1	0	30000	other	0
SEE_06_64_FR	528	Picture	+	14971128	0	1	20166	1	0	37240	other	0
SEE_06_64_FR	529	Picture	hi_F025	14991294	0	1	30166	1	0	30000	other	0
SEE_06_64_FR	530	Picture	+	15021627	0	1	20166	1	0	38180	other	0
SEE_06_64_FR	531	Picture	low_P169	15041793	0	1	30166	1	0	30000	other	0
SEE_06_64_FR	532	Picture	+	15072126	0	1	85998	1	0	next	other	0
SEE_06_64_FR	533	Sound	hi014a	15092126	0	1			0		other	0
SEE_06_64_FR	534	Picture	500+	15158123	0	1	5167	1	0	5000	other	0
SEE_06_64_FR	535	Picture	low_P153	15163290	0	1	30166	1	0	30000	other	0
SEE_06_64_FR	536	Picture	+	15193456	0	1	62665	1	0	next	other	0
SEE_06_64_FR	537	Sound	hi014b	15193457	0	1			0		other	0
SEE_06_64_FR	538	Picture	500+	15256121	0	1	5167	1	0	5000	other	0
SEE_06_64_FR	539	Picture	hi_F280	15261454	0	1	30166	1	0	30000	other	0
SEE_06_64_FR	540	Picture	+	15291787	0	1	20166	1	0	40150	other	0
SEE_06_64_FR	541	Picture	hi_P238	15311953	0	1	30166	1	0	30000	other	0
SEE_06_64_FR	542	Picture	+	15342286	0	1	20166	1	0	31050	other	0
SEE_06_64_FR	543	Picture	low_L117	15362452	0	1	30166	1	0	30000	other	0
SEE_06_64_FR	544	Picture	+	15392784	0	1	79831	1	0	next	other	0
SEE_06_64_FR	545	Sound	low044a	15412785	0	1			0		other	0
SEE_06_64_FR	546	Picture	500+	15472616	0	1	5166	1	0	5000	other	0
SEE_06_64_FR	547	Picture	low_A201	15477782	0	1	30166	1	0	30000	other	0
SEE_06_64_FR	548	Picture	+	15507948	0	1	55999	1	0	next	other	0
SEE_06_64_FR	549	Sound	low044b	15507949	0	1			0		other	0
SEE_06_64_FR	550	Picture	500+	15563947	0	1	5167	1	0	5000	other	0
SEE_06_64_FR	551	Picture	hi_F297	15569280	0	1	30166	1	0	30000	other	0
SEE_06_64_FR	552	Picture	+	15599612	0	1	20166	1	0	36190	other	0
SEE_06_64_FR	553	Picture	low_P048	15619779	0	1	30166	1	0	30000	other	0
SEE_06_64_FR	554	Picture	+	15650111	0	1	20166	1	0	36930	other	0
SEE_06_64_FR	555	Picture	hi_A048	15670277	0	1	30166	1	0	30000	other	0
SEE_06_64_FR	556	Picture	+	15700610	0	1	89998	1	0	next	other	0
SEE_06_64_FR	557	Sound	low048a	15720611	0	1			0		other	0
SEE_06_64_FR	558	Picture	500+	15790608	0	1	5166	1	0	5000	other	0
SEE_06_64_FR	559	Picture	hi_F299	15795774	0	1	30166	1	0	30000	other	0
SEE_06_64_FR	560	Picture	+	15825940	0	1	59165	1	0	next	other	0
SEE_06_64_FR	561	Sound	low048b	15825941	0	1			0		other	0
SEE_06_64_FR	562	Picture	500+	15885105	0	1	5167	1	0	5000	other	0
SEE_06_64_FR	563	Picture	low_L168	15890272	0	1	30166	1	0	30000	other	0
SEE_06_64_FR	564	Picture	+	15920605	0	1	20166	1	0	44140	other	0
SEE_06_64_FR	565	Picture	hi_P028	15940771	0	1	30166	1	0	30000	other	0
SEE_06_64_FR	566	Picture	+	15971103	0	1	20166	1	0	42830	other	0
SEE_06_64_FR	567	Picture	low_A140	15991269	0	1	30166	1	0	30000	other	0
SEE_06_64_FR	568	Picture	+	16021602	0	1	87165	1	0	next	other	0
SEE_06_64_FR	569	Sound	low283a	16041603	0	1			0		other	0
SEE_06_64_FR	570	Picture	500+	16108767	0	1	5166	1	0	5000	other	0
SEE_06_64_FR	571	Picture	hi_A056	16114100	0	1	30166	1	0	30000	other	0
SEE_06_64_FR	572	Picture	+	16144266	0	1	61498	1	0	next	other	0
SEE_06_64_FR	573	Sound	low283b	16144266	0	1			0		other	0
SEE_06_64_FR	574	Picture	500+	16205764	0	1	5167	1	0	5000	other	0
SEE_06_64_FR	575	Picture	low_L157	16210931	0	1	30166	1	0	30000	other	0
SEE_06_64_FR	576	Picture	+	16241263	0	1	20166	1	0	36100	other	0
SEE_06_64_FR	577	Picture	low_L141	16261429	0	1	30166	1	0	30000	other	0
SEE_06_64_FR	578	Picture	+	16291762	0	1	20166	1	0	30520	other	0
SEE_06_64_FR	579	Picture	hi_P032	16311928	0	1	30166	1	0	30000	other	0
SEE_06_64_FR	580	Picture	+	16342261	0	1	82831	1	0	next	other	0
SEE_06_64_FR	581	Sound	hi246a	16362262	0	1			0		other	0
SEE_06_64_FR	582	Picture	500+	16425092	0	1	5167	1	0	5000	other	0
SEE_06_64_FR	583	Picture	low_A169	16430259	0	1	30166	1	0	30000	other	0
SEE_06_64_FR	584	Picture	+	16460424	0	1	68165	1	0	next	other	0
SEE_06_64_FR	585	Sound	hi246b	16460425	0	2			0		other	0
SEE_06_64_FR	586	Picture	500+	16528589	0	1	5167	1	0	5000	other	0
SEE_06_64_FR	587	Picture	hi_F270	16533923	0	1	30166	1	0	30000	other	0
SEE_06_64_FR	588	Picture	+	16564255	0	1	20166	1	0	40800	other	0
SEE_06_64_FR	589	Picture	low_L184	16584421	0	1	30166	1	0	30000	other	0
SEE_06_64_FR	590	Picture	+	16614754	0	1	20166	1	0	30510	other	0
SEE_06_64_FR	591	Picture	hi_P243	16634920	0	1	30166	1	0	30000	other	0
SEE_06_64_FR	592	Picture	+	16665253	0	1	89998	1	0	next	other	0
SEE_06_64_FR	593	Sound	hi245a	16685253	0	1			0		other	0
SEE_06_64_FR	594	Picture	500+	16755250	0	1	5167	1	0	5000	other	0
SEE_06_64_FR	595	Picture	hi_A207	16760584	0	1	30166	1	0	30000	other	0
SEE_06_64_FR	596	Picture	+	16790916	0	1	66498	1	0	next	other	0
SEE_06_64_FR	597	Sound	hi245b	16790917	0	2			0		other	0
SEE_06_64_FR	598	Picture	500+	16857415	0	1	5167	1	0	5000	other	0
SEE_06_64_FR	599	Picture	low_L147	16862581	0	1	30166	1	0	30000	other	0
SEE_06_64_FR	600	Picture	+	16892914	0	1	20166	1	0	37050	other	0
SEE_06_64_FR	601	Picture	hi_A143	16913080	0	1	30166	1	0	30000	other	0
SEE_06_64_FR	602	Picture	+	16943412	0	1	20166	1	0	33710	other	0
SEE_06_64_FR	603	Picture	low_P112	16963579	0	1	30166	1	0	30000	other	0
SEE_06_64_FR	604	Picture	+	16993911	0	1	88831	1	0	next	other	0
SEE_06_64_FR	605	Sound	hi326a	17013912	0	1			0		other	0
SEE_06_64_FR	606	Picture	500+	17082742	0	1	5167	1	0	5000	other	0
SEE_06_64_FR	607	Picture	low_A091	17088076	0	1	30166	1	0	30000	other	0
SEE_06_64_FR	608	Picture	+	17118241	0	1	57665	1	0	next	other	0
SEE_06_64_FR	609	Sound	hi326b	17118242	0	1			0		other	0
SEE_06_64_FR	610	Picture	500+	17175907	0	1	5167	1	0	5000	other	0
SEE_06_64_FR	611	Picture	hi_A062	17181073	0	1	30166	1	0	30000	other	0
SEE_06_64_FR	612	Picture	+	17211406	0	1	20166	1	0	35000	other	0
SEE_06_64_FR	613	Picture	low_F115	17231572	0	1	30166	1	0	30000	other	0
SEE_06_64_FR	614	Picture	+	17261905	0	1	20166	1	0	30470	other	0
SEE_06_64_FR	615	Picture	hi_O013	17282071	0	1	30166	1	0	30000	other	0
SEE_06_64_FR	616	Picture	+	17312403	0	1	88331	1	0	next	other	0
SEE_06_64_FR	617	Sound	hi301a	17332404	0	1			0		other	0
SEE_06_64_FR	618	Picture	500+	17400734	0	1	5167	1	0	5000	other	0
SEE_06_64_FR	619	Picture	low_L109	17406068	0	1	30166	1	0	30000	other	0
SEE_06_64_FR	620	Picture	+	17436234	0	1	69332	1	0	next	other	0
SEE_06_64_FR	621	Sound	hi301b	17436234	0	1			0		other	0
SEE_06_64_FR	622	Picture	500+	17505565	0	1	5167	1	0	5000	other	0
SEE_06_64_FR	623	Picture	hi_F034	17510732	0	1	30166	1	0	30000	other	0
SEE_06_64_FR	624	Picture	+	17541064	0	1	20166	1	0	30840	other	0
SEE_06_64_FR	625	Picture	low_A131	17561230	0	1	30166	1	0	30000	other	0
SEE_06_64_FR	626	Picture	+	17591563	0	1	20166	1	0	37770	other	0
SEE_06_64_FR	627	Picture	hi_A059	17611729	0	1	30166	1	0	30000	other	0
SEE_06_64_FR	628	Picture	+	17642062	0	1	75331	1	0	next	other	0
SEE_06_64_FR	629	Sound	low085a	17662063	0	2			0		other	0
SEE_06_64_FR	630	Picture	500+	17717393	0	1	5167	1	0	5000	other	0
SEE_06_64_FR	631	Picture	low_L055	17722560	0	1	30166	1	0	30000	other	0
SEE_06_64_FR	632	Picture	+	17752726	0	1	62498	1	0	next	other	0
SEE_06_64_FR	633	Sound	low085b	17752726	0	2			0		other	0
SEE_06_64_FR	634	Picture	500+	17815224	0	1	5167	1	0	5000	other	0
SEE_06_64_FR	635	Picture	hi_O006	17820391	0	1	30166	1	0	30000	other	0
SEE_06_64_FR	636	Picture	+	17850723	0	1	20166	1	0	40210	other	0
SEE_06_64_FR	637	Picture	hi_O105	17870889	0	1	30166	1	0	30000	other	0
SEE_06_64_FR	638	Picture	+	17901222	0	1	20166	1	0	30910	other	0
SEE_06_64_FR	639	Picture	low_F123	17921388	0	1	30166	1	0	30000	other	0
SEE_06_64_FR	640	Picture	+	17951721	0	1	85498	1	0	next	other	0
SEE_06_64_FR	641	Sound	hi242a	17971722	0	1			0		other	0
SEE_06_64_FR	642	Picture	500+	18037219	0	1	5167	1	0	5000	other	0
SEE_06_64_FR	643	Picture	low_A104	18042385	0	1	30166	1	0	30000	other	0
SEE_06_64_FR	644	Picture	+	18072551	0	1	60665	1	0	next	other	0
SEE_06_64_FR	645	Sound	hi242b	18072552	0	1			0		other	0
SEE_06_64_FR	646	Picture	500+	18133216	0	1	5167	1	0	5000	other	0
SEE_06_64_FR	647	Picture	hi_P208	18138383	0	1	30166	1	0	30000	other	0
SEE_06_64_FR	648	Picture	+	18168715	0	1	20166	1	0	44020	other	0
SEE_06_64_FR	649	Picture	low_A115	18188882	0	1	30166	1	0	30000	other	0
SEE_06_64_FR	650	Picture	+	18219214	0	1	20166	1	0	37590	other	0
SEE_06_64_FR	651	Picture	hi_P222	18239380	0	1	30166	1	0	30000	other	0
SEE_06_64_FR	652	Picture	+	18269713	0	1	86831	1	0	next	other	0
SEE_06_64_FR	653	Sound	hi128a	18289714	0	1			0		other	0
SEE_06_64_FR	654	Picture	500+	18356544	0	1	5167	1	0	5000	other	0
SEE_06_64_FR	655	Picture	low_P186	18361877	0	1	30166	1	0	30000	other	0
SEE_06_64_FR	656	Picture	+	18392043	0	1	60332	1	0	next	other	0
SEE_06_64_FR	657	Sound	hi128b	18392044	0	1			0		other	0
SEE_06_64_FR	658	Picture	500+	18452375	0	1	5166	1	0	5000	other	0
SEE_06_64_FR	659	Picture	hi_A069	18457708	0	1	30166	1	0	30000	other	0
SEE_06_64_FR	660	Picture	+	18488041	0	1	20166	1	0	30540	other	0
SEE_06_64_FR	661	Picture	low_L163	18508207	0	1	30166	1	0	30000	other	0
SEE_06_64_FR	662	Picture	+	18538540	0	1	20166	1	0	38690	other	0
SEE_06_64_FR	663	Picture	hi_A054	18558706	0	1	30166	1	0	30000	other	0
SEE_06_64_FR	664	Picture	+	18589038	0	1	79165	1	0	next	other	0
SEE_06_64_FR	665	Sound	hi011a	18609039	0	1			0		other	0
SEE_06_64_FR	666	Picture	500+	18668203	0	1	5167	1	0	5000	other	0
SEE_06_64_FR	667	Picture	low_L169	18673536	0	1	30166	1	0	30000	other	0
SEE_06_64_FR	668	Picture	+	18703869	0	1	61998	1	0	next	other	0
SEE_06_64_FR	669	Sound	hi011b	18703869	0	1			0		other	0
SEE_06_64_FR	670	Picture	500+	18765867	0	1	5167	1	0	5000	other	0
SEE_06_64_FR	671	Picture	hi_P139	18771034	0	1	30166	1	0	30000	other	0
SEE_06_64_FR	672	Picture	+	18801366	0	1	20166	1	0	32600	other	0
SEE_06_64_FR	673	Picture	low_A182	18821532	0	1	30166	1	0	30000	other	0
SEE_06_64_FR	674	Picture	+	18851865	0	1	20166	1	0	44130	other	0
SEE_06_64_FR	675	Picture	hi_P147	18872031	0	1	30166	1	0	30000	other	0
SEE_06_64_FR	676	Picture	+	18902364	0	1	80998	1	0	next	other	0
SEE_06_64_FR	677	Sound	hi127a	18922365	0	1			0		other	0
SEE_06_64_FR	678	Picture	500+	18983362	0	1	5167	1	0	5000	other	0
SEE_06_64_FR	679	Picture	hi_P015	18988528	0	1	30166	1	0	30000	other	0
SEE_06_64_FR	680	Picture	+	19018861	0	1	68498	1	0	next	other	0
SEE_06_64_FR	681	Sound	hi127b	19018862	0	1			0		other	0
SEE_06_64_FR	682	Picture	500+	19087359	0	1	5166	1	0	5000	other	0
SEE_06_64_FR	683	Picture	low_A113	19092692	0	1	30166	1	0	30000	other	0
SEE_06_64_FR	684	Picture	+	19123025	0	1	20166	1	0	43940	other	0
SEE_06_64_FR	685	Picture	hi_L026	19143191	0	1	30166	1	0	30000	other	0
SEE_06_64_FR	686	Picture	+	19173524	0	1	20166	1	0	38180	other	0
SEE_06_64_FR	687	Picture	low_P116	19193690	0	1	30166	1	0	30000	other	0
SEE_06_64_FR	688	Picture	+	19224023	0	1	82165	1	0	next	other	0
SEE_06_64_FR	689	Sound	low031a	19244023	0	1			0		other	0
SEE_06_64_FR	690	Picture	500+	19306187	0	1	5167	1	0	5000	other	0
SEE_06_64_FR	691	Picture	low_L102	19311354	0	1	30166	1	0	30000	other	0
SEE_06_64_FR	692	Picture	+	19341520	0	1	62665	1	0	next	other	0
SEE_06_64_FR	693	Sound	low031b	19341520	0	1			0		other	0
SEE_06_64_FR	694	Picture	500+	19404185	0	1	5167	1	0	5000	other	0
SEE_06_64_FR	695	Picture	hi_O001	19409351	0	1	30166	1	0	30000	other	0
SEE_06_64_FR	696	Picture	+	19439684	0	1	20166	1	0	36050	other	0
SEE_06_64_FR	697	Picture	low_L176	19459850	0	1	30166	1	0	30000	other	0
SEE_06_64_FR	698	Picture	+	19490183	0	1	20166	1	0	34200	other	0
SEE_06_64_FR	699	Picture	hi_A025	19510349	0	1	30166	1	0	30000	other	0
SEE_06_64_FR	700	Picture	+	19540681	0	1	87665	1	0	next	other	0
SEE_06_64_FR	701	Sound	hi002a	19560682	0	1			0		other	0
SEE_06_64_FR	702	Picture	500+	19628346	0	1	5167	1	0	5000	other	0
SEE_06_64_FR	703	Picture	low_L143	19633512	0	1	30166	1	0	30000	other	0
SEE_06_64_FR	704	Picture	+	19663678	0	1	66832	1	0	next	other	0
SEE_06_64_FR	705	Sound	hi002b	19663679	0	1			0		other	0
SEE_06_64_FR	706	Picture	500+	19730510	0	1	5167	1	0	5000	other	0
SEE_06_64_FR	707	Picture	hi_F007	19735676	0	1	30166	1	0	30000	other	0
SEE_06_64_FR	708	Picture	+	19766009	0	1	20166	1	0	44860	other	0
SEE_06_64_FR	709	Picture	hi_A063	19786175	0	1	30166	1	0	30000	other	0
SEE_06_64_FR	710	Picture	+	19816508	0	1	20166	1	0	38340	other	0
SEE_06_64_FR	711	Picture	low_L072	19836674	0	1	30166	1	0	30000	other	0
SEE_06_64_FR	712	Picture	+	19867007	0	1	79331	1	0	next	other	0
SEE_06_64_FR	713	Sound	hi253a	19887007	0	1			0		other	0
SEE_06_64_FR	714	Picture	500+	19946338	0	1	5166	1	0	5000	other	0
SEE_06_64_FR	715	Picture	hi_A018	19951504	0	1	30166	1	0	30000	other	0
SEE_06_64_FR	716	Picture	+	19981670	0	1	64165	1	0	next	other	0
SEE_06_64_FR	717	Sound	hi253b	19981671	0	1			0		other	0
SEE_06_64_FR	718	Picture	500+	20045835	0	1	5167	1	0	5000	other	0
SEE_06_64_FR	719	Picture	low_L123	20051002	0	1	30166	1	0	30000	other	0
SEE_06_64_FR	720	Picture	+	20081335	0	1	20166	1	0	42020	other	0
SEE_06_64_FR	721	Picture	low_A160	20101501	0	1	30166	1	0	30000	other	0
SEE_06_64_FR	722	Picture	+	20131833	0	1	20166	1	0	33790	other	0
SEE_06_64_FR	723	Picture	hi_F367	20151999	0	1	30166	1	0	30000	other	0
SEE_06_64_FR	724	Picture	+	20182332	0	1	82165	1	0	next	other	0
SEE_06_64_FR	725	Sound	hi097a	20202333	0	2			0		other	0
SEE_06_64_FR	726	Picture	500+	20264497	0	1	5167	1	0	5000	other	0
SEE_06_64_FR	727	Picture	low_L153	20269663	0	1	30166	1	0	30000	other	0
SEE_06_64_FR	728	Picture	+	20299829	0	1	58332	1	0	next	other	0
SEE_06_64_FR	729	Sound	hi097b	20299830	0	1			0		other	0
SEE_06_64_FR	730	Picture	500+	20358161	0	1	5167	1	0	5000	other	0
SEE_06_64_FR	731	Picture	hi_O126	20363328	0	1	30166	1	0	30000	other	0
SEE_06_64_FR	732	Picture	+	20393660	0	1	20166	1	0	33810	other	0
SEE_06_64_FR	733	Picture	hi_P198	20413826	0	1	30166	1	0	30000	other	0
SEE_06_64_FR	734	Picture	+	20444159	0	1	20166	1	0	39140	other	0
SEE_06_64_FR	735	Picture	low_F124	20464325	0	1	30166	1	0	30000	other	0
SEE_06_64_FR	736	Picture	+	20494658	0	1	78498	1	0	next	other	0
SEE_06_64_FR	737	Sound	hi159a	20514658	0	1			0		other	0
SEE_06_64_FR	738	Picture	500+	20573156	0	1	5167	1	0	5000	other	0
SEE_06_64_FR	739	Picture	hi_O291	20578322	0	1	30166	1	0	30000	other	0
SEE_06_64_FR	740	Picture	+	20608488	0	1	69498	1	0	next	other	0
SEE_06_64_FR	741	Sound	hi159b	20608489	0	1			0		other	0
SEE_06_64_FR	742	Picture	500+	20677986	0	1	5167	1	0	5000	other	0
SEE_06_64_FR	743	Picture	low_L167	20683320	0	1	30166	1	0	30000	other	0
SEE_06_64_FR	744	Picture	+	20713652	0	1	20166	1	0	34570	other	0
SEE_06_64_FR	745	Picture	hi_P240	20733818	0	1	30166	1	0	30000	other	0
SEE_06_64_FR	746	Picture	+	20764151	0	1	20166	1	0	42060	other	0
SEE_06_64_FR	747	Picture	low_L175	20784317	0	1	30166	1	0	30000	other	0
SEE_06_64_FR	748	Picture	+	20814650	0	1	86665	1	0	next	other	0
SEE_06_64_FR	749	Sound	low276a	20834650	0	1			0		other	0
SEE_06_64_FR	750	Picture	500+	20901314	0	1	5166	1	0	5000	other	0
SEE_06_64_FR	751	Picture	hi_P239	20906481	0	1	30166	1	0	30000	other	0
SEE_06_64_FR	752	Picture	+	20936647	0	1	61822	178	0	next	other	0
SEE_06_64_FR	753	Sound	low276b	20936647	0	1			0		other	0
SEE_06_64_FR	754	Picture	500+	20998468	0	178	5010	178	0	5000	other	0
SEE_06_64_FR	755	Picture	low_A136	21003645	0	1	30166	1	0	30000	other	0
SEE_06_64_FR	756	Picture	+	21033978	0	1	20166	1	0	44510	other	0
SEE_06_64_FR	757	Picture	hi_P143	21054144	0	1	30166	1	0	30000	other	0
SEE_06_64_FR	758	Picture	+	21084476	0	1	20166	1	0	36990	other	0
SEE_06_64_FR	759	Picture	low_P054	21104642	0	1	30166	1	0	30000	other	0
SEE_06_64_FR	760	Picture	+	21134975	0	1	88831	1	0	next	other	0
SEE_06_64_FR	761	Sound	hi202a	21154976	0	1			0		other	0
SEE_06_64_FR	762	Picture	500+	21223806	0	1	5167	1	0	5000	other	0
SEE_06_64_FR	763	Picture	low_A219	21228973	0	1	30166	1	0	30000	other	0
SEE_06_64_FR	764	Picture	+	21259139	0	1	57832	1	0	next	other	0
SEE_06_64_FR	765	Sound	hi202b	21259139	0	1			0		other	0
SEE_06_64_FR	766	Picture	500+	21316971	0	1	5167	1	0	5000	other	0
SEE_06_64_FR	767	Picture	hi_P217	21322137	0	1	30166	1	0	30000	other	0
SEE_06_64_FR	768	Picture	+	21352470	0	1	20166	1	0	36710	other	0
SEE_06_64_FR	769	Picture	hi_F032	21372636	0	1	30166	1	0	30000	other	0
SEE_06_64_FR	770	Picture	+	21402968	0	1	20166	1	0	44410	other	0
SEE_06_64_FR	771	Picture	low_A099	21423135	0	1	30166	1	0	30000	other	0
SEE_06_64_FR	772	Picture	+	21453467	0	1	84998	1	0	next	other	0
SEE_06_64_FR	773	Sound	hi010a	21473468	0	1			0		other	0
SEE_06_64_FR	774	Picture	500+	21538465	0	1	5167	1	0	5000	other	0
SEE_06_64_FR	775	Picture	low_P250	21543798	0	1	30166	1	0	30000	other	0
SEE_06_64_FR	776	Picture	+	21573964	0	1	68165	1	0	next	other	0
SEE_06_64_FR	777	Sound	hi010b	21573965	0	1			0		other	0
SEE_06_64_FR	778	Picture	500+	21642129	0	1	5167	1	0	5000	other	0
SEE_06_64_FR	779	Picture	hi_L007	21647296	0	1	30166	1	0	30000	other	0
SEE_06_64_FR	780	Picture	+	21677628	0	1	20166	1	0	36500	other	0
SEE_06_64_FR	781	Picture	low_L046	21697794	0	1	30166	1	0	30000	other	0
SEE_06_64_FR	782	Picture	+	21728127	0	1	20166	1	0	32230	other	0
SEE_06_64_FR	783	Picture	hi_A073	21748293	0	1	30166	1	0	30000	other	0
SEE_06_64_FR	784	Picture	+	21778626	0	1	81331	1	0	next	other	0
SEE_06_64_FR	785	Sound	hi142a	21798627	0	1			0		other	0
SEE_06_64_FR	786	Picture	500+	21859957	0	1	5167	1	0	5000	other	0
SEE_06_64_FR	787	Picture	low_L148	21865124	0	1	30166	1	0	30000	other	0
SEE_06_64_FR	788	Picture	+	21895289	0	1	60165	1	0	next	other	0
SEE_06_64_FR	789	Sound	hi142b	21895290	0	1			0		other	0
SEE_06_64_FR	790	Picture	500+	21955455	0	1	5167	1	0	5000	other	0
SEE_06_64_FR	791	Picture	hi_F010	21960788	0	1	30166	1	0	30000	other	0
SEE_06_64_FR	792	Picture	+	21991120	0	1	20166	1	0	44980	other	0
SEE_06_64_FR	793	Picture	low_L174	22011287	0	1	30166	1	0	30000	other	0
SEE_06_64_FR	794	Picture	+	22041619	0	1	20166	1	0	38630	other	0
SEE_06_64_FR	795	Picture	hi_O154	22061785	0	1	30166	1	0	30000	other	0
SEE_06_64_FR	796	Picture	+	22092118	0	1	75498	1	0	next	other	0
SEE_06_64_FR	797	Sound	hi123a	22112119	0	1			0		other	0
SEE_06_64_FR	798	Picture	500+	22167616	0	1	5167	1	0	5000	other	0
SEE_06_64_FR	799	Picture	hi_P007	22172783	0	1	30166	1	0	30000	other	0
SEE_06_64_FR	800	Picture	+	22202949	0	1	67165	1	0	next	other	0
SEE_06_64_FR	801	Sound	hi123b	22202949	0	1			0		other	0
SEE_06_64_FR	802	Picture	500+	22270113	0	1	5167	1	0	5000	other	0
SEE_06_64_FR	803	Picture	low_P138	22275447	0	1	30166	1	0	30000	other	0
SEE_06_64_FR	804	Picture	+	22305779	0	1	20166	1	0	35560	other	0
SEE_06_64_FR	805	Picture	hi_P005	22325945	0	1	30166	1	0	30000	other	0
SEE_06_64_FR	806	Picture	+	22356278	0	1	20166	1	0	40050	other	0
SEE_06_64_FR	807	Picture	low_L090	22376444	0	1	30166	1	0	30000	other	0
SEE_06_64_FR	808	Picture	+	22406777	0	1	75998	1	0	next	other	0
SEE_06_64_FR	809	Sound	low171a	22426778	0	1			0		other	0
SEE_06_64_FR	810	Picture	500+	22482775	0	1	5167	1	0	5000	other	0
SEE_06_64_FR	811	Picture	hi_P223	22487941	0	1	30166	1	0	30000	other	0
SEE_06_64_FR	812	Picture	+	22518107	0	1	65165	1	0	next	other	0
SEE_06_64_FR	813	Sound	low171b	22518108	0	1			0		other	0
SEE_06_64_FR	814	Picture	500+	22583272	0	1	5167	1	0	5000	other	0
SEE_06_64_FR	815	Picture	low_F121	22588439	0	1	30166	1	0	30000	other	0
SEE_06_64_FR	816	Picture	+	22618772	0	1	20166	1	0	31600	other	0
SEE_06_64_FR	817	Picture	low_A146	22638938	0	1	30166	1	0	30000	other	0
SEE_06_64_FR	818	Picture	+	22669270	0	1	20166	1	0	42260	other	0
SEE_06_64_FR	819	Picture	hi_O148	22689436	0	1	30166	1	0	30000	other	0
SEE_06_64_FR	820	Picture	+	22719769	0	1	86498	1	0	next	other	0
SEE_06_64_FR	821	Sound	low149a	22739770	0	1			0		other	0
SEE_06_64_FR	822	Picture	500+	22806267	0	1	5167	1	0	5000	other	0
SEE_06_64_FR	823	Picture	hi_F274	22811433	0	1	30166	1	0	30000	other	0
SEE_06_64_FR	824	Picture	+	22841599	0	1	66498	1	0	next	other	0
SEE_06_64_FR	825	Sound	low149b	22841600	0	1			0		other	0
SEE_06_64_FR	826	Picture	500+	22908098	0	1	5167	1	0	5000	other	0
SEE_06_64_FR	827	Picture	low_L183	22913264	0	1	30166	1	0	30000	other	0
SEE_06_64_FR	828	Picture	+	22943597	0	1	20166	1	0	32500	other	0
SEE_06_64_FR	829	Picture	low_L111	22963763	0	1	30166	1	0	30000	other	0
SEE_06_64_FR	830	Picture	+	22994096	0	1	20166	1	0	38940	other	0
SEE_06_64_FR	831	Picture	hi_F265	23014262	0	1	30166	1	0	30000	other	0
SEE_06_64_FR	832	Picture	+	23044594	0	1	82165	1	0	next	other	0
SEE_06_64_FR	833	Sound	hi247a	23064595	0	1			0		other	0
SEE_06_64_FR	834	Picture	500+	23126759	0	1	5167	1	0	5000	other	0
SEE_06_64_FR	835	Picture	hi_L177	23131925	0	1	30166	1	0	30000	other	0
SEE_06_64_FR	836	Picture	+	23162258	0	1	59832	1	0	next	other	0
SEE_06_64_FR	837	Sound	hi247b	23162259	0	1			0		other	0
SEE_06_64_FR	838	Picture	500+	23222090	0	1	5167	1	0	5000	other	0
SEE_06_64_FR	839	Picture	low_F228	23227256	0	1	30166	1	0	30000	other	0
SEE_06_64_FR	840	Picture	+	23257589	0	1	20166	1	0	41600	other	0
SEE_06_64_FR	841	Picture	low_L051	23277755	0	1	30166	1	0	30000	other	0
SEE_06_64_FR	842	Picture	+	23308088	0	1	20166	1	0	40990	other	0
SEE_06_64_FR	843	Picture	hi_F018	23328254	0	1	30166	1	0	30000	other	0
SEE_06_64_FR	844	Picture	+	23358586	0	1	76998	1	0	next	other	0
SEE_06_64_FR	845	Sound	low344a	23378587	0	1			0		other	0
SEE_06_64_FR	846	Picture	500+	23435585	0	1	5167	1	0	5000	other	0
SEE_06_64_FR	847	Picture	low_P108	23440751	0	1	30166	1	0	30000	other	0
SEE_06_64_FR	848	Picture	+	23470917	0	1	62498	1	0	next	other	0
SEE_06_64_FR	849	Sound	low344b	23470918	0	1			0		other	0
SEE_06_64_FR	850	Picture	500+	23533415	0	1	5167	1	0	5000	other	0
SEE_06_64_FR	851	Picture	hi_P086	23538582	0	1	30166	1	0	30000	other	0
SEE_06_64_FR	852	Picture	+	23568915	0	1	20166	1	0	38070	other	0
SEE_06_64_FR	853	Picture	hi_P004	23589081	0	1	30166	1	0	30000	other	0
SEE_06_64_FR	854	Picture	+	23619413	0	1	20166	1	0	32300	other	0
SEE_06_64_FR	855	Picture	low_F042	23639579	0	1	30166	1	0	30000	other	0
SEE_06_64_FR	856	Picture	+	23669912	0	1	82831	1	0	next	other	0
SEE_06_64_FR	857	Sound	hi172a	23689913	0	1			0		other	0
SEE_06_64_FR	858	Picture	500+	23752743	0	1	5167	1	0	5000	other	0
SEE_06_64_FR	859	Picture	hi_O125	23757910	0	1	30166	1	0	30000	other	0
SEE_06_64_FR	860	Picture	+	23788076	0	1	61498	1	0	next	other	0
SEE_06_64_FR	861	Sound	hi172b	23788076	0	1			0		other	0
SEE_06_64_FR	862	Picture	500+	23849574	0	1	5167	1	0	5000	other	0
SEE_06_64_FR	863	Picture	low_F056	23854908	0	1	30166	1	0	30000	other	0
SEE_06_64_FR	864	Picture	+	23885240	0	1	20166	1	0	34750	other	0
SEE_06_64_FR	865	Picture	low_F111	23905406	0	1	30166	1	0	30000	other	0
SEE_06_64_FR	866	Picture	+	23935739	0	1	20166	1	0	31780	other	0
SEE_06_64_FR	867	Picture	hi_P231	23955905	0	1	30166	1	0	30000	other	0
SEE_06_64_FR	868	Picture	+	23986238	0	1	76831	1	0	next	other	0
SEE_06_64_FR	869	Sound	low272a	24006238	0	1			0		other	0
SEE_06_64_FR	870	Picture	500+	24063069	0	1	5167	1	0	5000	other	0
SEE_06_64_FR	871	Picture	hi_O285	24068236	0	1	30166	1	0	30000	other	0
SEE_06_64_FR	872	Picture	+	24098568	0	1	58665	1	0	next	other	0
SEE_06_64_FR	873	Sound	low272b	24098569	0	1			0		other	0
SEE_06_64_FR	874	Picture	500+	24157233	0	1	5167	1	0	5000	other	0
SEE_06_64_FR	875	Picture	low_O192	24162400	0	1	30166	1	0	30000	other	0
SEE_06_64_FR	876	Picture	+	24192732	0	1	20166	1	0	37940	other	0
SEE_06_64_FR	877	Picture	low_L121	24212899	0	1	30166	1	0	30000	other	0
SEE_06_64_FR	878	Picture	+	24243231	0	1	20166	1	0	44710	other	0
SEE_06_64_FR	879	Picture	hi_F014	24263397	0	1	30166	1	0	30000	other	0
SEE_06_64_FR	880	Picture	+	24293730	0	1	84331	1	0	next	other	0
SEE_06_64_FR	881	Sound	hi169a	24313731	0	1			0		other	0
SEE_06_64_FR	882	Picture	500+	24378061	0	1	5167	1	0	5000	other	0
SEE_06_64_FR	883	Picture	low_A156	24383228	0	1	30166	1	0	30000	other	0
SEE_06_64_FR	884	Picture	+	24413394	0	1	59165	1	0	next	other	0
SEE_06_64_FR	885	Sound	hi169b	24413394	0	1			0		other	0
SEE_06_64_FR	886	Picture	500+	24472559	0	1	5167	1	0	5000	other	0
SEE_06_64_FR	887	Picture	hi_P006	24477725	0	1	30166	1	0	30000	other	0
SEE_06_64_FR	888	Picture	+	24508058	0	1	20166	1	0	39560	other	0
SEE_06_64_FR	889	Picture	hi_P232	24528224	0	1	30166	1	0	30000	other	0
SEE_06_64_FR	890	Picture	+	24558557	0	1	20166	1	0	38930	other	0
SEE_06_64_FR	891	Picture	low_A184	24578723	0	1	30166	1	0	30000	other	0
SEE_06_64_FR	892	Picture	+	24609055	0	1	84998	1	0	next	other	0
SEE_06_64_FR	893	Sound	low032a	24629056	0	1			0		other	0
SEE_06_64_FR	894	Picture	500+	24694053	0	1	5167	1	0	5000	other	0
SEE_06_64_FR	895	Picture	low_L142	24699220	0	1	30166	1	0	30000	other	0
SEE_06_64_FR	896	Picture	+	24729552	0	1	65832	1	0	next	other	0
SEE_06_64_FR	897	Sound	low032b	24729553	0	1			0		other	0
SEE_06_64_FR	898	Picture	500+	24795384	0	1	5167	1	0	5000	other	0
SEE_06_64_FR	899	Picture	hi_O003	24800551	0	1	30166	1	0	30000	other	0
SEE_06_64_FR	900	Picture	+	24830883	0	1	20166	1	0	34820	other	0
SEE_06_64_FR	901	Picture	low_P113	24851049	0	1	30166	1	0	30000	other	0
SEE_06_64_FR	902	Picture	+	24881382	0	1	20166	1	0	40880	other	0
SEE_06_64_FR	903	Picture	hi_P123	24901548	0	1	30166	1	0	30000	other	0
SEE_06_64_FR	904	Picture	+	24931881	0	1	89998	1	0	next	other	0
SEE_06_64_FR	905	Sound	low358a	24951882	0	2			0		other	0
SEE_06_64_FR	906	Picture	500+	25021879	0	1	5167	1	0	5000	other	0
SEE_06_64_FR	907	Picture	hi_F170	25027212	0	1	30166	1	0	30000	other	0
SEE_06_64_FR	908	Picture	+	25057378	0	1	69498	1	0	next	other	0
SEE_06_64_FR	909	Sound	low358b	25057378	0	1			0		other	0
SEE_06_64_FR	910	Picture	500+	25126876	0	1	5167	1	0	5000	other	0
SEE_06_64_FR	911	Picture	low_A126	25132209	0	1	30166	1	0	30000	other	0
SEE_06_64_FR	912	Picture	+	25162542	0	1	20166	1	0	39480	other	0
SEE_06_64_FR	913	Picture	low_L161	25182708	0	1	30166	1	0	30000	other	0
SEE_06_64_FR	914	Picture	+	25213040	0	1	20166	1	0	36210	other	0
SEE_06_64_FR	915	Picture	hi_A037	25233207	0	1	30166	1	0	30000	other	0
SEE_06_64_FR	916	Picture	+	25263539	0	1	87664	1	0	next	other	0
SEE_06_64_FR	917	Sound	low071a	25283540	0	1			0		other	0
SEE_06_64_FR	918	Picture	500+	25351204	0	1	5167	1	0	5000	other	0
SEE_06_64_FR	919	Picture	low_A170	25356370	0	1	30166	1	0	30000	other	0
SEE_06_64_FR	920	Picture	+	25386703	0	1	68998	1	0	next	other	0
SEE_06_64_FR	921	Sound	low071b	25386703	0	1			0		other	0
SEE_06_64_FR	922	Picture	500+	25455701	0	1	5166	1	0	5000	other	0
SEE_06_64_FR	923	Picture	hi_F271	25461034	0	1	30166	1	0	30000	other	0
SEE_06_64_FR	924	Picture	+	25491367	0	1	20166	1	0	40340	other	0
SEE_06_64_FR	925	Picture	low_O219	25511533	0	1	30166	1	0	30000	other	0
SEE_06_64_FR	926	Picture	+	25541866	0	1	20166	1	0	31160	other	0
SEE_06_64_FR	927	Picture	hi_O022	25562032	0	1	30166	1	0	30000	other	0
SEE_06_64_FR	928	Picture	+	25592364	0	1	78998	1	0	next	other	0
SEE_06_64_FR	929	Sound	hi158a	25612365	0	2			0		other	0
SEE_06_64_FR	930	Picture	500+	25671362	0	1	5167	1	0	5000	other	0
SEE_06_64_FR	931	Picture	low_P115	25676529	0	1	30166	1	0	30000	other	0
SEE_06_64_FR	932	Picture	+	25706695	0	1	59999	1	0	next	other	0
SEE_06_64_FR	933	Sound	hi158b	25706695	0	1			0		other	0
SEE_06_64_FR	934	Picture	500+	25766693	0	1	5167	1	0	5000	other	0
SEE_06_64_FR	935	Picture	hi_P214	25772027	0	1	30166	1	0	30000	other	0
SEE_06_64_FR	936	Picture	+	25802359	0	1	20166	1	0	35310	other	0
SEE_06_64_FR	937	Picture	low_L104	25822525	0	1	30166	1	0	30000	other	0
SEE_06_64_FR	938	Picture	+	25852858	0	1	20166	1	0	33160	other	0
SEE_06_64_FR	939	Picture	hi_P033	25873024	0	1	30166	1	0	30000	other	0
SEE_06_64_FR	940	Picture	+	25903357	0	1	76331	1	0	next	other	0
SEE_06_64_FR	941	Sound	low118a	25923357	0	1			0		other	0
SEE_06_64_FR	942	Picture	500+	25979688	0	1	5167	1	0	5000	other	0
SEE_06_64_FR	943	Picture	low_O256	25985021	0	1	30166	1	0	30000	other	0
SEE_06_64_FR	944	Picture	+	26015187	0	1	67998	1	0	next	other	0
SEE_06_64_FR	945	Sound	low118b	26015188	0	1			0		other	0
SEE_06_64_FR	946	Picture	500+	26083186	0	1	5167	1	0	5000	other	0
SEE_06_64_FR	947	Picture	hi_A072	26088352	0	1	30166	1	0	30000	other	0
SEE_06_64_FR	948	Picture	+	26118685	0	1	20166	1	0	44260	other	0
SEE_06_64_FR	949	Picture	hi_A078	26138851	0	1	30166	1	0	30000	other	0
SEE_06_64_FR	950	Picture	+	26169183	0	1	20166	1	0	34560	other	0
SEE_06_64_FR	951	Picture	low_A185	26189350	0	1	30166	1	0	30000	other	0
SEE_06_64_FR	952	Picture	+	26219682	0	1	76665	1	0	next	other	0
SEE_06_64_FR	953	Sound	hi012a	26239683	0	1			0		other	0
SEE_06_64_FR	954	Picture	500+	26296347	0	1	5167	1	0	5000	other	0
SEE_06_64_FR	955	Picture	low_L179	26301513	0	1	30166	1	0	30000	other	0
SEE_06_64_FR	956	Picture	+	26331846	0	1	61832	1	0	next	other	0
SEE_06_64_FR	957	Sound	hi012b	26331847	0	1			0		other	0
SEE_06_64_FR	958	Picture	500+	26393678	0	1	5167	1	0	5000	other	0
SEE_06_64_FR	959	Picture	hi_P206	26399011	0	1	30166	1	0	30000	other	0
SEE_06_64_FR	960	Picture	+	26429344	0	1	20166	1	0	35630	other	0
SEE_06_64_FR	961	Picture	hi_O139	26449510	0	1	30166	1	0	30000	other	0
SEE_06_64_FR	962	Picture	+	26479842	0	1	20166	1	0	34650	other	0
SEE_06_64_FR	963	Picture	low_L018	26500008	0	1	30166	1	0	30000	other	0
SEE_06_64_FR	964	Picture	+	26530341	0	1	77665	1	0	next	other	0
SEE_06_64_FR	965	Sound	low089a	26550342	0	1			0		other	0
SEE_06_64_FR	966	Picture	500+	26608006	0	1	5167	1	0	5000	other	0
SEE_06_64_FR	967	Picture	hi_F321	26613172	0	1	30166	1	0	30000	other	0
SEE_06_64_FR	968	Picture	+	26643338	0	1	64498	1	0	next	other	0
SEE_06_64_FR	969	Sound	low089b	26643339	0	1			0		other	0
SEE_06_64_FR	970	Picture	500+	26707837	0	1	5167	1	0	5000	other	0
SEE_06_64_FR	971	Picture	low_F345	26713170	0	1	30166	1	0	30000	other	0
SEE_06_64_FR	972	Picture	+	26743502	0	1	20166	1	0	31400	other	0
SEE_06_64_FR	973	Picture	low_P045	26763669	0	1	30166	1	0	30000	other	0
SEE_06_64_FR	974	Picture	+	26794001	0	1	20166	1	0	38050	other	0
SEE_06_64_FR	975	Picture	hi_F021	26814167	0	1	30166	1	0	30000	other	0
SEE_06_64_FR	976	Picture	+	26844500	0	1	75831	1	0	next	other	0
SEE_06_64_FR	977	Sound	hi214a	26864501	0	1			0		other	0
SEE_06_64_FR	978	Picture	500+	26920331	0	1	5167	1	0	5000	other	0
SEE_06_64_FR	979	Picture	low_P104	26925498	0	1	30166	1	0	30000	other	0
SEE_06_64_FR	980	Picture	+	26955664	0	1	65165	1	0	next	other	0
SEE_06_64_FR	981	Sound	hi214b	26955664	0	1			0		other	0
SEE_06_64_FR	982	Picture	500+	27020829	0	1	5166	1	0	5000	other	0
SEE_06_64_FR	983	Picture	hi_A020	27025995	0	1	30166	1	0	30000	other	0
SEE_06_64_FR	984	Picture	+	27056328	0	1	20166	1	0	38540	other	0
SEE_06_64_FR	985	Picture	hi_A060	27076494	0	1	30166	1	0	30000	other	0
SEE_06_64_FR	986	Picture	+	27106827	0	1	20166	1	0	36750	other	0
SEE_06_64_FR	987	Picture	low_L048	27126993	0	1	30166	1	0	30000	other	0
SEE_06_64_FR	988	Picture	+	27157325	0	1	78165	1	0	next	other	0
SEE_06_64_FR	989	Sound	low035a	27177326	0	1			0		other	0
SEE_06_64_FR	990	Picture	500+	27235490	0	1	5167	1	0	5000	other	0
SEE_06_64_FR	991	Picture	low_F224	27240657	0	1	30166	1	0	30000	other	0
SEE_06_64_FR	992	Picture	+	27270823	0	1	69665	1	0	next	other	0
SEE_06_64_FR	993	Sound	low035b	27270823	0	1			0		other	0
SEE_06_64_FR	994	Picture	500+	27340488	0	1	5167	1	0	5000	other	0
SEE_06_64_FR	995	Picture	hi_P125	27345654	0	1	30166	1	0	30000	other	0
SEE_06_64_FR	996	Picture	+	27375987	0	1	20166	1	0	37400	other	0
SEE_06_64_FR	997	Picture	hi_A045	27396153	0	1	30166	1	0	30000	other	0
SEE_06_64_FR	998	Picture	+	27426485	0	1	20166	1	0	41660	other	0
SEE_06_64_FR	999	Picture	low_F001	27446652	0	1	30166	1	0	30000	other	0
SEE_06_64_FR	1000	Picture	+	27476984	0	1	86998	1	0	next	other	0
SEE_06_64_FR	1001	Sound	low053a	27496985	0	1			0		other	0
SEE_06_64_FR	1002	Picture	500+	27563982	0	1	5167	1	0	5000	other	0
SEE_06_64_FR	1003	Picture	hi_F174	27569315	0	1	30166	1	0	30000	other	0
SEE_06_64_FR	1004	Picture	+	27599481	0	1	60998	1	0	next	other	0
SEE_06_64_FR	1005	Sound	low053b	27599482	0	1			0		other	0
SEE_06_64_FR	1006	Picture	500+	27660480	0	1	5166	1	0	5000	other	0
SEE_06_64_FR	1007	Picture	low_A158	27665646	0	1	30166	1	0	30000	other	0
SEE_06_64_FR	1008	Picture	+	27695979	0	1	20166	1	0	38940	other	0
SEE_06_64_FR	1009	Picture	hi_A034	27716145	0	1	30166	1	0	30000	other	0
SEE_06_64_FR	1010	Picture	+	27746477	0	1	20166	1	0	44850	other	0
SEE_06_64_FR	1011	Picture	low_L094	27766644	0	1	30166	1	0	30000	other	0
SEE_06_64_FR	1012	Picture	+	27796976	0	1	85831	1	0	next	other	0
SEE_06_64_FR	1013	Sound	low330a	27816977	0	1			0		other	0
SEE_06_64_FR	1014	Picture	500+	27882807	0	1	5167	1	0	5000	other	0
SEE_06_64_FR	1015	Picture	low_L083	27887974	0	1	30166	1	0	30000	other	0
SEE_06_64_FR	1016	Picture	+	27918140	0	1	59165	1	0	next	other	0
SEE_06_64_FR	1017	Sound	low330b	27918141	0	1			0		other	0
SEE_06_64_FR	1018	Picture	500+	27977305	0	1	5167	1	0	5000	other	0
SEE_06_64_FR	1019	Picture	hi_P216	27982472	0	1	30166	1	0	30000	other	0
SEE_06_64_FR	1020	Picture	+	28012804	0	1	20166	1	0	31440	other	0
SEE_06_64_FR	1021	Picture	hi_P037	28032970	0	1	30166	1	0	30000	other	0
SEE_06_64_FR	1022	Picture	+	28063303	0	1	20166	1	0	38860	other	0
SEE_06_64_FR	1023	Picture	low_F045	28083469	0	1	30166	1	0	30000	other	0
SEE_06_64_FR	1024	Picture	+	28113802	0	1	83665	1	0	next	other	0
SEE_06_64_FR	1025	Sound	hi243a	28133803	0	1			0		other	0
SEE_06_64_FR	1026	Picture	500+	28197466	0	1	5167	1	0	5000	other	0
SEE_06_64_FR	1027	Picture	low_F099	28202633	0	1	30166	1	0	30000	other	0
SEE_06_64_FR	1028	Picture	+	28232965	0	1	64832	1	0	next	other	0
SEE_06_64_FR	1029	Sound	hi243b	28232966	0	1			0		other	0
SEE_06_64_FR	1030	Picture	500+	28297797	0	1	5167	1	0	5000	other	0
SEE_06_64_FR	1031	Picture	hi_A068	28302964	0	1	30166	1	0	30000	other	0
SEE_06_64_FR	1032	Picture	+	28333296	0	1	20166	1	0	43860	other	0
SEE_06_64_FR	1033	Picture	hi_A075	28353462	0	1	30166	1	0	30000	other	0
SEE_06_64_FR	1034	Picture	+	28383795	0	1	20166	1	0	43020	other	0
SEE_06_64_FR	1035	Picture	low_A217	28403961	0	1	30166	1	0	30000	other	0
SEE_06_64_FR	1036	Picture	+	28434294	0	1	84998	1	0	next	other	0
SEE_06_64_FR	1037	Sound	low345a	28454295	0	1			0		other	0
SEE_06_64_FR	1038	Picture	500+	28519292	0	1	5167	1	0	5000	other	0
SEE_06_64_FR	1039	Picture	low_O220	28524458	0	1	30166	1	0	30000	other	0
SEE_06_64_FR	1040	Picture	+	28554624	0	1	64498	1	0	next	other	0
SEE_06_64_FR	1041	Sound	low345b	28554625	0	1			0		other	0
SEE_06_64_FR	1042	Picture	500+	28619122	0	1	5167	1	0	5000	other	0
SEE_06_64_FR	1043	Picture	hi_P001	28624289	0	1	30166	1	0	30000	other	0
SEE_06_64_FR	1044	Picture	+	28654622	0	1	20166	1	0	40710	other	0
SEE_06_64_FR	1045	Picture	low_F214	28674788	0	1	30166	1	0	30000	other	0
SEE_06_64_FR	1046	Picture	+	28705120	0	1	20166	1	0	32610	other	0
SEE_06_64_FR	1047	Picture	hi_P230	28725286	0	1	30166	1	0	30000	other	0
SEE_06_64_FR	1048	Picture	+	28755619	0	1	79665	1	0	next	other	0
SEE_06_64_FR	1049	Sound	low279a	28775620	0	2			0		other	0
SEE_06_64_FR	1050	Picture	500+	28835284	0	1	5167	1	0	5000	other	0
SEE_06_64_FR	1051	Picture	hi_P220	28840617	0	1	30166	1	0	30000	other	0
SEE_06_64_FR	1052	Picture	+	28870783	0	1	60498	1	0	next	other	0
SEE_06_64_FR	1053	Sound	low279b	28870784	0	1			0		other	0
SEE_06_64_FR	1054	Picture	500+	28931281	0	1	5167	1	0	5000	other	0
SEE_06_64_FR	1055	Picture	low_L089	28936615	0	1	30166	1	0	30000	other	0
SEE_06_64_FR	1056	Picture	+	28966947	0	1	20166	1	0	35000	other	0
SEE_06_64_FR	1057	Picture	hi_P228	28987113	0	1	30166	1	0	30000	other	0
SEE_06_64_FR	1058	Picture	+	29017446	0	1	20166	1	0	41580	other	0
SEE_06_64_FR	1059	Picture	low_L149	29037612	0	1	30166	1	0	30000	other	0
SEE_06_64_FR	1060	Picture	+	29067945	0	1	78831	1	0	next	other	0
SEE_06_64_FR	1061	Sound	hi252a	29087945	0	2			0		other	0
SEE_06_64_FR	1062	Picture	500+	29146776	0	1	5167	1	0	5000	other	0
SEE_06_64_FR	1063	Picture	hi_P040	29151943	0	1	30166	1	0	30000	other	0
SEE_06_64_FR	1064	Picture	+	29182108	0	1	66832	1	0	next	other	0
SEE_06_64_FR	1065	Sound	hi252b	29182109	0	1			0		other	0
SEE_06_64_FR	1066	Picture	500+	29248940	0	1	5167	1	0	5000	other	0
SEE_06_64_FR	1067	Picture	low_A159	29254107	0	1	30166	1	0	30000	other	0
SEE_06_64_FR	1068	Picture	+	29284439	0	1	20166	1	0	35000	other	0
SEE_06_64_FR	1069	Picture	low_L173	29304605	0	1	30166	1	0	30000	other	0
SEE_06_64_FR	1070	Picture	+	29334938	0	1	20166	1	0	43110	other	0
SEE_06_64_FR	1071	Picture	hi_F273	29355104	0	1	30166	1	0	30000	other	0
SEE_06_64_FR	1072	Picture	+	29385437	0	1	87331	1	0	next	other	0
SEE_06_64_FR	1073	Sound	low042a	29405438	0	1			0		other	0
SEE_06_64_FR	1074	Picture	500+	29472768	0	1	5167	1	0	5000	other	0
SEE_06_64_FR	1075	Picture	low_O214	29477935	0	1	30166	1	0	30000	other	0
SEE_06_64_FR	1076	Picture	+	29508100	0	1	55832	1	0	next	other	0
SEE_06_64_FR	1077	Sound	low042b	29508101	0	1			0		other	0
SEE_06_64_FR	1078	Picture	500+	29563932	0	1	5167	1	0	5000	other	0
SEE_06_64_FR	1079	Picture	hi_F287	29569266	0	1	30166	1	0	30000	other	0
SEE_06_64_FR	1080	Picture	+	29599598	0	1	20166	1	0	40300	other	0
SEE_06_64_FR	1081	Picture	low_O327	29619764	0	1	30166	1	0	30000	other	0
SEE_06_64_FR	1082	Picture	+	29650097	0	1	20166	1	0	38110	other	0
SEE_06_64_FR	1083	Picture	hi_P124	29670263	0	1	30166	1	0	30000	other	0
SEE_06_64_FR	1084	Picture	+	29700596	0	1	87665	1	0	next	other	0
SEE_06_64_FR	1085	Sound	low271a	29720596	0	1			0		other	0
SEE_06_64_FR	1086	Picture	500+	29788260	0	1	5167	1	0	5000	other	0
SEE_06_64_FR	1087	Picture	low_L113	29793427	0	1	30166	1	0	30000	other	0
SEE_06_64_FR	1088	Picture	+	29823593	0	1	59332	1	0	next	other	0
SEE_06_64_FR	1089	Sound	low271b	29823593	0	1			0		other	0
SEE_06_64_FR	1090	Picture	500+	29882924	0	1	5166	1	0	5000	other	0
SEE_06_64_FR	1091	Picture	hi_P023	29888091	0	1	30166	1	0	30000	other	0
SEE_06_64_FR	1092	Picture	+	29918424	0	1	20166	1	0	43020	other	0
SEE_06_64_FR	1093	Picture	low_L009	29938590	0	1	30166	1	0	30000	other	0
SEE_06_64_FR	1094	Picture	+	29968922	0	1	20166	1	0	39950	other	0
SEE_06_64_FR	1095	Picture	hi_P235	29989088	0	1	30166	1	0	30000	other	0
SEE_06_64_FR	1096	Picture	+	30019421	0	1	80998	1	0	next	other	0
SEE_06_64_FR	1097	Sound	low079a	30039422	0	1			0		other	0
SEE_06_64_FR	1098	Picture	500+	30100419	0	1	5167	1	0	5000	other	0
SEE_06_64_FR	1099	Picture	low_F067	30105586	0	1	30166	1	0	30000	other	0
SEE_06_64_FR	1100	Picture	+	30135918	0	1	59665	1	0	next	other	0
SEE_06_64_FR	1101	Sound	low079b	30135919	0	1			0		other	0
SEE_06_64_FR	1102	Picture	500+	30195583	0	1	5167	1	0	5000	other	0
SEE_06_64_FR	1103	Picture	hi_P215	30200917	0	1	30166	1	0	30000	other	0
SEE_06_64_FR	1104	Picture	+	30231249	0	1	20166	1	0	36060	other	0
SEE_06_64_FR	1105	Picture	hi_A012	30251415	0	1	30166	1	0	30000	other	0
SEE_06_64_FR	1106	Picture	+	30281748	0	1	20166	1	0	38650	other	0
SEE_06_64_FR	1107	Picture	low_P107	30301914	0	1	30166	1	0	30000	other	0
SEE_06_64_FR	1108	Picture	+	30332247	0	1	89331	1	0	next	other	0
SEE_06_64_FR	1109	Sound	low034a	30352247	0	1			0		other	0
SEE_06_64_FR	1110	Picture	500+	30421578	0	1	5167	1	0	5000	other	0
SEE_06_64_FR	1111	Picture	hi_F293	30426744	0	1	30166	1	0	30000	other	0
SEE_06_64_FR	1112	Picture	+	30456910	0	1	55499	1	0	next	other	0
SEE_06_64_FR	1113	Sound	low034b	30456911	0	1			0		other	0
SEE_06_64_FR	1114	Picture	500+	30512409	0	1	5167	1	0	5000	other	0
SEE_06_64_FR	1115	Picture	low_L128	30517575	0	1	30166	1	0	30000	other	0
SEE_06_64_FR	1116	Picture	+	30547908	0	1	20166	1	0	38890	other	0
SEE_06_64_FR	1117	Picture	low_A095	30568074	0	1	30166	1	0	30000	other	0
SEE_06_64_FR	1118	Picture	+	30598407	0	1	20166	1	0	33360	other	0
SEE_06_64_FR	1119	Picture	hi_A041	30618573	0	1	30166	1	0	30000	other	0
SEE_06_64_FR	1120	Picture	+	30648905	0	1	83498	1	0	next	other	0
SEE_06_64_FR	1121	Sound	low275a	30668906	0	1			0		other	0
SEE_06_64_FR	1122	Picture	500+	30732403	0	1	5167	1	0	5000	other	0
SEE_06_64_FR	1123	Picture	hi_P221	30737570	0	1	30166	1	0	30000	other	0
SEE_06_64_FR	1124	Picture	+	30767736	0	1	61832	1	0	next	other	0
SEE_06_64_FR	1125	Sound	low275b	30767736	0	1			0		other	0
SEE_06_64_FR	1126	Picture	500+	30829568	0	1	5167	1	0	5000	other	0
SEE_06_64_FR	1127	Picture	low_L151	30834734	0	1	30166	1	0	30000	other	0
SEE_06_64_FR	1128	Picture	+	30865067	0	1	20166	1	0	31130	other	0
SEE_06_64_FR	1129	Picture	hi_P084	30885233	0	1	30166	1	0	30000	other	0
SEE_06_64_FR	1130	Picture	+	30915565	0	1	20166	1	0	34780	other	0
SEE_06_64_FR	1131	Picture	low_A119	30935732	0	1	30166	1	0	30000	other	0
SEE_06_64_FR	1132	Picture	+	30966064	0	1	79331	1	0	next	other	0
SEE_06_64_FR	1133	Sound	low036a	30986065	0	1			0		other	0
SEE_06_64_FR	1134	Picture	500+	31045396	0	1	5167	1	0	5000	other	0
SEE_06_64_FR	1135	Picture	hi_A011	31050562	0	1	30166	1	0	30000	other	0
SEE_06_64_FR	1136	Picture	+	31080728	0	1	62498	1	0	next	other	0
SEE_06_64_FR	1137	Sound	low036b	31080729	0	1			0		other	0
SEE_06_64_FR	1138	Picture	500+	31143226	0	1	5167	1	0	5000	other	0
SEE_06_64_FR	1139	Picture	low_L132	31148393	0	1	30166	1	0	30000	other	0
SEE_06_64_FR	1140	Picture	+	31178726	0	1	20166	1	0	41100	other	0
SEE_06_64_FR	1141	Picture	hi_P058	31198892	0	1	30166	1	0	30000	other	0
SEE_06_64_FR	1142	Picture	+	31229224	0	1	20166	1	0	41210	other	0
SEE_06_64_FR	1143	Picture	low_F047	31249390	0	1	30166	1	0	30000	other	0
SEE_06_64_FR	1144	Picture	+	31279723	0	1	84165	1	0	next	other	0
SEE_06_64_FR	1145	Sound	low197a	31299724	0	1			0		other	0
SEE_06_64_FR	1146	Picture	500+	31363888	0	1	5167	1	0	5000	other	0
SEE_06_64_FR	1147	Picture	hi_F283	31369054	0	1	30166	1	0	30000	other	0
SEE_06_64_FR	1148	Picture	+	31399220	0	1	61998	1	0	next	other	0
SEE_06_64_FR	1149	Sound	low197b	31399221	0	1			0		other	0
SEE_06_64_FR	1150	Picture	500+	31461219	0	1	5167	1	0	5000	other	0
SEE_06_64_FR	1151	Picture	low_F089	31466385	0	1	30166	1	0	30000	other	0
SEE_06_64_FR	1152	Picture	+	31496718	0	1	20166	1	0	33180	other	0
SEE_06_64_FR	1153	Picture	low_F125	31516884	0	1	30166	1	0	30000	other	0
SEE_06_64_FR	1154	Picture	+	31547216	0	1	20166	1	0	44080	other	0
SEE_06_64_FR	1155	Picture	hi_A058	31567383	0	1	30166	1	0	30000	other	0
SEE_06_64_FR	1156	Picture	+	31597715	0	1	81498	1	0	next	other	0
SEE_06_64_FR	1157	Sound	hi162a	31617716	0	1			0		other	0
SEE_06_64_FR	1158	Picture	500+	31679213	0	1	5167	1	0	5000	other	0
SEE_06_64_FR	1159	Picture	low_L162	31684380	0	1	30166	1	0	30000	other	0
SEE_06_64_FR	1160	Picture	+	31714546	0	1	63498	1	0	next	other	0
SEE_06_64_FR	1161	Sound	hi162b	31714546	0	1			0		other	0
SEE_06_64_FR	1162	Picture	500+	31778044	0	1	5166	1	0	5000	other	0
SEE_06_64_FR	1163	Picture	hi_F368	31783211	0	1	30166	1	0	30000	other	0
SEE_06_64_FR	1164	Picture	+	31813543	0	1	20166	1	0	37420	other	0
SEE_06_64_FR	1165	Picture	low_A097	31833709	0	1	30166	1	0	30000	other	0
SEE_06_64_FR	1166	Picture	+	31864042	0	1	20166	1	0	41740	other	0
SEE_06_64_FR	1167	Picture	hi_O132	31884208	0	1	30166	1	0	30000	other	0
SEE_06_64_FR	1168	Picture	+	31914541	0	1	89831	1	0	next	other	0
SEE_06_64_FR	1169	Sound	hi004a	31934542	0	1			0		other	0
SEE_06_64_FR	1170	Picture	500+	32004372	0	1	5167	1	0	5000	other	0
SEE_06_64_FR	1171	Picture	hi_F013	32009538	0	1	30166	1	0	30000	other	0
SEE_06_64_FR	1172	Picture	+	32039871	0	1	58999	1	0	next	other	0
SEE_06_64_FR	1173	Sound	hi004b	32039872	0	1			0		other	0
SEE_06_64_FR	1174	Picture	500+	32098869	0	1	5167	1	0	5000	other	0
SEE_06_64_FR	1175	Picture	low_L131	32104036	0	1	30166	1	0	30000	other	0
SEE_06_64_FR	1176	Picture	+	32134369	0	1	20166	1	0	37910	other	0
SEE_06_64_FR	1177	Picture	low_L126	32154535	0	1	30166	1	0	30000	other	0
SEE_06_64_FR	1178	Picture	+	32184867	0	1	20166	1	0	40180	other	0
SEE_06_64_FR	1179	Picture	hi_P226	32205033	0	1	30166	1	0	30000	other	0
SEE_06_64_FR	1180	Picture	+	32235366	0	1	84331	1	0	next	other	0
SEE_06_64_FR	1181	Sound	hi013a	32255367	0	1			0		other	0
SEE_06_64_FR	1182	Picture	500+	32319697	0	1	5167	1	0	5000	other	0
SEE_06_64_FR	1183	Picture	low_A090	32324864	0	1	30166	1	0	30000	other	0
SEE_06_64_FR	1184	Picture	+	32355030	0	1	58832	1	0	next	other	0
SEE_06_64_FR	1185	Sound	hi013b	32355030	0	2			0		other	0
SEE_06_64_FR	1186	Picture	500+	32413862	0	1	5167	1	0	5000	other	0
SEE_06_64_FR	1187	Picture	hi_O007	32419028	0	1	30166	1	0	30000	other	0
SEE_06_64_FR	1188	Picture	+	32449361	0	1	20166	1	0	30090	other	0
SEE_06_64_FR	1189	Picture	hi_O328	32469527	0	1	30166	1	0	30000	other	0
SEE_06_64_FR	1190	Picture	+	32499859	0	1	20166	1	0	42050	other	0
SEE_06_64_FR	1191	Picture	low_O099	32520026	0	1	30166	1	0	30000	other	0
SEE_06_64_FR	1192	Picture	+	32550358	0	1	76998	1	0	next	other	0
SEE_06_64_FR	1193	Sound	hi249a	32570359	0	2			0		other	0
SEE_06_64_FR	1194	Picture	500+	32627356	0	1	5167	1	0	5000	other	0
SEE_06_64_FR	1195	Picture	hi_P034	32632523	0	1	30166	1	0	30000	other	0
SEE_06_64_FR	1196	Picture	+	32662689	0	1	69998	1	0	next	other	0
SEE_06_64_FR	1197	Sound	hi249b	32662689	0	2			0		other	0
SEE_06_64_FR	1198	Picture	500+	32732687	0	1	5167	1	0	5000	other	0
SEE_06_64_FR	1199	Picture	low_P149	32737854	0	1	30166	1	0	30000	other	0
SEE_06_64_FR	1200	Picture	+	32768186	0	1	20166	1	0	31620	other	0
SEE_06_64_FR	1201	Picture	hi_P225	32788352	0	1	30166	1	0	30000	other	0
SEE_06_64_FR	1202	Picture	+	32818685	0	1	20166	1	0	36540	other	0
SEE_06_64_FR	1203	Picture	low_L127	32838851	0	1	30166	1	0	30000	other	0
SEE_06_64_FR	1204	Picture	+	32869184	0	1	20166	1	0	next	other	0
