Scenario - 
Logfile written - 04/11/2016 10:06:51

Subject	Trial	Event Type	Code	Time	TTime	Uncertainty	Duration	Uncertainty	ReqTime	ReqDur	Stim Type	Pair Index

SEE_15_64_FR	1	Response	0	307399	307249	1
SEE_15_64_FR	4	Picture	+	347824	0	1	59998	1	0	next	other	0
SEE_15_64_FR	5	Sound	low031a	347825	0	1			0		other	0
SEE_15_64_FR	6	Picture	500+	407823	0	1	5167	1	0	5000	other	0
SEE_15_64_FR	7	Picture	hi_P018	413156	0	1	30166	1	0	30000	other	0
SEE_15_64_FR	8	Picture	+	443489	0	1	63832	1	0	next	other	0
SEE_15_64_FR	9	Sound	low031b	443489	0	1			0		other	0
SEE_15_64_FR	10	Picture	500+	507320	0	1	5167	1	0	5000	other	0
SEE_15_64_FR	11	Picture	low_F087	512487	0	1	30166	1	0	30000	other	0
SEE_15_64_FR	12	Picture	+	542819	0	1	20166	1	0	38690	other	0
SEE_15_64_FR	13	Picture	hi_P227	562986	0	1	30166	1	0	30000	other	0
SEE_15_64_FR	14	Picture	+	593318	0	1	20166	1	0	42340	other	0
SEE_15_64_FR	15	Picture	low_P154	613484	0	1	30166	1	0	30000	other	0
SEE_15_64_FR	16	Picture	+	643817	0	1	78998	1	0	next	other	0
SEE_15_64_FR	17	Sound	hi001a	663818	0	1			0		other	0
SEE_15_64_FR	18	Picture	500+	722815	0	1	5167	1	0	5000	other	0
SEE_15_64_FR	19	Picture	hi_A075	728148	0	1	30166	1	0	30000	other	0
SEE_15_64_FR	20	Picture	+	758481	0	1	68332	1	0	next	other	0
SEE_15_64_FR	21	Sound	hi001b	758481	0	1			0		other	0
SEE_15_64_FR	22	Picture	500+	826812	0	1	5167	1	0	5000	other	0
SEE_15_64_FR	23	Picture	low_L183	832146	0	1	30166	1	0	30000	other	0
SEE_15_64_FR	24	Picture	+	862478	0	1	20166	1	0	41980	other	0
SEE_15_64_FR	25	Picture	low_P168	882644	0	1	30166	1	0	30000	other	0
SEE_15_64_FR	26	Picture	+	912977	0	1	20166	1	0	31310	other	0
SEE_15_64_FR	27	Picture	hi_O004	933143	0	1	30166	1	0	30000	other	0
SEE_15_64_FR	28	Picture	+	963476	0	1	77165	1	0	next	other	0
SEE_15_64_FR	29	Sound	low034a	983476	0	1			0		other	0
SEE_15_64_FR	30	Picture	500+	1040640	0	1	5167	1	0	5000	other	0
SEE_15_64_FR	31	Picture	hi_O105	1045807	0	1	30166	1	0	30000	other	0
SEE_15_64_FR	32	Picture	+	1075973	0	1	65998	1	0	next	other	0
SEE_15_64_FR	33	Sound	low034b	1075973	0	1			0		other	0
SEE_15_64_FR	34	Picture	500+	1141971	0	1	5167	1	0	5000	other	0
SEE_15_64_FR	35	Picture	low_O326	1147304	0	1	30166	1	0	30000	other	0
SEE_15_64_FR	36	Picture	+	1177637	0	1	20166	1	0	32370	other	0
SEE_15_64_FR	37	Picture	low_F089	1197803	0	1	30166	1	0	30000	other	0
SEE_15_64_FR	38	Picture	+	1228136	0	1	20166	1	0	44260	other	0
SEE_15_64_FR	39	Picture	hi_A221	1248302	0	1	30166	1	0	30000	other	0
SEE_15_64_FR	40	Picture	+	1278634	0	1	76331	1	0	next	other	0
SEE_15_64_FR	41	Sound	hi245a	1298635	0	1			0		other	0
SEE_15_64_FR	42	Picture	500+	1354966	0	1	5167	1	0	5000	other	0
SEE_15_64_FR	43	Picture	low_P109	1360132	0	1	30166	1	0	30000	other	0
SEE_15_64_FR	44	Picture	+	1390465	0	1	61832	1	0	next	other	0
SEE_15_64_FR	45	Sound	hi245b	1390465	0	1			0		other	0
SEE_15_64_FR	46	Picture	500+	1452297	0	1	5167	1	0	5000	other	0
SEE_15_64_FR	47	Picture	hi_O125	1457463	0	1	30166	1	0	30000	other	0
SEE_15_64_FR	48	Picture	+	1487796	0	1	20166	1	0	41120	other	0
SEE_15_64_FR	49	Picture	hi_P086	1507962	0	1	30166	1	0	30000	other	0
SEE_15_64_FR	50	Picture	+	1538294	0	1	20166	1	0	40240	other	0
SEE_15_64_FR	51	Picture	low_A090	1558461	0	1	30166	1	0	30000	other	0
SEE_15_64_FR	52	Picture	+	1588793	0	1	87164	1	0	next	other	0
SEE_15_64_FR	53	Sound	hi014a	1608794	0	1			0		other	0
SEE_15_64_FR	54	Picture	500+	1675958	0	1	5167	1	0	5000	other	0
SEE_15_64_FR	55	Picture	hi_P144	1681124	0	1	30166	1	0	30000	other	0
SEE_15_64_FR	56	Picture	+	1711290	0	1	68498	1	0	next	other	0
SEE_15_64_FR	57	Sound	hi014b	1711291	0	1			0		other	0
SEE_15_64_FR	58	Picture	500+	1779788	0	1	5167	1	0	5000	other	0
SEE_15_64_FR	59	Picture	low_A169	1784955	0	1	30166	1	0	30000	other	0
SEE_15_64_FR	60	Picture	+	1815287	0	1	20166	1	0	31520	other	0
SEE_15_64_FR	61	Picture	hi_A074	1835454	0	1	30166	1	0	30000	other	0
SEE_15_64_FR	62	Picture	+	1865786	0	1	20166	1	0	30160	other	0
SEE_15_64_FR	63	Picture	low_L104	1885952	0	1	30166	1	0	30000	other	0
SEE_15_64_FR	64	Picture	+	1916285	0	1	77498	1	0	next	other	0
SEE_15_64_FR	65	Sound	low050a	1936286	0	1			0		other	0
SEE_15_64_FR	66	Picture	500+	1993783	0	1	5167	1	0	5000	other	0
SEE_15_64_FR	67	Picture	hi_P215	1999116	0	1	30166	1	0	30000	other	0
SEE_15_64_FR	68	Picture	+	2029282	0	1	69498	1	0	next	other	0
SEE_15_64_FR	69	Sound	low050b	2029283	0	1			0		other	0
SEE_15_64_FR	70	Picture	500+	2098780	0	1	5167	1	0	5000	other	0
SEE_15_64_FR	71	Picture	low_P046	2103947	0	1	30166	1	0	30000	other	0
SEE_15_64_FR	72	Picture	+	2134279	0	1	20166	1	0	43120	other	0
SEE_15_64_FR	73	Picture	low_P116	2154446	0	1	30166	1	0	30000	other	0
SEE_15_64_FR	74	Picture	+	2184778	0	1	20166	1	0	40250	other	0
SEE_15_64_FR	75	Picture	hi_A024	2204944	0	1	30166	1	0	30000	other	0
SEE_15_64_FR	76	Picture	+	2235277	0	1	84665	1	0	next	other	0
SEE_15_64_FR	77	Sound	low032a	2255278	0	1			0		other	0
SEE_15_64_FR	78	Picture	500+	2319941	0	1	5166	1	0	5000	other	0
SEE_15_64_FR	79	Picture	low_O325	2325108	0	1	30166	1	0	30000	other	0
SEE_15_64_FR	80	Picture	+	2355274	0	1	65332	1	0	next	other	0
SEE_15_64_FR	81	Sound	low032b	2355274	0	1			0		other	0
SEE_15_64_FR	82	Picture	500+	2420606	0	1	5167	1	0	5000	other	0
SEE_15_64_FR	83	Picture	hi_P224	2425772	0	1	30166	1	0	30000	other	0
SEE_15_64_FR	84	Picture	+	2456105	0	1	20166	1	0	42950	other	0
SEE_15_64_FR	85	Picture	hi_F295	2476271	0	1	30166	1	0	30000	other	0
SEE_15_64_FR	86	Picture	+	2506603	0	1	20166	1	0	44990	other	0
SEE_15_64_FR	87	Picture	low_O192	2526770	0	1	30166	1	0	30000	other	0
SEE_15_64_FR	88	Picture	+	2557102	0	1	81998	1	0	next	other	0
SEE_15_64_FR	89	Sound	hi214a	2577103	0	1			0		other	0
SEE_15_64_FR	90	Picture	500+	2639100	0	1	5167	1	0	5000	other	0
SEE_15_64_FR	91	Picture	low_L051	2644267	0	1	30166	1	0	30000	other	0
SEE_15_64_FR	92	Picture	+	2674432	0	1	55499	1	0	next	other	0
SEE_15_64_FR	93	Sound	hi214b	2674433	0	1			0		other	0
SEE_15_64_FR	94	Picture	500+	2729931	0	1	5167	1	0	5000	other	0
SEE_15_64_FR	95	Picture	hi_P004	2735098	0	1	30166	1	0	30000	other	0
SEE_15_64_FR	96	Picture	+	2765430	0	1	20166	1	0	31370	other	0
SEE_15_64_FR	97	Picture	hi_A060	2785596	0	1	30166	1	0	30000	other	0
SEE_15_64_FR	98	Picture	+	2815929	0	1	20166	1	0	39420	other	0
SEE_15_64_FR	99	Picture	low_P064	2836095	0	1	30166	1	0	30000	other	0
SEE_15_64_FR	100	Picture	+	2866428	0	1	76331	1	0	next	other	0
SEE_15_64_FR	101	Sound	hi002a	2886428	0	1			0		other	0
SEE_15_64_FR	102	Picture	500+	2942759	0	1	5167	1	0	5000	other	0
SEE_15_64_FR	103	Picture	hi_P222	2947926	0	1	30166	1	0	30000	other	0
SEE_15_64_FR	104	Picture	+	2978258	0	1	58499	1	0	next	other	0
SEE_15_64_FR	105	Sound	hi002b	2978259	0	1			0		other	0
SEE_15_64_FR	106	Picture	500+	3036757	0	1	5167	1	0	5000	other	0
SEE_15_64_FR	107	Picture	low_L048	3041923	0	1	30166	1	0	30000	other	0
SEE_15_64_FR	108	Picture	+	3072256	0	1	20166	1	0	39680	other	0
SEE_15_64_FR	109	Picture	low_P153	3092422	0	1	30166	1	0	30000	other	0
SEE_15_64_FR	110	Picture	+	3122755	0	1	20166	1	0	35220	other	0
SEE_15_64_FR	111	Picture	hi_F013	3142921	0	1	30166	1	0	30000	other	0
SEE_15_64_FR	112	Picture	+	3173253	0	1	85165	1	0	next	other	0
SEE_15_64_FR	113	Sound	low282a	3193254	0	1			0		other	0
SEE_15_64_FR	114	Picture	500+	3258418	0	1	5167	1	0	5000	other	0
SEE_15_64_FR	115	Picture	hi_P206	3263584	0	1	30166	1	0	30000	other	0
SEE_15_64_FR	116	Picture	+	3293750	0	1	55165	1	0	next	other	0
SEE_15_64_FR	117	Sound	low282b	3293751	0	1			0		other	0
SEE_15_64_FR	118	Picture	500+	3348916	0	1	5167	1	0	5000	other	0
SEE_15_64_FR	119	Picture	low_L055	3354082	0	1	30166	1	0	30000	other	0
SEE_15_64_FR	120	Picture	+	3384415	0	1	20166	1	0	33620	other	0
SEE_15_64_FR	121	Picture	hi_O132	3404581	0	1	30166	1	0	30000	other	0
SEE_15_64_FR	122	Picture	+	3434913	0	1	20166	1	0	44240	other	0
SEE_15_64_FR	123	Picture	low_L090	3455080	0	1	30166	1	0	30000	other	0
SEE_15_64_FR	124	Picture	+	3485412	0	1	79831	1	0	next	other	0
SEE_15_64_FR	125	Sound	hi013a	3505413	0	1			0		other	0
SEE_15_64_FR	126	Picture	500+	3565243	0	1	5167	1	0	5000	other	0
SEE_15_64_FR	127	Picture	hi_A077	3570410	0	1	30166	1	0	30000	other	0
SEE_15_64_FR	128	Picture	+	3600576	0	1	62665	1	0	next	other	0
SEE_15_64_FR	129	Sound	hi013b	3600576	0	1			0		other	0
SEE_15_64_FR	130	Picture	500+	3663241	0	1	5167	1	0	5000	other	0
SEE_15_64_FR	131	Picture	low_A170	3668408	0	1	30166	1	0	30000	other	0
SEE_15_64_FR	132	Picture	+	3698740	0	1	20166	1	0	31170	other	0
SEE_15_64_FR	133	Picture	low_A095	3718906	0	1	30166	1	0	30000	other	0
SEE_15_64_FR	134	Picture	+	3749239	0	1	20166	1	0	32880	other	0
SEE_15_64_FR	135	Picture	hi_F291	3769405	0	1	30166	1	0	30000	other	0
SEE_15_64_FR	136	Picture	+	3799738	0	1	79665	1	0	next	other	0
SEE_15_64_FR	137	Sound	low341a	3819738	0	1			0		other	0
SEE_15_64_FR	138	Picture	500+	3879402	0	1	5167	1	0	5000	other	0
SEE_15_64_FR	139	Picture	low_L157	3884569	0	1	30166	1	0	30000	other	0
SEE_15_64_FR	140	Picture	+	3914735	0	1	59999	1	0	next	other	0
SEE_15_64_FR	141	Sound	low341b	3914735	0	1			0		other	0
SEE_15_64_FR	142	Picture	500+	3974733	0	1	5167	1	0	5000	other	0
SEE_15_64_FR	143	Picture	hi_P228	3979900	0	1	30166	1	0	30000	other	0
SEE_15_64_FR	144	Picture	+	4010232	0	1	20166	1	0	34210	other	0
SEE_15_64_FR	145	Picture	low_L050	4030398	0	1	30166	1	0	30000	other	0
SEE_15_64_FR	146	Picture	+	4060731	0	1	20166	1	0	40820	other	0
SEE_15_64_FR	147	Picture	hi_F273	4080897	0	1	30166	1	0	30000	other	0
SEE_15_64_FR	148	Picture	+	4111230	0	1	76498	1	0	next	other	0
SEE_15_64_FR	149	Sound	hi254a	4131231	0	1			0		other	0
SEE_15_64_FR	150	Picture	500+	4187728	0	1	5167	1	0	5000	other	0
SEE_15_64_FR	151	Picture	hi_L007	4193061	0	1	30166	1	0	30000	other	0
SEE_15_64_FR	152	Picture	+	4223227	0	1	67832	1	0	next	other	0
SEE_15_64_FR	153	Sound	hi254b	4223228	0	1			0		other	0
SEE_15_64_FR	154	Picture	500+	4291059	0	1	5167	1	0	5000	other	0
SEE_15_64_FR	155	Picture	low_F052	4296392	0	1	30166	1	0	30000	other	0
SEE_15_64_FR	156	Picture	+	4326724	0	1	20166	1	0	39560	other	0
SEE_15_64_FR	157	Picture	low_L064	4346891	0	1	30166	1	0	30000	other	0
SEE_15_64_FR	158	Picture	+	4377223	0	1	20166	1	0	43740	other	0
SEE_15_64_FR	159	Picture	hi_P038	4397389	0	1	30166	1	0	30000	other	0
SEE_15_64_FR	160	Picture	+	4427722	0	1	78165	1	0	next	other	0
SEE_15_64_FR	161	Sound	hi012a	4447723	0	1			0		other	0
SEE_15_64_FR	162	Picture	500+	4505887	0	1	5167	1	0	5000	other	0
SEE_15_64_FR	163	Picture	low_A161	4511220	0	1	30166	1	0	30000	other	0
SEE_15_64_FR	164	Picture	+	4541386	0	1	68498	1	0	next	other	0
SEE_15_64_FR	165	Sound	hi012b	4541386	0	1			0		other	0
SEE_15_64_FR	166	Picture	500+	4609884	0	1	5167	1	0	5000	other	0
SEE_15_64_FR	167	Picture	hi_A045	4615050	0	1	30166	1	0	30000	other	0
SEE_15_64_FR	168	Picture	+	4645383	0	1	20166	1	0	44840	other	0
SEE_15_64_FR	169	Picture	low_L065	4665549	0	1	30166	1	0	30000	other	0
SEE_15_64_FR	170	Picture	+	4695882	0	1	20166	1	0	37950	other	0
SEE_15_64_FR	171	Picture	hi_O002	4716048	0	1	30166	1	0	30000	other	0
SEE_15_64_FR	172	Picture	+	4746380	0	1	87831	1	0	next	other	0
SEE_15_64_FR	173	Sound	low024a	4766381	0	1			0		other	0
SEE_15_64_FR	174	Picture	500+	4834212	0	1	5167	1	0	5000	other	0
SEE_15_64_FR	175	Picture	hi_P140	4839378	0	1	30166	1	0	30000	other	0
SEE_15_64_FR	176	Picture	+	4869544	0	1	56665	1	0	next	other	0
SEE_15_64_FR	177	Sound	low024b	4869545	0	1			0		other	0
SEE_15_64_FR	178	Picture	500+	4926209	0	1	5167	1	0	5000	other	0
SEE_15_64_FR	179	Picture	low_L133	4931376	0	1	30166	1	0	30000	other	0
SEE_15_64_FR	180	Picture	+	4961708	0	1	20166	1	0	37710	other	0
SEE_15_64_FR	181	Picture	hi_P009	4981875	0	1	30166	1	0	30000	other	0
SEE_15_64_FR	182	Picture	+	5012207	0	1	20166	1	0	43710	other	0
SEE_15_64_FR	183	Picture	low_L041	5032373	0	1	30166	1	0	30000	other	0
SEE_15_64_FR	184	Picture	+	5062706	0	1	87331	1	0	next	other	0
SEE_15_64_FR	185	Sound	hi308a	5082707	0	1			0		other	0
SEE_15_64_FR	186	Picture	500+	5150037	0	1	5167	1	0	5000	other	0
SEE_15_64_FR	187	Picture	low_L089	5155204	0	1	30166	1	0	30000	other	0
SEE_15_64_FR	188	Picture	+	5185536	0	1	65332	1	0	next	other	0
SEE_15_64_FR	189	Sound	hi308b	5185537	0	1			0		other	0
SEE_15_64_FR	190	Picture	500+	5250868	0	1	5167	1	0	5000	other	0
SEE_15_64_FR	191	Picture	hi_P221	5256034	0	1	30166	1	0	30000	other	0
SEE_15_64_FR	192	Picture	+	5286367	0	1	20166	1	0	31790	other	0
SEE_15_64_FR	193	Picture	low_L162	5306533	0	1	30166	1	0	30000	other	0
SEE_15_64_FR	194	Picture	+	5336866	0	1	20166	1	0	40580	other	0
SEE_15_64_FR	195	Picture	hi_A068	5357032	0	1	30166	1	0	30000	other	0
SEE_15_64_FR	196	Picture	+	5387364	0	1	77165	1	0	next	other	0
SEE_15_64_FR	197	Sound	hi314a	5407365	0	1			0		other	0
SEE_15_64_FR	198	Picture	500+	5464529	0	1	5167	1	0	5000	other	0
SEE_15_64_FR	199	Picture	low_O220	5469862	0	1	30166	1	0	30000	other	0
SEE_15_64_FR	200	Picture	+	5500195	0	1	61165	1	0	next	other	0
SEE_15_64_FR	201	Sound	hi314b	5500196	0	1			0		other	0
SEE_15_64_FR	202	Picture	500+	5561360	0	1	5167	1	0	5000	other	0
SEE_15_64_FR	203	Picture	hi_A001	5566527	0	1	30166	1	0	30000	other	0
SEE_15_64_FR	204	Picture	+	5596859	0	1	20166	1	0	32060	other	0
SEE_15_64_FR	205	Picture	hi_A058	5617025	0	1	30166	1	0	30000	other	0
SEE_15_64_FR	206	Picture	+	5647358	0	1	20166	1	0	38160	other	0
SEE_15_64_FR	207	Picture	low_L046	5667524	0	1	30166	1	0	30000	other	0
SEE_15_64_FR	208	Picture	+	5697857	0	1	84498	1	0	next	other	0
SEE_15_64_FR	209	Sound	hi246a	5717857	0	1			0		other	0
SEE_15_64_FR	210	Picture	500+	5782355	0	1	5166	1	0	5000	other	0
SEE_15_64_FR	211	Picture	low_F203	5787688	0	1	30166	1	0	30000	other	0
SEE_15_64_FR	212	Picture	+	5817854	0	1	60998	1	0	next	other	0
SEE_15_64_FR	213	Sound	hi246b	5817854	0	1			0		other	0
SEE_15_64_FR	214	Picture	500+	5878852	0	1	5167	1	0	5000	other	0
SEE_15_64_FR	215	Picture	hi_F146	5884019	0	1	30166	1	0	30000	other	0
SEE_15_64_FR	216	Picture	+	5914351	0	1	20166	1	0	39680	other	0
SEE_15_64_FR	217	Picture	low_F343	5934517	0	1	30166	1	0	30000	other	0
SEE_15_64_FR	218	Picture	+	5964850	0	1	20166	1	0	33660	other	0
SEE_15_64_FR	219	Picture	hi_P240	5985016	0	1	30166	1	0	30000	other	0
SEE_15_64_FR	220	Picture	+	6015349	0	1	83831	1	0	next	other	0
SEE_15_64_FR	221	Sound	hi251a	6035350	0	1			0		other	0
SEE_15_64_FR	222	Picture	500+	6099180	0	1	5167	1	0	5000	other	0
SEE_15_64_FR	223	Picture	low_A156	6104346	0	1	30166	1	0	30000	other	0
SEE_15_64_FR	224	Picture	+	6134679	0	1	62498	1	0	next	other	0
SEE_15_64_FR	225	Sound	hi251b	6134680	0	1			0		other	0
SEE_15_64_FR	226	Picture	500+	6197177	0	1	5167	1	0	5000	other	0
SEE_15_64_FR	227	Picture	hi_F038	6202344	0	1	30166	1	0	30000	other	0
SEE_15_64_FR	228	Picture	+	6232677	0	1	20166	1	0	36580	other	0
SEE_15_64_FR	229	Picture	hi_O154	6252843	0	1	30166	1	0	30000	other	0
SEE_15_64_FR	230	Picture	+	6283175	0	1	20166	1	0	38400	other	0
SEE_15_64_FR	231	Picture	low_O214	6303341	0	1	30166	1	0	30000	other	0
SEE_15_64_FR	232	Picture	+	6333674	0	1	88998	1	0	next	other	0
SEE_15_64_FR	233	Sound	hi169a	6353675	0	1			0		other	0
SEE_15_64_FR	234	Picture	500+	6422672	0	1	5167	1	0	5000	other	0
SEE_15_64_FR	235	Picture	hi_F297	6427838	0	1	30166	1	0	30000	other	0
SEE_15_64_FR	236	Picture	+	6458171	0	1	55665	1	0	next	other	0
SEE_15_64_FR	237	Sound	hi169b	6458172	0	1			0		other	0
SEE_15_64_FR	238	Picture	500+	6513836	0	1	5167	1	0	5000	other	0
SEE_15_64_FR	239	Picture	low_P250	6519003	0	1	30166	1	0	30000	other	0
SEE_15_64_FR	240	Picture	+	6549335	0	1	20166	1	0	33200	other	0
SEE_15_64_FR	241	Picture	hi_A011	6569502	0	1	30166	1	0	30000	other	0
SEE_15_64_FR	242	Picture	+	6599834	0	1	20166	1	0	44340	other	0
SEE_15_64_FR	243	Picture	low_F124	6620000	0	1	30166	1	0	30000	other	0
SEE_15_64_FR	244	Picture	+	6650333	0	1	78665	1	0	next	other	0
SEE_15_64_FR	245	Sound	hi326a	6670334	0	1			0		other	0
SEE_15_64_FR	246	Picture	500+	6728998	0	1	5167	1	0	5000	other	0
SEE_15_64_FR	247	Picture	low_F130	6734164	0	1	30166	1	0	30000	other	0
SEE_15_64_FR	248	Picture	+	6764497	0	1	57832	1	0	next	other	0
SEE_15_64_FR	249	Sound	hi326b	6764497	0	1			0		other	0
SEE_15_64_FR	250	Picture	500+	6822328	0	1	5167	1	0	5000	other	0
SEE_15_64_FR	251	Picture	hi_F009	6827495	0	1	30166	1	0	30000	other	0
SEE_15_64_FR	252	Picture	+	6857828	0	1	20166	1	0	32650	other	0
SEE_15_64_FR	253	Picture	hi_L005	6877994	0	1	30166	1	0	30000	other	0
SEE_15_64_FR	254	Picture	+	6908326	0	1	20166	1	0	38890	other	0
SEE_15_64_FR	255	Picture	low_A126	6928493	0	1	30166	1	0	30000	other	0
SEE_15_64_FR	256	Picture	+	6958825	0	1	76331	1	0	next	other	0
SEE_15_64_FR	257	Sound	low273a	6978826	0	1			0		other	0
SEE_15_64_FR	258	Picture	500+	7035157	0	1	5167	1	0	5000	other	0
SEE_15_64_FR	259	Picture	hi_A042	7040490	0	1	30166	1	0	30000	other	0
SEE_15_64_FR	260	Picture	+	7070822	0	1	61998	1	0	next	other	0
SEE_15_64_FR	261	Sound	low273b	7070823	0	1			0		other	0
SEE_15_64_FR	262	Picture	500+	7132821	0	1	5167	1	0	5000	other	0
SEE_15_64_FR	263	Picture	low_O327	7138154	0	1	30166	1	0	30000	other	0
SEE_15_64_FR	264	Picture	+	7168487	0	1	20166	1	0	36880	other	0
SEE_15_64_FR	265	Picture	low_L154	7188653	0	1	30166	1	0	30000	other	0
SEE_15_64_FR	266	Picture	+	7218985	0	1	20166	1	0	35740	other	0
SEE_15_64_FR	267	Picture	hi_O291	7239151	0	1	30166	1	0	30000	other	0
SEE_15_64_FR	268	Picture	+	7269484	0	1	81998	1	0	next	other	0
SEE_15_64_FR	269	Sound	low330a	7289485	0	1			0		other	0
SEE_15_64_FR	270	Picture	500+	7351482	0	1	5167	1	0	5000	other	0
SEE_15_64_FR	271	Picture	hi_P241	7356648	0	1	30166	1	0	30000	other	0
SEE_15_64_FR	272	Picture	+	7386814	0	1	56665	1	0	next	other	0
SEE_15_64_FR	273	Sound	low330b	7386815	0	1			0		other	0
SEE_15_64_FR	274	Picture	500+	7443480	0	1	5167	1	0	5000	other	0
SEE_15_64_FR	275	Picture	low_L109	7448646	0	1	30166	1	0	30000	other	0
SEE_15_64_FR	276	Picture	+	7478979	0	1	20166	1	0	40380	other	0
SEE_15_64_FR	277	Picture	low_P110	7499145	0	1	30166	1	0	30000	other	0
SEE_15_64_FR	278	Picture	+	7529478	0	1	20166	1	0	42550	other	0
SEE_15_64_FR	279	Picture	hi_A027	7549644	0	1	30166	1	0	30000	other	0
SEE_15_64_FR	280	Picture	+	7579976	0	1	84665	1	0	next	other	0
SEE_15_64_FR	281	Sound	low118a	7599977	0	1			0		other	0
SEE_15_64_FR	282	Picture	500+	7664641	0	1	5167	1	0	5000	other	0
SEE_15_64_FR	283	Picture	hi_P008	7669974	0	1	30166	1	0	30000	other	0
SEE_15_64_FR	284	Picture	+	7700140	0	1	60832	1	0	next	other	0
SEE_15_64_FR	285	Sound	low118b	7700140	0	1			0		other	0
SEE_15_64_FR	286	Picture	500+	7760972	0	1	5167	1	0	5000	other	0
SEE_15_64_FR	287	Picture	low_O256	7766305	0	1	30166	1	0	30000	other	0
SEE_15_64_FR	288	Picture	+	7796637	0	1	20166	1	0	36060	other	0
SEE_15_64_FR	289	Picture	low_A185	7816804	0	1	30166	1	0	30000	other	0
SEE_15_64_FR	290	Picture	+	7847136	0	1	20166	1	0	42920	other	0
SEE_15_64_FR	291	Picture	hi_A007	7867302	0	1	30166	1	0	30000	other	0
SEE_15_64_FR	292	Picture	+	7897635	0	1	84998	1	0	next	other	0
SEE_15_64_FR	293	Sound	hi162a	7917636	0	1			0		other	0
SEE_15_64_FR	294	Picture	500+	7982633	0	1	5167	1	0	5000	other	0
SEE_15_64_FR	295	Picture	low_L184	7987799	0	1	30166	1	0	30000	other	0
SEE_15_64_FR	296	Picture	+	8017965	0	1	55332	1	0	next	other	0
SEE_15_64_FR	297	Sound	hi162b	8017966	0	1			0		other	0
SEE_15_64_FR	298	Picture	500+	8073297	0	1	5167	1	0	5000	other	0
SEE_15_64_FR	299	Picture	hi_F366	8078464	0	1	30166	1	0	30000	other	0
SEE_15_64_FR	300	Picture	+	8108796	0	1	20166	1	0	38890	other	0
SEE_15_64_FR	301	Picture	low_L098	8128962	0	1	30166	1	0	30000	other	0
SEE_15_64_FR	302	Picture	+	8159295	0	1	20166	1	0	33260	other	0
SEE_15_64_FR	303	Picture	hi_P016	8179461	0	1	30166	1	0	30000	other	0
SEE_15_64_FR	304	Picture	+	8209794	0	1	81998	1	0	next	other	0
SEE_15_64_FR	305	Sound	low274a	8229795	0	1			0		other	0
SEE_15_64_FR	306	Picture	500+	8291792	0	1	5167	1	0	5000	other	0
SEE_15_64_FR	307	Picture	hi_P021	8296958	0	1	30166	1	0	30000	other	0
SEE_15_64_FR	308	Picture	+	8327291	0	1	57499	1	0	next	other	0
SEE_15_64_FR	309	Sound	low274b	8327291	0	1			0		other	0
SEE_15_64_FR	310	Picture	500+	8384789	0	1	5167	1	0	5000	other	0
SEE_15_64_FR	311	Picture	low_L147	8389956	0	1	30166	1	0	30000	other	0
SEE_15_64_FR	312	Picture	+	8420289	0	1	20166	1	0	35050	other	0
SEE_15_64_FR	313	Picture	low_L176	8440455	0	1	30166	1	0	30000	other	0
SEE_15_64_FR	314	Picture	+	8470787	0	1	20166	1	0	38110	other	0
SEE_15_64_FR	315	Picture	hi_P123	8490953	0	1	30166	1	0	30000	other	0
SEE_15_64_FR	316	Picture	+	8521286	0	1	88831	1	0	next	other	0
SEE_15_64_FR	317	Sound	hi009a	8541287	0	1			0		other	0
SEE_15_64_FR	318	Picture	500+	8610117	0	1	5167	1	0	5000	other	0
SEE_15_64_FR	319	Picture	hi_A025	8615284	0	1	30166	1	0	30000	other	0
SEE_15_64_FR	320	Picture	+	8645616	0	1	62332	1	0	next	other	0
SEE_15_64_FR	321	Sound	hi009b	8645617	0	1			0		other	0
SEE_15_64_FR	322	Picture	500+	8707948	0	1	5167	1	0	5000	other	0
SEE_15_64_FR	323	Picture	low_L131	8713115	0	1	30166	1	0	30000	other	0
SEE_15_64_FR	324	Picture	+	8743447	0	1	20166	1	0	33800	other	0
SEE_15_64_FR	325	Picture	low_F121	8763613	0	1	30166	1	0	30000	other	0
SEE_15_64_FR	326	Picture	+	8793946	0	1	20166	1	0	42330	other	0
SEE_15_64_FR	327	Picture	hi_F021	8814112	0	1	30166	1	0	30000	other	0
SEE_15_64_FR	328	Picture	+	8844445	0	1	83831	1	0	next	other	0
SEE_15_64_FR	329	Sound	hi142a	8864445	0	1			0		other	0
SEE_15_64_FR	330	Picture	500+	8928276	0	1	5167	1	0	5000	other	0
SEE_15_64_FR	331	Picture	low_A146	8933442	0	1	30166	1	0	30000	other	0
SEE_15_64_FR	332	Picture	+	8963608	0	1	66498	1	0	next	other	0
SEE_15_64_FR	333	Sound	hi142b	8963609	0	1			0		other	0
SEE_15_64_FR	334	Picture	500+	9030107	0	1	5167	1	0	5000	other	0
SEE_15_64_FR	335	Picture	hi_P037	9035273	0	1	30166	1	0	30000	other	0
SEE_15_64_FR	336	Picture	+	9065606	0	1	20166	1	0	37880	other	0
SEE_15_64_FR	337	Picture	low_F214	9085772	0	1	30166	1	0	30000	other	0
SEE_15_64_FR	338	Picture	+	9116105	0	1	20166	1	0	33040	other	0
SEE_15_64_FR	339	Picture	hi_F284	9136271	0	1	30166	1	0	30000	other	0
SEE_15_64_FR	340	Picture	+	9166603	0	1	89498	1	0	next	other	0
SEE_15_64_FR	341	Sound	hi159a	9186604	0	1			0		other	0
SEE_15_64_FR	342	Picture	500+	9256101	0	1	5167	1	0	5000	other	0
SEE_15_64_FR	343	Picture	hi_P007	9261267	0	1	30166	1	0	30000	other	0
SEE_15_64_FR	344	Picture	+	9291433	0	1	66498	1	0	next	other	0
SEE_15_64_FR	345	Sound	hi159b	9291434	0	1			0		other	0
SEE_15_64_FR	346	Picture	500+	9357932	0	1	5167	1	0	5000	other	0
SEE_15_64_FR	347	Picture	low_P113	9363265	0	1	30166	1	0	30000	other	0
SEE_15_64_FR	348	Picture	+	9393598	0	1	20166	1	0	42020	other	0
SEE_15_64_FR	349	Picture	hi_O003	9413764	0	1	30166	1	0	30000	other	0
SEE_15_64_FR	350	Picture	+	9444096	0	1	20166	1	0	39690	other	0
SEE_15_64_FR	351	Picture	low_F067	9464262	0	1	30166	1	0	30000	other	0
SEE_15_64_FR	352	Picture	+	9494595	0	1	79665	1	0	next	other	0
SEE_15_64_FR	353	Sound	low084a	9514596	0	1			0		other	0
SEE_15_64_FR	354	Picture	500+	9574260	0	1	5167	1	0	5000	other	0
SEE_15_64_FR	355	Picture	hi_F172	9579593	0	1	30166	1	0	30000	other	0
SEE_15_64_FR	356	Picture	+	9609759	0	1	62665	1	0	next	other	0
SEE_15_64_FR	357	Sound	low084b	9609759	0	1			0		other	0
SEE_15_64_FR	358	Picture	500+	9672424	0	1	5167	1	0	5000	other	0
SEE_15_64_FR	359	Picture	low_A157	9677757	0	1	30166	1	0	30000	other	0
SEE_15_64_FR	360	Picture	+	9708090	0	1	20166	1	0	39220	other	0
SEE_15_64_FR	361	Picture	hi_P032	9728256	0	1	30166	1	0	30000	other	0
SEE_15_64_FR	362	Picture	+	9758588	0	1	20166	1	0	42810	other	0
SEE_15_64_FR	363	Picture	low_L009	9778755	0	1	30166	1	0	30000	other	0
SEE_15_64_FR	364	Picture	+	9809087	0	1	75165	1	0	next	other	0
SEE_15_64_FR	365	Sound	low277a	9829088	0	1			0		other	0
SEE_15_64_FR	366	Picture	500+	9884252	0	1	5167	1	0	5000	other	0
SEE_15_64_FR	367	Picture	hi_P128	9889585	0	1	30166	1	0	30000	other	0
SEE_15_64_FR	368	Picture	+	9919751	0	1	55499	1	0	next	other	0
SEE_15_64_FR	369	Sound	low277b	9919752	0	1			0		other	0
SEE_15_64_FR	370	Picture	500+	9975250	0	1	5167	1	0	5000	other	0
SEE_15_64_FR	371	Picture	low_L132	9980416	0	1	30166	1	0	30000	other	0
SEE_15_64_FR	372	Picture	+	10010749	0	1	20166	1	0	38970	other	0
SEE_15_64_FR	373	Picture	hi_F271	10030915	0	1	30166	1	0	30000	other	0
SEE_15_64_FR	374	Picture	+	10061248	0	1	20166	1	0	42480	other	0
SEE_15_64_FR	375	Picture	low_L173	10081414	0	1	30166	1	0	30000	other	0
SEE_15_64_FR	376	Picture	+	10111746	0	1	80165	1	0	next	other	0
SEE_15_64_FR	377	Sound	low089a	10131747	0	1			0		other	0
SEE_15_64_FR	378	Picture	500+	10191911	0	1	5167	1	0	5000	other	0
SEE_15_64_FR	379	Picture	low_A201	10197077	0	1	30166	1	0	30000	other	0
SEE_15_64_FR	380	Picture	+	10227243	0	1	59832	1	0	next	other	0
SEE_15_64_FR	381	Sound	low089b	10227244	0	1			0		other	0
SEE_15_64_FR	382	Picture	500+	10287075	0	1	5167	1	0	5000	other	0
SEE_15_64_FR	383	Picture	hi_F163	10292408	0	1	30166	1	0	30000	other	0
SEE_15_64_FR	384	Picture	+	10322741	0	1	20166	1	0	35040	other	0
SEE_15_64_FR	385	Picture	hi_P133	10342907	0	1	30166	1	0	30000	other	0
SEE_15_64_FR	386	Picture	+	10373240	0	1	20166	1	0	43450	other	0
SEE_15_64_FR	387	Picture	low_L163	10393406	0	1	30166	1	0	30000	other	0
SEE_15_64_FR	388	Picture	+	10423738	0	1	82165	1	0	next	other	0
SEE_15_64_FR	389	Sound	hi127a	10443739	0	1			0		other	0
SEE_15_64_FR	390	Picture	500+	10505903	0	1	5167	1	0	5000	other	0
SEE_15_64_FR	391	Picture	low_A132	10511070	0	1	30166	1	0	30000	other	0
SEE_15_64_FR	392	Picture	+	10541236	0	1	59332	1	0	next	other	0
SEE_15_64_FR	393	Sound	hi127b	10541236	0	1			0		other	0
SEE_15_64_FR	394	Picture	500+	10600567	0	1	5167	1	0	5000	other	0
SEE_15_64_FR	395	Picture	hi_P202	10605901	0	1	30166	1	0	30000	other	0
SEE_15_64_FR	396	Picture	+	10636233	0	1	20166	1	0	34050	other	0
SEE_15_64_FR	397	Picture	low_F228	10656399	0	1	30166	1	0	30000	other	0
SEE_15_64_FR	398	Picture	+	10686732	0	1	20166	1	0	36570	other	0
SEE_15_64_FR	399	Picture	hi_P200	10706898	0	1	30166	1	0	30000	other	0
SEE_15_64_FR	400	Picture	+	10737231	0	1	83998	1	0	next	other	0
SEE_15_64_FR	401	Sound	hi248a	10757231	0	1			0		other	0
SEE_15_64_FR	402	Picture	500+	10821229	0	1	5167	1	0	5000	other	0
SEE_15_64_FR	403	Picture	hi_P028	10826562	0	1	30166	1	0	30000	other	0
SEE_15_64_FR	404	Picture	+	10856728	0	1	68332	1	0	next	other	0
SEE_15_64_FR	405	Sound	hi248b	10856728	0	2			0		other	0
SEE_15_64_FR	406	Picture	500+	10925059	0	1	5167	1	0	5000	other	0
SEE_15_64_FR	407	Picture	low_F056	10930226	0	1	30166	1	0	30000	other	0
SEE_15_64_FR	408	Picture	+	10960558	0	1	20166	1	0	31550	other	0
SEE_15_64_FR	409	Picture	hi_A078	10980725	0	1	30166	1	0	30000	other	0
SEE_15_64_FR	410	Picture	+	11011057	0	1	20166	1	0	38890	other	0
SEE_15_64_FR	411	Picture	low_L102	11031223	0	1	30166	1	0	30000	other	0
SEE_15_64_FR	412	Picture	+	11061556	0	1	84165	1	0	next	other	0
SEE_15_64_FR	413	Sound	hi253a	11081557	0	1			0		other	0
SEE_15_64_FR	414	Picture	500+	11145720	0	1	5167	1	0	5000	other	0
SEE_15_64_FR	415	Picture	low_L151	11151054	0	1	30166	1	0	30000	other	0
SEE_15_64_FR	416	Picture	+	11181386	0	1	64832	1	0	next	other	0
SEE_15_64_FR	417	Sound	hi253b	11181387	0	2			0		other	0
SEE_15_64_FR	418	Picture	500+	11246218	0	1	5167	1	0	5000	other	0
SEE_15_64_FR	419	Picture	hi_F321	11251384	0	1	30166	1	0	30000	other	0
SEE_15_64_FR	420	Picture	+	11281717	0	1	20166	1	0	34120	other	0
SEE_15_64_FR	421	Picture	hi_O001	11301883	0	1	30166	1	0	30000	other	0
SEE_15_64_FR	422	Picture	+	11332216	0	1	20166	1	0	34960	other	0
SEE_15_64_FR	423	Picture	low_L174	11352382	0	1	30166	1	0	30000	other	0
SEE_15_64_FR	424	Picture	+	11382715	0	1	82665	1	0	next	other	0
SEE_15_64_FR	425	Sound	hi103a	11402715	0	1			0		other	0
SEE_15_64_FR	426	Picture	500+	11465379	0	1	5167	1	0	5000	other	0
SEE_15_64_FR	427	Picture	low_L100	11470546	0	1	30166	1	0	30000	other	0
SEE_15_64_FR	428	Picture	+	11500712	0	1	66832	1	0	next	other	0
SEE_15_64_FR	429	Sound	hi103b	11500712	0	1			0		other	0
SEE_15_64_FR	430	Picture	500+	11567543	0	1	5167	1	0	5000	other	0
SEE_15_64_FR	431	Picture	hi_P015	11572710	0	1	30166	1	0	30000	other	0
SEE_15_64_FR	432	Picture	+	11603042	0	1	20166	1	0	42980	other	0
SEE_15_64_FR	433	Picture	hi_A063	11623209	0	1	30166	1	0	30000	other	0
SEE_15_64_FR	434	Picture	+	11653541	0	1	20166	1	0	40670	other	0
SEE_15_64_FR	435	Picture	low_A097	11673707	0	1	30166	1	0	30000	other	0
SEE_15_64_FR	436	Picture	+	11704040	0	1	75165	1	0	next	other	0
SEE_15_64_FR	437	Sound	low053a	11724041	0	1			0		other	0
SEE_15_64_FR	438	Picture	500+	11779205	0	1	5167	1	0	5000	other	0
SEE_15_64_FR	439	Picture	low_A139	11784371	0	1	30166	1	0	30000	other	0
SEE_15_64_FR	440	Picture	+	11814704	0	1	62332	1	0	next	other	0
SEE_15_64_FR	441	Sound	low053b	11814704	0	1			0		other	0
SEE_15_64_FR	442	Picture	500+	11877036	0	1	5167	1	0	5000	other	0
SEE_15_64_FR	443	Picture	hi_P214	11882202	0	1	30166	1	0	30000	other	0
SEE_15_64_FR	444	Picture	+	11912535	0	1	20166	1	0	41870	other	0
SEE_15_64_FR	445	Picture	low_P169	11932701	0	1	30166	1	0	30000	other	0
SEE_15_64_FR	446	Picture	+	11963033	0	1	20166	1	0	43440	other	0
SEE_15_64_FR	447	Picture	hi_F287	11983199	0	1	30166	1	0	30000	other	0
SEE_15_64_FR	448	Picture	+	12013532	0	1	78665	1	0	next	other	0
SEE_15_64_FR	449	Sound	low038a	12033533	0	1			0		other	0
SEE_15_64_FR	450	Picture	500+	12092197	0	1	5167	1	0	5000	other	0
SEE_15_64_FR	451	Picture	hi_P006	12097363	0	1	30166	1	0	30000	other	0
SEE_15_64_FR	452	Picture	+	12127529	0	1	64165	1	0	next	other	0
SEE_15_64_FR	453	Sound	low038b	12127530	0	1			0		other	0
SEE_15_64_FR	454	Picture	500+	12191694	0	1	5167	1	0	5000	other	0
SEE_15_64_FR	455	Picture	low_P105	12196861	0	1	30166	1	0	30000	other	0
SEE_15_64_FR	456	Picture	+	12227193	0	1	20166	1	0	38120	other	0
SEE_15_64_FR	457	Picture	low_L126	12247360	0	1	30166	1	0	30000	other	0
SEE_15_64_FR	458	Picture	+	12277692	0	1	20166	1	0	34260	other	0
SEE_15_64_FR	459	Picture	hi_P023	12297858	0	1	30166	1	0	30000	other	0
SEE_15_64_FR	460	Picture	+	12328191	0	1	80331	1	0	next	other	0
SEE_15_64_FR	461	Sound	low197a	12348192	0	1			0		other	0
SEE_15_64_FR	462	Picture	500+	12408522	0	1	5167	1	0	5000	other	0
SEE_15_64_FR	463	Picture	low_A219	12413689	0	1	30166	1	0	30000	other	0
SEE_15_64_FR	464	Picture	+	12443855	0	1	56665	1	0	next	other	0
SEE_15_64_FR	465	Sound	low197b	12443855	0	1			0		other	0
SEE_15_64_FR	466	Picture	500+	12500520	0	1	5167	1	0	5000	other	0
SEE_15_64_FR	467	Picture	hi_F007	12505686	0	1	30166	1	0	30000	other	0
SEE_15_64_FR	468	Picture	+	12536019	0	1	20166	1	0	38290	other	0
SEE_15_64_FR	469	Picture	low_A217	12556185	0	1	30166	1	0	30000	other	0
SEE_15_64_FR	470	Picture	+	12586518	0	1	20166	1	0	38590	other	0
SEE_15_64_FR	471	Picture	hi_F293	12606684	0	1	30166	1	0	30000	other	0
SEE_15_64_FR	472	Picture	+	12637017	0	1	76498	1	0	next	other	0
SEE_15_64_FR	473	Sound	low345a	12657017	0	2			0		other	0
SEE_15_64_FR	474	Picture	500+	12713515	0	1	5167	1	0	5000	other	0
SEE_15_64_FR	475	Picture	low_F324	12718681	0	1	30166	1	0	30000	other	0
SEE_15_64_FR	476	Picture	+	12749014	0	1	67832	1	0	next	other	0
SEE_15_64_FR	477	Sound	low345b	12749014	0	1			0		other	0
SEE_15_64_FR	478	Picture	500+	12816845	0	1	5167	1	0	5000	other	0
SEE_15_64_FR	479	Picture	hi_P011	12822012	0	1	30166	1	0	30000	other	0
SEE_15_64_FR	480	Picture	+	12852344	0	1	20166	1	0	42510	other	0
SEE_15_64_FR	481	Picture	low_L113	12872511	0	1	30166	1	0	30000	other	0
SEE_15_64_FR	482	Picture	+	12902843	0	1	20166	1	0	31760	other	0
SEE_15_64_FR	483	Picture	hi_A034	12923009	0	1	30166	1	0	30000	other	0
SEE_15_64_FR	484	Picture	+	12953342	0	1	86498	1	0	next	other	0
SEE_15_64_FR	485	Sound	low088a	12973343	0	1			0		other	0
SEE_15_64_FR	486	Picture	500+	13039840	0	1	5167	1	0	5000	other	0
SEE_15_64_FR	487	Picture	low_L152	13045006	0	1	30166	1	0	30000	other	0
SEE_15_64_FR	488	Picture	+	13075172	0	1	65332	1	0	next	other	0
SEE_15_64_FR	489	Sound	low088b	13075173	0	1			0		other	0
SEE_15_64_FR	490	Picture	500+	13140504	0	1	5167	1	0	5000	other	0
SEE_15_64_FR	491	Picture	hi_A054	13145837	0	1	30166	1	0	30000	other	0
SEE_15_64_FR	492	Picture	+	13176170	0	1	20166	1	0	35890	other	0
SEE_15_64_FR	493	Picture	low_F358	13196336	0	1	30166	1	0	30000	other	0
SEE_15_64_FR	494	Picture	+	13226668	0	1	20166	1	0	40170	other	0
SEE_15_64_FR	495	Picture	hi_F367	13246835	0	1	30166	1	0	30000	other	0
SEE_15_64_FR	496	Picture	+	13277167	0	1	85998	1	0	next	other	0
SEE_15_64_FR	497	Sound	hi110a	13297168	0	1			0		other	0
SEE_15_64_FR	498	Picture	500+	13363165	0	1	5167	1	0	5000	other	0
SEE_15_64_FR	499	Picture	low_F244	13368332	0	1	30166	1	0	30000	other	0
SEE_15_64_FR	500	Picture	+	13398498	0	1	68332	1	0	next	other	0
SEE_15_64_FR	501	Sound	hi110b	13398498	0	1			0		other	0
SEE_15_64_FR	502	Picture	500+	13466829	0	1	5167	1	0	5000	other	0
SEE_15_64_FR	503	Picture	hi_P034	13472162	0	1	30166	1	0	30000	other	0
SEE_15_64_FR	504	Picture	+	13502495	0	1	20166	1	0	43720	other	0
SEE_15_64_FR	505	Picture	hi_A056	13522661	0	1	30166	1	0	30000	other	0
SEE_15_64_FR	506	Picture	+	13552994	0	1	20166	1	0	30880	other	0
SEE_15_64_FR	507	Picture	low_L117	13573160	0	1	30166	1	0	30000	other	0
SEE_15_64_FR	508	Picture	+	13603492	0	1	78331	1	0	next	other	0
SEE_15_64_FR	509	Sound	hi319a	13623493	0	1			0		other	0
SEE_15_64_FR	510	Picture	500+	13681824	0	1	5167	1	0	5000	other	0
SEE_15_64_FR	511	Picture	hi_P220	13686990	0	1	30166	1	0	30000	other	0
SEE_15_64_FR	512	Picture	+	13717156	0	1	61665	1	0	next	other	0
SEE_15_64_FR	513	Sound	hi319b	13717157	0	1			0		other	0
SEE_15_64_FR	514	Picture	500+	13778821	0	1	5167	1	0	5000	other	0
SEE_15_64_FR	515	Picture	low_L119	13783988	0	1	30166	1	0	30000	other	0
SEE_15_64_FR	516	Picture	+	13814320	0	1	20166	1	0	33340	other	0
SEE_15_64_FR	517	Picture	hi_F016	13834487	0	1	30166	1	0	30000	other	0
SEE_15_64_FR	518	Picture	+	13864819	0	1	20166	1	0	41280	other	0
SEE_15_64_FR	519	Picture	low_A167	13884985	0	1	30166	1	0	30000	other	0
SEE_15_64_FR	520	Picture	+	13915318	0	1	78331	1	0	next	other	0
SEE_15_64_FR	521	Sound	hi247a	13935319	0	1			0		other	0
SEE_15_64_FR	522	Picture	500+	13993649	0	1	5167	1	0	5000	other	0
SEE_15_64_FR	523	Picture	hi_P208	13998816	0	1	30166	1	0	30000	other	0
SEE_15_64_FR	524	Picture	+	14028982	0	1	56165	1	0	next	other	0
SEE_15_64_FR	525	Sound	hi247b	14028982	0	1			0		other	0
SEE_15_64_FR	526	Picture	500+	14085147	0	1	5167	1	0	5000	other	0
SEE_15_64_FR	527	Picture	low_L128	14090314	0	1	30166	1	0	30000	other	0
SEE_15_64_FR	528	Picture	+	14120646	0	1	20166	1	0	41950	other	0
SEE_15_64_FR	529	Picture	hi_P022	14140812	0	1	30166	1	0	30000	other	0
SEE_15_64_FR	530	Picture	+	14171145	0	1	20166	1	0	31810	other	0
SEE_15_64_FR	531	Picture	low_L096	14191311	0	1	30166	1	0	30000	other	0
SEE_15_64_FR	532	Picture	+	14221644	0	1	79665	1	0	next	other	0
SEE_15_64_FR	533	Sound	low271a	14241644	0	1			0		other	0
SEE_15_64_FR	534	Picture	500+	14301308	0	1	5167	1	0	5000	other	0
SEE_15_64_FR	535	Picture	low_L075	14306642	0	1	30166	1	0	30000	other	0
SEE_15_64_FR	536	Picture	+	14336974	0	1	58665	1	0	next	other	0
SEE_15_64_FR	537	Sound	low271b	14336975	0	1			0		other	0
SEE_15_64_FR	538	Picture	500+	14395639	0	1	5167	1	0	5000	other	0
SEE_15_64_FR	539	Picture	hi_F164	14400973	0	1	30166	1	0	30000	other	0
SEE_15_64_FR	540	Picture	+	14431305	0	1	20166	1	0	39890	other	0
SEE_15_64_FR	541	Picture	low_P108	14451471	0	1	30166	1	0	30000	other	0
SEE_15_64_FR	542	Picture	+	14481804	0	1	20166	1	0	37080	other	0
SEE_15_64_FR	543	Picture	hi_F152	14501970	0	1	30166	1	0	30000	other	0
SEE_15_64_FR	544	Picture	+	14532303	0	1	82498	1	0	next	other	0
SEE_15_64_FR	545	Sound	low358a	14552303	0	1			0		other	0
SEE_15_64_FR	546	Picture	500+	14614801	0	1	5167	1	0	5000	other	0
SEE_15_64_FR	547	Picture	low_L111	14619967	0	1	30166	1	0	30000	other	0
SEE_15_64_FR	548	Picture	+	14650133	0	1	59332	1	0	next	other	0
SEE_15_64_FR	549	Sound	low358b	14650134	0	1			0		other	0
SEE_15_64_FR	550	Picture	500+	14709465	0	1	5167	1	0	5000	other	0
SEE_15_64_FR	551	Picture	hi_P125	14714631	0	1	30166	1	0	30000	other	0
SEE_15_64_FR	552	Picture	+	14744964	0	1	20166	1	0	43410	other	0
SEE_15_64_FR	553	Picture	low_L141	14765130	0	1	30166	1	0	30000	other	0
SEE_15_64_FR	554	Picture	+	14795463	0	1	20166	1	0	43690	other	0
SEE_15_64_FR	555	Picture	hi_O006	14815629	0	1	30166	1	0	30000	other	0
SEE_15_64_FR	556	Picture	+	14845961	0	1	83165	1	0	next	other	0
SEE_15_64_FR	557	Sound	low036a	14865962	0	1			0		other	0
SEE_15_64_FR	558	Picture	500+	14929126	0	1	5167	1	0	5000	other	0
SEE_15_64_FR	559	Picture	hi_P237	14934459	0	1	30166	1	0	30000	other	0
SEE_15_64_FR	560	Picture	+	14964625	0	1	63832	1	0	next	other	0
SEE_15_64_FR	561	Sound	low036b	14964626	0	1			0		other	0
SEE_15_64_FR	562	Picture	500+	15028457	0	1	5167	1	0	5000	other	0
SEE_15_64_FR	563	Picture	low_L164	15033623	0	1	30166	1	0	30000	other	0
SEE_15_64_FR	564	Picture	+	15063956	0	1	20166	1	0	38280	other	0
SEE_15_64_FR	565	Picture	low_A184	15084122	0	1	30166	1	0	30000	other	0
SEE_15_64_FR	566	Picture	+	15114455	0	1	20166	1	0	33590	other	0
SEE_15_64_FR	567	Picture	hi_P233	15134621	0	1	30166	1	0	30000	other	0
SEE_15_64_FR	568	Picture	+	15164953	0	1	80665	1	0	next	other	0
SEE_15_64_FR	569	Sound	low085a	15184954	0	1			0		other	0
SEE_15_64_FR	570	Picture	500+	15245618	0	1	5167	1	0	5000	other	0
SEE_15_64_FR	571	Picture	low_A108	15250951	0	1	30166	1	0	30000	other	0
SEE_15_64_FR	572	Picture	+	15281284	0	1	61332	1	0	next	other	0
SEE_15_64_FR	573	Sound	low085b	15281284	0	1			0		other	0
SEE_15_64_FR	574	Picture	500+	15342616	0	1	5167	1	0	5000	other	0
SEE_15_64_FR	575	Picture	hi_F265	15347949	0	1	30166	1	0	30000	other	0
SEE_15_64_FR	576	Picture	+	15378281	0	1	20166	1	0	34410	other	0
SEE_15_64_FR	577	Picture	low_A188	15398448	0	1	30166	1	0	30000	other	0
SEE_15_64_FR	578	Picture	+	15428780	0	1	20166	1	0	38700	other	0
SEE_15_64_FR	579	Picture	hi_L002	15448946	0	1	30166	1	0	30000	other	0
SEE_15_64_FR	580	Picture	+	15479279	0	1	79665	1	0	next	other	0
SEE_15_64_FR	581	Sound	low030a	15499280	0	1			0		other	0
SEE_15_64_FR	582	Picture	500+	15558944	0	1	5167	1	0	5000	other	0
SEE_15_64_FR	583	Picture	hi_F003	15564110	0	1	30166	1	0	30000	other	0
SEE_15_64_FR	584	Picture	+	15594276	0	1	64665	1	0	next	other	0
SEE_15_64_FR	585	Sound	low030b	15594277	0	1			0		other	0
SEE_15_64_FR	586	Picture	500+	15658941	0	1	5167	1	0	5000	other	0
SEE_15_64_FR	587	Picture	low_P115	15664108	0	1	30166	1	0	30000	other	0
SEE_15_64_FR	588	Picture	+	15694440	0	1	20166	1	0	33940	other	0
SEE_15_64_FR	589	Picture	low_O043	15714606	0	1	30166	1	0	30000	other	0
SEE_15_64_FR	590	Picture	+	15744939	0	1	20166	1	0	35550	other	0
SEE_15_64_FR	591	Picture	hi_O022	15765105	0	1	30166	1	0	30000	other	0
SEE_15_64_FR	592	Picture	+	15795438	0	1	81831	1	0	next	other	0
SEE_15_64_FR	593	Sound	low042a	15815438	0	1			0		other	0
SEE_15_64_FR	594	Picture	500+	15877269	0	1	5167	1	0	5000	other	0
SEE_15_64_FR	595	Picture	low_F001	15882435	0	1	30166	1	0	30000	other	0
SEE_15_64_FR	596	Picture	+	15912601	0	1	60832	1	0	next	other	0
SEE_15_64_FR	597	Sound	low042b	15912602	0	1			0		other	0
SEE_15_64_FR	598	Picture	500+	15973433	0	1	5167	1	0	5000	other	0
SEE_15_64_FR	599	Picture	hi_P225	15978766	0	1	30166	1	0	30000	other	0
SEE_15_64_FR	600	Picture	+	16009099	0	1	20166	1	0	39390	other	0
SEE_15_64_FR	601	Picture	hi_O283	16029265	0	1	30166	1	0	30000	other	0
SEE_15_64_FR	602	Picture	+	16059598	0	1	20166	1	0	34790	other	0
SEE_15_64_FR	603	Picture	low_L153	16079764	0	1	30166	1	0	30000	other	0
SEE_15_64_FR	604	Picture	+	16110096	0	1	80831	1	0	next	other	0
SEE_15_64_FR	605	Sound	low350a	16130097	0	1			0		other	0
SEE_15_64_FR	606	Picture	500+	16190928	0	1	5167	1	0	5000	other	0
SEE_15_64_FR	607	Picture	low_P152	16196094	0	1	30166	1	0	30000	other	0
SEE_15_64_FR	608	Picture	+	16226260	0	1	59332	1	0	next	other	0
SEE_15_64_FR	609	Sound	low350b	16226261	0	1			0		other	0
SEE_15_64_FR	610	Picture	500+	16285592	0	1	5167	1	0	5000	other	0
SEE_15_64_FR	611	Picture	hi_A039	16290759	0	1	30166	1	0	30000	other	0
SEE_15_64_FR	612	Picture	+	16321091	0	1	20166	1	0	42630	other	0
SEE_15_64_FR	613	Picture	low_A099	16341257	0	1	30166	1	0	30000	other	0
SEE_15_64_FR	614	Picture	+	16371590	0	1	20166	1	0	34930	other	0
SEE_15_64_FR	615	Picture	hi_L026	16391756	0	1	30166	1	0	30000	other	0
SEE_15_64_FR	616	Picture	+	16422089	0	1	88831	1	0	next	other	0
SEE_15_64_FR	617	Sound	low276a	16442089	0	1			0		other	0
SEE_15_64_FR	618	Picture	500+	16510920	0	1	5167	1	0	5000	other	0
SEE_15_64_FR	619	Picture	low_L158	16516086	0	1	30166	1	0	30000	other	0
SEE_15_64_FR	620	Picture	+	16546252	0	1	60498	1	0	next	other	0
SEE_15_64_FR	621	Sound	low276b	16546253	0	1			0		other	0
SEE_15_64_FR	622	Picture	500+	16606751	0	1	5167	1	0	5000	other	0
SEE_15_64_FR	623	Picture	hi_F274	16611917	0	1	30166	1	0	30000	other	0
SEE_15_64_FR	624	Picture	+	16642250	0	1	20166	1	0	34180	other	0
SEE_15_64_FR	625	Picture	hi_A207	16662416	0	1	30166	1	0	30000	other	0
SEE_15_64_FR	626	Picture	+	16692749	0	1	20166	1	0	33430	other	0
SEE_15_64_FR	627	Picture	low_L142	16712915	0	1	30166	1	0	30000	other	0
SEE_15_64_FR	628	Picture	+	16743247	0	1	85165	1	0	next	other	0
SEE_15_64_FR	629	Sound	hi310a	16763248	0	1			0		other	0
SEE_15_64_FR	630	Picture	500+	16828412	0	1	5167	1	0	5000	other	0
SEE_15_64_FR	631	Picture	hi_P239	16833578	0	1	30166	1	0	30000	other	0
SEE_15_64_FR	632	Picture	+	16863911	0	1	61665	1	0	next	other	0
SEE_15_64_FR	633	Sound	hi310b	16863912	0	1			0		other	0
SEE_15_64_FR	634	Picture	500+	16925576	0	1	5167	1	0	5000	other	0
SEE_15_64_FR	635	Picture	low_F333	16930909	0	1	30166	1	0	30000	other	0
SEE_15_64_FR	636	Picture	+	16961242	0	1	20166	1	0	34730	other	0
SEE_15_64_FR	637	Picture	low_P104	16981408	0	1	30166	1	0	30000	other	0
SEE_15_64_FR	638	Picture	+	17011741	0	1	20166	1	0	44520	other	0
SEE_15_64_FR	639	Picture	hi_P143	17031907	0	1	30166	1	0	30000	other	0
SEE_15_64_FR	640	Picture	+	17062239	0	1	89498	1	0	next	other	0
SEE_15_64_FR	641	Sound	low351a	17082240	0	1			0		other	0
SEE_15_64_FR	642	Picture	500+	17151737	0	1	5167	1	0	5000	other	0
SEE_15_64_FR	643	Picture	hi_A085	17156904	0	1	30166	1	0	30000	other	0
SEE_15_64_FR	644	Picture	+	17187070	0	1	67998	1	0	next	other	0
SEE_15_64_FR	645	Sound	low351b	17187070	0	1			0		other	0
SEE_15_64_FR	646	Picture	500+	17255068	0	1	5167	1	0	5000	other	0
SEE_15_64_FR	647	Picture	low_F047	17260401	0	1	30166	1	0	30000	other	0
SEE_15_64_FR	648	Picture	+	17290734	0	1	20166	1	0	44300	other	0
SEE_15_64_FR	649	Picture	hi_O328	17310900	0	1	30166	1	0	30000	other	0
SEE_15_64_FR	650	Picture	+	17341232	0	1	20166	1	0	33940	other	0
SEE_15_64_FR	651	Picture	low_A123	17361399	0	1	30166	1	0	30000	other	0
SEE_15_64_FR	652	Picture	+	17391731	0	1	78165	1	0	next	other	0
SEE_15_64_FR	653	Sound	hi097a	17411732	0	1			0		other	0
SEE_15_64_FR	654	Picture	500+	17469896	0	1	5167	1	0	5000	other	0
SEE_15_64_FR	655	Picture	low_A152	17475062	0	1	30166	1	0	30000	other	0
SEE_15_64_FR	656	Picture	+	17505228	0	1	62998	1	0	next	other	0
SEE_15_64_FR	657	Sound	hi097b	17505229	0	1			0		other	0
SEE_15_64_FR	658	Picture	500+	17568227	0	1	5167	1	0	5000	other	0
SEE_15_64_FR	659	Picture	hi_P020	17573393	0	1	30166	1	0	30000	other	0
SEE_15_64_FR	660	Picture	+	17603726	0	1	20166	1	0	42130	other	0
SEE_15_64_FR	661	Picture	low_P055	17623892	0	1	30166	1	0	30000	other	0
SEE_15_64_FR	662	Picture	+	17654225	0	1	20166	1	0	30010	other	0
SEE_15_64_FR	663	Picture	hi_O148	17674391	0	1	30166	1	0	30000	other	0
SEE_15_64_FR	664	Picture	+	17704723	0	1	79498	1	0	next	other	0
SEE_15_64_FR	665	Sound	low281a	17724724	0	2			0		other	0
SEE_15_64_FR	666	Picture	500+	17784221	0	1	5167	1	0	5000	other	0
SEE_15_64_FR	667	Picture	low_L021	17789388	0	1	30166	1	0	30000	other	0
SEE_15_64_FR	668	Picture	+	17819554	0	1	67665	1	0	next	other	0
SEE_15_64_FR	669	Sound	low281b	17819554	0	1			0		other	0
SEE_15_64_FR	670	Picture	500+	17887219	0	1	5167	1	0	5000	other	0
SEE_15_64_FR	671	Picture	hi_A013	17892552	0	1	30166	1	0	30000	other	0
SEE_15_64_FR	672	Picture	+	17922885	0	1	20166	1	0	41140	other	0
SEE_15_64_FR	673	Picture	hi_A030	17943051	0	1	30166	1	0	30000	other	0
SEE_15_64_FR	674	Picture	+	17973383	0	1	20166	1	0	32020	other	0
SEE_15_64_FR	675	Picture	low_F345	17993549	0	1	30166	1	0	30000	other	0
SEE_15_64_FR	676	Picture	+	18023882	0	1	85331	1	0	next	other	0
SEE_15_64_FR	677	Sound	hi139a	18043883	0	1			0		other	0
SEE_15_64_FR	678	Picture	500+	18109213	0	1	5167	1	0	5000	other	0
SEE_15_64_FR	679	Picture	hi_P232	18114546	0	1	30166	1	0	30000	other	0
SEE_15_64_FR	680	Picture	+	18144879	0	1	68165	1	0	next	other	0
SEE_15_64_FR	681	Sound	hi139b	18144880	0	1			0		other	0
SEE_15_64_FR	682	Picture	500+	18213044	0	1	5167	1	0	5000	other	0
SEE_15_64_FR	683	Picture	low_O099	18218211	0	1	30166	1	0	30000	other	0
SEE_15_64_FR	684	Picture	+	18248543	0	1	20166	1	0	33740	other	0
SEE_15_64_FR	685	Picture	hi_P010	18268709	0	1	30166	1	0	30000	other	0
SEE_15_64_FR	686	Picture	+	18299042	0	1	20166	1	0	38830	other	0
SEE_15_64_FR	687	Picture	low_L178	18319208	0	1	30166	1	0	30000	other	0
SEE_15_64_FR	688	Picture	+	18349541	0	1	81498	1	0	next	other	0
SEE_15_64_FR	689	Sound	hi249a	18369541	0	1			0		other	0
SEE_15_64_FR	690	Picture	500+	18431039	0	1	5167	1	0	5000	other	0
SEE_15_64_FR	691	Picture	hi_P017	18436372	0	1	30166	1	0	30000	other	0
SEE_15_64_FR	692	Picture	+	18466704	0	1	62332	1	0	next	other	0
SEE_15_64_FR	693	Sound	hi249b	18466705	0	1			0		other	0
SEE_15_64_FR	694	Picture	500+	18529036	0	1	5167	1	0	5000	other	0
SEE_15_64_FR	695	Picture	low_L016	18534203	0	1	30166	1	0	30000	other	0
SEE_15_64_FR	696	Picture	+	18564535	0	1	20166	1	0	32980	other	0
SEE_15_64_FR	697	Picture	hi_F034	18584701	0	1	30166	1	0	30000	other	0
SEE_15_64_FR	698	Picture	+	18615034	0	1	20166	1	0	42400	other	0
SEE_15_64_FR	699	Picture	low_L180	18635200	0	1	30166	1	0	30000	other	0
SEE_15_64_FR	700	Picture	+	18665533	0	1	78498	1	0	next	other	0
SEE_15_64_FR	701	Sound	low063a	18685534	0	1			0		other	0
SEE_15_64_FR	702	Picture	500+	18744031	0	1	5167	1	0	5000	other	0
SEE_15_64_FR	703	Picture	low_L049	18749364	0	1	30166	1	0	30000	other	0
SEE_15_64_FR	704	Picture	+	18779530	0	1	61165	1	0	next	other	0
SEE_15_64_FR	705	Sound	low063b	18779530	0	1			0		other	0
SEE_15_64_FR	706	Picture	500+	18840695	0	1	5167	1	0	5000	other	0
SEE_15_64_FR	707	Picture	hi_P243	18845861	0	1	30166	1	0	30000	other	0
SEE_15_64_FR	708	Picture	+	18876194	0	1	20166	1	0	38560	other	0
SEE_15_64_FR	709	Picture	hi_A071	18896360	0	1	30166	1	0	30000	other	0
SEE_15_64_FR	710	Picture	+	18926693	0	1	20166	1	0	42500	other	0
SEE_15_64_FR	711	Picture	low_F125	18946859	0	1	30166	1	0	30000	other	0
SEE_15_64_FR	712	Picture	+	18977192	0	1	88164	1	0	next	other	0
SEE_15_64_FR	713	Sound	hi154a	18997192	0	1			0		other	0
SEE_15_64_FR	714	Picture	500+	19065356	0	1	5167	1	0	5000	other	0
SEE_15_64_FR	715	Picture	low_A104	19070523	0	1	30166	1	0	30000	other	0
SEE_15_64_FR	716	Picture	+	19100855	0	1	60832	1	0	next	other	0
SEE_15_64_FR	717	Sound	hi154b	19100856	0	1			0		other	0
SEE_15_64_FR	718	Picture	500+	19161687	0	1	5167	1	0	5000	other	0
SEE_15_64_FR	719	Picture	hi_A019	19166854	0	1	30166	1	0	30000	other	0
SEE_15_64_FR	720	Picture	+	19197186	0	1	20166	1	0	31810	other	0
SEE_15_64_FR	721	Picture	hi_P229	19217352	0	1	30166	1	0	30000	other	0
SEE_15_64_FR	722	Picture	+	19247685	0	1	20166	1	0	32480	other	0
SEE_15_64_FR	723	Picture	low_F138	19267851	0	1	30166	1	0	30000	other	0
SEE_15_64_FR	724	Picture	+	19298184	0	1	85998	1	0	next	other	0
SEE_15_64_FR	725	Sound	hi217a	19318184	0	2			0		other	0
SEE_15_64_FR	726	Picture	500+	19384181	0	1	5167	1	0	5000	other	0
SEE_15_64_FR	727	Picture	hi_F174	19389515	0	1	30166	1	0	30000	other	0
SEE_15_64_FR	728	Picture	+	19419681	0	1	66165	1	0	next	other	0
SEE_15_64_FR	729	Sound	hi217b	19419681	0	1			0		other	0
SEE_15_64_FR	730	Picture	500+	19485846	0	1	5167	1	0	5000	other	0
SEE_15_64_FR	731	Picture	low_L085	19491012	0	1	30166	1	0	30000	other	0
SEE_15_64_FR	732	Picture	+	19521345	0	1	20166	1	0	36290	other	0
SEE_15_64_FR	733	Picture	hi_P198	19541511	0	1	30166	1	0	30000	other	0
SEE_15_64_FR	734	Picture	+	19571843	0	1	20166	1	0	30020	other	0
SEE_15_64_FR	735	Picture	low_L124	19592010	0	1	30166	1	0	30000	other	0
SEE_15_64_FR	736	Picture	+	19622342	0	1	76998	1	0	next	other	0
SEE_15_64_FR	737	Sound	hi007a	19642343	0	1			0		other	0
SEE_15_64_FR	738	Picture	500+	19699340	0	1	5167	1	0	5000	other	0
SEE_15_64_FR	739	Picture	hi_P139	19704507	0	1	30166	1	0	30000	other	0
SEE_15_64_FR	740	Picture	+	19734673	0	1	66832	1	0	next	other	0
SEE_15_64_FR	741	Sound	hi007b	19734673	0	1			0		other	0
SEE_15_64_FR	742	Picture	500+	19801504	0	1	5167	1	0	5000	other	0
SEE_15_64_FR	743	Picture	low_A115	19806838	0	1	30166	1	0	30000	other	0
SEE_15_64_FR	744	Picture	+	19837170	0	1	20166	1	0	41640	other	0
SEE_15_64_FR	745	Picture	hi_P175	19857336	0	1	30166	1	0	30000	other	0
SEE_15_64_FR	746	Picture	+	19887669	0	1	20166	1	0	32200	other	0
SEE_15_64_FR	747	Picture	low_F123	19907835	0	1	30166	1	0	30000	other	0
SEE_15_64_FR	748	Picture	+	19938168	0	1	78498	1	0	next	other	0
SEE_15_64_FR	749	Sound	low087a	19958168	0	1			0		other	0
SEE_15_64_FR	750	Picture	500+	20016666	0	1	5167	1	0	5000	other	0
SEE_15_64_FR	751	Picture	hi_P246	20021832	0	1	30166	1	0	30000	other	0
SEE_15_64_FR	752	Picture	+	20051998	0	1	56499	1	0	next	other	0
SEE_15_64_FR	753	Sound	low087b	20051999	0	1			0		other	0
SEE_15_64_FR	754	Picture	500+	20108497	0	1	5167	1	0	5000	other	0
SEE_15_64_FR	755	Picture	low_A160	20113663	0	1	30166	1	0	30000	other	0
SEE_15_64_FR	756	Picture	+	20143996	0	1	20166	1	0	34750	other	0
SEE_15_64_FR	757	Picture	hi_F272	20164162	0	1	30166	1	0	30000	other	0
SEE_15_64_FR	758	Picture	+	20194495	0	1	20166	1	0	34030	other	0
SEE_15_64_FR	759	Picture	low_L138	20214661	0	1	30166	1	0	30000	other	0
SEE_15_64_FR	760	Picture	+	20244993	0	1	88665	1	0	next	other	0
SEE_15_64_FR	761	Sound	hi123a	20264994	0	1			0		other	0
SEE_15_64_FR	762	Picture	500+	20333658	0	1	5167	1	0	5000	other	0
SEE_15_64_FR	763	Picture	low_A119	20338824	0	1	30166	1	0	30000	other	0
SEE_15_64_FR	764	Picture	+	20368990	0	1	67332	1	0	next	other	0
SEE_15_64_FR	765	Sound	hi123b	20368991	0	1			0		other	0
SEE_15_64_FR	766	Picture	500+	20436322	0	1	5167	1	0	5000	other	0
SEE_15_64_FR	767	Picture	hi_F158	20441655	0	1	30166	1	0	30000	other	0
SEE_15_64_FR	768	Picture	+	20471988	0	1	20166	1	0	32140	other	0
SEE_15_64_FR	769	Picture	hi_P212	20492154	0	1	30166	1	0	30000	other	0
SEE_15_64_FR	770	Picture	+	20522486	0	1	20166	1	0	39910	other	0
SEE_15_64_FR	771	Picture	low_A113	20542653	0	1	30166	1	0	30000	other	0
SEE_15_64_FR	772	Picture	+	20572985	0	1	88164	1	0	next	other	0
SEE_15_64_FR	773	Sound	low049a	20592986	0	1			0		other	0
SEE_15_64_FR	774	Picture	500+	20661150	0	1	5167	1	0	5000	other	0
SEE_15_64_FR	775	Picture	hi_A038	20666483	0	1	30166	1	0	30000	other	0
SEE_15_64_FR	776	Picture	+	20696649	0	1	68498	1	0	next	other	0
SEE_15_64_FR	777	Sound	low049b	20696649	0	1			0		other	0
SEE_15_64_FR	778	Picture	500+	20765147	0	1	5167	1	0	5000	other	0
SEE_15_64_FR	779	Picture	low_L134	20770314	0	1	30166	1	0	30000	other	0
SEE_15_64_FR	780	Picture	+	20800646	0	1	20166	1	0	35050	other	0
SEE_15_64_FR	781	Picture	low_P149	20820812	0	1	30166	1	0	30000	other	0
SEE_15_64_FR	782	Picture	+	20851145	0	1	20166	1	0	39550	other	0
SEE_15_64_FR	783	Picture	hi_O139	20871311	0	1	30166	1	0	30000	other	0
SEE_15_64_FR	784	Picture	+	20901644	0	1	84998	1	0	next	other	0
SEE_15_64_FR	785	Sound	hi202a	20921644	0	1			0		other	0
SEE_15_64_FR	786	Picture	500+	20986641	0	1	5167	1	0	5000	other	0
SEE_15_64_FR	787	Picture	hi_A016	20991808	0	1	30166	1	0	30000	other	0
SEE_15_64_FR	788	Picture	+	21021974	0	1	59499	1	0	next	other	0
SEE_15_64_FR	789	Sound	hi202b	21021974	0	1			0		other	0
SEE_15_64_FR	790	Picture	500+	21081472	0	1	5167	1	0	5000	other	0
SEE_15_64_FR	791	Picture	low_A158	21086639	0	1	30166	1	0	30000	other	0
SEE_15_64_FR	792	Picture	+	21116972	0	1	20166	1	0	43320	other	0
SEE_15_64_FR	793	Picture	hi_A012	21137138	0	1	30166	1	0	30000	other	0
SEE_15_64_FR	794	Picture	+	21167470	0	1	20166	1	0	32510	other	0
SEE_15_64_FR	795	Picture	low_L148	21187636	0	1	30166	1	0	30000	other	0
SEE_15_64_FR	796	Picture	+	21217969	0	1	78665	1	0	next	other	0
SEE_15_64_FR	797	Sound	low283a	21237970	0	1			0		other	0
SEE_15_64_FR	798	Picture	500+	21296634	0	1	5167	1	0	5000	other	0
SEE_15_64_FR	799	Picture	hi_F170	21301800	0	1	30166	1	0	30000	other	0
SEE_15_64_FR	800	Picture	+	21332133	0	1	57332	1	0	next	other	0
SEE_15_64_FR	801	Sound	low283b	21332133	0	1			0		other	0
SEE_15_64_FR	802	Picture	500+	21389465	0	1	5167	1	0	5000	other	0
SEE_15_64_FR	803	Picture	low_L165	21394631	0	1	30166	1	0	30000	other	0
SEE_15_64_FR	804	Picture	+	21424964	0	1	20166	1	0	30170	other	0
SEE_15_64_FR	805	Picture	low_P138	21445130	0	1	30166	1	0	30000	other	0
SEE_15_64_FR	806	Picture	+	21475463	0	1	20166	1	0	39760	other	0
SEE_15_64_FR	807	Picture	hi_A073	21495629	0	1	30166	1	0	30000	other	0
SEE_15_64_FR	808	Picture	+	21525961	0	1	85831	1	0	next	other	0
SEE_15_64_FR	809	Sound	low344a	21545962	0	1			0		other	0
SEE_15_64_FR	810	Picture	500+	21611792	0	1	5167	1	0	5000	other	0
SEE_15_64_FR	811	Picture	low_A214	21617126	0	1	30166	1	0	30000	other	0
SEE_15_64_FR	812	Picture	+	21647292	0	1	61165	1	0	next	other	0
SEE_15_64_FR	813	Sound	low344b	21647292	0	1			0		other	0
SEE_15_64_FR	814	Picture	500+	21708457	0	1	5167	1	0	5000	other	0
SEE_15_64_FR	815	Picture	hi_F014	21713790	0	1	30166	1	0	30000	other	0
SEE_15_64_FR	816	Picture	+	21744123	0	1	20166	1	0	40510	other	0
SEE_15_64_FR	817	Picture	hi_A050	21764289	0	1	30166	1	0	30000	other	0
SEE_15_64_FR	818	Picture	+	21794621	0	1	20166	1	0	40110	other	0
SEE_15_64_FR	819	Picture	low_L167	21814787	0	1	30166	1	0	30000	other	0
SEE_15_64_FR	820	Picture	+	21845120	0	1	79165	1	0	next	other	0
SEE_15_64_FR	821	Sound	hi250a	21865121	0	1			0		other	0
SEE_15_64_FR	822	Picture	500+	21924285	0	1	5167	1	0	5000	other	0
SEE_15_64_FR	823	Picture	low_L107	21929618	0	1	30166	1	0	30000	other	0
SEE_15_64_FR	824	Picture	+	21959784	0	1	56665	1	0	next	other	0
SEE_15_64_FR	825	Sound	hi250b	21959784	0	1			0		other	0
SEE_15_64_FR	826	Picture	500+	22016449	0	1	5167	1	0	5000	other	0
SEE_15_64_FR	827	Picture	hi_F277	22021616	0	1	30166	1	0	30000	other	0
SEE_15_64_FR	828	Picture	+	22051948	0	1	20166	1	0	36400	other	0
SEE_15_64_FR	829	Picture	low_F042	22072114	0	1	30166	1	0	30000	other	0
SEE_15_64_FR	830	Picture	+	22102447	0	1	20166	1	0	44410	other	0
SEE_15_64_FR	831	Picture	hi_F032	22122613	0	1	30166	1	0	30000	other	0
SEE_15_64_FR	832	Picture	+	22152946	0	1	77665	1	0	next	other	0
SEE_15_64_FR	833	Sound	low037a	22172946	0	1			0		other	0
SEE_15_64_FR	834	Picture	500+	22230610	0	1	5167	1	0	5000	other	0
SEE_15_64_FR	835	Picture	low_F224	22235777	0	1	30166	1	0	30000	other	0
SEE_15_64_FR	836	Picture	+	22266109	0	1	67332	1	0	next	other	0
SEE_15_64_FR	837	Sound	low037b	22266110	0	1			0		other	0
SEE_15_64_FR	838	Picture	500+	22333441	0	1	5167	1	0	5000	other	0
SEE_15_64_FR	839	Picture	hi_O300	22338774	0	1	30166	1	0	30000	other	0
SEE_15_64_FR	840	Picture	+	22369107	0	1	20166	1	0	36310	other	0
SEE_15_64_FR	841	Picture	hi_O149	22389273	0	1	30166	1	0	30000	other	0
SEE_15_64_FR	842	Picture	+	22419606	0	1	20166	1	0	31080	other	0
SEE_15_64_FR	843	Picture	low_P103	22439772	0	1	30166	1	0	30000	other	0
SEE_15_64_FR	844	Picture	+	22470104	0	1	84665	1	0	next	other	0
SEE_15_64_FR	845	Sound	low048a	22490105	0	1			0		other	0
SEE_15_64_FR	846	Picture	500+	22554769	0	1	5167	1	0	5000	other	0
SEE_15_64_FR	847	Picture	hi_A033	22559936	0	1	30166	1	0	30000	other	0
SEE_15_64_FR	848	Picture	+	22590101	0	1	57832	1	0	next	other	0
SEE_15_64_FR	849	Sound	low048b	22590102	0	1			0		other	0
SEE_15_64_FR	850	Picture	500+	22647933	0	1	5166	1	0	5000	other	0
SEE_15_64_FR	851	Picture	low_L175	22653266	0	1	30166	1	0	30000	other	0
SEE_15_64_FR	852	Picture	+	22683599	0	1	20166	1	0	41080	other	0
SEE_15_64_FR	853	Picture	low_L072	22703765	0	1	30166	1	0	30000	other	0
SEE_15_64_FR	854	Picture	+	22734098	0	1	20166	1	0	44150	other	0
SEE_15_64_FR	855	Picture	hi_L022	22754264	0	1	30166	1	0	30000	other	0
SEE_15_64_FR	856	Picture	+	22784597	0	1	77665	1	0	next	other	0
SEE_15_64_FR	857	Sound	low279a	22804597	0	1			0		other	0
SEE_15_64_FR	858	Picture	500+	22862261	0	1	5167	1	0	5000	other	0
SEE_15_64_FR	859	Picture	hi_P029	22867594	0	1	30166	1	0	30000	other	0
SEE_15_64_FR	860	Picture	+	22897760	0	1	60165	1	0	next	other	0
SEE_15_64_FR	861	Sound	low279b	22897761	0	1			0		other	0
SEE_15_64_FR	862	Picture	500+	22957926	0	1	5167	1	0	5000	other	0
SEE_15_64_FR	863	Picture	low_A193	22963092	0	1	30166	1	0	30000	other	0
SEE_15_64_FR	864	Picture	+	22993425	0	1	20166	1	0	40900	other	0
SEE_15_64_FR	865	Picture	low_L054	23013591	0	1	30166	1	0	30000	other	0
SEE_15_64_FR	866	Picture	+	23043923	0	1	20166	1	0	31900	other	0
SEE_15_64_FR	867	Picture	hi_P230	23064090	0	1	30166	1	0	30000	other	0
SEE_15_64_FR	868	Picture	+	23094422	0	1	88831	1	0	next	other	0
SEE_15_64_FR	869	Sound	hi241a	23114423	0	1			0		other	0
SEE_15_64_FR	870	Picture	500+	23183253	0	1	5167	1	0	5000	other	0
SEE_15_64_FR	871	Picture	hi_P071	23188420	0	1	30166	1	0	30000	other	0
SEE_15_64_FR	872	Picture	+	23218586	0	1	55332	1	0	next	other	0
SEE_15_64_FR	873	Sound	hi241b	23218586	0	1			0		other	0
SEE_15_64_FR	874	Picture	500+	23273918	0	1	5167	1	0	5000	other	0
SEE_15_64_FR	875	Picture	low_L071	23279251	0	1	30166	1	0	30000	other	0
SEE_15_64_FR	876	Picture	+	23309583	0	1	20166	1	0	37210	other	0
SEE_15_64_FR	877	Picture	low_L094	23329750	0	1	30166	1	0	30000	other	0
SEE_15_64_FR	878	Picture	+	23360082	0	1	20166	1	0	32200	other	0
SEE_15_64_FR	879	Picture	hi_P058	23380248	0	1	30166	1	0	30000	other	0
SEE_15_64_FR	880	Picture	+	23410581	0	1	83331	1	0	next	other	0
SEE_15_64_FR	881	Sound	low272a	23430582	0	1			0		other	0
SEE_15_64_FR	882	Picture	500+	23493912	0	1	5167	1	0	5000	other	0
SEE_15_64_FR	883	Picture	low_F061	23499079	0	1	30166	1	0	30000	other	0
SEE_15_64_FR	884	Picture	+	23529411	0	1	67498	1	0	next	other	0
SEE_15_64_FR	885	Sound	low272b	23529412	0	1			0		other	0
SEE_15_64_FR	886	Picture	500+	23596910	0	1	5167	1	0	5000	other	0
SEE_15_64_FR	887	Picture	hi_P040	23602076	0	1	30166	1	0	30000	other	0
SEE_15_64_FR	888	Picture	+	23632409	0	1	20166	1	0	30720	other	0
SEE_15_64_FR	889	Picture	low_L062	23652575	0	1	30166	1	0	30000	other	0
SEE_15_64_FR	890	Picture	+	23682907	0	1	20166	1	0	30350	other	0
SEE_15_64_FR	891	Picture	hi_P231	23703074	0	1	30166	1	0	30000	other	0
SEE_15_64_FR	892	Picture	+	23733406	0	1	85164	1	0	next	other	0
SEE_15_64_FR	893	Sound	hi172a	23753407	0	1			0		other	0
SEE_15_64_FR	894	Picture	500+	23818571	0	1	5167	1	0	5000	other	0
SEE_15_64_FR	895	Picture	low_F115	23823737	0	1	30166	1	0	30000	other	0
SEE_15_64_FR	896	Picture	+	23853903	0	1	56332	1	0	next	other	0
SEE_15_64_FR	897	Sound	hi172b	23853904	0	1			0		other	0
SEE_15_64_FR	898	Picture	500+	23910235	0	1	5167	1	0	5000	other	0
SEE_15_64_FR	899	Picture	hi_P033	23915402	0	1	30166	1	0	30000	other	0
SEE_15_64_FR	900	Picture	+	23945734	0	1	20166	1	0	39830	other	0
SEE_15_64_FR	901	Picture	hi_F270	23965900	0	1	30166	1	0	30000	other	0
SEE_15_64_FR	902	Picture	+	23996233	0	1	20166	1	0	30160	other	0
SEE_15_64_FR	903	Picture	low_P195	24016399	0	1	30166	1	0	30000	other	0
SEE_15_64_FR	904	Picture	+	24046732	0	1	86831	1	0	next	other	0
SEE_15_64_FR	905	Sound	low179a	24066733	0	1			0		other	0
SEE_15_64_FR	906	Picture	500+	24133563	0	1	5167	1	0	5000	other	0
SEE_15_64_FR	907	Picture	hi_F299	24138729	0	1	30166	1	0	30000	other	0
SEE_15_64_FR	908	Picture	+	24168895	0	1	58499	1	0	next	other	0
SEE_15_64_FR	909	Sound	low179b	24168896	0	1			0		other	0
SEE_15_64_FR	910	Picture	500+	24227394	0	1	5167	1	0	5000	other	0
SEE_15_64_FR	911	Picture	low_P179	24232560	0	1	30166	1	0	30000	other	0
SEE_15_64_FR	912	Picture	+	24262893	0	1	20166	1	0	43000	other	0
SEE_15_64_FR	913	Picture	low_F129	24283059	0	1	30166	1	0	30000	other	0
SEE_15_64_FR	914	Picture	+	24313392	0	1	20166	1	0	35940	other	0
SEE_15_64_FR	915	Picture	hi_A048	24333558	0	1	30166	1	0	30000	other	0
SEE_15_64_FR	916	Picture	+	24363890	0	1	87998	1	0	next	other	0
SEE_15_64_FR	917	Sound	low284a	24383891	0	1			0		other	0
SEE_15_64_FR	918	Picture	500+	24451888	0	1	5166	1	0	5000	other	0
SEE_15_64_FR	919	Picture	hi_P235	24457221	0	1	30166	1	0	30000	other	0
SEE_15_64_FR	920	Picture	+	24487387	0	1	58832	1	0	next	other	0
SEE_15_64_FR	921	Sound	low284b	24487388	0	1			0		other	0
SEE_15_64_FR	922	Picture	500+	24546219	0	1	5167	1	0	5000	other	0
SEE_15_64_FR	923	Picture	low_L123	24551386	0	1	30166	1	0	30000	other	0
SEE_15_64_FR	924	Picture	+	24581718	0	1	20166	1	0	43200	other	0
SEE_15_64_FR	925	Picture	low_L166	24601885	0	1	30166	1	0	30000	other	0
SEE_15_64_FR	926	Picture	+	24632217	0	1	20166	1	0	40340	other	0
SEE_15_64_FR	927	Picture	hi_P127	24652383	0	1	30166	1	0	30000	other	0
SEE_15_64_FR	928	Picture	+	24682716	0	1	89664	1	0	next	other	0
SEE_15_64_FR	929	Sound	hi206a	24702717	0	1			0		other	0
SEE_15_64_FR	930	Picture	500+	24772380	0	1	5167	1	0	5000	other	0
SEE_15_64_FR	931	Picture	low_P044	24777547	0	1	30166	1	0	30000	other	0
SEE_15_64_FR	932	Picture	+	24807713	0	1	57499	1	0	next	other	0
SEE_15_64_FR	933	Sound	hi206b	24807713	0	1			0		other	0
SEE_15_64_FR	934	Picture	500+	24865211	0	1	5167	1	0	5000	other	0
SEE_15_64_FR	935	Picture	hi_A062	24870544	0	1	30166	1	0	30000	other	0
SEE_15_64_FR	936	Picture	+	24900877	0	1	20166	1	0	41020	other	0
SEE_15_64_FR	937	Picture	low_A128	24921043	0	1	30166	1	0	30000	other	0
SEE_15_64_FR	938	Picture	+	24951376	0	1	20166	1	0	32240	other	0
SEE_15_64_FR	939	Picture	hi_F280	24971542	0	1	30166	1	0	30000	other	0
SEE_15_64_FR	940	Picture	+	25001875	0	1	81831	1	0	next	other	0
SEE_15_64_FR	941	Sound	hi010a	25021875	0	2			0		other	0
SEE_15_64_FR	942	Picture	500+	25083706	0	1	5167	1	0	5000	other	0
SEE_15_64_FR	943	Picture	hi_A069	25089039	0	1	30166	1	0	30000	other	0
SEE_15_64_FR	944	Picture	+	25119372	0	1	63665	1	0	next	other	0
SEE_15_64_FR	945	Sound	hi010b	25119372	0	1			0		other	0
SEE_15_64_FR	946	Picture	500+	25183037	0	1	5167	1	0	5000	other	0
SEE_15_64_FR	947	Picture	low_A091	25188203	0	1	30166	1	0	30000	other	0
SEE_15_64_FR	948	Picture	+	25218536	0	1	20166	1	0	35530	other	0
SEE_15_64_FR	949	Picture	hi_O007	25238702	0	1	30166	1	0	30000	other	0
SEE_15_64_FR	950	Picture	+	25269035	0	1	20166	1	0	40500	other	0
SEE_15_64_FR	951	Picture	low_P112	25289201	0	1	30166	1	0	30000	other	0
SEE_15_64_FR	952	Picture	+	25319533	0	1	88831	1	0	next	other	0
SEE_15_64_FR	953	Sound	low071a	25339534	0	1			0		other	0
SEE_15_64_FR	954	Picture	500+	25408364	0	1	5167	1	0	5000	other	0
SEE_15_64_FR	955	Picture	hi_F019	25413531	0	1	30166	1	0	30000	other	0
SEE_15_64_FR	956	Picture	+	25443697	0	1	66165	1	0	next	other	0
SEE_15_64_FR	957	Sound	low071b	25443698	0	1			0		other	0
SEE_15_64_FR	958	Picture	500+	25509862	0	1	5167	1	0	5000	other	0
SEE_15_64_FR	959	Picture	low_F045	25515028	0	1	30166	1	0	30000	other	0
SEE_15_64_FR	960	Picture	+	25545361	0	1	20166	1	0	34300	other	0
SEE_15_64_FR	961	Picture	hi_P003	25565527	0	1	30166	1	0	30000	other	0
SEE_15_64_FR	962	Picture	+	25595860	0	1	20166	1	0	43300	other	0
SEE_15_64_FR	963	Picture	low_A194	25616026	0	1	30166	1	0	30000	other	0
SEE_15_64_FR	964	Picture	+	25646358	0	1	83998	1	0	next	other	0
SEE_15_64_FR	965	Sound	hi301a	25666359	0	1			0		other	0
SEE_15_64_FR	966	Picture	500+	25730356	0	1	5167	1	0	5000	other	0
SEE_15_64_FR	967	Picture	low_L018	25735690	0	1	30166	1	0	30000	other	0
SEE_15_64_FR	968	Picture	+	25765855	0	1	64998	1	0	next	other	0
SEE_15_64_FR	969	Sound	hi301b	25765856	0	1			0		other	0
SEE_15_64_FR	970	Picture	500+	25830854	0	1	5167	1	0	5000	other	0
SEE_15_64_FR	971	Picture	hi_F041	25836020	0	1	30166	1	0	30000	other	0
SEE_15_64_FR	972	Picture	+	25866353	0	1	20166	1	0	43550	other	0
SEE_15_64_FR	973	Picture	low_L172	25886519	0	1	30166	1	0	30000	other	0
SEE_15_64_FR	974	Picture	+	25916852	0	1	20166	1	0	34280	other	0
SEE_15_64_FR	975	Picture	hi_P147	25937018	0	1	30166	1	0	30000	other	0
SEE_15_64_FR	976	Picture	+	25967350	0	1	77831	1	0	next	other	0
SEE_15_64_FR	977	Sound	hi243a	25987351	0	1			0		other	0
SEE_15_64_FR	978	Picture	500+	26045182	0	1	5167	1	0	5000	other	0
SEE_15_64_FR	979	Picture	hi_P132	26050515	0	1	30166	1	0	30000	other	0
SEE_15_64_FR	980	Picture	+	26080681	0	1	63165	1	0	next	other	0
SEE_15_64_FR	981	Sound	hi243b	26080682	0	1			0		other	0
SEE_15_64_FR	982	Picture	500+	26143846	0	1	5167	1	0	5000	other	0
SEE_15_64_FR	983	Picture	low_L083	26149013	0	1	30166	1	0	30000	other	0
SEE_15_64_FR	984	Picture	+	26179345	0	1	20166	1	0	41930	other	0
SEE_15_64_FR	985	Picture	hi_O202	26199511	0	1	30166	1	0	30000	other	0
SEE_15_64_FR	986	Picture	+	26229844	0	1	20166	1	0	37670	other	0
SEE_15_64_FR	987	Picture	low_A114	26250010	0	1	30166	1	0	30000	other	0
SEE_15_64_FR	988	Picture	+	26280343	0	1	88998	1	0	next	other	0
SEE_15_64_FR	989	Sound	low149a	26300343	0	1			0		other	0
SEE_15_64_FR	990	Picture	500+	26369340	0	1	5167	1	0	5000	other	0
SEE_15_64_FR	991	Picture	low_A182	26374507	0	1	30166	1	0	30000	other	0
SEE_15_64_FR	992	Picture	+	26404673	0	1	63998	1	0	next	other	0
SEE_15_64_FR	993	Sound	low149b	26404673	0	1			0		other	0
SEE_15_64_FR	994	Picture	500+	26468671	0	1	5167	1	0	5000	other	0
SEE_15_64_FR	995	Picture	hi_O013	26474005	0	1	30166	1	0	30000	other	0
SEE_15_64_FR	996	Picture	+	26504337	0	1	20166	1	0	42330	other	0
SEE_15_64_FR	997	Picture	low_L137	26524503	0	1	30166	1	0	30000	other	0
SEE_15_64_FR	998	Picture	+	26554836	0	1	20166	1	0	34810	other	0
SEE_15_64_FR	999	Picture	hi_A021	26575002	0	1	30166	1	0	30000	other	0
SEE_15_64_FR	1000	Picture	+	26605335	0	1	78831	1	0	next	other	0
SEE_15_64_FR	1001	Sound	low079a	26625335	0	2			0		other	0
SEE_15_64_FR	1002	Picture	500+	26684166	0	1	5167	1	0	5000	other	0
SEE_15_64_FR	1003	Picture	hi_F290	26689332	0	1	30166	1	0	30000	other	0
SEE_15_64_FR	1004	Picture	+	26719665	0	1	68332	1	0	next	other	0
SEE_15_64_FR	1005	Sound	low079b	26719666	0	1			0		other	0
SEE_15_64_FR	1006	Picture	500+	26787997	0	1	5167	1	0	5000	other	0
SEE_15_64_FR	1007	Picture	low_F111	26793163	0	1	30166	1	0	30000	other	0
SEE_15_64_FR	1008	Picture	+	26823496	0	1	20166	1	0	31060	other	0
SEE_15_64_FR	1009	Picture	hi_P084	26843662	0	1	30166	1	0	30000	other	0
SEE_15_64_FR	1010	Picture	+	26873994	0	1	20166	1	0	32740	other	0
SEE_15_64_FR	1011	Picture	low_P047	26894161	0	1	30166	1	0	30000	other	0
SEE_15_64_FR	1012	Picture	+	26924493	0	1	86165	1	0	next	other	0
SEE_15_64_FR	1013	Sound	hi128a	26944494	0	1			0		other	0
SEE_15_64_FR	1014	Picture	500+	27010658	0	1	5167	1	0	5000	other	0
SEE_15_64_FR	1015	Picture	hi_P217	27015824	0	1	30166	1	0	30000	other	0
SEE_15_64_FR	1016	Picture	+	27045990	0	1	57832	1	0	next	other	0
SEE_15_64_FR	1017	Sound	hi128b	27045991	0	1			0		other	0
SEE_15_64_FR	1018	Picture	500+	27103822	0	1	5167	1	0	5000	other	0
SEE_15_64_FR	1019	Picture	low_L038	27109155	0	1	30166	1	0	30000	other	0
SEE_15_64_FR	1020	Picture	+	27139488	0	1	20166	1	0	32740	other	0
SEE_15_64_FR	1021	Picture	hi_P098	27159654	0	1	30166	1	0	30000	other	0
SEE_15_64_FR	1022	Picture	+	27189987	0	1	20166	1	0	43900	other	0
SEE_15_64_FR	1023	Picture	low_L146	27210153	0	1	30166	1	0	30000	other	0
SEE_15_64_FR	1024	Picture	+	27240485	0	1	83165	1	0	next	other	0
SEE_15_64_FR	1025	Sound	hi158a	27260486	0	1			0		other	0
SEE_15_64_FR	1026	Picture	500+	27323650	0	1	5167	1	0	5000	other	0
SEE_15_64_FR	1027	Picture	hi_P226	27328816	0	1	30166	1	0	30000	other	0
SEE_15_64_FR	1028	Picture	+	27358982	0	1	55499	1	0	next	other	0
SEE_15_64_FR	1029	Sound	hi158b	27358983	0	1			0		other	0
SEE_15_64_FR	1030	Picture	500+	27414481	0	1	5167	1	0	5000	other	0
SEE_15_64_FR	1031	Picture	low_L127	27419648	0	1	30166	1	0	30000	other	0
SEE_15_64_FR	1032	Picture	+	27449980	0	1	20166	1	0	32230	other	0
SEE_15_64_FR	1033	Picture	low_P186	27470146	0	1	30166	1	0	30000	other	0
SEE_15_64_FR	1034	Picture	+	27500479	0	1	20166	1	0	35090	other	0
SEE_15_64_FR	1035	Picture	hi_A037	27520645	0	1	30166	1	0	30000	other	0
SEE_15_64_FR	1036	Picture	+	27550978	0	1	87665	1	0	next	other	0
SEE_15_64_FR	1037	Sound	hi252a	27570978	0	1			0		other	0
SEE_15_64_FR	1038	Picture	500+	27638642	0	1	5167	1	0	5000	other	0
SEE_15_64_FR	1039	Picture	low_L161	27643975	0	1	30166	1	0	30000	other	0
SEE_15_64_FR	1040	Picture	+	27674141	0	1	60332	1	0	next	other	0
SEE_15_64_FR	1041	Sound	hi252b	27674142	0	1			0		other	0
SEE_15_64_FR	1042	Picture	500+	27734473	0	1	5167	1	0	5000	other	0
SEE_15_64_FR	1043	Picture	hi_F028	27739640	0	1	30166	1	0	30000	other	0
SEE_15_64_FR	1044	Picture	+	27769972	0	1	20166	1	0	38090	other	0
SEE_15_64_FR	1045	Picture	hi_A020	27790138	0	1	30166	1	0	30000	other	0
SEE_15_64_FR	1046	Picture	+	27820471	0	1	20166	1	0	36320	other	0
SEE_15_64_FR	1047	Picture	low_P048	27840637	0	1	30166	1	0	30000	other	0
SEE_15_64_FR	1048	Picture	+	27870970	0	1	82331	1	0	next	other	0
SEE_15_64_FR	1049	Sound	hi003a	27890970	0	1			0		other	0
SEE_15_64_FR	1050	Picture	500+	27953301	0	1	5167	1	0	5000	other	0
SEE_15_64_FR	1051	Picture	low_L125	27958467	0	1	30166	1	0	30000	other	0
SEE_15_64_FR	1052	Picture	+	27988633	0	1	68332	1	0	next	other	0
SEE_15_64_FR	1053	Sound	hi003b	27988634	0	1			0		other	0
SEE_15_64_FR	1054	Picture	500+	28056965	0	1	5167	1	0	5000	other	0
SEE_15_64_FR	1055	Picture	hi_F298	28062132	0	1	30166	1	0	30000	other	0
SEE_15_64_FR	1056	Picture	+	28092464	0	1	20166	1	0	35710	other	0
SEE_15_64_FR	1057	Picture	hi_P223	28112630	0	1	30166	1	0	30000	other	0
SEE_15_64_FR	1058	Picture	+	28142963	0	1	20166	1	0	38130	other	0
SEE_15_64_FR	1059	Picture	low_A159	28163129	0	1	30166	1	0	30000	other	0
SEE_15_64_FR	1060	Picture	+	28193462	0	1	79498	1	0	next	other	0
SEE_15_64_FR	1061	Sound	low057a	28213462	0	1			0		other	0
SEE_15_64_FR	1062	Picture	500+	28272960	0	1	5167	1	0	5000	other	0
SEE_15_64_FR	1063	Picture	hi_A032	28278126	0	1	30166	1	0	30000	other	0
SEE_15_64_FR	1064	Picture	+	28308292	0	1	64665	1	0	next	other	0
SEE_15_64_FR	1065	Sound	low057b	28308293	0	1			0		other	0
SEE_15_64_FR	1066	Picture	500+	28372957	0	1	5167	1	0	5000	other	0
SEE_15_64_FR	1067	Picture	low_P107	28378124	0	1	30166	1	0	30000	other	0
SEE_15_64_FR	1068	Picture	+	28408456	0	1	20166	1	0	32850	other	0
SEE_15_64_FR	1069	Picture	low_P054	28428622	0	1	30166	1	0	30000	other	0
SEE_15_64_FR	1070	Picture	+	28458955	0	1	20166	1	0	38480	other	0
SEE_15_64_FR	1071	Picture	hi_A041	28479121	0	1	30166	1	0	30000	other	0
SEE_15_64_FR	1072	Picture	+	28509454	0	1	87998	1	0	next	other	0
SEE_15_64_FR	1073	Sound	hi004a	28529455	0	2			0		other	0
SEE_15_64_FR	1074	Picture	500+	28597451	0	1	5167	1	0	5000	other	0
SEE_15_64_FR	1075	Picture	low_A140	28602618	0	1	30166	1	0	30000	other	0
SEE_15_64_FR	1076	Picture	+	28632784	0	1	69998	1	0	next	other	0
SEE_15_64_FR	1077	Sound	hi004b	28632785	0	1			0		other	0
SEE_15_64_FR	1078	Picture	500+	28702782	0	1	5167	1	0	5000	other	0
SEE_15_64_FR	1079	Picture	hi_P005	28707949	0	1	30166	1	0	30000	other	0
SEE_15_64_FR	1080	Picture	+	28738281	0	1	20166	1	0	42350	other	0
SEE_15_64_FR	1081	Picture	low_F079	28758447	0	1	30166	1	0	30000	other	0
SEE_15_64_FR	1082	Picture	+	28788780	0	1	20166	1	0	34130	other	0
SEE_15_64_FR	1083	Picture	hi_F025	28808946	0	1	30166	1	0	30000	other	0
SEE_15_64_FR	1084	Picture	+	28839279	0	1	81498	1	0	next	other	0
SEE_15_64_FR	1085	Sound	hi242a	28859280	0	1			0		other	0
SEE_15_64_FR	1086	Picture	500+	28920777	0	1	5167	1	0	5000	other	0
SEE_15_64_FR	1087	Picture	low_L179	28925943	0	1	30166	1	0	30000	other	0
SEE_15_64_FR	1088	Picture	+	28956109	0	1	61499	1	0	next	other	0
SEE_15_64_FR	1089	Sound	hi242b	28956110	0	1			0		other	0
SEE_15_64_FR	1090	Picture	500+	29017608	0	1	5167	1	0	5000	other	0
SEE_15_64_FR	1091	Picture	hi_F368	29022774	0	1	30166	1	0	30000	other	0
SEE_15_64_FR	1092	Picture	+	29053107	0	1	20166	1	0	37290	other	0
SEE_15_64_FR	1093	Picture	low_A131	29073273	0	1	30166	1	0	30000	other	0
SEE_15_64_FR	1094	Picture	+	29103606	0	1	20166	1	0	35420	other	0
SEE_15_64_FR	1095	Picture	hi_P234	29123772	0	1	30166	1	0	30000	other	0
SEE_15_64_FR	1096	Picture	+	29154104	0	1	80665	1	0	next	other	0
SEE_15_64_FR	1097	Sound	hi018a	29174105	0	1			0		other	0
SEE_15_64_FR	1098	Picture	500+	29234769	0	1	5167	1	0	5000	other	0
SEE_15_64_FR	1099	Picture	low_A100	29240102	0	1	30166	1	0	30000	other	0
SEE_15_64_FR	1100	Picture	+	29270268	0	1	68332	1	0	next	other	0
SEE_15_64_FR	1101	Sound	hi018b	29270269	0	1			0		other	0
SEE_15_64_FR	1102	Picture	500+	29338600	0	1	5167	1	0	5000	other	0
SEE_15_64_FR	1103	Picture	hi_L139	29343766	0	1	30166	1	0	30000	other	0
SEE_15_64_FR	1104	Picture	+	29374099	0	1	20166	1	0	32870	other	0
SEE_15_64_FR	1105	Picture	low_O219	29394265	0	1	30166	1	0	30000	other	0
SEE_15_64_FR	1106	Picture	+	29424598	0	1	20166	1	0	36130	other	0
SEE_15_64_FR	1107	Picture	hi_O285	29444764	0	1	30166	1	0	30000	other	0
SEE_15_64_FR	1108	Picture	+	29475096	0	1	81165	1	0	next	other	0
SEE_15_64_FR	1109	Sound	low171a	29495097	0	1			0		other	0
SEE_15_64_FR	1110	Picture	500+	29556261	0	1	5167	1	0	5000	other	0
SEE_15_64_FR	1111	Picture	low_L168	29561427	0	1	30166	1	0	30000	other	0
SEE_15_64_FR	1112	Picture	+	29591593	0	1	62998	1	0	next	other	0
SEE_15_64_FR	1113	Sound	low171b	29591594	0	1			0		other	0
SEE_15_64_FR	1114	Picture	500+	29654592	0	1	5167	1	0	5000	other	0
SEE_15_64_FR	1115	Picture	hi_F010	29659925	0	1	30166	1	0	30000	other	0
SEE_15_64_FR	1116	Picture	+	29690258	0	1	20166	1	0	39900	other	0
SEE_15_64_FR	1117	Picture	low_L149	29710424	0	1	30166	1	0	30000	other	0
SEE_15_64_FR	1118	Picture	+	29740756	0	1	20166	1	0	34840	other	0
SEE_15_64_FR	1119	Picture	hi_A018	29760922	0	1	30166	1	0	30000	other	0
SEE_15_64_FR	1120	Picture	+	29791255	0	1	77665	1	0	next	other	0
SEE_15_64_FR	1121	Sound	low278a	29811256	0	1			0		other	0
SEE_15_64_FR	1122	Picture	500+	29868920	0	1	5167	1	0	5000	other	0
SEE_15_64_FR	1123	Picture	hi_F370	29874086	0	1	30166	1	0	30000	other	0
SEE_15_64_FR	1124	Picture	+	29904252	0	1	62998	1	0	next	other	0
SEE_15_64_FR	1125	Sound	low278b	29904253	0	1			0		other	0
SEE_15_64_FR	1126	Picture	500+	29967251	0	1	5167	1	0	5000	other	0
SEE_15_64_FR	1127	Picture	low_L143	29972417	0	1	30166	1	0	30000	other	0
SEE_15_64_FR	1128	Picture	+	30002750	0	1	20166	1	0	41070	other	0
SEE_15_64_FR	1129	Picture	low_L130	30022916	0	1	30166	1	0	30000	other	0
SEE_15_64_FR	1130	Picture	+	30053248	0	1	20166	1	0	38510	other	0
SEE_15_64_FR	1131	Picture	hi_P001	30073415	0	1	30166	1	0	30000	other	0
SEE_15_64_FR	1132	Picture	+	30103747	0	1	76498	1	0	next	other	0
SEE_15_64_FR	1133	Sound	hi011a	30123748	0	1			0		other	0
SEE_15_64_FR	1134	Picture	500+	30180245	0	1	5167	1	0	5000	other	0
SEE_15_64_FR	1135	Picture	low_L034	30185412	0	1	30166	1	0	30000	other	0
SEE_15_64_FR	1136	Picture	+	30215578	0	1	69665	1	0	next	other	0
SEE_15_64_FR	1137	Sound	hi011b	30215578	0	1			0		other	0
SEE_15_64_FR	1138	Picture	500+	30285243	0	1	5167	1	0	5000	other	0
SEE_15_64_FR	1139	Picture	hi_A061	30290409	0	1	30166	1	0	30000	other	0
SEE_15_64_FR	1140	Picture	+	30320742	0	1	20166	1	0	31550	other	0
SEE_15_64_FR	1141	Picture	low_P045	30340908	0	1	30166	1	0	30000	other	0
SEE_15_64_FR	1142	Picture	+	30371241	0	1	20166	1	0	42020	other	0
SEE_15_64_FR	1143	Picture	hi_P216	30391407	0	1	30166	1	0	30000	other	0
SEE_15_64_FR	1144	Picture	+	30421739	0	1	76831	1	0	next	other	0
SEE_15_64_FR	1145	Sound	low275a	30441740	0	1			0		other	0
SEE_15_64_FR	1146	Picture	500+	30498571	0	1	5167	1	0	5000	other	0
SEE_15_64_FR	1147	Picture	low_A192	30503737	0	1	30166	1	0	30000	other	0
SEE_15_64_FR	1148	Picture	+	30533903	0	1	55999	1	0	next	other	0
SEE_15_64_FR	1149	Sound	low275b	30533904	0	2			0		other	0
SEE_15_64_FR	1150	Picture	500+	30589902	0	1	5167	1	0	5000	other	0
SEE_15_64_FR	1151	Picture	hi_A059	30595068	0	1	30166	1	0	30000	other	0
SEE_15_64_FR	1152	Picture	+	30625401	0	1	20166	1	0	31270	other	0
SEE_15_64_FR	1153	Picture	low_L121	30645567	0	1	30166	1	0	30000	other	0
SEE_15_64_FR	1154	Picture	+	30675900	0	1	20166	1	0	34640	other	0
SEE_15_64_FR	1155	Picture	hi_O126	30696066	0	1	30166	1	0	30000	other	0
SEE_15_64_FR	1156	Picture	+	30726398	0	1	76165	1	0	next	other	0
SEE_15_64_FR	1157	Sound	low044a	30746399	0	1			0		other	0
SEE_15_64_FR	1158	Picture	500+	30802563	0	1	5167	1	0	5000	other	0
SEE_15_64_FR	1159	Picture	low_O190	30807730	0	1	30166	1	0	30000	other	0
SEE_15_64_FR	1160	Picture	+	30837896	0	1	57165	1	0	next	other	0
SEE_15_64_FR	1161	Sound	low044b	30837896	0	1			0		other	0
SEE_15_64_FR	1162	Picture	500+	30895061	0	1	5167	1	0	5000	other	0
SEE_15_64_FR	1163	Picture	hi_P124	30900227	0	1	30166	1	0	30000	other	0
SEE_15_64_FR	1164	Picture	+	30930560	0	1	20166	1	0	30230	other	0
SEE_15_64_FR	1165	Picture	low_F098	30950726	0	1	30166	1	0	30000	other	0
SEE_15_64_FR	1166	Picture	+	30981059	0	1	20166	1	0	33150	other	0
SEE_15_64_FR	1167	Picture	hi_F159	31001225	0	1	30166	1	0	30000	other	0
SEE_15_64_FR	1168	Picture	+	31031557	0	1	82331	1	0	next	other	0
SEE_15_64_FR	1169	Sound	hi244a	31051558	0	1			0		other	0
SEE_15_64_FR	1170	Picture	500+	31113889	0	1	5167	1	0	5000	other	0
SEE_15_64_FR	1171	Picture	low_L169	31119055	0	1	30166	1	0	30000	other	0
SEE_15_64_FR	1172	Picture	+	31149221	0	1	58665	1	0	next	other	0
SEE_15_64_FR	1173	Sound	hi244b	31149222	0	1			0		other	0
SEE_15_64_FR	1174	Picture	500+	31207886	0	1	5167	1	0	5000	other	0
SEE_15_64_FR	1175	Picture	hi_F018	31213053	0	1	30166	1	0	30000	other	0
SEE_15_64_FR	1176	Picture	+	31243385	0	1	20166	1	0	42330	other	0
SEE_15_64_FR	1177	Picture	hi_P238	31263552	0	1	30166	1	0	30000	other	0
SEE_15_64_FR	1178	Picture	+	31293884	0	1	20166	1	0	39390	other	0
SEE_15_64_FR	1179	Picture	low_F099	31314050	0	1	30166	1	0	30000	other	0
SEE_15_64_FR	1180	Picture	+	31344383	0	1	75165	1	0	next	other	0
SEE_15_64_FR	1181	Sound	low035a	31364384	0	1			0		other	0
SEE_15_64_FR	1182	Picture	500+	31419548	0	1	5167	1	0	5000	other	0
SEE_15_64_FR	1183	Picture	low_A221	31424714	0	1	30166	1	0	30000	other	0
SEE_15_64_FR	1184	Picture	+	31454880	0	1	57665	1	0	next	other	0
SEE_15_64_FR	1185	Sound	low035b	31454881	0	1			0		other	0
SEE_15_64_FR	1186	Picture	500+	31512545	0	1	5167	1	0	5000	other	0
SEE_15_64_FR	1187	Picture	hi_L177	31517879	0	1	30166	1	0	30000	other	0
SEE_15_64_FR	1188	Picture	+	31548211	0	1	20166	1	0	40950	other	0
SEE_15_64_FR	1189	Picture	hi_A143	31568377	0	1	30166	1	0	30000	other	0
SEE_15_64_FR	1190	Picture	+	31598710	0	1	20166	1	0	39300	other	0
SEE_15_64_FR	1191	Picture	low_F066	31618876	0	1	30166	1	0	30000	other	0
SEE_15_64_FR	1192	Picture	+	31649209	0	1	78998	1	0	next	other	0
SEE_15_64_FR	1193	Sound	low280a	31669209	0	1			0		other	0
SEE_15_64_FR	1194	Picture	500+	31728207	0	1	5167	1	0	5000	other	0
SEE_15_64_FR	1195	Picture	low_P176	31733373	0	1	30166	1	0	30000	other	0
SEE_15_64_FR	1196	Picture	+	31763539	0	1	67665	1	0	next	other	0
SEE_15_64_FR	1197	Sound	low280b	31763540	0	1			0		other	0
SEE_15_64_FR	1198	Picture	500+	31831204	0	1	5167	1	0	5000	other	0
SEE_15_64_FR	1199	Picture	hi_A072	31836371	0	1	30166	1	0	30000	other	0
SEE_15_64_FR	1200	Picture	+	31866703	0	1	20166	1	0	44390	other	0
SEE_15_64_FR	1201	Picture	hi_F283	31886869	0	1	30166	1	0	30000	other	0
SEE_15_64_FR	1202	Picture	+	31917202	0	1	20166	1	0	42960	other	0
SEE_15_64_FR	1203	Picture	low_A136	31937368	0	1	30166	1	0	30000	other	0
SEE_15_64_FR	1204	Picture	+	31967701	0	1	20166	1	0	next	other	0
