Scenario - 
Logfile written - 03/11/2016 13:44:49

Subject	Trial	Event Type	Code	Time	TTime	Uncertainty	Duration	Uncertainty	ReqTime	ReqDur	Stim Type	Pair Index

SEE_05_64_FR	1	Response	0	140272	140123	1
SEE_05_64_FR	4	Picture	+	180662	0	1	69332	1	0	next	other	0
SEE_05_64_FR	5	Sound	hi326a	180663	0	1			0		other	0
SEE_05_64_FR	6	Picture	500+	249994	0	1	5167	1	0	5000	other	0
SEE_05_64_FR	7	Picture	low_P138	255160	0	1	30166	1	0	30000	other	0
SEE_05_64_FR	8	Picture	+	285326	0	1	57832	1	0	next	other	0
SEE_05_64_FR	9	Sound	hi326b	285327	0	1			0		other	0
SEE_05_64_FR	10	Picture	500+	343158	0	1	5167	1	0	5000	other	0
SEE_05_64_FR	11	Picture	hi_F272	348325	0	1	30166	1	0	30000	other	0
SEE_05_64_FR	12	Picture	+	378657	0	1	20166	1	0	33160	other	0
SEE_05_64_FR	13	Picture	hi_P237	398823	0	1	30166	1	0	30000	other	0
SEE_05_64_FR	14	Picture	+	429156	0	1	20166	1	0	38660	other	0
SEE_05_64_FR	15	Picture	low_A188	449322	0	1	30166	1	0	30000	other	0
SEE_05_64_FR	16	Picture	+	479655	0	1	82998	1	0	next	other	0
SEE_05_64_FR	17	Sound	hi254a	499655	0	1			0		other	0
SEE_05_64_FR	18	Picture	500+	562653	0	1	5167	1	0	5000	other	0
SEE_05_64_FR	19	Picture	low_L151	567986	0	1	30166	1	0	30000	other	0
SEE_05_64_FR	20	Picture	+	598152	0	1	57999	1	0	next	other	0
SEE_05_64_FR	21	Sound	hi254b	598152	0	1			0		other	0
SEE_05_64_FR	22	Picture	500+	656150	0	1	5167	1	0	5000	other	0
SEE_05_64_FR	23	Picture	hi_F003	661317	0	1	30166	1	0	30000	other	0
SEE_05_64_FR	24	Picture	+	691649	0	1	20166	1	0	38830	other	0
SEE_05_64_FR	25	Picture	hi_O148	711816	0	1	30166	1	0	30000	other	0
SEE_05_64_FR	26	Picture	+	742148	0	1	20166	1	0	39160	other	0
SEE_05_64_FR	27	Picture	low_F001	762314	0	1	30166	1	0	30000	other	0
SEE_05_64_FR	28	Picture	+	792647	0	1	77165	1	0	next	other	0
SEE_05_64_FR	29	Sound	hi247a	812648	0	1			0		other	0
SEE_05_64_FR	30	Picture	500+	869812	0	1	5167	1	0	5000	other	0
SEE_05_64_FR	31	Picture	low_A090	874978	0	1	30166	1	0	30000	other	0
SEE_05_64_FR	32	Picture	+	905144	0	1	67832	1	0	next	other	0
SEE_05_64_FR	33	Sound	hi247b	905145	0	1			0		other	0
SEE_05_64_FR	34	Picture	500+	972976	0	1	5167	1	0	5000	other	0
SEE_05_64_FR	35	Picture	hi_P007	978142	0	1	30166	1	0	30000	other	0
SEE_05_64_FR	36	Picture	+	1008475	0	1	20166	1	0	44330	other	0
SEE_05_64_FR	37	Picture	low_L094	1028641	0	1	30166	1	0	30000	other	0
SEE_05_64_FR	38	Picture	+	1058974	0	1	20166	1	0	43520	other	0
SEE_05_64_FR	39	Picture	hi_P224	1079140	0	1	30166	1	0	30000	other	0
SEE_05_64_FR	40	Picture	+	1109472	0	1	80831	1	0	next	other	0
SEE_05_64_FR	41	Sound	low341a	1129473	0	1			0		other	0
SEE_05_64_FR	42	Picture	500+	1190304	0	1	5167	1	0	5000	other	0
SEE_05_64_FR	43	Picture	low_A161	1195637	0	1	30166	1	0	30000	other	0
SEE_05_64_FR	44	Picture	+	1225969	0	1	56665	1	0	next	other	0
SEE_05_64_FR	45	Sound	low341b	1225970	0	1			0		other	0
SEE_05_64_FR	46	Picture	500+	1282635	0	1	5167	1	0	5000	other	0
SEE_05_64_FR	47	Picture	hi_P215	1287801	0	1	30166	1	0	30000	other	0
SEE_05_64_FR	48	Picture	+	1318134	0	1	20166	1	0	42050	other	0
SEE_05_64_FR	49	Picture	hi_F028	1338300	0	1	30166	1	0	30000	other	0
SEE_05_64_FR	50	Picture	+	1368633	0	1	20166	1	0	43790	other	0
SEE_05_64_FR	51	Picture	low_F066	1388799	0	1	30166	1	0	30000	other	0
SEE_05_64_FR	52	Picture	+	1419131	0	1	79665	1	0	next	other	0
SEE_05_64_FR	53	Sound	low035a	1439132	0	1			0		other	0
SEE_05_64_FR	54	Picture	500+	1498796	0	1	5167	1	0	5000	other	0
SEE_05_64_FR	55	Picture	low_A108	1504129	0	1	30166	1	0	30000	other	0
SEE_05_64_FR	56	Picture	+	1534462	0	1	68998	1	0	next	other	0
SEE_05_64_FR	57	Sound	low035b	1534462	0	1			0		other	0
SEE_05_64_FR	58	Picture	500+	1603460	0	1	5167	1	0	5000	other	0
SEE_05_64_FR	59	Picture	hi_A068	1608627	0	1	30166	1	0	30000	other	0
SEE_05_64_FR	60	Picture	+	1638959	0	1	20166	1	0	34470	other	0
SEE_05_64_FR	61	Picture	hi_P003	1659125	0	1	30166	1	0	30000	other	0
SEE_05_64_FR	62	Picture	+	1689458	0	1	20166	1	0	37150	other	0
SEE_05_64_FR	63	Picture	low_F129	1709624	0	1	30166	1	0	30000	other	0
SEE_05_64_FR	64	Picture	+	1739957	0	1	88331	1	0	next	other	0
SEE_05_64_FR	65	Sound	hi319a	1759957	0	1			0		other	0
SEE_05_64_FR	66	Picture	500+	1828288	0	1	5167	1	0	5000	other	0
SEE_05_64_FR	67	Picture	hi_P033	1833454	0	1	30166	1	0	30000	other	0
SEE_05_64_FR	68	Picture	+	1863620	0	1	60998	1	0	next	other	0
SEE_05_64_FR	69	Sound	hi319b	1863621	0	1			0		other	0
SEE_05_64_FR	70	Picture	500+	1924619	0	1	5167	1	0	5000	other	0
SEE_05_64_FR	71	Picture	low_O219	1929785	0	1	30166	1	0	30000	other	0
SEE_05_64_FR	72	Picture	+	1960118	0	1	20166	1	0	44480	other	0
SEE_05_64_FR	73	Picture	hi_P243	1980284	0	1	30166	1	0	30000	other	0
SEE_05_64_FR	74	Picture	+	2010617	0	1	20166	1	0	43200	other	0
SEE_05_64_FR	75	Picture	low_P112	2030783	0	1	30166	1	0	30000	other	0
SEE_05_64_FR	76	Picture	+	2061115	0	1	79331	1	0	next	other	0
SEE_05_64_FR	77	Sound	low085a	2081116	0	1			0		other	0
SEE_05_64_FR	78	Picture	500+	2140447	0	1	5166	1	0	5000	other	0
SEE_05_64_FR	79	Picture	low_L166	2145613	0	1	30166	1	0	30000	other	0
SEE_05_64_FR	80	Picture	+	2175779	0	1	69665	1	0	next	other	0
SEE_05_64_FR	81	Sound	low085b	2175780	0	1			0		other	0
SEE_05_64_FR	82	Picture	500+	2245444	0	1	5167	1	0	5000	other	0
SEE_05_64_FR	83	Picture	hi_P038	2250611	0	1	30166	1	0	30000	other	0
SEE_05_64_FR	84	Picture	+	2280943	0	1	20166	1	0	42940	other	0
SEE_05_64_FR	85	Picture	hi_P235	2301109	0	1	30166	1	0	30000	other	0
SEE_05_64_FR	86	Picture	+	2331442	0	1	20166	1	0	31340	other	0
SEE_05_64_FR	87	Picture	low_L051	2351608	0	1	30166	1	0	30000	other	0
SEE_05_64_FR	88	Picture	+	2381941	0	1	83331	1	0	next	other	0
SEE_05_64_FR	89	Sound	hi248a	2401942	0	1			0		other	0
SEE_05_64_FR	90	Picture	500+	2465272	0	1	5166	1	0	5000	other	0
SEE_05_64_FR	91	Picture	low_L021	2470439	0	1	30166	1	0	30000	other	0
SEE_05_64_FR	92	Picture	+	2500771	0	1	58165	1	0	next	other	0
SEE_05_64_FR	93	Sound	hi248b	2500772	0	1			0		other	0
SEE_05_64_FR	94	Picture	500+	2558936	0	1	5167	1	0	5000	other	0
SEE_05_64_FR	95	Picture	hi_O004	2564103	0	1	30166	1	0	30000	other	0
SEE_05_64_FR	96	Picture	+	2594435	0	1	20166	1	0	40700	other	0
SEE_05_64_FR	97	Picture	low_A185	2614602	0	1	30166	1	0	30000	other	0
SEE_05_64_FR	98	Picture	+	2644934	0	1	20166	1	0	30800	other	0
SEE_05_64_FR	99	Picture	hi_A038	2665100	0	1	30166	1	0	30000	other	0
SEE_05_64_FR	100	Picture	+	2695433	0	1	89498	1	0	next	other	0
SEE_05_64_FR	101	Sound	hi172a	2715434	0	1			0		other	0
SEE_05_64_FR	102	Picture	500+	2784931	0	1	5167	1	0	5000	other	0
SEE_05_64_FR	103	Picture	hi_P023	2790097	0	1	30166	1	0	30000	other	0
SEE_05_64_FR	104	Picture	+	2820263	0	1	59165	1	0	next	other	0
SEE_05_64_FR	105	Sound	hi172b	2820264	0	1			0		other	0
SEE_05_64_FR	106	Picture	500+	2879428	0	1	5167	1	0	5000	other	0
SEE_05_64_FR	107	Picture	low_P154	2884595	0	1	30166	1	0	30000	other	0
SEE_05_64_FR	108	Picture	+	2914928	0	1	20166	1	0	42460	other	0
SEE_05_64_FR	109	Picture	low_A104	2935094	0	1	30166	1	0	30000	other	0
SEE_05_64_FR	110	Picture	+	2965426	0	1	20166	1	0	37110	other	0
SEE_05_64_FR	111	Picture	hi_P022	2985592	0	1	30166	1	0	30000	other	0
SEE_05_64_FR	112	Picture	+	3015925	0	1	88165	1	0	next	other	0
SEE_05_64_FR	113	Sound	low278a	3035926	0	1			0		other	0
SEE_05_64_FR	114	Picture	500+	3104090	0	1	5167	1	0	5000	other	0
SEE_05_64_FR	115	Picture	hi_O291	3109256	0	1	30166	1	0	30000	other	0
SEE_05_64_FR	116	Picture	+	3139422	0	1	66998	1	0	next	other	0
SEE_05_64_FR	117	Sound	low278b	3139423	0	1			0		other	0
SEE_05_64_FR	118	Picture	500+	3206420	0	1	5167	1	0	5000	other	0
SEE_05_64_FR	119	Picture	low_L176	3211754	0	1	30166	1	0	30000	other	0
SEE_05_64_FR	120	Picture	+	3242086	0	1	20166	1	0	39410	other	0
SEE_05_64_FR	121	Picture	hi_O154	3262252	0	1	30166	1	0	30000	other	0
SEE_05_64_FR	122	Picture	+	3292585	0	1	20166	1	0	32750	other	0
SEE_05_64_FR	123	Picture	low_F042	3312751	0	1	30166	1	0	30000	other	0
SEE_05_64_FR	124	Picture	+	3343084	0	1	90164	1	0	next	other	0
SEE_05_64_FR	125	Sound	hi127a	3363084	0	1			0		other	0
SEE_05_64_FR	126	Picture	500+	3433248	0	1	5167	1	0	5000	other	0
SEE_05_64_FR	127	Picture	low_P044	3438415	0	1	30166	1	0	30000	other	0
SEE_05_64_FR	128	Picture	+	3468747	0	1	65498	1	0	next	other	0
SEE_05_64_FR	129	Sound	hi127b	3468748	0	2			0		other	0
SEE_05_64_FR	130	Picture	500+	3534245	0	1	5167	1	0	5000	other	0
SEE_05_64_FR	131	Picture	hi_P128	3539412	0	1	30166	1	0	30000	other	0
SEE_05_64_FR	132	Picture	+	3569745	0	1	20166	1	0	33500	other	0
SEE_05_64_FR	133	Picture	hi_P198	3589911	0	1	30166	1	0	30000	other	0
SEE_05_64_FR	134	Picture	+	3620243	0	1	20166	1	0	43680	other	0
SEE_05_64_FR	135	Picture	low_L137	3640410	0	1	30166	1	0	30000	other	0
SEE_05_64_FR	136	Picture	+	3670742	0	1	86665	1	0	next	other	0
SEE_05_64_FR	137	Sound	low044a	3690743	0	2			0		other	0
SEE_05_64_FR	138	Picture	500+	3757407	0	1	5166	1	0	5000	other	0
SEE_05_64_FR	139	Picture	hi_A054	3762573	0	1	30166	1	0	30000	other	0
SEE_05_64_FR	140	Picture	+	3792739	0	1	59332	1	0	next	other	0
SEE_05_64_FR	141	Sound	low044b	3792740	0	2			0		other	0
SEE_05_64_FR	142	Picture	500+	3852071	0	1	5167	1	0	5000	other	0
SEE_05_64_FR	143	Picture	low_L175	3857238	0	1	30166	1	0	30000	other	0
SEE_05_64_FR	144	Picture	+	3887570	0	1	20166	1	0	38780	other	0
SEE_05_64_FR	145	Picture	hi_P006	3907736	0	1	30166	1	0	30000	other	0
SEE_05_64_FR	146	Picture	+	3938069	0	1	20166	1	0	37350	other	0
SEE_05_64_FR	147	Picture	low_F224	3958235	0	1	30166	1	0	30000	other	0
SEE_05_64_FR	148	Picture	+	3988568	0	1	81331	1	0	next	other	0
SEE_05_64_FR	149	Sound	hi154a	4008568	0	2			0		other	0
SEE_05_64_FR	150	Picture	500+	4069899	0	1	5167	1	0	5000	other	0
SEE_05_64_FR	151	Picture	hi_A025	4075065	0	1	30166	1	0	30000	other	0
SEE_05_64_FR	152	Picture	+	4105398	0	1	62665	1	0	next	other	0
SEE_05_64_FR	153	Sound	hi154b	4105399	0	2			0		other	0
SEE_05_64_FR	154	Picture	500+	4168063	0	1	5167	1	0	5000	other	0
SEE_05_64_FR	155	Picture	low_A167	4173396	0	1	30166	1	0	30000	other	0
SEE_05_64_FR	156	Picture	+	4203729	0	1	20166	1	0	40660	other	0
SEE_05_64_FR	157	Picture	low_L062	4223895	0	1	30166	1	0	30000	other	0
SEE_05_64_FR	158	Picture	+	4254228	0	1	20166	1	0	30080	other	0
SEE_05_64_FR	159	Picture	hi_F287	4274394	0	1	30166	1	0	30000	other	0
SEE_05_64_FR	160	Picture	+	4304726	0	1	84165	1	0	next	other	0
SEE_05_64_FR	161	Sound	hi003a	4324727	0	2			0		other	0
SEE_05_64_FR	162	Picture	500+	4388891	0	1	5167	1	0	5000	other	0
SEE_05_64_FR	163	Picture	low_A115	4394058	0	1	30166	1	0	30000	other	0
SEE_05_64_FR	164	Picture	+	4424223	0	1	63832	1	0	next	other	0
SEE_05_64_FR	165	Sound	hi003b	4424224	0	1			0		other	0
SEE_05_64_FR	166	Picture	500+	4488055	0	1	5167	1	0	5000	other	0
SEE_05_64_FR	167	Picture	hi_A073	4493222	0	1	30166	1	0	30000	other	0
SEE_05_64_FR	168	Picture	+	4523554	0	1	20166	1	0	41020	other	0
SEE_05_64_FR	169	Picture	hi_F270	4543721	0	1	30166	1	0	30000	other	0
SEE_05_64_FR	170	Picture	+	4574053	0	1	20166	1	0	31950	other	0
SEE_05_64_FR	171	Picture	low_A139	4594219	0	1	30166	1	0	30000	other	0
SEE_05_64_FR	172	Picture	+	4624552	0	1	75665	1	0	next	other	0
SEE_05_64_FR	173	Sound	hi250a	4644553	0	1			0		other	0
SEE_05_64_FR	174	Picture	500+	4700217	0	1	5167	1	0	5000	other	0
SEE_05_64_FR	175	Picture	low_P048	4705383	0	1	30166	1	0	30000	other	0
SEE_05_64_FR	176	Picture	+	4735549	0	1	57665	1	0	next	other	0
SEE_05_64_FR	177	Sound	hi250b	4735550	0	1			0		other	0
SEE_05_64_FR	178	Picture	500+	4793214	0	1	5167	1	0	5000	other	0
SEE_05_64_FR	179	Picture	hi_P028	4798548	0	1	30166	1	0	30000	other	0
SEE_05_64_FR	180	Picture	+	4828880	0	1	20166	1	0	41540	other	0
SEE_05_64_FR	181	Picture	hi_A207	4849046	0	1	30166	1	0	30000	other	0
SEE_05_64_FR	182	Picture	+	4879379	0	1	20166	1	0	33730	other	0
SEE_05_64_FR	183	Picture	low_L100	4899545	0	1	30166	1	0	30000	other	0
SEE_05_64_FR	184	Picture	+	4929878	0	1	78831	1	0	next	other	0
SEE_05_64_FR	185	Sound	low358a	4949879	0	1			0		other	0
SEE_05_64_FR	186	Picture	500+	5008709	0	1	5167	1	0	5000	other	0
SEE_05_64_FR	187	Picture	low_P250	5013876	0	1	30166	1	0	30000	other	0
SEE_05_64_FR	188	Picture	+	5044208	0	1	67665	1	0	next	other	0
SEE_05_64_FR	189	Sound	low358b	5044209	0	1			0		other	0
SEE_05_64_FR	190	Picture	500+	5111873	0	1	5167	1	0	5000	other	0
SEE_05_64_FR	191	Picture	hi_F014	5117040	0	1	30166	1	0	30000	other	0
SEE_05_64_FR	192	Picture	+	5147372	0	1	20166	1	0	42650	other	0
SEE_05_64_FR	193	Picture	low_F089	5167538	0	1	30166	1	0	30000	other	0
SEE_05_64_FR	194	Picture	+	5197871	0	1	20166	1	0	30620	other	0
SEE_05_64_FR	195	Picture	hi_F159	5218037	0	1	30166	1	0	30000	other	0
SEE_05_64_FR	196	Picture	+	5248370	0	1	76831	1	0	next	other	0
SEE_05_64_FR	197	Sound	hi010a	5268370	0	1			0		other	0
SEE_05_64_FR	198	Picture	500+	5325201	0	1	5167	1	0	5000	other	0
SEE_05_64_FR	199	Picture	low_P045	5330368	0	1	30166	1	0	30000	other	0
SEE_05_64_FR	200	Picture	+	5360534	0	1	65332	1	0	next	other	0
SEE_05_64_FR	201	Sound	hi010b	5360534	0	1			0		other	0
SEE_05_64_FR	202	Picture	500+	5425865	0	1	5167	1	0	5000	other	0
SEE_05_64_FR	203	Picture	hi_P239	5431032	0	1	30166	1	0	30000	other	0
SEE_05_64_FR	204	Picture	+	5461364	0	1	20166	1	0	33960	other	0
SEE_05_64_FR	205	Picture	hi_F291	5481531	0	1	30166	1	0	30000	other	0
SEE_05_64_FR	206	Picture	+	5511863	0	1	20166	1	0	30620	other	0
SEE_05_64_FR	207	Picture	low_A131	5532029	0	1	30166	1	0	30000	other	0
SEE_05_64_FR	208	Picture	+	5562362	0	1	86831	1	0	next	other	0
SEE_05_64_FR	209	Sound	low084a	5582363	0	1			0		other	0
SEE_05_64_FR	210	Picture	500+	5649193	0	1	5167	1	0	5000	other	0
SEE_05_64_FR	211	Picture	low_A169	5654360	0	1	30166	1	0	30000	other	0
SEE_05_64_FR	212	Picture	+	5684526	0	1	69832	1	0	next	other	0
SEE_05_64_FR	213	Sound	low084b	5684526	0	1			0		other	0
SEE_05_64_FR	214	Picture	500+	5754357	0	1	5167	1	0	5000	other	0
SEE_05_64_FR	215	Picture	hi_P009	5759690	0	1	30166	1	0	30000	other	0
SEE_05_64_FR	216	Picture	+	5790023	0	1	20166	1	0	38280	other	0
SEE_05_64_FR	217	Picture	hi_P233	5810189	0	1	30166	1	0	30000	other	0
SEE_05_64_FR	218	Picture	+	5840522	0	1	20166	1	0	35190	other	0
SEE_05_64_FR	219	Picture	low_A193	5860688	0	1	30166	1	0	30000	other	0
SEE_05_64_FR	220	Picture	+	5891020	0	1	75665	1	0	next	other	0
SEE_05_64_FR	221	Sound	low118a	5911021	0	1			0		other	0
SEE_05_64_FR	222	Picture	500+	5966685	0	1	5167	1	0	5000	other	0
SEE_05_64_FR	223	Picture	hi_A085	5971852	0	1	30166	1	0	30000	other	0
SEE_05_64_FR	224	Picture	+	6002184	0	1	59165	1	0	next	other	0
SEE_05_64_FR	225	Sound	low118b	6002185	0	1			0		other	0
SEE_05_64_FR	226	Picture	500+	6061350	0	1	5167	1	0	5000	other	0
SEE_05_64_FR	227	Picture	low_F345	6066516	0	1	30166	1	0	30000	other	0
SEE_05_64_FR	228	Picture	+	6096849	0	1	20166	1	0	43500	other	0
SEE_05_64_FR	229	Picture	low_A170	6117015	0	1	30166	1	0	30000	other	0
SEE_05_64_FR	230	Picture	+	6147347	0	1	20166	1	0	44060	other	0
SEE_05_64_FR	231	Picture	hi_O125	6167514	0	1	30166	1	0	30000	other	0
SEE_05_64_FR	232	Picture	+	6197846	0	1	81831	1	0	next	other	0
SEE_05_64_FR	233	Sound	low281a	6217847	0	1			0		other	0
SEE_05_64_FR	234	Picture	500+	6279677	0	1	5167	1	0	5000	other	0
SEE_05_64_FR	235	Picture	hi_F277	6284844	0	1	30166	1	0	30000	other	0
SEE_05_64_FR	236	Picture	+	6315010	0	1	62998	1	0	next	other	0
SEE_05_64_FR	237	Sound	low281b	6315011	0	1			0		other	0
SEE_05_64_FR	238	Picture	500+	6378008	0	1	5167	1	0	5000	other	0
SEE_05_64_FR	239	Picture	low_P153	6383342	0	1	30166	1	0	30000	other	0
SEE_05_64_FR	240	Picture	+	6413674	0	1	20166	1	0	32310	other	0
SEE_05_64_FR	241	Picture	low_L143	6433840	0	1	30166	1	0	30000	other	0
SEE_05_64_FR	242	Picture	+	6464173	0	1	20166	1	0	43760	other	0
SEE_05_64_FR	243	Picture	hi_A074	6484339	0	1	30166	1	0	30000	other	0
SEE_05_64_FR	244	Picture	+	6514672	0	1	85331	1	0	next	other	0
SEE_05_64_FR	245	Sound	low057a	6534672	0	1			0		other	0
SEE_05_64_FR	246	Picture	500+	6600003	0	1	5167	1	0	5000	other	0
SEE_05_64_FR	247	Picture	hi_P086	6605169	0	1	30166	1	0	30000	other	0
SEE_05_64_FR	248	Picture	+	6635335	0	1	63998	1	0	next	other	0
SEE_05_64_FR	249	Sound	low057b	6635336	0	1			0		other	0
SEE_05_64_FR	250	Picture	500+	6699334	0	1	5166	1	0	5000	other	0
SEE_05_64_FR	251	Picture	low_L173	6704667	0	1	30166	1	0	30000	other	0
SEE_05_64_FR	252	Picture	+	6734999	0	1	20166	1	0	41100	other	0
SEE_05_64_FR	253	Picture	hi_F299	6755166	0	1	30166	1	0	30000	other	0
SEE_05_64_FR	254	Picture	+	6785498	0	1	20166	1	0	32900	other	0
SEE_05_64_FR	255	Picture	low_A097	6805664	0	1	30166	1	0	30000	other	0
SEE_05_64_FR	256	Picture	+	6835997	0	1	76665	1	0	next	other	0
SEE_05_64_FR	257	Sound	low031a	6855998	0	1			0		other	0
SEE_05_64_FR	258	Picture	500+	6912662	0	1	5167	1	0	5000	other	0
SEE_05_64_FR	259	Picture	hi_F280	6917828	0	1	30166	1	0	30000	other	0
SEE_05_64_FR	260	Picture	+	6947994	0	1	56165	1	0	next	other	0
SEE_05_64_FR	261	Sound	low031b	6947995	0	1			0		other	0
SEE_05_64_FR	262	Picture	500+	7004160	0	1	5167	1	0	5000	other	0
SEE_05_64_FR	263	Picture	low_A182	7009493	0	1	30166	1	0	30000	other	0
SEE_05_64_FR	264	Picture	+	7039825	0	1	20166	1	0	38690	other	0
SEE_05_64_FR	265	Picture	low_F138	7059991	0	1	30166	1	0	30000	other	0
SEE_05_64_FR	266	Picture	+	7090324	0	1	20166	1	0	44120	other	0
SEE_05_64_FR	267	Picture	hi_A024	7110490	0	1	30166	1	0	30000	other	0
SEE_05_64_FR	268	Picture	+	7140823	0	1	83165	1	0	next	other	0
SEE_05_64_FR	269	Sound	hi246a	7160824	0	1			0		other	0
SEE_05_64_FR	270	Picture	500+	7223987	0	1	5167	1	0	5000	other	0
SEE_05_64_FR	271	Picture	low_L049	7229154	0	1	30166	1	0	30000	other	0
SEE_05_64_FR	272	Picture	+	7259320	0	1	56832	1	0	next	other	0
SEE_05_64_FR	273	Sound	hi246b	7259320	0	1			0		other	0
SEE_05_64_FR	274	Picture	500+	7316152	0	1	5167	1	0	5000	other	0
SEE_05_64_FR	275	Picture	hi_A069	7321318	0	1	30166	1	0	30000	other	0
SEE_05_64_FR	276	Picture	+	7351651	0	1	20166	1	0	38850	other	0
SEE_05_64_FR	277	Picture	low_L134	7371817	0	1	30166	1	0	30000	other	0
SEE_05_64_FR	278	Picture	+	7402150	0	1	20166	1	0	36920	other	0
SEE_05_64_FR	279	Picture	hi_A041	7422316	0	1	30166	1	0	30000	other	0
SEE_05_64_FR	280	Picture	+	7452648	0	1	78165	1	0	next	other	0
SEE_05_64_FR	281	Sound	hi014a	7472649	0	1			0		other	0
SEE_05_64_FR	282	Picture	500+	7530813	0	1	5167	1	0	5000	other	0
SEE_05_64_FR	283	Picture	low_L164	7535980	0	1	30166	1	0	30000	other	0
SEE_05_64_FR	284	Picture	+	7566146	0	1	66665	1	0	next	other	0
SEE_05_64_FR	285	Sound	hi014b	7566146	0	2			0		other	0
SEE_05_64_FR	286	Picture	500+	7632811	0	1	5166	1	0	5000	other	0
SEE_05_64_FR	287	Picture	hi_P037	7637977	0	1	30166	1	0	30000	other	0
SEE_05_64_FR	288	Picture	+	7668310	0	1	20166	1	0	33740	other	0
SEE_05_64_FR	289	Picture	hi_F146	7688476	0	1	30166	1	0	30000	other	0
SEE_05_64_FR	290	Picture	+	7718808	0	1	20166	1	0	40080	other	0
SEE_05_64_FR	291	Picture	low_L157	7738975	0	1	30166	1	0	30000	other	0
SEE_05_64_FR	292	Picture	+	7769307	0	1	82331	1	0	next	other	0
SEE_05_64_FR	293	Sound	hi004a	7789308	0	1			0		other	0
SEE_05_64_FR	294	Picture	500+	7851638	0	1	5167	1	0	5000	other	0
SEE_05_64_FR	295	Picture	low_L121	7856805	0	1	30166	1	0	30000	other	0
SEE_05_64_FR	296	Picture	+	7886971	0	1	63998	1	0	next	other	0
SEE_05_64_FR	297	Sound	hi004b	7886972	0	1			0		other	0
SEE_05_64_FR	298	Picture	500+	7950969	0	1	5167	1	0	5000	other	0
SEE_05_64_FR	299	Picture	hi_O149	7956136	0	1	30166	1	0	30000	other	0
SEE_05_64_FR	300	Picture	+	7986468	0	1	20166	1	0	37290	other	0
SEE_05_64_FR	301	Picture	low_F067	8006635	0	1	30166	1	0	30000	other	0
SEE_05_64_FR	302	Picture	+	8036967	0	1	20166	1	0	31330	other	0
SEE_05_64_FR	303	Picture	hi_F016	8057133	0	1	30166	1	0	30000	other	0
SEE_05_64_FR	304	Picture	+	8087466	0	1	83665	1	0	next	other	0
SEE_05_64_FR	305	Sound	hi011a	8107467	0	1			0		other	0
SEE_05_64_FR	306	Picture	500+	8171130	0	1	5167	1	0	5000	other	0
SEE_05_64_FR	307	Picture	hi_P240	8176297	0	1	30166	1	0	30000	other	0
SEE_05_64_FR	308	Picture	+	8206463	0	1	56832	1	0	next	other	0
SEE_05_64_FR	309	Sound	hi011b	8206464	0	2			0		other	0
SEE_05_64_FR	310	Picture	500+	8263295	0	1	5167	1	0	5000	other	0
SEE_05_64_FR	311	Picture	low_A157	8268461	0	1	30166	1	0	30000	other	0
SEE_05_64_FR	312	Picture	+	8298794	0	1	20166	1	0	37870	other	0
SEE_05_64_FR	313	Picture	low_L018	8318960	0	1	30166	1	0	30000	other	0
SEE_05_64_FR	314	Picture	+	8349293	0	1	20166	1	0	36980	other	0
SEE_05_64_FR	315	Picture	hi_P127	8369459	0	1	30166	1	0	30000	other	0
SEE_05_64_FR	316	Picture	+	8399792	0	1	80498	1	0	next	other	0
SEE_05_64_FR	317	Sound	low277a	8419793	0	1			0		other	0
SEE_05_64_FR	318	Picture	500+	8480290	0	1	5167	1	0	5000	other	0
SEE_05_64_FR	319	Picture	low_O327	8485623	0	1	30166	1	0	30000	other	0
SEE_05_64_FR	320	Picture	+	8515955	0	1	67498	1	0	next	other	0
SEE_05_64_FR	321	Sound	low277b	8515956	0	1			0		other	0
SEE_05_64_FR	322	Picture	500+	8583454	0	1	5167	1	0	5000	other	0
SEE_05_64_FR	323	Picture	hi_P202	8588620	0	1	30166	1	0	30000	other	0
SEE_05_64_FR	324	Picture	+	8618953	0	1	20166	1	0	39740	other	0
SEE_05_64_FR	325	Picture	hi_F283	8639119	0	1	30166	1	0	30000	other	0
SEE_05_64_FR	326	Picture	+	8669451	0	1	20166	1	0	32570	other	0
SEE_05_64_FR	327	Picture	low_A217	8689618	0	1	30166	1	0	30000	other	0
SEE_05_64_FR	328	Picture	+	8719950	0	1	85665	1	0	next	other	0
SEE_05_64_FR	329	Sound	low089a	8739951	0	1			0		other	0
SEE_05_64_FR	330	Picture	500+	8805615	0	1	5167	1	0	5000	other	0
SEE_05_64_FR	331	Picture	low_A201	8810781	0	1	30166	1	0	30000	other	0
SEE_05_64_FR	332	Picture	+	8841114	0	1	59665	1	0	next	other	0
SEE_05_64_FR	333	Sound	low089b	8841115	0	1			0		other	0
SEE_05_64_FR	334	Picture	500+	8900779	0	1	5166	1	0	5000	other	0
SEE_05_64_FR	335	Picture	hi_P147	8905946	0	1	30166	1	0	30000	other	0
SEE_05_64_FR	336	Picture	+	8936278	0	1	20166	1	0	41480	other	0
SEE_05_64_FR	337	Picture	low_L178	8956444	0	1	30166	1	0	30000	other	0
SEE_05_64_FR	338	Picture	+	8986777	0	1	20166	1	0	38060	other	0
SEE_05_64_FR	339	Picture	hi_P241	9006943	0	1	30166	1	0	30000	other	0
SEE_05_64_FR	340	Picture	+	9037276	0	1	79831	1	0	next	other	0
SEE_05_64_FR	341	Sound	hi252a	9057277	0	1			0		other	0
SEE_05_64_FR	342	Picture	500+	9117107	0	1	5167	1	0	5000	other	0
SEE_05_64_FR	343	Picture	low_P115	9122274	0	1	30166	1	0	30000	other	0
SEE_05_64_FR	344	Picture	+	9152606	0	1	68665	1	0	next	other	0
SEE_05_64_FR	345	Sound	hi252b	9152607	0	1			0		other	0
SEE_05_64_FR	346	Picture	500+	9221271	0	1	5167	1	0	5000	other	0
SEE_05_64_FR	347	Picture	hi_P221	9226438	0	1	30166	1	0	30000	other	0
SEE_05_64_FR	348	Picture	+	9256770	0	1	20166	1	0	35470	other	0
SEE_05_64_FR	349	Picture	hi_A021	9276936	0	1	30166	1	0	30000	other	0
SEE_05_64_FR	350	Picture	+	9307269	0	1	20166	1	0	44390	other	0
SEE_05_64_FR	351	Picture	low_P195	9327435	0	1	30166	1	0	30000	other	0
SEE_05_64_FR	352	Picture	+	9357768	0	1	89331	1	0	next	other	0
SEE_05_64_FR	353	Sound	low079a	9377769	0	1			0		other	0
SEE_05_64_FR	354	Picture	500+	9447099	0	1	5167	1	0	5000	other	0
SEE_05_64_FR	355	Picture	hi_A016	9452432	0	1	30166	1	0	30000	other	0
SEE_05_64_FR	356	Picture	+	9482598	0	1	69998	1	0	next	other	0
SEE_05_64_FR	357	Sound	low079b	9482599	0	1			0		other	0
SEE_05_64_FR	358	Picture	500+	9552596	0	1	5167	1	0	5000	other	0
SEE_05_64_FR	359	Picture	low_F130	9557929	0	1	30166	1	0	30000	other	0
SEE_05_64_FR	360	Picture	+	9588262	0	1	20166	1	0	34430	other	0
SEE_05_64_FR	361	Picture	hi_O300	9608428	0	1	30166	1	0	30000	other	0
SEE_05_64_FR	362	Picture	+	9638761	0	1	20166	1	0	41820	other	0
SEE_05_64_FR	363	Picture	low_P105	9658927	0	1	30166	1	0	30000	other	0
SEE_05_64_FR	364	Picture	+	9689260	0	1	78165	1	0	next	other	0
SEE_05_64_FR	365	Sound	low350a	9709260	0	1			0		other	0
SEE_05_64_FR	366	Picture	500+	9767424	0	1	5167	1	0	5000	other	0
SEE_05_64_FR	367	Picture	low_L085	9772591	0	1	30166	1	0	30000	other	0
SEE_05_64_FR	368	Picture	+	9802757	0	1	56665	1	0	next	other	0
SEE_05_64_FR	369	Sound	low350b	9802757	0	1			0		other	0
SEE_05_64_FR	370	Picture	500+	9859422	0	1	5167	1	0	5000	other	0
SEE_05_64_FR	371	Picture	hi_F032	9864589	0	1	30166	1	0	30000	other	0
SEE_05_64_FR	372	Picture	+	9894921	0	1	20166	1	0	35720	other	0
SEE_05_64_FR	373	Picture	hi_P208	9915087	0	1	30166	1	0	30000	other	0
SEE_05_64_FR	374	Picture	+	9945420	0	1	20166	1	0	42410	other	0
SEE_05_64_FR	375	Picture	low_L034	9965586	0	1	30166	1	0	30000	other	0
SEE_05_64_FR	376	Picture	+	9995919	0	1	75831	1	0	next	other	0
SEE_05_64_FR	377	Sound	low284a	10015919	0	2			0		other	0
SEE_05_64_FR	378	Picture	500+	10071750	0	1	5167	1	0	5000	other	0
SEE_05_64_FR	379	Picture	low_P107	10077083	0	1	30166	1	0	30000	other	0
SEE_05_64_FR	380	Picture	+	10107249	0	1	68832	1	0	next	other	0
SEE_05_64_FR	381	Sound	low284b	10107250	0	1			0		other	0
SEE_05_64_FR	382	Picture	500+	10176081	0	1	5167	1	0	5000	other	0
SEE_05_64_FR	383	Picture	hi_P084	10181247	0	1	30166	1	0	30000	other	0
SEE_05_64_FR	384	Picture	+	10211580	0	1	20166	1	0	41470	other	0
SEE_05_64_FR	385	Picture	hi_F158	10231746	0	1	30166	1	0	30000	other	0
SEE_05_64_FR	386	Picture	+	10262079	0	1	20166	1	0	35790	other	0
SEE_05_64_FR	387	Picture	low_F098	10282245	0	1	30166	1	0	30000	other	0
SEE_05_64_FR	388	Picture	+	10312577	0	1	78665	1	0	next	other	0
SEE_05_64_FR	389	Sound	hi013a	10332578	0	1			0		other	0
SEE_05_64_FR	390	Picture	500+	10391242	0	1	5167	1	0	5000	other	0
SEE_05_64_FR	391	Picture	low_L104	10396409	0	1	30166	1	0	30000	other	0
SEE_05_64_FR	392	Picture	+	10426575	0	1	65832	1	0	next	other	0
SEE_05_64_FR	393	Sound	hi013b	10426575	0	2			0		other	0
SEE_05_64_FR	394	Picture	500+	10492406	0	1	5167	1	0	5000	other	0
SEE_05_64_FR	395	Picture	hi_P227	10497573	0	1	30166	1	0	30000	other	0
SEE_05_64_FR	396	Picture	+	10527905	0	1	20166	1	0	43700	other	0
SEE_05_64_FR	397	Picture	low_L141	10548072	0	1	30166	1	0	30000	other	0
SEE_05_64_FR	398	Picture	+	10578404	0	1	20166	1	0	43670	other	0
SEE_05_64_FR	399	Picture	hi_P214	10598570	0	1	30166	1	0	30000	other	0
SEE_05_64_FR	400	Picture	+	10628903	0	1	79998	1	0	next	other	0
SEE_05_64_FR	401	Sound	hi308a	10648904	0	1			0		other	0
SEE_05_64_FR	402	Picture	500+	10708901	0	1	5167	1	0	5000	other	0
SEE_05_64_FR	403	Picture	low_L113	10714067	0	1	30166	1	0	30000	other	0
SEE_05_64_FR	404	Picture	+	10744233	0	1	69498	1	0	next	other	0
SEE_05_64_FR	405	Sound	hi308b	10744234	0	1			0		other	0
SEE_05_64_FR	406	Picture	500+	10813732	0	1	5167	1	0	5000	other	0
SEE_05_64_FR	407	Picture	hi_P032	10818898	0	1	30166	1	0	30000	other	0
SEE_05_64_FR	408	Picture	+	10849231	0	1	20166	1	0	32170	other	0
SEE_05_64_FR	409	Picture	hi_P222	10869397	0	1	30166	1	0	30000	other	0
SEE_05_64_FR	410	Picture	+	10899730	0	1	20166	1	0	33070	other	0
SEE_05_64_FR	411	Picture	low_A100	10919896	0	1	30166	1	0	30000	other	0
SEE_05_64_FR	412	Picture	+	10950228	0	1	77331	1	0	next	other	0
SEE_05_64_FR	413	Sound	hi110a	10970229	0	1			0		other	0
SEE_05_64_FR	414	Picture	500+	11027560	0	1	5167	1	0	5000	other	0
SEE_05_64_FR	415	Picture	low_A123	11032893	0	1	30166	1	0	30000	other	0
SEE_05_64_FR	416	Picture	+	11063059	0	1	61999	1	0	next	other	0
SEE_05_64_FR	417	Sound	hi110b	11063059	0	1			0		other	0
SEE_05_64_FR	418	Picture	500+	11125057	0	1	5167	1	0	5000	other	0
SEE_05_64_FR	419	Picture	hi_O003	11130224	0	1	30166	1	0	30000	other	0
SEE_05_64_FR	420	Picture	+	11160556	0	1	20166	1	0	36840	other	0
SEE_05_64_FR	421	Picture	hi_F021	11180723	0	1	30166	1	0	30000	other	0
SEE_05_64_FR	422	Picture	+	11211055	0	1	20166	1	0	35830	other	0
SEE_05_64_FR	423	Picture	low_L147	11231221	0	1	30166	1	0	30000	other	0
SEE_05_64_FR	424	Picture	+	11261554	0	1	83498	1	0	next	other	0
SEE_05_64_FR	425	Sound	low030a	11281555	0	1			0		other	0
SEE_05_64_FR	426	Picture	500+	11345052	0	1	5167	1	0	5000	other	0
SEE_05_64_FR	427	Picture	hi_P220	11350218	0	1	30166	1	0	30000	other	0
SEE_05_64_FR	428	Picture	+	11380384	0	1	57832	1	0	next	other	0
SEE_05_64_FR	429	Sound	low030b	11380385	0	1			0		other	0
SEE_05_64_FR	430	Picture	500+	11438216	0	1	5167	1	0	5000	other	0
SEE_05_64_FR	431	Picture	low_L038	11443383	0	1	30166	1	0	30000	other	0
SEE_05_64_FR	432	Picture	+	11473715	0	1	20166	1	0	33380	other	0
SEE_05_64_FR	433	Picture	low_P149	11493881	0	1	30166	1	0	30000	other	0
SEE_05_64_FR	434	Picture	+	11524214	0	1	20166	1	0	38010	other	0
SEE_05_64_FR	435	Picture	hi_O022	11544380	0	1	30166	1	0	30000	other	0
SEE_05_64_FR	436	Picture	+	11574713	0	1	84498	1	0	next	other	0
SEE_05_64_FR	437	Sound	hi158a	11594714	0	2			0		other	0
SEE_05_64_FR	438	Picture	500+	11659211	0	1	5167	1	0	5000	other	0
SEE_05_64_FR	439	Picture	low_P169	11664377	0	1	30166	1	0	30000	other	0
SEE_05_64_FR	440	Picture	+	11694543	0	1	60165	1	0	next	other	0
SEE_05_64_FR	441	Sound	hi158b	11694544	0	1			0		other	0
SEE_05_64_FR	442	Picture	500+	11754708	0	1	5167	1	0	5000	other	0
SEE_05_64_FR	443	Picture	hi_P144	11759875	0	1	30166	1	0	30000	other	0
SEE_05_64_FR	444	Picture	+	11790207	0	1	20166	1	0	43020	other	0
SEE_05_64_FR	445	Picture	low_L131	11810374	0	1	30166	1	0	30000	other	0
SEE_05_64_FR	446	Picture	+	11840706	0	1	20166	1	0	37940	other	0
SEE_05_64_FR	447	Picture	hi_A027	11860872	0	1	30166	1	0	30000	other	0
SEE_05_64_FR	448	Picture	+	11891205	0	1	78331	1	0	next	other	0
SEE_05_64_FR	449	Sound	hi301a	11911206	0	1			0		other	0
SEE_05_64_FR	450	Picture	500+	11969536	0	1	5167	1	0	5000	other	0
SEE_05_64_FR	451	Picture	low_L123	11974703	0	1	30166	1	0	30000	other	0
SEE_05_64_FR	452	Picture	+	12005035	0	1	61498	1	0	next	other	0
SEE_05_64_FR	453	Sound	hi301b	12005036	0	1			0		other	0
SEE_05_64_FR	454	Picture	500+	12066534	0	1	5167	1	0	5000	other	0
SEE_05_64_FR	455	Picture	hi_A059	12071700	0	1	30166	1	0	30000	other	0
SEE_05_64_FR	456	Picture	+	12102033	0	1	20166	1	0	32410	other	0
SEE_05_64_FR	457	Picture	low_L148	12122199	0	1	30166	1	0	30000	other	0
SEE_05_64_FR	458	Picture	+	12152532	0	1	20166	1	0	44180	other	0
SEE_05_64_FR	459	Picture	hi_A077	12172698	0	1	30166	1	0	30000	other	0
SEE_05_64_FR	460	Picture	+	12203031	0	1	85998	1	0	next	other	0
SEE_05_64_FR	461	Sound	low087a	12223031	0	2			0		other	0
SEE_05_64_FR	462	Picture	500+	12289028	0	1	5167	1	0	5000	other	0
SEE_05_64_FR	463	Picture	hi_F293	12294362	0	1	30166	1	0	30000	other	0
SEE_05_64_FR	464	Picture	+	12324527	0	1	61332	1	0	next	other	0
SEE_05_64_FR	465	Sound	low087b	12324528	0	1			0		other	0
SEE_05_64_FR	466	Picture	500+	12385859	0	1	5167	1	0	5000	other	0
SEE_05_64_FR	467	Picture	low_P103	12391026	0	1	30166	1	0	30000	other	0
SEE_05_64_FR	468	Picture	+	12421358	0	1	20166	1	0	36850	other	0
SEE_05_64_FR	469	Picture	hi_O001	12441525	0	1	30166	1	0	30000	other	0
SEE_05_64_FR	470	Picture	+	12471857	0	1	20166	1	0	42760	other	0
SEE_05_64_FR	471	Picture	low_F045	12492023	0	1	30166	1	0	30000	other	0
SEE_05_64_FR	472	Picture	+	12522356	0	1	86331	1	0	next	other	0
SEE_05_64_FR	473	Sound	low063a	12542357	0	1			0		other	0
SEE_05_64_FR	474	Picture	500+	12608687	0	1	5167	1	0	5000	other	0
SEE_05_64_FR	475	Picture	hi_P216	12613854	0	1	30166	1	0	30000	other	0
SEE_05_64_FR	476	Picture	+	12644020	0	1	61999	1	0	next	other	0
SEE_05_64_FR	477	Sound	low063b	12644020	0	1			0		other	0
SEE_05_64_FR	478	Picture	500+	12706018	0	1	5167	1	0	5000	other	0
SEE_05_64_FR	479	Picture	low_L142	12711185	0	1	30166	1	0	30000	other	0
SEE_05_64_FR	480	Picture	+	12741517	0	1	20166	1	0	38800	other	0
SEE_05_64_FR	481	Picture	hi_A075	12761683	0	1	30166	1	0	30000	other	0
SEE_05_64_FR	482	Picture	+	12792016	0	1	20166	1	0	36460	other	0
SEE_05_64_FR	483	Picture	low_L133	12812182	0	1	30166	1	0	30000	other	0
SEE_05_64_FR	484	Picture	+	12842515	0	1	79665	1	0	next	other	0
SEE_05_64_FR	485	Sound	low274a	12862516	0	1			0		other	0
SEE_05_64_FR	486	Picture	500+	12922179	0	1	5166	1	0	5000	other	0
SEE_05_64_FR	487	Picture	hi_F370	12927513	0	1	30166	1	0	30000	other	0
SEE_05_64_FR	488	Picture	+	12957678	0	1	60332	1	0	next	other	0
SEE_05_64_FR	489	Sound	low274b	12957679	0	1			0		other	0
SEE_05_64_FR	490	Picture	500+	13018010	0	1	5167	1	0	5000	other	0
SEE_05_64_FR	491	Picture	low_A126	13023177	0	1	30166	1	0	30000	other	0
SEE_05_64_FR	492	Picture	+	13053509	0	1	20166	1	0	41940	other	0
SEE_05_64_FR	493	Picture	low_L111	13073676	0	1	30166	1	0	30000	other	0
SEE_05_64_FR	494	Picture	+	13104008	0	1	20166	1	0	38900	other	0
SEE_05_64_FR	495	Picture	hi_O328	13124174	0	1	30166	1	0	30000	other	0
SEE_05_64_FR	496	Picture	+	13154507	0	1	85665	1	0	next	other	0
SEE_05_64_FR	497	Sound	low280a	13174508	0	2			0		other	0
SEE_05_64_FR	498	Picture	500+	13240171	0	1	5167	1	0	5000	other	0
SEE_05_64_FR	499	Picture	hi_P232	13245338	0	1	30166	1	0	30000	other	0
SEE_05_64_FR	500	Picture	+	13275504	0	1	60165	1	0	next	other	0
SEE_05_64_FR	501	Sound	low280b	13275505	0	1			0		other	0
SEE_05_64_FR	502	Picture	500+	13335669	0	1	5167	1	0	5000	other	0
SEE_05_64_FR	503	Picture	low_L161	13341002	0	1	30166	1	0	30000	other	0
SEE_05_64_FR	504	Picture	+	13371335	0	1	20166	1	0	34240	other	0
SEE_05_64_FR	505	Picture	low_A091	13391501	0	1	30166	1	0	30000	other	0
SEE_05_64_FR	506	Picture	+	13421834	0	1	20166	1	0	35610	other	0
SEE_05_64_FR	507	Picture	hi_P020	13442000	0	1	30166	1	0	30000	other	0
SEE_05_64_FR	508	Picture	+	13472332	0	1	83831	1	0	next	other	0
SEE_05_64_FR	509	Sound	low273a	13492333	0	1			0		other	0
SEE_05_64_FR	510	Picture	500+	13556164	0	1	5167	1	0	5000	other	0
SEE_05_64_FR	511	Picture	hi_F038	13561330	0	1	30166	1	0	30000	other	0
SEE_05_64_FR	512	Picture	+	13591496	0	1	62998	1	0	next	other	0
SEE_05_64_FR	513	Sound	low273b	13591497	0	1			0		other	0
SEE_05_64_FR	514	Picture	500+	13654495	0	1	5167	1	0	5000	other	0
SEE_05_64_FR	515	Picture	low_L016	13659828	0	1	30166	1	0	30000	other	0
SEE_05_64_FR	516	Picture	+	13690160	0	1	20166	1	0	41110	other	0
SEE_05_64_FR	517	Picture	low_O325	13710326	0	1	30166	1	0	30000	other	0
SEE_05_64_FR	518	Picture	+	13740659	0	1	20166	1	0	36630	other	0
SEE_05_64_FR	519	Picture	hi_A032	13760825	0	1	30166	1	0	30000	other	0
SEE_05_64_FR	520	Picture	+	13791158	0	1	86998	1	0	next	other	0
SEE_05_64_FR	521	Sound	low037a	13811159	0	1			0		other	0
SEE_05_64_FR	522	Picture	500+	13878156	0	1	5167	1	0	5000	other	0
SEE_05_64_FR	523	Picture	low_O214	13883322	0	1	30166	1	0	30000	other	0
SEE_05_64_FR	524	Picture	+	13913488	0	1	62998	1	0	next	other	0
SEE_05_64_FR	525	Sound	low037b	13913489	0	2			0		other	0
SEE_05_64_FR	526	Picture	500+	13976487	0	1	5167	1	0	5000	other	0
SEE_05_64_FR	527	Picture	hi_F265	13981820	0	1	30166	1	0	30000	other	0
SEE_05_64_FR	528	Picture	+	14012152	0	1	20166	1	0	41830	other	0
SEE_05_64_FR	529	Picture	low_L054	14032319	0	1	30166	1	0	30000	other	0
SEE_05_64_FR	530	Picture	+	14062651	0	1	20166	1	0	31760	other	0
SEE_05_64_FR	531	Picture	hi_P124	14082817	0	1	30166	1	0	30000	other	0
SEE_05_64_FR	532	Picture	+	14113150	0	1	76665	1	0	next	other	0
SEE_05_64_FR	533	Sound	hi002a	14133151	0	1			0		other	0
SEE_05_64_FR	534	Picture	500+	14189815	0	1	5167	1	0	5000	other	0
SEE_05_64_FR	535	Picture	low_F115	14194981	0	1	30166	1	0	30000	other	0
SEE_05_64_FR	536	Picture	+	14225147	0	1	55332	1	0	next	other	0
SEE_05_64_FR	537	Sound	hi002b	14225148	0	1			0		other	0
SEE_05_64_FR	538	Picture	500+	14280479	0	1	5167	1	0	5000	other	0
SEE_05_64_FR	539	Picture	hi_P229	14285646	0	1	30166	1	0	30000	other	0
SEE_05_64_FR	540	Picture	+	14315978	0	1	20166	1	0	37530	other	0
SEE_05_64_FR	541	Picture	hi_L139	14336144	0	1	30166	1	0	30000	other	0
SEE_05_64_FR	542	Picture	+	14366477	0	1	20166	1	0	43630	other	0
SEE_05_64_FR	543	Picture	low_L126	14386643	0	1	30166	1	0	30000	other	0
SEE_05_64_FR	544	Picture	+	14416976	0	1	84665	1	0	next	other	0
SEE_05_64_FR	545	Sound	hi310a	14436976	0	1			0		other	0
SEE_05_64_FR	546	Picture	500+	14501640	0	1	5167	1	0	5000	other	0
SEE_05_64_FR	547	Picture	hi_F273	14506807	0	1	30166	1	0	30000	other	0
SEE_05_64_FR	548	Picture	+	14537139	0	1	64665	1	0	next	other	0
SEE_05_64_FR	549	Sound	hi310b	14537140	0	1			0		other	0
SEE_05_64_FR	550	Picture	500+	14601804	0	1	5167	1	0	5000	other	0
SEE_05_64_FR	551	Picture	low_P152	14606971	0	1	30166	1	0	30000	other	0
SEE_05_64_FR	552	Picture	+	14637304	0	1	20166	1	0	41170	other	0
SEE_05_64_FR	553	Picture	low_F087	14657470	0	1	30166	1	0	30000	other	0
SEE_05_64_FR	554	Picture	+	14687802	0	1	20166	1	0	30580	other	0
SEE_05_64_FR	555	Picture	hi_P140	14707968	0	1	30166	1	0	30000	other	0
SEE_05_64_FR	556	Picture	+	14738301	0	1	83998	1	0	next	other	0
SEE_05_64_FR	557	Sound	low024a	14758302	0	1			0		other	0
SEE_05_64_FR	558	Picture	500+	14822299	0	1	5167	1	0	5000	other	0
SEE_05_64_FR	559	Picture	hi_P143	14827465	0	1	30166	1	0	30000	other	0
SEE_05_64_FR	560	Picture	+	14857631	0	1	60998	1	0	next	other	0
SEE_05_64_FR	561	Sound	low024b	14857632	0	1			0		other	0
SEE_05_64_FR	562	Picture	500+	14918630	0	1	5167	1	0	5000	other	0
SEE_05_64_FR	563	Picture	low_L109	14923963	0	1	30166	1	0	30000	other	0
SEE_05_64_FR	564	Picture	+	14954296	0	1	20166	1	0	42130	other	0
SEE_05_64_FR	565	Picture	hi_P071	14974462	0	1	30166	1	0	30000	other	0
SEE_05_64_FR	566	Picture	+	15004794	0	1	20166	1	0	36450	other	0
SEE_05_64_FR	567	Picture	low_L089	15024961	0	1	30166	1	0	30000	other	0
SEE_05_64_FR	568	Picture	+	15055293	0	1	76165	1	0	next	other	0
SEE_05_64_FR	569	Sound	low071a	15075294	0	1			0		other	0
SEE_05_64_FR	570	Picture	500+	15131458	0	1	5167	1	0	5000	other	0
SEE_05_64_FR	571	Picture	low_F099	15136791	0	1	30166	1	0	30000	other	0
SEE_05_64_FR	572	Picture	+	15166957	0	1	66498	1	0	next	other	0
SEE_05_64_FR	573	Sound	low071b	15166958	0	1			0		other	0
SEE_05_64_FR	574	Picture	500+	15233455	0	1	5167	1	0	5000	other	0
SEE_05_64_FR	575	Picture	hi_O139	15238622	0	1	30166	1	0	30000	other	0
SEE_05_64_FR	576	Picture	+	15268955	0	1	20166	1	0	31240	other	0
SEE_05_64_FR	577	Picture	hi_A071	15289121	0	1	30166	1	0	30000	other	0
SEE_05_64_FR	578	Picture	+	15319453	0	1	20166	1	0	38090	other	0
SEE_05_64_FR	579	Picture	low_A113	15339619	0	1	30166	1	0	30000	other	0
SEE_05_64_FR	580	Picture	+	15369952	0	1	85998	1	0	next	other	0
SEE_05_64_FR	581	Sound	hi253a	15389953	0	1			0		other	0
SEE_05_64_FR	582	Picture	500+	15455950	0	1	5167	1	0	5000	other	0
SEE_05_64_FR	583	Picture	hi_O132	15461116	0	1	30166	1	0	30000	other	0
SEE_05_64_FR	584	Picture	+	15491449	0	1	55832	1	0	next	other	0
SEE_05_64_FR	585	Sound	hi253b	15491450	0	2			0		other	0
SEE_05_64_FR	586	Picture	500+	15547281	0	1	5167	1	0	5000	other	0
SEE_05_64_FR	587	Picture	low_P108	15552448	0	1	30166	1	0	30000	other	0
SEE_05_64_FR	588	Picture	+	15582780	0	1	20166	1	0	34900	other	0
SEE_05_64_FR	589	Picture	low_A214	15602946	0	1	30166	1	0	30000	other	0
SEE_05_64_FR	590	Picture	+	15633279	0	1	20166	1	0	34910	other	0
SEE_05_64_FR	591	Picture	hi_F163	15653445	0	1	30166	1	0	30000	other	0
SEE_05_64_FR	592	Picture	+	15683778	0	1	76998	1	0	next	other	0
SEE_05_64_FR	593	Sound	low351a	15703778	0	1			0		other	0
SEE_05_64_FR	594	Picture	500+	15760776	0	1	5167	1	0	5000	other	0
SEE_05_64_FR	595	Picture	hi_F041	15765942	0	1	30166	1	0	30000	other	0
SEE_05_64_FR	596	Picture	+	15796108	0	1	66832	1	0	next	other	0
SEE_05_64_FR	597	Sound	low351b	15796109	0	1			0		other	0
SEE_05_64_FR	598	Picture	500+	15862940	0	1	5167	1	0	5000	other	0
SEE_05_64_FR	599	Picture	low_F203	15868106	0	1	30166	1	0	30000	other	0
SEE_05_64_FR	600	Picture	+	15898439	0	1	20166	1	0	36760	other	0
SEE_05_64_FR	601	Picture	hi_P212	15918605	0	1	30166	1	0	30000	other	0
SEE_05_64_FR	602	Picture	+	15948938	0	1	20166	1	0	31880	other	0
SEE_05_64_FR	603	Picture	low_L158	15969104	0	1	30166	1	0	30000	other	0
SEE_05_64_FR	604	Picture	+	15999436	0	1	77165	1	0	next	other	0
SEE_05_64_FR	605	Sound	low345a	16019437	0	2			0		other	0
SEE_05_64_FR	606	Picture	500+	16076601	0	1	5167	1	0	5000	other	0
SEE_05_64_FR	607	Picture	low_A221	16081768	0	1	30166	1	0	30000	other	0
SEE_05_64_FR	608	Picture	+	16111934	0	1	61165	1	0	next	other	0
SEE_05_64_FR	609	Sound	low345b	16111934	0	1			0		other	0
SEE_05_64_FR	610	Picture	500+	16173099	0	1	5167	1	0	5000	other	0
SEE_05_64_FR	611	Picture	hi_O007	16178265	0	1	30166	1	0	30000	other	0
SEE_05_64_FR	612	Picture	+	16208598	0	1	20166	1	0	43320	other	0
SEE_05_64_FR	613	Picture	low_O256	16228764	0	1	30166	1	0	30000	other	0
SEE_05_64_FR	614	Picture	+	16259097	0	1	20166	1	0	43410	other	0
SEE_05_64_FR	615	Picture	hi_F019	16279263	0	1	30166	1	0	30000	other	0
SEE_05_64_FR	616	Picture	+	16309595	0	1	83165	1	0	next	other	0
SEE_05_64_FR	617	Sound	hi217a	16329596	0	1			0		other	0
SEE_05_64_FR	618	Picture	500+	16392760	0	1	5167	1	0	5000	other	0
SEE_05_64_FR	619	Picture	low_P054	16397927	0	1	30166	1	0	30000	other	0
SEE_05_64_FR	620	Picture	+	16428092	0	1	62832	1	0	next	other	0
SEE_05_64_FR	621	Sound	hi217b	16428093	0	1			0		other	0
SEE_05_64_FR	622	Picture	500+	16490924	0	1	5167	1	0	5000	other	0
SEE_05_64_FR	623	Picture	hi_F295	16496091	0	1	30166	1	0	30000	other	0
SEE_05_64_FR	624	Picture	+	16526423	0	1	20166	1	0	42560	other	0
SEE_05_64_FR	625	Picture	hi_F170	16546590	0	1	30166	1	0	30000	other	0
SEE_05_64_FR	626	Picture	+	16576922	0	1	20166	1	0	37490	other	0
SEE_05_64_FR	627	Picture	low_F125	16597088	0	1	30166	1	0	30000	other	0
SEE_05_64_FR	628	Picture	+	16627421	0	1	89831	1	0	next	other	0
SEE_05_64_FR	629	Sound	hi206a	16647422	0	1			0		other	0
SEE_05_64_FR	630	Picture	500+	16717252	0	1	5167	1	0	5000	other	0
SEE_05_64_FR	631	Picture	low_L168	16722585	0	1	30166	1	0	30000	other	0
SEE_05_64_FR	632	Picture	+	16752918	0	1	55999	1	0	next	other	0
SEE_05_64_FR	633	Sound	hi206b	16752918	0	1			0		other	0
SEE_05_64_FR	634	Picture	500+	16808916	0	1	5167	1	0	5000	other	0
SEE_05_64_FR	635	Picture	hi_F366	16814083	0	1	30166	1	0	30000	other	0
SEE_05_64_FR	636	Picture	+	16844415	0	1	20166	1	0	35840	other	0
SEE_05_64_FR	637	Picture	hi_P001	16864582	0	1	30166	1	0	30000	other	0
SEE_05_64_FR	638	Picture	+	16894914	0	1	20166	1	0	42740	other	0
SEE_05_64_FR	639	Picture	low_L096	16915080	0	1	30166	1	0	30000	other	0
SEE_05_64_FR	640	Picture	+	16945413	0	1	84998	1	0	next	other	0
SEE_05_64_FR	641	Sound	hi249a	16965414	0	1			0		other	0
SEE_05_64_FR	642	Picture	500+	17030411	0	1	5167	1	0	5000	other	0
SEE_05_64_FR	643	Picture	low_A192	17035577	0	1	30166	1	0	30000	other	0
SEE_05_64_FR	644	Picture	+	17065910	0	1	65998	1	0	next	other	0
SEE_05_64_FR	645	Sound	hi249b	17065911	0	1			0		other	0
SEE_05_64_FR	646	Picture	500+	17131908	0	1	5167	1	0	5000	other	0
SEE_05_64_FR	647	Picture	hi_P228	17137075	0	1	30166	1	0	30000	other	0
SEE_05_64_FR	648	Picture	+	17167407	0	1	20166	1	0	33430	other	0
SEE_05_64_FR	649	Picture	low_L169	17187574	0	1	30166	1	0	30000	other	0
SEE_05_64_FR	650	Picture	+	17217906	0	1	20166	1	0	37020	other	0
SEE_05_64_FR	651	Picture	hi_A078	17238072	0	1	30166	1	0	30000	other	0
SEE_05_64_FR	652	Picture	+	17268405	0	1	79498	1	0	next	other	0
SEE_05_64_FR	653	Sound	hi169a	17288406	0	1			0		other	0
SEE_05_64_FR	654	Picture	500+	17347903	0	1	5167	1	0	5000	other	0
SEE_05_64_FR	655	Picture	low_L130	17353069	0	1	30166	1	0	30000	other	0
SEE_05_64_FR	656	Picture	+	17383235	0	1	62998	1	0	next	other	0
SEE_05_64_FR	657	Sound	hi169b	17383236	0	1			0		other	0
SEE_05_64_FR	658	Picture	500+	17446234	0	1	5167	1	0	5000	other	0
SEE_05_64_FR	659	Picture	hi_A013	17451400	0	1	30166	1	0	30000	other	0
SEE_05_64_FR	660	Picture	+	17481733	0	1	20166	1	0	40020	other	0
SEE_05_64_FR	661	Picture	low_F214	17501899	0	1	30166	1	0	30000	other	0
SEE_05_64_FR	662	Picture	+	17532232	0	1	20166	1	0	40780	other	0
SEE_05_64_FR	663	Picture	hi_A037	17552398	0	1	30166	1	0	30000	other	0
SEE_05_64_FR	664	Picture	+	17582730	0	1	84498	1	0	next	other	0
SEE_05_64_FR	665	Sound	low179a	17602731	0	1			0		other	0
SEE_05_64_FR	666	Picture	500+	17667228	0	1	5167	1	0	5000	other	0
SEE_05_64_FR	667	Picture	hi_L005	17672562	0	1	30166	1	0	30000	other	0
SEE_05_64_FR	668	Picture	+	17702727	0	1	63498	1	0	next	other	0
SEE_05_64_FR	669	Sound	low179b	17702728	0	1			0		other	0
SEE_05_64_FR	670	Picture	500+	17766226	0	1	5167	1	0	5000	other	0
SEE_05_64_FR	671	Picture	low_L138	17771559	0	1	30166	1	0	30000	other	0
SEE_05_64_FR	672	Picture	+	17801892	0	1	20166	1	0	41470	other	0
SEE_05_64_FR	673	Picture	low_L162	17822058	0	1	30166	1	0	30000	other	0
SEE_05_64_FR	674	Picture	+	17852390	0	1	20166	1	0	37490	other	0
SEE_05_64_FR	675	Picture	hi_P008	17872557	0	1	30166	1	0	30000	other	0
SEE_05_64_FR	676	Picture	+	17902889	0	1	88831	1	0	next	other	0
SEE_05_64_FR	677	Sound	low050a	17922890	0	1			0		other	0
SEE_05_64_FR	678	Picture	500+	17991720	0	1	5167	1	0	5000	other	0
SEE_05_64_FR	679	Picture	low_L184	17996887	0	1	30166	1	0	30000	other	0
SEE_05_64_FR	680	Picture	+	18027053	0	1	63498	1	0	next	other	0
SEE_05_64_FR	681	Sound	low050b	18027053	0	1			0		other	0
SEE_05_64_FR	682	Picture	500+	18090551	0	1	5167	1	0	5000	other	0
SEE_05_64_FR	683	Picture	hi_O002	18095718	0	1	30166	1	0	30000	other	0
SEE_05_64_FR	684	Picture	+	18126050	0	1	20166	1	0	34790	other	0
SEE_05_64_FR	685	Picture	low_P168	18146217	0	1	30166	1	0	30000	other	0
SEE_05_64_FR	686	Picture	+	18176549	0	1	20166	1	0	38450	other	0
SEE_05_64_FR	687	Picture	hi_P234	18196715	0	1	30166	1	0	30000	other	0
SEE_05_64_FR	688	Picture	+	18227048	0	1	77165	1	0	next	other	0
SEE_05_64_FR	689	Sound	low036a	18247049	0	1			0		other	0
SEE_05_64_FR	690	Picture	500+	18304213	0	1	5166	1	0	5000	other	0
SEE_05_64_FR	691	Picture	low_L163	18309379	0	1	30166	1	0	30000	other	0
SEE_05_64_FR	692	Picture	+	18339712	0	1	64498	1	0	next	other	0
SEE_05_64_FR	693	Sound	low036b	18339712	0	1			0		other	0
SEE_05_64_FR	694	Picture	500+	18404210	0	1	5167	1	0	5000	other	0
SEE_05_64_FR	695	Picture	hi_F010	18409543	0	1	30166	1	0	30000	other	0
SEE_05_64_FR	696	Picture	+	18439876	0	1	20166	1	0	30370	other	0
SEE_05_64_FR	697	Picture	low_L119	18460042	0	1	30166	1	0	30000	other	0
SEE_05_64_FR	698	Picture	+	18490375	0	1	20166	1	0	35910	other	0
SEE_05_64_FR	699	Picture	hi_F025	18510541	0	1	30166	1	0	30000	other	0
SEE_05_64_FR	700	Picture	+	18540873	0	1	83665	1	0	next	other	0
SEE_05_64_FR	701	Sound	hi012a	18560874	0	1			0		other	0
SEE_05_64_FR	702	Picture	500+	18624538	0	1	5167	1	0	5000	other	0
SEE_05_64_FR	703	Picture	low_A160	18629704	0	1	30166	1	0	30000	other	0
SEE_05_64_FR	704	Picture	+	18659870	0	1	62998	1	0	next	other	0
SEE_05_64_FR	705	Sound	hi012b	18659871	0	1			0		other	0
SEE_05_64_FR	706	Picture	500+	18722869	0	1	5167	1	0	5000	other	0
SEE_05_64_FR	707	Picture	hi_P034	18728035	0	1	30166	1	0	30000	other	0
SEE_05_64_FR	708	Picture	+	18758368	0	1	20166	1	0	33100	other	0
SEE_05_64_FR	709	Picture	low_L180	18778534	0	1	30166	1	0	30000	other	0
SEE_05_64_FR	710	Picture	+	18808867	0	1	20166	1	0	35430	other	0
SEE_05_64_FR	711	Picture	hi_P226	18829033	0	1	30166	1	0	30000	other	0
SEE_05_64_FR	712	Picture	+	18859365	0	1	77331	1	0	next	other	0
SEE_05_64_FR	713	Sound	low330a	18879366	0	1			0		other	0
SEE_05_64_FR	714	Picture	500+	18936697	0	1	5167	1	0	5000	other	0
SEE_05_64_FR	715	Picture	low_L117	18941863	0	1	30166	1	0	30000	other	0
SEE_05_64_FR	716	Picture	+	18972029	0	1	56999	1	0	next	other	0
SEE_05_64_FR	717	Sound	low330b	18972030	0	1			0		other	0
SEE_05_64_FR	718	Picture	500+	19029028	0	1	5167	1	0	5000	other	0
SEE_05_64_FR	719	Picture	hi_F368	19034194	0	1	30166	1	0	30000	other	0
SEE_05_64_FR	720	Picture	+	19064527	0	1	20166	1	0	33690	other	0
SEE_05_64_FR	721	Picture	hi_A033	19084693	0	1	30166	1	0	30000	other	0
SEE_05_64_FR	722	Picture	+	19115026	0	1	20166	1	0	42510	other	0
SEE_05_64_FR	723	Picture	low_L009	19135192	0	1	30166	1	0	30000	other	0
SEE_05_64_FR	724	Picture	+	19165525	0	1	82831	1	0	next	other	0
SEE_05_64_FR	725	Sound	hi244a	19185526	0	2			0		other	0
SEE_05_64_FR	726	Picture	500+	19248356	0	1	5167	1	0	5000	other	0
SEE_05_64_FR	727	Picture	hi_P139	19253522	0	1	30166	1	0	30000	other	0
SEE_05_64_FR	728	Picture	+	19283688	0	1	68998	1	0	next	other	0
SEE_05_64_FR	729	Sound	hi244b	19283689	0	1			0		other	0
SEE_05_64_FR	730	Picture	500+	19352687	0	1	5167	1	0	5000	other	0
SEE_05_64_FR	731	Picture	low_F343	19357853	0	1	30166	1	0	30000	other	0
SEE_05_64_FR	732	Picture	+	19388186	0	1	20166	1	0	32830	other	0
SEE_05_64_FR	733	Picture	hi_A058	19408352	0	1	30166	1	0	30000	other	0
SEE_05_64_FR	734	Picture	+	19438684	0	1	20166	1	0	40790	other	0
SEE_05_64_FR	735	Picture	low_P113	19458851	0	1	30166	1	0	30000	other	0
SEE_05_64_FR	736	Picture	+	19489183	0	1	79331	1	0	next	other	0
SEE_05_64_FR	737	Sound	hi123a	19509184	0	1			0		other	0
SEE_05_64_FR	738	Picture	500+	19568515	0	1	5167	1	0	5000	other	0
SEE_05_64_FR	739	Picture	hi_P098	19573848	0	1	30166	1	0	30000	other	0
SEE_05_64_FR	740	Picture	+	19604014	0	1	61665	1	0	next	other	0
SEE_05_64_FR	741	Sound	hi123b	19604014	0	2			0		other	0
SEE_05_64_FR	742	Picture	500+	19665679	0	1	5167	1	0	5000	other	0
SEE_05_64_FR	743	Picture	low_L149	19670845	0	1	30166	1	0	30000	other	0
SEE_05_64_FR	744	Picture	+	19701178	0	1	20166	1	0	34020	other	0
SEE_05_64_FR	745	Picture	hi_P005	19721344	0	1	30166	1	0	30000	other	0
SEE_05_64_FR	746	Picture	+	19751677	0	1	20166	1	0	42040	other	0
SEE_05_64_FR	747	Picture	low_L146	19771843	0	1	30166	1	0	30000	other	0
SEE_05_64_FR	748	Picture	+	19802175	0	1	82998	1	0	next	other	0
SEE_05_64_FR	749	Sound	low149a	19822176	0	1			0		other	0
SEE_05_64_FR	750	Picture	500+	19885173	0	1	5167	1	0	5000	other	0
SEE_05_64_FR	751	Picture	hi_L002	19890340	0	1	30166	1	0	30000	other	0
SEE_05_64_FR	752	Picture	+	19920506	0	1	64665	1	0	next	other	0
SEE_05_64_FR	753	Sound	low149b	19920506	0	2			0		other	0
SEE_05_64_FR	754	Picture	500+	19985171	0	1	5167	1	0	5000	other	0
SEE_05_64_FR	755	Picture	low_P186	19990337	0	1	30166	1	0	30000	other	0
SEE_05_64_FR	756	Picture	+	20020670	0	1	20166	1	0	42810	other	0
SEE_05_64_FR	757	Picture	low_P104	20040836	0	1	30166	1	0	30000	other	0
SEE_05_64_FR	758	Picture	+	20071169	0	1	20166	1	0	35750	other	0
SEE_05_64_FR	759	Picture	hi_A018	20091335	0	1	30166	1	0	30000	other	0
SEE_05_64_FR	760	Picture	+	20121667	0	1	79665	1	0	next	other	0
SEE_05_64_FR	761	Sound	low034a	20141668	0	1			0		other	0
SEE_05_64_FR	762	Picture	500+	20201332	0	1	5167	1	0	5000	other	0
SEE_05_64_FR	763	Picture	hi_F297	20206499	0	1	30166	1	0	30000	other	0
SEE_05_64_FR	764	Picture	+	20236665	0	1	59165	1	0	next	other	0
SEE_05_64_FR	765	Sound	low034b	20236665	0	1			0		other	0
SEE_05_64_FR	766	Picture	500+	20295830	0	1	5167	1	0	5000	other	0
SEE_05_64_FR	767	Picture	low_L041	20300996	0	1	30166	1	0	30000	other	0
SEE_05_64_FR	768	Picture	+	20331329	0	1	20166	1	0	33640	other	0
SEE_05_64_FR	769	Picture	low_L132	20351495	0	1	30166	1	0	30000	other	0
SEE_05_64_FR	770	Picture	+	20381828	0	1	20166	1	0	34970	other	0
SEE_05_64_FR	771	Picture	hi_A011	20401994	0	1	30166	1	0	30000	other	0
SEE_05_64_FR	772	Picture	+	20432326	0	1	81165	1	0	next	other	0
SEE_05_64_FR	773	Sound	hi001a	20452327	0	1			0		other	0
SEE_05_64_FR	774	Picture	500+	20513491	0	1	5167	1	0	5000	other	0
SEE_05_64_FR	775	Picture	hi_A019	20518824	0	1	30166	1	0	30000	other	0
SEE_05_64_FR	776	Picture	+	20548990	0	1	57165	1	0	next	other	0
SEE_05_64_FR	777	Sound	hi001b	20548991	0	1			0		other	0
SEE_05_64_FR	778	Picture	500+	20606155	0	1	5167	1	0	5000	other	0
SEE_05_64_FR	779	Picture	low_L048	20611322	0	1	30166	1	0	30000	other	0
SEE_05_64_FR	780	Picture	+	20641655	0	1	20166	1	0	42290	other	0
SEE_05_64_FR	781	Picture	low_P064	20661821	0	1	30166	1	0	30000	other	0
SEE_05_64_FR	782	Picture	+	20692153	0	1	20166	1	0	33880	other	0
SEE_05_64_FR	783	Picture	hi_A050	20712320	0	1	30166	1	0	30000	other	0
SEE_05_64_FR	784	Picture	+	20742652	0	1	80831	1	0	next	other	0
SEE_05_64_FR	785	Sound	hi007a	20762653	0	1			0		other	0
SEE_05_64_FR	786	Picture	500+	20823483	0	1	5167	1	0	5000	other	0
SEE_05_64_FR	787	Picture	low_L167	20828817	0	1	30166	1	0	30000	other	0
SEE_05_64_FR	788	Picture	+	20858983	0	1	60998	1	0	next	other	0
SEE_05_64_FR	789	Sound	hi007b	20858983	0	1			0		other	0
SEE_05_64_FR	790	Picture	500+	20919981	0	1	5167	1	0	5000	other	0
SEE_05_64_FR	791	Picture	hi_F174	20925148	0	1	30166	1	0	30000	other	0
SEE_05_64_FR	792	Picture	+	20955480	0	1	20166	1	0	34400	other	0
SEE_05_64_FR	793	Picture	hi_F274	20975646	0	1	30166	1	0	30000	other	0
SEE_05_64_FR	794	Picture	+	21005979	0	1	20166	1	0	33030	other	0
SEE_05_64_FR	795	Picture	low_A140	21026145	0	1	30166	1	0	30000	other	0
SEE_05_64_FR	796	Picture	+	21056478	0	1	81665	1	0	next	other	0
SEE_05_64_FR	797	Sound	hi103a	21076478	0	1			0		other	0
SEE_05_64_FR	798	Picture	500+	21138142	0	1	5167	1	0	5000	other	0
SEE_05_64_FR	799	Picture	low_P179	21143475	0	1	30166	1	0	30000	other	0
SEE_05_64_FR	800	Picture	+	21173641	0	1	60332	1	0	next	other	0
SEE_05_64_FR	801	Sound	hi103b	21173642	0	1			0		other	0
SEE_05_64_FR	802	Picture	500+	21233973	0	1	5166	1	0	5000	other	0
SEE_05_64_FR	803	Picture	hi_F367	21239140	0	1	30166	1	0	30000	other	0
SEE_05_64_FR	804	Picture	+	21269472	0	1	20166	1	0	34870	other	0
SEE_05_64_FR	805	Picture	hi_P132	21289639	0	1	30166	1	0	30000	other	0
SEE_05_64_FR	806	Picture	+	21319971	0	1	20166	1	0	32840	other	0
SEE_05_64_FR	807	Picture	low_A119	21340137	0	1	30166	1	0	30000	other	0
SEE_05_64_FR	808	Picture	+	21370470	0	1	82498	1	0	next	other	0
SEE_05_64_FR	809	Sound	low279a	21390471	0	1			0		other	0
SEE_05_64_FR	810	Picture	500+	21452968	0	1	5167	1	0	5000	other	0
SEE_05_64_FR	811	Picture	hi_A039	21458301	0	1	30166	1	0	30000	other	0
SEE_05_64_FR	812	Picture	+	21488467	0	1	55832	1	0	next	other	0
SEE_05_64_FR	813	Sound	low279b	21488468	0	1			0		other	0
SEE_05_64_FR	814	Picture	500+	21544299	0	1	5167	1	0	5000	other	0
SEE_05_64_FR	815	Picture	low_L102	21549465	0	1	30166	1	0	30000	other	0
SEE_05_64_FR	816	Picture	+	21579798	0	1	20166	1	0	44150	other	0
SEE_05_64_FR	817	Picture	low_F124	21599964	0	1	30166	1	0	30000	other	0
SEE_05_64_FR	818	Picture	+	21630297	0	1	20166	1	0	44170	other	0
SEE_05_64_FR	819	Picture	hi_O013	21650463	0	1	30166	1	0	30000	other	0
SEE_05_64_FR	820	Picture	+	21680795	0	1	81998	1	0	next	other	0
SEE_05_64_FR	821	Sound	hi251a	21700796	0	1			0		other	0
SEE_05_64_FR	822	Picture	500+	21762793	0	1	5167	1	0	5000	other	0
SEE_05_64_FR	823	Picture	low_A194	21767960	0	1	30166	1	0	30000	other	0
SEE_05_64_FR	824	Picture	+	21798293	0	1	60665	1	0	next	other	0
SEE_05_64_FR	825	Sound	hi251b	21798293	0	2			0		other	0
SEE_05_64_FR	826	Picture	500+	21858958	0	1	5167	1	0	5000	other	0
SEE_05_64_FR	827	Picture	hi_A030	21864124	0	1	30166	1	0	30000	other	0
SEE_05_64_FR	828	Picture	+	21894457	0	1	20166	1	0	38610	other	0
SEE_05_64_FR	829	Picture	low_L152	21914623	0	1	30166	1	0	30000	other	0
SEE_05_64_FR	830	Picture	+	21944956	0	1	20166	1	0	31210	other	0
SEE_05_64_FR	831	Picture	hi_P206	21965122	0	1	30166	1	0	30000	other	0
SEE_05_64_FR	832	Picture	+	21995454	0	1	75831	1	0	next	other	0
SEE_05_64_FR	833	Sound	low048a	22015455	0	2			0		other	0
SEE_05_64_FR	834	Picture	500+	22071286	0	1	5167	1	0	5000	other	0
SEE_05_64_FR	835	Picture	hi_A042	22076452	0	1	30166	1	0	30000	other	0
SEE_05_64_FR	836	Picture	+	22106618	0	1	59998	1	0	next	other	0
SEE_05_64_FR	837	Sound	low048b	22106619	0	1			0		other	0
SEE_05_64_FR	838	Picture	500+	22166617	0	1	5167	1	0	5000	other	0
SEE_05_64_FR	839	Picture	low_L183	22171950	0	1	30166	1	0	30000	other	0
SEE_05_64_FR	840	Picture	+	22202283	0	1	20166	1	0	35580	other	0
SEE_05_64_FR	841	Picture	low_L179	22222449	0	1	30166	1	0	30000	other	0
SEE_05_64_FR	842	Picture	+	22252781	0	1	20166	1	0	37240	other	0
SEE_05_64_FR	843	Picture	hi_P015	22272947	0	1	30166	1	0	30000	other	0
SEE_05_64_FR	844	Picture	+	22303280	0	1	79831	1	0	next	other	0
SEE_05_64_FR	845	Sound	low053a	22323281	0	1			0		other	0
SEE_05_64_FR	846	Picture	500+	22383111	0	1	5167	1	0	5000	other	0
SEE_05_64_FR	847	Picture	hi_O202	22388445	0	1	30166	1	0	30000	other	0
SEE_05_64_FR	848	Picture	+	22418610	0	1	62332	1	0	next	other	0
SEE_05_64_FR	849	Sound	low053b	22418611	0	1			0		other	0
SEE_05_64_FR	850	Picture	500+	22480942	0	1	5167	1	0	5000	other	0
SEE_05_64_FR	851	Picture	low_A158	22486109	0	1	30166	1	0	30000	other	0
SEE_05_64_FR	852	Picture	+	22516441	0	1	20166	1	0	33710	other	0
SEE_05_64_FR	853	Picture	hi_A060	22536608	0	1	30166	1	0	30000	other	0
SEE_05_64_FR	854	Picture	+	22566940	0	1	20166	1	0	39330	other	0
SEE_05_64_FR	855	Picture	low_P046	22587106	0	1	30166	1	0	30000	other	0
SEE_05_64_FR	856	Picture	+	22617439	0	1	89998	1	0	next	other	0
SEE_05_64_FR	857	Sound	hi159a	22637440	0	1			0		other	0
SEE_05_64_FR	858	Picture	500+	22707437	0	1	5167	1	0	5000	other	0
SEE_05_64_FR	859	Picture	low_L128	22712770	0	1	30166	1	0	30000	other	0
SEE_05_64_FR	860	Picture	+	22742936	0	1	59332	1	0	next	other	0
SEE_05_64_FR	861	Sound	hi159b	22742936	0	1			0		other	0
SEE_05_64_FR	862	Picture	500+	22802268	0	1	5167	1	0	5000	other	0
SEE_05_64_FR	863	Picture	hi_P246	22807434	0	1	30166	1	0	30000	other	0
SEE_05_64_FR	864	Picture	+	22837767	0	1	20166	1	0	35330	other	0
SEE_05_64_FR	865	Picture	low_A146	22857933	0	1	30166	1	0	30000	other	0
SEE_05_64_FR	866	Picture	+	22888266	0	1	20166	1	0	31900	other	0
SEE_05_64_FR	867	Picture	hi_O126	22908432	0	1	30166	1	0	30000	other	0
SEE_05_64_FR	868	Picture	+	22938764	0	1	78998	1	0	next	other	0
SEE_05_64_FR	869	Sound	hi139a	22958765	0	1			0		other	0
SEE_05_64_FR	870	Picture	500+	23017762	0	1	5167	1	0	5000	other	0
SEE_05_64_FR	871	Picture	hi_F009	23023095	0	1	30166	1	0	30000	other	0
SEE_05_64_FR	872	Picture	+	23053428	0	1	66832	1	0	next	other	0
SEE_05_64_FR	873	Sound	hi139b	23053429	0	1			0		other	0
SEE_05_64_FR	874	Picture	500+	23120260	0	1	5167	1	0	5000	other	0
SEE_05_64_FR	875	Picture	low_L090	23125426	0	1	30166	1	0	30000	other	0
SEE_05_64_FR	876	Picture	+	23155759	0	1	20166	1	0	39990	other	0
SEE_05_64_FR	877	Picture	hi_O283	23175925	0	1	30166	1	0	30000	other	0
SEE_05_64_FR	878	Picture	+	23206258	0	1	20166	1	0	39820	other	0
SEE_05_64_FR	879	Picture	low_L050	23226424	0	1	30166	1	0	30000	other	0
SEE_05_64_FR	880	Picture	+	23256756	0	1	77331	1	0	next	other	0
SEE_05_64_FR	881	Sound	hi018a	23276757	0	2			0		other	0
SEE_05_64_FR	882	Picture	500+	23334088	0	1	5167	1	0	5000	other	0
SEE_05_64_FR	883	Picture	hi_A048	23339254	0	1	30166	1	0	30000	other	0
SEE_05_64_FR	884	Picture	+	23369420	0	1	60665	1	0	next	other	0
SEE_05_64_FR	885	Sound	hi018b	23369421	0	1			0		other	0
SEE_05_64_FR	886	Picture	500+	23430085	0	1	5167	1	0	5000	other	0
SEE_05_64_FR	887	Picture	low_P055	23435419	0	1	30166	1	0	30000	other	0
SEE_05_64_FR	888	Picture	+	23465751	0	1	20166	1	0	43630	other	0
SEE_05_64_FR	889	Picture	low_O326	23485917	0	1	30166	1	0	30000	other	0
SEE_05_64_FR	890	Picture	+	23516250	0	1	20166	1	0	42220	other	0
SEE_05_64_FR	891	Picture	hi_A034	23536416	0	1	30166	1	0	30000	other	0
SEE_05_64_FR	892	Picture	+	23566749	0	1	85998	1	0	next	other	0
SEE_05_64_FR	893	Sound	hi242a	23586749	0	1			0		other	0
SEE_05_64_FR	894	Picture	500+	23652747	0	1	5167	1	0	5000	other	0
SEE_05_64_FR	895	Picture	low_F324	23658080	0	1	30166	1	0	30000	other	0
SEE_05_64_FR	896	Picture	+	23688246	0	1	69998	1	0	next	other	0
SEE_05_64_FR	897	Sound	hi242b	23688246	0	1			0		other	0
SEE_05_64_FR	898	Picture	500+	23758244	0	1	5167	1	0	5000	other	0
SEE_05_64_FR	899	Picture	hi_L007	23763410	0	1	30166	1	0	30000	other	0
SEE_05_64_FR	900	Picture	+	23793743	0	1	20166	1	0	30200	other	0
SEE_05_64_FR	901	Picture	hi_P230	23813909	0	1	30166	1	0	30000	other	0
SEE_05_64_FR	902	Picture	+	23844242	0	1	20166	1	0	42780	other	0
SEE_05_64_FR	903	Picture	low_L055	23864408	0	1	30166	1	0	30000	other	0
SEE_05_64_FR	904	Picture	+	23894741	0	1	89164	1	0	next	other	0
SEE_05_64_FR	905	Sound	low271a	23914741	0	1			0		other	0
SEE_05_64_FR	906	Picture	500+	23983905	0	1	5167	1	0	5000	other	0
SEE_05_64_FR	907	Picture	hi_P175	23989072	0	1	30166	1	0	30000	other	0
SEE_05_64_FR	908	Picture	+	24019237	0	1	69165	1	0	next	other	0
SEE_05_64_FR	909	Sound	low271b	24019238	0	1			0		other	0
SEE_05_64_FR	910	Picture	500+	24088402	0	1	5167	1	0	5000	other	0
SEE_05_64_FR	911	Picture	low_P047	24093569	0	1	30166	1	0	30000	other	0
SEE_05_64_FR	912	Picture	+	24123902	0	1	20166	1	0	38370	other	0
SEE_05_64_FR	913	Picture	hi_P004	24144068	0	1	30166	1	0	30000	other	0
SEE_05_64_FR	914	Picture	+	24174400	0	1	20166	1	0	37760	other	0
SEE_05_64_FR	915	Picture	low_L154	24194566	0	1	30166	1	0	30000	other	0
SEE_05_64_FR	916	Picture	+	24224899	0	1	77165	1	0	next	other	0
SEE_05_64_FR	917	Sound	low038a	24244900	0	1			0		other	0
SEE_05_64_FR	918	Picture	500+	24302064	0	1	5167	1	0	5000	other	0
SEE_05_64_FR	919	Picture	hi_F271	24307230	0	1	30166	1	0	30000	other	0
SEE_05_64_FR	920	Picture	+	24337563	0	1	61498	1	0	next	other	0
SEE_05_64_FR	921	Sound	low038b	24337563	0	1			0		other	0
SEE_05_64_FR	922	Picture	500+	24399061	0	1	5167	1	0	5000	other	0
SEE_05_64_FR	923	Picture	low_F228	24404228	0	1	30166	1	0	30000	other	0
SEE_05_64_FR	924	Picture	+	24434560	0	1	20166	1	0	38240	other	0
SEE_05_64_FR	925	Picture	low_F358	24454727	0	1	30166	1	0	30000	other	0
SEE_05_64_FR	926	Picture	+	24485059	0	1	20166	1	0	42080	other	0
SEE_05_64_FR	927	Picture	hi_P011	24505225	0	1	30166	1	0	30000	other	0
SEE_05_64_FR	928	Picture	+	24535558	0	1	83831	1	0	next	other	0
SEE_05_64_FR	929	Sound	hi097a	24555559	0	1			0		other	0
SEE_05_64_FR	930	Picture	500+	24619389	0	1	5167	1	0	5000	other	0
SEE_05_64_FR	931	Picture	low_F111	24624556	0	1	30166	1	0	30000	other	0
SEE_05_64_FR	932	Picture	+	24654722	0	1	55999	1	0	next	other	0
SEE_05_64_FR	933	Sound	hi097b	24654722	0	1			0		other	0
SEE_05_64_FR	934	Picture	500+	24710720	0	1	5167	1	0	5000	other	0
SEE_05_64_FR	935	Picture	hi_L026	24715887	0	1	30166	1	0	30000	other	0
SEE_05_64_FR	936	Picture	+	24746219	0	1	20166	1	0	31360	other	0
SEE_05_64_FR	937	Picture	low_A156	24766386	0	1	30166	1	0	30000	other	0
SEE_05_64_FR	938	Picture	+	24796718	0	1	20166	1	0	32460	other	0
SEE_05_64_FR	939	Picture	hi_P231	24816884	0	1	30166	1	0	30000	other	0
SEE_05_64_FR	940	Picture	+	24847217	0	1	87331	1	0	next	other	0
SEE_05_64_FR	941	Sound	low197a	24867218	0	1			0		other	0
SEE_05_64_FR	942	Picture	500+	24934548	0	1	5167	1	0	5000	other	0
SEE_05_64_FR	943	Picture	hi_P017	24939715	0	1	30166	1	0	30000	other	0
SEE_05_64_FR	944	Picture	+	24969880	0	1	55665	1	0	next	other	0
SEE_05_64_FR	945	Sound	low197b	24969881	0	1			0		other	0
SEE_05_64_FR	946	Picture	500+	25025546	0	1	5167	1	0	5000	other	0
SEE_05_64_FR	947	Picture	low_L071	25030712	0	1	30166	1	0	30000	other	0
SEE_05_64_FR	948	Picture	+	25061045	0	1	20166	1	0	44800	other	0
SEE_05_64_FR	949	Picture	hi_A072	25081211	0	1	30166	1	0	30000	other	0
SEE_05_64_FR	950	Picture	+	25111544	0	1	20166	1	0	42970	other	0
SEE_05_64_FR	951	Picture	low_A152	25131710	0	1	30166	1	0	30000	other	0
SEE_05_64_FR	952	Picture	+	25162042	0	1	87498	1	0	next	other	0
SEE_05_64_FR	953	Sound	hi162a	25182043	0	1			0		other	0
SEE_05_64_FR	954	Picture	500+	25249540	0	1	5166	1	0	5000	other	0
SEE_05_64_FR	955	Picture	low_L165	25254707	0	1	30166	1	0	30000	other	0
SEE_05_64_FR	956	Picture	+	25284873	0	1	65665	1	0	next	other	0
SEE_05_64_FR	957	Sound	hi162b	25284873	0	1			0		other	0
SEE_05_64_FR	958	Picture	500+	25350538	0	1	5166	1	0	5000	other	0
SEE_05_64_FR	959	Picture	hi_P223	25355704	0	1	30166	1	0	30000	other	0
SEE_05_64_FR	960	Picture	+	25386037	0	1	20166	1	0	42280	other	0
SEE_05_64_FR	961	Picture	hi_A056	25406203	0	1	30166	1	0	30000	other	0
SEE_05_64_FR	962	Picture	+	25436536	0	1	20166	1	0	31000	other	0
SEE_05_64_FR	963	Picture	low_L098	25456702	0	1	30166	1	0	30000	other	0
SEE_05_64_FR	964	Picture	+	25487034	0	1	87831	1	0	next	other	0
SEE_05_64_FR	965	Sound	low042a	25507035	0	2			0		other	0
SEE_05_64_FR	966	Picture	500+	25574865	0	1	5167	1	0	5000	other	0
SEE_05_64_FR	967	Picture	hi_P238	25580032	0	1	30166	1	0	30000	other	0
SEE_05_64_FR	968	Picture	+	25610365	0	1	61498	1	0	next	other	0
SEE_05_64_FR	969	Sound	low042b	25610365	0	2			0		other	0
SEE_05_64_FR	970	Picture	500+	25671863	0	1	5167	1	0	5000	other	0
SEE_05_64_FR	971	Picture	low_O192	25677030	0	1	30166	1	0	30000	other	0
SEE_05_64_FR	972	Picture	+	25707362	0	1	20166	1	0	42680	other	0
SEE_05_64_FR	973	Picture	low_L072	25727528	0	1	30166	1	0	30000	other	0
SEE_05_64_FR	974	Picture	+	25757861	0	1	20166	1	0	39490	other	0
SEE_05_64_FR	975	Picture	hi_O105	25778027	0	1	30166	1	0	30000	other	0
SEE_05_64_FR	976	Picture	+	25808360	0	1	77498	1	0	next	other	0
SEE_05_64_FR	977	Sound	hi241a	25828360	0	1			0		other	0
SEE_05_64_FR	978	Picture	500+	25885858	0	1	5167	1	0	5000	other	0
SEE_05_64_FR	979	Picture	hi_L177	25891024	0	1	30166	1	0	30000	other	0
SEE_05_64_FR	980	Picture	+	25921190	0	1	68665	1	0	next	other	0
SEE_05_64_FR	981	Sound	hi241b	25921191	0	1			0		other	0
SEE_05_64_FR	982	Picture	500+	25989855	0	1	5167	1	0	5000	other	0
SEE_05_64_FR	983	Picture	low_F079	25995188	0	1	30166	1	0	30000	other	0
SEE_05_64_FR	984	Picture	+	26025521	0	1	20166	1	0	31490	other	0
SEE_05_64_FR	985	Picture	hi_A012	26045687	0	1	30166	1	0	30000	other	0
SEE_05_64_FR	986	Picture	+	26076020	0	1	20166	1	0	34760	other	0
SEE_05_64_FR	987	Picture	low_P176	26096186	0	1	30166	1	0	30000	other	0
SEE_05_64_FR	988	Picture	+	26126518	0	1	83165	1	0	next	other	0
SEE_05_64_FR	989	Sound	low275a	26146519	0	1			0		other	0
SEE_05_64_FR	990	Picture	500+	26209683	0	1	5167	1	0	5000	other	0
SEE_05_64_FR	991	Picture	hi_P217	26215016	0	1	30166	1	0	30000	other	0
SEE_05_64_FR	992	Picture	+	26245182	0	1	64498	1	0	next	other	0
SEE_05_64_FR	993	Sound	low275b	26245183	0	2			0		other	0
SEE_05_64_FR	994	Picture	500+	26309681	0	1	5167	1	0	5000	other	0
SEE_05_64_FR	995	Picture	low_F121	26314847	0	1	30166	1	0	30000	other	0
SEE_05_64_FR	996	Picture	+	26345180	0	1	20166	1	0	35840	other	0
SEE_05_64_FR	997	Picture	low_L064	26365346	0	1	30166	1	0	30000	other	0
SEE_05_64_FR	998	Picture	+	26395678	0	1	20166	1	0	41210	other	0
SEE_05_64_FR	999	Picture	hi_F152	26415845	0	1	30166	1	0	30000	other	0
SEE_05_64_FR	1000	Picture	+	26446177	0	1	87665	1	0	next	other	0
SEE_05_64_FR	1001	Sound	hi142a	26466178	0	1			0		other	0
SEE_05_64_FR	1002	Picture	500+	26533842	0	1	5167	1	0	5000	other	0
SEE_05_64_FR	1003	Picture	low_O220	26539008	0	1	30166	1	0	30000	other	0
SEE_05_64_FR	1004	Picture	+	26569174	0	1	63332	1	0	next	other	0
SEE_05_64_FR	1005	Sound	hi142b	26569175	0	1			0		other	0
SEE_05_64_FR	1006	Picture	500+	26632506	0	1	5167	1	0	5000	other	0
SEE_05_64_FR	1007	Picture	hi_A143	26637672	0	1	30166	1	0	30000	other	0
SEE_05_64_FR	1008	Picture	+	26668005	0	1	20166	1	0	41650	other	0
SEE_05_64_FR	1009	Picture	hi_P133	26688171	0	1	30166	1	0	30000	other	0
SEE_05_64_FR	1010	Picture	+	26718504	0	1	20166	1	0	31250	other	0
SEE_05_64_FR	1011	Picture	low_F047	26738670	0	1	30166	1	0	30000	other	0
SEE_05_64_FR	1012	Picture	+	26769003	0	1	86665	1	0	next	other	0
SEE_05_64_FR	1013	Sound	low283a	26789003	0	1			0		other	0
SEE_05_64_FR	1014	Picture	500+	26855667	0	1	5166	1	0	5000	other	0
SEE_05_64_FR	1015	Picture	low_F333	26860834	0	1	30166	1	0	30000	other	0
SEE_05_64_FR	1016	Picture	+	26891166	0	1	61832	1	0	next	other	0
SEE_05_64_FR	1017	Sound	low283b	26891167	0	1			0		other	0
SEE_05_64_FR	1018	Picture	500+	26952998	0	1	5167	1	0	5000	other	0
SEE_05_64_FR	1019	Picture	hi_F007	26958164	0	1	30166	1	0	30000	other	0
SEE_05_64_FR	1020	Picture	+	26988497	0	1	20166	1	0	31280	other	0
SEE_05_64_FR	1021	Picture	low_L127	27008663	0	1	30166	1	0	30000	other	0
SEE_05_64_FR	1022	Picture	+	27038996	0	1	20166	1	0	31740	other	0
SEE_05_64_FR	1023	Picture	hi_A221	27059162	0	1	30166	1	0	30000	other	0
SEE_05_64_FR	1024	Picture	+	27089495	0	1	75498	1	0	next	other	0
SEE_05_64_FR	1025	Sound	low032a	27109495	0	1			0		other	0
SEE_05_64_FR	1026	Picture	500+	27164993	0	1	5167	1	0	5000	other	0
SEE_05_64_FR	1027	Picture	low_L174	27170326	0	1	30166	1	0	30000	other	0
SEE_05_64_FR	1028	Picture	+	27200492	0	1	60165	1	0	next	other	0
SEE_05_64_FR	1029	Sound	low032b	27200492	0	1			0		other	0
SEE_05_64_FR	1030	Picture	500+	27260657	0	1	5167	1	0	5000	other	0
SEE_05_64_FR	1031	Picture	hi_F298	27265990	0	1	30166	1	0	30000	other	0
SEE_05_64_FR	1032	Picture	+	27296323	0	1	20166	1	0	40520	other	0
SEE_05_64_FR	1033	Picture	low_P116	27316489	0	1	30166	1	0	30000	other	0
SEE_05_64_FR	1034	Picture	+	27346822	0	1	20166	1	0	44670	other	0
SEE_05_64_FR	1035	Picture	hi_P040	27366988	0	1	30166	1	0	30000	other	0
SEE_05_64_FR	1036	Picture	+	27397320	0	1	85331	1	0	next	other	0
SEE_05_64_FR	1037	Sound	low272a	27417321	0	1			0		other	0
SEE_05_64_FR	1038	Picture	500+	27482652	0	1	5167	1	0	5000	other	0
SEE_05_64_FR	1039	Picture	hi_F034	27487818	0	1	30166	1	0	30000	other	0
SEE_05_64_FR	1040	Picture	+	27517984	0	1	55165	1	0	next	other	0
SEE_05_64_FR	1041	Sound	low272b	27517985	0	1			0		other	0
SEE_05_64_FR	1042	Picture	500+	27573149	0	1	5167	1	0	5000	other	0
SEE_05_64_FR	1043	Picture	low_A184	27578482	0	1	30166	1	0	30000	other	0
SEE_05_64_FR	1044	Picture	+	27608815	0	1	20166	1	0	44260	other	0
SEE_05_64_FR	1045	Picture	hi_P125	27628981	0	1	30166	1	0	30000	other	0
SEE_05_64_FR	1046	Picture	+	27659314	0	1	20166	1	0	34500	other	0
SEE_05_64_FR	1047	Picture	low_P110	27679480	0	1	30166	1	0	30000	other	0
SEE_05_64_FR	1048	Picture	+	27709813	0	1	83831	1	0	next	other	0
SEE_05_64_FR	1049	Sound	hi314a	27729813	0	1			0		other	0
SEE_05_64_FR	1050	Picture	500+	27793644	0	1	5167	1	0	5000	other	0
SEE_05_64_FR	1051	Picture	hi_O006	27798810	0	1	30166	1	0	30000	other	0
SEE_05_64_FR	1052	Picture	+	27828976	0	1	69665	1	0	next	other	0
SEE_05_64_FR	1053	Sound	hi314b	27828977	0	1			0		other	0
SEE_05_64_FR	1054	Picture	500+	27898641	0	1	5167	1	0	5000	other	0
SEE_05_64_FR	1055	Picture	low_A128	27903808	0	1	30166	1	0	30000	other	0
SEE_05_64_FR	1056	Picture	+	27934140	0	1	20166	1	0	43320	other	0
SEE_05_64_FR	1057	Picture	hi_F284	27954306	0	1	30166	1	0	30000	other	0
SEE_05_64_FR	1058	Picture	+	27984639	0	1	20166	1	0	43890	other	0
SEE_05_64_FR	1059	Picture	low_O043	28004805	0	1	30166	1	0	30000	other	0
SEE_05_64_FR	1060	Picture	+	28035138	0	1	83665	1	0	next	other	0
SEE_05_64_FR	1061	Sound	hi214a	28055139	0	2			0		other	0
SEE_05_64_FR	1062	Picture	500+	28118802	0	1	5167	1	0	5000	other	0
SEE_05_64_FR	1063	Picture	low_L125	28123969	0	1	30166	1	0	30000	other	0
SEE_05_64_FR	1064	Picture	+	28154135	0	1	65665	1	0	next	other	0
SEE_05_64_FR	1065	Sound	hi214b	28154135	0	1			0		other	0
SEE_05_64_FR	1066	Picture	500+	28219800	0	1	5167	1	0	5000	other	0
SEE_05_64_FR	1067	Picture	hi_P018	28224966	0	1	30166	1	0	30000	other	0
SEE_05_64_FR	1068	Picture	+	28255299	0	1	20166	1	0	44470	other	0
SEE_05_64_FR	1069	Picture	low_L065	28275465	0	1	30166	1	0	30000	other	0
SEE_05_64_FR	1070	Picture	+	28305798	0	1	20166	1	0	30490	other	0
SEE_05_64_FR	1071	Picture	hi_F172	28325964	0	1	30166	1	0	30000	other	0
SEE_05_64_FR	1072	Picture	+	28356296	0	1	75831	1	0	next	other	0
SEE_05_64_FR	1073	Sound	hi245a	28376297	0	1			0		other	0
SEE_05_64_FR	1074	Picture	500+	28432128	0	1	5167	1	0	5000	other	0
SEE_05_64_FR	1075	Picture	low_A095	28437295	0	1	30166	1	0	30000	other	0
SEE_05_64_FR	1076	Picture	+	28467460	0	1	67332	1	0	next	other	0
SEE_05_64_FR	1077	Sound	hi245b	28467461	0	1			0		other	0
SEE_05_64_FR	1078	Picture	500+	28534792	0	1	5167	1	0	5000	other	0
SEE_05_64_FR	1079	Picture	hi_A045	28539959	0	1	30166	1	0	30000	other	0
SEE_05_64_FR	1080	Picture	+	28570291	0	1	20166	1	0	35610	other	0
SEE_05_64_FR	1081	Picture	hi_A020	28590457	0	1	30166	1	0	30000	other	0
SEE_05_64_FR	1082	Picture	+	28620790	0	1	20166	1	0	41070	other	0
SEE_05_64_FR	1083	Picture	low_A132	28640956	0	1	30166	1	0	30000	other	0
SEE_05_64_FR	1084	Picture	+	28671289	0	1	87998	1	0	next	other	0
SEE_05_64_FR	1085	Sound	low171a	28691289	0	1			0		other	0
SEE_05_64_FR	1086	Picture	500+	28759286	0	1	5167	1	0	5000	other	0
SEE_05_64_FR	1087	Picture	hi_L022	28764453	0	1	30166	1	0	30000	other	0
SEE_05_64_FR	1088	Picture	+	28794619	0	1	61332	1	0	next	other	0
SEE_05_64_FR	1089	Sound	low171b	28794620	0	1			0		other	0
SEE_05_64_FR	1090	Picture	500+	28855951	0	1	5167	1	0	5000	other	0
SEE_05_64_FR	1091	Picture	low_A114	28861117	0	1	30166	1	0	30000	other	0
SEE_05_64_FR	1092	Picture	+	28891450	0	1	20166	1	0	32360	other	0
SEE_05_64_FR	1093	Picture	low_L046	28911616	0	1	30166	1	0	30000	other	0
SEE_05_64_FR	1094	Picture	+	28941949	0	1	20166	1	0	38110	other	0
SEE_05_64_FR	1095	Picture	hi_P010	28962115	0	1	30166	1	0	30000	other	0
SEE_05_64_FR	1096	Picture	+	28992447	0	1	78665	1	0	next	other	0
SEE_05_64_FR	1097	Sound	hi243a	29012448	0	1			0		other	0
SEE_05_64_FR	1098	Picture	500+	29071112	0	1	5167	1	0	5000	other	0
SEE_05_64_FR	1099	Picture	low_A219	29076279	0	1	30166	1	0	30000	other	0
SEE_05_64_FR	1100	Picture	+	29106445	0	1	68165	1	0	next	other	0
SEE_05_64_FR	1101	Sound	hi243b	29106445	0	1			0		other	0
SEE_05_64_FR	1102	Picture	500+	29174610	0	1	5167	1	0	5000	other	0
SEE_05_64_FR	1103	Picture	hi_A001	29179943	0	1	30166	1	0	30000	other	0
SEE_05_64_FR	1104	Picture	+	29210275	0	1	20166	1	0	41650	other	0
SEE_05_64_FR	1105	Picture	low_P109	29230441	0	1	30166	1	0	30000	other	0
SEE_05_64_FR	1106	Picture	+	29260774	0	1	20166	1	0	38360	other	0
SEE_05_64_FR	1107	Picture	hi_P021	29280940	0	1	30166	1	0	30000	other	0
SEE_05_64_FR	1108	Picture	+	29311273	0	1	83665	1	0	next	other	0
SEE_05_64_FR	1109	Sound	low282a	29331274	0	2			0		other	0
SEE_05_64_FR	1110	Picture	500+	29394937	0	1	5167	1	0	5000	other	0
SEE_05_64_FR	1111	Picture	hi_P200	29400104	0	1	30166	1	0	30000	other	0
SEE_05_64_FR	1112	Picture	+	29430437	0	1	58499	1	0	next	other	0
SEE_05_64_FR	1113	Sound	low282b	29430437	0	1			0		other	0
SEE_05_64_FR	1114	Picture	500+	29488935	0	1	5167	1	0	5000	other	0
SEE_05_64_FR	1115	Picture	low_F056	29494102	0	1	30166	1	0	30000	other	0
SEE_05_64_FR	1116	Picture	+	29524434	0	1	20166	1	0	42970	other	0
SEE_05_64_FR	1117	Picture	low_F123	29544600	0	1	30166	1	0	30000	other	0
SEE_05_64_FR	1118	Picture	+	29574933	0	1	20166	1	0	38010	other	0
SEE_05_64_FR	1119	Picture	hi_A061	29595099	0	1	30166	1	0	30000	other	0
SEE_05_64_FR	1120	Picture	+	29625432	0	1	89664	1	0	next	other	0
SEE_05_64_FR	1121	Sound	low088a	29645433	0	1			0		other	0
SEE_05_64_FR	1122	Picture	500+	29715096	0	1	5167	1	0	5000	other	0
SEE_05_64_FR	1123	Picture	hi_P029	29720429	0	1	30166	1	0	30000	other	0
SEE_05_64_FR	1124	Picture	+	29750762	0	1	64998	1	0	next	other	0
SEE_05_64_FR	1125	Sound	low088b	29750762	0	1			0		other	0
SEE_05_64_FR	1126	Picture	500+	29815760	0	1	5167	1	0	5000	other	0
SEE_05_64_FR	1127	Picture	low_L107	29820927	0	1	30166	1	0	30000	other	0
SEE_05_64_FR	1128	Picture	+	29851259	0	1	20166	1	0	41660	other	0
SEE_05_64_FR	1129	Picture	hi_F290	29871426	0	1	30166	1	0	30000	other	0
SEE_05_64_FR	1130	Picture	+	29901758	0	1	20166	1	0	41310	other	0
SEE_05_64_FR	1131	Picture	low_L124	29921924	0	1	30166	1	0	30000	other	0
SEE_05_64_FR	1132	Picture	+	29952257	0	1	77665	1	0	next	other	0
SEE_05_64_FR	1133	Sound	low276a	29972258	0	1			0		other	0
SEE_05_64_FR	1134	Picture	500+	30029922	0	1	5167	1	0	5000	other	0
SEE_05_64_FR	1135	Picture	low_A136	30035088	0	1	30166	1	0	30000	other	0
SEE_05_64_FR	1136	Picture	+	30065254	0	1	63332	1	0	next	other	0
SEE_05_64_FR	1137	Sound	low276b	30065255	0	1			0		other	0
SEE_05_64_FR	1138	Picture	500+	30128586	0	1	5167	1	0	5000	other	0
SEE_05_64_FR	1139	Picture	hi_F018	30133752	0	1	30166	1	0	30000	other	0
SEE_05_64_FR	1140	Picture	+	30164085	0	1	20166	1	0	31880	other	0
SEE_05_64_FR	1141	Picture	low_L075	30184251	0	1	30166	1	0	30000	other	0
SEE_05_64_FR	1142	Picture	+	30214584	0	1	20166	1	0	39240	other	0
SEE_05_64_FR	1143	Picture	hi_A063	30234750	0	1	30166	1	0	30000	other	0
SEE_05_64_FR	1144	Picture	+	30265082	0	1	85998	1	0	next	other	0
SEE_05_64_FR	1145	Sound	low344a	30285083	0	1			0		other	0
SEE_05_64_FR	1146	Picture	500+	30351080	0	1	5167	1	0	5000	other	0
SEE_05_64_FR	1147	Picture	low_A159	30356247	0	1	30166	1	0	30000	other	0
SEE_05_64_FR	1148	Picture	+	30386413	0	1	60665	1	0	next	other	0
SEE_05_64_FR	1149	Sound	low344b	30386413	0	1			0		other	0
SEE_05_64_FR	1150	Picture	500+	30447078	0	1	5167	1	0	5000	other	0
SEE_05_64_FR	1151	Picture	hi_A007	30452245	0	1	30166	1	0	30000	other	0
SEE_05_64_FR	1152	Picture	+	30482577	0	1	20166	1	0	34570	other	0
SEE_05_64_FR	1153	Picture	low_L153	30502743	0	1	30166	1	0	30000	other	0
SEE_05_64_FR	1154	Picture	+	30533076	0	1	20166	1	0	40410	other	0
SEE_05_64_FR	1155	Picture	hi_F013	30553242	0	1	30166	1	0	30000	other	0
SEE_05_64_FR	1156	Picture	+	30583575	0	1	87498	1	0	next	other	0
SEE_05_64_FR	1157	Sound	hi128a	30603575	0	1			0		other	0
SEE_05_64_FR	1158	Picture	500+	30671072	0	1	5167	1	0	5000	other	0
SEE_05_64_FR	1159	Picture	hi_A062	30676239	0	1	30166	1	0	30000	other	0
SEE_05_64_FR	1160	Picture	+	30706405	0	1	57499	1	0	next	other	0
SEE_05_64_FR	1161	Sound	hi128b	30706405	0	1			0		other	0
SEE_05_64_FR	1162	Picture	500+	30763903	0	1	5167	1	0	5000	other	0
SEE_05_64_FR	1163	Picture	low_F052	30769237	0	1	30166	1	0	30000	other	0
SEE_05_64_FR	1164	Picture	+	30799569	0	1	20166	1	0	40270	other	0
SEE_05_64_FR	1165	Picture	hi_P058	30819735	0	1	30166	1	0	30000	other	0
SEE_05_64_FR	1166	Picture	+	30850068	0	1	20166	1	0	42090	other	0
SEE_05_64_FR	1167	Picture	low_F244	30870234	0	1	30166	1	0	30000	other	0
SEE_05_64_FR	1168	Picture	+	30900567	0	1	77331	1	0	next	other	0
SEE_05_64_FR	1169	Sound	hi202a	30920567	0	1			0		other	0
SEE_05_64_FR	1170	Picture	500+	30977898	0	1	5167	1	0	5000	other	0
SEE_05_64_FR	1171	Picture	low_L083	30983231	0	1	30166	1	0	30000	other	0
SEE_05_64_FR	1172	Picture	+	31013397	0	1	63498	1	0	next	other	0
SEE_05_64_FR	1173	Sound	hi202b	31013398	0	1			0		other	0
SEE_05_64_FR	1174	Picture	500+	31076896	0	1	5167	1	0	5000	other	0
SEE_05_64_FR	1175	Picture	hi_P225	31082229	0	1	30166	1	0	30000	other	0
SEE_05_64_FR	1176	Picture	+	31112561	0	1	20166	1	0	30860	other	0
SEE_05_64_FR	1177	Picture	hi_O285	31132728	0	1	30166	1	0	30000	other	0
SEE_05_64_FR	1178	Picture	+	31163060	0	1	20166	1	0	41960	other	0
SEE_05_64_FR	1179	Picture	low_F061	31183226	0	1	30166	1	0	30000	other	0
SEE_05_64_FR	1180	Picture	+	31213559	0	1	75498	1	0	next	other	0
SEE_05_64_FR	1181	Sound	hi009a	31233560	0	1			0		other	0
SEE_05_64_FR	1182	Picture	500+	31289057	0	1	5167	1	0	5000	other	0
SEE_05_64_FR	1183	Picture	hi_P123	31294224	0	1	30166	1	0	30000	other	0
SEE_05_64_FR	1184	Picture	+	31324390	0	1	60498	1	0	next	other	0
SEE_05_64_FR	1185	Sound	hi009b	31324390	0	1			0		other	0
SEE_05_64_FR	1186	Picture	500+	31384888	0	1	5167	1	0	5000	other	0
SEE_05_64_FR	1187	Picture	low_L172	31390055	0	1	30166	1	0	30000	other	0
SEE_05_64_FR	1188	Picture	+	31420387	0	1	20166	1	0	30630	other	0
SEE_05_64_FR	1189	Picture	low_A099	31440553	0	1	30166	1	0	30000	other	0
SEE_05_64_FR	1190	Picture	+	31470886	0	1	20166	1	0	36110	other	0
SEE_05_64_FR	1191	Picture	hi_F321	31491052	0	1	30166	1	0	30000	other	0
SEE_05_64_FR	1192	Picture	+	31521385	0	1	89331	1	0	next	other	0
SEE_05_64_FR	1193	Sound	low049a	31541386	0	2			0		other	0
SEE_05_64_FR	1194	Picture	500+	31610716	0	1	5167	1	0	5000	other	0
SEE_05_64_FR	1195	Picture	hi_F164	31615882	0	1	30166	1	0	30000	other	0
SEE_05_64_FR	1196	Picture	+	31646215	0	1	55999	1	0	next	other	0
SEE_05_64_FR	1197	Sound	low049b	31646215	0	2			0		other	0
SEE_05_64_FR	1198	Picture	500+	31702213	0	1	5166	1	0	5000	other	0
SEE_05_64_FR	1199	Picture	low_O099	31707547	0	1	30166	1	0	30000	other	0
SEE_05_64_FR	1200	Picture	+	31737879	0	1	20166	1	0	38960	other	0
SEE_05_64_FR	1201	Picture	hi_P016	31758045	0	1	30166	1	0	30000	other	0
SEE_05_64_FR	1202	Picture	+	31788378	0	1	20166	1	0	35490	other	0
SEE_05_64_FR	1203	Picture	low_O190	31808544	0	1	30166	1	0	30000	other	0
SEE_05_64_FR	1204	Picture	+	31838877	0	1	20166	1	0	next	other	0
