Scenario - 
Logfile written - 04/03/2016 12:06:04

Subject	Trial	Event Type	Code	Time	TTime	Uncertainty	Duration	Uncertainty	ReqTime	ReqDur	Stim Type	Pair Index

SEE_09_64_MR	1	Response	0	1271372	1271222	1
SEE_09_64_MR	4	Picture	+	1311792	0	1	69998	1	0	next	other	0
SEE_09_64_MR	5	Sound	low089a	1311793	0	1			0		other	0
SEE_09_64_MR	6	Picture	500+	1381789	0	1	5167	1	0	5000	other	0
SEE_09_64_MR	7	Picture	low_A136	1386956	0	1	30166	1	0	30000	other	0
SEE_09_64_MR	8	Picture	+	1417288	0	1	65498	1	0	next	other	0
SEE_09_64_MR	9	Sound	low089b	1417289	0	1			0		other	0
SEE_09_64_MR	10	Picture	500+	1482786	0	1	5166	1	0	5000	other	0
SEE_09_64_MR	11	Picture	hi_P233	1487953	0	1	30166	1	0	30000	other	0
SEE_09_64_MR	12	Picture	+	1518285	0	1	20166	1	0	30700	other	0
SEE_09_64_MR	13	Picture	low_O190	1538451	0	1	30166	1	0	30000	other	0
SEE_09_64_MR	14	Picture	+	1568784	0	1	20166	1	0	31030	other	0
SEE_09_64_MR	15	Picture	hi_A018	1588950	0	1	30166	1	0	30000	other	0
SEE_09_64_MR	16	Picture	+	1619282	0	1	76498	1	0	next	other	0
SEE_09_64_MR	17	Sound	hi253a	1639283	0	1			0		other	0
SEE_09_64_MR	18	Picture	500+	1695780	0	1	5166	1	0	5000	other	0
SEE_09_64_MR	19	Picture	low_P044	1700946	0	1	30166	1	0	30000	other	0
SEE_09_64_MR	20	Picture	+	1731112	0	1	67831	1	0	next	other	0
SEE_09_64_MR	21	Sound	hi253b	1731112	0	1			0		other	0
SEE_09_64_MR	22	Picture	500+	1798943	0	1	5166	1	0	5000	other	0
SEE_09_64_MR	23	Picture	hi_P140	1804109	0	1	30166	1	0	30000	other	0
SEE_09_64_MR	24	Picture	+	1834442	0	1	20166	1	0	43350	other	0
SEE_09_64_MR	25	Picture	low_A139	1854608	0	1	30166	1	0	30000	other	0
SEE_09_64_MR	26	Picture	+	1884940	0	1	20166	1	0	43950	other	0
SEE_09_64_MR	27	Picture	hi_P225	1905106	0	1	30166	1	0	30000	other	0
SEE_09_64_MR	28	Picture	+	1935439	0	1	81497	1	0	next	other	0
SEE_09_64_MR	29	Sound	low057a	1955439	0	1			0		other	0
SEE_09_64_MR	30	Picture	500+	2016936	0	1	5167	1	0	5000	other	0
SEE_09_64_MR	31	Picture	low_F224	2022103	0	1	30166	1	0	30000	other	0
SEE_09_64_MR	32	Picture	+	2052268	0	1	68165	1	0	next	other	0
SEE_09_64_MR	33	Sound	low057b	2052269	0	1			0		other	0
SEE_09_64_MR	34	Picture	500+	2120433	0	1	5166	1	0	5000	other	0
SEE_09_64_MR	35	Picture	hi_A007	2125766	0	1	30166	1	0	30000	other	0
SEE_09_64_MR	36	Picture	+	2156098	0	1	20166	1	0	32600	other	0
SEE_09_64_MR	37	Picture	low_A182	2176264	0	1	30166	1	0	30000	other	0
SEE_09_64_MR	38	Picture	+	2206597	0	1	20166	1	0	31160	other	0
SEE_09_64_MR	39	Picture	hi_P226	2226763	0	1	30166	1	0	30000	other	0
SEE_09_64_MR	40	Picture	+	2257095	0	1	88664	1	0	next	other	0
SEE_09_64_MR	41	Sound	low330a	2277096	0	1			0		other	0
SEE_09_64_MR	42	Picture	500+	2345759	0	1	5167	1	0	5000	other	0
SEE_09_64_MR	43	Picture	hi_F013	2350926	0	1	30166	1	0	30000	other	0
SEE_09_64_MR	44	Picture	+	2381091	0	1	58498	1	0	next	other	0
SEE_09_64_MR	45	Sound	low330b	2381092	0	1			0		other	0
SEE_09_64_MR	46	Picture	500+	2439590	0	1	5167	1	0	5000	other	0
SEE_09_64_MR	47	Picture	low_F056	2444756	0	1	30166	1	0	30000	other	0
SEE_09_64_MR	48	Picture	+	2475088	0	1	20166	1	0	34100	other	0
SEE_09_64_MR	49	Picture	low_F047	2495254	0	1	30166	1	0	30000	other	0
SEE_09_64_MR	50	Picture	+	2525587	0	1	20166	1	0	44110	other	0
SEE_09_64_MR	51	Picture	hi_F298	2545753	0	1	30166	1	0	30000	other	0
SEE_09_64_MR	52	Picture	+	2576085	0	1	77998	1	0	next	other	0
SEE_09_64_MR	53	Sound	low345a	2596086	0	1			0		other	0
SEE_09_64_MR	54	Picture	500+	2654083	0	1	5166	1	0	5000	other	0
SEE_09_64_MR	55	Picture	low_F052	2659249	0	1	30166	1	0	30000	other	0
SEE_09_64_MR	56	Picture	+	2689415	0	1	63665	1	0	next	other	0
SEE_09_64_MR	57	Sound	low345b	2689416	0	1			0		other	0
SEE_09_64_MR	58	Picture	500+	2753080	0	1	5166	1	0	5000	other	0
SEE_09_64_MR	59	Picture	hi_P212	2758246	0	1	30166	1	0	30000	other	0
SEE_09_64_MR	60	Picture	+	2788579	0	1	20166	1	0	44890	other	0
SEE_09_64_MR	61	Picture	low_L018	2808745	0	1	30166	1	0	30000	other	0
SEE_09_64_MR	62	Picture	+	2839077	0	1	20166	1	0	35710	other	0
SEE_09_64_MR	63	Picture	hi_P003	2859243	0	1	30166	1	0	30000	other	0
SEE_09_64_MR	64	Picture	+	2889575	0	1	77664	1	0	next	other	0
SEE_09_64_MR	65	Sound	hi009a	2909576	0	1			0		other	0
SEE_09_64_MR	66	Picture	500+	2967240	0	1	5166	1	0	5000	other	0
SEE_09_64_MR	67	Picture	hi_A013	2972406	0	1	30166	1	0	30000	other	0
SEE_09_64_MR	68	Picture	+	3002572	0	1	63165	1	0	next	other	0
SEE_09_64_MR	69	Sound	hi009b	3002573	0	1			0		other	0
SEE_09_64_MR	70	Picture	500+	3065737	0	1	5166	1	0	5000	other	0
SEE_09_64_MR	71	Picture	low_F125	3070903	0	1	30166	1	0	30000	other	0
SEE_09_64_MR	72	Picture	+	3101235	0	1	20166	1	0	30380	other	0
SEE_09_64_MR	73	Picture	low_L009	3121401	0	1	30166	1	0	30000	other	0
SEE_09_64_MR	74	Picture	+	3151734	0	1	20166	1	0	41680	other	0
SEE_09_64_MR	75	Picture	hi_F295	3171900	0	1	30166	1	0	30000	other	0
SEE_09_64_MR	76	Picture	+	3202232	0	1	79164	1	0	next	other	0
SEE_09_64_MR	77	Sound	low088a	3222233	0	1			0		other	0
SEE_09_64_MR	78	Picture	500+	3281396	0	1	5167	1	0	5000	other	0
SEE_09_64_MR	79	Picture	low_L137	3286730	0	1	30166	1	0	30000	other	0
SEE_09_64_MR	80	Picture	+	3317062	0	1	55332	1	0	next	other	0
SEE_09_64_MR	81	Sound	low088b	3317063	0	1			0		other	0
SEE_09_64_MR	82	Picture	500+	3372394	0	1	5166	1	0	5000	other	0
SEE_09_64_MR	83	Picture	hi_F025	3377560	0	1	30166	1	0	30000	other	0
SEE_09_64_MR	84	Picture	+	3407893	0	1	20166	1	0	40860	other	0
SEE_09_64_MR	85	Picture	hi_P010	3428059	0	1	30166	1	0	30000	other	0
SEE_09_64_MR	86	Picture	+	3458391	0	1	20166	1	0	34040	other	0
SEE_09_64_MR	87	Picture	low_L157	3478557	0	1	30166	1	0	30000	other	0
SEE_09_64_MR	88	Picture	+	3508889	0	1	76331	1	0	next	other	0
SEE_09_64_MR	89	Sound	hi012a	3528890	0	1			0		other	0
SEE_09_64_MR	90	Picture	500+	3585220	0	1	5167	1	0	5000	other	0
SEE_09_64_MR	91	Picture	low_L085	3590387	0	1	30166	1	0	30000	other	0
SEE_09_64_MR	92	Picture	+	3620553	0	1	63998	1	0	next	other	0
SEE_09_64_MR	93	Sound	hi012b	3620553	0	1			0		other	0
SEE_09_64_MR	94	Picture	500+	3684551	0	1	5166	1	0	5000	other	0
SEE_09_64_MR	95	Picture	hi_F270	3689717	0	1	30166	1	0	30000	other	0
SEE_09_64_MR	96	Picture	+	3720049	0	1	20166	1	0	31420	other	0
SEE_09_64_MR	97	Picture	low_P138	3740215	0	1	30166	1	0	30000	other	0
SEE_09_64_MR	98	Picture	+	3770548	0	1	20166	1	0	33090	other	0
SEE_09_64_MR	99	Picture	hi_P028	3790714	0	1	30166	1	0	30000	other	0
SEE_09_64_MR	100	Picture	+	3821046	0	1	85997	1	0	next	other	0
SEE_09_64_MR	101	Sound	low031a	3841047	0	1			0		other	0
SEE_09_64_MR	102	Picture	500+	3907044	0	1	5167	1	0	5000	other	0
SEE_09_64_MR	103	Picture	low_F061	3912377	0	1	30166	1	0	30000	other	0
SEE_09_64_MR	104	Picture	+	3942542	0	1	56998	1	0	next	other	0
SEE_09_64_MR	105	Sound	low031b	3942543	0	1			0		other	0
SEE_09_64_MR	106	Picture	500+	3999541	0	1	5166	1	0	5000	other	0
SEE_09_64_MR	107	Picture	hi_P240	4004707	0	1	30166	1	0	30000	other	0
SEE_09_64_MR	108	Picture	+	4035040	0	1	20166	1	0	35470	other	0
SEE_09_64_MR	109	Picture	low_O325	4055206	0	1	30166	1	0	30000	other	0
SEE_09_64_MR	110	Picture	+	4085538	0	1	20166	1	0	32610	other	0
SEE_09_64_MR	111	Picture	hi_L022	4105704	0	1	30166	1	0	30000	other	0
SEE_09_64_MR	112	Picture	+	4136036	0	1	75664	1	0	next	other	0
SEE_09_64_MR	113	Sound	hi202a	4156037	0	1			0		other	0
SEE_09_64_MR	114	Picture	500+	4211701	0	1	5167	1	0	5000	other	0
SEE_09_64_MR	115	Picture	low_L154	4217034	0	1	30166	1	0	30000	other	0
SEE_09_64_MR	116	Picture	+	4247366	0	1	65665	1	0	next	other	0
SEE_09_64_MR	117	Sound	hi202b	4247367	0	2			0		other	0
SEE_09_64_MR	118	Picture	500+	4313031	0	1	5167	1	0	5000	other	0
SEE_09_64_MR	119	Picture	hi_A071	4318197	0	1	30166	1	0	30000	other	0
SEE_09_64_MR	120	Picture	+	4348530	0	1	20166	1	0	31720	other	0
SEE_09_64_MR	121	Picture	hi_P221	4368696	0	1	30166	1	0	30000	other	0
SEE_09_64_MR	122	Picture	+	4399028	0	1	20166	1	0	37680	other	0
SEE_09_64_MR	123	Picture	low_L038	4419194	0	1	30166	1	0	30000	other	0
SEE_09_64_MR	124	Picture	+	4449527	0	1	83997	1	0	next	other	0
SEE_09_64_MR	125	Sound	low024a	4469527	0	1			0		other	0
SEE_09_64_MR	126	Picture	500+	4533524	0	1	5166	1	0	5000	other	0
SEE_09_64_MR	127	Picture	hi_P007	4538857	0	1	30166	1	0	30000	other	0
SEE_09_64_MR	128	Picture	+	4569023	0	1	68498	1	0	next	other	0
SEE_09_64_MR	129	Sound	low024b	4569023	0	1			0		other	0
SEE_09_64_MR	130	Picture	500+	4637521	0	1	5166	1	0	5000	other	0
SEE_09_64_MR	131	Picture	low_L179	4642687	0	1	30166	1	0	30000	other	0
SEE_09_64_MR	132	Picture	+	4673020	0	1	20166	1	0	39810	other	0
SEE_09_64_MR	133	Picture	hi_F284	4693186	0	1	30166	1	0	30000	other	0
SEE_09_64_MR	134	Picture	+	4723518	0	1	20166	1	0	39350	other	0
SEE_09_64_MR	135	Picture	low_L178	4743684	0	1	30166	1	0	30000	other	0
SEE_09_64_MR	136	Picture	+	4774016	0	1	80164	1	0	next	other	0
SEE_09_64_MR	137	Sound	hi097a	4794017	0	1			0		other	0
SEE_09_64_MR	138	Picture	500+	4854181	0	1	5166	1	0	5000	other	0
SEE_09_64_MR	139	Picture	low_F123	4859347	0	1	30166	1	0	30000	other	0
SEE_09_64_MR	140	Picture	+	4889513	0	1	60665	1	0	next	other	0
SEE_09_64_MR	141	Sound	hi097b	4889513	0	1			0		other	0
SEE_09_64_MR	142	Picture	500+	4950178	0	1	5167	1	0	5000	other	0
SEE_09_64_MR	143	Picture	hi_F038	4955344	0	1	30166	1	0	30000	other	0
SEE_09_64_MR	144	Picture	+	4985677	0	1	20166	1	0	42630	other	0
SEE_09_64_MR	145	Picture	low_A221	5005843	0	1	30166	1	0	30000	other	0
SEE_09_64_MR	146	Picture	+	5036175	0	1	20166	1	0	43980	other	0
SEE_09_64_MR	147	Picture	hi_P040	5056341	0	1	30166	1	0	30000	other	0
SEE_09_64_MR	148	Picture	+	5086673	0	1	83997	1	0	next	other	0
SEE_09_64_MR	149	Sound	hi247a	5106674	0	2			0		other	0
SEE_09_64_MR	150	Picture	500+	5170671	0	1	5167	1	0	5000	other	0
SEE_09_64_MR	151	Picture	low_L117	5175837	0	1	30166	1	0	30000	other	0
SEE_09_64_MR	152	Picture	+	5206003	0	1	66998	1	0	next	other	0
SEE_09_64_MR	153	Sound	hi247b	5206004	0	1			0		other	0
SEE_09_64_MR	154	Picture	500+	5273001	0	1	5166	1	0	5000	other	0
SEE_09_64_MR	155	Picture	hi_O022	5278167	0	1	30166	1	0	30000	other	0
SEE_09_64_MR	156	Picture	+	5308500	0	1	20166	1	0	43010	other	0
SEE_09_64_MR	157	Picture	low_F089	5328666	0	1	30166	1	0	30000	other	0
SEE_09_64_MR	158	Picture	+	5358998	0	1	20166	1	0	43770	other	0
SEE_09_64_MR	159	Picture	hi_P001	5379164	0	1	30166	1	0	30000	other	0
SEE_09_64_MR	160	Picture	+	5409497	0	1	77664	1	0	next	other	0
SEE_09_64_MR	161	Sound	low358a	5429497	0	1			0		other	0
SEE_09_64_MR	162	Picture	500+	5487161	0	1	5167	1	0	5000	other	0
SEE_09_64_MR	163	Picture	hi_A021	5492327	0	1	30166	1	0	30000	other	0
SEE_09_64_MR	164	Picture	+	5522493	0	1	68998	1	0	next	other	0
SEE_09_64_MR	165	Sound	low358b	5522494	0	1			0		other	0
SEE_09_64_MR	166	Picture	500+	5591491	0	1	5167	1	0	5000	other	0
SEE_09_64_MR	167	Picture	low_L147	5596657	0	1	30166	1	0	30000	other	0
SEE_09_64_MR	168	Picture	+	5626990	0	1	20166	1	0	37260	other	0
SEE_09_64_MR	169	Picture	low_L016	5647156	0	1	30166	1	0	30000	other	0
SEE_09_64_MR	170	Picture	+	5677488	0	1	20166	1	0	35500	other	0
SEE_09_64_MR	171	Picture	hi_A048	5697654	0	1	30166	1	0	30000	other	0
SEE_09_64_MR	172	Picture	+	5727987	0	1	79997	1	0	next	other	0
SEE_09_64_MR	173	Sound	hi018a	5747987	0	1			0		other	0
SEE_09_64_MR	174	Picture	500+	5807984	0	1	5167	1	0	5000	other	0
SEE_09_64_MR	175	Picture	hi_P020	5813317	0	1	30166	1	0	30000	other	0
SEE_09_64_MR	176	Picture	+	5843650	0	1	59332	1	0	next	other	0
SEE_09_64_MR	177	Sound	hi018b	5843650	0	1			0		other	0
SEE_09_64_MR	178	Picture	500+	5902981	0	1	5166	1	0	5000	other	0
SEE_09_64_MR	179	Picture	low_L158	5908148	0	1	30166	1	0	30000	other	0
SEE_09_64_MR	180	Picture	+	5938480	0	1	20166	1	0	40560	other	0
SEE_09_64_MR	181	Picture	hi_O126	5958646	0	1	30166	1	0	30000	other	0
SEE_09_64_MR	182	Picture	+	5988978	0	1	20166	1	0	35520	other	0
SEE_09_64_MR	183	Picture	low_L173	6009144	0	1	30166	1	0	30000	other	0
SEE_09_64_MR	184	Picture	+	6039477	0	1	84831	1	0	next	other	0
SEE_09_64_MR	185	Sound	low276a	6059478	0	1			0		other	0
SEE_09_64_MR	186	Picture	500+	6124308	0	1	5167	1	0	5000	other	0
SEE_09_64_MR	187	Picture	hi_A085	6129474	0	1	30166	1	0	30000	other	0
SEE_09_64_MR	188	Picture	+	6159640	0	1	59498	1	0	next	other	0
SEE_09_64_MR	189	Sound	low276b	6159640	0	1			0		other	0
SEE_09_64_MR	190	Picture	500+	6219138	0	1	5167	1	0	5000	other	0
SEE_09_64_MR	191	Picture	low_A214	6224304	0	1	30166	1	0	30000	other	0
SEE_09_64_MR	192	Picture	+	6254637	0	1	20166	1	0	40700	other	0
SEE_09_64_MR	193	Picture	low_P045	6274803	0	1	30166	1	0	30000	other	0
SEE_09_64_MR	194	Picture	+	6305135	0	1	20166	1	0	31780	other	0
SEE_09_64_MR	195	Picture	hi_P128	6325301	0	1	30166	1	0	30000	other	0
SEE_09_64_MR	196	Picture	+	6355634	0	1	85664	1	0	next	other	0
SEE_09_64_MR	197	Sound	low063a	6375635	0	1			0		other	0
SEE_09_64_MR	198	Picture	500+	6441298	0	1	5166	1	0	5000	other	0
SEE_09_64_MR	199	Picture	hi_A030	6446631	0	1	30166	1	0	30000	other	0
SEE_09_64_MR	200	Picture	+	6476963	0	1	58332	1	0	next	other	0
SEE_09_64_MR	201	Sound	low063b	6476964	0	1			0		other	0
SEE_09_64_MR	202	Picture	500+	6535295	0	1	5166	1	0	5000	other	0
SEE_09_64_MR	203	Picture	low_A184	6540461	0	1	30166	1	0	30000	other	0
SEE_09_64_MR	204	Picture	+	6570793	0	1	20166	1	0	38850	other	0
SEE_09_64_MR	205	Picture	hi_O004	6590960	0	1	30166	1	0	30000	other	0
SEE_09_64_MR	206	Picture	+	6621292	0	1	20166	1	0	36930	other	0
SEE_09_64_MR	207	Picture	low_A158	6641458	0	1	30166	1	0	30000	other	0
SEE_09_64_MR	208	Picture	+	6671790	0	1	83497	1	0	next	other	0
SEE_09_64_MR	209	Sound	hi319a	6691791	0	1			0		other	0
SEE_09_64_MR	210	Picture	500+	6755288	0	1	5166	1	0	5000	other	0
SEE_09_64_MR	211	Picture	hi_P217	6760621	0	1	30166	1	0	30000	other	0
SEE_09_64_MR	212	Picture	+	6790787	0	1	65498	1	0	next	other	0
SEE_09_64_MR	213	Sound	hi319b	6790787	0	1			0		other	0
SEE_09_64_MR	214	Picture	500+	6856285	0	1	5166	1	0	5000	other	0
SEE_09_64_MR	215	Picture	low_L166	6861618	0	1	30166	1	0	30000	other	0
SEE_09_64_MR	216	Picture	+	6891950	0	1	20166	1	0	40400	other	0
SEE_09_64_MR	217	Picture	hi_A001	6912116	0	1	30166	1	0	30000	other	0
SEE_09_64_MR	218	Picture	+	6942449	0	1	20166	1	0	35480	other	0
SEE_09_64_MR	219	Picture	low_L180	6962615	0	1	30166	1	0	30000	other	0
SEE_09_64_MR	220	Picture	+	6992947	0	1	84831	1	0	next	other	0
SEE_09_64_MR	221	Sound	low197a	7012948	0	1			0		other	0
SEE_09_64_MR	222	Picture	500+	7077778	0	1	5167	1	0	5000	other	0
SEE_09_64_MR	223	Picture	hi_P200	7082944	0	1	30166	1	0	30000	other	0
SEE_09_64_MR	224	Picture	+	7113110	0	1	65831	1	0	next	other	0
SEE_09_64_MR	225	Sound	low197b	7113111	0	1			0		other	0
SEE_09_64_MR	226	Picture	500+	7178941	0	1	5166	1	0	5000	other	0
SEE_09_64_MR	227	Picture	low_L162	7184274	0	1	30166	1	0	30000	other	0
SEE_09_64_MR	228	Picture	+	7214607	0	1	20166	1	0	37480	other	0
SEE_09_64_MR	229	Picture	low_F042	7234773	0	1	30166	1	0	30000	other	0
SEE_09_64_MR	230	Picture	+	7265105	0	1	20166	1	0	35870	other	0
SEE_09_64_MR	231	Picture	hi_P231	7285271	0	1	30166	1	0	30000	other	0
SEE_09_64_MR	232	Picture	+	7315604	0	1	85164	1	0	next	other	0
SEE_09_64_MR	233	Sound	low278a	7335604	0	1			0		other	0
SEE_09_64_MR	234	Picture	500+	7400768	0	1	5167	1	0	5000	other	0
SEE_09_64_MR	235	Picture	low_P179	7405934	0	1	30166	1	0	30000	other	0
SEE_09_64_MR	236	Picture	+	7436100	0	1	66665	1	0	next	other	0
SEE_09_64_MR	237	Sound	low278b	7436101	0	1			0		other	0
SEE_09_64_MR	238	Picture	500+	7502765	0	1	5166	1	0	5000	other	0
SEE_09_64_MR	239	Picture	hi_F367	7507931	0	1	30166	1	0	30000	other	0
SEE_09_64_MR	240	Picture	+	7538263	0	1	20166	1	0	33350	other	0
SEE_09_64_MR	241	Picture	low_L175	7558429	0	1	30166	1	0	30000	other	0
SEE_09_64_MR	242	Picture	+	7588762	0	1	20166	1	0	38170	other	0
SEE_09_64_MR	243	Picture	hi_P220	7608928	0	1	30166	1	0	30000	other	0
SEE_09_64_MR	244	Picture	+	7639260	0	1	77831	1	0	next	other	0
SEE_09_64_MR	245	Sound	hi214a	7659261	0	1			0		other	0
SEE_09_64_MR	246	Picture	500+	7717091	0	1	5166	1	0	5000	other	0
SEE_09_64_MR	247	Picture	low_P048	7722424	0	1	30166	1	0	30000	other	0
SEE_09_64_MR	248	Picture	+	7752590	0	1	68665	1	0	next	other	0
SEE_09_64_MR	249	Sound	hi214b	7752591	0	1			0		other	0
SEE_09_64_MR	250	Picture	500+	7821255	0	1	5166	1	0	5000	other	0
SEE_09_64_MR	251	Picture	hi_F152	7826421	0	1	30166	1	0	30000	other	0
SEE_09_64_MR	252	Picture	+	7856753	0	1	20166	1	0	37670	other	0
SEE_09_64_MR	253	Picture	low_P176	7876919	0	1	30166	1	0	30000	other	0
SEE_09_64_MR	254	Picture	+	7907252	0	1	20166	1	0	39710	other	0
SEE_09_64_MR	255	Picture	hi_P229	7927418	0	1	30166	1	0	30000	other	0
SEE_09_64_MR	256	Picture	+	7957750	0	1	84497	1	0	next	other	0
SEE_09_64_MR	257	Sound	hi011a	7977751	0	1			0		other	0
SEE_09_64_MR	258	Picture	500+	8042248	0	1	5166	1	0	5000	other	0
SEE_09_64_MR	259	Picture	hi_O291	8047414	0	1	30166	1	0	30000	other	0
SEE_09_64_MR	260	Picture	+	8077747	0	1	61998	1	0	next	other	0
SEE_09_64_MR	261	Sound	hi011b	8077747	0	1			0		other	0
SEE_09_64_MR	262	Picture	500+	8139745	0	1	5167	1	0	5000	other	0
SEE_09_64_MR	263	Picture	low_L163	8145078	0	1	30166	1	0	30000	other	0
SEE_09_64_MR	264	Picture	+	8175410	0	1	20166	1	0	44740	other	0
SEE_09_64_MR	265	Picture	low_F244	8195576	0	1	30166	1	0	30000	other	0
SEE_09_64_MR	266	Picture	+	8225909	0	1	20166	1	0	40060	other	0
SEE_09_64_MR	267	Picture	hi_F172	8246075	0	1	30166	1	0	30000	other	0
SEE_09_64_MR	268	Picture	+	8276407	0	1	80831	1	0	next	other	0
SEE_09_64_MR	269	Sound	hi308a	8296408	0	1			0		other	0
SEE_09_64_MR	270	Picture	500+	8357238	0	1	5166	1	0	5000	other	0
SEE_09_64_MR	271	Picture	hi_F321	8362404	0	1	30166	1	0	30000	other	0
SEE_09_64_MR	272	Picture	+	8392570	0	1	56998	1	0	next	other	0
SEE_09_64_MR	273	Sound	hi308b	8392571	0	1			0		other	0
SEE_09_64_MR	274	Picture	500+	8449568	0	1	5167	1	0	5000	other	0
SEE_09_64_MR	275	Picture	low_F111	8454735	0	1	30166	1	0	30000	other	0
SEE_09_64_MR	276	Picture	+	8485067	0	1	20166	1	0	34660	other	0
SEE_09_64_MR	277	Picture	hi_A207	8505233	0	1	30166	1	0	30000	other	0
SEE_09_64_MR	278	Picture	+	8535566	0	1	20166	1	0	35340	other	0
SEE_09_64_MR	279	Picture	low_L102	8555732	0	1	30166	1	0	30000	other	0
SEE_09_64_MR	280	Picture	+	8586064	0	1	85331	1	0	next	other	0
SEE_09_64_MR	281	Sound	low050a	8606065	0	1			0		other	0
SEE_09_64_MR	282	Picture	500+	8671395	0	1	5166	1	0	5000	other	0
SEE_09_64_MR	283	Picture	hi_P216	8676561	0	1	30166	1	0	30000	other	0
SEE_09_64_MR	284	Picture	+	8706894	0	1	67998	1	0	next	other	0
SEE_09_64_MR	285	Sound	low050b	8706894	0	1			0		other	0
SEE_09_64_MR	286	Picture	500+	8774892	0	1	5167	1	0	5000	other	0
SEE_09_64_MR	287	Picture	low_A099	8780225	0	1	30166	1	0	30000	other	0
SEE_09_64_MR	288	Picture	+	8810557	0	1	20166	1	0	41990	other	0
SEE_09_64_MR	289	Picture	low_P108	8830723	0	1	30166	1	0	30000	other	0
SEE_09_64_MR	290	Picture	+	8861055	0	1	20166	1	0	40370	other	0
SEE_09_64_MR	291	Picture	hi_P058	8881222	0	1	30166	1	0	30000	other	0
SEE_09_64_MR	292	Picture	+	8911554	0	1	89331	1	0	next	other	0
SEE_09_64_MR	293	Sound	low048a	8931555	0	1			0		other	0
SEE_09_64_MR	294	Picture	500+	9000884	0	1	5167	1	0	5000	other	0
SEE_09_64_MR	295	Picture	low_F067	9006218	0	1	30166	1	0	30000	other	0
SEE_09_64_MR	296	Picture	+	9036383	0	1	55332	1	0	next	other	0
SEE_09_64_MR	297	Sound	low048b	9036384	0	1			0		other	0
SEE_09_64_MR	298	Picture	500+	9091715	0	1	5166	1	0	5000	other	0
SEE_09_64_MR	299	Picture	hi_F164	9096881	0	1	30166	1	0	30000	other	0
SEE_09_64_MR	300	Picture	+	9127214	0	1	20166	1	0	35280	other	0
SEE_09_64_MR	301	Picture	hi_P232	9147380	0	1	30166	1	0	30000	other	0
SEE_09_64_MR	302	Picture	+	9177712	0	1	20166	1	0	42750	other	0
SEE_09_64_MR	303	Picture	low_L133	9197878	0	1	30148	32	0	30000	other	0
SEE_09_64_MR	304	Picture	+	9228211	0	1	89831	1	0	next	other	0
SEE_09_64_MR	305	Sound	hi246a	9248212	0	1			0		other	0
SEE_09_64_MR	306	Picture	500+	9318041	0	1	5166	1	0	5000	other	0
SEE_09_64_MR	307	Picture	low_F099	9323374	0	1	30166	1	0	30000	other	0
SEE_09_64_MR	308	Picture	+	9353540	0	1	56665	1	0	next	other	0
SEE_09_64_MR	309	Sound	hi246b	9353541	0	1			0		other	0
SEE_09_64_MR	310	Picture	500+	9410205	0	1	5167	1	0	5000	other	0
SEE_09_64_MR	311	Picture	hi_O148	9415372	0	1	30166	1	0	30000	other	0
SEE_09_64_MR	312	Picture	+	9445704	0	1	20166	1	0	35930	other	0
SEE_09_64_MR	313	Picture	low_O326	9465870	0	1	30166	1	0	30000	other	0
SEE_09_64_MR	314	Picture	+	9496202	0	1	20166	1	0	35080	other	0
SEE_09_64_MR	315	Picture	hi_O001	9516368	0	1	30166	1	0	30000	other	0
SEE_09_64_MR	316	Picture	+	9546701	0	1	84331	1	0	next	other	0
SEE_09_64_MR	317	Sound	low282a	9566702	0	1			0		other	0
SEE_09_64_MR	318	Picture	500+	9631032	0	1	5166	1	0	5000	other	0
SEE_09_64_MR	319	Picture	hi_P029	9636198	0	1	30166	1	0	30000	other	0
SEE_09_64_MR	320	Picture	+	9666364	0	1	56665	1	0	next	other	0
SEE_09_64_MR	321	Sound	low282b	9666364	0	1			0		other	0
SEE_09_64_MR	322	Picture	500+	9723029	0	1	5167	1	0	5000	other	0
SEE_09_64_MR	323	Picture	low_F066	9728362	0	1	30166	1	0	30000	other	0
SEE_09_64_MR	324	Picture	+	9758694	0	1	20166	1	0	30400	other	0
SEE_09_64_MR	325	Picture	hi_P021	9778860	0	1	30166	1	0	30000	other	0
SEE_09_64_MR	326	Picture	+	9809193	0	1	20166	1	0	31980	other	0
SEE_09_64_MR	327	Picture	low_L121	9829359	0	1	30166	1	0	30000	other	0
SEE_09_64_MR	328	Picture	+	9859691	0	1	89997	1	0	next	other	0
SEE_09_64_MR	329	Sound	low272a	9879692	0	1			0		other	0
SEE_09_64_MR	330	Picture	500+	9949688	0	1	5166	1	0	5000	other	0
SEE_09_64_MR	331	Picture	low_A091	9954855	0	1	30166	1	0	30000	other	0
SEE_09_64_MR	332	Picture	+	9985020	0	1	67331	1	0	next	other	0
SEE_09_64_MR	333	Sound	low272b	9985021	0	1			0		other	0
SEE_09_64_MR	334	Picture	500+	10052352	0	1	5166	1	0	5000	other	0
SEE_09_64_MR	335	Picture	hi_A045	10057518	0	1	30166	1	0	30000	other	0
SEE_09_64_MR	336	Picture	+	10087851	0	1	20166	1	0	39440	other	0
SEE_09_64_MR	337	Picture	low_A219	10108017	0	1	30166	1	0	30000	other	0
SEE_09_64_MR	338	Picture	+	10138349	0	1	20166	1	0	32590	other	0
SEE_09_64_MR	339	Picture	hi_F146	10158515	0	1	30166	1	0	30000	other	0
SEE_09_64_MR	340	Picture	+	10188847	0	1	85997	1	0	next	other	0
SEE_09_64_MR	341	Sound	hi127a	10208848	0	2			0		other	0
SEE_09_64_MR	342	Picture	500+	10274845	0	1	5167	1	0	5000	other	0
SEE_09_64_MR	343	Picture	low_L127	10280011	0	1	30166	1	0	30000	other	0
SEE_09_64_MR	344	Picture	+	10310344	0	1	60165	1	0	next	other	0
SEE_09_64_MR	345	Sound	hi127b	10310344	0	1			0		other	0
SEE_09_64_MR	346	Picture	500+	10370508	0	1	5167	1	0	5000	other	0
SEE_09_64_MR	347	Picture	hi_P009	10375675	0	1	30166	1	0	30000	other	0
SEE_09_64_MR	348	Picture	+	10406007	0	1	20166	1	0	31000	other	0
SEE_09_64_MR	349	Picture	low_F129	10426173	0	1	30166	1	0	30000	other	0
SEE_09_64_MR	350	Picture	+	10456506	0	1	20166	1	0	42990	other	0
SEE_09_64_MR	351	Picture	hi_A058	10476672	0	1	30166	1	0	30000	other	0
SEE_09_64_MR	352	Picture	+	10507004	0	1	86497	1	0	next	other	0
SEE_09_64_MR	353	Sound	hi154a	10527005	0	1			0		other	0
SEE_09_64_MR	354	Picture	500+	10593501	0	1	5166	1	0	5000	other	0
SEE_09_64_MR	355	Picture	low_A156	10598668	0	1	30166	1	0	30000	other	0
SEE_09_64_MR	356	Picture	+	10628834	0	1	64331	1	0	next	other	0
SEE_09_64_MR	357	Sound	hi154b	10628835	0	1			0		other	0
SEE_09_64_MR	358	Picture	500+	10693165	0	1	5166	1	0	5000	other	0
SEE_09_64_MR	359	Picture	hi_P147	10698332	0	1	30166	1	0	30000	other	0
SEE_09_64_MR	360	Picture	+	10728664	0	1	20166	1	0	39480	other	0
SEE_09_64_MR	361	Picture	low_A100	10748830	0	1	30166	1	0	30000	other	0
SEE_09_64_MR	362	Picture	+	10779162	0	1	20166	1	0	41940	other	0
SEE_09_64_MR	363	Picture	hi_P017	10799328	0	1	30166	1	0	30000	other	0
SEE_09_64_MR	364	Picture	+	10829661	0	1	88497	1	0	next	other	0
SEE_09_64_MR	365	Sound	low053a	10849662	0	1			0		other	0
SEE_09_64_MR	366	Picture	500+	10918158	0	1	5167	1	0	5000	other	0
SEE_09_64_MR	367	Picture	hi_A077	10923325	0	1	30166	1	0	30000	other	0
SEE_09_64_MR	368	Picture	+	10953657	0	1	66831	1	0	next	other	0
SEE_09_64_MR	369	Sound	low053b	10953658	0	1			0		other	0
SEE_09_64_MR	370	Picture	500+	11020488	0	1	5167	1	0	5000	other	0
SEE_09_64_MR	371	Picture	low_F333	11025655	0	1	30166	1	0	30000	other	0
SEE_09_64_MR	372	Picture	+	11055987	0	1	20166	1	0	31000	other	0
SEE_09_64_MR	373	Picture	low_F001	11076153	0	1	30166	1	0	30000	other	0
SEE_09_64_MR	374	Picture	+	11106485	0	1	20166	1	0	37290	other	0
SEE_09_64_MR	375	Picture	hi_A078	11126652	0	1	30166	1	0	30000	other	0
SEE_09_64_MR	376	Picture	+	11156984	0	1	84331	1	0	next	other	0
SEE_09_64_MR	377	Sound	low042a	11176985	0	1			0		other	0
SEE_09_64_MR	378	Picture	500+	11241315	0	1	5166	1	0	5000	other	0
SEE_09_64_MR	379	Picture	low_L109	11246481	0	1	30166	1	0	30000	other	0
SEE_09_64_MR	380	Picture	+	11276647	0	1	69331	1	0	next	other	0
SEE_09_64_MR	381	Sound	low042b	11276647	0	1			0		other	0
SEE_09_64_MR	382	Picture	500+	11345978	0	1	5167	1	0	5000	other	0
SEE_09_64_MR	383	Picture	hi_A221	11351145	0	1	30166	1	0	30000	other	0
SEE_09_64_MR	384	Picture	+	11381477	0	1	20166	1	0	32480	other	0
SEE_09_64_MR	385	Picture	hi_P214	11401643	0	1	30166	1	0	30000	other	0
SEE_09_64_MR	386	Picture	+	11431975	0	1	20166	1	0	41180	other	0
SEE_09_64_MR	387	Picture	low_A123	11452141	0	1	30166	1	0	30000	other	0
SEE_09_64_MR	388	Picture	+	11482474	0	1	82331	1	0	next	other	0
SEE_09_64_MR	389	Sound	hi014a	11502475	0	1			0		other	0
SEE_09_64_MR	390	Picture	500+	11564805	0	1	5166	1	0	5000	other	0
SEE_09_64_MR	391	Picture	hi_F274	11569971	0	1	30166	1	0	30000	other	0
SEE_09_64_MR	392	Picture	+	11600137	0	1	57165	1	0	next	other	0
SEE_09_64_MR	393	Sound	hi014b	11600137	0	1			0		other	0
SEE_09_64_MR	394	Picture	500+	11657302	0	1	5167	1	0	5000	other	0
SEE_09_64_MR	395	Picture	low_A201	11662468	0	1	30166	1	0	30000	other	0
SEE_09_64_MR	396	Picture	+	11692801	0	1	20166	1	0	33330	other	0
SEE_09_64_MR	397	Picture	low_L096	11712967	0	1	30166	1	0	30000	other	0
SEE_09_64_MR	398	Picture	+	11743299	0	1	20166	1	0	32770	other	0
SEE_09_64_MR	399	Picture	hi_P125	11763465	0	1	30166	1	0	30000	other	0
SEE_09_64_MR	400	Picture	+	11793797	0	1	88997	1	0	next	other	0
SEE_09_64_MR	401	Sound	low036a	11813798	0	1			0		other	0
SEE_09_64_MR	402	Picture	500+	11882795	0	1	5166	1	0	5000	other	0
SEE_09_64_MR	403	Picture	hi_P237	11887961	0	1	30166	1	0	30000	other	0
SEE_09_64_MR	404	Picture	+	11918127	0	1	57165	1	0	next	other	0
SEE_09_64_MR	405	Sound	low036b	11918127	0	1			0		other	0
SEE_09_64_MR	406	Picture	500+	11975292	0	1	5167	1	0	5000	other	0
SEE_09_64_MR	407	Picture	low_L151	11980458	0	1	30166	1	0	30000	other	0
SEE_09_64_MR	408	Picture	+	12010791	0	1	20166	1	0	38890	other	0
SEE_09_64_MR	409	Picture	hi_P239	12030957	0	1	30166	1	0	30000	other	0
SEE_09_64_MR	410	Picture	+	12061289	0	1	20166	1	0	30100	other	0
SEE_09_64_MR	411	Picture	low_L050	12081455	0	1	30166	1	0	30000	other	0
SEE_09_64_MR	412	Picture	+	12111787	0	1	77664	1	0	next	other	0
SEE_09_64_MR	413	Sound	low274a	12131788	0	1			0		other	0
SEE_09_64_MR	414	Picture	500+	12189452	0	1	5166	1	0	5000	other	0
SEE_09_64_MR	415	Picture	hi_A042	12194618	0	1	30166	1	0	30000	other	0
SEE_09_64_MR	416	Picture	+	12224951	0	1	55332	1	0	next	other	0
SEE_09_64_MR	417	Sound	low274b	12224951	0	1			0		other	0
SEE_09_64_MR	418	Picture	500+	12280282	0	1	5167	1	0	5000	other	0
SEE_09_64_MR	419	Picture	low_F124	12285615	0	1	30166	1	0	30000	other	0
SEE_09_64_MR	420	Picture	+	12315948	0	1	20166	1	0	32720	other	0
SEE_09_64_MR	421	Picture	hi_L026	12336114	0	1	30166	1	0	30000	other	0
SEE_09_64_MR	422	Picture	+	12366446	0	1	20166	1	0	30180	other	0
SEE_09_64_MR	423	Picture	low_A194	12386612	0	1	30166	1	0	30000	other	0
SEE_09_64_MR	424	Picture	+	12416945	0	1	79164	1	0	next	other	0
SEE_09_64_MR	425	Sound	low079a	12436945	0	1			0		other	0
SEE_09_64_MR	426	Picture	500+	12496109	0	1	5167	1	0	5000	other	0
SEE_09_64_MR	427	Picture	hi_P224	12501275	0	1	30166	1	0	30000	other	0
SEE_09_64_MR	428	Picture	+	12531608	0	1	56332	1	0	next	other	0
SEE_09_64_MR	429	Sound	low079b	12531608	0	1			0		other	0
SEE_09_64_MR	430	Picture	500+	12587939	0	1	5166	1	0	5000	other	0
SEE_09_64_MR	431	Picture	low_P113	12593106	0	1	30166	1	0	30000	other	0
SEE_09_64_MR	432	Picture	+	12623438	0	1	20166	1	0	39910	other	0
SEE_09_64_MR	433	Picture	hi_A061	12643604	0	1	30166	1	0	30000	other	0
SEE_09_64_MR	434	Picture	+	12673937	0	1	20166	1	0	40800	other	0
SEE_09_64_MR	435	Picture	low_L149	12694103	0	1	30166	1	0	30000	other	0
SEE_09_64_MR	436	Picture	+	12724435	0	1	82831	1	0	next	other	0
SEE_09_64_MR	437	Sound	low085a	12744436	0	1			0		other	0
SEE_09_64_MR	438	Picture	500+	12807266	0	1	5167	1	0	5000	other	0
SEE_09_64_MR	439	Picture	low_P064	12812432	0	1	30166	1	0	30000	other	0
SEE_09_64_MR	440	Picture	+	12842598	0	1	55332	1	0	next	other	0
SEE_09_64_MR	441	Sound	low085b	12842599	0	1			0		other	0
SEE_09_64_MR	442	Picture	500+	12897930	0	1	5167	1	0	5000	other	0
SEE_09_64_MR	443	Picture	hi_O013	12903096	0	1	30166	1	0	30000	other	0
SEE_09_64_MR	444	Picture	+	12933429	0	1	20166	1	0	43620	other	0
SEE_09_64_MR	445	Picture	hi_F158	12953595	0	1	30166	1	0	30000	other	0
SEE_09_64_MR	446	Picture	+	12983927	0	1	20166	1	0	40060	other	0
SEE_09_64_MR	447	Picture	low_A119	13004093	0	1	30166	1	0	30000	other	0
SEE_09_64_MR	448	Picture	+	13034425	0	1	88330	1	0	next	other	0
SEE_09_64_MR	449	Sound	low038a	13054426	0	1			0		other	0
SEE_09_64_MR	450	Picture	500+	13122756	0	1	5167	1	0	5000	other	0
SEE_09_64_MR	451	Picture	low_L146	13127922	0	1	30166	1	0	30000	other	0
SEE_09_64_MR	452	Picture	+	13158088	0	1	68331	1	0	next	other	0
SEE_09_64_MR	453	Sound	low038b	13158089	0	1			0		other	0
SEE_09_64_MR	454	Picture	500+	13226419	0	1	5167	1	0	5000	other	0
SEE_09_64_MR	455	Picture	hi_P034	13231586	0	1	30166	1	0	30000	other	0
SEE_09_64_MR	456	Picture	+	13261918	0	1	20166	1	0	32060	other	0
SEE_09_64_MR	457	Picture	hi_A033	13282084	0	1	30166	1	0	30000	other	0
SEE_09_64_MR	458	Picture	+	13312417	0	1	20166	1	0	32960	other	0
SEE_09_64_MR	459	Picture	low_L104	13332583	0	1	30166	1	0	30000	other	0
SEE_09_64_MR	460	Picture	+	13362915	0	1	75498	1	0	next	other	0
SEE_09_64_MR	461	Sound	hi243a	13382916	0	1			0		other	0
SEE_09_64_MR	462	Picture	500+	13438413	0	1	5166	1	0	5000	other	0
SEE_09_64_MR	463	Picture	hi_P175	13443579	0	1	30166	1	0	30000	other	0
SEE_09_64_MR	464	Picture	+	13473912	0	1	68165	1	0	next	other	0
SEE_09_64_MR	465	Sound	hi243b	13473912	0	1			0		other	0
SEE_09_64_MR	466	Picture	500+	13542076	0	1	5167	1	0	5000	other	0
SEE_09_64_MR	467	Picture	low_L153	13547243	0	1	30166	1	0	30000	other	0
SEE_09_64_MR	468	Picture	+	13577575	0	1	20166	1	0	38320	other	0
SEE_09_64_MR	469	Picture	hi_A032	13597741	0	1	30166	1	0	30000	other	0
SEE_09_64_MR	470	Picture	+	13628074	0	1	20166	1	0	35720	other	0
SEE_09_64_MR	471	Picture	low_L049	13648240	0	1	30166	1	0	30000	other	0
SEE_09_64_MR	472	Picture	+	13678572	0	1	76831	1	0	next	other	0
SEE_09_64_MR	473	Sound	hi251a	13698573	0	1			0		other	0
SEE_09_64_MR	474	Picture	500+	13755403	0	1	5167	1	0	5000	other	0
SEE_09_64_MR	475	Picture	hi_F271	13760736	0	1	30166	1	0	30000	other	0
SEE_09_64_MR	476	Picture	+	13790902	0	1	68165	1	0	next	other	0
SEE_09_64_MR	477	Sound	hi251b	13790902	0	1			0		other	0
SEE_09_64_MR	478	Picture	500+	13859066	0	1	5167	1	0	5000	other	0
SEE_09_64_MR	479	Picture	low_F121	13864233	0	1	30166	1	0	30000	other	0
SEE_09_64_MR	480	Picture	+	13894565	0	1	20166	1	0	39400	other	0
SEE_09_64_MR	481	Picture	hi_O202	13914731	0	1	30166	1	0	30000	other	0
SEE_09_64_MR	482	Picture	+	13945064	0	1	20166	1	0	42190	other	0
SEE_09_64_MR	483	Picture	low_A140	13965230	0	1	30166	1	0	30000	other	0
SEE_09_64_MR	484	Picture	+	13995562	0	1	88331	1	0	next	other	0
SEE_09_64_MR	485	Sound	low179a	14015563	0	1			0		other	0
SEE_09_64_MR	486	Picture	500+	14083893	0	1	5166	1	0	5000	other	0
SEE_09_64_MR	487	Picture	hi_F170	14089059	0	1	30166	1	0	30000	other	0
SEE_09_64_MR	488	Picture	+	14119392	0	1	64998	1	0	next	other	0
SEE_09_64_MR	489	Sound	low179b	14119392	0	1			0		other	0
SEE_09_64_MR	490	Picture	500+	14184390	0	1	5167	1	0	5000	other	0
SEE_09_64_MR	491	Picture	low_L021	14189723	0	1	30166	1	0	30000	other	0
SEE_09_64_MR	492	Picture	+	14220055	0	1	20166	1	0	42420	other	0
SEE_09_64_MR	493	Picture	hi_O328	14240221	0	1	30166	1	0	30000	other	0
SEE_09_64_MR	494	Picture	+	14270553	0	1	20166	1	0	34090	other	0
SEE_09_64_MR	495	Picture	low_P149	14290720	0	1	30166	1	0	30000	other	0
SEE_09_64_MR	496	Picture	+	14321052	0	1	75664	1	0	next	other	0
SEE_09_64_MR	497	Sound	hi001a	14341053	0	1			0		other	0
SEE_09_64_MR	498	Picture	500+	14396716	0	1	5166	1	0	5000	other	0
SEE_09_64_MR	499	Picture	hi_F297	14401883	0	1	30166	1	0	30000	other	0
SEE_09_64_MR	500	Picture	+	14432048	0	1	63831	1	0	next	other	0
SEE_09_64_MR	501	Sound	hi001b	14432049	0	1			0		other	0
SEE_09_64_MR	502	Picture	500+	14495880	0	1	5166	1	0	5000	other	0
SEE_09_64_MR	503	Picture	low_L134	14501046	0	1	30166	1	0	30000	other	0
SEE_09_64_MR	504	Picture	+	14531379	0	1	20166	1	0	32170	other	0
SEE_09_64_MR	505	Picture	low_A090	14551545	0	1	30166	1	0	30000	other	0
SEE_09_64_MR	506	Picture	+	14581877	0	1	20166	1	0	36460	other	0
SEE_09_64_MR	507	Picture	hi_A073	14602043	0	1	30166	1	0	30000	other	0
SEE_09_64_MR	508	Picture	+	14632376	0	1	82664	1	0	next	other	0
SEE_09_64_MR	509	Sound	hi248a	14652376	0	1			0		other	0
SEE_09_64_MR	510	Picture	500+	14715040	0	1	5167	1	0	5000	other	0
SEE_09_64_MR	511	Picture	hi_A054	14720373	0	1	30166	1	0	30000	other	0
SEE_09_64_MR	512	Picture	+	14750705	0	1	55332	1	0	next	other	0
SEE_09_64_MR	513	Sound	hi248b	14750706	0	1			0		other	0
SEE_09_64_MR	514	Picture	500+	14806037	0	1	5167	1	0	5000	other	0
SEE_09_64_MR	515	Picture	low_O043	14811203	0	1	30166	1	0	30000	other	0
SEE_09_64_MR	516	Picture	+	14841536	0	1	20166	1	0	33840	other	0
SEE_09_64_MR	517	Picture	hi_F028	14861702	0	1	30166	1	0	30000	other	0
SEE_09_64_MR	518	Picture	+	14892034	0	1	20166	1	0	34520	other	0
SEE_09_64_MR	519	Picture	low_L051	14912200	0	1	30166	1	0	30000	other	0
SEE_09_64_MR	520	Picture	+	14942533	0	1	82664	1	0	next	other	0
SEE_09_64_MR	521	Sound	low035a	14962533	0	1			0		other	0
SEE_09_64_MR	522	Picture	500+	15025197	0	1	5166	1	0	5000	other	0
SEE_09_64_MR	523	Picture	hi_P228	15030363	0	1	30166	1	0	30000	other	0
SEE_09_64_MR	524	Picture	+	15060529	0	1	61331	1	0	next	other	0
SEE_09_64_MR	525	Sound	low035b	15060530	0	1			0		other	0
SEE_09_64_MR	526	Picture	500+	15121860	0	1	5166	1	0	5000	other	0
SEE_09_64_MR	527	Picture	low_L071	15127027	0	1	30166	1	0	30000	other	0
SEE_09_64_MR	528	Picture	+	15157359	0	1	20166	1	0	31580	other	0
SEE_09_64_MR	529	Picture	hi_F287	15177525	0	1	30166	1	0	30000	other	0
SEE_09_64_MR	530	Picture	+	15207858	0	1	20166	1	0	34650	other	0
SEE_09_64_MR	531	Picture	low_L164	15228024	0	1	30166	1	0	30000	other	0
SEE_09_64_MR	532	Picture	+	15258356	0	1	77998	1	0	next	other	0
SEE_09_64_MR	533	Sound	low030a	15278357	0	2			0		other	0
SEE_09_64_MR	534	Picture	500+	15336354	0	1	5167	1	0	5000	other	0
SEE_09_64_MR	535	Picture	hi_P133	15341520	0	1	30166	1	0	30000	other	0
SEE_09_64_MR	536	Picture	+	15371686	0	1	55665	1	0	next	other	0
SEE_09_64_MR	537	Sound	low030b	15371686	0	1			0		other	0
SEE_09_64_MR	538	Picture	500+	15427351	0	1	5166	1	0	5000	other	0
SEE_09_64_MR	539	Picture	low_O327	15432517	0	1	30166	1	0	30000	other	0
SEE_09_64_MR	540	Picture	+	15462850	0	1	20166	1	0	44880	other	0
SEE_09_64_MR	541	Picture	hi_O007	15483016	0	1	30166	1	0	30000	other	0
SEE_09_64_MR	542	Picture	+	15513348	0	1	20166	1	0	37960	other	0
SEE_09_64_MR	543	Picture	low_L123	15533514	0	1	30166	1	0	30000	other	0
SEE_09_64_MR	544	Picture	+	15563847	0	1	83664	1	0	next	other	0
SEE_09_64_MR	545	Sound	low279a	15583847	0	1			0		other	0
SEE_09_64_MR	546	Picture	500+	15647511	0	1	5167	1	0	5000	other	0
SEE_09_64_MR	547	Picture	low_P168	15652677	0	1	30166	1	0	30000	other	0
SEE_09_64_MR	548	Picture	+	15683010	0	1	63831	1	0	next	other	0
SEE_09_64_MR	549	Sound	low279b	15683010	0	1			0		other	0
SEE_09_64_MR	550	Picture	500+	15746841	0	1	5166	1	0	5000	other	0
SEE_09_64_MR	551	Picture	hi_P215	15752007	0	1	30166	1	0	30000	other	0
SEE_09_64_MR	552	Picture	+	15782340	0	1	20166	1	0	31580	other	0
SEE_09_64_MR	553	Picture	low_L034	15802506	0	1	30166	1	0	30000	other	0
SEE_09_64_MR	554	Picture	+	15832838	0	1	20166	1	0	34540	other	0
SEE_09_64_MR	555	Picture	hi_O132	15853004	0	1	30166	1	0	30000	other	0
SEE_09_64_MR	556	Picture	+	15883337	0	1	85164	1	0	next	other	0
SEE_09_64_MR	557	Sound	hi003a	15903337	0	1			0		other	0
SEE_09_64_MR	558	Picture	500+	15968501	0	1	5166	1	0	5000	other	0
SEE_09_64_MR	559	Picture	low_L064	15973834	0	1	30166	1	0	30000	other	0
SEE_09_64_MR	560	Picture	+	16004166	0	1	69664	1	0	next	other	0
SEE_09_64_MR	561	Sound	hi003b	16004167	0	1			0		other	0
SEE_09_64_MR	562	Picture	500+	16073831	0	1	5167	1	0	5000	other	0
SEE_09_64_MR	563	Picture	hi_A012	16079164	0	1	30166	1	0	30000	other	0
SEE_09_64_MR	564	Picture	+	16109496	0	1	20166	1	0	34330	other	0
SEE_09_64_MR	565	Picture	hi_P023	16129662	0	1	30166	1	0	30000	other	0
SEE_09_64_MR	566	Picture	+	16159995	0	1	20166	1	0	32570	other	0
SEE_09_64_MR	567	Picture	low_P107	16180161	0	1	30166	1	0	30000	other	0
SEE_09_64_MR	568	Picture	+	16210493	0	1	85997	1	0	next	other	0
SEE_09_64_MR	569	Sound	low049a	16230494	0	1			0		other	0
SEE_09_64_MR	570	Picture	500+	16296490	0	1	5167	1	0	5000	other	0
SEE_09_64_MR	571	Picture	low_A217	16301657	0	1	30166	1	0	30000	other	0
SEE_09_64_MR	572	Picture	+	16331989	0	1	63831	1	0	next	other	0
SEE_09_64_MR	573	Sound	low049b	16331990	0	1			0		other	0
SEE_09_64_MR	574	Picture	500+	16395821	0	1	5167	1	0	5000	other	0
SEE_09_64_MR	575	Picture	hi_O283	16400987	0	1	30166	1	0	30000	other	0
SEE_09_64_MR	576	Picture	+	16431319	0	1	20166	1	0	30250	other	0
SEE_09_64_MR	577	Picture	hi_A038	16451486	0	1	30166	1	0	30000	other	0
SEE_09_64_MR	578	Picture	+	16481818	0	1	20166	1	0	33430	other	0
SEE_09_64_MR	579	Picture	low_F324	16501984	0	1	30166	1	0	30000	other	0
SEE_09_64_MR	580	Picture	+	16532316	0	1	75831	1	0	next	other	0
SEE_09_64_MR	581	Sound	low071a	16552317	0	1			0		other	0
SEE_09_64_MR	582	Picture	500+	16608147	0	1	5166	1	0	5000	other	0
SEE_09_64_MR	583	Picture	hi_F007	16613314	0	1	30166	1	0	30000	other	0
SEE_09_64_MR	584	Picture	+	16643480	0	1	60331	1	0	next	other	0
SEE_09_64_MR	585	Sound	low071b	16643480	0	1			0		other	0
SEE_09_64_MR	586	Picture	500+	16703811	0	1	5167	1	0	5000	other	0
SEE_09_64_MR	587	Picture	low_L054	16709144	0	1	30166	1	0	30000	other	0
SEE_09_64_MR	588	Picture	+	16739477	0	1	20166	1	0	31000	other	0
SEE_09_64_MR	589	Picture	hi_P202	16759643	0	1	30166	1	0	30000	other	0
SEE_09_64_MR	590	Picture	+	16789975	0	1	20166	1	0	44460	other	0
SEE_09_64_MR	591	Picture	low_L165	16810141	0	1	30166	1	0	30000	other	0
SEE_09_64_MR	592	Picture	+	16840473	0	1	89497	1	0	next	other	0
SEE_09_64_MR	593	Sound	hi241a	16860474	0	1			0		other	0
SEE_09_64_MR	594	Picture	500+	16929971	0	1	5167	1	0	5000	other	0
SEE_09_64_MR	595	Picture	low_A160	16935137	0	1	30166	1	0	30000	other	0
SEE_09_64_MR	596	Picture	+	16965470	0	1	66331	1	0	next	other	0
SEE_09_64_MR	597	Sound	hi241b	16965470	0	1			0		other	0
SEE_09_64_MR	598	Picture	500+	17031801	0	1	5166	1	0	5000	other	0
SEE_09_64_MR	599	Picture	hi_P032	17037134	0	1	30166	1	0	30000	other	0
SEE_09_64_MR	600	Picture	+	17067466	0	1	20166	1	0	34200	other	0
SEE_09_64_MR	601	Picture	low_A108	17087632	0	1	30166	1	0	30000	other	0
SEE_09_64_MR	602	Picture	+	17117965	0	1	20166	1	0	41770	other	0
SEE_09_64_MR	603	Picture	hi_A027	17138131	0	1	30166	1	0	30000	other	0
SEE_09_64_MR	604	Picture	+	17168463	0	1	76664	1	0	next	other	0
SEE_09_64_MR	605	Sound	hi007a	17188464	0	1			0		other	0
SEE_09_64_MR	606	Picture	500+	17245127	0	1	5167	1	0	5000	other	0
SEE_09_64_MR	607	Picture	hi_P139	17250294	0	1	30166	1	0	30000	other	0
SEE_09_64_MR	608	Picture	+	17280460	0	1	64831	1	0	next	other	0
SEE_09_64_MR	609	Sound	hi007b	17280460	0	1			0		other	0
SEE_09_64_MR	610	Picture	500+	17345291	0	1	5167	1	0	5000	other	0
SEE_09_64_MR	611	Picture	low_L094	17350458	0	1	30166	1	0	30000	other	0
SEE_09_64_MR	612	Picture	+	17380790	0	1	20166	1	0	35410	other	0
SEE_09_64_MR	613	Picture	hi_P144	17400956	0	1	30166	1	0	30000	other	0
SEE_09_64_MR	614	Picture	+	17431288	0	1	20166	1	0	38240	other	0
SEE_09_64_MR	615	Picture	low_P054	17451454	0	1	30166	1	0	30000	other	0
SEE_09_64_MR	616	Picture	+	17481787	0	1	77998	1	0	next	other	0
SEE_09_64_MR	617	Sound	low280a	17501787	0	2			0		other	0
SEE_09_64_MR	618	Picture	500+	17559784	0	1	5167	1	0	5000	other	0
SEE_09_64_MR	619	Picture	hi_P015	17564951	0	1	30166	1	0	30000	other	0
SEE_09_64_MR	620	Picture	+	17595117	0	1	69664	1	0	next	other	0
SEE_09_64_MR	621	Sound	low280b	17595117	0	1			0		other	0
SEE_09_64_MR	622	Picture	500+	17664781	0	1	5167	1	0	5000	other	0
SEE_09_64_MR	623	Picture	low_L119	17669948	0	1	30166	1	0	30000	other	0
SEE_09_64_MR	624	Picture	+	17700280	0	1	20166	1	0	39670	other	0
SEE_09_64_MR	625	Picture	low_A157	17720446	0	1	30166	1	0	30000	other	0
SEE_09_64_MR	626	Picture	+	17750778	0	1	20166	1	0	36150	other	0
SEE_09_64_MR	627	Picture	hi_A062	17770944	0	1	30166	1	0	30000	other	0
SEE_09_64_MR	628	Picture	+	17801277	0	1	79664	1	0	next	other	0
SEE_09_64_MR	629	Sound	low032a	17821278	0	1			0		other	0
SEE_09_64_MR	630	Picture	500+	17880941	0	1	5166	1	0	5000	other	0
SEE_09_64_MR	631	Picture	low_P046	17886107	0	1	30166	1	0	30000	other	0
SEE_09_64_MR	632	Picture	+	17916440	0	1	62331	1	0	next	other	0
SEE_09_64_MR	633	Sound	low032b	17916440	0	1			0		other	0
SEE_09_64_MR	634	Picture	500+	17978771	0	1	5166	1	0	5000	other	0
SEE_09_64_MR	635	Picture	hi_F291	17983938	0	1	30166	1	0	30000	other	0
SEE_09_64_MR	636	Picture	+	18014270	0	1	20166	1	0	43760	other	0
SEE_09_64_MR	637	Picture	hi_A039	18034436	0	1	30166	1	0	30000	other	0
SEE_09_64_MR	638	Picture	+	18064769	0	1	20166	1	0	32930	other	0
SEE_09_64_MR	639	Picture	low_L138	18084935	0	1	30166	1	0	30000	other	0
SEE_09_64_MR	640	Picture	+	18115267	0	1	75164	1	0	next	other	0
SEE_09_64_MR	641	Sound	hi217a	18135268	0	1			0		other	0
SEE_09_64_MR	642	Picture	500+	18190431	0	1	5166	1	0	5000	other	0
SEE_09_64_MR	643	Picture	hi_F370	18195598	0	1	30166	1	0	30000	other	0
SEE_09_64_MR	644	Picture	+	18225930	0	1	63331	1	0	next	other	0
SEE_09_64_MR	645	Sound	hi217b	18225931	0	1			0		other	0
SEE_09_64_MR	646	Picture	500+	18289262	0	1	5167	1	0	5000	other	0
SEE_09_64_MR	647	Picture	low_P154	18294595	0	1	30166	1	0	30000	other	0
SEE_09_64_MR	648	Picture	+	18324927	0	1	20166	1	0	35020	other	0
SEE_09_64_MR	649	Picture	hi_F034	18345093	0	1	30166	1	0	30000	other	0
SEE_09_64_MR	650	Picture	+	18375426	0	1	20166	1	0	42650	other	0
SEE_09_64_MR	651	Picture	low_L113	18395592	0	1	30166	1	0	30000	other	0
SEE_09_64_MR	652	Picture	+	18425924	0	1	82497	1	0	next	other	0
SEE_09_64_MR	653	Sound	low341a	18445925	0	1			0		other	0
SEE_09_64_MR	654	Picture	500+	18508421	0	1	5166	1	0	5000	other	0
SEE_09_64_MR	655	Picture	hi_A059	18513588	0	1	30166	1	0	30000	other	0
SEE_09_64_MR	656	Picture	+	18543754	0	1	69331	1	0	next	other	0
SEE_09_64_MR	657	Sound	low341b	18543754	0	1			0		other	0
SEE_09_64_MR	658	Picture	500+	18613085	0	1	5166	1	0	5000	other	0
SEE_09_64_MR	659	Picture	low_P104	18618418	0	1	30166	1	0	30000	other	0
SEE_09_64_MR	660	Picture	+	18648750	0	1	20166	1	0	35920	other	0
SEE_09_64_MR	661	Picture	hi_O285	18668916	0	1	30166	1	0	30000	other	0
SEE_09_64_MR	662	Picture	+	18699249	0	1	20166	1	0	37050	other	0
SEE_09_64_MR	663	Picture	low_L075	18719415	0	1	30166	1	0	30000	other	0
SEE_09_64_MR	664	Picture	+	18749747	0	1	89997	1	0	next	other	0
SEE_09_64_MR	665	Sound	hi242a	18769748	0	1			0		other	0
SEE_09_64_MR	666	Picture	500+	18839744	0	1	5166	1	0	5000	other	0
SEE_09_64_MR	667	Picture	hi_F293	18844911	0	1	30166	1	0	30000	other	0
SEE_09_64_MR	668	Picture	+	18875077	0	1	61998	1	0	next	other	0
SEE_09_64_MR	669	Sound	hi242b	18875077	0	1			0		other	0
SEE_09_64_MR	670	Picture	500+	18937075	0	1	5166	1	0	5000	other	0
SEE_09_64_MR	671	Picture	low_L046	18942241	0	1	30166	1	0	30000	other	0
SEE_09_64_MR	672	Picture	+	18972574	0	1	20166	1	0	31290	other	0
SEE_09_64_MR	673	Picture	hi_A143	18992740	0	1	30166	1	0	30000	other	0
SEE_09_64_MR	674	Picture	+	19023072	0	1	20166	1	0	42350	other	0
SEE_09_64_MR	675	Picture	low_L172	19043238	0	1	30166	1	0	30000	other	0
SEE_09_64_MR	676	Picture	+	19073570	0	1	75831	1	0	next	other	0
SEE_09_64_MR	677	Sound	low149a	19093571	0	2			0		other	0
SEE_09_64_MR	678	Picture	500+	19149401	0	1	5166	1	0	5000	other	0
SEE_09_64_MR	679	Picture	hi_P243	19154568	0	1	30166	1	0	30000	other	0
SEE_09_64_MR	680	Picture	+	19184734	0	1	55332	1	0	next	other	0
SEE_09_64_MR	681	Sound	low149b	19184734	0	1			0		other	0
SEE_09_64_MR	682	Picture	500+	19240065	0	1	5166	1	0	5000	other	0
SEE_09_64_MR	683	Picture	low_O219	19245232	0	1	30166	1	0	30000	other	0
SEE_09_64_MR	684	Picture	+	19275564	0	1	20166	1	0	40070	other	0
SEE_09_64_MR	685	Picture	low_F343	19295730	0	1	30166	1	0	30000	other	0
SEE_09_64_MR	686	Picture	+	19326063	0	1	20166	1	0	30530	other	0
SEE_09_64_MR	687	Picture	hi_P132	19346229	0	1	30166	1	0	30000	other	0
SEE_09_64_MR	688	Picture	+	19376561	0	1	80164	1	0	next	other	0
SEE_09_64_MR	689	Sound	low350a	19396562	0	1			0		other	0
SEE_09_64_MR	690	Picture	500+	19456725	0	1	5166	1	0	5000	other	0
SEE_09_64_MR	691	Picture	low_P047	19461892	0	1	30166	1	0	30000	other	0
SEE_09_64_MR	692	Picture	+	19492057	0	1	62165	1	0	next	other	0
SEE_09_64_MR	693	Sound	low350b	19492058	0	1			0		other	0
SEE_09_64_MR	694	Picture	500+	19554222	0	1	5166	1	0	5000	other	0
SEE_09_64_MR	695	Picture	hi_A019	19559389	0	1	30166	1	0	30000	other	0
SEE_09_64_MR	696	Picture	+	19589721	0	1	20166	1	0	33880	other	0
SEE_09_64_MR	697	Picture	hi_A069	19609887	0	1	30166	1	0	30000	other	0
SEE_09_64_MR	698	Picture	+	19640219	0	1	20166	1	0	44650	other	0
SEE_09_64_MR	699	Picture	low_P169	19660386	0	1	30166	1	0	30000	other	0
SEE_09_64_MR	700	Picture	+	19690718	0	1	88997	1	0	next	other	0
SEE_09_64_MR	701	Sound	hi326a	19710719	0	1			0		other	0
SEE_09_64_MR	702	Picture	500+	19779715	0	1	5166	1	0	5000	other	0
SEE_09_64_MR	703	Picture	low_L161	19784882	0	1	30166	1	0	30000	other	0
SEE_09_64_MR	704	Picture	+	19815047	0	1	65665	1	0	next	other	0
SEE_09_64_MR	705	Sound	hi326b	19815048	0	1			0		other	0
SEE_09_64_MR	706	Picture	500+	19880712	0	1	5166	1	0	5000	other	0
SEE_09_64_MR	707	Picture	hi_F159	19885878	0	1	30166	1	0	30000	other	0
SEE_09_64_MR	708	Picture	+	19916211	0	1	20166	1	0	38430	other	0
SEE_09_64_MR	709	Picture	hi_P004	19936377	0	1	30166	1	0	30000	other	0
SEE_09_64_MR	710	Picture	+	19966709	0	1	20166	1	0	41690	other	0
SEE_09_64_MR	711	Picture	low_A132	19986875	0	1	30166	1	0	30000	other	0
SEE_09_64_MR	712	Picture	+	20017208	0	1	81831	1	0	next	other	0
SEE_09_64_MR	713	Sound	hi142a	20037208	0	1			0		other	0
SEE_09_64_MR	714	Picture	500+	20099039	0	1	5166	1	0	5000	other	0
SEE_09_64_MR	715	Picture	low_L128	20104372	0	1	30166	1	0	30000	other	0
SEE_09_64_MR	716	Picture	+	20134537	0	1	61831	1	0	next	other	0
SEE_09_64_MR	717	Sound	hi142b	20134538	0	1			0		other	0
SEE_09_64_MR	718	Picture	500+	20196369	0	1	5166	1	0	5000	other	0
SEE_09_64_MR	719	Picture	hi_A060	20201535	0	1	30166	1	0	30000	other	0
SEE_09_64_MR	720	Picture	+	20231868	0	1	20166	1	0	39610	other	0
SEE_09_64_MR	721	Picture	low_F138	20252034	0	1	30166	1	0	30000	other	0
SEE_09_64_MR	722	Picture	+	20282366	0	1	20166	1	0	36680	other	0
SEE_09_64_MR	723	Picture	hi_F283	20302532	0	1	30166	1	0	30000	other	0
SEE_09_64_MR	724	Picture	+	20332865	0	1	75164	1	0	next	other	0
SEE_09_64_MR	725	Sound	low037a	20352865	0	2			0		other	0
SEE_09_64_MR	726	Picture	500+	20408029	0	1	5167	1	0	5000	other	0
SEE_09_64_MR	727	Picture	hi_F032	20413195	0	1	30166	1	0	30000	other	0
SEE_09_64_MR	728	Picture	+	20443528	0	1	69165	1	0	next	other	0
SEE_09_64_MR	729	Sound	low037b	20443528	0	1			0		other	0
SEE_09_64_MR	730	Picture	500+	20512692	0	1	5167	1	0	5000	other	0
SEE_09_64_MR	731	Picture	low_P152	20517859	0	1	30166	1	0	30000	other	0
SEE_09_64_MR	732	Picture	+	20548191	0	1	20166	1	0	32880	other	0
SEE_09_64_MR	733	Picture	low_A159	20568357	0	1	30166	1	0	30000	other	0
SEE_09_64_MR	734	Picture	+	20598690	0	1	20166	1	0	35870	other	0
SEE_09_64_MR	735	Picture	hi_A068	20618856	0	1	30166	1	0	30000	other	0
SEE_09_64_MR	736	Picture	+	20649188	0	1	84497	1	0	next	other	0
SEE_09_64_MR	737	Sound	low284a	20669189	0	1			0		other	0
SEE_09_64_MR	738	Picture	500+	20733685	0	1	5166	1	0	5000	other	0
SEE_09_64_MR	739	Picture	low_L072	20738852	0	1	30166	1	0	30000	other	0
SEE_09_64_MR	740	Picture	+	20769184	0	1	60998	1	0	next	other	0
SEE_09_64_MR	741	Sound	low284b	20769185	0	1			0		other	0
SEE_09_64_MR	742	Picture	500+	20830182	0	1	5167	1	0	5000	other	0
SEE_09_64_MR	743	Picture	hi_F290	20835349	0	1	30166	1	0	30000	other	0
SEE_09_64_MR	744	Picture	+	20865681	0	1	20166	1	0	39550	other	0
SEE_09_64_MR	745	Picture	hi_O139	20885847	0	1	30166	1	0	30000	other	0
SEE_09_64_MR	746	Picture	+	20916180	0	1	20166	1	0	31870	other	0
SEE_09_64_MR	747	Picture	low_P103	20936346	0	1	30166	1	0	30000	other	0
SEE_09_64_MR	748	Picture	+	20966678	0	1	86831	1	0	next	other	0
SEE_09_64_MR	749	Sound	hi162a	20986679	0	1			0		other	0
SEE_09_64_MR	750	Picture	500+	21053509	0	1	5167	1	0	5000	other	0
SEE_09_64_MR	751	Picture	hi_F041	21058675	0	1	30166	1	0	30000	other	0
SEE_09_64_MR	752	Picture	+	21088841	0	1	64331	1	0	next	other	0
SEE_09_64_MR	753	Sound	hi162b	21088842	0	1			0		other	0
SEE_09_64_MR	754	Picture	500+	21153172	0	1	5167	1	0	5000	other	0
SEE_09_64_MR	755	Picture	low_A097	21158505	0	1	30166	1	0	30000	other	0
SEE_09_64_MR	756	Picture	+	21188838	0	1	20166	1	0	33880	other	0
SEE_09_64_MR	757	Picture	hi_F009	21209004	0	1	30166	1	0	30000	other	0
SEE_09_64_MR	758	Picture	+	21239336	0	1	20166	1	0	34410	other	0
SEE_09_64_MR	759	Picture	low_L055	21259502	0	1	30166	1	0	30000	other	0
SEE_09_64_MR	760	Picture	+	21289835	0	1	76164	1	0	next	other	0
SEE_09_64_MR	761	Sound	hi004a	21309835	0	1			0		other	0
SEE_09_64_MR	762	Picture	500+	21365999	0	1	5166	1	0	5000	other	0
SEE_09_64_MR	763	Picture	hi_O002	21371166	0	1	30166	1	0	30000	other	0
SEE_09_64_MR	764	Picture	+	21401331	0	1	60498	1	0	next	other	0
SEE_09_64_MR	765	Sound	hi004b	21401332	0	1			0		other	0
SEE_09_64_MR	766	Picture	500+	21461829	0	1	5166	1	0	5000	other	0
SEE_09_64_MR	767	Picture	low_A126	21467162	0	1	30166	1	0	30000	other	0
SEE_09_64_MR	768	Picture	+	21497495	0	1	20166	1	0	33160	other	0
SEE_09_64_MR	769	Picture	hi_F010	21517661	0	1	30166	1	0	30000	other	0
SEE_09_64_MR	770	Picture	+	21547993	0	1	20166	1	0	43690	other	0
SEE_09_64_MR	771	Picture	low_L169	21568159	0	1	30166	1	0	30000	other	0
SEE_09_64_MR	772	Picture	+	21598492	0	1	84164	1	0	next	other	0
SEE_09_64_MR	773	Sound	hi169a	21618493	0	1			0		other	0
SEE_09_64_MR	774	Picture	500+	21682656	0	1	5167	1	0	5000	other	0
SEE_09_64_MR	775	Picture	hi_F280	21687989	0	1	30166	1	0	30000	other	0
SEE_09_64_MR	776	Picture	+	21718155	0	1	60665	1	0	next	other	0
SEE_09_64_MR	777	Sound	hi169b	21718155	0	1			0		other	0
SEE_09_64_MR	778	Picture	500+	21778819	0	1	5167	1	0	5000	other	0
SEE_09_64_MR	779	Picture	low_L090	21783986	0	1	30166	1	0	30000	other	0
SEE_09_64_MR	780	Picture	+	21814318	0	1	20166	1	0	36360	other	0
SEE_09_64_MR	781	Picture	low_P105	21834484	0	1	30166	1	0	30000	other	0
SEE_09_64_MR	782	Picture	+	21864817	0	1	20166	1	0	38370	other	0
SEE_09_64_MR	783	Picture	hi_P084	21884983	0	1	30166	1	0	30000	other	0
SEE_09_64_MR	784	Picture	+	21915315	0	1	76164	1	0	next	other	0
SEE_09_64_MR	785	Sound	hi002a	21935316	0	1			0		other	0
SEE_09_64_MR	786	Picture	500+	21991480	0	1	5167	1	0	5000	other	0
SEE_09_64_MR	787	Picture	hi_P123	21996646	0	1	30166	1	0	30000	other	0
SEE_09_64_MR	788	Picture	+	22026812	0	1	64665	1	0	next	other	0
SEE_09_64_MR	789	Sound	hi002b	22026812	0	1			0		other	0
SEE_09_64_MR	790	Picture	500+	22091476	0	1	5167	1	0	5000	other	0
SEE_09_64_MR	791	Picture	low_A188	22096643	0	1	30166	1	0	30000	other	0
SEE_09_64_MR	792	Picture	+	22126975	0	1	20166	1	0	35140	other	0
SEE_09_64_MR	793	Picture	low_L124	22147141	0	1	30166	1	0	30000	other	0
SEE_09_64_MR	794	Picture	+	22177474	0	1	20166	1	0	33310	other	0
SEE_09_64_MR	795	Picture	hi_O003	22197640	0	1	30166	1	0	30000	other	0
SEE_09_64_MR	796	Picture	+	22227972	0	1	77664	1	0	next	other	0
SEE_09_64_MR	797	Sound	low283a	22247973	0	1			0		other	0
SEE_09_64_MR	798	Picture	500+	22305636	0	1	5166	1	0	5000	other	0
SEE_09_64_MR	799	Picture	hi_P223	22310803	0	1	30166	1	0	30000	other	0
SEE_09_64_MR	800	Picture	+	22340969	0	1	59831	1	0	next	other	0
SEE_09_64_MR	801	Sound	low283b	22340969	0	1			0		other	0
SEE_09_64_MR	802	Picture	500+	22400800	0	1	5166	1	0	5000	other	0
SEE_09_64_MR	803	Picture	low_O099	22406130	0	8	30169	8	0	30000	other	0
SEE_09_64_MR	804	Picture	+	22436466	0	1	20166	1	0	35270	other	0
SEE_09_64_MR	805	Picture	low_P115	22456632	0	1	30166	1	0	30000	other	0
SEE_09_64_MR	806	Picture	+	22486964	0	1	20166	1	0	43940	other	0
SEE_09_64_MR	807	Picture	hi_P198	22507130	0	1	30166	1	0	30000	other	0
SEE_09_64_MR	808	Picture	+	22537462	0	1	85997	1	0	next	other	0
SEE_09_64_MR	809	Sound	low275a	22557463	0	1			0		other	0
SEE_09_64_MR	810	Picture	500+	22623460	0	1	5167	1	0	5000	other	0
SEE_09_64_MR	811	Picture	low_L041	22628626	0	1	30166	1	0	30000	other	0
SEE_09_64_MR	812	Picture	+	22658959	0	1	63498	1	0	next	other	0
SEE_09_64_MR	813	Sound	low275b	22658959	0	1			0		other	0
SEE_09_64_MR	814	Picture	500+	22722457	0	1	5166	1	0	5000	other	0
SEE_09_64_MR	815	Picture	hi_P206	22727623	0	1	30166	1	0	30000	other	0
SEE_09_64_MR	816	Picture	+	22757956	0	1	20166	1	0	31300	other	0
SEE_09_64_MR	817	Picture	low_F130	22778122	0	1	30166	1	0	30000	other	0
SEE_09_64_MR	818	Picture	+	22808454	0	1	20166	1	0	30940	other	0
SEE_09_64_MR	819	Picture	hi_O125	22828620	0	1	30166	1	0	30000	other	0
SEE_09_64_MR	820	Picture	+	22858952	0	1	85497	1	0	next	other	0
SEE_09_64_MR	821	Sound	hi245a	22878954	0	1			0		other	0
SEE_09_64_MR	822	Picture	500+	22944450	0	1	5167	1	0	5000	other	0
SEE_09_64_MR	823	Picture	low_L048	22949616	0	1	30166	1	0	30000	other	0
SEE_09_64_MR	824	Picture	+	22979782	0	1	60998	1	0	next	other	0
SEE_09_64_MR	825	Sound	hi245b	22979783	0	1			0		other	0
SEE_09_64_MR	826	Picture	500+	23040780	0	1	5166	1	0	5000	other	0
SEE_09_64_MR	827	Picture	hi_L005	23046113	0	1	30166	1	0	30000	other	0
SEE_09_64_MR	828	Picture	+	23076446	0	1	20166	1	0	44820	other	0
SEE_09_64_MR	829	Picture	low_A193	23096612	0	1	30166	1	0	30000	other	0
SEE_09_64_MR	830	Picture	+	23126944	0	1	20166	1	0	32560	other	0
SEE_09_64_MR	831	Picture	hi_P005	23147110	0	1	30166	1	0	30000	other	0
SEE_09_64_MR	832	Picture	+	23177443	0	1	89664	1	0	next	other	0
SEE_09_64_MR	833	Sound	hi206a	23197443	0	1			0		other	0
SEE_09_64_MR	834	Picture	500+	23267106	0	1	5166	1	0	5000	other	0
SEE_09_64_MR	835	Picture	hi_P235	23272273	0	1	30166	1	0	30000	other	0
SEE_09_64_MR	836	Picture	+	23302605	0	1	69331	1	0	next	other	0
SEE_09_64_MR	837	Sound	hi206b	23302606	0	1			0		other	0
SEE_09_64_MR	838	Picture	500+	23371937	0	1	5166	1	0	5000	other	0
SEE_09_64_MR	839	Picture	low_F098	23377270	0	1	30166	1	0	30000	other	0
SEE_09_64_MR	840	Picture	+	23407602	0	1	20166	1	0	34270	other	0
SEE_09_64_MR	841	Picture	low_L142	23427768	0	1	30166	1	0	30000	other	0
SEE_09_64_MR	842	Picture	+	23458100	0	1	20166	1	0	34800	other	0
SEE_09_64_MR	843	Picture	hi_F368	23478267	0	1	30166	1	0	30000	other	0
SEE_09_64_MR	844	Picture	+	23508599	0	1	86831	1	0	next	other	0
SEE_09_64_MR	845	Sound	low271a	23528600	0	1			0		other	0
SEE_09_64_MR	846	Picture	500+	23595430	0	1	5166	1	0	5000	other	0
SEE_09_64_MR	847	Picture	low_F045	23600596	0	1	30166	1	0	30000	other	0
SEE_09_64_MR	848	Picture	+	23630928	0	1	58831	1	0	next	other	0
SEE_09_64_MR	849	Sound	low271b	23630929	0	1			0		other	0
SEE_09_64_MR	850	Picture	500+	23689760	0	1	5166	1	0	5000	other	0
SEE_09_64_MR	851	Picture	hi_L002	23694926	0	1	30166	1	0	30000	other	0
SEE_09_64_MR	852	Picture	+	23725259	0	1	20166	1	0	39770	other	0
SEE_09_64_MR	853	Picture	low_A104	23745425	0	1	30166	1	0	30000	other	0
SEE_09_64_MR	854	Picture	+	23775757	0	1	20166	1	0	38160	other	0
SEE_09_64_MR	855	Picture	hi_P241	23795923	0	1	30166	1	0	30000	other	0
SEE_09_64_MR	856	Picture	+	23826256	0	1	88164	1	0	next	other	0
SEE_09_64_MR	857	Sound	low344a	23846256	0	1			0		other	0
SEE_09_64_MR	858	Picture	500+	23914420	0	1	5167	1	0	5000	other	0
SEE_09_64_MR	859	Picture	hi_P227	23919586	0	1	30166	1	0	30000	other	0
SEE_09_64_MR	860	Picture	+	23949918	0	1	56832	1	0	next	other	0
SEE_09_64_MR	861	Sound	low344b	23949919	0	1			0		other	0
SEE_09_64_MR	862	Picture	500+	24006750	0	1	5166	1	0	5000	other	0
SEE_09_64_MR	863	Picture	low_F345	24011917	0	1	30166	1	0	30000	other	0
SEE_09_64_MR	864	Picture	+	24042249	0	1	20166	1	0	40940	other	0
SEE_09_64_MR	865	Picture	hi_F018	24062415	0	1	30166	1	0	30000	other	0
SEE_09_64_MR	866	Picture	+	24092747	0	1	20166	1	0	39810	other	0
SEE_09_64_MR	867	Picture	low_L141	24112913	0	1	30166	1	0	30000	other	0
SEE_09_64_MR	868	Picture	+	24143246	0	1	86664	1	0	next	other	0
SEE_09_64_MR	869	Sound	hi249a	24163247	0	1			0		other	0
SEE_09_64_MR	870	Picture	500+	24229910	0	1	5167	1	0	5000	other	0
SEE_09_64_MR	871	Picture	low_P055	24235076	0	1	30166	1	0	30000	other	0
SEE_09_64_MR	872	Picture	+	24265409	0	1	60665	1	0	next	other	0
SEE_09_64_MR	873	Sound	hi249b	24265409	0	1			0		other	0
SEE_09_64_MR	874	Picture	500+	24326073	0	1	5167	1	0	5000	other	0
SEE_09_64_MR	875	Picture	hi_O149	24331407	0	1	30166	1	0	30000	other	0
SEE_09_64_MR	876	Picture	+	24361739	0	1	20166	1	0	43360	other	0
SEE_09_64_MR	877	Picture	hi_F265	24381905	0	1	30166	1	0	30000	other	0
SEE_09_64_MR	878	Picture	+	24412237	0	1	20166	1	0	34030	other	0
SEE_09_64_MR	879	Picture	low_A185	24432403	0	1	30166	1	0	30000	other	0
SEE_09_64_MR	880	Picture	+	24462736	0	1	88831	1	0	next	other	0
SEE_09_64_MR	881	Sound	low044a	24482737	0	1			0		other	0
SEE_09_64_MR	882	Picture	500+	24551566	0	1	5167	1	0	5000	other	0
SEE_09_64_MR	883	Picture	hi_P222	24556733	0	1	30166	1	0	30000	other	0
SEE_09_64_MR	884	Picture	+	24586899	0	1	57498	1	0	next	other	0
SEE_09_64_MR	885	Sound	low044b	24586899	0	1			0		other	0
SEE_09_64_MR	886	Picture	500+	24644397	0	1	5166	1	0	5000	other	0
SEE_09_64_MR	887	Picture	low_F079	24649563	0	1	30166	1	0	30000	other	0
SEE_09_64_MR	888	Picture	+	24679896	0	1	20166	1	0	38990	other	0
SEE_09_64_MR	889	Picture	hi_F003	24700062	0	1	30166	1	0	30000	other	0
SEE_09_64_MR	890	Picture	+	24730394	0	1	20166	1	0	42610	other	0
SEE_09_64_MR	891	Picture	low_F358	24750560	0	1	30166	1	0	30000	other	0
SEE_09_64_MR	892	Picture	+	24780893	0	1	75331	1	0	next	other	0
SEE_09_64_MR	893	Sound	hi252a	24800893	0	1			0		other	0
SEE_09_64_MR	894	Picture	500+	24856224	0	1	5166	1	0	5000	other	0
SEE_09_64_MR	895	Picture	hi_P037	24861557	0	1	30166	1	0	30000	other	0
SEE_09_64_MR	896	Picture	+	24891889	0	1	56998	1	0	next	other	0
SEE_09_64_MR	897	Sound	hi252b	24891890	0	1			0		other	0
SEE_09_64_MR	898	Picture	500+	24948887	0	1	5167	1	0	5000	other	0
SEE_09_64_MR	899	Picture	low_L152	24954220	0	1	30166	1	0	30000	other	0
SEE_09_64_MR	900	Picture	+	24984553	0	1	20166	1	0	37890	other	0
SEE_09_64_MR	901	Picture	low_A114	25004719	0	1	30166	1	0	30000	other	0
SEE_09_64_MR	902	Picture	+	25035051	0	1	20166	1	0	30610	other	0
SEE_09_64_MR	903	Picture	hi_P234	25055217	0	1	30166	1	0	30000	other	0
SEE_09_64_MR	904	Picture	+	25085550	0	1	82497	1	0	next	other	0
SEE_09_64_MR	905	Sound	hi310a	25105550	0	1			0		other	0
SEE_09_64_MR	906	Picture	500+	25168047	0	1	5166	1	0	5000	other	0
SEE_09_64_MR	907	Picture	hi_F366	25173380	0	1	30166	1	0	30000	other	0
SEE_09_64_MR	908	Picture	+	25203546	0	1	59831	1	0	next	other	0
SEE_09_64_MR	909	Sound	hi310b	25203547	0	1			0		other	0
SEE_09_64_MR	910	Picture	500+	25263378	0	1	5167	1	0	5000	other	0
SEE_09_64_MR	911	Picture	low_L089	25268711	0	1	30166	1	0	30000	other	0
SEE_09_64_MR	912	Picture	+	25299043	0	1	20166	1	0	44720	other	0
SEE_09_64_MR	913	Picture	hi_P071	25319209	0	1	30166	1	0	30000	other	0
SEE_09_64_MR	914	Picture	+	25349541	0	1	20166	1	0	40240	other	0
SEE_09_64_MR	915	Picture	low_L183	25369708	0	1	30166	1	0	30000	other	0
SEE_09_64_MR	916	Picture	+	25400040	0	1	77998	1	0	next	other	0
SEE_09_64_MR	917	Sound	low351a	25420041	0	2			0		other	0
SEE_09_64_MR	918	Picture	500+	25478038	0	1	5166	1	0	5000	other	0
SEE_09_64_MR	919	Picture	hi_A050	25483204	0	1	30166	1	0	30000	other	0
SEE_09_64_MR	920	Picture	+	25513370	0	1	69998	1	0	next	other	0
SEE_09_64_MR	921	Sound	low351b	25513370	0	1			0		other	0
SEE_09_64_MR	922	Picture	500+	25583368	0	1	5166	1	0	5000	other	0
SEE_09_64_MR	923	Picture	low_P112	25588534	0	1	30166	1	0	30000	other	0
SEE_09_64_MR	924	Picture	+	25618866	0	1	20166	1	0	39880	other	0
SEE_09_64_MR	925	Picture	hi_F014	25639033	0	1	30166	1	0	30000	other	0
SEE_09_64_MR	926	Picture	+	25669365	0	1	20166	1	0	44520	other	0
SEE_09_64_MR	927	Picture	low_A131	25689531	0	1	30166	1	0	30000	other	0
SEE_09_64_MR	928	Picture	+	25719863	0	1	87497	1	0	next	other	0
SEE_09_64_MR	929	Sound	hi159a	25739864	0	1			0		other	0
SEE_09_64_MR	930	Picture	500+	25807361	0	1	5167	1	0	5000	other	0
SEE_09_64_MR	931	Picture	hi_A034	25812527	0	1	30166	1	0	30000	other	0
SEE_09_64_MR	932	Picture	+	25842859	0	1	60831	1	0	next	other	0
SEE_09_64_MR	933	Sound	hi159b	25842860	0	1			0		other	0
SEE_09_64_MR	934	Picture	500+	25903691	0	1	5167	1	0	5000	other	0
SEE_09_64_MR	935	Picture	low_L107	25908857	0	1	30166	1	0	30000	other	0
SEE_09_64_MR	936	Picture	+	25939190	0	1	20166	1	0	35580	other	0
SEE_09_64_MR	937	Picture	hi_P008	25959356	0	1	30166	1	0	30000	other	0
SEE_09_64_MR	938	Picture	+	25989688	0	1	20166	1	0	39430	other	0
SEE_09_64_MR	939	Picture	low_A146	26009854	0	1	30166	1	0	30000	other	0
SEE_09_64_MR	940	Picture	+	26040187	0	1	78664	1	0	next	other	0
SEE_09_64_MR	941	Sound	hi110a	26060187	0	1			0		other	0
SEE_09_64_MR	942	Picture	500+	26118851	0	1	5166	1	0	5000	other	0
SEE_09_64_MR	943	Picture	hi_O006	26124017	0	1	30166	1	0	30000	other	0
SEE_09_64_MR	944	Picture	+	26154350	0	1	69998	1	0	next	other	0
SEE_09_64_MR	945	Sound	hi110b	26154350	0	1			0		other	0
SEE_09_64_MR	946	Picture	500+	26224348	0	1	5166	1	0	5000	other	0
SEE_09_64_MR	947	Picture	low_P116	26229514	0	1	30166	1	0	30000	other	0
SEE_09_64_MR	948	Picture	+	26259846	0	1	20166	1	0	41350	other	0
SEE_09_64_MR	949	Picture	low_L126	26280013	0	1	30166	1	0	30000	other	0
SEE_09_64_MR	950	Picture	+	26310345	0	1	20166	1	0	30640	other	0
SEE_09_64_MR	951	Picture	hi_A063	26330511	0	1	30166	1	0	30000	other	0
SEE_09_64_MR	952	Picture	+	26360843	0	1	87331	1	0	next	other	0
SEE_09_64_MR	953	Sound	hi139a	26380844	0	1			0		other	0
SEE_09_64_MR	954	Picture	500+	26448174	0	1	5167	1	0	5000	other	0
SEE_09_64_MR	955	Picture	hi_P038	26453340	0	1	30166	1	0	30000	other	0
SEE_09_64_MR	956	Picture	+	26483506	0	1	57998	1	0	next	other	0
SEE_09_64_MR	957	Sound	hi139b	26483507	0	1			0		other	0
SEE_09_64_MR	958	Picture	500+	26541504	0	1	5167	1	0	5000	other	0
SEE_09_64_MR	959	Picture	low_L132	26546838	0	1	30166	1	0	30000	other	0
SEE_09_64_MR	960	Picture	+	26577170	0	1	20166	1	0	40190	other	0
SEE_09_64_MR	961	Picture	hi_O105	26597336	0	1	30166	1	0	30000	other	0
SEE_09_64_MR	962	Picture	+	26627668	0	1	20166	1	0	39990	other	0
SEE_09_64_MR	963	Picture	low_L143	26647834	0	1	30166	1	0	30000	other	0
SEE_09_64_MR	964	Picture	+	26678167	0	1	87331	1	0	next	other	0
SEE_09_64_MR	965	Sound	low118a	26698168	0	1			0		other	0
SEE_09_64_MR	966	Picture	500+	26765497	0	1	5167	1	0	5000	other	0
SEE_09_64_MR	967	Picture	hi_P033	26770831	0	1	30166	1	0	30000	other	0
SEE_09_64_MR	968	Picture	+	26800996	0	1	66998	1	0	next	other	0
SEE_09_64_MR	969	Sound	low118b	26800997	0	1			0		other	0
SEE_09_64_MR	970	Picture	500+	26867994	0	1	5167	1	0	5000	other	0
SEE_09_64_MR	971	Picture	low_O256	26873161	0	1	30166	1	0	30000	other	0
SEE_09_64_MR	972	Picture	+	26903493	0	1	20166	1	0	32190	other	0
SEE_09_64_MR	973	Picture	hi_A020	26923659	0	1	30166	1	0	30000	other	0
SEE_09_64_MR	974	Picture	+	26953992	0	1	20166	1	0	44670	other	0
SEE_09_64_MR	975	Picture	low_L098	26974158	0	1	30166	1	0	30000	other	0
SEE_09_64_MR	976	Picture	+	27004490	0	1	77831	1	0	next	other	0
SEE_09_64_MR	977	Sound	low277a	27024491	0	1			0		other	0
SEE_09_64_MR	978	Picture	500+	27082321	0	1	5167	1	0	5000	other	0
SEE_09_64_MR	979	Picture	hi_A056	27087487	0	1	30166	1	0	30000	other	0
SEE_09_64_MR	980	Picture	+	27117820	0	1	61831	1	0	next	other	0
SEE_09_64_MR	981	Sound	low277b	27117820	0	1			0		other	0
SEE_09_64_MR	982	Picture	500+	27179651	0	1	5167	1	0	5000	other	0
SEE_09_64_MR	983	Picture	low_L125	27184818	0	1	30166	1	0	30000	other	0
SEE_09_64_MR	984	Picture	+	27215150	0	1	20166	1	0	31330	other	0
SEE_09_64_MR	985	Picture	low_L168	27235316	0	1	30166	1	0	30000	other	0
SEE_09_64_MR	986	Picture	+	27265649	0	1	20166	1	0	34520	other	0
SEE_09_64_MR	987	Picture	hi_L139	27285815	0	1	30166	1	0	30000	other	0
SEE_09_64_MR	988	Picture	+	27316147	0	1	77498	1	0	next	other	0
SEE_09_64_MR	989	Sound	hi172a	27336148	0	1			0		other	0
SEE_09_64_MR	990	Picture	500+	27393645	0	1	5166	1	0	5000	other	0
SEE_09_64_MR	991	Picture	hi_P011	27398811	0	1	30166	1	0	30000	other	0
SEE_09_64_MR	992	Picture	+	27428977	0	1	58998	1	0	next	other	0
SEE_09_64_MR	993	Sound	hi172b	27428977	0	1			0		other	0
SEE_09_64_MR	994	Picture	500+	27487975	0	1	5166	1	0	5000	other	0
SEE_09_64_MR	995	Picture	low_L184	27493141	0	1	30166	1	0	30000	other	0
SEE_09_64_MR	996	Picture	+	27523474	0	1	20166	1	0	43330	other	0
SEE_09_64_MR	997	Picture	low_A113	27543640	0	1	30166	1	0	30000	other	0
SEE_09_64_MR	998	Picture	+	27573972	0	1	20166	1	0	43410	other	0
SEE_09_64_MR	999	Picture	hi_A011	27594138	0	1	30166	1	0	30000	other	0
SEE_09_64_MR	1000	Picture	+	27624471	0	1	76164	1	0	next	other	0
SEE_09_64_MR	1001	Sound	hi103a	27644471	0	1			0		other	0
SEE_09_64_MR	1002	Picture	500+	27700635	0	1	5167	1	0	5000	other	0
SEE_09_64_MR	1003	Picture	hi_L177	27705801	0	1	30166	1	0	30000	other	0
SEE_09_64_MR	1004	Picture	+	27736134	0	1	61165	1	0	next	other	0
SEE_09_64_MR	1005	Sound	hi103b	27736134	0	1			0		other	0
SEE_09_64_MR	1006	Picture	500+	27797299	0	1	5167	1	0	5000	other	0
SEE_09_64_MR	1007	Picture	low_F115	27802465	0	1	30166	1	0	30000	other	0
SEE_09_64_MR	1008	Picture	+	27832797	0	1	20166	1	0	36620	other	0
SEE_09_64_MR	1009	Picture	low_A167	27852964	0	1	30166	1	0	30000	other	0
SEE_09_64_MR	1010	Picture	+	27883296	0	1	20166	1	0	44400	other	0
SEE_09_64_MR	1011	Picture	hi_P006	27903462	0	1	30166	1	0	30000	other	0
SEE_09_64_MR	1012	Picture	+	27933794	0	1	84331	1	0	next	other	0
SEE_09_64_MR	1013	Sound	hi158a	27953795	0	1			0		other	0
SEE_09_64_MR	1014	Picture	500+	28018125	0	1	5167	1	0	5000	other	0
SEE_09_64_MR	1015	Picture	low_P109	28023292	0	1	30166	1	0	30000	other	0
SEE_09_64_MR	1016	Picture	+	28053457	0	1	63665	1	0	next	other	0
SEE_09_64_MR	1017	Sound	hi158b	28053458	0	1			0		other	0
SEE_09_64_MR	1018	Picture	500+	28117122	0	1	5166	1	0	5000	other	0
SEE_09_64_MR	1019	Picture	hi_P022	28122288	0	1	30166	1	0	30000	other	0
SEE_09_64_MR	1020	Picture	+	28152621	0	1	20166	1	0	34720	other	0
SEE_09_64_MR	1021	Picture	low_P153	28172787	0	1	30166	1	0	30000	other	0
SEE_09_64_MR	1022	Picture	+	28203119	0	1	20166	1	0	32160	other	0
SEE_09_64_MR	1023	Picture	hi_F299	28223285	0	1	30166	1	0	30000	other	0
SEE_09_64_MR	1024	Picture	+	28253618	0	1	85664	1	0	next	other	0
SEE_09_64_MR	1025	Sound	low084a	28273619	0	1			0		other	0
SEE_09_64_MR	1026	Picture	500+	28339282	0	1	5167	1	0	5000	other	0
SEE_09_64_MR	1027	Picture	hi_P230	28344615	0	1	30166	1	0	30000	other	0
SEE_09_64_MR	1028	Picture	+	28374947	0	1	59665	1	0	next	other	0
SEE_09_64_MR	1029	Sound	low084b	28374948	0	1			0		other	0
SEE_09_64_MR	1030	Picture	500+	28434612	0	1	5166	1	0	5000	other	0
SEE_09_64_MR	1031	Picture	low_L148	28439779	0	1	30166	1	0	30000	other	0
SEE_09_64_MR	1032	Picture	+	28470111	0	1	20166	1	0	43380	other	0
SEE_09_64_MR	1033	Picture	low_A128	28490277	0	1	30166	1	0	30000	other	0
SEE_09_64_MR	1034	Picture	+	28520609	0	1	20166	1	0	33560	other	0
SEE_09_64_MR	1035	Picture	hi_A041	28540775	0	1	30166	1	0	30000	other	0
SEE_09_64_MR	1036	Picture	+	28571108	0	1	80498	1	0	next	other	0
SEE_09_64_MR	1037	Sound	hi013a	28591109	0	1			0		other	0
SEE_09_64_MR	1038	Picture	500+	28651605	0	1	5166	1	0	5000	other	0
SEE_09_64_MR	1039	Picture	low_P195	28656772	0	1	30166	1	0	30000	other	0
SEE_09_64_MR	1040	Picture	+	28686938	0	1	69331	1	0	next	other	0
SEE_09_64_MR	1041	Sound	hi013b	28686938	0	2			0		other	0
SEE_09_64_MR	1042	Picture	500+	28756269	0	1	5166	1	0	5000	other	0
SEE_09_64_MR	1043	Picture	hi_P208	28761602	0	1	30166	1	0	30000	other	0
SEE_09_64_MR	1044	Picture	+	28791934	0	1	20166	1	0	30690	other	0
SEE_09_64_MR	1045	Picture	low_O214	28812100	0	1	30166	1	0	30000	other	0
SEE_09_64_MR	1046	Picture	+	28842433	0	1	20166	1	0	41210	other	0
SEE_09_64_MR	1047	Picture	hi_A016	28862599	0	1	30166	1	0	30000	other	0
SEE_09_64_MR	1048	Picture	+	28892931	0	1	75664	1	0	next	other	0
SEE_09_64_MR	1049	Sound	hi250a	28912932	0	1			0		other	0
SEE_09_64_MR	1050	Picture	500+	28968595	0	1	5166	1	0	5000	other	0
SEE_09_64_MR	1051	Picture	hi_F019	28973929	0	1	30166	1	0	30000	other	0
SEE_09_64_MR	1052	Picture	+	29004094	0	1	60331	1	0	next	other	0
SEE_09_64_MR	1053	Sound	hi250b	29004095	0	1			0		other	0
SEE_09_64_MR	1054	Picture	500+	29064426	0	1	5167	1	0	5000	other	0
SEE_09_64_MR	1055	Picture	low_A192	29069592	0	1	30166	1	0	30000	other	0
SEE_09_64_MR	1056	Picture	+	29099925	0	1	20166	1	0	39420	other	0
SEE_09_64_MR	1057	Picture	hi_P018	29120091	0	1	30166	1	0	30000	other	0
SEE_09_64_MR	1058	Picture	+	29150423	0	1	20166	1	0	44330	other	0
SEE_09_64_MR	1059	Picture	low_L083	29170589	0	1	30166	1	0	30000	other	0
SEE_09_64_MR	1060	Picture	+	29200922	0	1	81164	1	0	next	other	0
SEE_09_64_MR	1061	Sound	hi244a	29220922	0	1			0		other	0
SEE_09_64_MR	1062	Picture	500+	29282086	0	1	5167	1	0	5000	other	0
SEE_09_64_MR	1063	Picture	hi_O300	29287252	0	1	30166	1	0	30000	other	0
SEE_09_64_MR	1064	Picture	+	29317418	0	1	63665	1	0	next	other	0
SEE_09_64_MR	1065	Sound	hi244b	29317419	0	2			0		other	0
SEE_09_64_MR	1066	Picture	500+	29381083	0	1	5166	1	0	5000	other	0
SEE_09_64_MR	1067	Picture	low_A115	29386249	0	1	30166	1	0	30000	other	0
SEE_09_64_MR	1068	Picture	+	29416581	0	1	20166	1	0	42610	other	0
SEE_09_64_MR	1069	Picture	hi_F021	29436748	0	1	30166	1	0	30000	other	0
SEE_09_64_MR	1070	Picture	+	29467080	0	1	20166	1	0	44570	other	0
SEE_09_64_MR	1071	Picture	low_P110	29487246	0	1	30166	1	0	30000	other	0
SEE_09_64_MR	1072	Picture	+	29517578	0	1	76331	1	0	next	other	0
SEE_09_64_MR	1073	Sound	low171a	29537579	0	1			0		other	0
SEE_09_64_MR	1074	Picture	500+	29593909	0	1	5167	1	0	5000	other	0
SEE_09_64_MR	1075	Picture	low_F087	29599076	0	1	30166	1	0	30000	other	0
SEE_09_64_MR	1076	Picture	+	29629242	0	1	66665	1	0	next	other	0
SEE_09_64_MR	1077	Sound	low171b	29629242	0	1			0		other	0
SEE_09_64_MR	1078	Picture	500+	29695906	0	1	5167	1	0	5000	other	0
SEE_09_64_MR	1079	Picture	hi_L007	29701073	0	1	30166	1	0	30000	other	0
SEE_09_64_MR	1080	Picture	+	29731405	0	1	20166	1	0	44770	other	0
SEE_09_64_MR	1081	Picture	low_F228	29751571	0	1	30166	1	0	30000	other	0
SEE_09_64_MR	1082	Picture	+	29781903	0	1	20166	1	0	37820	other	0
SEE_09_64_MR	1083	Picture	hi_P086	29802069	0	1	30166	1	0	30000	other	0
SEE_09_64_MR	1084	Picture	+	29832402	0	1	81497	1	0	next	other	0
SEE_09_64_MR	1085	Sound	low273a	29852403	0	1			0		other	0
SEE_09_64_MR	1086	Picture	500+	29913899	0	1	5167	1	0	5000	other	0
SEE_09_64_MR	1087	Picture	hi_A037	29919066	0	1	30166	1	0	30000	other	0
SEE_09_64_MR	1088	Picture	+	29949232	0	1	69998	1	0	next	other	0
SEE_09_64_MR	1089	Sound	low273b	29949232	0	1			0		other	0
SEE_09_64_MR	1090	Picture	500+	30019229	0	1	5167	1	0	5000	other	0
SEE_09_64_MR	1091	Picture	low_L062	30024396	0	1	30166	1	0	30000	other	0
SEE_09_64_MR	1092	Picture	+	30054728	0	1	20166	1	0	32740	other	0
SEE_09_64_MR	1093	Picture	low_O192	30074894	0	1	30166	1	0	30000	other	0
SEE_09_64_MR	1094	Picture	+	30105227	0	1	20166	1	0	44690	other	0
SEE_09_64_MR	1095	Picture	hi_F272	30125393	0	1	30166	1	0	30000	other	0
SEE_09_64_MR	1096	Picture	+	30155725	0	1	85497	1	0	next	other	0
SEE_09_64_MR	1097	Sound	hi254a	30175726	0	1			0		other	0
SEE_09_64_MR	1098	Picture	500+	30241222	0	1	5166	1	0	5000	other	0
SEE_09_64_MR	1099	Picture	low_P250	30246389	0	1	30166	1	0	30000	other	0
SEE_09_64_MR	1100	Picture	+	30276555	0	1	66498	1	0	next	other	0
SEE_09_64_MR	1101	Sound	hi254b	30276555	0	1			0		other	0
SEE_09_64_MR	1102	Picture	500+	30343053	0	1	5166	1	0	5000	other	0
SEE_09_64_MR	1103	Picture	hi_A025	30348386	0	1	30166	1	0	30000	other	0
SEE_09_64_MR	1104	Picture	+	30378718	0	1	20166	1	0	41030	other	0
SEE_09_64_MR	1105	Picture	low_L111	30398884	0	1	30166	1	0	30000	other	0
SEE_09_64_MR	1106	Picture	+	30429217	0	1	20166	1	0	44080	other	0
SEE_09_64_MR	1107	Picture	hi_P098	30449383	0	1	30166	1	0	30000	other	0
SEE_09_64_MR	1108	Picture	+	30479715	0	1	86664	1	0	next	other	0
SEE_09_64_MR	1109	Sound	hi301a	30499716	0	1			0		other	0
SEE_09_64_MR	1110	Picture	500+	30566379	0	1	5166	1	0	5000	other	0
SEE_09_64_MR	1111	Picture	low_F203	30571546	0	1	30166	1	0	30000	other	0
SEE_09_64_MR	1112	Picture	+	30601878	0	1	62665	1	0	next	other	0
SEE_09_64_MR	1113	Sound	hi301b	30601879	0	2			0		other	0
SEE_09_64_MR	1114	Picture	500+	30664543	0	1	5167	1	0	5000	other	0
SEE_09_64_MR	1115	Picture	hi_P246	30669709	0	1	30166	1	0	30000	other	0
SEE_09_64_MR	1116	Picture	+	30700042	0	1	20166	1	0	32550	other	0
SEE_09_64_MR	1117	Picture	low_A152	30720208	0	1	30166	1	0	30000	other	0
SEE_09_64_MR	1118	Picture	+	30750540	0	1	20166	1	0	35850	other	0
SEE_09_64_MR	1119	Picture	hi_P238	30770706	0	1	30166	1	0	30000	other	0
SEE_09_64_MR	1120	Picture	+	30801038	0	1	84997	1	0	next	other	0
SEE_09_64_MR	1121	Sound	hi128a	30821039	0	1			0		other	0
SEE_09_64_MR	1122	Picture	500+	30886036	0	1	5166	1	0	5000	other	0
SEE_09_64_MR	1123	Picture	low_L100	30891369	0	1	30166	1	0	30000	other	0
SEE_09_64_MR	1124	Picture	+	30921535	0	1	69331	1	0	next	other	0
SEE_09_64_MR	1125	Sound	hi128b	30921535	0	1			0		other	0
SEE_09_64_MR	1126	Picture	500+	30990866	0	1	5166	1	0	5000	other	0
SEE_09_64_MR	1127	Picture	hi_F277	30996032	0	1	30166	1	0	30000	other	0
SEE_09_64_MR	1128	Picture	+	31026365	0	1	20166	1	0	37030	other	0
SEE_09_64_MR	1129	Picture	low_O220	31046531	0	1	30166	1	0	30000	other	0
SEE_09_64_MR	1130	Picture	+	31076863	0	1	20166	1	0	42930	other	0
SEE_09_64_MR	1131	Picture	hi_A024	31097029	0	1	30166	1	0	30000	other	0
SEE_09_64_MR	1132	Picture	+	31127362	0	1	81497	1	0	next	other	0
SEE_09_64_MR	1133	Sound	low281a	31147362	0	1			0		other	0
SEE_09_64_MR	1134	Picture	500+	31208859	0	1	5167	1	0	5000	other	0
SEE_09_64_MR	1135	Picture	low_L065	31214026	0	1	30166	1	0	30000	other	0
SEE_09_64_MR	1136	Picture	+	31244191	0	1	55165	1	0	next	other	0
SEE_09_64_MR	1137	Sound	low281b	31244192	0	1			0		other	0
SEE_09_64_MR	1138	Picture	500+	31299356	0	1	5166	1	0	5000	other	0
SEE_09_64_MR	1139	Picture	hi_A072	31304523	0	1	30166	1	0	30000	other	0
SEE_09_64_MR	1140	Picture	+	31334855	0	1	20166	1	0	44070	other	0
SEE_09_64_MR	1141	Picture	hi_O154	31355021	0	1	30166	1	0	30000	other	0
SEE_09_64_MR	1142	Picture	+	31385354	0	1	20166	1	0	37670	other	0
SEE_09_64_MR	1143	Picture	low_P186	31405520	0	1	30166	1	0	30000	other	0
SEE_09_64_MR	1144	Picture	+	31435852	0	1	79831	1	0	next	other	0
SEE_09_64_MR	1145	Sound	low034a	31455853	0	1			0		other	0
SEE_09_64_MR	1146	Picture	500+	31515683	0	1	5167	1	0	5000	other	0
SEE_09_64_MR	1147	Picture	hi_F273	31521016	0	1	30166	1	0	30000	other	0
SEE_09_64_MR	1148	Picture	+	31551182	0	1	67331	1	0	next	other	0
SEE_09_64_MR	1149	Sound	low034b	31551182	0	1			0		other	0
SEE_09_64_MR	1150	Picture	500+	31618513	0	1	5166	1	0	5000	other	0
SEE_09_64_MR	1151	Picture	low_A170	31623679	0	1	30166	1	0	30000	other	0
SEE_09_64_MR	1152	Picture	+	31654012	0	1	20166	1	0	43110	other	0
SEE_09_64_MR	1153	Picture	low_L174	31674178	0	1	30166	1	0	30000	other	0
SEE_09_64_MR	1154	Picture	+	31704510	0	1	20166	1	0	33200	other	0
SEE_09_64_MR	1155	Picture	hi_F163	31724676	0	1	30166	1	0	30000	other	0
SEE_09_64_MR	1156	Picture	+	31755009	0	1	83664	1	0	next	other	0
SEE_09_64_MR	1157	Sound	hi010a	31775009	0	1			0		other	0
SEE_09_64_MR	1158	Picture	500+	31838673	0	1	5166	1	0	5000	other	0
SEE_09_64_MR	1159	Picture	hi_A074	31843839	0	1	30166	1	0	30000	other	0
SEE_09_64_MR	1160	Picture	+	31874005	0	1	58498	1	0	next	other	0
SEE_09_64_MR	1161	Sound	hi010b	31874006	0	1			0		other	0
SEE_09_64_MR	1162	Picture	500+	31932503	0	1	5167	1	0	5000	other	0
SEE_09_64_MR	1163	Picture	low_A169	31937670	0	1	30166	1	0	30000	other	0
SEE_09_64_MR	1164	Picture	+	31968002	0	1	20166	1	0	31850	other	0
SEE_09_64_MR	1165	Picture	low_L176	31988168	0	1	30166	1	0	30000	other	0
SEE_09_64_MR	1166	Picture	+	32018500	0	1	20166	1	0	40020	other	0
SEE_09_64_MR	1167	Picture	hi_P124	32038667	0	1	30166	1	0	30000	other	0
SEE_09_64_MR	1168	Picture	+	32068999	0	1	80664	1	0	next	other	0
SEE_09_64_MR	1169	Sound	low087a	32089000	0	1			0		other	0
SEE_09_64_MR	1170	Picture	500+	32149663	0	1	5166	1	0	5000	other	0
SEE_09_64_MR	1171	Picture	hi_F016	32154996	0	1	30166	1	0	30000	other	0
SEE_09_64_MR	1172	Picture	+	32185162	0	1	61498	1	0	next	other	0
SEE_09_64_MR	1173	Sound	low087b	32185163	0	1			0		other	0
SEE_09_64_MR	1174	Picture	500+	32246660	0	1	5166	1	0	5000	other	0
SEE_09_64_MR	1175	Picture	low_A161	32251827	0	1	30166	1	0	30000	other	0
SEE_09_64_MR	1176	Picture	+	32282159	0	1	20166	1	0	38170	other	0
SEE_09_64_MR	1177	Picture	low_L130	32302325	0	1	30166	1	0	30000	other	0
SEE_09_64_MR	1178	Picture	+	32332657	0	1	20166	1	0	43840	other	0
SEE_09_64_MR	1179	Picture	hi_P016	32352823	0	1	30166	1	0	30000	other	0
SEE_09_64_MR	1180	Picture	+	32383156	0	1	88331	1	0	next	other	0
SEE_09_64_MR	1181	Sound	hi123a	32403156	0	1			0		other	0
SEE_09_64_MR	1182	Picture	500+	32471486	0	1	5167	1	0	5000	other	0
SEE_09_64_MR	1183	Picture	hi_F174	32476653	0	1	30166	1	0	30000	other	0
SEE_09_64_MR	1184	Picture	+	32506819	0	1	68998	1	0	next	other	0
SEE_09_64_MR	1185	Sound	hi123b	32506819	0	1			0		other	0
SEE_09_64_MR	1186	Picture	500+	32575816	0	1	5167	1	0	5000	other	0
SEE_09_64_MR	1187	Picture	low_A095	32580983	0	1	30166	1	0	30000	other	0
SEE_09_64_MR	1188	Picture	+	32611315	0	1	20166	1	0	34350	other	0
SEE_09_64_MR	1189	Picture	low_L131	32631481	0	1	30166	1	0	30000	other	0
SEE_09_64_MR	1190	Picture	+	32661814	0	1	20166	1	0	42050	other	0
SEE_09_64_MR	1191	Picture	hi_A075	32681980	0	1	30166	1	0	30000	other	0
SEE_09_64_MR	1192	Picture	+	32712312	0	1	82331	1	0	next	other	0
SEE_09_64_MR	1193	Sound	hi314a	32732313	0	1			0		other	0
SEE_09_64_MR	1194	Picture	500+	32794643	0	1	5167	1	0	5000	other	0
SEE_09_64_MR	1195	Picture	low_L167	32799809	0	1	30166	1	0	30000	other	0
SEE_09_64_MR	1196	Picture	+	32830142	0	1	55165	1	0	next	other	0
SEE_09_64_MR	1197	Sound	hi314b	32830142	0	1			0		other	0
SEE_09_64_MR	1198	Picture	500+	32885307	0	1	5166	1	0	5000	other	0
SEE_09_64_MR	1199	Picture	hi_P143	32890473	0	1	30166	1	0	30000	other	0
SEE_09_64_MR	1200	Picture	+	32920806	0	1	20166	1	0	32740	other	0
SEE_09_64_MR	1201	Picture	hi_P127	32940972	0	1	30166	1	0	30000	other	0
SEE_09_64_MR	1202	Picture	+	32971304	0	1	20166	1	0	41160	other	0
SEE_09_64_MR	1203	Picture	low_F214	32991470	0	1	30166	1	0	30000	other	0
SEE_09_64_MR	1204	Picture	+	33021803	0	1	20166	1	0	next	other	0
