Scenario - 
Logfile written - 04/08/2016 16:42:55

Subject	Trial	Event Type	Code	Time	TTime	Uncertainty	Duration	Uncertainty	ReqTime	ReqDur	Stim Type	Pair Index

SEE_13_64_FR	1	Response	0	2059733	2059587	1
SEE_13_64_FR	4	Picture	+	2100114	0	1	65498	1	0	next	other	0
SEE_13_64_FR	5	Sound	hi103a	2100115	0	1			0		other	0
SEE_13_64_FR	6	Picture	500+	2165612	0	1	5167	1	0	5000	other	0
SEE_13_64_FR	7	Picture	low_P045	2170779	0	1	30166	1	0	30000	other	0
SEE_13_64_FR	8	Picture	+	2200945	0	1	68165	1	0	next	other	0
SEE_13_64_FR	9	Sound	hi103b	2200945	0	1			0		other	0
SEE_13_64_FR	10	Picture	500+	2269110	0	1	5167	1	0	5000	other	0
SEE_13_64_FR	11	Picture	hi_P212	2274443	0	1	30166	1	0	30000	other	0
SEE_13_64_FR	12	Picture	+	2304775	0	1	20166	1	0	37830	other	0
SEE_13_64_FR	13	Picture	low_P103	2324942	0	1	30166	1	0	30000	other	0
SEE_13_64_FR	14	Picture	+	2355274	0	1	20166	1	0	39620	other	0
SEE_13_64_FR	15	Picture	hi_F010	2375440	0	1	30166	1	0	30000	other	0
SEE_13_64_FR	16	Picture	+	2405773	0	1	78498	1	0	next	other	0
SEE_13_64_FR	17	Sound	low351a	2425774	0	1			0		other	0
SEE_13_64_FR	18	Picture	500+	2484271	0	1	5167	1	0	5000	other	0
SEE_13_64_FR	19	Picture	low_O325	2489437	0	1	30166	1	0	30000	other	0
SEE_13_64_FR	20	Picture	+	2519603	0	1	67832	1	0	next	other	0
SEE_13_64_FR	21	Sound	low351b	2519604	0	1			0		other	0
SEE_13_64_FR	22	Picture	500+	2587435	0	1	5167	1	0	5000	other	0
SEE_13_64_FR	23	Picture	hi_A016	2592601	0	1	30166	1	0	30000	other	0
SEE_13_64_FR	24	Picture	+	2622934	0	1	20166	1	0	41840	other	0
SEE_13_64_FR	25	Picture	low_F045	2643100	0	1	30166	1	0	30000	other	0
SEE_13_64_FR	26	Picture	+	2673433	0	1	20166	1	0	30780	other	0
SEE_13_64_FR	27	Picture	hi_P208	2693599	0	1	30166	1	0	30000	other	0
SEE_13_64_FR	28	Picture	+	2723931	0	1	86665	1	0	next	other	0
SEE_13_64_FR	29	Sound	low358a	2743932	0	1			0		other	0
SEE_13_64_FR	30	Picture	500+	2810596	0	1	5167	1	0	5000	other	0
SEE_13_64_FR	31	Picture	low_A146	2815763	0	1	30166	1	0	30000	other	0
SEE_13_64_FR	32	Picture	+	2845928	0	1	62832	1	0	next	other	0
SEE_13_64_FR	33	Sound	low358b	2845929	0	1			0		other	0
SEE_13_64_FR	34	Picture	500+	2908760	0	1	5167	1	0	5000	other	0
SEE_13_64_FR	35	Picture	hi_A068	2913927	0	1	30166	1	0	30000	other	0
SEE_13_64_FR	36	Picture	+	2944259	0	1	20166	1	0	41100	other	0
SEE_13_64_FR	37	Picture	hi_P237	2964425	0	1	30166	1	0	30000	other	0
SEE_13_64_FR	38	Picture	+	2994758	0	1	20166	1	0	36760	other	0
SEE_13_64_FR	39	Picture	low_L124	3014924	0	1	30166	1	0	30000	other	0
SEE_13_64_FR	40	Picture	+	3045257	0	1	79831	1	0	next	other	0
SEE_13_64_FR	41	Sound	hi110a	3065258	0	1			0		other	0
SEE_13_64_FR	42	Picture	500+	3125088	0	1	5167	1	0	5000	other	0
SEE_13_64_FR	43	Picture	hi_A058	3130421	0	1	30166	1	0	30000	other	0
SEE_13_64_FR	44	Picture	+	3160587	0	1	59332	1	0	next	other	0
SEE_13_64_FR	45	Sound	hi110b	3160588	0	1			0		other	0
SEE_13_64_FR	46	Picture	500+	3219919	0	1	5167	1	0	5000	other	0
SEE_13_64_FR	47	Picture	low_A128	3225086	0	1	30166	1	0	30000	other	0
SEE_13_64_FR	48	Picture	+	3255418	0	1	20166	1	0	44330	other	0
SEE_13_64_FR	49	Picture	low_L148	3275584	0	1	30166	1	0	30000	other	0
SEE_13_64_FR	50	Picture	+	3305917	0	1	20166	1	0	41080	other	0
SEE_13_64_FR	51	Picture	hi_A074	3326083	0	1	30166	1	0	30000	other	0
SEE_13_64_FR	52	Picture	+	3356416	0	1	79331	1	0	next	other	0
SEE_13_64_FR	53	Sound	hi246a	3376416	0	1			0		other	0
SEE_13_64_FR	54	Picture	500+	3435747	0	1	5167	1	0	5000	other	0
SEE_13_64_FR	55	Picture	low_A091	3441080	0	1	30166	1	0	30000	other	0
SEE_13_64_FR	56	Picture	+	3471246	0	1	67998	1	0	next	other	0
SEE_13_64_FR	57	Sound	hi246b	3471247	0	1			0		other	0
SEE_13_64_FR	58	Picture	500+	3539244	0	1	5167	1	0	5000	other	0
SEE_13_64_FR	59	Picture	hi_A038	3544578	0	1	30166	1	0	30000	other	0
SEE_13_64_FR	60	Picture	+	3574910	0	1	20166	1	0	44210	other	0
SEE_13_64_FR	61	Picture	hi_P139	3595076	0	1	30166	1	0	30000	other	0
SEE_13_64_FR	62	Picture	+	3625409	0	1	20166	1	0	38080	other	0
SEE_13_64_FR	63	Picture	low_F324	3645575	0	1	30166	1	0	30000	other	0
SEE_13_64_FR	64	Picture	+	3675908	0	1	81831	1	0	next	other	0
SEE_13_64_FR	65	Sound	low271a	3695909	0	1			0		other	0
SEE_13_64_FR	66	Picture	500+	3757739	0	1	5167	1	0	5000	other	0
SEE_13_64_FR	67	Picture	hi_O125	3762905	0	1	30166	1	0	30000	other	0
SEE_13_64_FR	68	Picture	+	3793071	0	1	62998	1	0	next	other	0
SEE_13_64_FR	69	Sound	low271b	3793072	0	1			0		other	0
SEE_13_64_FR	70	Picture	500+	3856070	0	1	5167	1	0	5000	other	0
SEE_13_64_FR	71	Picture	low_L089	3861403	0	1	30166	1	0	30000	other	0
SEE_13_64_FR	72	Picture	+	3891736	0	1	20166	1	0	35230	other	0
SEE_13_64_FR	73	Picture	low_P169	3911902	0	1	30166	1	0	30000	other	0
SEE_13_64_FR	74	Picture	+	3942234	0	1	20166	1	0	44520	other	0
SEE_13_64_FR	75	Picture	hi_P038	3962400	0	1	30166	1	0	30000	other	0
SEE_13_64_FR	76	Picture	+	3992733	0	1	82165	1	0	next	other	0
SEE_13_64_FR	77	Sound	hi206a	4012734	0	1			0		other	0
SEE_13_64_FR	78	Picture	500+	4074898	0	1	5167	1	0	5000	other	0
SEE_13_64_FR	79	Picture	hi_O291	4080064	0	1	30166	1	0	30000	other	0
SEE_13_64_FR	80	Picture	+	4110397	0	1	56499	1	0	next	other	0
SEE_13_64_FR	81	Sound	hi206b	4110397	0	1			0		other	0
SEE_13_64_FR	82	Picture	500+	4166895	0	1	5167	1	0	5000	other	0
SEE_13_64_FR	83	Picture	low_F358	4172062	0	1	30166	1	0	30000	other	0
SEE_13_64_FR	84	Picture	+	4202394	0	1	20166	1	0	38000	other	0
SEE_13_64_FR	85	Picture	low_A099	4222561	0	1	30166	1	0	30000	other	0
SEE_13_64_FR	86	Picture	+	4252893	0	1	20166	1	0	32640	other	0
SEE_13_64_FR	87	Picture	hi_O285	4273059	0	1	30166	1	0	30000	other	0
SEE_13_64_FR	88	Picture	+	4303392	0	1	84664	1	0	next	other	0
SEE_13_64_FR	89	Sound	low345a	4323393	0	1			0		other	0
SEE_13_64_FR	90	Picture	500+	4388056	0	1	5167	1	0	5000	other	0
SEE_13_64_FR	91	Picture	low_O219	4393223	0	1	30166	1	0	30000	other	0
SEE_13_64_FR	92	Picture	+	4423389	0	1	67665	1	0	next	other	0
SEE_13_64_FR	93	Sound	low345b	4423390	0	1			0		other	0
SEE_13_64_FR	94	Picture	500+	4491054	0	1	5167	1	0	5000	other	0
SEE_13_64_FR	95	Picture	hi_A033	4496220	0	1	30166	1	0	30000	other	0
SEE_13_64_FR	96	Picture	+	4526553	0	1	20166	1	0	33810	other	0
SEE_13_64_FR	97	Picture	low_F123	4546719	0	1	30166	1	0	30000	other	0
SEE_13_64_FR	98	Picture	+	4577052	0	1	20166	1	0	36380	other	0
SEE_13_64_FR	99	Picture	hi_F367	4597218	0	1	30166	1	0	30000	other	0
SEE_13_64_FR	100	Picture	+	4627550	0	1	83331	1	0	next	other	0
SEE_13_64_FR	101	Sound	hi001a	4647551	0	1			0		other	0
SEE_13_64_FR	102	Picture	500+	4710882	0	1	5166	1	0	5000	other	0
SEE_13_64_FR	103	Picture	low_O220	4716048	0	1	30166	1	0	30000	other	0
SEE_13_64_FR	104	Picture	+	4746214	0	1	60332	1	0	next	other	0
SEE_13_64_FR	105	Sound	hi001b	4746215	0	1			0		other	0
SEE_13_64_FR	106	Picture	500+	4806546	0	1	5167	1	0	5000	other	0
SEE_13_64_FR	107	Picture	hi_A062	4811713	0	1	30166	1	0	30000	other	0
SEE_13_64_FR	108	Picture	+	4842045	0	1	20166	1	0	44790	other	0
SEE_13_64_FR	109	Picture	hi_P034	4862211	0	1	30166	1	0	30000	other	0
SEE_13_64_FR	110	Picture	+	4892544	0	1	20166	1	0	34900	other	0
SEE_13_64_FR	111	Picture	low_L075	4912710	0	1	30166	1	0	30000	other	0
SEE_13_64_FR	112	Picture	+	4943043	0	1	80331	1	0	next	other	0
SEE_13_64_FR	113	Sound	low034a	4963044	0	1			0		other	0
SEE_13_64_FR	114	Picture	500+	5023374	0	1	5167	1	0	5000	other	0
SEE_13_64_FR	115	Picture	low_A100	5028707	0	1	30166	1	0	30000	other	0
SEE_13_64_FR	116	Picture	+	5058873	0	1	60165	1	0	next	other	0
SEE_13_64_FR	117	Sound	low034b	5058874	0	1			0		other	0
SEE_13_64_FR	118	Picture	500+	5119038	0	1	5167	1	0	5000	other	0
SEE_13_64_FR	119	Picture	hi_O154	5124205	0	1	30166	1	0	30000	other	0
SEE_13_64_FR	120	Picture	+	5154537	0	1	20166	1	0	37900	other	0
SEE_13_64_FR	121	Picture	hi_P206	5174704	0	1	30166	1	0	30000	other	0
SEE_13_64_FR	122	Picture	+	5205036	0	1	20166	1	0	38970	other	0
SEE_13_64_FR	123	Picture	low_A159	5225202	0	1	30166	1	0	30000	other	0
SEE_13_64_FR	124	Picture	+	5255535	0	1	87331	1	0	next	other	0
SEE_13_64_FR	125	Sound	low279a	5275536	0	1			0		other	0
SEE_13_64_FR	126	Picture	500+	5342866	0	1	5167	1	0	5000	other	0
SEE_13_64_FR	127	Picture	low_L178	5348032	0	1	30166	1	0	30000	other	0
SEE_13_64_FR	128	Picture	+	5378198	0	1	69665	1	0	next	other	0
SEE_13_64_FR	129	Sound	low279b	5378199	0	1			0		other	0
SEE_13_64_FR	130	Picture	500+	5447863	0	1	5167	1	0	5000	other	0
SEE_13_64_FR	131	Picture	hi_F368	5453030	0	1	30166	1	0	30000	other	0
SEE_13_64_FR	132	Picture	+	5483362	0	1	20166	1	0	44320	other	0
SEE_13_64_FR	133	Picture	low_P044	5503529	0	1	30166	1	0	30000	other	0
SEE_13_64_FR	134	Picture	+	5533861	0	1	20166	1	0	39460	other	0
SEE_13_64_FR	135	Picture	hi_A024	5554027	0	1	30166	1	0	30000	other	0
SEE_13_64_FR	136	Picture	+	5584360	0	1	84165	1	0	next	other	0
SEE_13_64_FR	137	Sound	hi244a	5604361	0	1			0		other	0
SEE_13_64_FR	138	Picture	500+	5668524	0	1	5167	1	0	5000	other	0
SEE_13_64_FR	139	Picture	low_L165	5673691	0	1	30166	1	0	30000	other	0
SEE_13_64_FR	140	Picture	+	5703857	0	1	67332	1	0	next	other	0
SEE_13_64_FR	141	Sound	hi244b	5703858	0	1			0		other	0
SEE_13_64_FR	142	Picture	500+	5771188	0	1	5167	1	0	5000	other	0
SEE_13_64_FR	143	Picture	hi_F041	5776522	0	1	30166	1	0	30000	other	0
SEE_13_64_FR	144	Picture	+	5806854	0	1	20166	1	0	31880	other	0
SEE_13_64_FR	145	Picture	low_A194	5827021	0	1	30166	1	0	30000	other	0
SEE_13_64_FR	146	Picture	+	5857353	0	1	20166	1	0	40590	other	0
SEE_13_64_FR	147	Picture	hi_F277	5877519	0	1	30166	1	0	30000	other	0
SEE_13_64_FR	148	Picture	+	5907852	0	1	78498	1	0	next	other	0
SEE_13_64_FR	149	Sound	low071a	5927853	0	1			0		other	0
SEE_13_64_FR	150	Picture	500+	5986350	0	1	5166	1	0	5000	other	0
SEE_13_64_FR	151	Picture	hi_P128	5991683	0	1	30166	1	0	30000	other	0
SEE_13_64_FR	152	Picture	+	6021849	0	1	62332	1	0	next	other	0
SEE_13_64_FR	153	Sound	low071b	6021850	0	1			0		other	0
SEE_13_64_FR	154	Picture	500+	6084181	0	1	5167	1	0	5000	other	0
SEE_13_64_FR	155	Picture	low_A156	6089514	0	1	30166	1	0	30000	other	0
SEE_13_64_FR	156	Picture	+	6119847	0	1	20166	1	0	40960	other	0
SEE_13_64_FR	157	Picture	low_F087	6140013	0	1	30166	1	0	30000	other	0
SEE_13_64_FR	158	Picture	+	6170345	0	1	20166	1	0	36950	other	0
SEE_13_64_FR	159	Picture	hi_F025	6190511	0	1	30166	1	0	30000	other	0
SEE_13_64_FR	160	Picture	+	6220844	0	1	82331	1	0	next	other	0
SEE_13_64_FR	161	Sound	hi097a	6240845	0	1			0		other	0
SEE_13_64_FR	162	Picture	500+	6303175	0	1	5167	1	0	5000	other	0
SEE_13_64_FR	163	Picture	hi_A045	6308342	0	1	30166	1	0	30000	other	0
SEE_13_64_FR	164	Picture	+	6338508	0	1	67332	1	0	next	other	0
SEE_13_64_FR	165	Sound	hi097b	6338508	0	1			0		other	0
SEE_13_64_FR	166	Picture	500+	6405839	0	1	5167	1	0	5000	other	0
SEE_13_64_FR	167	Picture	low_F343	6411173	0	1	30166	1	0	30000	other	0
SEE_13_64_FR	168	Picture	+	6441505	0	1	20166	1	0	39030	other	0
SEE_13_64_FR	169	Picture	low_L121	6461671	0	1	30166	1	0	30000	other	0
SEE_13_64_FR	170	Picture	+	6492004	0	1	20166	1	0	44160	other	0
SEE_13_64_FR	171	Picture	hi_O105	6512170	0	1	30166	1	0	30000	other	0
SEE_13_64_FR	172	Picture	+	6542503	0	1	80831	1	0	next	other	0
SEE_13_64_FR	173	Sound	hi172a	6562503	0	1			0		other	0
SEE_13_64_FR	174	Picture	500+	6623334	0	1	5167	1	0	5000	other	0
SEE_13_64_FR	175	Picture	low_L175	6628500	0	1	30166	1	0	30000	other	0
SEE_13_64_FR	176	Picture	+	6658666	0	1	69665	1	0	next	other	0
SEE_13_64_FR	177	Sound	hi172b	6658667	0	1			0		other	0
SEE_13_64_FR	178	Picture	500+	6728331	0	1	5167	1	0	5000	other	0
SEE_13_64_FR	179	Picture	hi_F016	6733664	0	1	30166	1	0	30000	other	0
SEE_13_64_FR	180	Picture	+	6763997	0	1	20166	1	0	39670	other	0
SEE_13_64_FR	181	Picture	low_L154	6784163	0	1	30166	1	0	30000	other	0
SEE_13_64_FR	182	Picture	+	6814496	0	1	20166	1	0	31120	other	0
SEE_13_64_FR	183	Picture	hi_F274	6834662	0	1	30166	1	0	30000	other	0
SEE_13_64_FR	184	Picture	+	6864995	0	1	81498	1	0	next	other	0
SEE_13_64_FR	185	Sound	hi217a	6884995	0	1			0		other	0
SEE_13_64_FR	186	Picture	500+	6946493	0	1	5167	1	0	5000	other	0
SEE_13_64_FR	187	Picture	low_A161	6951659	0	1	30166	1	0	30000	other	0
SEE_13_64_FR	188	Picture	+	6981825	0	1	69332	1	0	next	other	0
SEE_13_64_FR	189	Sound	hi217b	6981826	0	1			0		other	0
SEE_13_64_FR	190	Picture	500+	7051157	0	1	5167	1	0	5000	other	0
SEE_13_64_FR	191	Picture	hi_O283	7056323	0	1	30166	1	0	30000	other	0
SEE_13_64_FR	192	Picture	+	7086656	0	1	20166	1	0	35030	other	0
SEE_13_64_FR	193	Picture	low_L094	7106822	0	1	30166	1	0	30000	other	0
SEE_13_64_FR	194	Picture	+	7137154	0	1	20166	1	0	31200	other	0
SEE_13_64_FR	195	Picture	hi_P033	7157321	0	1	30166	1	0	30000	other	0
SEE_13_64_FR	196	Picture	+	7187653	0	1	79331	1	0	next	other	0
SEE_13_64_FR	197	Sound	low330a	7207654	0	1			0		other	0
SEE_13_64_FR	198	Picture	500+	7266985	0	1	5167	1	0	5000	other	0
SEE_13_64_FR	199	Picture	hi_F321	7272151	0	1	30166	1	0	30000	other	0
SEE_13_64_FR	200	Picture	+	7302317	0	1	58832	1	0	next	other	0
SEE_13_64_FR	201	Sound	low330b	7302318	0	1			0		other	0
SEE_13_64_FR	202	Picture	500+	7361149	0	1	5167	1	0	5000	other	0
SEE_13_64_FR	203	Picture	low_L107	7366315	0	1	30166	1	0	30000	other	0
SEE_13_64_FR	204	Picture	+	7396648	0	1	20166	1	0	42590	other	0
SEE_13_64_FR	205	Picture	hi_F164	7416814	0	1	30166	1	0	30000	other	0
SEE_13_64_FR	206	Picture	+	7447147	0	1	20166	1	0	38060	other	0
SEE_13_64_FR	207	Picture	low_F079	7467313	0	1	30166	1	0	30000	other	0
SEE_13_64_FR	208	Picture	+	7497645	0	1	82831	1	0	next	other	0
SEE_13_64_FR	209	Sound	low277a	7517646	0	1			0		other	0
SEE_13_64_FR	210	Picture	500+	7580477	0	1	5167	1	0	5000	other	0
SEE_13_64_FR	211	Picture	hi_P084	7585643	0	1	30166	1	0	30000	other	0
SEE_13_64_FR	212	Picture	+	7615976	0	1	56999	1	0	next	other	0
SEE_13_64_FR	213	Sound	low277b	7615976	0	1			0		other	0
SEE_13_64_FR	214	Picture	500+	7672974	0	1	5167	1	0	5000	other	0
SEE_13_64_FR	215	Picture	low_L062	7678308	0	1	30166	1	0	30000	other	0
SEE_13_64_FR	216	Picture	+	7708640	0	1	20166	1	0	30330	other	0
SEE_13_64_FR	217	Picture	low_L127	7728806	0	1	30166	1	0	30000	other	0
SEE_13_64_FR	218	Picture	+	7759139	0	1	20166	1	0	32650	other	0
SEE_13_64_FR	219	Picture	hi_P217	7779305	0	1	30166	1	0	30000	other	0
SEE_13_64_FR	220	Picture	+	7809638	0	1	85831	1	0	next	other	0
SEE_13_64_FR	221	Sound	low274a	7829638	0	1			0		other	0
SEE_13_64_FR	222	Picture	500+	7895469	0	1	5167	1	0	5000	other	0
SEE_13_64_FR	223	Picture	low_L157	7900635	0	1	30166	1	0	30000	other	0
SEE_13_64_FR	224	Picture	+	7930801	0	1	55832	1	0	next	other	0
SEE_13_64_FR	225	Sound	low274b	7930802	0	1			0		other	0
SEE_13_64_FR	226	Picture	500+	7986633	0	1	5167	1	0	5000	other	0
SEE_13_64_FR	227	Picture	hi_P175	7991800	0	1	30166	1	0	30000	other	0
SEE_13_64_FR	228	Picture	+	8022132	0	1	20166	1	0	42480	other	0
SEE_13_64_FR	229	Picture	low_F125	8042298	0	1	30166	1	0	30000	other	0
SEE_13_64_FR	230	Picture	+	8072631	0	1	20166	1	0	43910	other	0
SEE_13_64_FR	231	Picture	hi_A063	8092797	0	1	30166	1	0	30000	other	0
SEE_13_64_FR	232	Picture	+	8123130	0	1	89831	1	0	next	other	0
SEE_13_64_FR	233	Sound	hi250a	8143131	0	1			0		other	0
SEE_13_64_FR	234	Picture	500+	8212961	0	1	5167	1	0	5000	other	0
SEE_13_64_FR	235	Picture	hi_P215	8218294	0	1	30166	1	0	30000	other	0
SEE_13_64_FR	236	Picture	+	8248627	0	1	58332	1	0	next	other	0
SEE_13_64_FR	237	Sound	hi250b	8248627	0	1			0		other	0
SEE_13_64_FR	238	Picture	500+	8306959	0	1	5167	1	0	5000	other	0
SEE_13_64_FR	239	Picture	low_L085	8312125	0	1	30166	1	0	30000	other	0
SEE_13_64_FR	240	Picture	+	8342458	0	1	20166	1	0	37210	other	0
SEE_13_64_FR	241	Picture	hi_P228	8362624	0	1	30166	1	0	30000	other	0
SEE_13_64_FR	242	Picture	+	8392956	0	1	20166	1	0	41610	other	0
SEE_13_64_FR	243	Picture	low_O192	8413123	0	1	30166	1	0	30000	other	0
SEE_13_64_FR	244	Picture	+	8443455	0	1	87998	1	0	next	other	0
SEE_13_64_FR	245	Sound	hi007a	8463456	0	1			0		other	0
SEE_13_64_FR	246	Picture	500+	8531453	0	1	5167	1	0	5000	other	0
SEE_13_64_FR	247	Picture	hi_F032	8536619	0	1	30166	1	0	30000	other	0
SEE_13_64_FR	248	Picture	+	8566952	0	1	61832	1	0	next	other	0
SEE_13_64_FR	249	Sound	hi007b	8566953	0	1			0		other	0
SEE_13_64_FR	250	Picture	500+	8628784	0	1	5167	1	0	5000	other	0
SEE_13_64_FR	251	Picture	low_A160	8633950	0	1	30166	1	0	30000	other	0
SEE_13_64_FR	252	Picture	+	8664283	0	1	20166	1	0	39260	other	0
SEE_13_64_FR	253	Picture	hi_A020	8684449	0	1	30166	1	0	30000	other	0
SEE_13_64_FR	254	Picture	+	8714782	0	1	20166	2	0	43920	other	0
SEE_13_64_FR	255	Picture	low_L065	8734947	0	1	30166	2	0	30000	other	0
SEE_13_64_FR	256	Picture	+	8765280	0	1	78498	1	0	next	other	0
SEE_13_64_FR	257	Sound	low088a	8785282	0	2			0		other	0
SEE_13_64_FR	258	Picture	500+	8843778	0	1	5167	1	0	5000	other	0
SEE_13_64_FR	259	Picture	low_A090	8848945	0	1	30166	1	0	30000	other	0
SEE_13_64_FR	260	Picture	+	8879111	0	1	68498	1	0	next	other	0
SEE_13_64_FR	261	Sound	low088b	8879112	0	1			0		other	0
SEE_13_64_FR	262	Picture	500+	8947609	0	1	5167	1	0	5000	other	0
SEE_13_64_FR	263	Picture	hi_A037	8952942	0	1	30166	1	0	30000	other	0
SEE_13_64_FR	264	Picture	+	8983275	0	1	20166	1	0	37710	other	0
SEE_13_64_FR	265	Picture	low_F345	9003441	0	1	30166	1	0	30000	other	0
SEE_13_64_FR	266	Picture	+	9033774	0	1	20166	1	0	32590	other	0
SEE_13_64_FR	267	Picture	hi_A221	9053940	0	1	30166	1	0	30000	other	0
SEE_13_64_FR	268	Picture	+	9084272	0	1	76831	1	0	next	other	0
SEE_13_64_FR	269	Sound	low344a	9104273	0	1			0		other	0
SEE_13_64_FR	270	Picture	500+	9161104	0	1	5167	1	0	5000	other	0
SEE_13_64_FR	271	Picture	hi_P239	9166270	0	1	30166	1	0	30000	other	0
SEE_13_64_FR	272	Picture	+	9196603	0	1	68165	1	0	next	other	0
SEE_13_64_FR	273	Sound	low344b	9196604	0	1			0		other	0
SEE_13_64_FR	274	Picture	500+	9264768	0	1	5167	1	0	5000	other	0
SEE_13_64_FR	275	Picture	low_L104	9269934	0	1	30166	1	0	30000	other	0
SEE_13_64_FR	276	Picture	+	9300267	0	1	20166	1	0	31880	other	0
SEE_13_64_FR	277	Picture	low_P108	9320433	0	1	30166	1	0	30000	other	0
SEE_13_64_FR	278	Picture	+	9350766	0	1	20166	1	0	43520	other	0
SEE_13_64_FR	279	Picture	hi_P001	9370932	0	1	30166	1	0	30000	other	0
SEE_13_64_FR	280	Picture	+	9401265	0	1	79831	1	0	next	other	0
SEE_13_64_FR	281	Sound	hi009a	9421265	0	1			0		other	0
SEE_13_64_FR	282	Picture	500+	9481096	0	1	5167	1	0	5000	other	0
SEE_13_64_FR	283	Picture	hi_P223	9486429	0	1	30166	1	0	30000	other	0
SEE_13_64_FR	284	Picture	+	9516595	0	1	58332	1	0	next	other	0
SEE_13_64_FR	285	Sound	hi009b	9516596	0	1			0		other	0
SEE_13_64_FR	286	Picture	500+	9574927	0	1	5167	1	0	5000	other	0
SEE_13_64_FR	287	Picture	low_L161	9580093	0	1	30166	1	0	30000	other	0
SEE_13_64_FR	288	Picture	+	9610426	0	1	20166	1	0	44050	other	0
SEE_13_64_FR	289	Picture	low_F228	9630592	0	1	30166	1	0	30000	other	0
SEE_13_64_FR	290	Picture	+	9660925	0	1	20166	1	0	30580	other	0
SEE_13_64_FR	291	Picture	hi_P123	9681091	0	1	30166	1	0	30000	other	0
SEE_13_64_FR	292	Picture	+	9711423	0	1	82331	1	0	next	other	0
SEE_13_64_FR	293	Sound	hi003a	9731424	0	1			0		other	0
SEE_13_64_FR	294	Picture	500+	9793755	0	1	5167	1	0	5000	other	0
SEE_13_64_FR	295	Picture	low_F098	9798921	0	1	30166	1	0	30000	other	0
SEE_13_64_FR	296	Picture	+	9829087	0	1	63332	1	0	next	other	0
SEE_13_64_FR	297	Sound	hi003b	9829088	0	1			0		other	0
SEE_13_64_FR	298	Picture	500+	9892419	0	1	5167	1	0	5000	other	0
SEE_13_64_FR	299	Picture	hi_P230	9897586	0	1	30166	1	0	30000	other	0
SEE_13_64_FR	300	Picture	+	9927918	0	1	20166	1	0	44580	other	0
SEE_13_64_FR	301	Picture	hi_P086	9948084	0	1	30166	1	0	30000	other	0
SEE_13_64_FR	302	Picture	+	9978417	0	1	20166	1	0	34260	other	0
SEE_13_64_FR	303	Picture	low_P064	9998583	0	1	30166	1	0	30000	other	0
SEE_13_64_FR	304	Picture	+	10028916	0	1	82331	1	0	next	other	0
SEE_13_64_FR	305	Sound	hi010a	10048916	0	1			0		other	0
SEE_13_64_FR	306	Picture	500+	10111247	0	1	5167	1	0	5000	other	0
SEE_13_64_FR	307	Picture	hi_P022	10116413	0	1	30166	1	0	30000	other	0
SEE_13_64_FR	308	Picture	+	10146579	0	1	59998	1	0	next	other	0
SEE_13_64_FR	309	Sound	hi010b	10146580	0	1			0		other	0
SEE_13_64_FR	310	Picture	500+	10206578	0	1	5167	1	0	5000	other	0
SEE_13_64_FR	311	Picture	low_L166	10211911	0	1	30166	1	0	30000	other	0
SEE_13_64_FR	312	Picture	+	10242244	0	1	20166	1	0	36860	other	0
SEE_13_64_FR	313	Picture	hi_P011	10262410	0	1	30166	1	0	30000	other	0
SEE_13_64_FR	314	Picture	+	10292742	0	1	20166	1	0	35290	other	0
SEE_13_64_FR	315	Picture	low_L034	10312908	0	1	30166	1	0	30000	other	0
SEE_13_64_FR	316	Picture	+	10343241	0	1	83498	1	0	next	other	0
SEE_13_64_FR	317	Sound	low149a	10363242	0	1			0		other	0
SEE_13_64_FR	318	Picture	500+	10426739	0	1	5167	1	0	5000	other	0
SEE_13_64_FR	319	Picture	hi_P140	10431905	0	1	30166	1	0	30000	other	0
SEE_13_64_FR	320	Picture	+	10462071	0	1	66498	1	0	next	other	0
SEE_13_64_FR	321	Sound	low149b	10462072	0	1			0		other	0
SEE_13_64_FR	322	Picture	500+	10528570	0	1	5167	1	0	5000	other	0
SEE_13_64_FR	323	Picture	low_L119	10533736	0	1	30166	1	0	30000	other	0
SEE_13_64_FR	324	Picture	+	10564069	0	1	20166	1	0	31680	other	0
SEE_13_64_FR	325	Picture	low_L130	10584235	0	1	30166	1	0	30000	other	0
SEE_13_64_FR	326	Picture	+	10614568	0	1	20166	1	0	30550	other	0
SEE_13_64_FR	327	Picture	hi_P198	10634734	0	1	30166	1	0	30000	other	0
SEE_13_64_FR	328	Picture	+	10665066	0	1	78665	1	0	next	other	0
SEE_13_64_FR	329	Sound	hi254a	10685067	0	1			0		other	0
SEE_13_64_FR	330	Picture	500+	10743731	0	1	5167	1	0	5000	other	0
SEE_13_64_FR	331	Picture	hi_F007	10748898	0	1	30166	1	0	30000	other	0
SEE_13_64_FR	332	Picture	+	10779063	0	1	59165	1	0	next	other	0
SEE_13_64_FR	333	Sound	hi254b	10779064	0	1			0		other	0
SEE_13_64_FR	334	Picture	500+	10838229	0	1	5167	1	0	5000	other	0
SEE_13_64_FR	335	Picture	low_L096	10843395	0	1	30166	1	0	30000	other	0
SEE_13_64_FR	336	Picture	+	10873728	0	1	20166	1	0	34670	other	0
SEE_13_64_FR	337	Picture	hi_A019	10893894	0	1	30166	1	0	30000	other	0
SEE_13_64_FR	338	Picture	+	10924227	0	1	20166	1	0	44990	other	0
SEE_13_64_FR	339	Picture	low_P168	10944393	0	1	30166	1	0	30000	other	0
SEE_13_64_FR	340	Picture	+	10974725	0	1	88164	1	0	next	other	0
SEE_13_64_FR	341	Sound	hi162a	10994726	0	1			0		other	0
SEE_13_64_FR	342	Picture	500+	11062890	0	1	5167	1	0	5000	other	0
SEE_13_64_FR	343	Picture	hi_P232	11068223	0	1	30166	1	0	30000	other	0
SEE_13_64_FR	344	Picture	+	11098389	0	1	68332	1	0	next	other	0
SEE_13_64_FR	345	Sound	hi162b	11098389	0	1			0		other	0
SEE_13_64_FR	346	Picture	500+	11166720	0	1	5167	1	0	5000	other	0
SEE_13_64_FR	347	Picture	low_F061	11171887	0	1	30166	1	0	30000	other	0
SEE_13_64_FR	348	Picture	+	11202220	0	1	20166	1	0	35010	other	0
SEE_13_64_FR	349	Picture	low_P112	11222386	0	1	30166	1	0	30000	other	0
SEE_13_64_FR	350	Picture	+	11252718	0	1	20166	1	0	33530	other	0
SEE_13_64_FR	351	Picture	hi_F172	11272884	0	1	30166	1	0	30000	other	0
SEE_13_64_FR	352	Picture	+	11303217	0	1	85498	1	0	next	other	0
SEE_13_64_FR	353	Sound	low050a	11323218	0	2			0		other	0
SEE_13_64_FR	354	Picture	500+	11388715	0	1	5167	1	0	5000	other	0
SEE_13_64_FR	355	Picture	low_P054	11394048	0	1	30166	1	0	30000	other	0
SEE_13_64_FR	356	Picture	+	11424214	0	1	68165	1	0	next	other	0
SEE_13_64_FR	357	Sound	low050b	11424215	0	1			0		other	0
SEE_13_64_FR	358	Picture	500+	11492379	0	1	5167	1	0	5000	other	0
SEE_13_64_FR	359	Picture	hi_P004	11497546	0	1	30166	1	0	30000	other	0
SEE_13_64_FR	360	Picture	+	11527878	0	1	20166	1	0	35920	other	0
SEE_13_64_FR	361	Picture	low_A114	11548044	0	1	30166	1	0	30000	other	0
SEE_13_64_FR	362	Picture	+	11578377	0	1	20166	1	0	34060	other	0
SEE_13_64_FR	363	Picture	hi_L022	11598543	0	1	30166	1	0	30000	other	0
SEE_13_64_FR	364	Picture	+	11628876	0	1	80498	1	0	next	other	0
SEE_13_64_FR	365	Sound	hi214a	11648876	0	1			0		other	0
SEE_13_64_FR	366	Picture	500+	11709374	0	1	5167	1	0	5000	other	0
SEE_13_64_FR	367	Picture	hi_F370	11714707	0	1	30166	1	0	30000	other	0
SEE_13_64_FR	368	Picture	+	11744873	0	1	56332	1	0	next	other	0
SEE_13_64_FR	369	Sound	hi214b	11744873	0	1			0		other	0
SEE_13_64_FR	370	Picture	500+	11801205	0	1	5167	1	0	5000	other	0
SEE_13_64_FR	371	Picture	low_L050	11806371	0	1	30166	1	0	30000	other	0
SEE_13_64_FR	372	Picture	+	11836704	0	1	20166	1	0	31130	other	0
SEE_13_64_FR	373	Picture	low_A184	11856870	0	1	30166	1	0	30000	other	0
SEE_13_64_FR	374	Picture	+	11887202	0	1	20166	1	0	34920	other	0
SEE_13_64_FR	375	Picture	hi_P235	11907369	0	1	30166	1	0	30000	other	0
SEE_13_64_FR	376	Picture	+	11937701	0	1	82498	1	0	next	other	0
SEE_13_64_FR	377	Sound	low031a	11957702	0	1			0		other	0
SEE_13_64_FR	378	Picture	500+	12020199	0	1	5167	1	0	5000	other	0
SEE_13_64_FR	379	Picture	low_P154	12025366	0	1	30166	1	0	30000	other	0
SEE_13_64_FR	380	Picture	+	12055532	0	1	58499	1	0	next	other	0
SEE_13_64_FR	381	Sound	low031b	12055532	0	1			0		other	0
SEE_13_64_FR	382	Picture	500+	12114030	0	1	5167	1	0	5000	other	0
SEE_13_64_FR	383	Picture	hi_F034	12119363	0	1	30166	1	0	30000	other	0
SEE_13_64_FR	384	Picture	+	12149696	0	1	20166	1	0	41170	other	0
SEE_13_64_FR	385	Picture	low_L109	12169862	0	1	30166	1	0	30000	other	0
SEE_13_64_FR	386	Picture	+	12200195	0	1	20166	1	0	38490	other	0
SEE_13_64_FR	387	Picture	hi_O002	12220361	0	1	30166	1	0	30000	other	0
SEE_13_64_FR	388	Picture	+	12250693	0	1	84665	1	0	next	other	0
SEE_13_64_FR	389	Sound	hi011a	12270694	0	1			0		other	0
SEE_13_64_FR	390	Picture	500+	12335358	0	1	5167	1	0	5000	other	0
SEE_13_64_FR	391	Picture	low_L046	12340524	0	1	30166	1	0	30000	other	0
SEE_13_64_FR	392	Picture	+	12370857	0	1	68665	1	0	next	other	0
SEE_13_64_FR	393	Sound	hi011b	12370858	0	1			0		other	0
SEE_13_64_FR	394	Picture	500+	12439522	0	1	5167	1	0	5000	other	0
SEE_13_64_FR	395	Picture	hi_F295	12444689	0	1	30166	1	0	30000	other	0
SEE_13_64_FR	396	Picture	+	12475021	0	1	20166	1	0	37910	other	0
SEE_13_64_FR	397	Picture	hi_F284	12495187	0	1	30166	1	0	30000	other	0
SEE_13_64_FR	398	Picture	+	12525520	0	1	20166	1	0	34550	other	0
SEE_13_64_FR	399	Picture	low_P109	12545686	0	1	30166	1	0	30000	other	0
SEE_13_64_FR	400	Picture	+	12576019	0	1	85331	1	0	next	other	0
SEE_13_64_FR	401	Sound	hi241a	12596019	0	1			0		other	0
SEE_13_64_FR	402	Picture	500+	12661350	0	1	5167	1	0	5000	other	0
SEE_13_64_FR	403	Picture	low_L102	12666516	0	1	30166	1	0	30000	other	0
SEE_13_64_FR	404	Picture	+	12696682	0	1	64998	1	0	next	other	0
SEE_13_64_FR	405	Sound	hi241b	12696683	0	2			0		other	0
SEE_13_64_FR	406	Picture	500+	12761681	0	1	5167	1	0	5000	other	0
SEE_13_64_FR	407	Picture	hi_P220	12766847	0	1	30166	1	0	30000	other	0
SEE_13_64_FR	408	Picture	+	12797180	0	1	20166	1	0	39700	other	0
SEE_13_64_FR	409	Picture	hi_A078	12817346	0	1	30166	1	0	30000	other	0
SEE_13_64_FR	410	Picture	+	12847679	0	1	20166	1	0	34850	other	0
SEE_13_64_FR	411	Picture	low_A158	12867845	0	1	30166	1	0	30000	other	0
SEE_13_64_FR	412	Picture	+	12898177	0	1	86998	1	0	next	other	0
SEE_13_64_FR	413	Sound	low035a	12918178	0	1			0		other	0
SEE_13_64_FR	414	Picture	500+	12985175	0	1	5167	1	0	5000	other	0
SEE_13_64_FR	415	Picture	hi_P098	12990508	0	1	30166	1	0	30000	other	0
SEE_13_64_FR	416	Picture	+	13020674	0	1	55332	1	0	next	other	0
SEE_13_64_FR	417	Sound	low035b	13020675	0	1			0		other	0
SEE_13_64_FR	418	Picture	500+	13076006	0	1	5167	1	0	5000	other	0
SEE_13_64_FR	419	Picture	low_L100	13081173	0	1	30166	1	0	30000	other	0
SEE_13_64_FR	420	Picture	+	13111505	0	1	20166	1	0	35270	other	0
SEE_13_64_FR	421	Picture	low_L064	13131671	0	1	30166	1	0	30000	other	0
SEE_13_64_FR	422	Picture	+	13162004	0	1	20166	1	0	34750	other	0
SEE_13_64_FR	423	Picture	hi_P200	13182170	0	1	30166	1	0	30000	other	0
SEE_13_64_FR	424	Picture	+	13212503	0	1	86498	1	0	next	other	0
SEE_13_64_FR	425	Sound	low030a	13232504	0	1			0		other	0
SEE_13_64_FR	426	Picture	500+	13299001	0	1	5167	1	0	5000	other	0
SEE_13_64_FR	427	Picture	low_A167	13304334	0	1	30166	1	0	30000	other	0
SEE_13_64_FR	428	Picture	+	13334500	0	1	55832	1	0	next	other	0
SEE_13_64_FR	429	Sound	low030b	13334500	0	1			0		other	0
SEE_13_64_FR	430	Picture	500+	13390332	0	1	5167	1	0	5000	other	0
SEE_13_64_FR	431	Picture	hi_F158	13395498	0	1	30166	1	0	30000	other	0
SEE_13_64_FR	432	Picture	+	13425831	0	1	20166	1	0	38200	other	0
SEE_13_64_FR	433	Picture	hi_F013	13445997	0	1	30166	1	0	30000	other	0
SEE_13_64_FR	434	Picture	+	13476330	0	1	20166	1	0	35590	other	0
SEE_13_64_FR	435	Picture	low_L169	13496496	0	1	30166	1	0	30000	other	0
SEE_13_64_FR	436	Picture	+	13526828	0	1	75665	1	0	next	other	0
SEE_13_64_FR	437	Sound	hi158a	13546829	0	1			0		other	0
SEE_13_64_FR	438	Picture	500+	13602493	0	1	5167	1	0	5000	other	0
SEE_13_64_FR	439	Picture	low_F130	13607660	0	1	30166	1	0	30000	other	0
SEE_13_64_FR	440	Picture	+	13637825	0	1	57999	1	0	next	other	0
SEE_13_64_FR	441	Sound	hi158b	13637826	0	1			0		other	0
SEE_13_64_FR	442	Picture	500+	13695824	0	1	5167	1	0	5000	other	0
SEE_13_64_FR	443	Picture	hi_O149	13701157	0	1	30166	1	0	30000	other	0
SEE_13_64_FR	444	Picture	+	13731490	0	1	20166	1	0	40330	other	0
SEE_13_64_FR	445	Picture	low_A157	13751656	0	1	30166	1	0	30000	other	0
SEE_13_64_FR	446	Picture	+	13781989	0	1	20166	1	0	42090	other	0
SEE_13_64_FR	447	Picture	hi_A001	13802155	0	1	30166	1	0	30000	other	0
SEE_13_64_FR	448	Picture	+	13832487	0	1	76165	1	0	next	other	0
SEE_13_64_FR	449	Sound	low042a	13852488	0	1			0		other	0
SEE_13_64_FR	450	Picture	500+	13908652	0	1	5167	1	0	5000	other	0
SEE_13_64_FR	451	Picture	low_A136	13913819	0	1	30166	1	0	30000	other	0
SEE_13_64_FR	452	Picture	+	13943985	0	1	59832	1	0	next	other	0
SEE_13_64_FR	453	Sound	low042b	13943985	0	1			0		other	0
SEE_13_64_FR	454	Picture	500+	14003816	0	1	5167	1	0	5000	other	0
SEE_13_64_FR	455	Picture	hi_P227	14008983	0	1	30166	1	0	30000	other	0
SEE_13_64_FR	456	Picture	+	14039315	0	1	20166	1	0	44260	other	0
SEE_13_64_FR	457	Picture	low_P110	14059482	0	1	30166	1	0	30000	other	0
SEE_13_64_FR	458	Picture	+	14089814	0	1	20166	1	0	44030	other	0
SEE_13_64_FR	459	Picture	hi_A075	14109980	0	1	30166	1	0	30000	other	0
SEE_13_64_FR	460	Picture	+	14140313	0	1	79831	1	0	next	other	0
SEE_13_64_FR	461	Sound	low089a	14160314	0	1			0		other	0
SEE_13_64_FR	462	Picture	500+	14220144	0	1	5167	1	0	5000	other	0
SEE_13_64_FR	463	Picture	hi_F287	14225311	0	1	30166	1	0	30000	other	0
SEE_13_64_FR	464	Picture	+	14255477	0	1	63998	1	0	next	other	0
SEE_13_64_FR	465	Sound	low089b	14255477	0	1			0		other	0
SEE_13_64_FR	466	Picture	500+	14319475	0	1	5167	1	0	5000	other	0
SEE_13_64_FR	467	Picture	low_P115	14324642	0	1	30166	1	0	30000	other	0
SEE_13_64_FR	468	Picture	+	14354974	0	1	20166	1	0	39620	other	0
SEE_13_64_FR	469	Picture	hi_P071	14375140	0	1	30166	1	0	30000	other	0
SEE_13_64_FR	470	Picture	+	14405473	0	1	20166	1	0	38850	other	0
SEE_13_64_FR	471	Picture	low_L111	14425639	0	1	30166	1	0	30000	other	0
SEE_13_64_FR	472	Picture	+	14455972	0	1	78331	1	0	next	other	0
SEE_13_64_FR	473	Sound	hi249a	14475973	0	2			0		other	0
SEE_13_64_FR	474	Picture	500+	14534303	0	1	5167	1	0	5000	other	0
SEE_13_64_FR	475	Picture	low_L055	14539636	0	1	30166	1	0	30000	other	0
SEE_13_64_FR	476	Picture	+	14569802	0	1	66165	1	0	next	other	0
SEE_13_64_FR	477	Sound	hi249b	14569803	0	1			0		other	0
SEE_13_64_FR	478	Picture	500+	14635967	0	1	5167	1	0	5000	other	0
SEE_13_64_FR	479	Picture	hi_P222	14641134	0	1	30166	1	0	30000	other	0
SEE_13_64_FR	480	Picture	+	14671466	0	1	20166	1	0	34080	other	0
SEE_13_64_FR	481	Picture	hi_P125	14691633	0	1	30166	1	0	30000	other	0
SEE_13_64_FR	482	Picture	+	14721965	0	1	20166	1	0	35230	other	0
SEE_13_64_FR	483	Picture	low_L051	14742131	0	1	30166	1	0	30000	other	0
SEE_13_64_FR	484	Picture	+	14772464	0	1	82998	1	0	next	other	0
SEE_13_64_FR	485	Sound	hi159a	14792465	0	1			0		other	0
SEE_13_64_FR	486	Picture	500+	14855462	0	1	5167	1	0	5000	other	0
SEE_13_64_FR	487	Picture	low_P153	14860628	0	1	30166	1	0	30000	other	0
SEE_13_64_FR	488	Picture	+	14890794	0	1	69832	1	0	next	other	0
SEE_13_64_FR	489	Sound	hi159b	14890795	0	1			0		other	0
SEE_13_64_FR	490	Picture	500+	14960626	0	1	5167	1	0	5000	other	0
SEE_13_64_FR	491	Picture	hi_O007	14965792	0	1	30166	1	0	30000	other	0
SEE_13_64_FR	492	Picture	+	14996125	0	1	20166	1	0	41550	other	0
SEE_13_64_FR	493	Picture	low_F129	15016291	0	1	30166	1	0	30000	other	0
SEE_13_64_FR	494	Picture	+	15046624	0	1	20166	1	0	31900	other	0
SEE_13_64_FR	495	Picture	hi_P243	15066790	0	1	30166	1	0	30000	other	0
SEE_13_64_FR	496	Picture	+	15097122	0	1	89998	1	0	next	other	0
SEE_13_64_FR	497	Sound	hi308a	15117123	0	2			0		other	0
SEE_13_64_FR	498	Picture	500+	15187120	0	1	5167	1	0	5000	other	0
SEE_13_64_FR	499	Picture	hi_A027	15192453	0	1	30166	1	0	30000	other	0
SEE_13_64_FR	500	Picture	+	15222619	0	1	63165	1	0	next	other	0
SEE_13_64_FR	501	Sound	hi308b	15222620	0	1			0		other	0
SEE_13_64_FR	502	Picture	500+	15285784	0	1	5167	1	0	5000	other	0
SEE_13_64_FR	503	Picture	low_P105	15291118	0	1	30166	1	0	30000	other	0
SEE_13_64_FR	504	Picture	+	15321450	0	1	20166	1	0	34660	other	0
SEE_13_64_FR	505	Picture	low_A169	15341616	0	1	30166	1	0	30000	other	0
SEE_13_64_FR	506	Picture	+	15371949	0	1	20166	1	0	40360	other	0
SEE_13_64_FR	507	Picture	hi_P147	15392115	0	1	30166	1	0	30000	other	0
SEE_13_64_FR	508	Picture	+	15422448	0	1	84665	1	0	next	other	0
SEE_13_64_FR	509	Sound	low087a	15442449	0	1			0		other	0
SEE_13_64_FR	510	Picture	500+	15507112	0	1	5167	1	0	5000	other	0
SEE_13_64_FR	511	Picture	hi_A073	15512279	0	1	30166	1	0	30000	other	0
SEE_13_64_FR	512	Picture	+	15542611	0	1	61998	1	0	next	other	0
SEE_13_64_FR	513	Sound	low087b	15542612	0	1			0		other	0
SEE_13_64_FR	514	Picture	500+	15604610	0	1	5167	1	0	5000	other	0
SEE_13_64_FR	515	Picture	low_F056	15609776	0	1	30166	1	0	30000	other	0
SEE_13_64_FR	516	Picture	+	15640109	0	1	20166	1	0	32890	other	0
SEE_13_64_FR	517	Picture	hi_L002	15660275	0	1	30166	1	0	30000	other	0
SEE_13_64_FR	518	Picture	+	15690608	0	1	20166	1	0	38440	other	0
SEE_13_64_FR	519	Picture	low_L123	15710774	0	1	30166	1	0	30000	other	0
SEE_13_64_FR	520	Picture	+	15741106	0	1	86664	1	0	next	other	0
SEE_13_64_FR	521	Sound	low044a	15761107	0	1			0		other	0
SEE_13_64_FR	522	Picture	500+	15827771	0	1	5167	1	0	5000	other	0
SEE_13_64_FR	523	Picture	low_P113	15832937	0	1	30166	1	0	30000	other	0
SEE_13_64_FR	524	Picture	+	15863270	0	1	58999	1	0	next	other	0
SEE_13_64_FR	525	Sound	low044b	15863271	0	1			0		other	0
SEE_13_64_FR	526	Picture	500+	15922269	0	1	5167	1	0	5000	other	0
SEE_13_64_FR	527	Picture	hi_F366	15927435	0	1	30166	1	0	30000	other	0
SEE_13_64_FR	528	Picture	+	15957768	0	1	20166	1	0	35880	other	0
SEE_13_64_FR	529	Picture	low_L083	15977934	0	1	30166	1	0	30000	other	0
SEE_13_64_FR	530	Picture	+	16008266	0	1	20166	1	0	44020	other	0
SEE_13_64_FR	531	Picture	hi_F272	16028433	0	1	30166	1	0	30000	other	0
SEE_13_64_FR	532	Picture	+	16058765	0	1	76165	1	0	next	other	0
SEE_13_64_FR	533	Sound	hi002a	16078766	0	1			0		other	0
SEE_13_64_FR	534	Picture	500+	16134930	0	1	5167	1	0	5000	other	0
SEE_13_64_FR	535	Picture	low_F052	16140096	0	1	30166	1	0	30000	other	0
SEE_13_64_FR	536	Picture	+	16170429	0	1	58999	1	0	next	other	0
SEE_13_64_FR	537	Sound	hi002b	16170430	0	1			0		other	0
SEE_13_64_FR	538	Picture	500+	16229427	0	1	5167	1	0	5000	other	0
SEE_13_64_FR	539	Picture	hi_A048	16234761	0	1	30166	1	0	30000	other	0
SEE_13_64_FR	540	Picture	+	16265093	0	1	20166	1	0	36550	other	0
SEE_13_64_FR	541	Picture	hi_F028	16285259	0	1	30166	1	0	30000	other	0
SEE_13_64_FR	542	Picture	+	16315592	0	1	20166	1	0	30090	other	0
SEE_13_64_FR	543	Picture	low_A170	16335758	0	1	30166	1	0	30000	other	0
SEE_13_64_FR	544	Picture	+	16366091	0	1	87164	1	0	next	other	0
SEE_13_64_FR	545	Sound	hi314a	16386092	0	1			0		other	0
SEE_13_64_FR	546	Picture	500+	16453255	0	1	5167	1	0	5000	other	0
SEE_13_64_FR	547	Picture	low_F224	16458422	0	1	30166	1	0	30000	other	0
SEE_13_64_FR	548	Picture	+	16488588	0	1	64998	1	0	next	other	0
SEE_13_64_FR	549	Sound	hi314b	16488588	0	1			0		other	0
SEE_13_64_FR	550	Picture	500+	16553586	0	1	5167	1	0	5000	other	0
SEE_13_64_FR	551	Picture	hi_A042	16558753	0	1	30166	1	0	30000	other	0
SEE_13_64_FR	552	Picture	+	16589085	0	1	20166	1	0	42160	other	0
SEE_13_64_FR	553	Picture	low_L038	16609251	0	1	30166	1	0	30000	other	0
SEE_13_64_FR	554	Picture	+	16639584	0	1	20166	1	0	40120	other	0
SEE_13_64_FR	555	Picture	hi_P233	16659750	0	1	30166	1	0	30000	other	0
SEE_13_64_FR	556	Picture	+	16690083	0	1	87331	1	0	next	other	0
SEE_13_64_FR	557	Sound	hi243a	16710084	0	1			0		other	0
SEE_13_64_FR	558	Picture	500+	16777414	0	1	5167	1	0	5000	other	0
SEE_13_64_FR	559	Picture	low_A201	16782747	0	1	30166	1	0	30000	other	0
SEE_13_64_FR	560	Picture	+	16813080	0	1	58999	1	0	next	other	0
SEE_13_64_FR	561	Sound	hi243b	16813080	0	1			0		other	0
SEE_13_64_FR	562	Picture	500+	16872078	0	1	5167	1	0	5000	other	0
SEE_13_64_FR	563	Picture	hi_F280	16877245	0	1	30166	1	0	30000	other	0
SEE_13_64_FR	564	Picture	+	16907577	0	1	20166	1	0	35500	other	0
SEE_13_64_FR	565	Picture	low_P195	16927743	0	1	30166	1	0	30000	other	0
SEE_13_64_FR	566	Picture	+	16958076	0	1	20166	1	0	39370	other	0
SEE_13_64_FR	567	Picture	hi_O328	16978242	0	1	30166	1	0	30000	other	0
SEE_13_64_FR	568	Picture	+	17008575	0	1	83831	1	0	next	other	0
SEE_13_64_FR	569	Sound	hi127a	17028576	0	1			0		other	0
SEE_13_64_FR	570	Picture	500+	17092406	0	1	5167	1	0	5000	other	0
SEE_13_64_FR	571	Picture	hi_P010	17097572	0	1	30166	1	0	30000	other	0
SEE_13_64_FR	572	Picture	+	17127905	0	1	61998	1	0	next	other	0
SEE_13_64_FR	573	Sound	hi127b	17127906	0	1			0		other	0
SEE_13_64_FR	574	Picture	500+	17189904	0	1	5167	1	0	5000	other	0
SEE_13_64_FR	575	Picture	low_L131	17195070	0	1	30166	1	0	30000	other	0
SEE_13_64_FR	576	Picture	+	17225403	0	1	20166	1	0	30150	other	0
SEE_13_64_FR	577	Picture	low_P186	17245569	0	1	30166	1	0	30000	other	0
SEE_13_64_FR	578	Picture	+	17275901	0	1	20166	1	0	30310	other	0
SEE_13_64_FR	579	Picture	hi_P226	17296068	0	1	30166	1	0	30000	other	0
SEE_13_64_FR	580	Picture	+	17326400	0	1	80831	1	0	next	other	0
SEE_13_64_FR	581	Sound	hi018a	17346401	0	1			0		other	0
SEE_13_64_FR	582	Picture	500+	17407231	0	1	5167	1	0	5000	other	0
SEE_13_64_FR	583	Picture	hi_F009	17412398	0	1	30166	1	0	30000	other	0
SEE_13_64_FR	584	Picture	+	17442564	0	1	65832	1	0	next	other	0
SEE_13_64_FR	585	Sound	hi018b	17442565	0	1			0		other	0
SEE_13_64_FR	586	Picture	500+	17508396	0	1	5167	1	0	5000	other	0
SEE_13_64_FR	587	Picture	low_A097	17513562	0	1	30166	1	0	30000	other	0
SEE_13_64_FR	588	Picture	+	17543895	0	1	20166	1	0	44450	other	0
SEE_13_64_FR	589	Picture	low_A188	17564061	0	1	30166	1	0	30000	other	0
SEE_13_64_FR	590	Picture	+	17594393	0	1	20166	1	0	33010	other	0
SEE_13_64_FR	591	Picture	hi_F271	17614560	0	1	30166	1	0	30000	other	0
SEE_13_64_FR	592	Picture	+	17644892	0	1	79998	1	0	next	other	0
SEE_13_64_FR	593	Sound	low282a	17664893	0	1			0		other	0
SEE_13_64_FR	594	Picture	500+	17724890	0	1	5166	1	0	5000	other	0
SEE_13_64_FR	595	Picture	hi_F019	17730223	0	1	30166	1	0	30000	other	0
SEE_13_64_FR	596	Picture	+	17760389	0	1	56165	1	0	next	other	0
SEE_13_64_FR	597	Sound	low282b	17760390	0	1			0		other	0
SEE_13_64_FR	598	Picture	500+	17816555	0	1	5167	1	0	5000	other	0
SEE_13_64_FR	599	Picture	low_A126	17821721	0	1	30166	1	0	30000	other	0
SEE_13_64_FR	600	Picture	+	17852054	0	1	20166	1	0	35300	other	0
SEE_13_64_FR	601	Picture	low_A185	17872220	0	1	30166	1	0	30000	other	0
SEE_13_64_FR	602	Picture	+	17902552	0	1	20166	1	0	40590	other	0
SEE_13_64_FR	603	Picture	hi_A054	17922719	0	1	30166	1	0	30000	other	0
SEE_13_64_FR	604	Picture	+	17953051	0	1	85498	1	0	next	other	0
SEE_13_64_FR	605	Sound	hi248a	17973052	0	1			0		other	0
SEE_13_64_FR	606	Picture	500+	18038549	0	1	5167	1	0	5000	other	0
SEE_13_64_FR	607	Picture	hi_P234	18043716	0	1	30166	1	0	30000	other	0
SEE_13_64_FR	608	Picture	+	18073882	0	1	68165	1	0	next	other	0
SEE_13_64_FR	609	Sound	hi248b	18073882	0	1			0		other	0
SEE_13_64_FR	610	Picture	500+	18142046	0	1	5166	1	0	5000	other	0
SEE_13_64_FR	611	Picture	low_P104	18147213	0	1	30166	1	0	30000	other	0
SEE_13_64_FR	612	Picture	+	18177546	0	1	20166	1	0	40490	other	0
SEE_13_64_FR	613	Picture	low_P152	18197712	0	1	30166	1	0	30000	other	0
SEE_13_64_FR	614	Picture	+	18228044	0	1	20166	1	0	33780	other	0
SEE_13_64_FR	615	Picture	hi_O006	18248211	0	1	30166	1	0	30000	other	0
SEE_13_64_FR	616	Picture	+	18278543	0	1	76165	1	0	next	other	0
SEE_13_64_FR	617	Sound	low284a	18298544	0	1			0		other	0
SEE_13_64_FR	618	Picture	500+	18354708	0	1	5167	1	0	5000	other	0
SEE_13_64_FR	619	Picture	low_L049	18360041	0	1	30166	1	0	30000	other	0
SEE_13_64_FR	620	Picture	+	18390207	0	1	61498	1	0	next	other	0
SEE_13_64_FR	621	Sound	low284b	18390208	0	1			0		other	0
SEE_13_64_FR	622	Picture	500+	18451705	0	1	5167	1	0	5000	other	0
SEE_13_64_FR	623	Picture	hi_P224	18456872	0	1	30166	1	0	30000	other	0
SEE_13_64_FR	624	Picture	+	18487204	0	1	20166	1	0	43150	other	0
SEE_13_64_FR	625	Picture	low_A113	18507371	0	1	30166	1	0	30000	other	0
SEE_13_64_FR	626	Picture	+	18537703	0	1	20166	1	0	41800	other	0
SEE_13_64_FR	627	Picture	hi_A143	18557869	0	1	30166	1	0	30000	other	0
SEE_13_64_FR	628	Picture	+	18588202	0	1	78998	1	0	next	other	0
SEE_13_64_FR	629	Sound	low283a	18608203	0	1			0		other	0
SEE_13_64_FR	630	Picture	500+	18667200	0	1	5167	1	0	5000	other	0
SEE_13_64_FR	631	Picture	hi_P214	18672367	0	1	30166	1	0	30000	other	0
SEE_13_64_FR	632	Picture	+	18702699	0	1	60332	1	0	next	other	0
SEE_13_64_FR	633	Sound	low283b	18702700	0	1			0		other	0
SEE_13_64_FR	634	Picture	500+	18763031	0	1	5167	1	0	5000	other	0
SEE_13_64_FR	635	Picture	low_P107	18768197	0	1	30166	1	0	30000	other	0
SEE_13_64_FR	636	Picture	+	18798530	0	1	20166	1	0	32550	other	0
SEE_13_64_FR	637	Picture	hi_P008	18818696	0	1	30166	1	0	30000	other	0
SEE_13_64_FR	638	Picture	+	18849029	0	1	20166	1	0	31870	other	0
SEE_13_64_FR	639	Picture	low_L173	18869195	0	1	30166	1	0	30000	other	0
SEE_13_64_FR	640	Picture	+	18899528	0	1	89331	1	0	next	other	0
SEE_13_64_FR	641	Sound	low341a	18919528	0	1			0		other	0
SEE_13_64_FR	642	Picture	500+	18988859	0	1	5167	1	0	5000	other	0
SEE_13_64_FR	643	Picture	hi_O148	18994025	0	1	30166	1	0	30000	other	0
SEE_13_64_FR	644	Picture	+	19024358	0	1	69665	1	0	next	other	0
SEE_13_64_FR	645	Sound	low341b	19024358	0	1			0		other	0
SEE_13_64_FR	646	Picture	500+	19094023	0	1	5167	1	0	5000	other	0
SEE_13_64_FR	647	Picture	low_L133	19099189	0	1	30166	1	0	30000	other	0
SEE_13_64_FR	648	Picture	+	19129522	0	1	20166	1	0	31570	other	0
SEE_13_64_FR	649	Picture	hi_A050	19149688	0	1	30166	1	0	30000	other	0
SEE_13_64_FR	650	Picture	+	19180021	0	1	20166	1	0	31760	other	0
SEE_13_64_FR	651	Picture	low_F124	19200187	0	1	30166	1	0	30000	other	0
SEE_13_64_FR	652	Picture	+	19230519	0	1	77498	1	0	next	other	0
SEE_13_64_FR	653	Sound	low276a	19250520	0	1			0		other	0
SEE_13_64_FR	654	Picture	500+	19308017	0	1	5167	1	0	5000	other	0
SEE_13_64_FR	655	Picture	low_A214	19313184	0	1	30166	1	0	30000	other	0
SEE_13_64_FR	656	Picture	+	19343350	0	1	57832	1	0	next	other	0
SEE_13_64_FR	657	Sound	low276b	19343351	0	1			0		other	0
SEE_13_64_FR	658	Picture	500+	19401182	0	1	5167	1	0	5000	other	0
SEE_13_64_FR	659	Picture	hi_O139	19406348	0	1	30166	1	0	30000	other	0
SEE_13_64_FR	660	Picture	+	19436681	0	1	20166	1	0	35620	other	0
SEE_13_64_FR	661	Picture	low_O190	19456847	0	1	30166	1	0	30000	other	0
SEE_13_64_FR	662	Picture	+	19487180	0	1	20166	1	0	41030	other	0
SEE_13_64_FR	663	Picture	hi_A056	19507346	0	1	30166	1	0	30000	other	0
SEE_13_64_FR	664	Picture	+	19537678	0	1	87665	1	0	next	other	0
SEE_13_64_FR	665	Sound	low179a	19557679	0	1			0		other	0
SEE_13_64_FR	666	Picture	500+	19625343	0	1	5167	1	0	5000	other	0
SEE_13_64_FR	667	Picture	low_L152	19630509	0	1	30166	1	0	30000	other	0
SEE_13_64_FR	668	Picture	+	19660675	0	1	57332	1	0	next	other	0
SEE_13_64_FR	669	Sound	low179b	19660676	0	1			0		other	0
SEE_13_64_FR	670	Picture	500+	19718007	0	1	5167	1	0	5000	other	0
SEE_13_64_FR	671	Picture	hi_F174	19723174	0	1	30166	1	0	30000	other	0
SEE_13_64_FR	672	Picture	+	19753506	0	1	20166	1	0	31460	other	0
SEE_13_64_FR	673	Picture	low_L184	19773672	0	1	30166	1	0	30000	other	0
SEE_13_64_FR	674	Picture	+	19804005	0	1	20166	1	0	37880	other	0
SEE_13_64_FR	675	Picture	hi_P202	19824171	0	1	30166	1	0	30000	other	0
SEE_13_64_FR	676	Picture	+	19854504	0	1	88331	1	0	next	other	0
SEE_13_64_FR	677	Sound	hi202a	19874505	0	1			0		other	0
SEE_13_64_FR	678	Picture	500+	19942835	0	1	5167	1	0	5000	other	0
SEE_13_64_FR	679	Picture	hi_F003	19948001	0	1	30166	1	0	30000	other	0
SEE_13_64_FR	680	Picture	+	19978167	0	1	64165	1	0	next	other	0
SEE_13_64_FR	681	Sound	hi202b	19978168	0	1			0		other	0
SEE_13_64_FR	682	Picture	500+	20042332	0	1	5167	1	0	5000	other	0
SEE_13_64_FR	683	Picture	low_A104	20047666	0	1	30166	1	0	30000	other	0
SEE_13_64_FR	684	Picture	+	20077998	0	1	20166	1	0	31410	other	0
SEE_13_64_FR	685	Picture	low_A095	20098164	0	1	30166	1	0	30000	other	0
SEE_13_64_FR	686	Picture	+	20128497	0	1	20166	1	0	37140	other	0
SEE_13_64_FR	687	Picture	hi_O013	20148663	0	1	30166	1	0	30000	other	0
SEE_13_64_FR	688	Picture	+	20178996	0	1	89164	1	0	next	other	0
SEE_13_64_FR	689	Sound	low281a	20198996	0	1			0		other	0
SEE_13_64_FR	690	Picture	500+	20268160	0	1	5167	1	0	5000	other	0
SEE_13_64_FR	691	Picture	low_A192	20273327	0	1	30166	1	0	30000	other	0
SEE_13_64_FR	692	Picture	+	20303493	0	1	65665	1	0	next	other	0
SEE_13_64_FR	693	Sound	low281b	20303493	0	1			0		other	0
SEE_13_64_FR	694	Picture	500+	20369158	0	1	5167	1	0	5000	other	0
SEE_13_64_FR	695	Picture	hi_F273	20374491	0	1	30166	1	0	30000	other	0
SEE_13_64_FR	696	Picture	+	20404823	0	1	20166	1	0	38790	other	0
SEE_13_64_FR	697	Picture	low_L132	20424990	0	1	30166	1	0	30000	other	0
SEE_13_64_FR	698	Picture	+	20455322	0	1	20166	1	0	35390	other	0
SEE_13_64_FR	699	Picture	hi_P246	20475488	0	1	30161	12	0	30000	other	0
SEE_13_64_FR	700	Picture	+	20505821	0	1	83165	1	0	next	other	0
SEE_13_64_FR	701	Sound	low171a	20525822	0	1			0		other	0
SEE_13_64_FR	702	Picture	500+	20588985	0	1	5167	1	0	5000	other	0
SEE_13_64_FR	703	Picture	low_L146	20594319	0	1	30166	1	0	30000	other	0
SEE_13_64_FR	704	Picture	+	20624485	0	1	63165	1	0	next	other	0
SEE_13_64_FR	705	Sound	low171b	20624485	0	1			0		other	0
SEE_13_64_FR	706	Picture	500+	20687650	0	1	5167	1	0	5000	other	0
SEE_13_64_FR	707	Picture	hi_P040	20692816	0	1	30166	1	0	30000	other	0
SEE_13_64_FR	708	Picture	+	20723149	0	1	20166	1	0	38940	other	0
SEE_13_64_FR	709	Picture	hi_P240	20743315	0	1	30166	1	0	30000	other	0
SEE_13_64_FR	710	Picture	+	20773647	0	1	20166	1	0	30700	other	0
SEE_13_64_FR	711	Picture	low_P046	20793814	0	1	30166	1	0	30000	other	0
SEE_13_64_FR	712	Picture	+	20824146	0	1	85498	1	0	next	other	0
SEE_13_64_FR	713	Sound	low280a	20844147	0	1			0		other	0
SEE_13_64_FR	714	Picture	500+	20909644	0	1	5167	1	0	5000	other	0
SEE_13_64_FR	715	Picture	low_L090	20914811	0	1	30166	1	0	30000	other	0
SEE_13_64_FR	716	Picture	+	20944977	0	1	66165	1	0	next	other	0
SEE_13_64_FR	717	Sound	low280b	20944977	0	1			0		other	0
SEE_13_64_FR	718	Picture	500+	21011142	0	1	5167	1	0	5000	other	0
SEE_13_64_FR	719	Picture	hi_P017	21016308	0	1	30166	1	0	30000	other	0
SEE_13_64_FR	720	Picture	+	21046641	0	1	20166	1	0	30200	other	0
SEE_13_64_FR	721	Picture	hi_P029	21066807	0	1	30166	1	0	30000	other	0
SEE_13_64_FR	722	Picture	+	21097139	0	1	20166	1	0	40300	other	0
SEE_13_64_FR	723	Picture	low_L125	21117306	0	1	30166	1	0	30000	other	0
SEE_13_64_FR	724	Picture	+	21147638	0	1	86498	1	0	next	other	0
SEE_13_64_FR	725	Sound	hi253a	21167639	0	1			0		other	0
SEE_13_64_FR	726	Picture	500+	21234136	0	1	5167	1	0	5000	other	0
SEE_13_64_FR	727	Picture	low_A115	21239303	0	1	30166	1	0	30000	other	0
SEE_13_64_FR	728	Picture	+	21269468	0	1	69498	1	0	next	other	0
SEE_13_64_FR	729	Sound	hi253b	21269469	0	1			0		other	0
SEE_13_64_FR	730	Picture	500+	21338967	0	1	5167	1	0	5000	other	0
SEE_13_64_FR	731	Picture	hi_P241	21344133	0	1	30166	1	0	30000	other	0
SEE_13_64_FR	732	Picture	+	21374466	0	1	20166	1	0	43220	other	0
SEE_13_64_FR	733	Picture	low_F042	21394632	0	1	30166	1	0	30000	other	0
SEE_13_64_FR	734	Picture	+	21424965	0	1	20166	1	0	36810	other	0
SEE_13_64_FR	735	Picture	hi_P127	21445131	0	1	30166	1	0	30000	other	0
SEE_13_64_FR	736	Picture	+	21475463	0	1	79498	1	0	next	other	0
SEE_13_64_FR	737	Sound	hi251a	21495464	0	1			0		other	0
SEE_13_64_FR	738	Picture	500+	21554961	0	1	5167	1	0	5000	other	0
SEE_13_64_FR	739	Picture	hi_F018	21560295	0	1	30166	1	0	30000	other	0
SEE_13_64_FR	740	Picture	+	21590460	0	1	57832	1	0	next	other	0
SEE_13_64_FR	741	Sound	hi251b	21590461	0	1			0		other	0
SEE_13_64_FR	742	Picture	500+	21648292	0	1	5167	1	0	5000	other	0
SEE_13_64_FR	743	Picture	low_F089	21653459	0	1	30166	1	0	30000	other	0
SEE_13_64_FR	744	Picture	+	21683792	0	1	20166	1	0	43590	other	0
SEE_13_64_FR	745	Picture	hi_F299	21703958	0	1	30166	1	0	30000	other	0
SEE_13_64_FR	746	Picture	+	21734290	0	1	20166	1	0	41890	other	0
SEE_13_64_FR	747	Picture	low_L113	21754456	0	1	30166	1	0	30000	other	0
SEE_13_64_FR	748	Picture	+	21784789	0	1	89498	1	0	next	other	0
SEE_13_64_FR	749	Sound	low278a	21804790	0	1			0		other	0
SEE_13_64_FR	750	Picture	500+	21874287	0	1	5167	1	0	5000	other	0
SEE_13_64_FR	751	Picture	low_P179	21879453	0	1	30166	1	0	30000	other	0
SEE_13_64_FR	752	Picture	+	21909619	0	1	64498	1	0	next	other	0
SEE_13_64_FR	753	Sound	low278b	21909620	0	1			0		other	0
SEE_13_64_FR	754	Picture	500+	21974118	0	1	5167	1	0	5000	other	0
SEE_13_64_FR	755	Picture	hi_F293	21979451	0	1	30166	1	0	30000	other	0
SEE_13_64_FR	756	Picture	+	22009783	0	1	20166	1	0	43900	other	0
SEE_13_64_FR	757	Picture	low_F067	22029950	0	1	30166	1	0	30000	other	0
SEE_13_64_FR	758	Picture	+	22060282	0	1	20166	1	0	44840	other	0
SEE_13_64_FR	759	Picture	hi_P238	22080448	0	1	30166	1	0	30000	other	0
SEE_13_64_FR	760	Picture	+	22110781	0	1	89998	1	0	next	other	0
SEE_13_64_FR	761	Sound	hi169a	22130782	0	1			0		other	0
SEE_13_64_FR	762	Picture	500+	22200779	0	1	5167	1	0	5000	other	0
SEE_13_64_FR	763	Picture	low_F066	22205945	0	1	30166	1	0	30000	other	0
SEE_13_64_FR	764	Picture	+	22236111	0	1	67498	1	0	next	other	0
SEE_13_64_FR	765	Sound	hi169b	22236112	0	1			0		other	0
SEE_13_64_FR	766	Picture	500+	22303609	0	1	5167	1	0	5000	other	0
SEE_13_64_FR	767	Picture	hi_A061	22308776	0	1	30166	1	0	30000	other	0
SEE_13_64_FR	768	Picture	+	22339108	0	1	20166	1	0	32650	other	0
SEE_13_64_FR	769	Picture	hi_F170	22359275	0	1	30166	1	0	30000	other	0
SEE_13_64_FR	770	Picture	+	22389607	0	1	20166	1	0	41980	other	0
SEE_13_64_FR	771	Picture	low_F047	22409773	0	1	30166	1	0	30000	other	0
SEE_13_64_FR	772	Picture	+	22440106	0	1	84665	1	0	next	other	0
SEE_13_64_FR	773	Sound	hi310a	22460107	0	1			0		other	0
SEE_13_64_FR	774	Picture	500+	22524771	0	1	5167	1	0	5000	other	0
SEE_13_64_FR	775	Picture	hi_P028	22529937	0	1	30166	1	0	30000	other	0
SEE_13_64_FR	776	Picture	+	22560270	0	1	58999	1	0	next	other	0
SEE_13_64_FR	777	Sound	hi310b	22560270	0	1			0		other	0
SEE_13_64_FR	778	Picture	500+	22619268	0	1	5167	1	0	5000	other	0
SEE_13_64_FR	779	Picture	low_L153	22624435	0	1	30166	1	0	30000	other	0
SEE_13_64_FR	780	Picture	+	22654767	0	1	20166	1	0	33420	other	0
SEE_13_64_FR	781	Picture	hi_A077	22674933	0	1	30166	1	0	30000	other	0
SEE_13_64_FR	782	Picture	+	22705266	0	1	20166	1	0	32510	other	0
SEE_13_64_FR	783	Picture	low_L142	22725432	0	1	30166	1	0	30000	other	0
SEE_13_64_FR	784	Picture	+	22755765	0	1	87664	1	0	next	other	0
SEE_13_64_FR	785	Sound	low272a	22775766	0	2			0		other	0
SEE_13_64_FR	786	Picture	500+	22843429	0	1	5167	1	0	5000	other	0
SEE_13_64_FR	787	Picture	low_P250	22848596	0	1	30166	1	0	30000	other	0
SEE_13_64_FR	788	Picture	+	22878762	0	1	69165	1	0	next	other	0
SEE_13_64_FR	789	Sound	low272b	22878762	0	1			0		other	0
SEE_13_64_FR	790	Picture	500+	22947927	0	1	5167	1	0	5000	other	0
SEE_13_64_FR	791	Picture	hi_F014	22953260	0	1	30166	1	0	30000	other	0
SEE_13_64_FR	792	Picture	+	22983592	0	1	20166	1	0	43470	other	0
SEE_13_64_FR	793	Picture	hi_P144	23003759	0	1	30166	1	0	30000	other	0
SEE_13_64_FR	794	Picture	+	23034091	0	1	20166	1	0	44270	other	0
SEE_13_64_FR	795	Picture	low_A123	23054257	0	1	30166	1	0	30000	other	0
SEE_13_64_FR	796	Picture	+	23084590	0	1	81998	1	0	next	other	0
SEE_13_64_FR	797	Sound	low037a	23104591	0	1			0		other	0
SEE_13_64_FR	798	Picture	500+	23166588	0	1	5167	1	0	5000	other	0
SEE_13_64_FR	799	Picture	low_A131	23171754	0	1	30166	1	0	30000	other	0
SEE_13_64_FR	800	Picture	+	23202087	0	1	55999	1	0	next	other	0
SEE_13_64_FR	801	Sound	low037b	23202088	0	2			0		other	0
SEE_13_64_FR	802	Picture	500+	23258086	0	1	5167	1	0	5000	other	0
SEE_13_64_FR	803	Picture	hi_A039	23263252	0	1	30166	1	0	30000	other	0
SEE_13_64_FR	804	Picture	+	23293585	0	1	20166	1	0	33310	other	0
SEE_13_64_FR	805	Picture	low_L164	23313751	0	1	30166	1	0	30000	other	0
SEE_13_64_FR	806	Picture	+	23344083	0	1	20166	1	0	37720	other	0
SEE_13_64_FR	807	Picture	hi_A018	23364250	0	1	30166	1	0	30000	other	0
SEE_13_64_FR	808	Picture	+	23394582	0	1	84165	1	0	next	other	0
SEE_13_64_FR	809	Sound	low048a	23414583	0	1			0		other	0
SEE_13_64_FR	810	Picture	500+	23478747	0	1	5167	1	0	5000	other	0
SEE_13_64_FR	811	Picture	hi_A069	23484080	0	1	30166	1	0	30000	other	0
SEE_13_64_FR	812	Picture	+	23514413	0	1	55665	1	0	next	other	0
SEE_13_64_FR	813	Sound	low048b	23514413	0	1			0		other	0
SEE_13_64_FR	814	Picture	500+	23570078	0	1	5167	1	0	5000	other	0
SEE_13_64_FR	815	Picture	low_L147	23575244	0	1	30166	1	0	30000	other	0
SEE_13_64_FR	816	Picture	+	23605577	0	1	20166	1	0	36370	other	0
SEE_13_64_FR	817	Picture	low_O214	23625743	0	1	30166	1	0	30000	other	0
SEE_13_64_FR	818	Picture	+	23656076	0	1	20166	1	0	34030	other	0
SEE_13_64_FR	819	Picture	hi_A041	23676242	0	1	30166	1	0	30000	other	0
SEE_13_64_FR	820	Picture	+	23706574	0	1	77165	1	0	next	other	0
SEE_13_64_FR	821	Sound	low057a	23726575	0	1			0		other	0
SEE_13_64_FR	822	Picture	500+	23783739	0	1	5167	1	0	5000	other	0
SEE_13_64_FR	823	Picture	low_L009	23788906	0	1	30166	1	0	30000	other	0
SEE_13_64_FR	824	Picture	+	23819072	0	1	63498	1	0	next	other	0
SEE_13_64_FR	825	Sound	low057b	23819072	0	1			0		other	0
SEE_13_64_FR	826	Picture	500+	23882570	0	1	5167	1	0	5000	other	0
SEE_13_64_FR	827	Picture	hi_O126	23887737	0	1	30166	1	0	30000	other	0
SEE_13_64_FR	828	Picture	+	23918069	0	1	20166	1	0	32660	other	0
SEE_13_64_FR	829	Picture	low_O256	23938235	0	1	30166	1	0	30000	other	0
SEE_13_64_FR	830	Picture	+	23968568	0	1	20166	1	0	33440	other	0
SEE_13_64_FR	831	Picture	hi_A060	23988734	0	1	30166	1	0	30000	other	0
SEE_13_64_FR	832	Picture	+	24019067	0	1	82331	1	0	next	other	0
SEE_13_64_FR	833	Sound	low350a	24039067	0	1			0		other	0
SEE_13_64_FR	834	Picture	500+	24101398	0	1	5166	1	0	5000	other	0
SEE_13_64_FR	835	Picture	low_P176	24106731	0	1	30166	1	0	30000	other	0
SEE_13_64_FR	836	Picture	+	24136897	0	1	59665	1	0	next	other	0
SEE_13_64_FR	837	Sound	low350b	24136898	0	1			0		other	0
SEE_13_64_FR	838	Picture	500+	24196562	0	1	5167	1	0	5000	other	0
SEE_13_64_FR	839	Picture	hi_A007	24201729	0	1	30166	1	0	30000	other	0
SEE_13_64_FR	840	Picture	+	24232061	0	1	20166	1	0	34950	other	0
SEE_13_64_FR	841	Picture	hi_P225	24252227	0	1	30166	1	0	30000	other	0
SEE_13_64_FR	842	Picture	+	24282560	0	1	20166	1	0	43920	other	0
SEE_13_64_FR	843	Picture	low_A217	24302726	0	1	30166	1	0	30000	other	0
SEE_13_64_FR	844	Picture	+	24333059	0	1	89998	1	0	next	other	0
SEE_13_64_FR	845	Sound	low053a	24353060	0	1			0		other	0
SEE_13_64_FR	846	Picture	500+	24423057	0	1	5167	1	0	5000	other	0
SEE_13_64_FR	847	Picture	hi_P221	24428390	0	1	30166	1	0	30000	other	0
SEE_13_64_FR	848	Picture	+	24458722	0	1	61498	1	0	next	other	0
SEE_13_64_FR	849	Sound	low053b	24458723	0	1			0		other	0
SEE_13_64_FR	850	Picture	500+	24520221	0	1	5167	1	0	5000	other	0
SEE_13_64_FR	851	Picture	low_L137	24525554	0	1	30166	1	0	30000	other	0
SEE_13_64_FR	852	Picture	+	24555887	0	1	20166	1	0	32050	other	0
SEE_13_64_FR	853	Picture	hi_L177	24576053	0	1	30166	1	0	30000	other	0
SEE_13_64_FR	854	Picture	+	24606385	0	1	20166	1	0	33820	other	0
SEE_13_64_FR	855	Picture	low_L018	24626552	0	1	30166	1	0	30000	other	0
SEE_13_64_FR	856	Picture	+	24656884	0	1	85498	1	0	next	other	0
SEE_13_64_FR	857	Sound	hi247a	24676885	0	1			0		other	0
SEE_13_64_FR	858	Picture	500+	24742382	0	1	5167	1	0	5000	other	0
SEE_13_64_FR	859	Picture	low_L174	24747549	0	1	30166	1	0	30000	other	0
SEE_13_64_FR	860	Picture	+	24777714	0	1	69665	1	0	next	other	0
SEE_13_64_FR	861	Sound	hi247b	24777715	0	1			0		other	0
SEE_13_64_FR	862	Picture	500+	24847379	0	1	5167	1	0	5000	other	0
SEE_13_64_FR	863	Picture	hi_P005	24852713	0	1	30166	1	0	30000	other	0
SEE_13_64_FR	864	Picture	+	24883045	0	1	20166	1	0	37650	other	0
SEE_13_64_FR	865	Picture	low_F115	24903211	0	1	30166	1	0	30000	other	0
SEE_13_64_FR	866	Picture	+	24933544	0	1	20166	1	0	33140	other	0
SEE_13_64_FR	867	Picture	hi_P006	24953710	0	1	30166	1	0	30000	other	0
SEE_13_64_FR	868	Picture	+	24984043	0	1	86998	1	0	next	other	0
SEE_13_64_FR	869	Sound	low032a	25004043	0	1			0		other	0
SEE_13_64_FR	870	Picture	500+	25071040	0	1	5167	1	0	5000	other	0
SEE_13_64_FR	871	Picture	low_L117	25076374	0	1	30166	1	0	30000	other	0
SEE_13_64_FR	872	Picture	+	25106540	0	1	67998	1	0	next	other	0
SEE_13_64_FR	873	Sound	low032b	25106540	0	1			0		other	0
SEE_13_64_FR	874	Picture	500+	25174538	0	1	5167	1	0	5000	other	0
SEE_13_64_FR	875	Picture	hi_P032	25179871	0	1	30166	1	0	30000	other	0
SEE_13_64_FR	876	Picture	+	25210204	0	1	20166	1	0	37930	other	0
SEE_13_64_FR	877	Picture	hi_P020	25230370	0	1	30166	1	0	30000	other	0
SEE_13_64_FR	878	Picture	+	25260702	0	1	20166	1	0	30300	other	0
SEE_13_64_FR	879	Picture	low_F111	25280868	0	1	30166	1	0	30000	other	0
SEE_13_64_FR	880	Picture	+	25311201	0	1	88998	1	0	next	other	0
SEE_13_64_FR	881	Sound	hi014a	25331202	0	2			0		other	0
SEE_13_64_FR	882	Picture	500+	25400199	0	1	5167	1	0	5000	other	0
SEE_13_64_FR	883	Picture	hi_A021	25405532	0	1	30166	1	0	30000	other	0
SEE_13_64_FR	884	Picture	+	25435698	0	1	63498	1	0	next	other	0
SEE_13_64_FR	885	Sound	hi014b	25435699	0	1			0		other	0
SEE_13_64_FR	886	Picture	500+	25499196	0	1	5166	1	0	5000	other	0
SEE_13_64_FR	887	Picture	low_O043	25504363	0	1	30166	1	0	30000	other	0
SEE_13_64_FR	888	Picture	+	25534696	0	1	20166	1	0	32130	other	0
SEE_13_64_FR	889	Picture	low_O099	25554861	0	1	30166	1	0	30000	other	0
SEE_13_64_FR	890	Picture	+	25585194	0	1	20166	1	0	33430	other	0
SEE_13_64_FR	891	Picture	hi_L007	25605360	0	1	30166	1	0	30000	other	0
SEE_13_64_FR	892	Picture	+	25635693	0	1	83331	1	0	next	other	0
SEE_13_64_FR	893	Sound	low079a	25655694	0	1			0		other	0
SEE_13_64_FR	894	Picture	500+	25719024	0	1	5167	1	0	5000	other	0
SEE_13_64_FR	895	Picture	hi_P124	25724357	0	1	30166	1	0	30000	other	0
SEE_13_64_FR	896	Picture	+	25754523	0	1	60332	1	0	next	other	0
SEE_13_64_FR	897	Sound	low079b	25754524	0	1			0		other	0
SEE_13_64_FR	898	Picture	500+	25814855	0	1	5167	1	0	5000	other	0
SEE_13_64_FR	899	Picture	low_F099	25820188	0	1	30166	1	0	30000	other	0
SEE_13_64_FR	900	Picture	+	25850521	0	1	20166	1	0	35900	other	0
SEE_13_64_FR	901	Picture	low_A182	25870687	0	1	30166	1	0	30000	other	0
SEE_13_64_FR	902	Picture	+	25901020	0	1	20166	1	0	44600	other	0
SEE_13_64_FR	903	Picture	hi_L139	25921186	0	1	30166	1	0	30000	other	0
SEE_13_64_FR	904	Picture	+	25951518	0	1	88164	1	0	next	other	0
SEE_13_64_FR	905	Sound	hi142a	25971519	0	1			0		other	0
SEE_13_64_FR	906	Picture	500+	26039683	0	1	5167	1	0	5000	other	0
SEE_13_64_FR	907	Picture	low_L134	26044849	0	1	30166	1	0	30000	other	0
SEE_13_64_FR	908	Picture	+	26075015	0	1	55832	1	0	next	other	0
SEE_13_64_FR	909	Sound	hi142b	26075016	0	1			0		other	0
SEE_13_64_FR	910	Picture	500+	26130847	0	1	5167	1	0	5000	other	0
SEE_13_64_FR	911	Picture	hi_P021	26136014	0	1	30166	1	0	30000	other	0
SEE_13_64_FR	912	Picture	+	26166346	0	1	20166	1	0	42540	other	0
SEE_13_64_FR	913	Picture	hi_F038	26186513	0	1	30166	1	0	30000	other	0
SEE_13_64_FR	914	Picture	+	26216845	0	1	20166	1	0	38070	other	0
SEE_13_64_FR	915	Picture	low_L183	26237011	0	1	30166	1	0	30000	other	0
SEE_13_64_FR	916	Picture	+	26267344	0	1	87165	1	0	next	other	0
SEE_13_64_FR	917	Sound	hi319a	26287345	0	1			0		other	0
SEE_13_64_FR	918	Picture	500+	26354508	0	1	5167	1	0	5000	other	0
SEE_13_64_FR	919	Picture	hi_O022	26359675	0	1	30166	1	0	30000	other	0
SEE_13_64_FR	920	Picture	+	26389841	0	1	69665	1	0	next	other	0
SEE_13_64_FR	921	Sound	hi319b	26389842	0	1			0		other	0
SEE_13_64_FR	922	Picture	500+	26459506	0	1	5167	1	0	5000	other	0
SEE_13_64_FR	923	Picture	low_A132	26464672	0	1	30166	1	0	30000	other	0
SEE_13_64_FR	924	Picture	+	26495005	0	1	20166	1	0	39120	other	0
SEE_13_64_FR	925	Picture	low_O327	26515171	0	1	30166	1	0	30000	other	0
SEE_13_64_FR	926	Picture	+	26545504	0	1	20166	1	0	35550	other	0
SEE_13_64_FR	927	Picture	hi_F290	26565670	0	1	30166	1	0	30000	other	0
SEE_13_64_FR	928	Picture	+	26596002	0	1	87998	1	0	next	other	0
SEE_13_64_FR	929	Sound	low197a	26616003	0	1			0		other	0
SEE_13_64_FR	930	Picture	500+	26684000	0	1	5167	1	0	5000	other	0
SEE_13_64_FR	931	Picture	hi_F163	26689333	0	1	30166	1	0	30000	other	0
SEE_13_64_FR	932	Picture	+	26719499	0	1	58665	1	0	next	other	0
SEE_13_64_FR	933	Sound	low197b	26719500	0	1			0		other	0
SEE_13_64_FR	934	Picture	500+	26778165	0	1	5167	1	0	5000	other	0
SEE_13_64_FR	935	Picture	low_F333	26783331	0	1	30166	1	0	30000	other	0
SEE_13_64_FR	936	Picture	+	26813664	0	1	20166	1	0	40260	other	0
SEE_13_64_FR	937	Picture	hi_P003	26833830	0	1	30166	1	0	30000	other	0
SEE_13_64_FR	938	Picture	+	26864162	0	1	20166	1	0	35950	other	0
SEE_13_64_FR	939	Picture	low_A140	26884329	0	1	30166	1	0	30000	other	0
SEE_13_64_FR	940	Picture	+	26914661	0	1	83331	1	0	next	other	0
SEE_13_64_FR	941	Sound	low084a	26934662	0	1			0		other	0
SEE_13_64_FR	942	Picture	500+	26997992	0	1	5167	1	0	5000	other	0
SEE_13_64_FR	943	Picture	hi_A085	27003159	0	1	30166	1	0	30000	other	0
SEE_13_64_FR	944	Picture	+	27033325	0	1	67832	1	0	next	other	0
SEE_13_64_FR	945	Sound	low084b	27033325	0	1			0		other	0
SEE_13_64_FR	946	Picture	500+	27101156	0	1	5167	1	0	5000	other	0
SEE_13_64_FR	947	Picture	low_A152	27106490	0	1	30166	1	0	30000	other	0
SEE_13_64_FR	948	Picture	+	27136822	0	1	20166	1	0	32180	other	0
SEE_13_64_FR	949	Picture	low_L072	27156988	0	1	30166	1	0	30000	other	0
SEE_13_64_FR	950	Picture	+	27187321	0	1	20166	1	0	36770	other	0
SEE_13_64_FR	951	Picture	hi_O004	27207487	0	1	30166	1	0	30000	other	0
SEE_13_64_FR	952	Picture	+	27237820	0	1	76665	1	0	next	other	0
SEE_13_64_FR	953	Sound	low118a	27257820	0	1			0		other	0
SEE_13_64_FR	954	Picture	500+	27314485	0	1	5167	1	0	5000	other	0
SEE_13_64_FR	955	Picture	low_L126	27319651	0	1	30166	1	0	30000	other	0
SEE_13_64_FR	956	Picture	+	27349984	0	1	55832	1	0	next	other	0
SEE_13_64_FR	957	Sound	low118b	27349984	0	1			0		other	0
SEE_13_64_FR	958	Picture	500+	27405816	0	1	5167	1	0	5000	other	0
SEE_13_64_FR	959	Picture	hi_A012	27410982	0	1	30166	1	0	30000	other	0
SEE_13_64_FR	960	Picture	+	27441315	0	1	20166	1	0	33960	other	0
SEE_13_64_FR	961	Picture	hi_A059	27461481	0	1	30166	1	0	30000	other	0
SEE_13_64_FR	962	Picture	+	27491813	0	1	20166	1	0	41320	other	0
SEE_13_64_FR	963	Picture	low_A139	27511980	0	1	30166	1	0	30000	other	0
SEE_13_64_FR	964	Picture	+	27542312	0	1	85498	1	0	next	other	0
SEE_13_64_FR	965	Sound	hi154a	27562313	0	1			0		other	0
SEE_13_64_FR	966	Picture	500+	27627810	0	1	5166	1	0	5000	other	0
SEE_13_64_FR	967	Picture	hi_A034	27632977	0	1	30166	1	0	30000	other	0
SEE_13_64_FR	968	Picture	+	27663309	0	1	62165	1	0	next	other	0
SEE_13_64_FR	969	Sound	hi154b	27663310	0	1			0		other	0
SEE_13_64_FR	970	Picture	500+	27725474	0	1	5167	1	0	5000	other	0
SEE_13_64_FR	971	Picture	low_L179	27730641	0	1	30166	1	0	30000	other	0
SEE_13_64_FR	972	Picture	+	27760973	0	1	20166	1	0	40060	other	0
SEE_13_64_FR	973	Picture	hi_F152	27781140	0	1	30166	1	0	30000	other	0
SEE_13_64_FR	974	Picture	+	27811472	0	1	20166	1	0	38130	other	0
SEE_13_64_FR	975	Picture	low_L167	27831638	0	1	30166	1	0	30000	other	0
SEE_13_64_FR	976	Picture	+	27861971	0	1	88498	1	0	next	other	0
SEE_13_64_FR	977	Sound	low085a	27881972	0	1			0		other	0
SEE_13_64_FR	978	Picture	500+	27950469	0	1	5167	1	0	5000	other	0
SEE_13_64_FR	979	Picture	hi_F265	27955635	0	1	30166	1	0	30000	other	0
SEE_13_64_FR	980	Picture	+	27985801	0	1	55665	1	0	next	other	0
SEE_13_64_FR	981	Sound	low085b	27985802	0	2			0		other	0
SEE_13_64_FR	982	Picture	500+	28041466	0	1	5167	1	0	5000	other	0
SEE_13_64_FR	983	Picture	low_L138	28046633	0	1	30166	1	0	30000	other	0
SEE_13_64_FR	984	Picture	+	28076966	0	1	20166	1	0	35890	other	0
SEE_13_64_FR	985	Picture	hi_P132	28097132	0	1	30166	1	0	30000	other	0
SEE_13_64_FR	986	Picture	+	28127464	0	1	20166	1	0	34730	other	0
SEE_13_64_FR	987	Picture	low_L163	28147630	0	1	30166	1	0	30000	other	0
SEE_13_64_FR	988	Picture	+	28177963	0	1	80331	1	0	next	other	0
SEE_13_64_FR	989	Sound	hi139a	28197964	0	1			0		other	0
SEE_13_64_FR	990	Picture	500+	28258294	0	1	5167	1	0	5000	other	0
SEE_13_64_FR	991	Picture	hi_F021	28263461	0	1	30166	1	0	30000	other	0
SEE_13_64_FR	992	Picture	+	28293627	0	1	61665	1	0	next	other	0
SEE_13_64_FR	993	Sound	hi139b	28293627	0	1			0		other	0
SEE_13_64_FR	994	Picture	500+	28355292	0	1	5167	1	0	5000	other	0
SEE_13_64_FR	995	Picture	low_L141	28360458	0	1	30166	1	0	30000	other	0
SEE_13_64_FR	996	Picture	+	28390791	0	1	20166	1	0	43050	other	0
SEE_13_64_FR	997	Picture	low_P138	28410957	0	1	30166	1	0	30000	other	0
SEE_13_64_FR	998	Picture	+	28441290	0	1	20166	1	0	44910	other	0
SEE_13_64_FR	999	Picture	hi_F283	28461456	0	1	30166	1	0	30000	other	0
SEE_13_64_FR	1000	Picture	+	28491789	0	1	76498	1	0	next	other	0
SEE_13_64_FR	1001	Sound	hi242a	28511789	0	1			0		other	0
SEE_13_64_FR	1002	Picture	500+	28568287	0	1	5167	1	0	5000	other	0
SEE_13_64_FR	1003	Picture	low_P149	28573453	0	1	30166	1	0	30000	other	0
SEE_13_64_FR	1004	Picture	+	28603619	0	1	60832	1	0	next	other	0
SEE_13_64_FR	1005	Sound	hi242b	28603620	0	1			0		other	0
SEE_13_64_FR	1006	Picture	500+	28664451	0	1	5167	1	0	5000	other	0
SEE_13_64_FR	1007	Picture	hi_P037	28669617	0	1	30166	1	0	30000	other	0
SEE_13_64_FR	1008	Picture	+	28699950	0	1	20166	1	0	32380	other	0
SEE_13_64_FR	1009	Picture	hi_P009	28720116	0	1	30166	1	0	30000	other	0
SEE_13_64_FR	1010	Picture	+	28750449	0	1	20166	1	0	41210	other	0
SEE_13_64_FR	1011	Picture	low_A221	28770615	0	1	30166	1	0	30000	other	0
SEE_13_64_FR	1012	Picture	+	28800947	0	1	84165	1	0	next	other	0
SEE_13_64_FR	1013	Sound	hi128a	28820948	0	1			0		other	0
SEE_13_64_FR	1014	Picture	500+	28885112	0	1	5166	1	0	5000	other	0
SEE_13_64_FR	1015	Picture	low_A193	28890279	0	1	30166	1	0	30000	other	0
SEE_13_64_FR	1016	Picture	+	28920445	0	1	57499	1	0	next	other	0
SEE_13_64_FR	1017	Sound	hi128b	28920445	0	1			0		other	0
SEE_13_64_FR	1018	Picture	500+	28977943	0	1	5167	1	0	5000	other	0
SEE_13_64_FR	1019	Picture	hi_O202	28983110	0	1	30166	1	0	30000	other	0
SEE_13_64_FR	1020	Picture	+	29013442	0	1	20166	1	0	43430	other	0
SEE_13_64_FR	1021	Picture	low_L071	29033608	0	1	30166	1	0	30000	other	0
SEE_13_64_FR	1022	Picture	+	29063941	0	1	20166	1	0	41320	other	0
SEE_13_64_FR	1023	Picture	hi_P143	29084107	0	1	30166	1	0	30000	other	0
SEE_13_64_FR	1024	Picture	+	29114440	0	1	83998	1	0	next	other	0
SEE_13_64_FR	1025	Sound	low049a	29134440	0	1			0		other	0
SEE_13_64_FR	1026	Picture	500+	29198438	0	1	5167	1	0	5000	other	0
SEE_13_64_FR	1027	Picture	hi_A013	29203771	0	1	30166	1	0	30000	other	0
SEE_13_64_FR	1028	Picture	+	29233937	0	1	61165	1	0	next	other	0
SEE_13_64_FR	1029	Sound	low049b	29233937	0	1			0		other	0
SEE_13_64_FR	1030	Picture	500+	29295102	0	1	5167	1	0	5000	other	0
SEE_13_64_FR	1031	Picture	low_P116	29300268	0	1	30166	1	0	30000	other	0
SEE_13_64_FR	1032	Picture	+	29330601	0	1	20166	1	0	37970	other	0
SEE_13_64_FR	1033	Picture	low_L048	29350767	0	1	30166	1	0	30000	other	0
SEE_13_64_FR	1034	Picture	+	29381100	0	1	20166	1	0	44920	other	0
SEE_13_64_FR	1035	Picture	hi_A011	29401266	0	1	30166	1	0	30000	other	0
SEE_13_64_FR	1036	Picture	+	29431598	0	1	76665	1	0	next	other	0
SEE_13_64_FR	1037	Sound	low275a	29451599	0	1			0		other	0
SEE_13_64_FR	1038	Picture	500+	29508263	0	1	5167	1	0	5000	other	0
SEE_13_64_FR	1039	Picture	low_L158	29513430	0	1	30166	1	0	30000	other	0
SEE_13_64_FR	1040	Picture	+	29543596	0	1	58499	1	0	next	other	0
SEE_13_64_FR	1041	Sound	low275b	29543596	0	1			0		other	0
SEE_13_64_FR	1042	Picture	500+	29602094	0	1	5167	1	0	5000	other	0
SEE_13_64_FR	1043	Picture	hi_P023	29607261	0	1	30166	1	0	30000	other	0
SEE_13_64_FR	1044	Picture	+	29637593	0	1	20166	1	0	35440	other	0
SEE_13_64_FR	1045	Picture	low_L054	29657759	0	1	30166	1	0	30000	other	0
SEE_13_64_FR	1046	Picture	+	29688092	0	1	20166	1	0	34100	other	0
SEE_13_64_FR	1047	Picture	hi_F291	29708258	0	1	30166	1	0	30000	other	0
SEE_13_64_FR	1048	Picture	+	29738591	0	1	83165	1	0	next	other	0
SEE_13_64_FR	1049	Sound	hi301a	29758592	0	1			0		other	0
SEE_13_64_FR	1050	Picture	500+	29821755	0	1	5167	1	0	5000	other	0
SEE_13_64_FR	1051	Picture	low_L162	29826922	0	1	30166	1	0	30000	other	0
SEE_13_64_FR	1052	Picture	+	29857088	0	1	56499	1	0	next	other	0
SEE_13_64_FR	1053	Sound	hi301b	29857089	0	1			0		other	0
SEE_13_64_FR	1054	Picture	500+	29913586	0	1	5167	1	0	5000	other	0
SEE_13_64_FR	1055	Picture	hi_O001	29918920	0	1	30166	1	0	30000	other	0
SEE_13_64_FR	1056	Picture	+	29949252	0	1	20166	1	0	42430	other	0
SEE_13_64_FR	1057	Picture	low_L168	29969418	0	1	30166	1	0	30000	other	0
SEE_13_64_FR	1058	Picture	+	29999751	0	1	20166	1	0	38880	other	0
SEE_13_64_FR	1059	Picture	hi_A030	30019917	0	1	30166	1	0	30000	other	0
SEE_13_64_FR	1060	Picture	+	30050250	0	1	75165	1	0	next	other	0
SEE_13_64_FR	1061	Sound	low273a	30070250	0	1			0		other	0
SEE_13_64_FR	1062	Picture	500+	30125415	0	1	5167	1	0	5000	other	0
SEE_13_64_FR	1063	Picture	hi_P133	30130581	0	1	30166	1	0	30000	other	0
SEE_13_64_FR	1064	Picture	+	30160747	0	1	57832	1	0	next	other	0
SEE_13_64_FR	1065	Sound	low273b	30160748	0	1			0		other	0
SEE_13_64_FR	1066	Picture	500+	30218579	0	1	5167	1	0	5000	other	0
SEE_13_64_FR	1067	Picture	low_L176	30223745	0	1	30166	1	0	30000	other	0
SEE_13_64_FR	1068	Picture	+	30254078	0	1	20166	1	0	34430	other	0
SEE_13_64_FR	1069	Picture	hi_A072	30274244	0	1	30166	1	0	30000	other	0
SEE_13_64_FR	1070	Picture	+	30304577	0	1	20166	1	0	40010	other	0
SEE_13_64_FR	1071	Picture	low_L172	30324743	0	1	30166	1	0	30000	other	0
SEE_13_64_FR	1072	Picture	+	30355075	0	1	75665	1	0	next	other	0
SEE_13_64_FR	1073	Sound	hi245a	30375076	0	1			0		other	0
SEE_13_64_FR	1074	Picture	500+	30430740	0	1	5167	1	0	5000	other	0
SEE_13_64_FR	1075	Picture	hi_P018	30436062	0	32	30177	32	0	30000	other	0
SEE_13_64_FR	1076	Picture	+	30466239	0	1	61332	1	0	next	other	0
SEE_13_64_FR	1077	Sound	hi245b	30466240	0	1			0		other	0
SEE_13_64_FR	1078	Picture	500+	30527571	0	1	5166	1	0	5000	other	0
SEE_13_64_FR	1079	Picture	low_F214	30532738	0	1	30166	1	0	30000	other	0
SEE_13_64_FR	1080	Picture	+	30563070	0	1	20166	1	0	37250	other	0
SEE_13_64_FR	1081	Picture	hi_A071	30583236	0	1	30166	1	0	30000	other	0
SEE_13_64_FR	1082	Picture	+	30613569	0	1	20166	1	0	35210	other	0
SEE_13_64_FR	1083	Picture	low_L098	30633735	0	1	30166	1	0	30000	other	0
SEE_13_64_FR	1084	Picture	+	30664068	0	1	80665	1	0	next	other	0
SEE_13_64_FR	1085	Sound	low038a	30684069	0	1			0		other	0
SEE_13_64_FR	1086	Picture	500+	30744732	0	1	5167	1	0	5000	other	0
SEE_13_64_FR	1087	Picture	hi_P231	30749899	0	1	30166	1	0	30000	other	0
SEE_13_64_FR	1088	Picture	+	30780065	0	1	55665	1	0	next	other	0
SEE_13_64_FR	1089	Sound	low038b	30780066	0	1			0		other	0
SEE_13_64_FR	1090	Picture	500+	30835730	0	1	5166	1	0	5000	other	0
SEE_13_64_FR	1091	Picture	low_L180	30840897	0	1	30166	1	0	30000	other	0
SEE_13_64_FR	1092	Picture	+	30871229	0	1	20166	1	0	38220	other	0
SEE_13_64_FR	1093	Picture	hi_F297	30891395	0	1	30166	1	0	30000	other	0
SEE_13_64_FR	1094	Picture	+	30921728	0	1	20166	1	0	36970	other	0
SEE_13_64_FR	1095	Picture	low_F138	30941894	0	1	30166	1	0	30000	other	0
SEE_13_64_FR	1096	Picture	+	30972227	0	1	86331	1	0	next	other	0
SEE_13_64_FR	1097	Sound	low063a	30992228	0	1			0		other	0
SEE_13_64_FR	1098	Picture	500+	31058558	0	1	5167	1	0	5000	other	0
SEE_13_64_FR	1099	Picture	low_A219	31063891	0	1	30166	1	0	30000	other	0
SEE_13_64_FR	1100	Picture	+	31094057	0	1	64665	1	0	next	other	0
SEE_13_64_FR	1101	Sound	low063b	31094058	0	1			0		other	0
SEE_13_64_FR	1102	Picture	500+	31158722	0	1	5167	1	0	5000	other	0
SEE_13_64_FR	1103	Picture	hi_F159	31163889	0	1	30166	1	0	30000	other	0
SEE_13_64_FR	1104	Picture	+	31194221	0	1	20166	1	0	38000	other	0
SEE_13_64_FR	1105	Picture	hi_O300	31214387	0	1	30166	1	0	30000	other	0
SEE_13_64_FR	1106	Picture	+	31244720	0	1	20166	1	0	31700	other	0
SEE_13_64_FR	1107	Picture	low_O326	31264886	0	1	30166	1	0	30000	other	0
SEE_13_64_FR	1108	Picture	+	31295219	0	1	79665	1	0	next	other	0
SEE_13_64_FR	1109	Sound	low024a	31315219	0	1			0		other	0
SEE_13_64_FR	1110	Picture	500+	31374883	0	1	5167	1	0	5000	other	0
SEE_13_64_FR	1111	Picture	low_L016	31380217	0	1	30166	1	0	30000	other	0
SEE_13_64_FR	1112	Picture	+	31410549	0	1	60165	1	0	next	other	0
SEE_13_64_FR	1113	Sound	low024b	31410550	0	1			0		other	0
SEE_13_64_FR	1114	Picture	500+	31470714	0	1	5167	1	0	5000	other	0
SEE_13_64_FR	1115	Picture	hi_O132	31475881	0	1	30166	1	0	30000	other	0
SEE_13_64_FR	1116	Picture	+	31506213	0	1	20166	1	0	39630	other	0
SEE_13_64_FR	1117	Picture	hi_A207	31526380	0	1	30166	1	0	30000	other	0
SEE_13_64_FR	1118	Picture	+	31556712	0	1	20166	1	0	37690	other	0
SEE_13_64_FR	1119	Picture	low_P055	31576878	0	1	30166	1	0	30000	other	0
SEE_13_64_FR	1120	Picture	+	31607211	0	1	84665	1	0	next	other	0
SEE_13_64_FR	1121	Sound	hi004a	31627212	0	1			0		other	0
SEE_13_64_FR	1122	Picture	500+	31691875	0	1	5167	1	0	5000	other	0
SEE_13_64_FR	1123	Picture	low_L041	31697042	0	1	30166	1	0	30000	other	0
SEE_13_64_FR	1124	Picture	+	31727375	0	1	58665	1	0	next	other	0
SEE_13_64_FR	1125	Sound	hi004b	31727375	0	1			0		other	0
SEE_13_64_FR	1126	Picture	500+	31786040	0	1	5167	1	0	5000	other	0
SEE_13_64_FR	1127	Picture	hi_A032	31791206	0	1	30166	1	0	30000	other	0
SEE_13_64_FR	1128	Picture	+	31821539	0	1	20166	1	0	35310	other	0
SEE_13_64_FR	1129	Picture	hi_A025	31841705	0	1	30166	1	0	30000	other	0
SEE_13_64_FR	1130	Picture	+	31872038	0	1	20166	1	0	31060	other	0
SEE_13_64_FR	1131	Picture	low_L151	31892204	0	1	30166	1	0	30000	other	0
SEE_13_64_FR	1132	Picture	+	31922536	0	1	79498	1	0	next	other	0
SEE_13_64_FR	1133	Sound	low036a	31942537	0	1			0		other	0
SEE_13_64_FR	1134	Picture	500+	32002034	0	1	5167	1	0	5000	other	0
SEE_13_64_FR	1135	Picture	hi_F298	32007201	0	1	30166	1	0	30000	other	0
SEE_13_64_FR	1136	Picture	+	32037367	0	1	61832	1	0	next	other	0
SEE_13_64_FR	1137	Sound	low036b	32037367	0	1			0		other	0
SEE_13_64_FR	1138	Picture	500+	32099199	0	1	5167	1	0	5000	other	0
SEE_13_64_FR	1139	Picture	low_L143	32104365	0	1	30166	1	0	30000	other	0
SEE_13_64_FR	1140	Picture	+	32134698	0	1	20166	1	0	36570	other	0
SEE_13_64_FR	1141	Picture	low_A108	32154864	0	1	30166	1	0	30000	other	0
SEE_13_64_FR	1142	Picture	+	32185196	0	1	20166	1	0	38960	other	0
SEE_13_64_FR	1143	Picture	hi_L026	32205363	0	1	30166	1	0	30000	other	0
SEE_13_64_FR	1144	Picture	+	32235695	0	1	81498	1	0	next	other	0
SEE_13_64_FR	1145	Sound	hi012a	32255696	0	1			0		other	0
SEE_13_64_FR	1146	Picture	500+	32317193	0	1	5167	1	0	5000	other	0
SEE_13_64_FR	1147	Picture	low_A119	32322360	0	1	30166	1	0	30000	other	0
SEE_13_64_FR	1148	Picture	+	32352692	0	1	61498	1	0	next	other	0
SEE_13_64_FR	1149	Sound	hi012b	32352693	0	1			0		other	0
SEE_13_64_FR	1150	Picture	500+	32414191	0	1	5167	1	0	5000	other	0
SEE_13_64_FR	1151	Picture	hi_P216	32419524	0	1	30166	1	0	30000	other	0
SEE_13_64_FR	1152	Picture	+	32449857	0	1	20166	1	0	44210	other	0
SEE_13_64_FR	1153	Picture	hi_L005	32470023	0	1	30166	1	0	30000	other	0
SEE_13_64_FR	1154	Picture	+	32500355	0	1	20166	1	0	38690	other	0
SEE_13_64_FR	1155	Picture	low_F203	32520521	0	1	30166	1	0	30000	other	0
SEE_13_64_FR	1156	Picture	+	32550854	0	1	80165	1	0	next	other	0
SEE_13_64_FR	1157	Sound	hi013a	32570855	0	1			0		other	0
SEE_13_64_FR	1158	Picture	500+	32631019	0	1	5167	1	0	5000	other	0
SEE_13_64_FR	1159	Picture	low_P048	32636185	0	1	30166	1	0	30000	other	0
SEE_13_64_FR	1160	Picture	+	32666518	0	1	58332	1	0	next	other	0
SEE_13_64_FR	1161	Sound	hi013b	32666518	0	1			0		other	0
SEE_13_64_FR	1162	Picture	500+	32724850	0	1	5167	1	0	5000	other	0
SEE_13_64_FR	1163	Picture	hi_O003	32730183	0	1	30166	1	0	30000	other	0
SEE_13_64_FR	1164	Picture	+	32760515	0	1	20166	1	0	44090	other	0
SEE_13_64_FR	1165	Picture	low_L021	32780682	0	1	30166	1	0	30000	other	0
SEE_13_64_FR	1166	Picture	+	32811014	0	1	20166	1	0	35470	other	0
SEE_13_64_FR	1167	Picture	hi_F270	32831180	0	1	30166	1	0	30000	other	0
SEE_13_64_FR	1168	Picture	+	32861513	0	1	75665	1	0	next	other	0
SEE_13_64_FR	1169	Sound	hi326a	32881514	0	1			0		other	0
SEE_13_64_FR	1170	Picture	500+	32937178	0	1	5167	1	0	5000	other	0
SEE_13_64_FR	1171	Picture	low_F244	32942344	0	1	30166	1	0	30000	other	0
SEE_13_64_FR	1172	Picture	+	32972510	0	1	57832	1	0	next	other	0
SEE_13_64_FR	1173	Sound	hi326b	32972511	0	1			0		other	0
SEE_13_64_FR	1174	Picture	500+	33030342	0	1	5167	1	0	5000	other	0
SEE_13_64_FR	1175	Picture	hi_P058	33035509	0	1	30166	1	0	30000	other	0
SEE_13_64_FR	1176	Picture	+	33065841	0	1	20166	1	0	37970	other	0
SEE_13_64_FR	1177	Picture	low_P047	33086007	0	1	30166	1	0	30000	other	0
SEE_13_64_FR	1178	Picture	+	33116340	0	1	20166	1	0	35860	other	0
SEE_13_64_FR	1179	Picture	hi_P015	33136506	0	1	30166	1	0	30000	other	0
SEE_13_64_FR	1180	Picture	+	33166839	0	1	76165	1	0	next	other	0
SEE_13_64_FR	1181	Sound	hi123a	33186840	0	2			0		other	0
SEE_13_64_FR	1182	Picture	500+	33243004	0	1	5167	1	0	5000	other	0
SEE_13_64_FR	1183	Picture	hi_P007	33248337	0	1	30166	1	0	30000	other	0
SEE_13_64_FR	1184	Picture	+	33278669	0	1	65165	1	0	next	other	0
SEE_13_64_FR	1185	Sound	hi123b	33278670	0	1			0		other	0
SEE_13_64_FR	1186	Picture	500+	33343834	0	1	5167	1	0	5000	other	0
SEE_13_64_FR	1187	Picture	low_F121	33349168	0	1	30166	1	0	30000	other	0
SEE_13_64_FR	1188	Picture	+	33379500	0	1	20166	1	0	34190	other	0
SEE_13_64_FR	1189	Picture	low_L128	33399666	0	1	30166	1	0	30000	other	0
SEE_13_64_FR	1190	Picture	+	33429999	0	1	20166	1	0	42420	other	0
SEE_13_64_FR	1191	Picture	hi_P229	33450165	0	1	30166	1	0	30000	other	0
SEE_13_64_FR	1192	Picture	+	33480498	0	1	83998	1	0	next	other	0
SEE_13_64_FR	1193	Sound	hi252a	33500498	0	1			0		other	0
SEE_13_64_FR	1194	Picture	500+	33564495	0	1	5167	1	0	5000	other	0
SEE_13_64_FR	1195	Picture	hi_F146	33569829	0	1	30166	1	0	30000	other	0
SEE_13_64_FR	1196	Picture	+	33600161	0	1	66498	1	0	next	other	0
SEE_13_64_FR	1197	Sound	hi252b	33600162	0	1			0		other	0
SEE_13_64_FR	1198	Picture	500+	33666660	0	1	5167	1	0	5000	other	0
SEE_13_64_FR	1199	Picture	low_L149	33671826	0	1	30166	1	0	30000	other	0
SEE_13_64_FR	1200	Picture	+	33702159	0	1	20166	1	0	39420	other	0
SEE_13_64_FR	1201	Picture	low_F001	33722325	0	1	30166	1	0	30000	other	0
SEE_13_64_FR	1202	Picture	+	33752657	0	1	20166	1	0	39820	other	0
SEE_13_64_FR	1203	Picture	hi_P016	33772824	0	1	30166	1	0	30000	other	0
SEE_13_64_FR	1204	Picture	+	33803156	0	1	20166	1	0	next	other	0
