Scenario - 
Logfile written - 04/11/2016 12:04:07

Subject	Trial	Event Type	Code	Time	TTime	Uncertainty	Duration	Uncertainty	ReqTime	ReqDur	Stim Type	Pair Index

SEE_16_64_FR	1	Response	0	154524	154376	1
SEE_16_64_FR	4	Picture	+	195162	0	1	64332	1	0	next	other	0
SEE_16_64_FR	5	Sound	hi247a	195162	0	1			0		other	0
SEE_16_64_FR	6	Picture	500+	259493	0	1	5167	1	0	5000	other	0
SEE_16_64_FR	7	Picture	hi_P125	264660	0	1	30166	1	0	30000	other	0
SEE_16_64_FR	8	Picture	+	294992	0	1	67498	1	0	next	other	0
SEE_16_64_FR	9	Sound	hi247b	294993	0	1			0		other	0
SEE_16_64_FR	10	Picture	500+	362491	0	1	5167	1	0	5000	other	0
SEE_16_64_FR	11	Picture	low_L154	367657	0	1	30166	1	0	30000	other	0
SEE_16_64_FR	12	Picture	+	397990	0	1	20166	1	0	37780	other	0
SEE_16_64_FR	13	Picture	low_A185	418156	0	1	30166	1	0	30000	other	0
SEE_16_64_FR	14	Picture	+	448489	0	1	20166	1	0	41060	other	0
SEE_16_64_FR	15	Picture	hi_P040	468655	0	1	30166	1	0	30000	other	0
SEE_16_64_FR	16	Picture	+	498987	0	1	88164	1	0	next	other	0
SEE_16_64_FR	17	Sound	low032a	518988	0	1			0		other	0
SEE_16_64_FR	18	Picture	500+	587152	0	1	5167	1	0	5000	other	0
SEE_16_64_FR	19	Picture	low_L168	592318	0	1	30166	1	0	30000	other	0
SEE_16_64_FR	20	Picture	+	622651	0	1	68665	1	0	next	other	0
SEE_16_64_FR	21	Sound	low032b	622651	0	1			0		other	0
SEE_16_64_FR	22	Picture	500+	691316	0	1	5167	1	0	5000	other	0
SEE_16_64_FR	23	Picture	hi_A062	696482	0	1	30166	1	0	30000	other	0
SEE_16_64_FR	24	Picture	+	726815	0	1	20166	1	0	39930	other	0
SEE_16_64_FR	25	Picture	low_L178	746981	0	1	30166	1	0	30000	other	0
SEE_16_64_FR	26	Picture	+	777314	0	1	20166	1	0	30410	other	0
SEE_16_64_FR	27	Picture	hi_A085	797480	0	1	30166	1	0	30000	other	0
SEE_16_64_FR	28	Picture	+	827812	0	1	75165	1	0	next	other	0
SEE_16_64_FR	29	Sound	low118a	847813	0	2			0		other	0
SEE_16_64_FR	30	Picture	500+	902977	0	1	5167	1	0	5000	other	0
SEE_16_64_FR	31	Picture	hi_F034	908310	0	1	30166	1	0	30000	other	0
SEE_16_64_FR	32	Picture	+	938476	0	1	57999	1	0	next	other	0
SEE_16_64_FR	33	Sound	low118b	938477	0	1			0		other	0
SEE_16_64_FR	34	Picture	500+	996475	0	1	5167	1	0	5000	other	0
SEE_16_64_FR	35	Picture	low_F001	1001641	0	1	30166	1	0	30000	other	0
SEE_16_64_FR	36	Picture	+	1031974	0	1	20166	1	0	38990	other	0
SEE_16_64_FR	37	Picture	hi_P038	1052140	0	1	30166	1	0	30000	other	0
SEE_16_64_FR	38	Picture	+	1082473	0	1	20166	1	0	38980	other	0
SEE_16_64_FR	39	Picture	low_P169	1102639	0	1	30166	1	0	30000	other	0
SEE_16_64_FR	40	Picture	+	1132971	0	1	78665	1	0	next	other	0
SEE_16_64_FR	41	Sound	low279a	1152972	0	1			0		other	0
SEE_16_64_FR	42	Picture	500+	1211636	0	1	5167	1	0	5000	other	0
SEE_16_64_FR	43	Picture	hi_P058	1216969	0	1	30166	1	0	30000	other	0
SEE_16_64_FR	44	Picture	+	1247135	0	1	65998	1	0	next	other	0
SEE_16_64_FR	45	Sound	low279b	1247136	0	1			0		other	0
SEE_16_64_FR	46	Picture	500+	1313133	0	1	5167	1	0	5000	other	0
SEE_16_64_FR	47	Picture	low_P115	1318300	0	1	30166	1	0	30000	other	0
SEE_16_64_FR	48	Picture	+	1348632	0	1	20166	1	0	34410	other	0
SEE_16_64_FR	49	Picture	low_A090	1368799	0	1	30166	1	0	30000	other	0
SEE_16_64_FR	50	Picture	+	1399131	0	1	20166	1	0	41980	other	0
SEE_16_64_FR	51	Picture	hi_F158	1419297	0	1	30166	1	0	30000	other	0
SEE_16_64_FR	52	Picture	+	1449630	0	1	75665	1	0	next	other	0
SEE_16_64_FR	53	Sound	low276a	1469631	0	1			0		other	0
SEE_16_64_FR	54	Picture	500+	1525295	0	1	5167	1	0	5000	other	0
SEE_16_64_FR	55	Picture	low_F228	1530461	0	1	30166	1	0	30000	other	0
SEE_16_64_FR	56	Picture	+	1560794	0	1	62165	1	0	next	other	0
SEE_16_64_FR	57	Sound	low276b	1560794	0	1			0		other	0
SEE_16_64_FR	58	Picture	500+	1622959	0	1	5167	1	0	5000	other	0
SEE_16_64_FR	59	Picture	hi_P007	1628125	0	1	30166	1	0	30000	other	0
SEE_16_64_FR	60	Picture	+	1658458	0	1	20166	1	0	37730	other	0
SEE_16_64_FR	61	Picture	hi_F370	1678624	0	1	30166	1	0	30000	other	0
SEE_16_64_FR	62	Picture	+	1708957	0	1	20166	1	0	35040	other	0
SEE_16_64_FR	63	Picture	low_L124	1729123	0	1	30166	1	0	30000	other	0
SEE_16_64_FR	64	Picture	+	1759455	0	1	80831	1	0	next	other	0
SEE_16_64_FR	65	Sound	low345a	1779456	0	1			0		other	0
SEE_16_64_FR	66	Picture	500+	1840287	0	1	5167	1	0	5000	other	0
SEE_16_64_FR	67	Picture	low_P109	1845453	0	1	30166	1	0	30000	other	0
SEE_16_64_FR	68	Picture	+	1875619	0	1	69498	1	0	next	other	0
SEE_16_64_FR	69	Sound	low345b	1875620	0	1			0		other	0
SEE_16_64_FR	70	Picture	500+	1945117	0	1	5167	1	0	5000	other	0
SEE_16_64_FR	71	Picture	hi_P084	1950284	0	1	30166	1	0	30000	other	0
SEE_16_64_FR	72	Picture	+	1980616	0	1	20166	1	0	42750	other	0
SEE_16_64_FR	73	Picture	hi_P235	2000783	0	1	30166	1	0	30000	other	0
SEE_16_64_FR	74	Picture	+	2031115	0	1	20166	1	0	41780	other	0
SEE_16_64_FR	75	Picture	low_A095	2051281	0	1	30166	1	0	30000	other	0
SEE_16_64_FR	76	Picture	+	2081614	0	1	80665	1	0	next	other	0
SEE_16_64_FR	77	Sound	hi202a	2101615	0	2			0		other	0
SEE_16_64_FR	78	Picture	500+	2162279	0	1	5167	1	0	5000	other	0
SEE_16_64_FR	79	Picture	hi_P127	2167445	0	1	30166	1	0	30000	other	0
SEE_16_64_FR	80	Picture	+	2197611	0	1	57665	1	0	next	other	0
SEE_16_64_FR	81	Sound	hi202b	2197612	0	1			0		other	0
SEE_16_64_FR	82	Picture	500+	2255276	0	1	5167	1	0	5000	other	0
SEE_16_64_FR	83	Picture	low_A113	2260443	0	1	30166	1	0	30000	other	0
SEE_16_64_FR	84	Picture	+	2290775	0	1	20166	1	0	31430	other	0
SEE_16_64_FR	85	Picture	low_L075	2310941	0	1	30166	1	0	30000	other	0
SEE_16_64_FR	86	Picture	+	2341274	0	1	20166	1	0	38350	other	0
SEE_16_64_FR	87	Picture	hi_A042	2361440	0	1	30166	1	0	30000	other	0
SEE_16_64_FR	88	Picture	+	2391773	0	1	75165	1	0	next	other	0
SEE_16_64_FR	89	Sound	low273a	2411774	0	1			0		other	0
SEE_16_64_FR	90	Picture	500+	2466938	0	1	5167	1	0	5000	other	0
SEE_16_64_FR	91	Picture	hi_P029	2472104	0	1	30166	1	0	30000	other	0
SEE_16_64_FR	92	Picture	+	2502270	0	1	60332	1	0	next	other	0
SEE_16_64_FR	93	Sound	low273b	2502271	0	1			0		other	0
SEE_16_64_FR	94	Picture	500+	2562602	0	1	5167	1	0	5000	other	0
SEE_16_64_FR	95	Picture	low_F056	2567768	0	1	30166	1	0	30000	other	0
SEE_16_64_FR	96	Picture	+	2598101	0	1	20166	1	0	33810	other	0
SEE_16_64_FR	97	Picture	low_L184	2618267	0	1	30166	1	0	30000	other	0
SEE_16_64_FR	98	Picture	+	2648600	0	1	20166	1	0	31060	other	0
SEE_16_64_FR	99	Picture	hi_A054	2668766	0	1	30166	1	0	30000	other	0
SEE_16_64_FR	100	Picture	+	2699098	0	1	77998	1	0	next	other	0
SEE_16_64_FR	101	Sound	low330a	2719099	0	1			0		other	0
SEE_16_64_FR	102	Picture	500+	2777096	0	1	5167	1	0	5000	other	0
SEE_16_64_FR	103	Picture	hi_O001	2782263	0	1	30166	1	0	30000	other	0
SEE_16_64_FR	104	Picture	+	2812429	0	1	69832	1	0	next	other	0
SEE_16_64_FR	105	Sound	low330b	2812430	0	1			0		other	0
SEE_16_64_FR	106	Picture	500+	2882261	0	1	5167	1	0	5000	other	0
SEE_16_64_FR	107	Picture	low_L111	2887427	0	1	30166	1	0	30000	other	0
SEE_16_64_FR	108	Picture	+	2917760	0	1	20166	1	0	42590	other	0
SEE_16_64_FR	109	Picture	hi_P243	2937926	0	1	30166	1	0	30000	other	0
SEE_16_64_FR	110	Picture	+	2968258	0	1	20166	1	0	33000	other	0
SEE_16_64_FR	111	Picture	low_L089	2988424	0	1	30166	1	0	30000	other	0
SEE_16_64_FR	112	Picture	+	3018757	0	1	82998	1	0	next	other	0
SEE_16_64_FR	113	Sound	hi206a	3038758	0	1			0		other	0
SEE_16_64_FR	114	Picture	500+	3101755	0	1	5167	1	0	5000	other	0
SEE_16_64_FR	115	Picture	low_F124	3106922	0	1	30166	1	0	30000	other	0
SEE_16_64_FR	116	Picture	+	3137087	0	1	59665	1	0	next	other	0
SEE_16_64_FR	117	Sound	hi206b	3137088	0	1			0		other	0
SEE_16_64_FR	118	Picture	500+	3196753	0	1	5167	1	0	5000	other	0
SEE_16_64_FR	119	Picture	hi_A063	3201919	0	1	30166	1	0	30000	other	0
SEE_16_64_FR	120	Picture	+	3232252	0	1	20166	1	0	30510	other	0
SEE_16_64_FR	121	Picture	low_L102	3252418	0	1	30166	1	0	30000	other	0
SEE_16_64_FR	122	Picture	+	3282750	0	1	20166	1	0	33890	other	0
SEE_16_64_FR	123	Picture	hi_L007	3302917	0	1	30166	1	0	30000	other	0
SEE_16_64_FR	124	Picture	+	3333249	0	1	80998	1	0	next	other	0
SEE_16_64_FR	125	Sound	low149a	3353250	0	1			0		other	0
SEE_16_64_FR	126	Picture	500+	3414247	0	1	5167	1	0	5000	other	0
SEE_16_64_FR	127	Picture	low_L104	3419414	0	1	30166	1	0	30000	other	0
SEE_16_64_FR	128	Picture	+	3449580	0	1	62998	1	0	next	other	0
SEE_16_64_FR	129	Sound	low149b	3449580	0	1			0		other	0
SEE_16_64_FR	130	Picture	500+	3512578	0	1	5167	1	0	5000	other	0
SEE_16_64_FR	131	Picture	hi_L026	3517745	0	1	30166	1	0	30000	other	0
SEE_16_64_FR	132	Picture	+	3548077	0	1	20166	1	0	36720	other	0
SEE_16_64_FR	133	Picture	hi_P208	3568243	0	1	30166	1	0	30000	other	0
SEE_16_64_FR	134	Picture	+	3598576	0	1	20166	1	0	34360	other	0
SEE_16_64_FR	135	Picture	low_L109	3618742	0	1	30166	1	0	30000	other	0
SEE_16_64_FR	136	Picture	+	3649075	0	1	76331	1	0	next	other	0
SEE_16_64_FR	137	Sound	low037a	3669075	0	1			0		other	0
SEE_16_64_FR	138	Picture	500+	3725406	0	1	5167	1	0	5000	other	0
SEE_16_64_FR	139	Picture	hi_O202	3730739	0	1	30166	1	0	30000	other	0
SEE_16_64_FR	140	Picture	+	3761072	0	1	68832	1	0	next	other	0
SEE_16_64_FR	141	Sound	low037b	3761072	0	1			0		other	0
SEE_16_64_FR	142	Picture	500+	3829903	0	1	5167	1	0	5000	other	0
SEE_16_64_FR	143	Picture	low_L113	3835070	0	1	30166	1	0	30000	other	0
SEE_16_64_FR	144	Picture	+	3865402	0	1	20166	1	0	31920	other	0
SEE_16_64_FR	145	Picture	hi_A050	3885569	0	1	30166	1	0	30000	other	0
SEE_16_64_FR	146	Picture	+	3915901	0	1	20166	1	0	44370	other	0
SEE_16_64_FR	147	Picture	low_P138	3936067	0	1	30166	1	0	30000	other	0
SEE_16_64_FR	148	Picture	+	3966400	0	1	87498	1	0	next	other	0
SEE_16_64_FR	149	Sound	hi310a	3986401	0	1			0		other	0
SEE_16_64_FR	150	Picture	500+	4053898	0	1	5167	1	0	5000	other	0
SEE_16_64_FR	151	Picture	low_A217	4059064	0	1	30166	1	0	30000	other	0
SEE_16_64_FR	152	Picture	+	4089230	0	1	57832	1	0	next	other	0
SEE_16_64_FR	153	Sound	hi310b	4089231	0	1			0		other	0
SEE_16_64_FR	154	Picture	500+	4147062	0	1	5167	1	0	5000	other	0
SEE_16_64_FR	155	Picture	hi_O125	4152395	0	1	30166	1	0	30000	other	0
SEE_16_64_FR	156	Picture	+	4182728	0	1	20166	1	0	34070	other	0
SEE_16_64_FR	157	Picture	low_L132	4202894	0	1	30166	1	0	30000	other	0
SEE_16_64_FR	158	Picture	+	4233227	0	1	20166	1	0	34740	other	0
SEE_16_64_FR	159	Picture	hi_F272	4253393	0	1	30166	1	0	30000	other	0
SEE_16_64_FR	160	Picture	+	4283725	0	1	79831	1	0	next	other	0
SEE_16_64_FR	161	Sound	hi139a	4303726	0	1			0		other	0
SEE_16_64_FR	162	Picture	500+	4363557	0	1	5167	1	0	5000	other	0
SEE_16_64_FR	163	Picture	low_P110	4368723	0	1	30166	1	0	30000	other	0
SEE_16_64_FR	164	Picture	+	4399056	0	1	64498	1	0	next	other	0
SEE_16_64_FR	165	Sound	hi139b	4399056	0	1			0		other	0
SEE_16_64_FR	166	Picture	500+	4463554	0	1	5167	1	0	5000	other	0
SEE_16_64_FR	167	Picture	hi_F321	4468721	0	1	30166	1	0	30000	other	0
SEE_16_64_FR	168	Picture	+	4499053	0	1	20166	1	0	43390	other	0
SEE_16_64_FR	169	Picture	low_P047	4519219	0	1	30166	1	0	30000	other	0
SEE_16_64_FR	170	Picture	+	4549552	0	1	20166	1	0	42430	other	0
SEE_16_64_FR	171	Picture	hi_A069	4569718	0	1	30166	1	0	30000	other	0
SEE_16_64_FR	172	Picture	+	4600051	0	1	83165	1	0	next	other	0
SEE_16_64_FR	173	Sound	low179a	4620052	0	1			0		other	0
SEE_16_64_FR	174	Picture	500+	4683215	0	1	5167	1	0	5000	other	0
SEE_16_64_FR	175	Picture	low_L176	4688382	0	1	30166	1	0	30000	other	0
SEE_16_64_FR	176	Picture	+	4718714	0	1	58832	1	0	next	other	0
SEE_16_64_FR	177	Sound	low179b	4718715	0	1			0		other	0
SEE_16_64_FR	178	Picture	500+	4777546	0	1	5167	1	0	5000	other	0
SEE_16_64_FR	179	Picture	hi_A074	4782879	0	1	30166	1	0	30000	other	0
SEE_16_64_FR	180	Picture	+	4813212	0	1	20166	1	0	35730	other	0
SEE_16_64_FR	181	Picture	low_L009	4833378	0	1	30166	1	0	30000	other	0
SEE_16_64_FR	182	Picture	+	4863711	0	1	20166	1	0	40530	other	0
SEE_16_64_FR	183	Picture	hi_P200	4883877	0	1	30166	1	0	30000	other	0
SEE_16_64_FR	184	Picture	+	4914209	0	1	86165	1	0	next	other	0
SEE_16_64_FR	185	Sound	low089a	4934211	0	1			0		other	0
SEE_16_64_FR	186	Picture	500+	5000374	0	1	5167	1	0	5000	other	0
SEE_16_64_FR	187	Picture	low_L148	5005541	0	1	30166	1	0	30000	other	0
SEE_16_64_FR	188	Picture	+	5035873	0	1	57665	1	0	next	other	0
SEE_16_64_FR	189	Sound	low089b	5035874	0	1			0		other	0
SEE_16_64_FR	190	Picture	500+	5093538	0	1	5167	1	0	5000	other	0
SEE_16_64_FR	191	Picture	hi_L139	5098872	0	1	30166	1	0	30000	other	0
SEE_16_64_FR	192	Picture	+	5129204	0	1	20166	1	0	37250	other	0
SEE_16_64_FR	193	Picture	low_L131	5149370	0	1	30166	1	0	30000	other	0
SEE_16_64_FR	194	Picture	+	5179703	0	1	20166	1	0	37950	other	0
SEE_16_64_FR	195	Picture	hi_P128	5199869	0	1	30166	1	0	30000	other	0
SEE_16_64_FR	196	Picture	+	5230202	0	1	80998	1	0	next	other	0
SEE_16_64_FR	197	Sound	low044a	5250202	0	1			0		other	0
SEE_16_64_FR	198	Picture	500+	5311200	0	1	5167	1	0	5000	other	0
SEE_16_64_FR	199	Picture	low_O190	5316366	0	1	30166	1	0	30000	other	0
SEE_16_64_FR	200	Picture	+	5346699	0	1	63998	1	0	next	other	0
SEE_16_64_FR	201	Sound	low044b	5346699	0	1			0		other	0
SEE_16_64_FR	202	Picture	500+	5410697	0	1	5167	1	0	5000	other	0
SEE_16_64_FR	203	Picture	hi_O126	5415864	0	1	30166	1	0	30000	other	0
SEE_16_64_FR	204	Picture	+	5446196	0	1	20166	1	0	35640	other	0
SEE_16_64_FR	205	Picture	low_A097	5466362	0	1	30166	1	0	30000	other	0
SEE_16_64_FR	206	Picture	+	5496695	0	1	20166	1	0	32620	other	0
SEE_16_64_FR	207	Picture	hi_P246	5516861	0	1	30166	1	0	30000	other	0
SEE_16_64_FR	208	Picture	+	5547194	0	1	78665	1	0	next	other	0
SEE_16_64_FR	209	Sound	low031a	5567194	0	1			0		other	0
SEE_16_64_FR	210	Picture	500+	5625858	0	1	5167	1	0	5000	other	0
SEE_16_64_FR	211	Picture	hi_P009	5631025	0	1	30166	1	0	30000	other	0
SEE_16_64_FR	212	Picture	+	5661191	0	1	65998	1	0	next	other	0
SEE_16_64_FR	213	Sound	low031b	5661191	0	1			0		other	0
SEE_16_64_FR	214	Picture	500+	5727189	0	1	5167	1	0	5000	other	0
SEE_16_64_FR	215	Picture	low_P055	5732522	0	1	30166	1	0	30000	other	0
SEE_16_64_FR	216	Picture	+	5762855	0	1	20166	1	0	39130	other	0
SEE_16_64_FR	217	Picture	low_L046	5783021	0	1	30166	1	0	30000	other	0
SEE_16_64_FR	218	Picture	+	5813354	0	1	20166	1	0	31420	other	0
SEE_16_64_FR	219	Picture	hi_F159	5833520	0	1	30166	1	0	30000	other	0
SEE_16_64_FR	220	Picture	+	5863852	0	1	76665	1	0	next	other	0
SEE_16_64_FR	221	Sound	hi217a	5883853	0	1			0		other	0
SEE_16_64_FR	222	Picture	500+	5940517	0	1	5167	1	0	5000	other	0
SEE_16_64_FR	223	Picture	low_O325	5945850	0	1	30166	1	0	30000	other	0
SEE_16_64_FR	224	Picture	+	5976016	0	1	56832	1	0	next	other	0
SEE_16_64_FR	225	Sound	hi217b	5976017	0	1			0		other	0
SEE_16_64_FR	226	Picture	500+	6032848	0	1	5167	1	0	5000	other	0
SEE_16_64_FR	227	Picture	hi_P008	6038015	0	1	30166	1	0	30000	other	0
SEE_16_64_FR	228	Picture	+	6068347	0	1	20166	1	0	39060	other	0
SEE_16_64_FR	229	Picture	hi_F016	6088513	0	1	30166	1	0	30000	other	0
SEE_16_64_FR	230	Picture	+	6118846	0	1	20166	1	0	38690	other	0
SEE_16_64_FR	231	Picture	low_O326	6139012	0	1	30166	1	0	30000	other	0
SEE_16_64_FR	232	Picture	+	6169345	0	1	89498	1	0	next	other	0
SEE_16_64_FR	233	Sound	low197a	6189346	0	1			0		other	0
SEE_16_64_FR	234	Picture	500+	6258843	0	1	5167	1	0	5000	other	0
SEE_16_64_FR	235	Picture	low_A152	6264176	0	1	30166	1	0	30000	other	0
SEE_16_64_FR	236	Picture	+	6294508	0	1	63498	1	0	next	other	0
SEE_16_64_FR	237	Sound	low197b	6294509	0	2			0		other	0
SEE_16_64_FR	238	Picture	500+	6358007	0	1	5167	1	0	5000	other	0
SEE_16_64_FR	239	Picture	hi_F152	6363340	0	1	30166	1	0	30000	other	0
SEE_16_64_FR	240	Picture	+	6393672	0	1	20166	1	0	32770	other	0
SEE_16_64_FR	241	Picture	low_A188	6413839	0	1	30166	1	0	30000	other	0
SEE_16_64_FR	242	Picture	+	6444171	0	1	20166	1	0	35420	other	0
SEE_16_64_FR	243	Picture	hi_A001	6464337	0	1	30166	1	0	30000	other	0
SEE_16_64_FR	244	Picture	+	6494670	0	1	76331	1	0	next	other	0
SEE_16_64_FR	245	Sound	hi103a	6514671	0	1			0		other	0
SEE_16_64_FR	246	Picture	500+	6571001	0	1	5167	1	0	5000	other	0
SEE_16_64_FR	247	Picture	hi_P020	6576168	0	1	30166	1	0	30000	other	0
SEE_16_64_FR	248	Picture	+	6606334	0	1	55665	1	0	next	other	0
SEE_16_64_FR	249	Sound	hi103b	6606334	0	1			0		other	0
SEE_16_64_FR	250	Picture	500+	6661999	0	1	5167	1	0	5000	other	0
SEE_16_64_FR	251	Picture	low_A157	6667332	0	1	30166	1	0	30000	other	0
SEE_16_64_FR	252	Picture	+	6697665	0	1	20166	1	0	33830	other	0
SEE_16_64_FR	253	Picture	low_L137	6717831	0	1	30166	1	0	30000	other	0
SEE_16_64_FR	254	Picture	+	6748164	0	1	20166	1	0	36050	other	0
SEE_16_64_FR	255	Picture	hi_A071	6768330	0	1	30166	1	0	30000	other	0
SEE_16_64_FR	256	Picture	+	6798662	0	1	85998	1	0	next	other	0
SEE_16_64_FR	257	Sound	hi214a	6818663	0	1			0		other	0
SEE_16_64_FR	258	Picture	500+	6884660	0	1	5166	1	0	5000	other	0
SEE_16_64_FR	259	Picture	low_A192	6889827	0	1	30166	1	0	30000	other	0
SEE_16_64_FR	260	Picture	+	6919993	0	1	67998	1	0	next	other	0
SEE_16_64_FR	261	Sound	hi214b	6919993	0	1			0		other	0
SEE_16_64_FR	262	Picture	500+	6987991	0	1	5167	1	0	5000	other	0
SEE_16_64_FR	263	Picture	hi_F366	6993157	0	1	30166	1	0	30000	other	0
SEE_16_64_FR	264	Picture	+	7023490	0	1	20166	1	0	33940	other	0
SEE_16_64_FR	265	Picture	hi_A038	7043656	0	1	30166	1	0	30000	other	0
SEE_16_64_FR	266	Picture	+	7073989	0	1	20166	1	0	30190	other	0
SEE_16_64_FR	267	Picture	low_P054	7094155	0	1	30166	1	0	30000	other	0
SEE_16_64_FR	268	Picture	+	7124488	0	1	86165	1	0	next	other	0
SEE_16_64_FR	269	Sound	hi241a	7144488	0	1			0		other	0
SEE_16_64_FR	270	Picture	500+	7210652	0	1	5166	1	0	5000	other	0
SEE_16_64_FR	271	Picture	hi_P023	7215819	0	1	30166	1	0	30000	other	0
SEE_16_64_FR	272	Picture	+	7245984	0	1	65498	1	0	next	other	0
SEE_16_64_FR	273	Sound	hi241b	7245985	0	1			0		other	0
SEE_16_64_FR	274	Picture	500+	7311483	0	1	5167	1	0	5000	other	0
SEE_16_64_FR	275	Picture	low_F047	7316649	0	1	30166	1	0	30000	other	0
SEE_16_64_FR	276	Picture	+	7346982	0	1	20166	1	0	43950	other	0
SEE_16_64_FR	277	Picture	low_L064	7367148	0	1	30166	1	0	30000	other	0
SEE_16_64_FR	278	Picture	+	7397481	0	1	20166	1	0	33100	other	0
SEE_16_64_FR	279	Picture	hi_F014	7417647	0	1	30166	1	0	30000	other	0
SEE_16_64_FR	280	Picture	+	7447979	0	1	81331	1	0	next	other	0
SEE_16_64_FR	281	Sound	low048a	7467980	0	1			0		other	0
SEE_16_64_FR	282	Picture	500+	7529311	0	1	5167	1	0	5000	other	0
SEE_16_64_FR	283	Picture	low_O256	7534477	0	1	30166	1	0	30000	other	0
SEE_16_64_FR	284	Picture	+	7564643	0	1	56165	1	0	next	other	0
SEE_16_64_FR	285	Sound	low048b	7564644	0	1			0		other	0
SEE_16_64_FR	286	Picture	500+	7620808	0	1	5167	1	0	5000	other	0
SEE_16_64_FR	287	Picture	hi_P139	7625975	0	1	30166	1	0	30000	other	0
SEE_16_64_FR	288	Picture	+	7656308	0	1	20166	1	0	36050	other	0
SEE_16_64_FR	289	Picture	low_L147	7676474	0	1	30166	1	0	30000	other	0
SEE_16_64_FR	290	Picture	+	7706806	0	1	20166	1	0	36610	other	0
SEE_16_64_FR	291	Picture	hi_O002	7726972	0	1	30166	1	0	30000	other	0
SEE_16_64_FR	292	Picture	+	7757305	0	1	82998	1	0	next	other	0
SEE_16_64_FR	293	Sound	low358a	7777306	0	1			0		other	0
SEE_16_64_FR	294	Picture	500+	7840303	0	1	5167	1	0	5000	other	0
SEE_16_64_FR	295	Picture	hi_P216	7845470	0	1	30166	1	0	30000	other	0
SEE_16_64_FR	296	Picture	+	7875635	0	1	64665	1	0	next	other	0
SEE_16_64_FR	297	Sound	low358b	7875636	0	1			0		other	0
SEE_16_64_FR	298	Picture	500+	7940300	0	1	5167	1	0	5000	other	0
SEE_16_64_FR	299	Picture	low_L175	7945634	0	1	30166	1	0	30000	other	0
SEE_16_64_FR	300	Picture	+	7975966	0	1	20166	1	0	43900	other	0
SEE_16_64_FR	301	Picture	hi_P233	7996132	0	1	30166	1	0	30000	other	0
SEE_16_64_FR	302	Picture	+	8026465	0	1	20166	1	0	36320	other	0
SEE_16_64_FR	303	Picture	low_P186	8046631	0	1	30166	1	0	30000	other	0
SEE_16_64_FR	304	Picture	+	8076964	0	1	84665	1	0	next	other	0
SEE_16_64_FR	305	Sound	low274a	8096965	0	1			0		other	0
SEE_16_64_FR	306	Picture	500+	8161628	0	1	5167	1	0	5000	other	0
SEE_16_64_FR	307	Picture	hi_P231	8166795	0	1	30166	1	0	30000	other	0
SEE_16_64_FR	308	Picture	+	8196961	0	1	55165	1	0	next	other	0
SEE_16_64_FR	309	Sound	low274b	8196961	0	1			0		other	0
SEE_16_64_FR	310	Picture	500+	8252126	0	1	5167	1	0	5000	other	0
SEE_16_64_FR	311	Picture	low_L021	8257293	0	1	30166	1	0	30000	other	0
SEE_16_64_FR	312	Picture	+	8287625	0	1	20166	1	0	37720	other	0
SEE_16_64_FR	313	Picture	hi_P124	8307791	0	1	30166	1	0	30000	other	0
SEE_16_64_FR	314	Picture	+	8338124	0	1	20166	1	0	41200	other	0
SEE_16_64_FR	315	Picture	low_L125	8358290	0	1	30166	1	0	30000	other	0
SEE_16_64_FR	316	Picture	+	8388623	0	1	75665	1	0	next	other	0
SEE_16_64_FR	317	Sound	hi243a	8408623	0	1			0		other	0
SEE_16_64_FR	318	Picture	500+	8464287	0	1	5167	1	0	5000	other	0
SEE_16_64_FR	319	Picture	hi_P140	8469454	0	1	30166	1	0	30000	other	0
SEE_16_64_FR	320	Picture	+	8499620	0	1	65498	1	0	next	other	0
SEE_16_64_FR	321	Sound	hi243b	8499620	0	1			0		other	0
SEE_16_64_FR	322	Picture	500+	8565118	0	1	5167	1	0	5000	other	0
SEE_16_64_FR	323	Picture	low_O099	8570285	0	1	30166	1	0	30000	other	0
SEE_16_64_FR	324	Picture	+	8600617	0	1	20166	1	0	36260	other	0
SEE_16_64_FR	325	Picture	hi_A012	8620783	0	1	30166	1	0	30000	other	0
SEE_16_64_FR	326	Picture	+	8651116	0	1	20166	1	0	34850	other	0
SEE_16_64_FR	327	Picture	low_L085	8671282	0	1	30166	1	0	30000	other	0
SEE_16_64_FR	328	Picture	+	8701615	0	1	84998	1	0	next	other	0
SEE_16_64_FR	329	Sound	hi246a	8721616	0	1			0		other	0
SEE_16_64_FR	330	Picture	500+	8786613	0	1	5167	1	0	5000	other	0
SEE_16_64_FR	331	Picture	low_P153	8791946	0	1	30166	1	0	30000	other	0
SEE_16_64_FR	332	Picture	+	8822112	0	1	68998	1	0	next	other	0
SEE_16_64_FR	333	Sound	hi246b	8822112	0	1			0		other	0
SEE_16_64_FR	334	Picture	500+	8891110	0	1	5167	1	0	5000	other	0
SEE_16_64_FR	335	Picture	hi_A077	8896277	0	1	30166	1	0	30000	other	0
SEE_16_64_FR	336	Picture	+	8926609	0	1	20166	1	0	36970	other	0
SEE_16_64_FR	337	Picture	hi_F283	8946775	0	1	30166	1	0	30000	other	0
SEE_16_64_FR	338	Picture	+	8977108	0	1	20166	1	0	38820	other	0
SEE_16_64_FR	339	Picture	low_P064	8997274	0	1	30166	1	0	30000	other	0
SEE_16_64_FR	340	Picture	+	9027607	0	1	88831	1	0	next	other	0
SEE_16_64_FR	341	Sound	low280a	9047607	0	1			0		other	0
SEE_16_64_FR	342	Picture	500+	9116438	0	1	5167	1	0	5000	other	0
SEE_16_64_FR	343	Picture	low_L117	9121604	0	1	30166	1	0	30000	other	0
SEE_16_64_FR	344	Picture	+	9151770	0	1	59999	1	0	next	other	0
SEE_16_64_FR	345	Sound	low280b	9151771	0	1			0		other	0
SEE_16_64_FR	346	Picture	500+	9211769	0	1	5167	1	0	5000	other	0
SEE_16_64_FR	347	Picture	hi_F018	9217102	0	1	30166	1	0	30000	other	0
SEE_16_64_FR	348	Picture	+	9247434	0	1	20166	1	0	36050	other	0
SEE_16_64_FR	349	Picture	hi_P175	9267601	0	1	30166	1	0	30000	other	0
SEE_16_64_FR	350	Picture	+	9297933	0	1	20166	1	0	38390	other	0
SEE_16_64_FR	351	Picture	low_P108	9318099	0	1	30166	1	0	30000	other	0
SEE_16_64_FR	352	Picture	+	9348432	0	1	85331	1	0	next	other	0
SEE_16_64_FR	353	Sound	low024a	9368433	0	1			0		other	0
SEE_16_64_FR	354	Picture	500+	9433763	0	1	5167	1	0	5000	other	0
SEE_16_64_FR	355	Picture	low_P048	9438930	0	1	30166	1	0	30000	other	0
SEE_16_64_FR	356	Picture	+	9469096	0	1	69832	1	0	next	other	0
SEE_16_64_FR	357	Sound	low024b	9469096	0	1			0		other	0
SEE_16_64_FR	358	Picture	500+	9538927	0	1	5166	1	0	5000	other	0
SEE_16_64_FR	359	Picture	hi_F163	9544094	0	1	30166	1	0	30000	other	0
SEE_16_64_FR	360	Picture	+	9574426	0	1	20166	1	0	44280	other	0
SEE_16_64_FR	361	Picture	hi_P220	9594592	0	1	30166	1	0	30000	other	0
SEE_16_64_FR	362	Picture	+	9624925	0	1	20166	1	0	36480	other	0
SEE_16_64_FR	363	Picture	low_A100	9645091	0	1	30166	1	0	30000	other	0
SEE_16_64_FR	364	Picture	+	9675424	0	1	79665	1	0	next	other	0
SEE_16_64_FR	365	Sound	low084a	9695425	0	1			0		other	0
SEE_16_64_FR	366	Picture	500+	9755088	0	1	5167	1	0	5000	other	0
SEE_16_64_FR	367	Picture	low_L119	9760255	0	1	30166	1	0	30000	other	0
SEE_16_64_FR	368	Picture	+	9790421	0	1	64165	1	0	next	other	0
SEE_16_64_FR	369	Sound	low084b	9790421	0	1			0		other	0
SEE_16_64_FR	370	Picture	500+	9854586	0	1	5167	1	0	5000	other	0
SEE_16_64_FR	371	Picture	hi_F019	9859752	0	1	30166	1	0	30000	other	0
SEE_16_64_FR	372	Picture	+	9890085	0	1	20166	1	0	41640	other	0
SEE_16_64_FR	373	Picture	low_L083	9910251	0	1	30166	1	0	30000	other	0
SEE_16_64_FR	374	Picture	+	9940584	0	1	20166	1	0	33130	other	0
SEE_16_64_FR	375	Picture	hi_F299	9960750	0	1	30166	1	0	30000	other	0
SEE_16_64_FR	376	Picture	+	9991083	0	1	76498	1	0	next	other	0
SEE_16_64_FR	377	Sound	hi249a	10011083	0	1			0		other	0
SEE_16_64_FR	378	Picture	500+	10067581	0	1	5167	1	0	5000	other	0
SEE_16_64_FR	379	Picture	hi_A039	10072747	0	1	30166	1	0	30000	other	0
SEE_16_64_FR	380	Picture	+	10102913	0	1	64832	1	0	next	other	0
SEE_16_64_FR	381	Sound	hi249b	10102914	0	1			0		other	0
SEE_16_64_FR	382	Picture	500+	10167745	0	1	5167	1	0	5000	other	0
SEE_16_64_FR	383	Picture	low_F358	10173078	0	1	30166	1	0	30000	other	0
SEE_16_64_FR	384	Picture	+	10203411	0	1	20166	1	0	38290	other	0
SEE_16_64_FR	385	Picture	low_L130	10223577	0	1	30166	1	0	30000	other	0
SEE_16_64_FR	386	Picture	+	10253909	0	1	20166	1	0	35860	other	0
SEE_16_64_FR	387	Picture	hi_P225	10274075	0	1	30166	1	0	30000	other	0
SEE_16_64_FR	388	Picture	+	10304408	0	1	81665	1	0	next	other	0
SEE_16_64_FR	389	Sound	low284a	10324409	0	1			0		other	0
SEE_16_64_FR	390	Picture	500+	10386073	0	1	5167	1	0	5000	other	0
SEE_16_64_FR	391	Picture	low_L151	10391239	0	1	30166	1	0	30000	other	0
SEE_16_64_FR	392	Picture	+	10421405	0	1	57832	1	0	next	other	0
SEE_16_64_FR	393	Sound	low284b	10421406	0	1			0		other	0
SEE_16_64_FR	394	Picture	500+	10479237	0	1	5167	1	0	5000	other	0
SEE_16_64_FR	395	Picture	hi_O300	10484404	0	1	30166	1	0	30000	other	0
SEE_16_64_FR	396	Picture	+	10514736	0	1	20166	1	0	43240	other	0
SEE_16_64_FR	397	Picture	low_L153	10534902	0	1	30166	1	0	30000	other	0
SEE_16_64_FR	398	Picture	+	10565235	0	1	20166	1	0	30730	other	0
SEE_16_64_FR	399	Picture	hi_F291	10585401	0	1	30166	1	0	30000	other	0
SEE_16_64_FR	400	Picture	+	10615734	0	1	84831	1	0	next	other	0
SEE_16_64_FR	401	Sound	low344a	10635734	0	1			0		other	0
SEE_16_64_FR	402	Picture	500+	10700565	0	1	5167	1	0	5000	other	0
SEE_16_64_FR	403	Picture	hi_A075	10705731	0	1	30166	1	0	30000	other	0
SEE_16_64_FR	404	Picture	+	10735897	0	1	64665	1	0	next	other	0
SEE_16_64_FR	405	Sound	low344b	10735898	0	1			0		other	0
SEE_16_64_FR	406	Picture	500+	10800562	0	1	5166	1	0	5000	other	0
SEE_16_64_FR	407	Picture	low_A167	10805729	0	1	30166	1	0	30000	other	0
SEE_16_64_FR	408	Picture	+	10836061	0	1	20166	1	0	30900	other	0
SEE_16_64_FR	409	Picture	hi_A221	10856228	0	1	30166	1	0	30000	other	0
SEE_16_64_FR	410	Picture	+	10886560	0	1	20166	1	0	30360	other	0
SEE_16_64_FR	411	Picture	low_F067	10906726	0	1	30166	1	0	30000	other	0
SEE_16_64_FR	412	Picture	+	10937059	0	1	86331	1	0	next	other	0
SEE_16_64_FR	413	Sound	low341a	10957060	0	1			0		other	0
SEE_16_64_FR	414	Picture	500+	11023390	0	1	5167	1	0	5000	other	0
SEE_16_64_FR	415	Picture	hi_P198	11028557	0	1	30166	1	0	30000	other	0
SEE_16_64_FR	416	Picture	+	11058889	0	1	56499	1	0	next	other	0
SEE_16_64_FR	417	Sound	low341b	11058890	0	1			0		other	0
SEE_16_64_FR	418	Picture	500+	11115388	0	1	5167	1	0	5000	other	0
SEE_16_64_FR	419	Picture	low_L090	11120721	0	1	30166	1	0	30000	other	0
SEE_16_64_FR	420	Picture	+	11151053	0	1	20166	1	0	30170	other	0
SEE_16_64_FR	421	Picture	low_F121	11171220	0	1	30166	1	0	30000	other	0
SEE_16_64_FR	422	Picture	+	11201552	0	1	20166	1	0	31260	other	0
SEE_16_64_FR	423	Picture	hi_L005	11221718	0	1	30166	1	0	30000	other	0
SEE_16_64_FR	424	Picture	+	11252051	0	1	77998	1	0	next	other	0
SEE_16_64_FR	425	Sound	hi244a	11272052	0	1			0		other	0
SEE_16_64_FR	426	Picture	500+	11330049	0	1	5167	1	0	5000	other	0
SEE_16_64_FR	427	Picture	hi_P021	11335216	0	1	30166	1	0	30000	other	0
SEE_16_64_FR	428	Picture	+	11365381	0	1	69832	1	0	next	other	0
SEE_16_64_FR	429	Sound	hi244b	11365382	0	1			0		other	0
SEE_16_64_FR	430	Picture	500+	11435213	0	1	5167	1	0	5000	other	0
SEE_16_64_FR	431	Picture	low_L062	11440380	0	1	30166	1	0	30000	other	0
SEE_16_64_FR	432	Picture	+	11470712	0	1	20166	1	0	32800	other	0
SEE_16_64_FR	433	Picture	low_L094	11490878	0	1	30166	1	0	30000	other	0
SEE_16_64_FR	434	Picture	+	11521211	0	1	20166	1	0	34500	other	0
SEE_16_64_FR	435	Picture	hi_P223	11541377	0	1	30166	1	0	30000	other	0
SEE_16_64_FR	436	Picture	+	11571710	0	1	76331	1	0	next	other	0
SEE_16_64_FR	437	Sound	hi251a	11591711	0	1			0		other	0
SEE_16_64_FR	438	Picture	500+	11648041	0	1	5167	1	0	5000	other	0
SEE_16_64_FR	439	Picture	low_L051	11653374	0	1	30166	1	0	30000	other	0
SEE_16_64_FR	440	Picture	+	11683540	0	1	63332	1	0	next	other	0
SEE_16_64_FR	441	Sound	hi251b	11683541	0	1			0		other	0
SEE_16_64_FR	442	Picture	500+	11746872	0	1	5167	1	0	5000	other	0
SEE_16_64_FR	443	Picture	hi_A025	11752039	0	1	30166	1	0	30000	other	0
SEE_16_64_FR	444	Picture	+	11782371	0	1	20166	1	0	34550	other	0
SEE_16_64_FR	445	Picture	low_L055	11802537	0	1	30166	1	0	30000	other	0
SEE_16_64_FR	446	Picture	+	11832870	0	1	20166	1	0	35920	other	0
SEE_16_64_FR	447	Picture	hi_P005	11853036	0	1	30166	1	0	30000	other	0
SEE_16_64_FR	448	Picture	+	11883369	0	1	76331	1	0	next	other	0
SEE_16_64_FR	449	Sound	hi013a	11903369	0	1			0		other	0
SEE_16_64_FR	450	Picture	500+	11959700	0	1	5167	1	0	5000	other	0
SEE_16_64_FR	451	Picture	hi_P144	11964867	0	1	30166	1	0	30000	other	0
SEE_16_64_FR	452	Picture	+	11995032	0	1	59998	1	0	next	other	0
SEE_16_64_FR	453	Sound	hi013b	11995033	0	1			0		other	0
SEE_16_64_FR	454	Picture	500+	12055031	0	1	5167	1	0	5000	other	0
SEE_16_64_FR	455	Picture	low_L164	12060197	0	1	30166	1	0	30000	other	0
SEE_16_64_FR	456	Picture	+	12090530	0	1	20166	1	0	33120	other	0
SEE_16_64_FR	457	Picture	hi_P071	12110696	0	1	30166	1	0	30000	other	0
SEE_16_64_FR	458	Picture	+	12141029	0	1	20166	1	0	37180	other	0
SEE_16_64_FR	459	Picture	low_F061	12161195	0	1	30166	1	0	30000	other	0
SEE_16_64_FR	460	Picture	+	12191528	0	1	79165	1	0	next	other	0
SEE_16_64_FR	461	Sound	hi154a	12211528	0	1			0		other	0
SEE_16_64_FR	462	Picture	500+	12270692	0	1	5167	1	0	5000	other	0
SEE_16_64_FR	463	Picture	hi_F271	12275859	0	1	30166	1	0	30000	other	0
SEE_16_64_FR	464	Picture	+	12306191	0	1	66498	1	0	next	other	0
SEE_16_64_FR	465	Sound	hi154b	12306192	0	1			0		other	0
SEE_16_64_FR	466	Picture	500+	12372690	0	1	5166	1	0	5000	other	0
SEE_16_64_FR	467	Picture	low_A156	12377856	0	1	30166	1	0	30000	other	0
SEE_16_64_FR	468	Picture	+	12408189	0	1	20166	1	0	30730	other	0
SEE_16_64_FR	469	Picture	hi_O328	12428355	0	1	30166	1	0	30000	other	0
SEE_16_64_FR	470	Picture	+	12458688	0	1	20166	1	0	38610	other	0
SEE_16_64_FR	471	Picture	low_A161	12478854	0	1	30166	1	0	30000	other	0
SEE_16_64_FR	472	Picture	+	12509186	0	1	87498	1	0	next	other	0
SEE_16_64_FR	473	Sound	hi169a	12529187	0	1			0		other	0
SEE_16_64_FR	474	Picture	500+	12596684	0	1	5167	1	0	5000	other	0
SEE_16_64_FR	475	Picture	hi_P229	12602017	0	1	30166	1	0	30000	other	0
SEE_16_64_FR	476	Picture	+	12632183	0	1	58665	1	0	next	other	0
SEE_16_64_FR	477	Sound	hi169b	12632184	0	1			0		other	0
SEE_16_64_FR	478	Picture	500+	12690848	0	1	5167	1	0	5000	other	0
SEE_16_64_FR	479	Picture	low_A091	12696182	0	1	30166	1	0	30000	other	0
SEE_16_64_FR	480	Picture	+	12726514	0	1	20166	1	0	43920	other	0
SEE_16_64_FR	481	Picture	hi_F293	12746680	0	1	30166	1	0	30000	other	0
SEE_16_64_FR	482	Picture	+	12777013	0	1	20166	1	0	36230	other	0
SEE_16_64_FR	483	Picture	low_F052	12797179	0	1	30166	1	0	30000	other	0
SEE_16_64_FR	484	Picture	+	12827512	0	1	84665	1	0	next	other	0
SEE_16_64_FR	485	Sound	low281a	12847512	0	1			0		other	0
SEE_16_64_FR	486	Picture	500+	12912176	0	1	5167	1	0	5000	other	0
SEE_16_64_FR	487	Picture	low_A160	12917343	0	1	30166	1	0	30000	other	0
SEE_16_64_FR	488	Picture	+	12947509	0	1	57665	1	0	next	other	0
SEE_16_64_FR	489	Sound	low281b	12947509	0	1			0		other	0
SEE_16_64_FR	490	Picture	500+	13005174	0	1	5167	1	0	5000	other	0
SEE_16_64_FR	491	Picture	hi_L022	13010340	0	1	30166	1	0	30000	other	0
SEE_16_64_FR	492	Picture	+	13040673	0	1	20166	1	0	33500	other	0
SEE_16_64_FR	493	Picture	hi_A007	13060839	0	1	30166	1	0	30000	other	0
SEE_16_64_FR	494	Picture	+	13091172	0	1	20166	1	0	43150	other	0
SEE_16_64_FR	495	Picture	low_A139	13111338	0	1	30166	1	0	30000	other	0
SEE_16_64_FR	496	Picture	+	13141670	0	1	83331	1	0	next	other	0
SEE_16_64_FR	497	Sound	hi018a	13161671	0	1			0		other	0
SEE_16_64_FR	498	Picture	500+	13225002	0	1	5167	1	0	5000	other	0
SEE_16_64_FR	499	Picture	hi_O154	13230335	0	1	30166	1	0	30000	other	0
SEE_16_64_FR	500	Picture	+	13260501	0	1	60998	1	0	next	other	0
SEE_16_64_FR	501	Sound	hi018b	13260501	0	1			0		other	0
SEE_16_64_FR	502	Picture	500+	13321499	0	1	5167	1	0	5000	other	0
SEE_16_64_FR	503	Picture	low_L166	13326666	0	1	30166	1	0	30000	other	0
SEE_16_64_FR	504	Picture	+	13356998	0	1	20166	1	0	37510	other	0
SEE_16_64_FR	505	Picture	low_F224	13377165	0	1	30166	1	0	30000	other	0
SEE_16_64_FR	506	Picture	+	13407497	0	1	20166	1	0	36810	other	0
SEE_16_64_FR	507	Picture	hi_F274	13427663	0	1	30166	1	0	30000	other	0
SEE_16_64_FR	508	Picture	+	13457996	0	1	75331	1	0	next	other	0
SEE_16_64_FR	509	Sound	hi172a	13477997	0	1			0		other	0
SEE_16_64_FR	510	Picture	500+	13533327	0	1	5166	1	0	5000	other	0
SEE_16_64_FR	511	Picture	low_L149	13538494	0	1	30166	1	0	30000	other	0
SEE_16_64_FR	512	Picture	+	13568826	0	1	58499	1	0	next	other	0
SEE_16_64_FR	513	Sound	hi172b	13568827	0	1			0		other	0
SEE_16_64_FR	514	Picture	500+	13627325	0	1	5167	1	0	5000	other	0
SEE_16_64_FR	515	Picture	hi_O283	13632491	0	1	30166	1	0	30000	other	0
SEE_16_64_FR	516	Picture	+	13662824	0	1	20166	1	0	33140	other	0
SEE_16_64_FR	517	Picture	hi_A068	13682990	0	1	30166	1	0	30000	other	0
SEE_16_64_FR	518	Picture	+	13713323	0	1	20166	1	0	41820	other	0
SEE_16_64_FR	519	Picture	low_P154	13733489	0	1	30166	1	0	30000	other	0
SEE_16_64_FR	520	Picture	+	13763822	0	1	81831	1	0	next	other	0
SEE_16_64_FR	521	Sound	low088a	13783822	0	1			0		other	0
SEE_16_64_FR	522	Picture	500+	13845653	0	1	5167	1	0	5000	other	0
SEE_16_64_FR	523	Picture	hi_A060	13850819	0	1	30166	1	0	30000	other	0
SEE_16_64_FR	524	Picture	+	13880985	0	1	65498	1	0	next	other	0
SEE_16_64_FR	525	Sound	low088b	13880986	0	2			0		other	0
SEE_16_64_FR	526	Picture	500+	13946484	0	1	5167	1	0	5000	other	0
SEE_16_64_FR	527	Picture	low_F115	13951650	0	1	30166	1	0	30000	other	0
SEE_16_64_FR	528	Picture	+	13981983	0	1	20166	1	0	30670	other	0
SEE_16_64_FR	529	Picture	hi_O132	14002149	0	1	30166	1	0	30000	other	0
SEE_16_64_FR	530	Picture	+	14032482	0	1	20166	1	0	42410	other	0
SEE_16_64_FR	531	Picture	low_A126	14052648	0	1	30166	1	0	30000	other	0
SEE_16_64_FR	532	Picture	+	14082980	0	1	89498	1	0	next	other	0
SEE_16_64_FR	533	Sound	low071a	14102981	0	1			0		other	0
SEE_16_64_FR	534	Picture	500+	14172478	0	1	5167	1	0	5000	other	0
SEE_16_64_FR	535	Picture	hi_P086	14177811	0	1	30166	1	0	30000	other	0
SEE_16_64_FR	536	Picture	+	14207977	0	1	63832	1	0	next	other	0
SEE_16_64_FR	537	Sound	low071b	14207978	0	1			0		other	0
SEE_16_64_FR	538	Picture	500+	14271809	0	1	5167	1	0	5000	other	0
SEE_16_64_FR	539	Picture	low_F324	14276975	0	1	30166	1	0	30000	other	0
SEE_16_64_FR	540	Picture	+	14307308	0	1	20166	1	0	43710	other	0
SEE_16_64_FR	541	Picture	hi_F003	14327474	0	1	30166	1	0	30000	other	0
SEE_16_64_FR	542	Picture	+	14357807	0	1	20166	1	0	35950	other	0
SEE_16_64_FR	543	Picture	low_L161	14377973	0	1	30166	1	0	30000	other	0
SEE_16_64_FR	544	Picture	+	14408305	0	1	79498	1	0	next	other	0
SEE_16_64_FR	545	Sound	hi097a	14428306	0	1			0		other	0
SEE_16_64_FR	546	Picture	500+	14487803	0	1	5167	1	0	5000	other	0
SEE_16_64_FR	547	Picture	hi_P239	14493137	0	1	30166	1	0	30000	other	0
SEE_16_64_FR	548	Picture	+	14523303	0	1	55499	1	0	next	other	0
SEE_16_64_FR	549	Sound	hi097b	14523303	0	1			0		other	0
SEE_16_64_FR	550	Picture	500+	14578801	0	1	5167	1	0	5000	other	0
SEE_16_64_FR	551	Picture	low_L146	14583968	0	1	30166	1	0	30000	other	0
SEE_16_64_FR	552	Picture	+	14614300	0	1	20166	1	0	44920	other	0
SEE_16_64_FR	553	Picture	low_A099	14634466	0	1	30166	1	0	30000	other	0
SEE_16_64_FR	554	Picture	+	14664799	0	1	20166	1	0	38900	other	0
SEE_16_64_FR	555	Picture	hi_F025	14684965	0	1	30166	1	0	30000	other	0
SEE_16_64_FR	556	Picture	+	14715298	0	1	86498	1	0	next	other	0
SEE_16_64_FR	557	Sound	hi009a	14735299	0	1			0		other	0
SEE_16_64_FR	558	Picture	500+	14801796	0	1	5167	1	0	5000	other	0
SEE_16_64_FR	559	Picture	low_L050	14806962	0	1	30166	1	0	30000	other	0
SEE_16_64_FR	560	Picture	+	14837128	0	1	65665	1	0	next	other	0
SEE_16_64_FR	561	Sound	hi009b	14837129	0	1			0		other	0
SEE_16_64_FR	562	Picture	500+	14902793	0	1	5167	1	0	5000	other	0
SEE_16_64_FR	563	Picture	hi_P033	14907960	0	1	30166	1	0	30000	other	0
SEE_16_64_FR	564	Picture	+	14938292	0	1	20166	1	0	31580	other	0
SEE_16_64_FR	565	Picture	hi_P098	14958458	0	1	30166	1	0	30000	other	0
SEE_16_64_FR	566	Picture	+	14988791	0	1	20166	1	0	31480	other	0
SEE_16_64_FR	567	Picture	low_L162	15008957	0	1	30166	1	0	30000	other	0
SEE_16_64_FR	568	Picture	+	15039290	0	1	88831	1	0	next	other	0
SEE_16_64_FR	569	Sound	low171a	15059290	0	1			0		other	0
SEE_16_64_FR	570	Picture	500+	15128121	0	1	5167	1	0	5000	other	0
SEE_16_64_FR	571	Picture	low_A214	15133287	0	1	30166	1	0	30000	other	0
SEE_16_64_FR	572	Picture	+	15163453	0	1	59998	1	0	next	other	0
SEE_16_64_FR	573	Sound	low171b	15163454	0	2			0		other	0
SEE_16_64_FR	574	Picture	500+	15223452	0	1	5167	1	0	5000	other	0
SEE_16_64_FR	575	Picture	hi_P232	15228618	0	1	30166	1	0	30000	other	0
SEE_16_64_FR	576	Picture	+	15258951	0	1	20166	1	0	39830	other	0
SEE_16_64_FR	577	Picture	low_F214	15279117	0	1	30166	1	0	30000	other	0
SEE_16_64_FR	578	Picture	+	15309450	0	1	20166	1	0	41010	other	0
SEE_16_64_FR	579	Picture	hi_F297	15329616	0	1	30166	1	0	30000	other	0
SEE_16_64_FR	580	Picture	+	15359948	0	1	81165	1	0	next	other	0
SEE_16_64_FR	581	Sound	low034a	15379949	0	1			0		other	0
SEE_16_64_FR	582	Picture	500+	15441113	0	1	5167	1	0	5000	other	0
SEE_16_64_FR	583	Picture	low_A128	15446280	0	1	30166	1	0	30000	other	0
SEE_16_64_FR	584	Picture	+	15476445	0	1	67998	1	0	next	other	0
SEE_16_64_FR	585	Sound	low034b	15476446	0	1			0		other	0
SEE_16_64_FR	586	Picture	500+	15544444	0	1	5167	1	0	5000	other	0
SEE_16_64_FR	587	Picture	hi_A207	15549777	0	1	30166	1	0	30000	other	0
SEE_16_64_FR	588	Picture	+	15580110	0	1	20166	1	0	34920	other	0
SEE_16_64_FR	589	Picture	hi_A143	15600276	0	1	30166	1	0	30000	other	0
SEE_16_64_FR	590	Picture	+	15630608	0	1	20166	1	0	33410	other	0
SEE_16_64_FR	591	Picture	low_F203	15650774	0	1	30166	1	0	30000	other	0
SEE_16_64_FR	592	Picture	+	15681107	0	1	77998	1	0	next	other	0
SEE_16_64_FR	593	Sound	low271a	15701108	0	1			0		other	0
SEE_16_64_FR	594	Picture	500+	15759105	0	1	5167	1	0	5000	other	0
SEE_16_64_FR	595	Picture	hi_F009	15764272	0	1	30166	1	0	30000	other	0
SEE_16_64_FR	596	Picture	+	15794438	0	1	69832	1	0	next	other	0
SEE_16_64_FR	597	Sound	low271b	15794438	0	1			0		other	0
SEE_16_64_FR	598	Picture	500+	15864269	0	1	5167	1	0	5000	other	0
SEE_16_64_FR	599	Picture	low_L127	15869436	0	1	30166	1	0	30000	other	0
SEE_16_64_FR	600	Picture	+	15899768	0	1	20166	1	0	38120	other	0
SEE_16_64_FR	601	Picture	low_L071	15919934	0	1	30166	1	0	30000	other	0
SEE_16_64_FR	602	Picture	+	15950267	0	1	20166	1	0	37610	other	0
SEE_16_64_FR	603	Picture	hi_A056	15970433	0	1	30166	1	0	30000	other	0
SEE_16_64_FR	604	Picture	+	16000766	0	1	89831	1	0	next	other	0
SEE_16_64_FR	605	Sound	low035a	16020767	0	1			0		other	0
SEE_16_64_FR	606	Picture	500+	16090597	0	1	5167	1	0	5000	other	0
SEE_16_64_FR	607	Picture	low_F066	16095930	0	1	30166	1	0	30000	other	0
SEE_16_64_FR	608	Picture	+	16126096	0	1	67498	1	0	next	other	0
SEE_16_64_FR	609	Sound	low035b	16126097	0	1			0		other	0
SEE_16_64_FR	610	Picture	500+	16193594	0	1	5167	1	0	5000	other	0
SEE_16_64_FR	611	Picture	hi_O007	16198761	0	1	30166	1	0	30000	other	0
SEE_16_64_FR	612	Picture	+	16229093	0	1	20166	1	0	34940	other	0
SEE_16_64_FR	613	Picture	low_A219	16249260	0	1	30166	1	0	30000	other	0
SEE_16_64_FR	614	Picture	+	16279592	0	1	20166	1	0	32170	other	0
SEE_16_64_FR	615	Picture	hi_P240	16299758	0	1	30166	1	0	30000	other	0
SEE_16_64_FR	616	Picture	+	16330091	0	1	79831	1	0	next	other	0
SEE_16_64_FR	617	Sound	low053a	16350092	0	1			0		other	0
SEE_16_64_FR	618	Picture	500+	16409922	0	1	5167	1	0	5000	other	0
SEE_16_64_FR	619	Picture	hi_P212	16415255	0	1	30166	1	0	30000	other	0
SEE_16_64_FR	620	Picture	+	16445588	0	1	68832	1	0	next	other	0
SEE_16_64_FR	621	Sound	low053b	16445589	0	1			0		other	0
SEE_16_64_FR	622	Picture	500+	16514420	0	1	5167	1	0	5000	other	0
SEE_16_64_FR	623	Picture	low_L048	16519586	0	1	30166	1	0	30000	other	0
SEE_16_64_FR	624	Picture	+	16549919	0	1	20166	1	0	37840	other	0
SEE_16_64_FR	625	Picture	low_A136	16570085	0	1	30166	1	0	30000	other	0
SEE_16_64_FR	626	Picture	+	16600417	0	1	20166	1	0	41650	other	0
SEE_16_64_FR	627	Picture	hi_O149	16620584	0	1	30166	1	0	30000	other	0
SEE_16_64_FR	628	Picture	+	16650916	0	1	87998	1	0	next	other	0
SEE_16_64_FR	629	Sound	hi242a	16670917	0	2			0		other	0
SEE_16_64_FR	630	Picture	500+	16738914	0	1	5167	1	0	5000	other	0
SEE_16_64_FR	631	Picture	low_P176	16744080	0	1	30166	1	0	30000	other	0
SEE_16_64_FR	632	Picture	+	16774246	0	1	65498	1	0	next	other	0
SEE_16_64_FR	633	Sound	hi242b	16774247	0	1			0		other	0
SEE_16_64_FR	634	Picture	500+	16839745	0	1	5167	1	0	5000	other	0
SEE_16_64_FR	635	Picture	hi_F174	16844911	0	1	30166	1	0	30000	other	0
SEE_16_64_FR	636	Picture	+	16875244	0	1	20166	1	0	34250	other	0
SEE_16_64_FR	637	Picture	low_F138	16895410	0	1	30166	1	0	30000	other	0
SEE_16_64_FR	638	Picture	+	16925743	0	1	20166	1	0	42310	other	0
SEE_16_64_FR	639	Picture	hi_P006	16945909	0	1	30166	1	0	30000	other	0
SEE_16_64_FR	640	Picture	+	16976241	0	1	77998	1	0	next	other	0
SEE_16_64_FR	641	Sound	low283a	16996242	0	1			0		other	0
SEE_16_64_FR	642	Picture	500+	17054239	0	1	5167	1	0	5000	other	0
SEE_16_64_FR	643	Picture	hi_F277	17059406	0	1	30166	1	0	30000	other	0
SEE_16_64_FR	644	Picture	+	17089572	0	1	68498	1	0	next	other	0
SEE_16_64_FR	645	Sound	low283b	17089572	0	1			0		other	0
SEE_16_64_FR	646	Picture	500+	17158070	0	1	5167	1	0	5000	other	0
SEE_16_64_FR	647	Picture	low_L133	17163237	0	1	30166	1	0	30000	other	0
SEE_16_64_FR	648	Picture	+	17193569	0	1	20166	1	0	41090	other	0
SEE_16_64_FR	649	Picture	hi_O004	17213735	0	1	30166	1	0	30000	other	0
SEE_16_64_FR	650	Picture	+	17244068	0	1	20166	1	0	38160	other	0
SEE_16_64_FR	651	Picture	low_L174	17264234	0	1	30166	1	0	30000	other	0
SEE_16_64_FR	652	Picture	+	17294567	0	1	86331	1	0	next	other	0
SEE_16_64_FR	653	Sound	hi123a	17314568	0	1			0		other	0
SEE_16_64_FR	654	Picture	500+	17380898	0	1	5167	1	0	5000	other	0
SEE_16_64_FR	655	Picture	hi_A037	17386064	0	1	30166	1	0	30000	other	0
SEE_16_64_FR	656	Picture	+	17416230	0	1	64998	1	0	next	other	0
SEE_16_64_FR	657	Sound	hi123b	17416231	0	1			0		other	0
SEE_16_64_FR	658	Picture	500+	17481229	0	1	5167	1	0	5000	other	0
SEE_16_64_FR	659	Picture	low_L143	17486562	0	1	30166	1	0	30000	other	0
SEE_16_64_FR	660	Picture	+	17516895	0	1	20166	1	0	35300	other	0
SEE_16_64_FR	661	Picture	low_L138	17537061	0	1	30166	1	0	30000	other	0
SEE_16_64_FR	662	Picture	+	17567393	0	1	20166	1	0	32550	other	0
SEE_16_64_FR	663	Picture	hi_F032	17587559	0	1	30166	1	0	30000	other	0
SEE_16_64_FR	664	Picture	+	17617892	0	1	89498	1	0	next	other	0
SEE_16_64_FR	665	Sound	hi301a	17637893	0	1			0		other	0
SEE_16_64_FR	666	Picture	500+	17707390	0	1	5167	1	0	5000	other	0
SEE_16_64_FR	667	Picture	hi_P004	17712556	0	1	30166	1	0	30000	other	0
SEE_16_64_FR	668	Picture	+	17742722	0	1	55332	1	0	next	other	0
SEE_16_64_FR	669	Sound	hi301b	17742723	0	1			0		other	0
SEE_16_64_FR	670	Picture	500+	17798054	0	1	5167	1	0	5000	other	0
SEE_16_64_FR	671	Picture	low_A159	17803387	0	1	30166	1	0	30000	other	0
SEE_16_64_FR	672	Picture	+	17833720	0	1	20166	1	0	35060	other	0
SEE_16_64_FR	673	Picture	low_L098	17853886	0	1	30166	1	0	30000	other	0
SEE_16_64_FR	674	Picture	+	17884219	0	1	20166	1	0	44690	other	0
SEE_16_64_FR	675	Picture	hi_O105	17904385	0	1	30166	1	0	30000	other	0
SEE_16_64_FR	676	Picture	+	17934717	0	1	83331	1	0	next	other	0
SEE_16_64_FR	677	Sound	low079a	17954718	0	1			0		other	0
SEE_16_64_FR	678	Picture	500+	18018049	0	1	5166	1	0	5000	other	0
SEE_16_64_FR	679	Picture	hi_P147	18023382	0	1	30166	1	0	30000	other	0
SEE_16_64_FR	680	Picture	+	18053548	0	1	58499	1	0	next	other	0
SEE_16_64_FR	681	Sound	low079b	18053548	0	1			0		other	0
SEE_16_64_FR	682	Picture	500+	18112046	0	1	5167	1	0	5000	other	0
SEE_16_64_FR	683	Picture	low_F045	18117213	0	1	30166	1	0	30000	other	0
SEE_16_64_FR	684	Picture	+	18147545	0	1	20166	1	0	39560	other	0
SEE_16_64_FR	685	Picture	hi_P214	18167712	0	1	30166	1	0	30000	other	0
SEE_16_64_FR	686	Picture	+	18198044	0	1	20166	1	0	39640	other	0
SEE_16_64_FR	687	Picture	low_L049	18218210	0	1	30166	1	0	30000	other	0
SEE_16_64_FR	688	Picture	+	18248543	0	1	87831	1	0	next	other	0
SEE_16_64_FR	689	Sound	low282a	18268544	0	2			0		other	0
SEE_16_64_FR	690	Picture	500+	18336374	0	1	5167	1	0	5000	other	0
SEE_16_64_FR	691	Picture	hi_O148	18341541	0	1	30166	1	0	30000	other	0
SEE_16_64_FR	692	Picture	+	18371707	0	1	68665	1	0	next	other	0
SEE_16_64_FR	693	Sound	low282b	18371707	0	1			0		other	0
SEE_16_64_FR	694	Picture	500+	18440371	0	1	5167	1	0	5000	other	0
SEE_16_64_FR	695	Picture	low_A119	18445705	0	1	30166	1	0	30000	other	0
SEE_16_64_FR	696	Picture	+	18476037	0	1	20166	1	0	34240	other	0
SEE_16_64_FR	697	Picture	hi_F041	18496203	0	1	30166	1	0	30000	other	0
SEE_16_64_FR	698	Picture	+	18526536	0	1	20166	1	0	36770	other	0
SEE_16_64_FR	699	Picture	low_O219	18546702	0	1	30166	1	0	30000	other	0
SEE_16_64_FR	700	Picture	+	18577035	0	1	83998	1	0	next	other	0
SEE_16_64_FR	701	Sound	hi162a	18597035	0	1			0		other	0
SEE_16_64_FR	702	Picture	500+	18661033	0	1	5167	1	0	5000	other	0
SEE_16_64_FR	703	Picture	hi_F265	18666366	0	1	30166	1	0	30000	other	0
SEE_16_64_FR	704	Picture	+	18696532	0	1	67998	1	0	next	other	0
SEE_16_64_FR	705	Sound	hi162b	18696532	0	1			0		other	0
SEE_16_64_FR	706	Picture	500+	18764530	0	1	5167	1	0	5000	other	0
SEE_16_64_FR	707	Picture	low_L100	18769863	0	1	30166	1	0	30000	other	0
SEE_16_64_FR	708	Picture	+	18800196	0	1	20166	1	0	32260	other	0
SEE_16_64_FR	709	Picture	hi_F287	18820362	0	1	30166	1	0	30000	other	0
SEE_16_64_FR	710	Picture	+	18850695	0	1	20166	1	0	38410	other	0
SEE_16_64_FR	711	Picture	low_A182	18870861	0	1	30166	1	0	30000	other	0
SEE_16_64_FR	712	Picture	+	18901193	0	1	88664	1	0	next	other	0
SEE_16_64_FR	713	Sound	hi127a	18921194	0	1			0		other	0
SEE_16_64_FR	714	Picture	500+	18989858	0	1	5166	1	0	5000	other	0
SEE_16_64_FR	715	Picture	low_L123	18995191	0	1	30166	1	0	30000	other	0
SEE_16_64_FR	716	Picture	+	19025524	0	1	67665	1	0	next	other	0
SEE_16_64_FR	717	Sound	hi127b	19025524	0	1			0		other	0
SEE_16_64_FR	718	Picture	500+	19093189	0	1	5167	1	0	5000	other	0
SEE_16_64_FR	719	Picture	hi_A073	19098355	0	1	30166	1	0	30000	other	0
SEE_16_64_FR	720	Picture	+	19128688	0	1	20166	1	0	42610	other	0
SEE_16_64_FR	721	Picture	hi_F007	19148854	0	1	30166	1	0	30000	other	0
SEE_16_64_FR	722	Picture	+	19179186	0	1	20166	1	0	38060	other	0
SEE_16_64_FR	723	Picture	low_L034	19199353	0	1	30166	1	0	30000	other	0
SEE_16_64_FR	724	Picture	+	19229685	0	1	79998	1	0	next	other	0
SEE_16_64_FR	725	Sound	hi245a	19249686	0	1			0		other	0
SEE_16_64_FR	726	Picture	500+	19309683	0	1	5167	1	0	5000	other	0
SEE_16_64_FR	727	Picture	hi_P206	19315016	0	1	30166	1	0	30000	other	0
SEE_16_64_FR	728	Picture	+	19345182	0	1	64165	1	0	next	other	0
SEE_16_64_FR	729	Sound	hi245b	19345183	0	1			0		other	0
SEE_16_64_FR	730	Picture	500+	19409347	0	1	5167	1	0	5000	other	0
SEE_16_64_FR	731	Picture	low_L128	19414514	0	1	30166	1	0	30000	other	0
SEE_16_64_FR	732	Picture	+	19444846	0	1	20166	1	0	41230	other	0
SEE_16_64_FR	733	Picture	low_P195	19465013	0	1	30166	1	0	30000	other	0
SEE_16_64_FR	734	Picture	+	19495345	0	1	20166	1	0	34200	other	0
SEE_16_64_FR	735	Picture	hi_A027	19515511	0	1	30166	1	0	30000	other	0
SEE_16_64_FR	736	Picture	+	19545844	0	1	78831	1	0	next	other	0
SEE_16_64_FR	737	Sound	hi003a	19565845	0	1			0		other	0
SEE_16_64_FR	738	Picture	500+	19624675	0	1	5167	1	0	5000	other	0
SEE_16_64_FR	739	Picture	hi_F164	19629842	0	1	30166	1	0	30000	other	0
SEE_16_64_FR	740	Picture	+	19660174	0	1	61498	1	0	next	other	0
SEE_16_64_FR	741	Sound	hi003b	19660175	0	2			0		other	0
SEE_16_64_FR	742	Picture	500+	19721673	0	1	5167	1	0	5000	other	0
SEE_16_64_FR	743	Picture	low_L172	19726839	0	1	30166	1	0	30000	other	0
SEE_16_64_FR	744	Picture	+	19757172	0	1	20166	1	0	32710	other	0
SEE_16_64_FR	745	Picture	hi_F270	19777338	0	1	30166	1	0	30000	other	0
SEE_16_64_FR	746	Picture	+	19807671	0	1	20166	1	0	37880	other	0
SEE_16_64_FR	747	Picture	low_O327	19827837	0	1	30166	1	0	30000	other	0
SEE_16_64_FR	748	Picture	+	19858169	0	1	83498	1	0	next	other	0
SEE_16_64_FR	749	Sound	low275a	19878170	0	1			0		other	0
SEE_16_64_FR	750	Picture	500+	19941667	0	1	5167	1	0	5000	other	0
SEE_16_64_FR	751	Picture	low_P152	19947000	0	1	30166	1	0	30000	other	0
SEE_16_64_FR	752	Picture	+	19977333	0	1	66665	1	0	next	other	0
SEE_16_64_FR	753	Sound	low275b	19977334	0	1			0		other	0
SEE_16_64_FR	754	Picture	500+	20043998	0	1	5167	1	0	5000	other	0
SEE_16_64_FR	755	Picture	hi_F284	20049165	0	1	30166	1	0	30000	other	0
SEE_16_64_FR	756	Picture	+	20079497	0	1	20166	1	0	30950	other	0
SEE_16_64_FR	757	Picture	hi_A032	20099663	0	1	30166	1	0	30000	other	0
SEE_16_64_FR	758	Picture	+	20129996	0	1	20166	1	0	38600	other	0
SEE_16_64_FR	759	Picture	low_F089	20150162	0	1	30166	1	0	30000	other	0
SEE_16_64_FR	760	Picture	+	20180495	0	1	79998	1	0	next	other	0
SEE_16_64_FR	761	Sound	hi158a	20200495	0	1			0		other	0
SEE_16_64_FR	762	Picture	500+	20260493	0	1	5167	1	0	5000	other	0
SEE_16_64_FR	763	Picture	hi_P037	20265659	0	1	30166	1	0	30000	other	0
SEE_16_64_FR	764	Picture	+	20295825	0	1	56832	1	0	next	other	0
SEE_16_64_FR	765	Sound	hi158b	20295826	0	1			0		other	0
SEE_16_64_FR	766	Picture	500+	20352657	0	1	5167	1	0	5000	other	0
SEE_16_64_FR	767	Picture	low_L134	20357824	0	1	30166	1	0	30000	other	0
SEE_16_64_FR	768	Picture	+	20388156	0	1	20166	1	0	38840	other	0
SEE_16_64_FR	769	Picture	hi_P224	20408322	0	1	30166	1	0	30000	other	0
SEE_16_64_FR	770	Picture	+	20438655	0	1	20166	1	0	37020	other	0
SEE_16_64_FR	771	Picture	low_L165	20458821	0	1	30166	1	0	30000	other	0
SEE_16_64_FR	772	Picture	+	20489154	0	1	84998	1	0	next	other	0
SEE_16_64_FR	773	Sound	low278a	20509155	0	1			0		other	0
SEE_16_64_FR	774	Picture	500+	20574152	0	1	5167	1	0	5000	other	0
SEE_16_64_FR	775	Picture	low_L180	20579318	0	1	30166	1	0	30000	other	0
SEE_16_64_FR	776	Picture	+	20609484	0	1	60998	1	0	next	other	0
SEE_16_64_FR	777	Sound	low278b	20609485	0	1			0		other	0
SEE_16_64_FR	778	Picture	500+	20670482	0	1	5167	1	0	5000	other	0
SEE_16_64_FR	779	Picture	hi_P123	20675649	0	1	30166	1	0	30000	other	0
SEE_16_64_FR	780	Picture	+	20705982	0	1	20166	1	0	42270	other	0
SEE_16_64_FR	781	Picture	hi_F290	20726148	0	1	30166	1	0	30000	other	0
SEE_16_64_FR	782	Picture	+	20756480	0	1	20166	1	0	34320	other	0
SEE_16_64_FR	783	Picture	low_A104	20776646	0	1	30166	1	0	30000	other	0
SEE_16_64_FR	784	Picture	+	20806979	0	1	80665	1	0	next	other	0
SEE_16_64_FR	785	Sound	hi248a	20826980	0	1			0		other	0
SEE_16_64_FR	786	Picture	500+	20887644	0	1	5167	1	0	5000	other	0
SEE_16_64_FR	787	Picture	hi_F146	20892810	0	1	30166	1	0	30000	other	0
SEE_16_64_FR	788	Picture	+	20922976	0	1	66165	1	0	next	other	0
SEE_16_64_FR	789	Sound	hi248b	20922977	0	1			0		other	0
SEE_16_64_FR	790	Picture	500+	20989141	0	1	5167	1	0	5000	other	0
SEE_16_64_FR	791	Picture	low_L141	20994308	0	1	30166	1	0	30000	other	0
SEE_16_64_FR	792	Picture	+	21024640	0	1	20166	1	0	31900	other	0
SEE_16_64_FR	793	Picture	hi_O291	21044806	0	1	30166	1	0	30000	other	0
SEE_16_64_FR	794	Picture	+	21075139	0	1	20166	1	0	34100	other	0
SEE_16_64_FR	795	Picture	low_P105	21095305	0	1	30166	1	0	30000	other	0
SEE_16_64_FR	796	Picture	+	21125638	0	1	85831	1	0	next	other	0
SEE_16_64_FR	797	Sound	hi319a	21145639	0	1			0		other	0
SEE_16_64_FR	798	Picture	500+	21211469	0	1	5167	1	0	5000	other	0
SEE_16_64_FR	799	Picture	low_A132	21216635	0	1	30166	1	0	30000	other	0
SEE_16_64_FR	800	Picture	+	21246801	0	1	60832	1	0	next	other	0
SEE_16_64_FR	801	Sound	hi319b	21246802	0	1			0		other	0
SEE_16_64_FR	802	Picture	500+	21307633	0	1	5167	1	0	5000	other	0
SEE_16_64_FR	803	Picture	hi_A033	21312800	0	1	30166	1	0	30000	other	0
SEE_16_64_FR	804	Picture	+	21343132	0	1	20166	1	0	37910	other	0
SEE_16_64_FR	805	Picture	low_A158	21363299	0	1	30166	1	0	30000	other	0
SEE_16_64_FR	806	Picture	+	21393631	0	1	20166	1	0	35560	other	0
SEE_16_64_FR	807	Picture	hi_F038	21413797	0	1	30166	1	0	30000	other	0
SEE_16_64_FR	808	Picture	+	21444130	0	1	86664	1	0	next	other	0
SEE_16_64_FR	809	Sound	hi250a	21464131	0	1			0		other	0
SEE_16_64_FR	810	Picture	500+	21530794	0	1	5167	1	0	5000	other	0
SEE_16_64_FR	811	Picture	low_P250	21535961	0	1	30166	1	0	30000	other	0
SEE_16_64_FR	812	Picture	+	21566127	0	1	59832	1	0	next	other	0
SEE_16_64_FR	813	Sound	hi250b	21566127	0	1			0		other	0
SEE_16_64_FR	814	Picture	500+	21625959	0	1	5167	1	0	5000	other	0
SEE_16_64_FR	815	Picture	hi_F021	21631292	0	1	30166	1	0	30000	other	0
SEE_16_64_FR	816	Picture	+	21661624	0	1	20166	1	0	38190	other	0
SEE_16_64_FR	817	Picture	low_L126	21681790	0	1	30166	1	0	30000	other	0
SEE_16_64_FR	818	Picture	+	21712123	0	1	20166	1	0	31430	other	0
SEE_16_64_FR	819	Picture	hi_P222	21732289	0	1	30166	1	0	30000	other	0
SEE_16_64_FR	820	Picture	+	21762622	0	1	81165	1	0	next	other	0
SEE_16_64_FR	821	Sound	low272a	21782623	0	1			0		other	0
SEE_16_64_FR	822	Picture	500+	21843786	0	1	5167	1	0	5000	other	0
SEE_16_64_FR	823	Picture	hi_A019	21849120	0	1	30166	1	0	30000	other	0
SEE_16_64_FR	824	Picture	+	21879286	0	1	65165	1	0	next	other	0
SEE_16_64_FR	825	Sound	low272b	21879286	0	1			0		other	0
SEE_16_64_FR	826	Picture	500+	21944451	0	1	5167	1	0	5000	other	0
SEE_16_64_FR	827	Picture	low_P044	21949784	0	1	30166	1	0	30000	other	0
SEE_16_64_FR	828	Picture	+	21980116	0	1	20166	1	0	32570	other	0
SEE_16_64_FR	829	Picture	low_A194	22000283	0	1	30166	1	0	30000	other	0
SEE_16_64_FR	830	Picture	+	22030615	0	1	20166	1	0	38750	other	0
SEE_16_64_FR	831	Picture	hi_O285	22050781	0	1	30166	1	0	30000	other	0
SEE_16_64_FR	832	Picture	+	22081114	0	1	84165	1	0	next	other	0
SEE_16_64_FR	833	Sound	low050a	22101115	0	1			0		other	0
SEE_16_64_FR	834	Picture	500+	22165278	0	1	5167	1	0	5000	other	0
SEE_16_64_FR	835	Picture	low_A123	22170445	0	1	30166	1	0	30000	other	0
SEE_16_64_FR	836	Picture	+	22200778	0	1	61499	1	0	next	other	0
SEE_16_64_FR	837	Sound	low050b	22200778	0	1			0		other	0
SEE_16_64_FR	838	Picture	500+	22262276	0	1	5167	1	0	5000	other	0
SEE_16_64_FR	839	Picture	hi_P032	22267443	0	1	30166	1	0	30000	other	0
SEE_16_64_FR	840	Picture	+	22297775	0	1	20166	1	0	38740	other	0
SEE_16_64_FR	841	Picture	low_F098	22317941	0	1	30166	1	0	30000	other	0
SEE_16_64_FR	842	Picture	+	22348274	0	1	20166	1	0	36960	other	0
SEE_16_64_FR	843	Picture	hi_L177	22368440	0	1	30166	1	0	30000	other	0
SEE_16_64_FR	844	Picture	+	22398773	0	1	77998	1	0	next	other	0
SEE_16_64_FR	845	Sound	hi010a	22418773	0	1			0		other	0
SEE_16_64_FR	846	Picture	500+	22476771	0	1	5167	1	0	5000	other	0
SEE_16_64_FR	847	Picture	low_L016	22481937	0	1	30166	1	0	30000	other	0
SEE_16_64_FR	848	Picture	+	22512270	0	1	65665	1	0	next	other	0
SEE_16_64_FR	849	Sound	hi010b	22512270	0	1			0		other	0
SEE_16_64_FR	850	Picture	500+	22577935	0	1	5167	1	0	5000	other	0
SEE_16_64_FR	851	Picture	hi_P034	22583101	0	1	30166	1	0	30000	other	0
SEE_16_64_FR	852	Picture	+	22613434	0	1	20166	1	0	44130	other	0
SEE_16_64_FR	853	Picture	low_P046	22633600	0	1	30166	1	0	30000	other	0
SEE_16_64_FR	854	Picture	+	22663933	0	1	20166	1	0	43150	other	0
SEE_16_64_FR	855	Picture	hi_A078	22684099	0	1	30166	1	0	30000	other	0
SEE_16_64_FR	856	Picture	+	22714431	0	1	86831	1	0	next	other	0
SEE_16_64_FR	857	Sound	low030a	22734432	0	1			0		other	0
SEE_16_64_FR	858	Picture	500+	22801263	0	1	5167	1	0	5000	other	0
SEE_16_64_FR	859	Picture	hi_A021	22806429	0	1	30166	1	0	30000	other	0
SEE_16_64_FR	860	Picture	+	22836595	0	1	68665	1	0	next	other	0
SEE_16_64_FR	861	Sound	low030b	22836596	0	2			0		other	0
SEE_16_64_FR	862	Picture	500+	22905260	0	1	5167	1	0	5000	other	0
SEE_16_64_FR	863	Picture	low_A114	22910427	0	1	30166	1	0	30000	other	0
SEE_16_64_FR	864	Picture	+	22940759	0	1	20166	1	0	32820	other	0
SEE_16_64_FR	865	Picture	low_L121	22960925	0	1	30166	1	0	30000	other	0
SEE_16_64_FR	866	Picture	+	22991258	0	1	20166	1	0	40010	other	0
SEE_16_64_FR	867	Picture	hi_P010	23011424	0	1	30166	1	0	30000	other	0
SEE_16_64_FR	868	Picture	+	23041757	0	1	88831	1	0	next	other	0
SEE_16_64_FR	869	Sound	low036a	23061758	0	1			0		other	0
SEE_16_64_FR	870	Picture	500+	23130588	0	1	5167	1	0	5000	other	0
SEE_16_64_FR	871	Picture	low_L107	23135754	0	1	30166	1	0	30000	other	0
SEE_16_64_FR	872	Picture	+	23165920	0	1	64498	1	0	next	other	0
SEE_16_64_FR	873	Sound	low036b	23165921	0	1			0		other	0
SEE_16_64_FR	874	Picture	500+	23230419	0	1	5167	1	0	5000	other	0
SEE_16_64_FR	875	Picture	hi_P143	23235585	0	1	30166	1	0	30000	other	0
SEE_16_64_FR	876	Picture	+	23265918	0	1	20166	1	0	41880	other	0
SEE_16_64_FR	877	Picture	low_P104	23286084	0	1	30166	1	0	30000	other	0
SEE_16_64_FR	878	Picture	+	23316416	0	1	20166	1	0	36050	other	0
SEE_16_64_FR	879	Picture	hi_P227	23336583	0	1	30166	1	0	30000	other	0
SEE_16_64_FR	880	Picture	+	23366915	0	1	75665	1	0	next	other	0
SEE_16_64_FR	881	Sound	low042a	23386916	0	1			0		other	0
SEE_16_64_FR	882	Picture	500+	23442580	0	1	5167	1	0	5000	other	0
SEE_16_64_FR	883	Picture	low_F087	23447746	0	1	30166	1	0	30000	other	0
SEE_16_64_FR	884	Picture	+	23478079	0	1	64165	1	0	next	other	0
SEE_16_64_FR	885	Sound	low042b	23478080	0	1			0		other	0
SEE_16_64_FR	886	Picture	500+	23542244	0	1	5167	1	0	5000	other	0
SEE_16_64_FR	887	Picture	hi_A059	23547411	0	1	30166	1	0	30000	other	0
SEE_16_64_FR	888	Picture	+	23577743	0	1	20166	1	0	44280	other	0
SEE_16_64_FR	889	Picture	low_F244	23597909	0	1	30166	1	0	30000	other	0
SEE_16_64_FR	890	Picture	+	23628242	0	1	20166	1	0	44480	other	0
SEE_16_64_FR	891	Picture	hi_P003	23648408	0	1	30166	1	0	30000	other	0
SEE_16_64_FR	892	Picture	+	23678741	0	1	77665	1	0	next	other	0
SEE_16_64_FR	893	Sound	hi314a	23698742	0	1			0		other	0
SEE_16_64_FR	894	Picture	500+	23756405	0	1	5167	1	0	5000	other	0
SEE_16_64_FR	895	Picture	hi_L002	23761572	0	1	30166	1	0	30000	other	0
SEE_16_64_FR	896	Picture	+	23791738	0	1	63665	1	0	next	other	0
SEE_16_64_FR	897	Sound	hi314b	23791738	0	1			0		other	0
SEE_16_64_FR	898	Picture	500+	23855403	0	1	5167	1	0	5000	other	0
SEE_16_64_FR	899	Picture	low_A184	23860569	0	1	30166	1	0	30000	other	0
SEE_16_64_FR	900	Picture	+	23890902	0	1	20166	1	0	32580	other	0
SEE_16_64_FR	901	Picture	low_L158	23911068	0	1	30166	1	0	30000	other	0
SEE_16_64_FR	902	Picture	+	23941401	0	1	20166	1	0	31040	other	0
SEE_16_64_FR	903	Picture	hi_P015	23961567	0	1	30166	1	0	30000	other	0
SEE_16_64_FR	904	Picture	+	23991900	0	1	88164	1	0	next	other	0
SEE_16_64_FR	905	Sound	hi110a	24011900	0	1			0		other	0
SEE_16_64_FR	906	Picture	500+	24080064	0	1	5167	1	0	5000	other	0
SEE_16_64_FR	907	Picture	hi_A024	24085397	0	1	30166	1	0	30000	other	0
SEE_16_64_FR	908	Picture	+	24115563	0	1	62832	1	0	next	other	0
SEE_16_64_FR	909	Sound	hi110b	24115564	0	1			0		other	0
SEE_16_64_FR	910	Picture	500+	24178395	0	1	5167	1	0	5000	other	0
SEE_16_64_FR	911	Picture	low_L038	24183728	0	1	30166	1	0	30000	other	0
SEE_16_64_FR	912	Picture	+	24214061	0	1	20166	1	0	38230	other	0
SEE_16_64_FR	913	Picture	hi_A013	24234227	0	1	30166	1	0	30000	other	0
SEE_16_64_FR	914	Picture	+	24264559	0	1	20166	1	0	42990	other	0
SEE_16_64_FR	915	Picture	low_L054	24284726	0	1	30166	1	0	30000	other	0
SEE_16_64_FR	916	Picture	+	24315058	0	1	88164	1	0	next	other	0
SEE_16_64_FR	917	Sound	hi142a	24335059	0	1			0		other	0
SEE_16_64_FR	918	Picture	500+	24403223	0	1	5167	1	0	5000	other	0
SEE_16_64_FR	919	Picture	hi_F172	24408556	0	1	30166	1	0	30000	other	0
SEE_16_64_FR	920	Picture	+	24438888	0	1	56832	1	0	next	other	0
SEE_16_64_FR	921	Sound	hi142b	24438889	0	1			0		other	0
SEE_16_64_FR	922	Picture	500+	24495720	0	1	5167	1	0	5000	other	0
SEE_16_64_FR	923	Picture	low_F125	24500887	0	1	30166	1	0	30000	other	0
SEE_16_64_FR	924	Picture	+	24531219	0	1	20166	1	0	35160	other	0
SEE_16_64_FR	925	Picture	low_F123	24551386	0	1	30166	1	0	30000	other	0
SEE_16_64_FR	926	Picture	+	24581718	0	1	20166	1	0	43140	other	0
SEE_16_64_FR	927	Picture	hi_A030	24601884	0	1	30166	1	0	30000	other	0
SEE_16_64_FR	928	Picture	+	24632217	0	1	78831	1	0	next	other	0
SEE_16_64_FR	929	Sound	hi002a	24652218	0	1			0		other	0
SEE_16_64_FR	930	Picture	500+	24711048	0	1	5167	1	0	5000	other	0
SEE_16_64_FR	931	Picture	low_P179	24716215	0	1	30166	1	0	30000	other	0
SEE_16_64_FR	932	Picture	+	24746381	0	1	58999	1	0	next	other	0
SEE_16_64_FR	933	Sound	hi002b	24746381	0	1			0		other	0
SEE_16_64_FR	934	Picture	500+	24805379	0	1	5167	1	0	5000	other	0
SEE_16_64_FR	935	Picture	hi_A061	24810546	0	1	30166	1	0	30000	other	0
SEE_16_64_FR	936	Picture	+	24840878	0	1	20166	1	0	44050	other	0
SEE_16_64_FR	937	Picture	low_L183	24861044	0	1	30166	1	0	30000	other	0
SEE_16_64_FR	938	Picture	+	24891377	0	1	20166	1	0	30770	other	0
SEE_16_64_FR	939	Picture	hi_O006	24911543	0	1	30166	1	0	30000	other	0
SEE_16_64_FR	940	Picture	+	24941876	0	1	86664	1	0	next	other	0
SEE_16_64_FR	941	Sound	hi254a	24961877	0	1			0		other	0
SEE_16_64_FR	942	Picture	500+	25028540	0	1	5167	1	0	5000	other	0
SEE_16_64_FR	943	Picture	hi_A020	25033707	0	1	30166	1	0	30000	other	0
SEE_16_64_FR	944	Picture	+	25063873	0	1	66998	1	0	next	other	0
SEE_16_64_FR	945	Sound	hi254b	25063873	0	1			0		other	0
SEE_16_64_FR	946	Picture	500+	25130871	0	1	5167	1	0	5000	other	0
SEE_16_64_FR	947	Picture	low_A170	25136204	0	1	30166	1	0	30000	other	0
SEE_16_64_FR	948	Picture	+	25166537	0	1	20166	1	0	37860	other	0
SEE_16_64_FR	949	Picture	low_A169	25186703	0	1	30166	1	0	30000	other	0
SEE_16_64_FR	950	Picture	+	25217036	0	1	20166	1	0	41460	other	0
SEE_16_64_FR	951	Picture	hi_A048	25237202	0	1	30166	1	0	30000	other	0
SEE_16_64_FR	952	Picture	+	25267534	0	1	85665	1	0	next	other	0
SEE_16_64_FR	953	Sound	hi252a	25287535	0	1			0		other	0
SEE_16_64_FR	954	Picture	500+	25353199	0	1	5167	1	0	5000	other	0
SEE_16_64_FR	955	Picture	hi_P230	25358365	0	1	30166	1	0	30000	other	0
SEE_16_64_FR	956	Picture	+	25388531	0	1	55165	1	0	next	other	0
SEE_16_64_FR	957	Sound	hi252b	25388532	0	1			0		other	0
SEE_16_64_FR	958	Picture	500+	25443697	0	1	5167	1	0	5000	other	0
SEE_16_64_FR	959	Picture	low_F345	25448863	0	1	30166	1	0	30000	other	0
SEE_16_64_FR	960	Picture	+	25479196	0	1	20166	1	0	40970	other	0
SEE_16_64_FR	961	Picture	hi_F013	25499362	0	1	30166	1	0	30000	other	0
SEE_16_64_FR	962	Picture	+	25529694	0	1	20166	1	0	32150	other	0
SEE_16_64_FR	963	Picture	low_L167	25549861	0	1	30166	1	0	30000	other	0
SEE_16_64_FR	964	Picture	+	25580193	0	1	77665	1	0	next	other	0
SEE_16_64_FR	965	Sound	hi308a	25600194	0	1			0		other	0
SEE_16_64_FR	966	Picture	500+	25657858	0	1	5167	1	0	5000	other	0
SEE_16_64_FR	967	Picture	low_L065	25663191	0	1	30166	1	0	30000	other	0
SEE_16_64_FR	968	Picture	+	25693357	0	1	57832	1	0	next	other	0
SEE_16_64_FR	969	Sound	hi308b	25693358	0	1			0		other	0
SEE_16_64_FR	970	Picture	500+	25751189	0	1	5167	1	0	5000	other	0
SEE_16_64_FR	971	Picture	hi_F170	25756522	0	1	30166	1	0	30000	other	0
SEE_16_64_FR	972	Picture	+	25786855	0	1	20166	1	0	36460	other	0
SEE_16_64_FR	973	Picture	low_F343	25807021	0	1	30166	1	0	30000	other	0
SEE_16_64_FR	974	Picture	+	25837353	0	1	20166	1	0	36130	other	0
SEE_16_64_FR	975	Picture	hi_A041	25857520	0	1	30166	1	0	30000	other	0
SEE_16_64_FR	976	Picture	+	25887852	0	1	77498	1	0	next	other	0
SEE_16_64_FR	977	Sound	low277a	25907853	0	1			0		other	0
SEE_16_64_FR	978	Picture	500+	25965350	0	1	5167	1	0	5000	other	0
SEE_16_64_FR	979	Picture	low_F333	25970517	0	1	30166	1	0	30000	other	0
SEE_16_64_FR	980	Picture	+	26000849	0	1	64165	1	0	next	other	0
SEE_16_64_FR	981	Sound	low277b	26000850	0	1			0		other	0
SEE_16_64_FR	982	Picture	500+	26065014	0	1	5167	1	0	5000	other	0
SEE_16_64_FR	983	Picture	hi_P133	26070348	0	1	30166	1	0	30000	other	0
SEE_16_64_FR	984	Picture	+	26100680	0	1	20166	1	0	30800	other	0
SEE_16_64_FR	985	Picture	low_F079	26120846	0	1	30166	1	0	30000	other	0
SEE_16_64_FR	986	Picture	+	26151179	0	1	20166	1	0	31090	other	0
SEE_16_64_FR	987	Picture	hi_P238	26171345	0	1	30166	1	0	30000	other	0
SEE_16_64_FR	988	Picture	+	26201678	0	1	85165	1	0	next	other	0
SEE_16_64_FR	989	Sound	low057a	26221679	0	1			0		other	0
SEE_16_64_FR	990	Picture	500+	26286842	0	1	5166	1	0	5000	other	0
SEE_16_64_FR	991	Picture	low_L096	26292009	0	1	30166	1	0	30000	other	0
SEE_16_64_FR	992	Picture	+	26322175	0	1	62165	1	0	next	other	0
SEE_16_64_FR	993	Sound	low057b	26322175	0	1			0		other	0
SEE_16_64_FR	994	Picture	500+	26384340	0	1	5167	1	0	5000	other	0
SEE_16_64_FR	995	Picture	hi_A018	26389506	0	1	30166	1	0	30000	other	0
SEE_16_64_FR	996	Picture	+	26419839	0	1	20166	1	0	34980	other	0
SEE_16_64_FR	997	Picture	hi_P234	26440005	0	1	30166	1	0	30000	other	0
SEE_16_64_FR	998	Picture	+	26470338	0	1	20166	1	0	37170	other	0
SEE_16_64_FR	999	Picture	low_P103	26490504	0	1	30166	1	0	30000	other	0
SEE_16_64_FR	1000	Picture	+	26520836	0	1	84665	1	0	next	other	0
SEE_16_64_FR	1001	Sound	low351a	26540837	0	1			0		other	0
SEE_16_64_FR	1002	Picture	500+	26605501	0	1	5167	1	0	5000	other	0
SEE_16_64_FR	1003	Picture	low_O220	26610667	0	1	30166	1	0	30000	other	0
SEE_16_64_FR	1004	Picture	+	26641000	0	1	57665	1	0	next	other	0
SEE_16_64_FR	1005	Sound	low351b	26641001	0	2			0		other	0
SEE_16_64_FR	1006	Picture	500+	26698665	0	1	5167	1	0	5000	other	0
SEE_16_64_FR	1007	Picture	hi_O139	26703999	0	1	30166	1	0	30000	other	0
SEE_16_64_FR	1008	Picture	+	26734331	0	1	20166	1	0	40870	other	0
SEE_16_64_FR	1009	Picture	hi_P217	26754497	0	1	30166	1	0	30000	other	0
SEE_16_64_FR	1010	Picture	+	26784830	0	1	20166	1	0	33560	other	0
SEE_16_64_FR	1011	Picture	low_A131	26804996	0	1	30166	1	0	30000	other	0
SEE_16_64_FR	1012	Picture	+	26835329	0	1	80665	1	0	next	other	0
SEE_16_64_FR	1013	Sound	low350a	26855329	0	1			0		other	0
SEE_16_64_FR	1014	Picture	500+	26915993	0	1	5167	1	0	5000	other	0
SEE_16_64_FR	1015	Picture	low_L173	26921160	0	1	30166	1	0	30000	other	0
SEE_16_64_FR	1016	Picture	+	26951326	0	1	60332	1	0	next	other	0
SEE_16_64_FR	1017	Sound	low350b	26951326	0	1			0		other	0
SEE_16_64_FR	1018	Picture	500+	27011657	0	1	5167	1	0	5000	other	0
SEE_16_64_FR	1019	Picture	hi_O003	27016991	0	1	30166	1	0	30000	other	0
SEE_16_64_FR	1020	Picture	+	27047323	0	1	20166	1	0	42770	other	0
SEE_16_64_FR	1021	Picture	low_F130	27067489	0	1	30166	1	0	30000	other	0
SEE_16_64_FR	1022	Picture	+	27097822	0	1	20166	1	0	43030	other	0
SEE_16_64_FR	1023	Picture	hi_F295	27117988	0	1	30166	1	0	30000	other	0
SEE_16_64_FR	1024	Picture	+	27148321	0	1	79165	1	0	next	other	0
SEE_16_64_FR	1025	Sound	hi012a	27168322	0	1			0		other	0
SEE_16_64_FR	1026	Picture	500+	27227485	0	1	5167	1	0	5000	other	0
SEE_16_64_FR	1027	Picture	hi_F010	27232652	0	1	30166	1	0	30000	other	0
SEE_16_64_FR	1028	Picture	+	27262985	0	1	65332	1	0	next	other	0
SEE_16_64_FR	1029	Sound	hi012b	27262985	0	1			0		other	0
SEE_16_64_FR	1030	Picture	500+	27328316	0	1	5167	1	0	5000	other	0
SEE_16_64_FR	1031	Picture	low_A115	27333483	0	1	30166	1	0	30000	other	0
SEE_16_64_FR	1032	Picture	+	27363815	0	1	20166	1	0	39490	other	0
SEE_16_64_FR	1033	Picture	hi_O013	27383982	0	1	30166	1	0	30000	other	0
SEE_16_64_FR	1034	Picture	+	27414314	0	1	20166	1	0	44860	other	0
SEE_16_64_FR	1035	Picture	low_A146	27434480	0	1	30166	1	0	30000	other	0
SEE_16_64_FR	1036	Picture	+	27464813	0	1	83165	1	0	next	other	0
SEE_16_64_FR	1037	Sound	hi011a	27484814	0	1			0		other	0
SEE_16_64_FR	1038	Picture	500+	27547977	0	1	5166	1	0	5000	other	0
SEE_16_64_FR	1039	Picture	low_L142	27553311	0	1	30166	1	0	30000	other	0
SEE_16_64_FR	1040	Picture	+	27583477	0	1	64832	1	0	next	other	0
SEE_16_64_FR	1041	Sound	hi011b	27583477	0	1			0		other	0
SEE_16_64_FR	1042	Picture	500+	27648308	0	1	5167	1	0	5000	other	0
SEE_16_64_FR	1043	Picture	hi_A072	27653475	0	1	30166	1	0	30000	other	0
SEE_16_64_FR	1044	Picture	+	27683807	0	1	20166	1	0	35520	other	0
SEE_16_64_FR	1045	Picture	hi_F028	27703974	0	1	30166	1	0	30000	other	0
SEE_16_64_FR	1046	Picture	+	27734306	0	1	20166	1	0	42550	other	0
SEE_16_64_FR	1047	Picture	low_F042	27754472	0	1	30166	1	0	30000	other	0
SEE_16_64_FR	1048	Picture	+	27784805	0	1	81665	1	0	next	other	0
SEE_16_64_FR	1049	Sound	hi001a	27804806	0	1			0		other	0
SEE_16_64_FR	1050	Picture	500+	27866470	0	1	5166	1	0	5000	other	0
SEE_16_64_FR	1051	Picture	low_P149	27871636	0	1	30166	1	0	30000	other	0
SEE_16_64_FR	1052	Picture	+	27901802	0	1	61498	1	0	next	other	0
SEE_16_64_FR	1053	Sound	hi001b	27901803	0	1			0		other	0
SEE_16_64_FR	1054	Picture	500+	27963300	0	1	5167	1	0	5000	other	0
SEE_16_64_FR	1055	Picture	hi_P226	27968467	0	1	30166	1	0	30000	other	0
SEE_16_64_FR	1056	Picture	+	27998800	0	1	20166	1	0	32390	other	0
SEE_16_64_FR	1057	Picture	low_F111	28018966	0	1	30166	1	0	30000	other	0
SEE_16_64_FR	1058	Picture	+	28049298	0	1	20166	1	0	31640	other	0
SEE_16_64_FR	1059	Picture	hi_F273	28069464	0	1	30166	1	0	30000	other	0
SEE_16_64_FR	1060	Picture	+	28099797	0	1	80998	1	0	next	other	0
SEE_16_64_FR	1061	Sound	low063a	28119798	0	1			0		other	0
SEE_16_64_FR	1062	Picture	500+	28180795	0	1	5167	1	0	5000	other	0
SEE_16_64_FR	1063	Picture	hi_P022	28185962	0	1	30166	1	0	30000	other	0
SEE_16_64_FR	1064	Picture	+	28216127	0	1	58665	1	0	next	other	0
SEE_16_64_FR	1065	Sound	low063b	28216128	0	1			0		other	0
SEE_16_64_FR	1066	Picture	500+	28274793	0	1	5167	1	0	5000	other	0
SEE_16_64_FR	1067	Picture	low_L163	28279959	0	1	30166	1	0	30000	other	0
SEE_16_64_FR	1068	Picture	+	28310292	0	1	20166	1	0	40260	other	0
SEE_16_64_FR	1069	Picture	hi_P011	28330458	0	1	30166	1	0	30000	other	0
SEE_16_64_FR	1070	Picture	+	28360790	0	1	20166	1	0	38550	other	0
SEE_16_64_FR	1071	Picture	low_F129	28380957	0	1	30166	1	0	30000	other	0
SEE_16_64_FR	1072	Picture	+	28411289	0	1	78498	1	0	next	other	0
SEE_16_64_FR	1073	Sound	hi004a	28431290	0	1			0		other	0
SEE_16_64_FR	1074	Picture	500+	28489787	0	1	5167	1	0	5000	other	0
SEE_16_64_FR	1075	Picture	hi_P017	28494954	0	1	30166	1	0	30000	other	0
SEE_16_64_FR	1076	Picture	+	28525120	0	1	55832	1	0	next	other	0
SEE_16_64_FR	1077	Sound	hi004b	28525120	0	1			0		other	0
SEE_16_64_FR	1078	Picture	500+	28580952	0	1	5166	1	0	5000	other	0
SEE_16_64_FR	1079	Picture	low_L152	28586118	0	1	30166	1	0	30000	other	0
SEE_16_64_FR	1080	Picture	+	28616451	0	1	20166	1	0	44930	other	0
SEE_16_64_FR	1081	Picture	hi_F280	28636617	0	1	30166	1	0	30000	other	0
SEE_16_64_FR	1082	Picture	+	28666950	0	1	20166	1	0	36400	other	0
SEE_16_64_FR	1083	Picture	low_P112	28687116	0	1	30166	1	0	30000	other	0
SEE_16_64_FR	1084	Picture	+	28717448	0	1	86498	1	0	next	other	0
SEE_16_64_FR	1085	Sound	hi159a	28737449	0	1			0		other	0
SEE_16_64_FR	1086	Picture	500+	28803946	0	1	5167	1	0	5000	other	0
SEE_16_64_FR	1087	Picture	low_P168	28809113	0	1	30166	1	0	30000	other	0
SEE_16_64_FR	1088	Picture	+	28839279	0	1	64665	1	0	next	other	0
SEE_16_64_FR	1089	Sound	hi159b	28839279	0	1			0		other	0
SEE_16_64_FR	1090	Picture	500+	28903944	0	1	5167	1	0	5000	other	0
SEE_16_64_FR	1091	Picture	hi_P018	28909110	0	1	30166	1	0	30000	other	0
SEE_16_64_FR	1092	Picture	+	28939443	0	1	20166	1	0	43060	other	0
SEE_16_64_FR	1093	Picture	low_A221	28959609	0	1	30166	1	0	30000	other	0
SEE_16_64_FR	1094	Picture	+	28989941	0	1	20166	1	0	30280	other	0
SEE_16_64_FR	1095	Picture	hi_P241	29010108	0	1	30166	1	0	30000	other	0
SEE_16_64_FR	1096	Picture	+	29040440	0	1	80665	1	0	next	other	0
SEE_16_64_FR	1097	Sound	hi253a	29060441	0	1			0		other	0
SEE_16_64_FR	1098	Picture	500+	29121105	0	1	5167	1	0	5000	other	0
SEE_16_64_FR	1099	Picture	hi_F298	29126271	0	1	30166	1	0	30000	other	0
SEE_16_64_FR	1100	Picture	+	29156437	0	1	60665	1	0	next	other	0
SEE_16_64_FR	1101	Sound	hi253b	29156438	0	1			0		other	0
SEE_16_64_FR	1102	Picture	500+	29217102	0	1	5167	1	0	5000	other	0
SEE_16_64_FR	1103	Picture	low_O192	29222269	0	1	30166	1	0	30000	other	0
SEE_16_64_FR	1104	Picture	+	29252602	0	1	20166	1	0	35930	other	0
SEE_16_64_FR	1105	Picture	low_L072	29272768	0	1	30166	1	0	30000	other	0
SEE_16_64_FR	1106	Picture	+	29303100	0	1	20166	1	0	33920	other	0
SEE_16_64_FR	1107	Picture	hi_F367	29323266	0	1	30166	1	0	30000	other	0
SEE_16_64_FR	1108	Picture	+	29353599	0	1	84165	1	0	next	other	0
SEE_16_64_FR	1109	Sound	low087a	29373600	0	1			0		other	0
SEE_16_64_FR	1110	Picture	500+	29437764	0	1	5167	1	0	5000	other	0
SEE_16_64_FR	1111	Picture	low_A193	29442930	0	1	30166	1	0	30000	other	0
SEE_16_64_FR	1112	Picture	+	29473263	0	1	61332	1	0	next	other	0
SEE_16_64_FR	1113	Sound	low087b	29473263	0	1			0		other	0
SEE_16_64_FR	1114	Picture	500+	29534595	0	1	5167	1	0	5000	other	0
SEE_16_64_FR	1115	Picture	hi_O022	29539761	0	1	30166	1	0	30000	other	0
SEE_16_64_FR	1116	Picture	+	29570094	0	1	20166	1	0	36600	other	0
SEE_16_64_FR	1117	Picture	low_O214	29590260	0	1	30166	1	0	30000	other	0
SEE_16_64_FR	1118	Picture	+	29620592	0	1	20166	1	0	37060	other	0
SEE_16_64_FR	1119	Picture	hi_P001	29640759	0	1	30166	1	0	30000	other	0
SEE_16_64_FR	1120	Picture	+	29671091	0	1	84665	1	0	next	other	0
SEE_16_64_FR	1121	Sound	hi014a	29691092	0	1			0		other	0
SEE_16_64_FR	1122	Picture	500+	29755756	0	1	5167	1	0	5000	other	0
SEE_16_64_FR	1123	Picture	low_L041	29760922	0	1	30166	1	0	30000	other	0
SEE_16_64_FR	1124	Picture	+	29791088	0	1	67165	1	0	next	other	0
SEE_16_64_FR	1125	Sound	hi014b	29791089	0	1			0		other	0
SEE_16_64_FR	1126	Picture	500+	29858253	0	1	5167	1	0	5000	other	0
SEE_16_64_FR	1127	Picture	hi_P237	29863586	0	1	30166	1	0	30000	other	0
SEE_16_64_FR	1128	Picture	+	29893919	0	1	20166	1	0	38440	other	0
SEE_16_64_FR	1129	Picture	low_P045	29914085	0	1	30166	1	0	30000	other	0
SEE_16_64_FR	1130	Picture	+	29944418	0	1	20166	1	0	40910	other	0
SEE_16_64_FR	1131	Picture	hi_A058	29964584	0	1	30166	1	0	30000	other	0
SEE_16_64_FR	1132	Picture	+	29994916	0	1	87664	1	0	next	other	0
SEE_16_64_FR	1133	Sound	low038a	30014917	0	1			0		other	0
SEE_16_64_FR	1134	Picture	500+	30082581	0	1	5167	1	0	5000	other	0
SEE_16_64_FR	1135	Picture	hi_P028	30087747	0	1	30166	1	0	30000	other	0
SEE_16_64_FR	1136	Picture	+	30117913	0	1	62332	1	0	next	other	0
SEE_16_64_FR	1137	Sound	low038b	30117914	0	1			0		other	0
SEE_16_64_FR	1138	Picture	500+	30180245	0	1	5167	1	0	5000	other	0
SEE_16_64_FR	1139	Picture	low_F099	30185412	0	1	30166	1	0	30000	other	0
SEE_16_64_FR	1140	Picture	+	30215744	0	1	20166	1	0	39670	other	0
SEE_16_64_FR	1141	Picture	low_A140	30235910	0	1	30166	1	0	30000	other	0
SEE_16_64_FR	1142	Picture	+	30266243	0	1	20166	1	0	35650	other	0
SEE_16_64_FR	1143	Picture	hi_P132	30286409	0	1	30166	1	0	30000	other	0
SEE_16_64_FR	1144	Picture	+	30316742	0	1	80498	1	0	next	other	0
SEE_16_64_FR	1145	Sound	low049a	30336742	0	1			0		other	0
SEE_16_64_FR	1146	Picture	500+	30397240	0	1	5167	1	0	5000	other	0
SEE_16_64_FR	1147	Picture	hi_P215	30402406	0	1	30166	1	0	30000	other	0
SEE_16_64_FR	1148	Picture	+	30432572	0	1	68998	1	0	next	other	0
SEE_16_64_FR	1149	Sound	low049b	30432573	0	1			0		other	0
SEE_16_64_FR	1150	Picture	500+	30501570	0	1	5167	1	0	5000	other	0
SEE_16_64_FR	1151	Picture	low_A201	30506737	0	1	30166	1	0	30000	other	0
SEE_16_64_FR	1152	Picture	+	30537070	0	1	20166	1	0	33430	other	0
SEE_16_64_FR	1153	Picture	low_P113	30557236	0	1	30166	1	0	30000	other	0
SEE_16_64_FR	1154	Picture	+	30587568	0	1	20166	1	0	34830	other	0
SEE_16_64_FR	1155	Picture	hi_A011	30607734	0	1	30166	1	0	30000	other	0
SEE_16_64_FR	1156	Picture	+	30638067	0	1	78498	1	0	next	other	0
SEE_16_64_FR	1157	Sound	low085a	30658068	0	1			0		other	0
SEE_16_64_FR	1158	Picture	500+	30716565	0	1	5167	1	0	5000	other	0
SEE_16_64_FR	1159	Picture	low_A108	30721898	0	1	30166	1	0	30000	other	0
SEE_16_64_FR	1160	Picture	+	30752231	0	1	57332	1	0	next	other	0
SEE_16_64_FR	1161	Sound	low085b	30752231	0	1			0		other	0
SEE_16_64_FR	1162	Picture	500+	30809563	0	1	5167	1	0	5000	other	0
SEE_16_64_FR	1163	Picture	hi_P221	30814729	0	1	30166	1	0	30000	other	0
SEE_16_64_FR	1164	Picture	+	30845062	0	1	20166	1	0	39280	other	0
SEE_16_64_FR	1165	Picture	low_L018	30865228	0	1	30166	1	0	30000	other	0
SEE_16_64_FR	1166	Picture	+	30895561	0	1	20166	1	0	44990	other	0
SEE_16_64_FR	1167	Picture	hi_P202	30915727	0	1	30166	1	0	30000	other	0
SEE_16_64_FR	1168	Picture	+	30946059	0	1	86998	1	0	next	other	0
SEE_16_64_FR	1169	Sound	hi007a	30966060	0	1			0		other	0
SEE_16_64_FR	1170	Picture	500+	31033057	0	1	5167	1	0	5000	other	0
SEE_16_64_FR	1171	Picture	hi_F368	31038224	0	1	30166	1	0	30000	other	0
SEE_16_64_FR	1172	Picture	+	31068390	0	1	69165	1	0	next	other	0
SEE_16_64_FR	1173	Sound	hi007b	31068390	0	1			0		other	0
SEE_16_64_FR	1174	Picture	500+	31137555	0	1	5167	1	0	5000	other	0
SEE_16_64_FR	1175	Picture	low_O043	31142721	0	1	30166	1	0	30000	other	0
SEE_16_64_FR	1176	Picture	+	31173054	0	1	20166	1	0	31790	other	0
SEE_16_64_FR	1177	Picture	hi_P016	31193220	0	1	30166	1	0	30000	other	0
SEE_16_64_FR	1178	Picture	+	31223552	0	1	20166	1	0	39810	other	0
SEE_16_64_FR	1179	Picture	low_P116	31243719	0	1	30166	1	0	30000	other	0
SEE_16_64_FR	1180	Picture	+	31274051	0	1	86331	1	0	next	other	0
SEE_16_64_FR	1181	Sound	hi128a	31294052	0	1			0		other	0
SEE_16_64_FR	1182	Picture	500+	31360382	0	1	5167	1	0	5000	other	0
SEE_16_64_FR	1183	Picture	hi_P228	31365549	0	1	30166	1	0	30000	other	0
SEE_16_64_FR	1184	Picture	+	31395881	0	1	68498	1	0	next	other	0
SEE_16_64_FR	1185	Sound	hi128b	31395882	0	1			0		other	0
SEE_16_64_FR	1186	Picture	500+	31464380	0	1	5167	1	0	5000	other	0
SEE_16_64_FR	1187	Picture	low_P107	31469546	0	1	30166	1	0	30000	other	0
SEE_16_64_FR	1188	Picture	+	31499879	0	1	20166	1	0	33230	other	0
SEE_16_64_FR	1189	Picture	low_L179	31520045	0	1	30166	1	0	30000	other	0
SEE_16_64_FR	1190	Picture	+	31550378	0	1	20166	1	0	33230	other	0
SEE_16_64_FR	1191	Picture	hi_A016	31570544	0	1	30166	1	0	30000	other	0
SEE_16_64_FR	1192	Picture	+	31600876	0	1	88998	1	0	next	other	0
SEE_16_64_FR	1193	Sound	hi326a	31620877	0	1			0		other	0
SEE_16_64_FR	1194	Picture	500+	31689874	0	1	5167	1	0	5000	other	0
SEE_16_64_FR	1195	Picture	low_L169	31695207	0	1	30166	1	0	30000	other	0
SEE_16_64_FR	1196	Picture	+	31725373	0	1	64498	1	0	next	other	0
SEE_16_64_FR	1197	Sound	hi326b	31725374	0	1			0		other	0
SEE_16_64_FR	1198	Picture	500+	31789872	0	1	5167	1	0	5000	other	0
SEE_16_64_FR	1199	Picture	hi_A034	31795205	0	1	30166	1	0	30000	other	0
SEE_16_64_FR	1200	Picture	+	31825537	0	1	20166	1	0	39470	other	0
SEE_16_64_FR	1201	Picture	low_L157	31845704	0	1	30166	1	0	30000	other	0
SEE_16_64_FR	1202	Picture	+	31876036	0	1	20166	1	0	30710	other	0
SEE_16_64_FR	1203	Picture	hi_A045	31896202	0	1	30166	1	0	30000	other	0
SEE_16_64_FR	1204	Picture	+	31926535	0	1	20166	1	0	next	other	0
